24689.716361270738583697225257469567180542055060917189558885627694263314606677320500650104077410135134092157619230028347849491
19232.816538406432789626675853115140817058580401831956975570187570669136939710261430329053618234315485854292725585076611050574
23759.014226183711766004442182512785728099495096864399153560404332920528172770216745830746192624914345149206523197033178105404
27637.88922837632331188997377012224273624360652940808968095899696889907808363663283690072831540662646643426866710066294065114
27484.974313249776075367176784164349282921336281103629624512124280261797179450183937962139531595580944025370268792914041328951
30054.431503523735759027471311519419201682521148325223479183393525492808306210987774559583732699369888904434592744262433221811
8681.363775352349557824850496436006814856615514790005105995630773497700239580852524212313755993212109015808225091518430424883
18626.562162675108093936208051334712531848362741379429875109770326411744593256919709797185235855037820740761790428909212183385
24565.819444911663683055132800091876112215905516867664432793614598135241058456941672982425033820837361260321064644108016219907
31520.673882390268465832155880628786732262669030153032005665261537151251361676959340140305712138808503225387360515089316314279
14050.640839477749599915303739256756017396338899265159863185752634912181324686612409591908334670152133954578486019661950915856
13226.683257718089016777169058202994004563193225524085953057832053154188789188365668680650623788863377914772290077925638683637
9972.873658078698431857433170583899366783705417815436415313997275801611668892128478416663825656541290703568969453594868948432
14908.220450476307603157730709139538438975646940161950515907152379436564186126738633048862277626120786514605667784494323222011
23009.429958171497474087284570711086391469310341179080191787541250311239422230756975428453331074567336912710200864210897881139
26636.085354270811091273218431526344037331834937637283983559275756603203474884248277462391689876043430912673121069910616472431
30486.7671457634221882731080006491173539793456975067875225928522868401961534213785044488385417410965133050071076138063958084
30618.744944886294277614569792888302324174361309989593393630200590435037100564211748284058935087985038477069211889471593139684
24901.041705117478879885804333919145507448782149258765735042241691037138856976338867478108425109923086354964002230108535693953
31544.848327421071941691423723990191659346537214053814474537113775862787387434650909562407197159255215711827013340647886206315
30955.904493327278644942757038770471580233704696903328235002250551760945103010048205405486397862345135669274727653605402990673
29597.585509632369334775930641343502418692594386185412184015040359987941604638664599316922639972945640975491922772501814909628
14881.483024215026130582298467673432744549674923608392573664290433778669392956126998066667901713742029399141012395867209201976
16142.340908306948527242247937092811860469923282432251185759813079447423385654215575039000765950811929321890187204735985467141
29492.216413826886198502483829151299923184595106900178086477859493660487861430110506676968969911021635763706094515020247010651
11732.56813319232337966440905038443638976063249011044970777538010994916108280365590106823719746033720270593302677473800266997
19741.331034152687041050929338959767119289006814479580754047556297635348019617518733163410655776286388064867585891006193053982
29782.074340112711497583134703140234103316874286342321914878665252797734045746557521114786209729736899665011691604657516753853
29246.498799001565274524469371680219749766129212860248815139874095379803797760854855570512052233902110655345706751598121487032
10358.91509763450083659843943058991366041662141960264813975660654256491974667393147231852312300912147886109874333478722913088
31612.165000202058289901358740337495683520758117966659722122484670323906751360054033472612842640107785119087722323848676256768
13829.942118461667661615402827755297114053190268080224330794912751944507125172195125533331391859047954332185982922821878781425
31611.039226827073740750479891030220443453928005049122438856308394320702514386596436720997282690766708266569450319151771970644
30449.458303884487987507330353310608000290625383621679733383763112118273432908135119340309192556042351979849141853080772797472
30368.470294040165894764880163194724670255065339166633882299299999715236254956972722468953028290665993051234457891855020871025
6528.195079805749799986236537204906328350602197201697928284734304474666092191196533485709618220122000256045019764196696294561
30765.211684628467707955281110492511758463611177747030164421062080994697199317761460465882738490805869352833330395525047836462
16142.691070574323544298309874874679965451837322167872572633844202998721206603496879533332776781304439583033847539542544907807
26275.308751753993423520161434263793828902877299899613257859160832519084202945720750513465258369257684458299536714704295634826
10229.892814687747254999098356791502800015714117284214679398341966512054219223251036858438940504208194777420960278111231952315
26767.112152789288150612464774479844214799368693489213144686664586088435896741198882812493699010682494211832923632698209708005
29527.586423546371528787879320679721164197038978451501845982750881325937311612864178089522451238655998533063496066644387425361
12046.156980547779662078583399044044044180283856392443701234493445630800396188453803887169016233880249282397820346503961776365
12672.700619836325952753913112099466834766385022136679320366933592328788905025764455578626934649951049251336273519117196224197
21617.717548344459762294821603896362347755749337166993387532064423575207653910814908806194560647284410216930617200482649402548
23458.412670084904958319858714209683631047357562304521458295494737190665210153512138605487027101203835373057749878657449253297
13711.342275649018309718286688808168421796220196963839350572270644841280957720281746101155459838289429296684443313882395026124
28841.707803110411512981303766968912929419853887316379847052537935717218596127286180854257655472279571965206955211472360923892
10256.086973110163714335530915941063536267831544056723499476165686366879363425519055444691777477576094018366816750210056807693
12670.901901601164239044273284114281292023273098198517914761034838470687205167064768409280885555161584421437816540671954912764
15858.148693968032030233622491246802530880860544395078444891106954747547165648896770633718145701354876840995229771106555901594
23284.288951995076974339378911256399547929230573694611066961316266055114666290993618570357820823094710047970690672151730906133
16772.561313049357876835252914004187906580414532698990447642883838007318831931875836080790994659770114684776621627496462561306
31223.225602105878516208864654825572386814168846193376554699722616444438549116178136279377578740509813832727361149188198605761
21363.541841183544722530878379148232709627996702730660065397501018555722132786314626717728947105072782956626457207711647589939
27144.005139256807914077923460108488485235503801957779715985285837749643901462293712179839026522762301705019957338086071855281
13738.835904107742126213417201690707815512904381693026863016497873637942981743493516158931531347586974398724529779977662620634
24506.369559769558000576134633401438251101944480574385391172610944445685807254678403587793998110841088948250427050986423062115
23580.158756887113036348147444608773066369802441344676318358224070765716704815511019655412673996595587373685443369594311043388
19691.541001150722536105118376588703863608547382074721930749963800106656122783379940949591520730139635887580560985635651288165
26731.806336272900658499023274358028019268449465688351888326007494616703982180592800864778809355608804059969013436939829422314
18377.831128835633089709543154840727258911937044834632955332036969208921573980569103396495978318773751452360620410430118141092
18350.832351694568298345563553749163348158032824126802369759746755181178491400113096803425445439927124018458280978280064286827
5672.043547082479866668872479973070719666151083272130835147326482081047084016375832628554287011531848565175443180947614575929
20962.536392335732806199420800577171447709206938533437260900980761836976271171379376800757312611016681048214186618885258665022
22710.421066109716672128300957761226982170467655079910832204759531645984768892059066272305780593141600111431748400970444717119
28552.627287169214194088733396573035658517615230518768642090463088534784198813218427459556794149995450997631651161036552545654
18455.898542200539524507963235722205781855438405988500798034131494185082216262706199762156073789025963822654247753759588082738
23484.051716005055672395709146806084032056985771930689054030784413934960460148060811148298010464493656290470138520201747977469
28805.327719017535940726918491942029170311353708713815912970095944563166309295941781722110350480479665902915746466407588842646
19316.917818327022121099471163373968515201670877854538868395244583570239743340651389323325530328579792056794776467347096709863
9529.144610089617062700445721437789387279427885080336174716033590638287178163965872332661439894876554789434479140819580937819
31342.396717545389400488305841416917037040958694146105753836771859277580762708775762051550521873624616303967277365637350949562
23764.517415676675171073363677493655387173116756298409498896743412951444429984251984071933740149667632416098699942084070940451
21921.009625471177188645981265037186200853668481205269466869858282345032619839996101979950415260544486796595797145557773336105
23583.727928383163062070353487073709732819810587856517276884031743382220500705321017809175247614263769140235681644581896301851
27640.961813945621092778320983328741992119884320679533426724581074618814058918357307311827785228572408006171549681306030145639
18396.264838276274391715834039583912134256298294524331092292447177975906849700406905987519255039436162067621260093995023868553
13546.440012047445670407097835984556568996623426667074035179793882763302827684615926422269899419430073452968734102358679143693
30805.136649591411932591330605104964672095173858295892959894597646929049308352373152418799360748986077524376482385494421227523
23425.683042336246892089383244280477075956751439630156449166723585265245176483858849677640724672836948573310001666729944399463
18244.05462061545133654125235381337578277793689945470099029852286743044507165916719437144954814843581012771683126876746337217
15299.514371377935994516840745809073841541175030359628509748834074956912270318587763187131549669670016309481022133930431356395
5437.547149220869054845157064091124352734441137794650364006713914070209726942240398069588504676655261003411797482028568560918
28183.362521175502915090384908702760555621728964030621097976397164676733574162828503929223917007414823080138246739580768467783
30305.52215356138687231489465601738744877382491210451469083511320094314483036188150091232023849874702876827586773106480768766
26684.042872098673046682816460396562555851098755699465124240222118834847798314208078454879702502274129764895425670188846631772
30361.091152987239104729547945301277633471583918678971696127119540525388963388612602236279937209963340180312197750272161266516
5286.229752857891060432291907734542756391106015885086159939732110252879458275685942873667638685271933692915282589445331226559
19015.12421731711959315304837705016936605630735897265847404526531429461220177647672893337734843983773192112962896407239089472
17938.139702878891337648351146078243761113709182878364977349665847115535880601280658441741196010712515002078393879704374956552
20885.702334372191276961571620695916087983516934497387020206743438380566695456573714185086363634929046577579230361051722182361
1490.591157896758758309145037211515000515029016654443175063299574517408121195641460108084846400357246272369494036268076727301
26592.932068502713339532817688583428038562235587403541828118824787247911217984855116560325229694189972824080296223397076525684
20566.214357533084897640693702215976837931214367609124180922998786185995413626568462526922058616348860678101490937445081548296
29421.398998008235434284292088128768408650065184387836214589323017219260300207912455818940144578761542691018320233969701363801
29669.632471603014449093887691760750343835312480310552198209708146857894398411184319491828524726833080016121908152394630678025
18344.359787138934110815711982329859202918280195534358610541516732563088655282198418103437219609945048850552897643163920156078
30689.768702289041526643377551576368763226896454379213706221249406205862434952541807112182952396621018853667487064083593609757
31614.986873316901631991697290299883890458003624874988168803291846640385514136344174744109210096977343740504295453574601935253
