7980.522100714965127374863410668197093196909763845218082104394970896681284000115924140749077972461886725609744876392029577635
27945.67759064002369927131134672857767725177921665719220311371218804461685944964560467917891515949447053372440261713222037514
2076.452744465907656548848013554687638176206038278945026176766020705730325587118112302445441621112089971099403265847302494163
27886.399624189566576655970834498268035245923928339240736048497901830842738596154114754319037470266175951633011570673541359963
22445.469943843902507866681215720098189989072627649060830356416968596139235383951128729374574324057623160900176860630144950607
17636.125594925887803108336487843884945446460782534651043303031949694440058178613719612437943834308719326455772721815922101786
19915.977756565204599530597702297148937315877347337583382176839490579441101344521505294199953844333479614789917149868332901738
20628.13854907902251071393449759984123974041572335391588040294546900522036555497683330886412203598532912813105723051130170619
23380.871647566948653389495449900320770310310185257317006855337055215100974784736167686475635966303025819626355417347584251055
20586.466573941240584747580183041060655146950025746519316263522992385102925640588641115541920155768771595967713562385292700282
18835.923046137133759555209703631485465225424745021890060234403010717597514584787538726548668640430145969031577164914401778288
21575.735931828605878211084513912380562542543585457895673407480319032896842914982685880334489428030121769236852753731753131854
18711.602844224756578420179632593554358017278361800816687247787165790125369799203809351043613825253932004743176758476016362781
29757.271044233878134244299909168821516316104342769415940686293933303453611907093915595489996259695479518390104649955617713698
30550.12995062377799312128459563717146525081388894843447220504295728632419788396512100297705768485302015054829683120810465491
22777.543546221133281198800875995617601771114798331058342046217127601271659465583960840395828468958784148905342996582938270402
22347.20588798519124611556853753206872356336050101749047887349294747749851227850227434982001270362446237447484420643044688165
31137.113867537562769203702097717707641505700545909637342589701239580786708406332649370928116087522234447470033966545659313665
28710.237268263736869092503155412816560040228398334773936127162942482678230417248533506288725852581950650195117094728096763089
31108.287079169113261238902441480087877921563509052170692365635111444340912426442515250930309468463082426736550848971137587371
9233.675324593127581342289335635462394756588703436273686473218487939286771796611740417673470764692736701018829446065793920518
25460.209366774657377642711132355574322787137765595791064933305246156079144343887522028429897028621678145794350188110356655093
21675.205074001030083079895822048840295838242955543956025668267784709566443100456145546957828098227429476561679195562446645949
30618.521698475254767079025111370493795503730411237876004456771492136572363786126204209955161930889415708914712952745462754864
29312.478895514790630346225970509269944992799125488276062838928479826319171916203422182660887430716667002410042010632310665889
29028.17798278080008506732930826011033853269172185995807386331009628832776675269490985139196537079081016088252733484556129161
15539.930598300624328306592383573983904781345755499847278499532939625731720596647606373354415752647183450030136027868011232707
26673.533924097871587598158205569255714137031949340424951140873163061177234135204614984200831763838256679437866648950296591343
22273.40205267260019878411902005466397754172078818075239672453157626016014595737465071419599764404237669101695670079403776763
30458.792901229687437785623290497376027815343044662959964531933747795753898294388257482757884364732646981534963019234250600151
27879.676181763661223358037924836887920089095403457838412737773124571743405346532975268897637460477728065643425777843132271588
17014.902321200671529878003668649342388455729876239894555540488731851968487057282425485869309830053882475761548198054516234422
15417.604937213821344427223613216758046233377592439899864411922032519203992819664440469497030540354747569957833956921412442008
19057.089546937643541970499186848943841601991983860982720388597072655138378167793537719371582623268564521537584651456751181978
30216.713653208550071587702364815482672946854964587197700803662109277858785293566793760617642043747903366016373498611803536086
28766.398731853801515052618126989102915211164991511841743615839637312673214198420786081411858825322914395864550962200464319882
30977.705047340095041884403661041896124673445094053202766702130199786670378644951416244537527235913454097007434788598754925169
28744.480478867590763267078002179324150795426290103326024361835338155379675360277178871704217710369596927971060097085930557936
28559.344215160123315614695750880646692256818378391350341464045383438014020267878788325623290150619464672728516178167396751814
19439.027033264807927203675203657249141447679329539738867894495399767869946385056547692354882720557656701713606865739972224199
24486.864029515906959927805298646763068073744410068985233811025499868702657848652295567017467008992334675975142925175396681581
12351.974457551310853099186276242112838181863168498480460274599892383101161129108088342961298928755142818077534397081889457519
24587.910281274413337382160616975833199122801833965649637835752289759190310949752028300941040093186347117475239390463890264348
29330.03496417963699526614261130431688661414251490985503084307430368020069067719058899359416275178196592504513191368203815369
31292.603886541624773815517095258790026968428945173747551998840029271642492443601943123620894985000728087280923899492417900135
28514.16419956930808443290272688170085577288644713075117531924229947552939887167323326511795799556798488847838739339641845206
23497.958230450576745701300461377005895209638360878422132851283114141665536029174401079396507444954518854701385929500158322376
7893.302034003259905916327271571717528834896116412328001172753835556343791325850108632362633465551601669597259637898790429339
12301.972971844800797696627926212143403999751710024579033031245081663904266546362149741263144165834692856642400819793872318578
21850.467843961602462062105346953144806560129414539290354794928103309688494176586380083706426464141637474049932716723334966835
24948.346879102029993884581780115867055091686906087112790330810806857199936492267558441010656858638307296341655896489125261092
25643.642155512933299718651050370651541528085126483669863289274662089851966841297517318562097350241670481980565547823595962759
25740.276144594874955737112852534065028958580109289045776906528027715125058448769391345567801681964844892129615377117695839207
7673.813067830099286956668785231045689477128625736165004094435184752501438389346929016543991371601988394342140857851778637412
6460.424057289118850245499472050579082433596732931023258552368713554043250254570125034571488901909230442014291884698171624656
29534.125109777672234218259028099622269938400140509385063989954315949404199175045846013438211190256673879111200561625204019354
28117.75247063676673905214388068828637250728152949465743570002451957204356066502716164211780026136197786904978435570319906959
29550.510012519242474043063349433158992812738761095882913572337229524368679981186138702738732586159172195170927645697641479887
14746.232128920255132957619833090733828548256995149079476928820776008004092591086111127667993257364284199149068961488292915363
25067.20225713272534131973641384920109454760649697733126206242870984799865819696914664977248584127608515747168335473667130498
21636.236664447909481782681268792049711436851961611781780278114549439473480074096024085523704921181723957698942515317882295653
9880.196101292726872006561551667589423031519507432047407134081973746711253343463326457408885944664273721416832253884511829712
25056.298349915934859148756365524631865038891967398909044435096345444879265149788373623360747908083878081576197527029018124539
30109.717069411329823891524654299257695122168072027801131524845260820186850373351519950900836768153188722850612163421309593918
26036.969965800552038704921485539021972976850237750747846402261300593883078678598737075361361248131097644080917299768719859516
30537.619668205968407372948505987075271532891463008389254179522677274461703189501753640482616873231738914396802409553559692543
16014.972650616672220780212052754208150399366428010706666882914599832423203182324428403228425384328131895106418511442688375885
18564.598110382028951443163072067689305656498615112971787090136303392242959448902078224369692917497608439841635098238975503744
29664.676131722726090942699511878764708610754212021689631114651728882111502417812065917169810568834487286218989678671789757108
25834.880704195248905918111838182261968149009629992002110555525173574570127216222881801015336930415673899288646789483664227844
29871.546879932415043381834939537602559315363031789821272853211240290008505545199788298954652050132243413839873064226185905351
25317.558413085571470998716433836378324549330471398989803616984646795439116864134519027371877296225310185165948264132843990901
22543.570968238372682641960986421707059685258429600571934302851913024434984287975621474370535923333805637780845381556208302976
17099.749939692100655359209246821587484527261717187723707624469391882637168113367058026481701394294376030132055109986227529349
23109.624661599331133347843389982265137855017223598245884215829548265456678952230779096960963981402529719805970826773547119279
30696.525145364580825828634370358438676130748981616521034135795912266009967484026275088299279088306491995134296695590678028478
29243.540739794146890298168875176126943245647318627669421177704243439394945516831065640746324015971864276042121898305848649048
20214.383616623090098173284778963363824987716879418726754601453243817560561831753909221285856991186196484223209979941475571009
22371.89464484400793639120202633358746372963885143881425035629357049100868683041638289481007039596394021265806499185999645545
2312.825112281514466693655824730206955947608628842945405069311078501494285426665502484422712116546976122158348883842724197493
26342.718747312320648239399733600384727519569275103258843716840841073590804919582152863852513777752507674454467237242689142488
3021.322227105212291709150818370044141929690086134264048858702746128440616163302989835287411431419129858368694187278529179114
20137.200748862787259512888035912185871639298042042783451792897464892730869649213548214034797341512737808374267035374273674174
25330.592827646178087780259867008296267655658763260460992780298750269734727231416700194511316966880439663959889628912250713776
9327.711777279570295245511017573990901397997961477292928032192198125052137255985194698158409406163323534059834834086329986885
25309.016377567896307041010173519340140786858862753038218718679175698233864172821262144375965412245955339263938071569426649259
9303.305272858673640611815859315083329546044607925518732826312212478225865497901731966101957058104027099391079009267013647504
16303.200544678336256854789626104848117912905973500737905561544988029762594140916846179117385229614200199947624033581694131865
12349.578778241790704901624995934868447468795700757451137842361667855395556682320903297256623647195992904885560017432900350849
13445.018928956552421117015755295899697633338819302696547532603735058727024896602390582190513905136208626262024203807353759457
25691.066638035875835401714100766527876639227592470092781049376486347953471332479518650964825748854772229135062216552317691691
23108.829351570364651499188877374306091025524893209374855986813702862189988657732926278285480895363505914268788830888163335088
22554.267888805435575115291756756726769489953641039680312502140828000182587358560059813445811626343630743814975203497520078689
31158.657496753610934448330420446814141360012708509547147683392447494882823977159094658205281703875847860115599306016836204185
15617.074149788749722365740746649379531334217674034802503778482179730990315892117738576856662821283919380371484765239846423369
18171.218863906735741796503128017735141688652085478333483443438952850844206527989318110103769201207935431977749369837094701793
12876.18678025447097467217870394426630803186693179218156632418575121895789083193864487418155735409162550215995546155370075222
8260.057324256291140476249487304005019500883337926303785925993672322315117500485235438968541938733603075619360942464873529643
20402.093495521482880664743655150414766983670898552926154619037109602136781884235544795460911405908102627715410048776053099217
24235.826662195783248665522018651042091091166371627467640582704319867461182848306021847833079272121450234528566992113265265982
