21078.455730911598259175910431220841851332515481384593386021459337504579136312579149676102654692966239205523795073707308360992
25737.1558451978139316613535012077531554235645136751175450759318167274685122524238775877383951332621278257936756907146439161
26767.019482938327326822833703867543571004778795368173991221838892620174943982982810986234698968395159167640649959160243797833
17669.523790979767092496159921819308442387233203636969089661111185595809043428497197097548271808145278957181766342036129279159
19356.342113116310592277721637470522982375850376426471098852300753801077447048750827554417931063226183355659681591706702068099
26413.9518247459518607063912812092337338414877062729508344143017517722710018970590688028825683276647687332108433518398401777
1999.23010181419587387882298570861198085389632922773954562475632423269622077245171577216264370060032812017759461014943959778
31239.14539484074938832004881167267862441079852061971527403761566213939435704355388972518215848986958920830486914632110002934
23922.420404298558351175920227986958921362378526136774341060359768287750963030478680808662904086751667277368154424436789583665
21886.820577690127352308758414271422088110238661726955352141370644475544102330183141387323197374254507035424381118260844388876
17142.36672691376066747100581899495357722073310339010148109063601636466545452223572874376998057456551851825713310520803994035
21503.3944064652267169084905846067879438026332558742873256027887566120022798116712196923866563930443947845499953952565061669
28470.711336389191103135993143582757667349184425874925865451981784105325684253102400166406613582446856436759765451754417013145
23280.913083468182562966119491004468769144311075076215600150597183031886715876594975033275137386707032500938344386950377889297
29395.440666878936924782950792220879059188433921728140861819554466243731663543122910505996966297634989146791712181848762091535
31436.111321217832842286119044832440056025366309806924140942793258641753246796502574283035830523926955498082133428648241222753
25148.73631020055846495850781581743593764963578511651400862950431489797488298798226597182691466214978373818965214559078147033
24464.423680111493687146354415117096901999824936086441586815415662631440205212615104929821547141710940532905968543472873519761
30944.472559731891478067708868721905308271217462811805973325281148537860627746842439583054769915390797974799726554534987490067
29810.474602058921262457204274684738366281152261707419877597025951946030278085688193466119923648849361311262029704984748548414
26243.872332413141808905011286688321006436286683441861353486479639423134789448523823490824672901377198861509638496819952075399
13272.912227540721592413933626756942006731163927660664145008055823646775637395757452982459762367279116068141475791392006771215
22019.596022634021066683082885647547729676604172071412092116486420763672276859194957472645445357262864695891226066568033840864
26257.819730510756935944184870683185770977594495983172772089446576165386299418578505112543642572728703129484879895318812238231
14178.513885453580921072471917533374408399498485111145569872077260954066143738572560111386984652351497529637328795365807426739
21445.884663496630863344705981588200336873329889418064949728260616161692790052892667057891588524142848326005608530806508849257
29344.164326148393486814370073212884606977042646383337227849375588288908711450124606052860996890766602999949675166518520621816
30532.483619908813438347988623451754494517833463565359495381519651727890910488447244293585603799625164099001447751920055761611
15694.533347634137286866279895560053488714790253261666645887711714751291712690738487331041753438452784312856228140685579486265
22689.94462311444249770716822332366572907055184427862257346980383273967047788592348576720155798230804983450361866459354432851
7617.637757205313579533462077570614831081539251735410447370089902228932019045583310345086360634726002629694459195119349064496
27482.946948971829647601580545321558210007033085912873243189401235256772193028660978797683586354028555532989491260681300307081
25003.33297782517633765620758528388670043621453107679314942607687490014127191957702535770475514294181969287510360411915938501
22994.232885660699944340923717306864623025190701952852293214729483333966628566359985882876282026434657649876923794777753085911
27134.337637023683206278948962459620269676814454707775298941204268174679237407726677343756609770768669827595932508678000834898
14737.501789652139004078756849043839229141638003578992296831177823537052984084555779971785170366860768181356646412869158375194
30673.920306996952227704697066765513455565259911115118528122272127865896831955587824741824722584302629438975472182807734921747
22536.825530673125393351414523836567666589858737654875370330816823901546070712621592283311489408197358929172266952073030203679
23858.252408757855204920624701951026444613498982766182909019977401373853969191885934271690811954328957448825824054071121570322
13106.374861112435006256279486456546818920544352045614209451717251151414606164750901724010613235252849754529215158460976513533
14091.820180516071288660655845277048164461101714397490836461677926022695579424897794629765885134907268439121359258867289206297
18776.030091582192604419091729377430165659350065972918291211397201494862566900516191814465887052977040258011568560970310580973
30880.446483171191351083463114080166625038964340528913129598942775354099158835899663440675835510510078582980813389584909803362
29196.453175000555193721745615625791356662827436167913708051804394589509943917521152240157555429823247940200090587576838149573
25834.630750215881496582903457589250154906207509956606010560375872936216513234937929677904192762709264427697006153373223801313
20895.509062954173455089609077876275521966482504318630358384527446203114214744695286694096898051008324620343588026595242691725
19465.719534607499322137077714190880704772736044055846833844345969303837098498845032085948303062479549323846038087924258784706
6553.261172881788937743136866182710281876601888594030711280192997744256837624687516628276454472579238292326049619260387372454
24017.181912122829236952171547064346258005718726005136293390908768595751385320349545320636792550865888838574469134781945089084
22587.184353079513482841799994185542803452781210074716292131742816504460852053220047785533332510736901633862861462922252435747
17062.916896005794003018508472419422299772953495849998093441262446068233409164402262990707482323409801451926014261340271934829
9875.618157867384860263367689064544808307086209333805433583877494516204318861984661094580244859316641934623032730301677406654
20622.750713714211019675479471994287493439927210770647550930547206917820940009789175465806780866227668707588133825714242466224
16563.71824198902509211131628084708261085711622288604632292195480757986603447169516464562254229518015224048712314878134686936
2796.864136850411974262020333266516036846330708386010460954619373376442947404304640850255133298355965551746337279703183180426
21582.059007425589002996901916507861371809316045118011512779271930453028026630246174435277181502274580259237862084142951808136
16670.952192361418921879341694500720883160014338120563724295963292526111385264600764629845567233564944924925236644749129442154
22146.913690173626537937030580113395494989748926901593293601558683659572904315344063518796546800642918860236402028995836677473
29452.115781383177225817744302680775499512316938591538115828340408104540970882367999790194233417519803310916336019342445111733
24989.378663744322876773360442457508990166057383803977111855713645443669883127750727690987473207436047148606778812135114070698
23014.28567216458274056251821869513749599331999084654036645421844039086441400609818702357857620361314674236499320885773414914
24309.451248434218820499873054475534309766123159912165257104886658560706787198025513975608863236120144617640653582619241575871
30587.04060545903809945900590050308765081648657564825235580802442911662794185430508770120769009693671399354843579048590807908
14853.102773494836354915563505939456225591574843261309012946427177926234462569347170428596155204744012735322272901591932969563
12140.396657440810323303330527204092044006878052600076727429269932743001713564843741090961555935188554255847040049483957080982
19711.159352001596559970827165250250764457450393631003187920875209808846468289554699575527890760848116895817763555696230971193
30815.668303640601070247534171558312573741345959827789032070252954031237374932329780859827409042506624711486954717951197980219
8937.836818828144168256741227325814792904625416993546617516021896551918904776610642619704577282540360715087011832262250247456
16715.914452999572586679592760695191789949829591563838419517069414160328247226490432624882221214183614208262695547401615230808
10310.364639526576899019153922351366984127897336213331620796164653502426602891491412974626848717070335884286995953474152733893
27807.687749973027917432640053050832669783068272342657719032605385625086897465799083346259171776121586070154988545210884131548
20263.200462908123734554980964357443627021193087150314141712719346889565894563545999504459416740859081978398362849327778262372
19908.598443888509953412860396771584948064728558976054149328401995692579380276124862275166288336075660840864658879297699669872
28653.890032594178293725904953163550485049393017872259747362956620331397188893047010202240289500321142368687773074227835026268
24276.365934793452935832863534199397806436450963326086117334309143051453368884122429461120195464954867086265223559717536410161
21469.16847481522745898909014705303745203615734723210905555240413886907449462850597570106382375650710320125068039511903086572
29254.976380096429672796589373253911044713041825072586663911980800927121165630844844282509582442451670748336941724887000023724
10095.044774541616662853775441339074725831412868650815067024025331121814449403809691206103199155438376655816284625603652926702
14428.89132955127637307525023499638131891574425339894850832531407005526386664193105385530347602017159889635771243925356245162
16670.655476015332733159045128697190092358794762845020622509859949491977263910430819797077062743827416231245881171145305984535
19080.852156022801698186363749596043407865824128061401047049577362825511762043820121524204175943416080948298434288419508800155
29613.193292855129033803842067859787019587703669500077015960845317232385721264815078276062231362415532784937073425251153212777
24623.702930306806314689117919058384326158896890205137643811054471755497064186076690773246252624960016400488533545652389999359
25984.597033627440881018766998649002937467787964946597960625478326593561415185362815148863228126631120045350682888852169145895
27264.041960061607857061781834052537070299483395754586891239621900816291958163339686291318292569756601253822184523839948071346
11340.772019576092333783652865042031328388415787139132713360011373567666800218216707439353968161476507242531541068357204730535
6163.767516705995944924082510265037700264323333332780626799761799231229673511638893118983198323343779731193164207739915546524
19686.501085769405966139158000083727647660313984834108834055352605071192008284988107066481986159634264087983140731839972648346
4075.322686610227187740738179590379297780768544398099169765268556960870656058428965889843918382472671298890078787181489096651
29980.719237536647196091948942907987803108255262949241117581568770545474703771755694879288981176817058793537694134093285839758
30708.878830071279565825733521634656417735816299003702406746038449700885541994463715314984731254492169473091269487485214791448
19436.710987201512638537423364953121267391979246209448769213163451854977651111257988357630142236914151248902431721241344679494
23930.176806701617013441545684801434849495992331737523112958654837742211185096663412843120853904271343285441315383302125881854
7968.635830554687859270155741248015590361604990288415265177045419507413361811184083129652444366104298947185182431226121255322
9838.077911868760962907831478207504584707947560891958212924263097552904309695120811866310959497539329979329877873526141637204
20469.886931783477733572884155981259453862299710839373337540098410241942328503449413550884402140742429353667827784036538111443
15718.484946075432749789214637336054288036678157616846421111881080694670636105706650864528634027473367787403983025420561581455
30888.098403754155354314500590552245950695775714595035667472441448171494409337572812473187900386823248527102355843723026905097
24053.580668998119041770844892373727199394739455599092484329320449857431273291041562950136625259587212083347977217340407539125
24563.395713948020830960531953224428813728053504617293268249496454040473399730319759371690875210399286133239128717836855545172
