19907.000979554906326221567594998993625250371590597492803692884799094642302294290196876640899935920089976081087158485301679075
27891.943209464628479352790445733879265164493512322798200677389973193680400045616669288499635831056714792810363509845111889201
10782.284776428417075589604090111042502818863987144595138448110211000101409382129725122112769304218272386509006465825255971486
25967.961337001408898258326878049712526100593028164979757610515924722219009289833479742911134561369095858062769156233442018511
20945.840470126759752314296413745034558285729124065737547226075456570735323002408444358775608671124409197256377978072118014325
16500.816494949575676285267888120281526249206611921327337321964546671987462238677662689115880771935331827946952563766066334823
13583.825749765785331129749786759668904237108528234278718969381729428293097579020844726907442445604320806953398212160232179431
23566.964229615998634285119864823784027932282466376723150151689101108335160200993237785887809007249410708098081721397011883913
29229.243934799271506113278261087904672712660705513785145711749030753446180454404555036483616695783559797051239164157625886323
24021.567788135727757520453018814395236112346942494013252482484730722562168795823444702731548162470414304100553359334634060726
13195.343686316018044029752625112776821204469867432589356010250558915863235392267965822132219769490847293513239617991764777638
12560.451544431036098737494873997388217219749880679306479661099249601389779854120519682999492268703215822279225386217780461094
24109.339103343334906862339326849399053388238526304862799809653927875862319622252214594805598116343334665265853235192518537115
30211.266176709641508795139499170704303499828700363027533654607104228992385599850533960894372645103804659866024631216819880097
24785.959190638557976654044585926946582888440709402316479839084223477255206889696390014836818145928821651190389783277591172407
17820.487367072764769492140267577698614267815358413449721022561561017766409481943221130108382611638648652856729250201648673128
25193.892156631932364130912442553918104605675652749524282080736431508402025267329440715273428605195956211444735158392058601739
8145.02658068099861250153470277386035140666171058302413845623442611001526048553207146377868246993376996456437436242761665198
20951.911177742234787263509587008399827242148666722243343702086395157291103973465879846420848276468895951693912333447124145038
27904.67321077242072635982262093457004909471793971645979659775729959891967519905796509187249846116198200765299374003466216904
26743.008880827153477715104006731792420122753203940576495485562810365893376469268501630904309427803216651669748035837812952704
22097.309655249889718417342672854653925294051676370371387381983811554596781465146717471711431795148203802006278563565813567514
10172.145398095723248134741076956366505376375575173162023163844053856950616870187748252170206490779438594963671117167535374049
26342.460173643615096082426173629481704610838035989504126647975872207299800005929655016541000800760351869192219722527727694152
10405.231809046831610140335259891357200212248757661923672430855371552724883450858143858805562104230803672902748951082732308543
16729.526173804206102196139364179423632290895963260005172781227544594460905779060430253604338651485313852168644414442302939096
17351.471609059561262743972382336401962742487632751434237383268229021560692477782645144183274728105804896930260971158456005145
20034.333355517472770551596472917370371622484617393107255593537715662474484156860924325900082403728372175931780762665882051401
31359.060205943672380281867608964162742279608903088111143303944369024334040432888168085200675595318591362195532945507562489957
14534.418185809846857118764952751180893023524222600001553916939814345620748458125371635739219138610515503471590961776720377645
21258.384087225444614974539262250817139153101442975394354891114532917552918560478310158048036551842527587204234510501056266883
9206.780327562942348058648098597248952225186437725601379470182831048877788471467220976679961912302464438854480512143339596445
15673.06338913998012290500810036606108014065218265023674291884878279294520769010090777568630072336020789254496276969555572725
26138.111944055943996074823572369791288486029578470039091284060591491301759177655938333592285155780459428924976163496055986785
11836.958055176169289254483396981318869796325844018218237592702308415755296206590821071496309942669963448471901524558422597398
2076.666318887076282616602748024901786181417618419281753754263107973599673055858707357093848755188443446158758797279937718258
27649.299322044311074350595735662344318569402144973244737963239592748257280750730895671610864496751800527901795212101918789033
3159.180748232047580195331375279305679995644275745790237455090891298284722573023109550819577763215505460866094170975649661503
27724.778718684122258672953364691093017739857542573416725439582620414743797370672091986128545744201419079632898787808656775525
25063.023261370524451209436070415973313989240542181047443987692255320085090372848186938430946801593133497365087997205128434687
16991.486103340107784593475905185776021162530140351669783861506214301767921825720604140649832822378742546127153976168606555967
27342.491638473623203376613958703760079248608542124608601400276350172081137662541009975898608916771117248119503273135253994856
26041.329631952359279286698488839471812503526197776882640528788432970064113431598817976047944025143789629539849176555689527678
31051.937991049769581529716043106379474988090382211684061797997412637530402536473496959023898760479955005449285076582496562799
10758.968863232201026630393859298214753174172903582662929533755749528282650049411120239951110191445655096952558428803898337738
28348.781420018744784550948233193089019422897012065249215649467660126934112963438058646739423755692832136611494250078725054368
31396.663246275072916962360932193211734767608230784734572314413785183057435953134476745268769140253483000973215063289792105281
24989.869567486741886458023911461243925723342458450545448185401210121542551692708545491756416791343642508659607519163727080456
3899.665113827083485811610114468015875812254399457320916150920737321217807199761004787557666990128399574892443992921477524564
25321.892780753969537964206045734272350440000686299074917911062224581863390449474236610369937430993894079437465251907728343415
22003.915560645109874244214588554633901690846967553652744696412973856393590700340578031255375965251834478547059704595990538591
22279.525309126314507174674487255190269625938342726657000421786759643045618619252495716873263243564697333689504283500220264444
6235.774611064771317870504466536540609159800311292986836238401477796076702688150754126476153712311472274990278525255388515619
17361.913690604500871114357518062917605727311345340978390730713253994378177233691940063431886290218036087108937209704043689672
11256.321823757527944678157031626284156382994834962380673695951510329802706445827168770254621223897653653634419827324370020819
18592.139817675640532984044465627660687317834614159672464894897274955302456079026878921011860015645720887547843571204889138399
20306.155396824875081718289759402377144882040651147576570010110016581323965499771380829486346342166088710156739147199042918454
29755.462103620572069470422673922625131254836067108197434746165692165245688868119740106338979795130183482488194813028649920578
29773.397857819318772157848519452405668797420752427370495771381515141555905079913955489237117384411951407402158948011445862283
20244.801332687856238221119378173117719501486340544284440494646274173675933890290472587479476753198596340165193023075566064038
23519.693492900795028421635017724976433987695153623592272815677357396948167767464267378758857690710601473583416154079590166748
20413.870186713738383216408720243138193796641340688469103863138417803223824908473399466661850415644911818282178574794668332311
21516.091187759918024752107233102164109605103218726327757657928518448367280866320287756468258092004109348543637448254583101997
31575.554468607514857965706930137302109195298548931527626361066662126772189448389727588088590913506666291232203584521221518846
19029.325763147784212142560287795137335691400171106784933488850042007704123183592802956518456542926299334246417369315245176535
19007.862373239132857039621397849124357053404277085238554590564559112384993444464689218273314419381099210018463180820228266394
20460.742215276551399162513697786237810191156224371641689766435023381388079173447054479592232193936698510591834620443957936161
26199.750991183103227245601137556480331154166334542897828831735055175281924341290208827384779534344996427797526844561174758468
31451.927015685382325762882212187593403103880668927906130341551177164492297170927179039498972250393140514891623625929618151228
20608.712623548322941955056586634944597656969295447061519677477007936787086109986405992392483338180513002158205827118082289599
19846.337470677051852518498991063494918274505624141375956922579280774107673590112212685000192268074837303296333781193072173716
26190.606407641652771002758128720262625057892001452154493945260190285066319013825929634087765456362879022490316477780075407416
10642.984027048053406281678471513914259490714827395493170338331159818414401852346487524739368970303265809503924661810726099435
4836.93291249733998210069167713567862714667363844034451811485945842874740426714812298791343129073571824415524745002201756551
14185.457024713726155922637511433903552713613401866550932497149206293630099396191643392631441891103850739957057673412241636182
17783.867858258506527076928035714901494302109197061116336751977972264589569969401603247727795157142917409400461482862344740135
28522.394061508932178285091747332373264557838370591646536605176274105588571892098775899785152795677240265050329702528388913064
20810.635526095785237289125381329247396492261546324818585918038035489861344102164476766569406050003853545559162485339653682466
19005.564369415605438810194169383978527148778199904548159475545151399887820564450037993167224557788999655734958542094391243553
15087.623305212786230314580418939897119109077483390066508058507459450848127218118380694990037445652995445389051869322325598727
15877.58514384350577587982826432440718577522082937288481334275934759007203908442056992682524934645901816860083479675931668945
22950.377099298390395500467483884480694701016503760475217218614059937916207938822010758242138803348199907062041280975436542269
27344.781074274483940524172334179908355566084272383650004053594083011420552723724331370949329021542853203484589719663022768191
27959.558919982983165029123256772170387770721333469379047650077838217629341021562314348517023011744903920826456774937952107145
29897.883537133527338500418389161929035662085443717789030716577841322734513041239307881114414129606614692856960032201297505205
14698.540811930958475063464458536975681834687292169630767005317449385126072414062007152359354036825245799642737832939579469309
16353.572392599728238743602525022335085990031902665137475646203157860915968157630373872367667390005036361551637594663368272548
26620.260986699585699462131108219557873609639049349015599358107064941509523574464619422363523037476178754742888663075121600277
31420.603622464034387540651176977884679604010661694329798364711584495233749991936408147352913595763979723906093558131336133898
20544.497584511527791268724639909396678387215283624656628561198901743871130082935004224593382091148345426322866384780537378165
30616.055706116031301226600543492224822502275080205430597941885249540837045372252342262701050656842578867816970096721649734315
28332.487254034016418444284511867590220931426726148925236933442488282373653878778141958656030355873494159720524939623631678725
30048.351186046797799097012490001714725981760712938374105058712538229974823761814050991526342482147674339937682706851807346396
25507.485881599542698589184971360847181976950223121564300138026953722185617747250988601235643399750053833925493647377263980985
20936.959855719263426568829806909912173880378986944430328894689254376609858335343930709977097078364527605503734139882010145114
15809.733109701757391017432910547952684333716312494990278790607050393188344799334279071623537997656156340638823175327839019505
5408.000277366856792495077020296556467875812532532414636838249345065886914206070730661160886649065107522980835837874285359993
5608.581371434313067472064332774303444656230037073997873405223554767068001490898158171294749476884364092009038534888823728735
12076.932847374783676681130145382076665946979389140960634174083717862770351654854906749533284292545416622629739808088586704724
22607.779966197477126400501229660379835551297651749590588602014820813137122136312892219780722786317049705702607375001573739943
