20565.230001145136718594653740700353674860488671202148440005757748362634566419647642107285529216092124876649495981083845547548
10030.329555901939556171766533597842329412510627704850628381977138579235262875492641791847829563059694775911243925429210115285
9455.761788454698587410800433470407063386741051845699503703983709158985407062356741785378158025017062064105191686013929580103
24742.014752238751342895145441312235555092634795614823988527183106205463596808738012972684552763682915890866237796839896441134
24978.51913144572307753758108363638740088046648532014969018590523108727338462287050787807591856844465776073540391905066396591
29842.090928753635174625590062868785324475891248093307192038764448492271047066698764231451832279715933486704004302444132586045
28879.611718303970300005187937768013520111699382042863804779156967594656186523441835623408201202355275140567456702622806077862
8426.563059753365424879355936746236097143247074646516009524749549805363560600550711949070353807930503385710284548358890650419
21182.071121587709370260087648964241507687109501628865079447652500286983692617630096586712579629258673136232614496639797644223
12615.001823226186121532867250479267687614680204196521298998892619299953563437719351947592533679495709029885079411948850060588
29686.407495687314977088432608309952179996830062560189490311316448775427733095183083081816500259406933527968181114994735504225
16746.838179190721492937512467741737960633113791305680809671876685206896233003597705184249864055028852488880968139380651866067
25007.926303474264677194155937527714711791148944814834282793302300538014132975056363153741154873001561395344952710664868381418
16033.370356852610295159861137451648798919912904286113024044480909673252662014335170285102304347136833016435915753546990622563
23251.282867833335961116057914584373285785265598546923015681289972036069117806686814697900916099179711542045119738078045603929
26531.588663327343240759575136541627055508091200906924217513605383138988887862457005449744987913852708393367972925707174745113
8166.493800891542953182989691526475747221063722724821505393070219824968616531401728508290406083001366816768239047602879768435
27014.389924630909569298070540343032829147230495942688103681962087067937615380976420908449440566565786756012820675036757222679
27986.316460013096907573520457343745956170864675296554348574816298294052899404259490094605418389932058864658591822031036327624
8504.618157213173788876701295017115698074296663742018489259686617932820013291593244603605413662690154141784774344666001883061
13360.143337554429097690323993252015405906687196887771133449275497587751082285587498296176453113424834545195769911732863130459
17523.979884717968940561827701547609432333413725871430723652781349128437956871763136332639407958883660646582066485330489104382
16223.016334825037708530711042909265972104828581927464877883133822217405570619057420460638739717637674267791746107399388169845
23294.212757678676272093332081127979917296060849924296121151487109018991083159511912543029522207024596954813914069710512168924
23480.35704583727150952058651754086046949453462301153019865822830091082844730690264444352685316316181324374506243190963465681
17158.981933669608010553280448873437188990884366966308171780356476002121624777036343987306227897926529600812671090361721037767
30400.970806867335959429948480795230871269580058080067935845318902693943306753429369580447958613028329016519120114092109391414
19255.849163306197855287651613014903069666623087672767031891023295857201564305899509004509998500057019179478947829310396946429
25664.53780998208430428772407002187788742138279354212093146658580010634807082813483105818288129157234976313423919191799264556
28837.482449062712866932693925751942158117630260777100665609075372371763867899346326016864452178694422423503437130129383825406
30124.821244282927694837609771004785524053380600517054834796313518690247619135098155479622914548711951443011606413623225351042
23676.680573931811187258435458711546324155484060469250811082861482359683687354326838432513944279241405058656202613430347420009
31117.393399833476411940922241491794273735038197776714671254283141934833909753188272763225838986167952677980485281022857018051
19024.985124829927183056629991371332201115589817446713000943465830139333970670827104135349513021544857729744300384930859630098
10664.77050854822660867047358622569956081469594736396124542859076079900138817068643748265478017795927509201868904131361140039
14365.378658427351040586032670942979714696415953849429117320930296028760182883638957619594796750178222619771938425709045417153
30146.836168991266138873611293410512595475029682885823572400170216310853867252296746558070494280463323855388491679954526504218
14216.828549293263528155177884569914608603852411225438223880945941704225123393816195369842023975257203052110527103571226598263
13412.127497157190385787729556602495841522458162145042086116861155351502092828280769841683440535391034243524755554799251595682
28316.224695393275537518567751137657117131659322711070584616653273564688350892812425821709796949723619650620491997473521017724
13136.49131237104727679289785984766822800475882665217272579635587877314491770257990789212374456503580013226799091084179314198
19986.945714640844043160773827084637676628332777408055561144598370125012714859279608792527141315977561413124447663382590146324
18219.821733485758778822296570732234374507940386768351278553341041432108585917936728651995303358883417732696608466926822045349
23113.353088636879991914273651663328813334276436735699920021903937739922633239222188319925580543468259121968962421719071884151
17616.937020946632197221304690887291509982049619396430419621145398718587538706226801841167752567501118101141306593527151992412
25019.49855612617988425811036140273254070031309269377047754579774235755736002810465103460663160632747429152936129194760729
25859.672581067224332174066378392166364141243565039492474579314125014105317668931929137906242306858284647798438563673869892494
13821.383396751571191833362725408264142699037985718223913702416370406172134834811691574523778490494347614454915437548142616265
9667.78133803200991697889471676500407562945555260180675643977091282600985452897706153476692897255331155513945282463524301445
26939.474011197768744011296864141513362874526928876769325815820020092662944131593983869201288880710912236552704243246852334459
28915.335533242563429619067996422745080767308716241510531761189179846234391665840260785577269904896856638753107072797226358306
29565.418989082498710415843685352950415524052856530324203192314273258453265270915531760600870404048153727445656474412723628961
8449.473356369614590205672994532790406781245993422074994252819024896550804826487008736574362814049385050280706349732084551108
22699.364969091095699034744692500683216247268869031148594211197180730520256621045638224972290956718787297610173952814653403359
9747.454642110421228671966522614703195371096264759018041942519668323635876105407974812692580005012728161432821914898459258541
6296.526582172110547596698604663014868548884520202208833345318835051078676916254738040957760597933197596006947065455079363513
18245.550389067467098183010262893713248490023268353048323598770920155350501801429494478972365217000078994890770095149666349551
8800.350333935575771817668271410836248093519951281144673749104928713160101142547801354282151857252640031216019910732897657723
23042.251148705067440824312638116235117694933390040735138645202265061512788978429444652804941822289723180842876853434406714152
9503.779616552563978125746189971302144201910282303174296927933142034361281127682031457117829745717719107869860382227846924054
28500.835584242087269744613845385909345517864802335046067999854261264905445771687713995354043388265831944883981105007946974276
14569.857034302018160623386698588166331634687055828897665606102249237384603942152773475883708814718411482225613549767620446198
4241.399061630489869225073905961869264908920013692619275826339399549065926037325313113636748448011103761345047934963397904263
12735.341887833243403224613620888443446437452979857571667667215115115673113949476929120224186169711971984227217153034201334963
16219.308647411578251619870149413327544981716412852443008592631106159587416893777870729644763106640413940286805399268671301826
27909.252211408316412538102984920064394045121117724833493023539599276268302950389176410143572102613597732473771523377802185893
14662.059268738480993004762618006718445671550230450474678477970309221141554629547296056200626159047753145752653303016577468082
25128.143564537353223785315434631435328236999730447759598766236894515795223548746520351037941519617720874042279036212471801233
14542.237345058015521785469600284259412979713383681640814133282509941343753475289515901393718310329815522521424059906107061721
23873.474987944256122216372764192950342807726571834221951453723359746857708839795786385611856469450268273866638442375095357625
17471.757610498149307250830366450050522549968763314935426939685276443441001421443996499549893916535326854926118188179573204356
14700.820827423208888035952872888087894021917982348202164119222898488558273827415223758612842149018882238606699393334185284845
28281.874743375835833798826386132982757016740846653668951077284375780067616608023817265523102713668141784733202973786252303749
17589.776007669910064266096384799603054194442514130208294768908568562283680993927213558414998217940628927552792591456173948143
31466.15545312137429376134704308539624871369076280143442912708723155675847654422355128346958386093311566043353603404886502298
16621.150351284353868393664916843202385765017078553728951218757142163224490851613916258068587876324529413142369074431619209385
16296.719547197221127001121848141245655035463687080803797703150296628926939295910130298671446166880912282362252801650415087827
13666.029416037417559733964790633945287592463027071649870993442686633758035277830806053431328140014175721194526579301288730525
16217.733627113253335992382238240057035864160315740953350703368823347962958533637881863713674417652974217354988984872582644873
9930.341383859872115751039127420592100733327940044274111785511542706653074445572272683479111653177047832197967728486609810909
17698.974405315128315337565858943127491748737245441145565918235770487992624560205120183245255886975849682386146180878701650896
12169.679371289943725868927522290646395416403278383303941950147188872987438955044731200027280068656232195113223997626038007118
21824.301661221602533478445496574002254918808750412383170817534453806509417885200386132145540716793612622028699425486943585014
30639.384687033125861562425159894265128643321791014084974065764129467288311011397332891151647232728975872895480018839950956506
26368.987921420116574538278087138690366121888606973480464000461004329340346813635573479890707803555577980756507793043711488407
13647.3222281882096696385183761726359295769005745558303184082584299395880792049486071603405990763813290815498363253382195326
27504.507794178029973074171227408353488090213496261674371915922357818057015445636872412584015847393659420341028978929140824577
22083.306251555721247527863528134297100060629362501278538376358622860203773453809010624814694255072261538440855068584889454532
17524.073299321707642010945008917922286590025199199651445902885746967561808579149569264616899757152231930147626380306281925118
26841.513127988891379164126916625874147820480003914080285471147649724919741567416617607769292631255238528888960023927109989162
3259.019024185038414179837077452698396520187616270323877528753340265288996638300967716239246202569206419405452151008658311482
20718.445670464761001054959863017040495902599583658601040759262768302302198097774821402820495648874637555420180525930622929028
27314.389083411695444523563442514621396774467083855084110214671450004690690521904587688842658134908658265272593365905524608544
28974.669661619957802779928858681808093410004558834075226525302808020675515506823168779915231571292272717948746216868664445697
20893.621538641882847040301032437401027937640706790278246483616208855808111510801529023376794425674862965756374583988067703228
17520.592541349735983249405923788515870922604241411048541735027956863798031950191624945269569021958734796019097289650435403409
19033.425282906910342297302786423237476959096209281890534163294906470766246500475569220973521798320559923755236608949559394168
28614.482626809802237717806995651587784344148480433652684995207389449959084410057274048625694516822319689167363811280617459599
28510.789975025244817422835417228618683782421219253981119738712252406139519190727474172747117743032282077226437411013981804348
30794.872608926311322364765460601752776762242631752866893349975982610743551879111507344713625949943030268514955450681372958762
