-1
-1
-1
1 5967 5967
-1
-1
-1
-1
0 0 14580
1 118 118
1 23215 23215
1 19614 19614
1 7109 7109
1 15517 15517
0 0 100
0 0 13836
0 0 1872
0 0 14896
0 0 16300
1 26351 26351
0 0 6166
0 0 9734
-1
1 31182 31182
-1
0 0 11172
1 3702 3702
1 24577 24577
1 16121 16121
1 31654 31654
1 29721 29721
1 32251 32251
-1
0 0 12683
-1
0 0 3560
1 5134 5134
1 32374 32374
0 0 10093
0 0 6110
-1
0 0 3070
-1
1 14491 14491
1 1939 1939
0 0 15076
-1
1 10351 10351
0 0 1641
-1
0 0 2193
1 24285 24285
1 19947 19947
-1
1 22808 22808
0 0 6615
0 0 9463
-1
1 14823 14823
0 0 2217
1 18363 18363
0 0 10040
1 20670 20670
-1
1 21614 21614
0 0 11861
-1
-1
-1
0 0 13519
-1
-1
0 0 2730
1 9382 9382
-1
0 0 9352
-1
1 3331 3331
0 0 7601
-1
0 0 5364
0 0 4652
-1
0 0 13193
0 0 11289
1 12588 12588
-1
-1
-1
-1
1 1087 1087
1 25277 25277
1 19288 19288
-1
-1
0 0 15133
0 0 5174
-1
0 0 3511
0 0 6406
-1
-1
1 14862 14862
-1
-1
-1
0 0 14035
1 1344 1344
1 1821 1821
1 19848 19848
1 10900 10900
0 0 14591
0 0 6032
0 0 10176
-1
0 0 2920
1 8262 8262
-1
1 14329 14329
-1
1 8674 8674
-1
1 10942 10942
0 0 15808
-1
0 0 10533
0 0 9273
0 0 14573
0 0 12439
1 18381 18381
0 0 11012
-1
0 0 4911
-1
1 4725 4725
-1
1 14346 14346
-1
-1
-1
-1
-1
1 27829 27829
0 0 11995
1 9659 9659
1 24863 24863
-1
0 0 8876
1 14179 14179
-1
-1
1 21621 21621
0 0 5859
-1
1 10914 10914
0 0 8557
1 2081 2081
0 0 3309
1 11778 11778
1 16762 16762
-1
-1
0 0 14764
0 0 6773
0 0 12220
-1
1 13242 13242
-1
1 4160 4160
1 27134 27134
0 0 7775
0 0 12002
-1
1 14200 14200
0 0 4994
1 19727 19727
0 0 11132
0 0 13880
-1
0 0 1267
-1
1 13008 13008
0 0 6122
1 6295 6295
-1
1 18403 18403
0 0 8342
-1
1 17357 17357
0 0 12139
-1
1 21595 21595
0 0 13051
0 0 2464
-1
1 12597 12597
1 31102 31102
0 0 13772
-1
0 0 8763
1 9224 9224
1 27577 27577
1 27029 27029
1 18588 18588
1 32001 32001
1 14178 14178
0 0 8032
1 20295 20295
0 0 9739
1 17591 17591
0 0 2417
-1
1 22460 22460
0 0 3936
0 0 12575
0 0 9909
-1
0 0 7156
0 0 13775
1 14936 14936
0 0 16297
-1
0 0 4966
0 0 11485
1 17535 17535
-1
1 19228 19228
1 24168 24168
0 0 4822
1 2478 2478
1 26080 26080
0 0 4268
1 11426 11426
0 0 14700
-1
0 0 15893
1 2284 2284
1 3480 3480
1 22828 22828
-1
1 20055 20055
-1
0 0 4729
1 29213 29213
-1
0 0 9957
1 27304 27304
1 21037 21037
0 0 8209
1 18161 18161
-1
1 30972 30972
0 0 3577
1 19988 19988
1 1159 1159
1 16604 16604
-1
-1
0 0 12295
0 0 14818
1 21829 21829
1 28799 28799
0 0 12448
-1
-1
-1
0 0 12297
1 16306 16306
0 0 16200
1 17755 17755
0 0 11715
1 2393 2393
0 0 13181
-1
0 0 8204
1 1093 1093
1 17213 17213
0 0 11673
-1
0 0 8976
0 0 8104
1 22591 22591
1 12595 12595
0 0 411
0 0 7543
0 0 1898
0 0 2664
-1
1 18453 18453
-1
1 3256 3256
-1
0 0 7364
0 0 11686
-1
0 0 12423
-1
0 0 12066
0 0 4638
0 0 3385
1 7985 7985
-1
1 27406 27406
0 0 4057
0 0 12192
1 7107 7107
0 0 2250
-1
-1
0 0 4379
1 4725 4725
-1
1 6768 6768
-1
0 0 875
0 0 37
0 0 7873
1 31234 31234
1 7399 7399
0 0 6319
1 32675 32675
-1
0 0 3883
-1
-1
0 0 8875
-1
0 0 305
0 0 16367
0 0 1160
0 0 5461
1 21418 21418
-1
1 18053 18053
0 0 13954
0 0 758
-1
0 0 13357
1 1703 1703
1 22765 22765
1 1000 1000
0 0 7947
1 23640 23640
0 0 7243
0 0 13665
0 0 10067
0 0 12976
-1
1 17650 17650
1 15067 15067
1 8716 8716
1 22848 22848
1 31924 31924
0 0 6130
-1
0 0 1700
1 9485 9485
0 0 13551
0 0 3531
0 0 7299
1 6210 6210
0 0 8992
0 0 2128
1 29338 29338
1 9823 9823
0 0 13110
-1
1 2885 2885
0 0 10713
1 25125 25125
1 19600 19600
1 2541 2541
-1
1 2579 2579
-1
-1
0 0 1219
-1
1 2577 2577
0 0 6142
1 12923 12923
1 15520 15520
0 0 13504
-1
1 10375 10375
1 15235 15235
0 0 12988
0 0 13794
-1
-1
1 3567 3567
1 1082 1082
0 0 476
1 22805 22805
-1
0 0 8001
1 20333 20333
-1
-1
0 0 8063
1 8798 8798
0 0 11826
-1
1 29621 29621
0 0 4574
0 0 4278
-1
-1
0 0 2047
1 13601 13601
1 29223 29223
-1
1 10078 10078
-1
1 30850 30850
1 13445 13445
0 0 5678
0 0 9370
1 30074 30074
-1
-1
0 0 1967
-1
0 0 4511
-1
1 17613 17613
-1
-1
-1
0 0 3728
1 22012 22012
0 0 14381
0 0 15062
1 27225 27225
-1
-1
0 0 9530
0 0 12208
1 20729 20729
0 0 10681
1 22375 22375
1 25219 25219
0 0 11634
1 16909 16909
-1
-1
0 0 2601
-1
0 0 14522
1 3130 3130
1 8051 8051
-1
-1
0 0 9069
1 8316 8316
0 0 2729
1 30938 30938
0 0 9813
0 0 12818
-1
-1
-1
0 0 2837
0 0 5962
1 22237 22237
1 24385 24385
0 0 999
-1
0 0 5724
1 24370 24370
-1
0 0 14691
-1
0 0 4821
-1
0 0 1293
1 27700 27700
-1
0 0 8472
0 0 8805
1 8462 8462
-1
1 28833 28833
1 3755 3755
1 11026 11026
1 9681 9681
0 0 5527
0 0 3292
-1
0 0 14838
0 0 13913
0 0 7239
0 0 6075
1 10244 10244
0 0 388
1 18671 18671
0 0 1944
0 0 10030
0 0 10952
-1
1 7110 7110
-1
-1
0 0 11782
0 0 9991
1 8662 8662
-1
0 0 14400
-1
-1
0 0 9134
-1
1 9322 9322
0 0 8097
1 13894 13894
0 0 5412
1 25341 25341
1 10117 10117
1 26754 26754
0 0 6102
-1
-1
-1
0 0 107
1 8173 8173
0 0 148
1 468 468
1 20138 20138
-1
-1
0 0 2868
1 25514 25514
1 10462 10462
-1
-1
0 0 5952
-1
-1
1 15744 15744
0 0 11838
-1
1 15636 15636
1 10519 10519
-1
-1
-1
1 32161 32161
0 0 12199
-1
0 0 922
-1
1 5746 5746
1 3798 3798
-1
0 0 6193
0 0 3372
1 17759 17759
0 0 12429
-1
-1
-1
-1
0 0 15307
0 0 8974
-1
0 0 7463
-1
-1
-1
0 0 2333
0 0 1707
-1
-1
0 0 2129
-1
-1
-1
-1
1 5107 5107
-1
-1
0 0 8208
0 0 2048
-1
0 0 12156
1 1673 1673
0 0 13057
-1
1 8459 8459
0 0 10635
1 2614 2614
0 0 3232
0 0 12219
-1
-1
0 0 5739
1 8749 8749
-1
0 0 6171
0 0 9726
0 0 7986
-1
0 0 10249
-1
-1
0 0 2543
0 0 11164
-1
-1
1 32008 32008
1 1658 1658
1 12946 12946
1 1979 1979
-1
0 0 12886
-1
0 0 10615
1 19420 19420
0 0 12949
-1
0 0 14872
-1
0 0 3878
0 0 7758
-1
1 4570 4570
0 0 2043
-1
1 28899 28899
-1
1 31243 31243
1 5506 5506
1 23996 23996
0 0 9943
-1
-1
-1
0 0 6402
-1
-1
1 28785 28785
1 13384 13384
1 8824 8824
0 0 16296
0 0 12519
-1
0 0 8316
1 26659 26659
-1
0 0 105
1 2839 2839
1 22192 22192
1 16402 16402
1 23094 23094
0 0 11432
1 2137 2137
-1
-1
1 24999 24999
-1
1 8868 8868
1 15147 15147
1 3613 3613
0 0 8860
0 0 5986
0 0 7127
-1
1 5478 5478
1 27948 27948
-1
1 30353 30353
1 30623 30623
-1
-1
0 0 14998
1 17015 17015
1 16269 16269
0 0 2407
1 14882 14882
-1
0 0 9640
1 10413 10413
1 29963 29963
0 0 16073
1 17900 17900
-1
-1
0 0 9690
1 3313 3313
-1
1 2222 2222
1 9014 9014
0 0 1112
1 769 769
0 0 4311
1 14942 14942
-1
-1
-1
-1
1 15483 15483
-1
1 13779 13779
-1
-1
-1
0 0 9707
0 0 6563
0 0 2330
-1
1 9577 9577
1 31296 31296
0 0 286
0 0 854
1 69 69
-1
0 0 896
1 28806 28806
-1
0 0 2808
0 0 5401
0 0 877
-1
-1
1 13381 13381
1 26293 26293
-1
1 5173 5173
-1
0 0 10814
1 24832 24832
-1
0 0 4050
-1
0 0 6289
1 8168 8168
1 28206 28206
1 3968 3968
1 13239 13239
1 18685 18685
1 2824 2824
0 0 14466
1 6159 6159
1 30246 30246
-1
1 7696 7696
0 0 9474
1 29441 29441
1 17552 17552
-1
1 10357 10357
0 0 6951
1 26776 26776
-1
0 0 9696
-1
1 30373 30373
1 16772 16772
-1
-1
-1
1 3531 3531
0 0 15485
1 19988 19988
1 30698 30698
0 0 11375
0 0 5857
-1
0 0 11854
-1
0 0 15623
1 15069 15069
-1
0 0 11981
1 26451 26451
-1
-1
1 12823 12823
0 0 6085
0 0 2054
-1
0 0 14339
-1
0 0 7685
0 0 10415
1 22988 22988
1 586 586
0 0 655
0 0 12423
0 0 5976
-1
0 0 6521
1 7390 7390
1 32093 32093
0 0 6574
0 0 13801
1 26248 26248
-1
0 0 6263
0 0 12185
1 4620 4620
-1
0 0 5645
0 0 18
1 29740 29740
-1
1 10358 10358
-1
-1
0 0 8961
1 19992 19992
0 0 7208
0 0 15630
1 7002 7002
1 8223 8223
0 0 15156
-1
1 12723 12723
0 0 8597
1 5331 5331
0 0 8801
0 0 1212
0 0 10735
0 0 15149
1 8482 8482
-1
-1
-1
-1
-1
0 0 16373
0 0 15051
0 0 15327
0 0 1943
-1
0 0 10250
1 1789 1789
-1
1 12470 12470
1 27708 27708
-1
0 0 3721
-1
0 0 6534
1 13467 13467
0 0 6492
0 0 2428
-1
1 1813 1813
-1
1 31648 31648
1 25295 25295
1 13057 13057
1 27932 27932
0 0 8659
-1
-1
0 0 9766
0 0 8745
0 0 8589
0 0 9706
-1
1 8179 8179
1 12157 12157
-1
0 0 16286
-1
0 0 4342
0 0 636
0 0 4130
1 5461 5461
1 4580 4580
1 21034 21034
1 14984 14984
0 0 13730
-1
0 0 14409
-1
1 29057 29057
0 0 770
1 9858 9858
-1
1 22765 22765
1 1620 1620
0 0 16005
-1
0 0 6454
1 378 378
0 0 3904
-1
0 0 10931
1 2851 2851
0 0 8832
0 0 6461
1 22091 22091
1 31779 31779
-1
-1
0 0 1668
0 0 5750
1 24414 24414
-1
-1
0 0 8206
0 0 11362
0 0 12496
-1
1 31981 31981
0 0 6051
-1
1 8440 8440
1 14786 14786
1 5459 5459
-1
1 18512 18512
-1
1 13341 13341
1 31737 31737
1 5488 5488
1 18354 18354
1 2588 2588
0 0 11687
1 32226 32226
0 0 6114
-1
-1
-1
-1
1 9956 9956
-1
1 29294 29294
0 0 13355
0 0 9143
1 9550 9550
-1
1 13860 13860
1 32688 32688
-1
-1
1 6802 6802
1 12786 12786
1 12704 12704
-1
0 0 12176
1 7365 7365
0 0 3756
0 0 15236
0 0 13690
0 0 5309
1 7602 7602
-1
-1
-1
0 0 13690
-1
1 22589 22589
1 27307 27307
-1
1 23269 23269
1 19119 19119
1 27167 27167
-1
-1
-1
1 11881 11881
-1
1 487 487
1 29500 29500
0 0 8215
1 6590 6590
-1
1 10158 10158
1 31193 31193
1 27056 27056
1 18352 18352
1 1375 1375
1 17946 17946
0 0 7619
0 0 10540
1 6802 6802
-1
1 13639 13639
-1
-1
-1
0 0 8752
-1
-1
0 0 3283
1 32 32
-1
0 0 13707
-1
0 0 3613
-1
-1
-1
0 0 13732
-1
1 13989 13989
-1
0 0 14497
-1
-1
0 0 9245
1 1548 1548
1 18801 18801
-1
-1
-1
1 1918 1918
0 0 15963
0 0 10761
1 7673 7673
-1
1 21500 21500
0 0 14284
1 2768 2768
-1
0 0 2267
1 18365 18365
1 3803 3803
-1
0 0 11678
1 21853 21853
0 0 11639
-1
-1
0 0 16142
-1
-1
-1
-1
1 24429 24429
-1
-1
0 0 3883
1 4597 4597
-1
-1
-1
-1
0 0 477
0 0 13394
1 27599 27599
1 29446 29446
0 0 2680
-1
0 0 9022
0 0 4289
1 4810 4810
0 0 6300
0 0 2838
1 27330 27330
1 11350 11350
-1
-1
-1
-1
-1
0 0 1194
1 19508 19508
1 10954 10954
0 0 1715
1 6038 6038
-1
1 32094 32094
0 0 14891
0 0 7862
0 0 11349
0 0 4607
-1
1 10725 10725
-1
0 0 14886
0 0 15053
1 1750 1750
0 0 2008
1 23531 23531
-1
-1
-1
0 0 9090
1 29075 29075
1 26168 26168
1 32533 32533
1 5827 5827
1 10187 10187
1 17572 17572
-1
0 0 5101
-1
0 0 11324
1 4836 4836
1 26876 26876
1 24385 24385
1 31453 31453
1 19629 19629
1 355 355
0 0 1002
1 9916 9916
0 0 12981
1 1867 1867
-1
0 0 7073
-1
0 0 9018
0 0 15724
-1
0 0 1947
0 0 2898
0 0 4988
1 15195 15195
1 3256 3256
1 16932 16932
0 0 7426
1 22813 22813
1 30484 30484
0 0 15903
1 8883 8883
-1
1 13951 13951
-1
-1
0 0 3683
0 0 4360
1 11661 11661
-1
1 5622 5622
-1
0 0 4471
1 12043 12043
-1
0 0 444
-1
1 26491 26491
1 21699 21699
0 0 9273
0 0 5049
1 3999 3999
1 19393 19393
0 0 9836
-1
-1
-1
-1
0 0 8373
-1
0 0 10254
-1
-1
-1
-1
0 0 6785
-1
1 29849 29849
1 18302 18302
0 0 14972
1 19900 19900
1 3108 3108
0 0 12561
0 0 15807
-1
0 0 6301
0 0 3717
0 0 7945
1 29742 29742
-1
-1
-1
-1
1 2862 2862
1 22566 22566
0 0 12780
1 31827 31827
1 9787 9787
1 8707 8707
1 8189 8189
1 16919 16919
1 16434 16434
1 27766 27766
-1
-1
0 0 14081
-1
0 0 461
0 0 13983
0 0 15394
1 2528 2528
-1
1 24266 24266
-1
1 6304 6304
0 0 1486
1 29591 29591
0 0 2768
0 0 13892
1 24696 24696
1 2117 2117
1 10907 10907
-1
1 21106 21106
1 2804 2804
1 1220 1220
1 11477 11477
0 0 6073
-1
-1
0 0 2961
0 0 11363
1 361 361
-1
-1
-1
1 902 902
1 23787 23787
0 0 11174
0 0 10947
1 3406 3406
-1
-1
1 4863 4863
1 13813 13813
1 73 73
0 0 6488
-1
-1
0 0 4543
-1
-1
-1
-1
-1
1 32064 32064
0 0 5114
0 0 10705
1 23310 23310
1 19178 19178
-1
-1
0 0 8761
-1
-1
1 32192 32192
-1
1 23755 23755
-1
-1
0 0 11534
0 0 3843
1 4754 4754
-1
0 0 11601
1 5276 5276
-1
-1
0 0 13513
-1
0 0 11436
0 0 12555
-1
0 0 9428
1 26110 26110
-1
-1
0 0 14369
-1
-1
-1
0 0 2238
-1
1 16907 16907
-1
-1
-1
1 15211 15211
-1
0 0 2036
1 25917 25917
1 14717 14717
-1
-1
0 0 9510
-1
1 2948 2948
0 0 9083
-1
0 0 6871
0 0 6979
1 1491 1491
1 1348 1348
1 6310 6310
1 31586 31586
-1
1 14879 14879
-1
0 0 12034
1 32441 32441
1 6843 6843
-1
-1
0 0 3894
-1
1 4102 4102
-1
1 9914 9914
-1
1 11439 11439
-1
-1
0 0 3495
-1
-1
-1
1 16830 16830
-1
-1
0 0 12965
0 0 14934
1 20218 20218
1 21198 21198
1 20995 20995
-1
1 20078 20078
1 3914 3914
1 6410 6410
0 0 8631
-1
1 24210 24210
1 15332 15332
-1
1 26738 26738
-1
-1
1 21384 21384
-1
-1
1 16916 16916
1 31283 31283
-1
-1
0 0 11123
0 0 14486
-1
-1
1 32641 32641
-1
0 0 2618
-1
1 27357 27357
1 14546 14546
0 0 4906
-1
1 5463 5463
-1
0 0 9559
-1
0 0 13718
-1
1 928 928
0 0 14337
0 0 15745
1 18137 18137
0 0 14969
1 11355 11355
1 14433 14433
-1
-1
0 0 12887
-1
1 18821 18821
0 0 895
-1
0 0 163
0 0 13837
-1
-1
-1
1 25795 25795
-1
-1
0 0 2422
-1
1 31489 31489
1 7762 7762
1 21263 21263
0 0 1556
-1
1 29960 29960
1 10396 10396
0 0 9549
-1
1 23443 23443
0 0 10155
-1
0 0 9597
0 0 11908
-1
0 0 10479
1 32153 32153
-1
1 28245 28245
-1
1 32395 32395
-1
-1
1 20821 20821
-1
-1
-1
0 0 13675
-1
-1
0 0 11355
0 0 5051
0 0 9758
0 0 8
1 20076 20076
-1
-1
0 0 1199
0 0 11852
0 0 10618
1 21700 21700
1 10888 10888
1 3102 3102
1 5713 5713
1 16843 16843
0 0 1887
1 29382 29382
0 0 8547
1 24789 24789
-1
-1
1 12252 12252
-1
0 0 4857
-1
0 0 4879
1 8525 8525
-1
-1
-1
-1
0 0 881
-1
1 15477 15477
-1
0 0 2832
0 0 1366
-1
1 28351 28351
0 0 15063
-1
1 9597 9597
-1
-1
-1
0 0 8759
1 28836 28836
0 0 2400
-1
1 12588 12588
-1
-1
1 14247 14247
1 353 353
-1
1 10937 10937
-1
-1
0 0 1948
-1
-1
0 0 4400
-1
0 0 832
-1
1 16787 16787
-1
1 22978 22978
0 0 9609
0 0 3842
-1
-1
0 0 2714
-1
-1
1 22423 22423
-1
0 0 14737
0 0 5986
1 31307 31307
0 0 5070
0 0 2344
0 0 12399
1 27662 27662
1 26454 26454
0 0 15462
0 0 4833
-1
0 0 6723
0 0 14767
-1
1 30956 30956
-1
-1
1 13396 13396
1 19017 19017
-1
1 19471 19471
1 25554 25554
-1
-1
-1
-1
0 0 3487
-1
-1
0 0 1894
-1
0 0 6871
0 0 10197
0 0 2487
1 5793 5793
-1
1 7028 7028
1 31787 31787
-1
0 0 7172
-1
-1
1 11027 11027
-1
-1
-1
1 2192 2192
-1
1 22213 22213
0 0 1149
0 0 8638
-1
0 0 6292
1 8143 8143
1 3773 3773
0 0 4772
0 0 10556
0 0 2309
-1
0 0 14208
0 0 1879
0 0 14919
1 16687 16687
0 0 10851
0 0 9125
0 0 15088
-1
-1
0 0 8426
1 26792 26792
1 3947 3947
1 3329 3329
1 3668 3668
1 24117 24117
0 0 5268
-1
1 32213 32213
0 0 10364
-1
1 14307 14307
-1
0 0 12164
0 0 4524
-1
0 0 784
-1
1 12950 12950
1 1435 1435
1 4250 4250
0 0 9034
1 28600 28600
1 23674 23674
0 0 16184
1 31986 31986
-1
1 15508 15508
0 0 929
1 27994 27994
-1
-1
1 15029 15029
-1
-1
0 0 1214
-1
-1
0 0 7787
-1
-1
-1
0 0 15
0 0 10145
-1
0 0 14047
-1
0 0 12531
1 8248 8248
0 0 8381
0 0 13440
-1
-1
0 0 15819
1 9900 9900
1 17407 17407
-1
1 14133 14133
-1
1 16469 16469
0 0 15975
0 0 10382
-1
-1
0 0 15785
0 0 14617
0 0 5448
0 0 2142
-1
-1
1 1888 1888
-1
1 28549 28549
1 6479 6479
0 0 15685
-1
1 16209 16209
1 11356 11356
0 0 3593
0 0 14699
0 0 2646
1 26024 26024
0 0 13727
-1
-1
-1
0 0 16013
0 0 14440
-1
0 0 14668
-1
0 0 14757
1 21809 21809
1 14438 14438
-1
1 514 514
1 14575 14575
1 3521 3521
1 27696 27696
-1
0 0 4880
1 29015 29015
-1
1 30266 30266
-1
1 1787 1787
-1
0 0 9470
-1
1 21026 21026
1 22381 22381
-1
-1
0 0 51
-1
-1
-1
0 0 8706
1 29763 29763
-1
0 0 7845
-1
-1
0 0 5210
1 32170 32170
-1
1 22503 22503
1 10437 10437
1 26825 26825
0 0 15295
1 1920 1920
0 0 1605
-1
1 17214 17214
1 1537 1537
0 0 10762
0 0 14647
0 0 4691
-1
-1
-1
-1
-1
1 14125 14125
0 0 4312
-1
1 30768 30768
0 0 2406
-1
1 9710 9710
1 19813 19813
0 0 940
-1
0 0 13536
-1
1 29650 29650
1 9081 9081
1 11923 11923
-1
-1
0 0 8208
0 0 1878
-1
-1
0 0 15732
-1
1 15512 15512
0 0 9646
1 24441 24441
0 0 12490
1 4952 4952
1 5385 5385
-1
0 0 14356
-1
-1
-1
0 0 11081
-1
0 0 13482
0 0 8242
1 9553 9553
0 0 1249
-1
0 0 11351
0 0 515
-1
0 0 5106
1 13278 13278
1 11254 11254
-1
1 19295 19295
-1
-1
1 28729 28729
1 6761 6761
-1
1 25556 25556
0 0 6021
0 0 937
0 0 6216
-1
-1
1 205 205
0 0 13270
0 0 2931
-1
1 29811 29811
0 0 11159
-1
-1
1 24895 24895
-1
-1
-1
1 31248 31248
1 4550 4550
1 23659 23659
1 17370 17370
-1
1 23578 23578
0 0 1265
0 0 15840
-1
0 0 15654
1 603 603
1 12320 12320
0 0 13343
-1
1 16643 16643
0 0 8011
1 29490 29490
1 10999 10999
1 13869 13869
-1
-1
1 20684 20684
-1
0 0 4865
-1
1 3643 3643
1 15872 15872
-1
0 0 7911
1 24892 24892
0 0 11456
1 28971 28971
1 10783 10783
1 11980 11980
0 0 280
1 3305 3305
1 22502 22502
1 2412 2412
1 8085 8085
1 31602 31602
-1
0 0 976
1 23898 23898
0 0 5981
0 0 10796
0 0 5432
0 0 8933
-1
0 0 7455
1 21484 21484
0 0 13869
0 0 13917
0 0 12937
-1
1 10270 10270
0 0 5145
0 0 597
1 24357 24357
0 0 12071
-1
1 578 578
0 0 14920
1 23756 23756
1 24246 24246
0 0 4477
-1
-1
0 0 14541
0 0 7466
1 26900 26900
0 0 552
1 7278 7278
-1
1 4466 4466
0 0 12644
-1
0 0 251
0 0 1696
-1
-1
1 18360 18360
-1
-1
0 0 14170
0 0 521
0 0 5558
-1
-1
-1
-1
-1
0 0 1909
-1
0 0 8981
0 0 3400
0 0 6718
-1
1 27042 27042
0 0 6509
0 0 15767
-1
-1
1 3925 3925
-1
0 0 4083
1 3329 3329
-1
1 3332 3332
1 21592 21592
-1
0 0 4497
-1
0 0 9070
0 0 832
1 7349 7349
1 29233 29233
-1
1 30574 30574
0 0 8699
-1
1 16851 16851
-1
-1
1 31930 31930
0 0 2027
-1
1 6668 6668
-1
0 0 11786
1 4595 4595
0 0 3616
0 0 14706
-1
-1
-1
0 0 9122
0 0 3991
-1
0 0 5372
-1
0 0 14175
-1
0 0 1305
1 30926 30926
-1
-1
-1
1 24688 24688
0 0 11785
1 32486 32486
0 0 13311
0 0 16286
1 23905 23905
1 410 410
0 0 5199
1 31132 31132
1 8055 8055
-1
0 0 4416
0 0 11995
1 29396 29396
0 0 6552
1 4102 4102
0 0 12542
-1
-1
0 0 6811
1 13216 13216
-1
-1
0 0 13596
-1
-1
1 2070 2070
-1
0 0 1615
1 1836 1836
-1
1 30737 30737
-1
-1
1 20244 20244
-1
0 0 6218
1 1516 1516
-1
0 0 1623
-1
-1
0 0 2705
1 15149 15149
-1
0 0 16304
0 0 14671
0 0 11958
1 4535 4535
1 24603 24603
0 0 5129
-1
1 1605 1605
-1
-1
0 0 10484
1 18412 18412
1 18584 18584
0 0 14079
-1
1 17672 17672
0 0 12139
-1
-1
1 25141 25141
1 27746 27746
-1
0 0 6212
0 0 1132
1 14003 14003
1 24447 24447
-1
1 17814 17814
-1
1 1109 1109
1 11090 11090
0 0 15213
-1
-1
-1
-1
1 4303 4303
-1
1 19256 19256
-1
1 13873 13873
0 0 10967
1 73 73
0 0 10362
1 3723 3723
1 19918 19918
1 14326 14326
-1
1 21805 21805
0 0 8362
0 0 15415
1 2107 2107
0 0 12516
-1
1 905 905
-1
0 0 5499
0 0 1263
-1
-1
1 22707 22707
0 0 8712
0 0 15639
1 10371 10371
1 26332 26332
1 8451 8451
-1
1 6163 6163
1 22455 22455
0 0 5900
-1
0 0 12727
0 0 15157
-1
-1
0 0 9398
1 10627 10627
1 25795 25795
1 7399 7399
0 0 13397
-1
0 0 8598
0 0 10830
0 0 7937
-1
0 0 7218
0 0 10841
-1
-1
-1
-1
0 0 7788
1 20324 20324
1 12688 12688
1 28421 28421
-1
-1
-1
0 0 7152
1 16692 16692
-1
1 24861 24861
1 2907 2907
1 20594 20594
0 0 1408
0 0 13949
-1
-1
-1
1 12319 12319
1 25457 25457
0 0 11057
1 2782 2782
0 0 3786
1 6093 6093
-1
-1
0 0 6133
1 6980 6980
-1
0 0 1401
-1
-1
1 24534 24534
-1
-1
0 0 2185
-1
1 27786 27786
0 0 9104
1 1096 1096
0 0 10235
-1
-1
-1
0 0 13408
1 20274 20274
1 22463 22463
0 0 5638
0 0 5851
0 0 5567
-1
0 0 6505
-1
-1
0 0 2788
1 12604 12604
0 0 7917
-1
1 29288 29288
0 0 1855
0 0 1027
1 11562 11562
-1
0 0 14841
0 0 5298
0 0 730
1 19172 19172
1 10137 10137
1 8412 8412
0 0 14185
-1
1 30352 30352
-1
-1
1 2407 2407
1 12190 12190
-1
1 24129 24129
0 0 12064
-1
-1
-1
1 6408 6408
1 29261 29261
0 0 10225
1 576 576
-1
0 0 10262
1 6761 6761
1 9772 9772
0 0 1678
-1
-1
1 32734 32734
-1
1 10021 10021
-1
-1
0 0 14491
1 14807 14807
0 0 3191
-1
-1
0 0 12028
0 0 434
-1
1 6446 6446
0 0 5302
0 0 4126
-1
1 13760 13760
0 0 10528
1 16074 16074
0 0 13381
1 28951 28951
1 18719 18719
0 0 12052
1 23220 23220
1 13469 13469
0 0 12782
1 11194 11194
1 29496 29496
-1
1 6123 6123
0 0 2254
1 32335 32335
-1
-1
0 0 10909
0 0 3786
-1
1 3853 3853
-1
0 0 13637
1 13480 13480
-1
0 0 15687
1 10513 10513
1 19723 19723
0 0 14593
0 0 4340
1 2546 2546
0 0 10687
0 0 7297
-1
0 0 16044
0 0 14661
0 0 3909
0 0 7397
-1
1 9661 9661
-1
0 0 3462
0 0 15403
0 0 8211
0 0 11855
-1
1 25532 25532
0 0 364
0 0 1596
0 0 13568
1 15932 15932
1 17264 17264
1 11900 11900
0 0 13377
-1
1 8838 8838
-1
0 0 15917
-1
0 0 10527
1 8354 8354
1 5088 5088
-1
0 0 13917
0 0 8346
-1
-1
1 23206 23206
1 6605 6605
0 0 8707
-1
-1
0 0 13118
1 20899 20899
0 0 13413
-1
-1
-1
1 11109 11109
0 0 14566
0 0 16014
0 0 1324
-1
-1
1 24419 24419
0 0 321
0 0 12985
0 0 7914
-1
1 4618 4618
1 1737 1737
1 5640 5640
0 0 1604
-1
-1
-1
-1
-1
-1
-1
1 8744 8744
1 7709 7709
-1
1 9640 9640
-1
-1
-1
1 13065 13065
1 31292 31292
-1
0 0 2117
0 0 12815
-1
1 28546 28546
-1
0 0 9569
-1
-1
0 0 7004
0 0 5607
-1
1 1243 1243
0 0 6697
-1
0 0 9852
1 19885 19885
1 17967 17967
-1
0 0 14709
0 0 1957
-1
-1
0 0 12141
1 10573 10573
0 0 350
1 32498 32498
1 13086 13086
1 31124 31124
0 0 3160
-1
1 423 423
1 27331 27331
-1
1 12047 12047
0 0 2888
-1
0 0 11525
1 17268 17268
-1
-1
1 14731 14731
0 0 10460
1 5538 5538
-1
0 0 12969
-1
-1
0 0 15361
0 0 10579
1 29158 29158
-1
0 0 12676
0 0 794
1 8028 8028
1 14119 14119
0 0 876
-1
0 0 11621
0 0 10663
0 0 16056
0 0 16208
-1
-1
0 0 4299
-1
1 26589 26589
0 0 16114
-1
1 22210 22210
-1
1 25450 25450
-1
0 0 7317
-1
0 0 7685
-1
1 11525 11525
1 23913 23913
-1
1 22435 22435
0 0 13405
-1
1 24928 24928
-1
1 1559 1559
0 0 839
1 21067 21067
1 6140 6140
-1
0 0 16185
0 0 8672
-1
-1
1 18164 18164
-1
0 0 10025
-1
0 0 12772
-1
-1
0 0 6479
1 12588 12588
-1
-1
-1
0 0 3371
1 597 597
1 10395 10395
1 24236 24236
1 24588 24588
0 0 6396
-1
-1
0 0 14215
0 0 12994
-1
1 24254 24254
1 18089 18089
1 6023 6023
1 32251 32251
-1
-1
1 13234 13234
-1
-1
0 0 44
-1
1 8763 8763
-1
1 14356 14356
1 32252 32252
-1
-1
1 8369 8369
1 6066 6066
1 11441 11441
0 0 3558
0 0 9157
1 14271 14271
0 0 13882
1 3464 3464
1 901 901
1 11528 11528
0 0 7649
0 0 12124
1 19329 19329
0 0 844
-1
0 0 6580
-1
1 11803 11803
0 0 3338
0 0 3780
1 29227 29227
0 0 2354
0 0 15305
0 0 1974
0 0 9370
1 25063 25063
0 0 1862
0 0 12070
0 0 7422
0 0 10912
-1
-1
-1
0 0 1237
1 11343 11343
1 21840 21840
1 16814 16814
-1
1 15282 15282
1 3287 3287
1 13587 13587
-1
0 0 4448
0 0 6800
0 0 3096
-1
-1
1 26455 26455
1 1680 1680
1 32072 32072
0 0 1732
0 0 16197
-1
-1
1 9208 9208
1 2607 2607
-1
1 32476 32476
1 17545 17545
1 20635 20635
0 0 16226
-1
-1
-1
1 17230 17230
0 0 16365
0 0 5620
1 14496 14496
-1
-1
0 0 12232
-1
1 8697 8697
-1
1 1035 1035
-1
-1
-1
1 20974 20974
1 7626 7626
0 0 8302
1 11340 11340
-1
1 1784 1784
-1
-1
-1
1 2629 2629
-1
-1
1 13679 13679
1 32550 32550
-1
-1
0 0 469
0 0 11580
0 0 14451
1 16772 16772
1 11451 11451
0 0 10366
-1
-1
1 24913 24913
0 0 1257
1 14196 14196
1 28651 28651
0 0 14447
0 0 12419
-1
1 4085 4085
1 10266 10266
-1
-1
-1
0 0 8127
1 25107 25107
1 23947 23947
1 24443 24443
-1
-1
-1
0 0 15743
-1
1 9518 9518
1 26094 26094
0 0 14198
0 0 3635
-1
1 17156 17156
-1
1 28680 28680
0 0 13522
0 0 6421
0 0 10964
0 0 1306
1 28160 28160
-1
0 0 3278
1 14972 14972
-1
1 29752 29752
-1
0 0 219
1 24380 24380
1 23657 23657
-1
1 128 128
0 0 15756
-1
0 0 10455
-1
-1
-1
0 0 1110
-1
-1
-1
1 20722 20722
1 15669 15669
0 0 12000
1 5864 5864
-1
0 0 15239
1 3545 3545
-1
-1
1 25465 25465
-1
-1
0 0 5258
0 0 14610
-1
0 0 2864
-1
0 0 15363
-1
1 30761 30761
0 0 8310
1 7645 7645
0 0 16038
0 0 1481
-1
0 0 12114
-1
-1
-1
1 5664 5664
1 1201 1201
1 6033 6033
0 0 10723
-1
1 11930 11930
1 2515 2515
1 21456 21456
0 0 392
-1
1 32273 32273
0 0 13807
-1
1 8693 8693
0 0 14326
0 0 6859
1 26902 26902
0 0 7338
0 0 6532
0 0 354
1 25673 25673
0 0 2272
1 22926 22926
1 30674 30674
-1
0 0 10741
-1
0 0 6954
0 0 16106
0 0 115
1 10511 10511
0 0 3007
1 24367 24367
-1
1 10607 10607
-1
1 15369 15369
0 0 15436
0 0 15490
1 3034 3034
-1
1 26087 26087
1 5129 5129
-1
1 3114 3114
0 0 11295
-1
-1
0 0 6217
0 0 14355
1 16238 16238
-1
1 24509 24509
1 9608 9608
0 0 16109
-1
1 12965 12965
1 10806 10806
-1
1 18248 18248
1 31880 31880
-1
0 0 10387
-1
-1
-1
-1
-1
1 19598 19598
1 16122 16122
0 0 221
-1
-1
-1
-1
-1
-1
0 0 4830
0 0 14773
-1
1 6617 6617
1 276 276
1 28882 28882
1 18175 18175
-1
0 0 10154
-1
1 14631 14631
0 0 5704
0 0 13751
0 0 2468
1 16636 16636
-1
0 0 6233
-1
1 17908 17908
0 0 15110
-1
1 10631 10631
0 0 11476
-1
0 0 8832
1 312 312
0 0 2347
1 4467 4467
1 13094 13094
1 23108 23108
-1
0 0 4786
-1
-1
0 0 14567
-1
0 0 943
1 15476 15476
-1
1 10556 10556
1 29286 29286
-1
0 0 10507
1 2005 2005
1 17105 17105
-1
0 0 10584
1 32116 32116
1 28950 28950
1 6905 6905
-1
1 26202 26202
0 0 9797
1 577 577
-1
0 0 14088
-1
1 5308 5308
0 0 6053
-1
-1
1 5383 5383
-1
1 15188 15188
0 0 2473
0 0 2977
-1
-1
-1
0 0 11210
0 0 4606
1 27079 27079
0 0 6397
-1
-1
-1
-1
-1
-1
1 4654 4654
-1
-1
1 19977 19977
0 0 3529
0 0 6396
0 0 3724
-1
0 0 6342
1 23803 23803
-1
0 0 10458
-1
0 0 10187
1 20792 20792
0 0 14733
-1
-1
-1
1 30044 30044
1 3307 3307
-1
-1
1 4578 4578
1 7813 7813
-1
1 13577 13577
-1
-1
-1
0 0 13439
-1
0 0 5556
-1
1 29860 29860
1 1489 1489
1 18165 18165
1 26849 26849
0 0 1959
1 27612 27612
0 0 9965
1 13678 13678
-1
0 0 108
1 31138 31138
0 0 16336
1 13336 13336
0 0 451
0 0 5134
0 0 606
-1
-1
0 0 5357
1 10984 10984
1 4432 4432
1 5049 5049
1 8372 8372
1 21425 21425
-1
1 5363 5363
0 0 14114
0 0 8003
1 24877 24877
1 12366 12366
1 12903 12903
0 0 15773
1 139 139
0 0 13536
1 22978 22978
1 27783 27783
-1
-1
0 0 7709
0 0 11587
1 11244 11244
1 1012 1012
0 0 9662
-1
1 8933 8933
0 0 9386
0 0 10425
0 0 4991
0 0 13511
1 23307 23307
1 16084 16084
-1
0 0 11574
-1
0 0 1227
1 15443 15443
0 0 7491
0 0 97
1 7026 7026
1 7963 7963
-1
1 31363 31363
-1
0 0 13880
1 18472 18472
-1
1 1337 1337
1 30761 30761
-1
0 0 5853
0 0 6903
-1
-1
0 0 12579
-1
0 0 11725
1 17121 17121
0 0 2529
1 15981 15981
0 0 2555
1 26623 26623
1 5327 5327
1 7449 7449
-1
1 18437 18437
1 4152 4152
1 12906 12906
0 0 10044
0 0 13071
-1
0 0 2077
1 11804 11804
0 0 3386
-1
-1
-1
-1
0 0 10636
1 15003 15003
0 0 899
-1
1 13857 13857
0 0 6681
-1
0 0 4406
0 0 12681
1 7517 7517
0 0 12036
0 0 15526
1 29199 29199
0 0 15396
0 0 3952
-1
0 0 11885
1 21991 21991
-1
-1
0 0 1199
-1
-1
-1
1 25642 25642
0 0 14063
-1
1 9742 9742
-1
1 13935 13935
-1
1 32645 32645
-1
0 0 5523
1 21601 21601
-1
1 6105 6105
0 0 14373
0 0 15123
1 5205 5205
-1
0 0 12274
0 0 13282
1 27492 27492
0 0 6590
-1
-1
0 0 13425
0 0 9527
0 0 7488
0 0 15680
1 9651 9651
0 0 2491
0 0 13428
0 0 7721
0 0 160
0 0 13601
0 0 2765
0 0 8753
1 6134 6134
0 0 14290
0 0 2171
0 0 11139
0 0 9442
0 0 8712
1 18460 18460
0 0 11708
0 0 10320
0 0 10512
1 25460 25460
-1
1 26372 26372
-1
0 0 14996
-1
-1
1 26443 26443
1 14246 14246
-1
1 1493 1493
-1
-1
0 0 86
0 0 8227
0 0 9951
-1
-1
-1
-1
0 0 5209
1 25128 25128
-1
0 0 13101
-1
1 11533 11533
-1
1 393 393
-1
-1
-1
1 9273 9273
-1
0 0 8621
1 14266 14266
1 15561 15561
-1
1 32288 32288
0 0 11216
0 0 11868
0 0 2004
1 29660 29660
0 0 6415
0 0 6552
1 3088 3088
-1
0 0 10797
1 6007 6007
1 3632 3632
1 14139 14139
1 31227 31227
1 9084 9084
0 0 1074
1 23386 23386
1 943 943
0 0 12072
-1
-1
1 32167 32167
-1
-1
0 0 8684
-1
1 3426 3426
1 5118 5118
0 0 7238
1 25526 25526
0 0 2043
0 0 11885
-1
1 23619 23619
-1
0 0 11463
1 14104 14104
-1
-1
-1
1 10268 10268
1 22314 22314
-1
-1
0 0 13531
0 0 13641
1 25885 25885
1 22001 22001
1 23353 23353
-1
-1
1 28057 28057
1 30806 30806
1 16841 16841
1 6835 6835
0 0 11005
0 0 11730
-1
0 0 9837
1 990 990
1 20770 20770
1 2104 2104
1 10715 10715
-1
-1
1 12692 12692
1 2423 2423
-1
1 30856 30856
0 0 5849
1 2323 2323
1 7113 7113
1 16349 16349
-1
-1
-1
-1
-1
0 0 1163
1 29335 29335
1 19715 19715
0 0 977
-1
0 0 6100
-1
1 7778 7778
1 9444 9444
-1
-1
1 24836 24836
1 25059 25059
0 0 2024
-1
0 0 320
1 20921 20921
0 0 12092
1 20389 20389
0 0 7786
0 0 4003
0 0 5119
1 2925 2925
1 6015 6015
0 0 10120
1 24085 24085
-1
-1
1 18882 18882
-1
1 26874 26874
0 0 13113
1 30376 30376
-1
0 0 11773
1 18385 18385
-1
1 21179 21179
-1
-1
1 3198 3198
0 0 14193
1 15024 15024
0 0 9940
-1
0 0 14475
0 0 7356
-1
1 3790 3790
1 25629 25629
1 12650 12650
-1
1 13237 13237
1 32521 32521
1 774 774
0 0 8912
0 0 779
-1
1 32693 32693
0 0 9801
0 0 1245
0 0 9869
-1
0 0 5662
1 21778 21778
0 0 12057
0 0 14766
-1
0 0 7638
0 0 8200
-1
0 0 2811
-1
0 0 12363
1 14448 14448
-1
0 0 9427
1 8429 8429
0 0 10205
0 0 5810
0 0 5166
-1
0 0 5277
-1
1 22020 22020
-1
-1
1 9562 9562
1 1380 1380
-1
0 0 3877
1 7900 7900
0 0 15026
1 9651 9651
0 0 6951
0 0 1142
0 0 1482
0 0 6099
0 0 7990
1 7897 7897
0 0 16210
0 0 4211
-1
0 0 1465
1 4330 4330
-1
1 20140 20140
1 32652 32652
1 23264 23264
1 22678 22678
0 0 2865
-1
1 9635 9635
1 32599 32599
-1
0 0 11092
-1
1 15111 15111
0 0 5802
0 0 12788
1 25658 25658
0 0 3803
1 19197 19197
0 0 13586
-1
1 31422 31422
1 31326 31326
0 0 7393
1 16751 16751
0 0 10907
1 10344 10344
-1
0 0 3886
1 24192 24192
-1
-1
1 23613 23613
0 0 606
1 30885 30885
0 0 6053
-1
1 4434 4434
1 20652 20652
-1
0 0 9968
-1
0 0 9217
1 11809 11809
-1
0 0 14652
-1
1 28301 28301
1 31193 31193
1 5292 5292
-1
1 9130 9130
1 3273 3273
-1
0 0 13785
0 0 7679
-1
0 0 14352
-1
0 0 15245
-1
0 0 4365
-1
1 27660 27660
1 25079 25079
1 22958 22958
-1
1 8168 8168
1 13380 13380
1 1120 1120
0 0 237
1 11336 11336
1 10328 10328
1 19835 19835
1 17784 17784
-1
-1
0 0 11846
-1
1 29320 29320
1 23936 23936
0 0 4597
-1
0 0 87
0 0 7041
1 16169 16169
-1
0 0 9841
0 0 1046
-1
0 0 8978
-1
0 0 14470
0 0 10876
-1
0 0 6357
1 22874 22874
0 0 965
1 13515 13515
0 0 4946
0 0 7543
1 11008 11008
-1
1 20342 20342
1 31815 31815
0 0 12641
0 0 765
0 0 2414
0 0 11650
0 0 322
1 24914 24914
1 23834 23834
1 26223 26223
-1
-1
1 30321 30321
-1
0 0 4229
0 0 4500
0 0 13525
-1
-1
0 0 2098
-1
0 0 8514
0 0 4140
-1
0 0 5695
0 0 7378
0 0 8136
-1
0 0 11359
1 4585 4585
0 0 7993
0 0 2803
0 0 10901
-1
0 0 11331
-1
-1
0 0 13243
0 0 5838
-1
0 0 11713
1 11238 11238
1 4168 4168
1 27618 27618
1 14898 14898
0 0 12900
0 0 12847
1 28619 28619
1 20379 20379
-1
0 0 1725
0 0 4936
0 0 10452
1 11710 11710
1 28026 28026
-1
1 10698 10698
1 14873 14873
-1
1 18146 18146
1 2934 2934
0 0 7226
0 0 7163
1 16193 16193
0 0 3410
-1
1 12292 12292
-1
0 0 4393
-1
-1
0 0 3701
-1
1 1318 1318
-1
-1
-1
1 26324 26324
-1
0 0 15192
1 31728 31728
1 8862 8862
0 0 9510
-1
-1
1 25079 25079
-1
0 0 5951
-1
0 0 10490
1 21277 21277
-1
1 21516 21516
1 28111 28111
1 20686 20686
1 27777 27777
-1
1 22885 22885
1 10876 10876
-1
-1
1 19384 19384
-1
0 0 14227
0 0 1130
0 0 1206
1 27854 27854
0 0 15038
0 0 8279
-1
1 13404 13404
0 0 11661
-1
1 3274 3274
-1
-1
-1
0 0 10040
1 29189 29189
1 2891 2891
0 0 4193
0 0 7228
0 0 10385
1 2282 2282
-1
-1
1 567 567
-1
-1
0 0 11738
1 18734 18734
-1
1 1664 1664
-1
0 0 13594
0 0 2474
-1
-1
0 0 15392
1 32757 32757
0 0 5877
-1
-1
-1
1 23758 23758
1 2318 2318
-1
0 0 4239
1 11061 11061
0 0 4405
1 15342 15342
0 0 15830
1 29936 29936
1 25829 25829
0 0 3881
0 0 7172
0 0 7658
1 16886 16886
1 1394 1394
0 0 4054
1 20025 20025
-1
1 19802 19802
-1
1 32125 32125
0 0 1981
-1
-1
-1
1 12310 12310
1 17277 17277
-1
-1
-1
0 0 15505
1 2427 2427
1 19414 19414
0 0 8021
1 27490 27490
1 6013 6013
1 19456 19456
0 0 9874
1 11417 11417
1 13026 13026
1 148 148
0 0 1852
0 0 5622
-1
-1
1 8002 8002
-1
0 0 13837
1 14157 14157
-1
1 14400 14400
-1
-1
0 0 422
0 0 10989
1 24208 24208
0 0 5739
-1
0 0 12258
1 26746 26746
1 26269 26269
-1
0 0 3896
-1
0 0 15138
-1
-1
1 12807 12807
0 0 5677
-1
-1
1 9260 9260
0 0 10359
0 0 5691
-1
0 0 3420
0 0 7434
0 0 1071
-1
-1
1 29286 29286
-1
1 19233 19233
1 20448 20448
1 28544 28544
0 0 5728
-1
1 27676 27676
0 0 11329
-1
1 7766 7766
0 0 7811
1 23699 23699
1 671 671
0 0 15961
0 0 2678
1 6489 6489
-1
-1
0 0 11774
1 4482 4482
0 0 4588
1 26422 26422
0 0 357
-1
-1
0 0 1711
1 1228 1228
-1
0 0 15941
1 30354 30354
0 0 15728
1 23750 23750
1 5800 5800
-1
0 0 7906
-1
-1
1 29707 29707
1 6300 6300
0 0 10851
-1
0 0 2104
1 2929 2929
0 0 2724
0 0 5
0 0 5779
0 0 3798
1 12884 12884
1 17 17
-1
0 0 8271
0 0 92
0 0 14122
-1
-1
1 13509 13509
1 25256 25256
-1
0 0 10030
-1
-1
0 0 16075
1 953 953
0 0 2518
-1
1 11729 11729
0 0 2554
1 7997 7997
0 0 3778
-1
-1
1 20192 20192
0 0 8292
0 0 939
-1
1 17915 17915
0 0 16308
0 0 1157
-1
0 0 16187
0 0 4551
-1
1 19245 19245
1 16189 16189
1 19598 19598
-1
1 5379 5379
1 8897 8897
1 10589 10589
-1
1 29351 29351
-1
-1
0 0 6742
0 0 5019
0 0 14892
1 22386 22386
-1
0 0 11992
0 0 10672
0 0 8620
1 3779 3779
-1
1 13328 13328
-1
1 5191 5191
-1
0 0 12790
0 0 4090
1 10659 10659
0 0 12987
0 0 15742
-1
-1
1 9960 9960
-1
0 0 14053
0 0 1161
1 28445 28445
-1
0 0 8381
0 0 6387
-1
1 8704 8704
1 21490 21490
1 21782 21782
0 0 13388
-1
1 16908 16908
0 0 16309
-1
1 14002 14002
1 23499 23499
-1
0 0 11307
-1
-1
0 0 1088
-1
0 0 4654
-1
1 26669 26669
0 0 5505
1 25899 25899
0 0 9545
1 7633 7633
0 0 8071
0 0 16280
1 16709 16709
1 1163 1163
1 909 909
1 14622 14622
-1
1 3134 3134
-1
1 11175 11175
0 0 13935
1 22545 22545
0 0 1423
-1
-1
-1
-1
1 11891 11891
1 30239 30239
0 0 14338
1 16680 16680
1 13491 13491
1 31911 31911
-1
0 0 13400
1 31881 31881
-1
1 24041 24041
0 0 9642
-1
1 23704 23704
1 18154 18154
-1
1 19232 19232
1 30273 30273
0 0 962
-1
0 0 7678
0 0 375
-1
-1
1 24492 24492
-1
1 30430 30430
1 4617 4617
-1
1 4072 4072
-1
-1
1 24545 24545
0 0 12489
-1
0 0 5270
-1
-1
0 0 5610
0 0 14483
-1
1 16702 16702
1 25624 25624
1 27048 27048
0 0 7100
0 0 12539
-1
1 4514 4514
1 31582 31582
-1
0 0 15777
1 26727 26727
0 0 12329
-1
-1
1 28720 28720
0 0 2471
-1
-1
1 16536 16536
-1
1 16811 16811
0 0 3026
1 10526 10526
0 0 6175
1 11623 11623
1 25038 25038
-1
-1
0 0 1298
0 0 7862
1 22265 22265
0 0 1168
-1
0 0 2556
0 0 13472
1 23066 23066
1 16877 16877
0 0 14677
-1
0 0 2708
1 441 441
1 2306 2306
0 0 12201
-1
0 0 12418
-1
1 21225 21225
1 23504 23504
-1
1 11504 11504
1 6667 6667
0 0 1290
0 0 3283
-1
1 7512 7512
-1
1 10459 10459
-1
0 0 490
0 0 12807
1 10319 10319
1 31568 31568
-1
1 26632 26632
-1
0 0 9061
1 27998 27998
0 0 12208
-1
1 30674 30674
1 7398 7398
0 0 12001
-1
-1
1 23955 23955
1 610 610
1 19691 19691
1 7618 7618
0 0 6639
1 3696 3696
-1
-1
1 24994 24994
0 0 1491
0 0 12172
0 0 9506
0 0 1103
0 0 353
1 25391 25391
1 11809 11809
-1
0 0 8449
1 24514 24514
1 30398 30398
-1
1 13231 13231
0 0 14620
0 0 2792
0 0 11423
-1
-1
-1
1 27626 27626
-1
0 0 1305
1 22407 22407
-1
-1
-1
0 0 4406
0 0 10023
0 0 8247
-1
0 0 8357
-1
1 17342 17342
1 6468 6468
0 0 14549
1 13873 13873
1 3945 3945
0 0 5586
0 0 2735
1 589 589
1 1999 1999
0 0 9182
-1
1 2331 2331
0 0 4266
0 0 13068
0 0 11556
-1
-1
1 18915 18915
0 0 888
1 15066 15066
1 20578 20578
0 0 5559
0 0 5478
-1
1 2377 2377
0 0 14681
1 13953 13953
1 7549 7549
-1
0 0 226
0 0 761
1 2109 2109
1 3997 3997
0 0 1971
1 3788 3788
-1
1 20479 20479
1 4473 4473
-1
0 0 9100
1 8881 8881
1 14208 14208
0 0 5531
1 29918 29918
-1
-1
1 11634 11634
1 13646 13646
1 25498 25498
-1
1 4967 4967
0 0 6779
1 17639 17639
0 0 1238
0 0 7819
1 17613 17613
0 0 3543
1 23313 23313
1 2880 2880
0 0 11859
-1
0 0 7954
0 0 16119
0 0 5856
-1
-1
1 25320 25320
0 0 8861
1 27075 27075
-1
-1
0 0 8011
-1
-1
1 18116 18116
0 0 799
-1
0 0 16211
-1
0 0 5630
1 22522 22522
0 0 1845
-1
0 0 8896
-1
1 5161 5161
1 30624 30624
-1
-1
-1
0 0 2293
-1
0 0 13198
1 31892 31892
1 8827 8827
-1
0 0 3030
-1
1 28478 28478
0 0 16024
1 16885 16885
-1
-1
0 0 7685
0 0 9819
0 0 9648
1 25818 25818
0 0 11325
-1
-1
-1
1 5998 5998
1 8512 8512
0 0 793
0 0 3633
1 6069 6069
1 32411 32411
0 0 15635
1 941 941
-1
-1
-1
0 0 15838
0 0 11255
0 0 13705
-1
0 0 5741
1 28021 28021
0 0 10030
0 0 12561
1 29966 29966
1 9333 9333
1 32213 32213
-1
-1
-1
0 0 15150
-1
1 22203 22203
1 18131 18131
0 0 2667
0 0 7931
-1
-1
-1
0 0 5545
-1
-1
1 3659 3659
1 10981 10981
-1
1 8957 8957
-1
0 0 8337
-1
-1
1 6313 6313
0 0 7762
-1
1 20006 20006
0 0 1770
0 0 2132
0 0 15052
1 17988 17988
1 676 676
1 16272 16272
0 0 2856
-1
-1
0 0 10928
1 11686 11686
0 0 13892
0 0 1433
1 29254 29254
1 17935 17935
0 0 3280
0 0 13247
0 0 12933
0 0 5860
1 28197 28197
0 0 6340
-1
0 0 15014
1 28554 28554
-1
1 32675 32675
0 0 16113
1 6696 6696
0 0 654
0 0 15970
0 0 3080
1 29627 29627
-1
-1
0 0 6414
-1
0 0 15056
1 23814 23814
0 0 2893
1 22685 22685
0 0 2708
1 18638 18638
-1
0 0 4716
0 0 4486
0 0 3843
0 0 3770
1 14047 14047
0 0 3964
1 23196 23196
1 13505 13505
1 2271 2271
0 0 5834
0 0 13520
0 0 14000
0 0 11958
0 0 3978
1 24011 24011
-1
-1
0 0 726
-1
-1
1 8564 8564
1 23574 23574
1 21913 21913
-1
1 26248 26248
1 15372 15372
0 0 6574
-1
1 11873 11873
1 9424 9424
0 0 1985
-1
-1
-1
-1
0 0 11654
-1
0 0 4139
1 29509 29509
0 0 10442
1 4677 4677
1 1967 1967
-1
1 23543 23543
1 24547 24547
1 7680 7680
0 0 10606
-1
0 0 16041
-1
0 0 7354
-1
1 23185 23185
0 0 12976
-1
0 0 4618
0 0 7614
1 31526 31526
0 0 2281
-1
1 27225 27225
1 1613 1613
0 0 8288
0 0 16018
0 0 15655
0 0 9758
1 6359 6359
-1
0 0 3316
1 10460 10460
-1
-1
1 30103 30103
-1
-1
-1
0 0 5398
0 0 11952
-1
1 6169 6169
-1
1 22571 22571
1 29830 29830
1 11209 11209
0 0 12585
-1
1 5484 5484
-1
0 0 7166
0 0 3094
-1
1 6088 6088
1 24518 24518
-1
-1
-1
1 3573 3573
0 0 1033
0 0 13108
1 11729 11729
0 0 13082
0 0 6883
0 0 13680
-1
1 24086 24086
-1
-1
1 425 425
0 0 6086
-1
1 7864 7864
0 0 12181
-1
0 0 2636
-1
-1
-1
-1
0 0 14021
1 21750 21750
1 10058 10058
-1
0 0 12817
0 0 7053
0 0 4339
-1
1 32724 32724
-1
0 0 4251
0 0 7474
-1
1 13695 13695
-1
1 1113 1113
-1
-1
0 0 7040
0 0 8041
1 18205 18205
-1
1 9023 9023
1 4741 4741
0 0 4609
1 25125 25125
0 0 6747
0 0 7441
-1
0 0 12474
-1
0 0 5234
1 2592 2592
1 20510 20510
0 0 2641
0 0 8323
1 13945 13945
-1
-1
1 6732 6732
1 31786 31786
0 0 9087
1 20309 20309
1 22647 22647
0 0 16141
-1
0 0 12876
0 0 2280
-1
0 0 15414
-1
-1
1 11805 11805
0 0 6194
0 0 15427
-1
-1
1 21067 21067
0 0 1853
1 24075 24075
0 0 10189
1 10086 10086
1 12785 12785
-1
0 0 14647
0 0 10080
-1
0 0 11181
0 0 9976
-1
-1
-1
-1
-1
0 0 14791
-1
1 18109 18109
0 0 16345
-1
0 0 3511
0 0 3423
1 13635 13635
0 0 5006
1 1224 1224
1 23005 23005
-1
1 25250 25250
-1
0 0 8391
0 0 4205
1 25595 25595
-1
1 31084 31084
1 5738 5738
-1
-1
0 0 14042
-1
-1
0 0 12365
1 14793 14793
1 29539 29539
0 0 6785
-1
0 0 4439
0 0 6199
1 10534 10534
1 27861 27861
0 0 4295
0 0 6747
0 0 13703
1 7796 7796
-1
-1
1 21708 21708
0 0 188
0 0 15566
1 12841 12841
0 0 10857
0 0 14457
0 0 1064
0 0 16266
1 28792 28792
1 13816 13816
-1
-1
-1
-1
1 819 819
1 7027 7027
-1
1 521 521
1 18753 18753
1 17855 17855
1 27253 27253
1 27603 27603
1 15197 15197
0 0 11899
1 19289 19289
0 0 1745
0 0 14057
1 173 173
-1
1 22559 22559
-1
1 26689 26689
1 8168 8168
1 246 246
1 31901 31901
0 0 12455
-1
0 0 1196
1 10428 10428
-1
0 0 6040
0 0 10813
-1
-1
0 0 7466
0 0 9995
-1
1 11268 11268
-1
-1
1 2970 2970
0 0 15871
1 3291 3291
-1
1 24916 24916
0 0 11651
1 30056 30056
1 28460 28460
0 0 9570
0 0 15979
0 0 2506
1 17840 17840
1 3575 3575
0 0 12403
0 0 6616
-1
0 0 2319
-1
0 0 12087
-1
1 6671 6671
0 0 14276
-1
1 18013 18013
-1
1 22114 22114
-1
0 0 15433
1 23002 23002
-1
0 0 4588
0 0 12601
0 0 10249
-1
0 0 6075
-1
-1
0 0 15857
1 660 660
1 18101 18101
0 0 3027
1 626 626
-1
0 0 4659
0 0 9309
1 23207 23207
-1
-1
-1
-1
1 7259 7259
0 0 3972
0 0 2501
1 9281 9281
0 0 14380
1 24797 24797
-1
-1
-1
0 0 1386
0 0 13504
0 0 13290
1 29115 29115
0 0 5622
-1
-1
-1
-1
1 29211 29211
-1
1 3611 3611
-1
0 0 14813
0 0 5472
0 0 15382
0 0 14530
1 28438 28438
-1
0 0 4386
1 1222 1222
1 29088 29088
0 0 11110
-1
1 30417 30417
-1
0 0 5842
1 10566 10566
-1
1 7866 7866
0 0 7846
1 4928 4928
1 8734 8734
-1
1 21909 21909
1 3178 3178
-1
0 0 11826
0 0 2372
1 583 583
-1
0 0 9653
0 0 5500
-1
0 0 13921
1 15934 15934
1 20224 20224
1 16670 16670
1 27208 27208
1 10314 10314
1 5750 5750
-1
0 0 8702
0 0 11536
-1
0 0 9560
1 21393 21393
-1
1 31985 31985
0 0 184
-1
-1
-1
0 0 4118
-1
-1
0 0 1991
0 0 16274
0 0 5589
0 0 351
-1
-1
-1
0 0 1921
-1
1 19775 19775
1 26054 26054
1 5745 5745
1 2162 2162
-1
-1
1 23446 23446
0 0 11650
1 31371 31371
0 0 4129
-1
1 3500 3500
0 0 12493
0 0 8515
-1
-1
0 0 6667
-1
1 18161 18161
-1
-1
1 5314 5314
-1
0 0 11137
0 0 2710
1 27758 27758
1 26680 26680
-1
-1
0 0 3900
-1
-1
0 0 15278
1 10696 10696
-1
-1
0 0 14407
1 5058 5058
1 12346 12346
0 0 4823
-1
1 24278 24278
0 0 1138
-1
-1
-1
-1
1 29258 29258
0 0 7740
-1
-1
1 11032 11032
1 5233 5233
0 0 13646
-1
1 11569 11569
-1
1 18977 18977
-1
0 0 15490
0 0 165
0 0 16076
-1
-1
1 3285 3285
-1
-1
-1
-1
-1
1 3447 3447
1 6066 6066
-1
1 1271 1271
-1
0 0 8138
1 3881 3881
1 19476 19476
-1
1 15063 15063
0 0 10988
1 28260 28260
-1
1 7167 7167
0 0 8485
-1
1 17682 17682
-1
1 6176 6176
0 0 13569
1 28044 28044
1 28020 28020
-1
0 0 13318
0 0 16382
1 24992 24992
0 0 13429
1 10183 10183
-1
1 28790 28790
1 7440 7440
0 0 1387
0 0 3398
0 0 2344
1 25089 25089
-1
1 12202 12202
1 30156 30156
1 19535 19535
0 0 8342
1 11708 11708
0 0 1830
-1
-1
-1
0 0 6461
0 0 5667
1 24998 24998
-1
-1
0 0 11718
1 12625 12625
0 0 13811
1 4036 4036
-1
1 19225 19225
-1
-1
0 0 4973
0 0 1569
0 0 6289
-1
0 0 2347
1 13465 13465
-1
0 0 7012
-1
1 23782 23782
-1
-1
1 21001 21001
0 0 16061
0 0 13736
0 0 3830
0 0 13381
1 1197 1197
0 0 9233
1 10182 10182
-1
1 32085 32085
-1
1 21658 21658
0 0 14242
0 0 8871
-1
1 10551 10551
-1
-1
-1
-1
0 0 4340
1 4286 4286
-1
0 0 11439
0 0 12369
-1
0 0 4255
-1
0 0 9760
1 22834 22834
0 0 9271
0 0 13697
1 21400 21400
1 20032 20032
0 0 13703
1 23288 23288
0 0 3119
0 0 12431
1 30263 30263
0 0 14994
0 0 215
0 0 13668
0 0 1491
1 29233 29233
0 0 12100
1 2874 2874
0 0 13854
1 17165 17165
0 0 3113
-1
-1
-1
1 30034 30034
0 0 5436
0 0 3726
1 9279 9279
-1
0 0 2921
1 10588 10588
-1
0 0 194
-1
-1
0 0 7744
-1
0 0 8285
1 9269 9269
0 0 15190
1 17965 17965
1 9584 9584
0 0 2702
1 21461 21461
0 0 6604
1 18244 18244
-1
-1
1 29850 29850
1 10324 10324
1 19640 19640
-1
-1
1 19521 19521
0 0 5257
1 20716 20716
1 31832 31832
1 3759 3759
1 16417 16417
0 0 6792
-1
-1
0 0 16169
-1
0 0 11673
-1
-1
-1
0 0 11161
-1
1 19970 19970
1 25165 25165
-1
1 9950 9950
1 9234 9234
0 0 7820
-1
-1
0 0 10161
-1
-1
-1
-1
-1
-1
-1
-1
0 0 12668
0 0 10525
0 0 6482
0 0 13675
0 0 4746
0 0 271
1 4003 4003
0 0 944
0 0 8727
-1
0 0 1846
-1
-1
0 0 16350
1 32724 32724
-1
0 0 10123
1 18626 18626
1 31403 31403
1 25176 25176
-1
-1
0 0 294
0 0 9882
-1
0 0 272
0 0 7817
1 6799 6799
-1
-1
0 0 7536
-1
-1
-1
-1
0 0 15934
-1
0 0 2685
0 0 13011
1 27590 27590
-1
0 0 13419
0 0 3641
-1
1 15240 15240
0 0 14478
1 9970 9970
1 4247 4247
1 11850 11850
0 0 10755
1 30230 30230
0 0 10135
-1
1 19759 19759
0 0 11692
1 20990 20990
1 1749 1749
0 0 10251
-1
1 26219 26219
-1
1 15008 15008
1 26545 26545
-1
1 28080 28080
1 6035 6035
-1
-1
0 0 9178
-1
-1
-1
0 0 9023
1 13130 13130
0 0 7683
1 12737 12737
1 7568 7568
1 7824 7824
0 0 4707
0 0 11247
0 0 6292
0 0 9507
-1
0 0 5354
-1
-1
0 0 3126
-1
0 0 11496
0 0 14572
-1
0 0 9459
0 0 1756
0 0 8875
-1
1 5804 5804
-1
0 0 16069
-1
0 0 2252
-1
1 14785 14785
-1
0 0 4558
1 13039 13039
-1
0 0 6452
-1
-1
0 0 7596
-1
0 0 13926
0 0 9336
0 0 4962
-1
1 29066 29066
0 0 622
0 0 15268
1 5831 5831
-1
1 2053 2053
-1
1 27979 27979
-1
0 0 13837
-1
-1
1 27431 27431
1 2449 2449
1 8029 8029
1 10474 10474
0 0 2504
-1
0 0 10517
0 0 13961
-1
-1
0 0 13275
1 1241 1241
0 0 11557
0 0 1618
-1
0 0 3272
-1
-1
0 0 4702
-1
1 26001 26001
-1
-1
0 0 14803
1 4783 4783
1 21172 21172
0 0 3808
-1
-1
0 0 1488
-1
-1
1 22571 22571
1 272 272
0 0 11302
0 0 5419
-1
0 0 11886
0 0 11980
-1
-1
0 0 1102
0 0 13335
0 0 15436
1 10127 10127
0 0 5657
1 20453 20453
0 0 13699
0 0 3665
-1
-1
0 0 11384
0 0 660
1 6315 6315
0 0 9082
0 0 1574
0 0 15853
1 15133 15133
-1
0 0 6924
1 23198 23198
1 30087 30087
1 14385 14385
1 13523 13523
1 13558 13558
1 16538 16538
0 0 8652
0 0 13697
0 0 12615
1 6734 6734
1 16201 16201
0 0 4823
-1
0 0 14894
0 0 15849
-1
-1
0 0 6497
1 28202 28202
0 0 9242
-1
0 0 7459
1 12837 12837
-1
1 3983 3983
-1
0 0 3712
-1
-1
1 641 641
1 24538 24538
-1
0 0 6797
-1
-1
1 28883 28883
-1
-1
1 15488 15488
1 8236 8236
1 11797 11797
1 26546 26546
0 0 3391
-1
-1
1 30645 30645
-1
-1
0 0 4141
0 0 1227
1 18627 18627
-1
1 23067 23067
0 0 2332
1 30739 30739
0 0 8266
0 0 515
1 22979 22979
1 22064 22064
1 9709 9709
-1
-1
0 0 9900
-1
1 29561 29561
-1
1 10803 10803
0 0 8757
0 0 11635
1 7373 7373
0 0 12066
-1
1 31564 31564
0 0 12068
0 0 10557
1 7396 7396
-1
0 0 6644
-1
-1
1 27231 27231
-1
1 21232 21232
1 6833 6833
1 28691 28691
1 30036 30036
-1
0 0 4649
1 8654 8654
-1
-1
1 8550 8550
-1
0 0 14747
-1
-1
0 0 12923
1 3594 3594
1 7010 7010
-1
1 4746 4746
0 0 3579
1 1061 1061
1 31994 31994
1 10612 10612
-1
0 0 1340
0 0 2188
0 0 9905
0 0 1306
0 0 3365
1 15776 15776
-1
-1
0 0 8185
0 0 13632
-1
1 21722 21722
0 0 5458
-1
-1
-1
-1
1 19877 19877
-1
1 24329 24329
-1
1 16349 16349
0 0 3178
1 32250 32250
1 24838 24838
-1
-1
1 10281 10281
-1
-1
-1
1 27659 27659
0 0 4829
1 15539 15539
0 0 1809
-1
0 0 5520
-1
-1
-1
-1
0 0 15747
1 7868 7868
0 0 12549
1 19911 19911
1 30187 30187
1 5711 5711
0 0 6423
-1
-1
-1
-1
1 3744 3744
1 19618 19618
1 24147 24147
0 0 4934
-1
-1
-1
1 4774 4774
1 2363 2363
-1
0 0 13002
0 0 15068
0 0 9153
-1
-1
-1
-1
0 0 2109
-1
0 0 59
1 20338 20338
1 6532 6532
0 0 13046
-1
-1
-1
1 11143 11143
-1
0 0 3501
0 0 14011
1 31805 31805
0 0 12782
1 7376 7376
1 21718 21718
0 0 8792
-1
1 30378 30378
1 18338 18338
-1
0 0 13910
-1
1 17697 17697
0 0 14598
-1
0 0 10630
1 28443 28443
-1
0 0 6941
0 0 15656
0 0 46
0 0 4924
0 0 10666
0 0 3128
0 0 10651
-1
-1
1 4097 4097
0 0 15358
1 26384 26384
1 22590 22590
1 29952 29952
0 0 11716
0 0 5657
-1
1 12109 12109
-1
0 0 3480
1 1688 1688
1 11563 11563
-1
0 0 3255
-1
-1
-1
-1
1 3305 3305
-1
1 12392 12392
-1
0 0 8376
0 0 10134
0 0 7622
0 0 9055
-1
0 0 2209
-1
0 0 5156
1 18456 18456
-1
-1
0 0 9236
0 0 2144
-1
0 0 14256
0 0 7440
1 17050 17050
0 0 10410
-1
1 28943 28943
0 0 2121
1 1311 1311
-1
0 0 7358
-1
0 0 15479
-1
-1
1 3309 3309
0 0 14904
1 7708 7708
0 0 8204
1 3329 3329
0 0 2201
0 0 9126
0 0 771
1 14743 14743
0 0 5780
-1
0 0 10488
1 30833 30833
1 27948 27948
-1
1 3602 3602
-1
1 20344 20344
1 17984 17984
0 0 5795
1 11983 11983
0 0 10005
-1
-1
1 30765 30765
0 0 2276
-1
0 0 3400
0 0 576
-1
1 8505 8505
-1
0 0 13169
1 4296 4296
1 30069 30069
0 0 7753
0 0 15638
-1
0 0 13420
0 0 10695
-1
-1
-1
-1
0 0 1626
-1
0 0 14573
1 14347 14347
1 27389 27389
-1
-1
1 19684 19684
0 0 671
1 12555 12555
1 28913 28913
0 0 3063
1 18091 18091
-1
1 26686 26686
-1
0 0 9369
0 0 14511
1 2834 2834
1 18386 18386
1 13323 13323
1 9188 9188
-1
-1
-1
0 0 9442
-1
-1
1 18658 18658
0 0 11674
-1
-1
1 13858 13858
-1
-1
0 0 682
1 16182 16182
-1
-1
-1
1 1833 1833
-1
0 0 2181
0 0 9142
1 17739 17739
0 0 11035
-1
0 0 7787
0 0 2518
-1
1 15850 15850
1 25212 25212
-1
1 20741 20741
1 5660 5660
0 0 10887
1 32336 32336
0 0 11112
0 0 8495
-1
0 0 12165
-1
0 0 11728
1 18400 18400
-1
-1
1 29914 29914
0 0 14999
0 0 12865
1 27099 27099
1 16769 16769
-1
1 13774 13774
1 5618 5618
-1
0 0 6567
1 32077 32077
1 29820 29820
0 0 7753
-1
1 30001 30001
-1
0 0 6016
1 30550 30550
-1
-1
-1
1 32657 32657
0 0 3045
0 0 16132
0 0 8810
0 0 5395
1 19255 19255
0 0 7751
0 0 10092
1 20395 20395
1 19836 19836
0 0 12331
-1
0 0 9068
0 0 2575
-1
1 18681 18681
1 16143 16143
1 21100 21100
1 28280 28280
1 18251 18251
0 0 5479
1 14321 14321
1 5238 5238
-1
0 0 7453
-1
-1
1 5013 5013
0 0 13008
0 0 1432
0 0 9001
0 0 15917
1 2028 2028
0 0 11247
0 0 5462
0 0 14606
1 2350 2350
-1
0 0 1101
1 14855 14855
0 0 3215
1 24040 24040
0 0 3403
0 0 15785
0 0 15562
0 0 9128
1 6269 6269
1 26039 26039
0 0 11399
0 0 12066
-1
1 26608 26608
1 15662 15662
-1
-1
-1
1 32058 32058
-1
0 0 13001
-1
-1
1 8610 8610
-1
1 15028 15028
-1
-1
0 0 1022
1 20336 20336
-1
1 2708 2708
1 27451 27451
-1
1 7033 7033
0 0 9279
-1
-1
1 19614 19614
0 0 7081
0 0 290
0 0 6781
-1
-1
-1
0 0 10657
-1
0 0 3344
-1
0 0 2331
1 19649 19649
1 4222 4222
0 0 1315
0 0 9756
1 2950 2950
0 0 13507
-1
-1
0 0 1941
-1
1 313 313
1 8722 8722
0 0 4864
0 0 14371
0 0 3032
1 27975 27975
1 3580 3580
-1
-1
-1
0 0 8092
-1
0 0 7768
0 0 2562
1 18037 18037
-1
-1
-1
0 0 6088
-1
1 32542 32542
-1
1 17 17
-1
1 5462 5462
-1
0 0 8400
-1
1 2727 2727
1 25 25
0 0 3655
1 3126 3126
1 16801 16801
-1
1 585 585
1 20730 20730
1 312 312
0 0 2028
0 0 13300
0 0 6293
-1
1 5995 5995
0 0 2130
-1
-1
-1
0 0 13358
1 27053 27053
0 0 8133
1 24309 24309
0 0 14088
1 13785 13785
-1
0 0 13652
-1
1 4644 4644
0 0 12544
-1
-1
0 0 6482
-1
0 0 8402
0 0 4708
1 13107 13107
-1
-1
0 0 13161
-1
-1
1 24415 24415
1 24700 24700
0 0 10464
0 0 13691
-1
0 0 8208
1 28870 28870
1 28787 28787
1 13933 13933
1 28860 28860
0 0 8055
1 26573 26573
1 2515 2515
1 1139 1139
0 0 1076
1 28584 28584
1 16803 16803
-1
0 0 13331
0 0 1477
1 5793 5793
1 20584 20584
-1
-1
-1
0 0 1935
1 9994 9994
-1
1 20047 20047
-1
1 26730 26730
1 6279 6279
-1
1 28408 28408
1 4480 4480
1 8484 8484
1 11859 11859
-1
-1
-1
1 29770 29770
-1
-1
-1
1 5215 5215
0 0 8442
1 21787 21787
0 0 5901
-1
1 6449 6449
0 0 9977
1 27950 27950
-1
1 10132 10132
0 0 6213
0 0 13393
1 29871 29871
0 0 357
-1
1 7781 7781
-1
-1
-1
1 27852 27852
-1
1 19100 19100
-1
1 5391 5391
-1
0 0 15140
0 0 9655
1 19912 19912
0 0 7030
-1
0 0 1425
1 25976 25976
1 25562 25562
0 0 6891
0 0 4759
-1
1 10075 10075
1 17442 17442
1 21706 21706
1 8751 8751
1 28276 28276
1 29424 29424
0 0 13620
-1
1 8365 8365
0 0 13191
-1
0 0 5631
-1
0 0 12088
0 0 3441
0 0 9619
-1
-1
1 29565 29565
-1
0 0 3545
-1
1 23199 23199
0 0 9748
1 7063 7063
0 0 15511
1 17555 17555
1 4448 4448
-1
-1
-1
1 22431 22431
1 20632 20632
-1
0 0 9973
0 0 742
-1
-1
0 0 5789
0 0 6937
-1
0 0 12693
1 23597 23597
0 0 3202
0 0 11174
1 15482 15482
0 0 1713
1 26324 26324
1 10267 10267
-1
-1
-1
0 0 16376
1 23472 23472
-1
0 0 14167
-1
1 25583 25583
0 0 15262
1 10836 10836
-1
-1
1 13438 13438
-1
-1
-1
0 0 9547
-1
0 0 15903
0 0 4508
0 0 2334
-1
-1
-1
1 20461 20461
-1
0 0 14601
1 3845 3845
0 0 6450
1 13078 13078
0 0 3992
0 0 2685
-1
0 0 14812
-1
-1
1 6902 6902
-1
1 32765 32765
1 22888 22888
-1
1 31637 31637
1 9312 9312
-1
1 17977 17977
-1
-1
-1
0 0 3590
1 1498 1498
0 0 10817
1 1701 1701
0 0 14681
0 0 7531
1 3470 3470
-1
0 0 15203
1 32342 32342
0 0 5652
-1
1 29480 29480
0 0 12694
-1
1 19905 19905
-1
0 0 6026
1 3527 3527
1 27226 27226
1 32412 32412
-1
0 0 15644
-1
-1
0 0 2096
0 0 15881
0 0 2832
-1
0 0 4886
-1
-1
1 21388 21388
0 0 3174
1 27139 27139
1 23363 23363
-1
0 0 247
-1
1 12052 12052
-1
-1
0 0 1381
-1
1 30958 30958
0 0 13612
-1
1 10222 10222
0 0 12858
1 20587 20587
1 8671 8671
0 0 2979
-1
0 0 1995
1 2940 2940
-1
0 0 6542
0 0 6653
1 21237 21237
-1
-1
-1
-1
-1
1 16983 16983
0 0 9133
1 29186 29186
0 0 40
0 0 9594
0 0 2117
1 18276 18276
-1
1 8906 8906
1 10327 10327
0 0 10654
1 23078 23078
0 0 5755
0 0 15851
1 25659 25659
0 0 11618
0 0 12462
1 21248 21248
1 6934 6934
1 7237 7237
-1
1 25389 25389
-1
1 677 677
-1
0 0 14543
0 0 1826
-1
1 21176 21176
1 1530 1530
0 0 10316
-1
1 31147 31147
0 0 5730
0 0 12512
1 5389 5389
0 0 6816
-1
-1
1 4903 4903
1 10867 10867
1 31547 31547
-1
-1
1 14465 14465
0 0 1397
-1
-1
0 0 950
1 29200 29200
0 0 1877
1 14482 14482
-1
0 0 13716
-1
-1
1 15038 15038
0 0 2632
-1
1 21644 21644
0 0 7870
1 8975 8975
0 0 12813
1 10140 10140
-1
0 0 4645
1 28284 28284
1 30907 30907
0 0 16383
0 0 10407
-1
-1
-1
-1
-1
1 29950 29950
0 0 615
-1
1 18064 18064
0 0 13236
-1
0 0 5230
1 20957 20957
0 0 13752
0 0 9078
0 0 13667
-1
0 0 8617
1 24326 24326
1 10254 10254
0 0 920
0 0 4152
0 0 15057
0 0 12620
-1
1 7631 7631
0 0 9081
1 18733 18733
1 3446 3446
0 0 9548
-1
-1
1 20738 20738
-1
-1
1 13574 13574
1 7140 7140
0 0 12645
0 0 7567
0 0 5990
0 0 14230
0 0 14299
1 21519 21519
1 12965 12965
0 0 15607
1 29727 29727
1 1455 1455
0 0 12964
0 0 8162
1 4445 4445
-1
0 0 15276
-1
1 27636 27636
1 17514 17514
1 22487 22487
1 2210 2210
0 0 4869
-1
0 0 15190
-1
-1
1 23507 23507
-1
0 0 5100
0 0 573
0 0 11142
1 12910 12910
1 16398 16398
-1
0 0 8791
-1
1 25534 25534
0 0 5847
-1
1 2730 2730
1 23582 23582
0 0 10478
0 0 11777
-1
0 0 7539
1 7392 7392
-1
1 3503 3503
0 0 2154
0 0 9004
-1
0 0 11012
0 0 6676
1 6029 6029
-1
0 0 9219
-1
1 30182 30182
0 0 12212
-1
-1
1 32114 32114
1 1694 1694
0 0 2625
0 0 13347
-1
1 19139 19139
1 28674 28674
1 12679 12679
-1
1 21594 21594
-1
0 0 1750
-1
-1
0 0 3069
1 15503 15503
1 27931 27931
-1
-1
-1
0 0 16238
0 0 1393
-1
-1
-1
-1
-1
1 11355 11355
1 19925 19925
-1
-1
1 8826 8826
0 0 11105
1 29514 29514
1 18051 18051
-1
-1
-1
-1
1 9670 9670
-1
-1
1 21097 21097
1 25560 25560
1 18827 18827
1 29794 29794
0 0 2901
0 0 4351
1 18767 18767
0 0 10295
1 31872 31872
-1
-1
-1
-1
-1
-1
-1
-1
1 10446 10446
0 0 2170
0 0 10261
1 23108 23108
1 195 195
0 0 15316
0 0 7976
0 0 14807
0 0 3313
1 11005 11005
1 12657 12657
0 0 13379
0 0 9949
-1
0 0 2343
-1
0 0 14833
0 0 4349
-1
-1
-1
0 0 7261
0 0 1421
-1
1 25222 25222
1 1864 1864
-1
1 1753 1753
0 0 15711
1 3144 3144
0 0 2700
-1
1 16831 16831
-1
-1
0 0 3329
1 1715 1715
1 1897 1897
-1
-1
0 0 14050
1 11658 11658
0 0 4678
1 424 424
1 30374 30374
0 0 10126
1 15239 15239
-1
0 0 2437
-1
0 0 11525
-1
0 0 9878
1 670 670
-1
0 0 10049
0 0 16164
1 13741 13741
-1
-1
0 0 2702
-1
-1
-1
1 27759 27759
1 5571 5571
0 0 12378
-1
-1
1 27969 27969
-1
1 11406 11406
1 23222 23222
0 0 11724
-1
-1
1 11720 11720
-1
1 6123 6123
1 12811 12811
0 0 11081
-1
-1
-1
0 0 1719
1 11835 11835
-1
1 12501 12501
-1
-1
1 32364 32364
1 13588 13588
1 7249 7249
0 0 13324
-1
0 0 6459
-1
0 0 11001
0 0 7682
1 2827 2827
0 0 8002
1 20594 20594
1 25090 25090
0 0 10079
1 9718 9718
1 9318 9318
1 22664 22664
1 11751 11751
0 0 8240
1 7749 7749
0 0 3164
1 31674 31674
-1
1 21673 21673
-1
-1
0 0 4923
1 719 719
0 0 6333
1 23989 23989
1 13847 13847
-1
0 0 14162
-1
0 0 16078
-1
-1
1 5948 5948
0 0 1540
-1
0 0 11651
0 0 8555
0 0 5492
0 0 3101
-1
-1
0 0 10850
0 0 7066
-1
1 26501 26501
0 0 7639
1 24278 24278
0 0 14232
0 0 14642
1 24507 24507
0 0 14444
1 5455 5455
0 0 956
-1
1 1948 1948
1 5263 5263
1 8288 8288
0 0 11858
0 0 12367
0 0 8127
1 5407 5407
-1
1 22281 22281
0 0 2488
1 24221 24221
0 0 5562
0 0 14097
1 5884 5884
0 0 13458
-1
0 0 13805
0 0 9277
0 0 15219
0 0 5680
-1
1 7309 7309
-1
0 0 13945
-1
1 3219 3219
0 0 2214
-1
1 23578 23578
-1
1 9794 9794
-1
1 993 993
-1
0 0 524
0 0 4943
0 0 11139
0 0 15645
-1
1 17269 17269
0 0 11239
0 0 14688
-1
1 12700 12700
-1
-1
-1
0 0 11119
-1
-1
1 4957 4957
1 12810 12810
1 14289 14289
0 0 10713
0 0 4350
-1
1 9776 9776
-1
1 5039 5039
0 0 7342
-1
1 28654 28654
-1
0 0 13656
-1
1 17319 17319
0 0 10766
0 0 7332
1 9613 9613
1 26650 26650
-1
-1
1 4892 4892
1 15066 15066
-1
-1
0 0 12426
1 2749 2749
0 0 10024
-1
1 5030 5030
1 1629 1629
-1
0 0 5505
0 0 8720
1 15003 15003
1 18776 18776
-1
0 0 11708
0 0 4235
1 29903 29903
-1
0 0 11877
1 16056 16056
-1
0 0 1449
-1
-1
1 7086 7086
1 31200 31200
-1
0 0 2349
0 0 15804
1 20646 20646
-1
0 0 15999
1 21737 21737
-1
1 25270 25270
0 0 6788
-1
0 0 4024
1 30287 30287
1 28982 28982
1 30030 30030
-1
-1
0 0 15682
1 31686 31686
-1
0 0 4885
1 15032 15032
-1
0 0 1723
-1
1 23253 23253
1 29687 29687
1 5880 5880
0 0 9984
0 0 14548
1 9738 9738
0 0 1747
1 18427 18427
0 0 8479
0 0 10580
-1
0 0 11047
0 0 1334
-1
-1
0 0 5219
1 24903 24903
-1
1 32658 32658
-1
1 9641 9641
-1
-1
0 0 12415
1 31921 31921
0 0 13892
-1
0 0 7874
1 24643 24643
-1
-1
-1
-1
0 0 2536
1 27365 27365
1 28839 28839
-1
-1
1 23002 23002
1 31330 31330
1 261 261
0 0 3303
0 0 1944
1 19637 19637
1 29797 29797
-1
0 0 6999
-1
-1
1 29743 29743
-1
1 7531 7531
-1
-1
0 0 7969
0 0 2055
-1
1 3809 3809
0 0 3642
0 0 3171
0 0 8572
0 0 12427
-1
1 31760 31760
1 8198 8198
1 7183 7183
-1
1 12037 12037
1 10386 10386
-1
0 0 478
1 16874 16874
0 0 3062
0 0 12820
0 0 11532
-1
1 3111 3111
0 0 3034
1 23886 23886
-1
0 0 12876
0 0 2796
0 0 5348
0 0 14383
-1
-1
-1
1 21470 21470
1 11473 11473
-1
0 0 13279
0 0 14233
-1
-1
1 3361 3361
1 12786 12786
-1
-1
0 0 4169
0 0 10286
1 639 639
0 0 821
1 28813 28813
1 11730 11730
-1
0 0 635
1 26900 26900
1 22362 22362
-1
1 3162 3162
-1
0 0 1806
1 11822 11822
0 0 3682
1 11869 11869
-1
0 0 1167
0 0 11298
-1
-1
1 27973 27973
1 30028 30028
0 0 735
0 0 7170
1 17635 17635
0 0 8346
0 0 9867
1 12708 12708
1 2431 2431
-1
1 31953 31953
0 0 11765
-1
-1
-1
1 3418 3418
-1
1 3959 3959
1 26984 26984
0 0 11532
0 0 9478
0 0 7886
-1
-1
1 24245 24245
0 0 5659
-1
1 6475 6475
0 0 6205
1 26224 26224
0 0 3616
1 5823 5823
-1
0 0 12272
0 0 8667
1 10879 10879
0 0 843
0 0 15230
-1
0 0 15667
-1
-1
1 5719 5719
-1
0 0 15555
0 0 1737
-1
1 28611 28611
1 2546 2546
0 0 11127
1 18513 18513
0 0 7440
1 21165 21165
0 0 9054
1 19363 19363
1 3954 3954
-1
0 0 5045
1 18616 18616
0 0 16099
1 18352 18352
-1
1 20317 20317
1 13391 13391
0 0 9881
-1
1 12002 12002
0 0 7921
-1
-1
0 0 1614
-1
1 24898 24898
-1
0 0 1329
-1
1 22817 22817
-1
0 0 16010
0 0 4646
-1
0 0 14156
0 0 6536
-1
-1
-1
1 19132 19132
0 0 8242
1 6554 6554
-1
-1
0 0 6989
0 0 6144
0 0 7174
0 0 4068
1 9120 9120
0 0 16278
1 25605 25605
1 5253 5253
-1
1 446 446
1 5700 5700
-1
1 9244 9244
1 23966 23966
-1
1 13878 13878
0 0 564
1 4727 4727
0 0 14070
0 0 13583
-1
-1
1 10679 10679
0 0 2931
-1
0 0 9927
-1
-1
-1
0 0 2876
0 0 5905
-1
0 0 5506
-1
-1
0 0 2400
1 5105 5105
0 0 10772
-1
-1
-1
-1
1 13890 13890
1 28314 28314
0 0 8647
-1
-1
1 14094 14094
-1
0 0 13155
1 9130 9130
1 21590 21590
0 0 95
0 0 12565
-1
1 8467 8467
1 12902 12902
-1
1 16836 16836
0 0 6132
-1
0 0 12196
1 16420 16420
0 0 6400
-1
0 0 7288
1 1627 1627
0 0 14020
-1
-1
0 0 7741
-1
0 0 4862
-1
-1
1 18855 18855
0 0 5257
1 5518 5518
-1
0 0 13590
0 0 9824
1 22352 22352
0 0 187
0 0 4222
0 0 916
-1
-1
1 16085 16085
-1
1 23961 23961
0 0 7530
0 0 8254
1 19294 19294
1 3402 3402
0 0 9589
0 0 6813
0 0 4562
1 23567 23567
1 16484 16484
0 0 6830
-1
0 0 9748
0 0 4154
-1
1 25986 25986
0 0 1099
0 0 16281
1 7442 7442
1 5094 5094
0 0 465
1 4635 4635
-1
1 28128 28128
-1
-1
1 30033 30033
-1
0 0 1278
1 12364 12364
1 7534 7534
1 32575 32575
-1
-1
-1
0 0 6729
1 31166 31166
-1
0 0 14157
1 13914 13914
0 0 10916
0 0 5548
-1
0 0 435
0 0 213
0 0 417
1 15535 15535
-1
0 0 15620
0 0 12114
-1
1 842 842
1 13511 13511
1 6176 6176
0 0 3615
0 0 5628
1 21011 21011
1 8753 8753
-1
1 20635 20635
0 0 11564
1 14780 14780
0 0 5390
-1
0 0 1638
1 10377 10377
1 10207 10207
-1
0 0 7922
1 6083 6083
1 23394 23394
1 8614 8614
1 17884 17884
-1
0 0 12441
1 20536 20536
1 32560 32560
1 22563 22563
1 19809 19809
1 31555 31555
-1
1 7956 7956
-1
0 0 6975
1 25151 25151
-1
1 5551 5551
0 0 1829
-1
0 0 7632
-1
1 29222 29222
1 8024 8024
0 0 9072
1 4642 4642
-1
1 25398 25398
-1
0 0 5270
0 0 15717
1 13054 13054
1 24662 24662
-1
1 3275 3275
0 0 1925
1 265 265
0 0 2009
0 0 9509
0 0 5884
-1
-1
1 32768 32768
-1
0 0 7647
-1
-1
0 0 676
1 16918 16918
-1
0 0 11785
1 3262 3262
-1
0 0 10866
1 4240 4240
1 25144 25144
-1
-1
1 16001 16001
1 25898 25898
1 12463 12463
0 0 12957
0 0 11047
0 0 14628
-1
1 1058 1058
-1
-1
-1
0 0 8224
1 8413 8413
-1
0 0 12946
1 6632 6632
-1
-1
-1
-1
0 0 4780
-1
0 0 5699
-1
1 7316 7316
-1
-1
1 15473 15473
0 0 15757
0 0 13853
0 0 15522
-1
1 31826 31826
-1
1 23245 23245
0 0 2210
-1
1 21767 21767
0 0 4868
1 31387 31387
1 16286 16286
-1
0 0 12469
-1
-1
1 1102 1102
-1
-1
0 0 10425
0 0 1659
-1
0 0 6583
-1
0 0 10378
-1
0 0 4437
-1
0 0 2217
1 29498 29498
1 9709 9709
1 16646 16646
0 0 9040
1 1285 1285
-1
0 0 8182
1 28847 28847
0 0 5795
-1
-1
1 29815 29815
0 0 5332
1 6522 6522
-1
1 2736 2736
1 18877 18877
-1
-1
1 15964 15964
1 24949 24949
1 14408 14408
-1
1 31547 31547
0 0 9685
1 5966 5966
0 0 11577
1 11349 11349
-1
0 0 13402
-1
0 0 13626
0 0 4653
-1
1 12689 12689
-1
0 0 12477
0 0 1611
0 0 4167
-1
0 0 430
1 20054 20054
-1
-1
1 23757 23757
1 7680 7680
1 2257 2257
1 711 711
1 9852 9852
-1
-1
0 0 10070
-1
-1
0 0 1091
0 0 1205
1 10694 10694
-1
0 0 10939
1 25128 25128
-1
0 0 9602
-1
-1
0 0 11204
0 0 10711
0 0 11774
-1
1 25059 25059
0 0 4613
1 30072 30072
0 0 7343
-1
1 2524 2524
0 0 34
1 3693 3693
1 8885 8885
1 1388 1388
1 32751 32751
-1
0 0 4467
0 0 8196
-1
0 0 12095
0 0 13195
1 4737 4737
0 0 15910
1 26820 26820
0 0 1583
-1
1 20429 20429
1 11214 11214
0 0 14491
0 0 13166
0 0 13669
-1
1 22529 22529
-1
-1
-1
0 0 3264
0 0 13098
-1
0 0 11234
1 26461 26461
0 0 1328
1 13818 13818
-1
1 7842 7842
1 3326 3326
-1
1 20676 20676
-1
-1
0 0 6527
-1
1 30087 30087
1 16174 16174
1 24378 24378
0 0 1348
0 0 14169
0 0 4946
1 18611 18611
-1
0 0 3246
0 0 3261
1 5542 5542
-1
0 0 6275
1 2090 2090
0 0 11706
1 19724 19724
0 0 11721
-1
0 0 3218
1 18742 18742
-1
0 0 8849
0 0 8432
-1
0 0 6633
-1
-1
0 0 5268
0 0 13281
1 13506 13506
-1
0 0 12502
1 4107 4107
1 4754 4754
-1
0 0 4091
0 0 1537
1 15998 15998
0 0 16308
1 8079 8079
-1
1 29 29
0 0 3932
1 6594 6594
1 11737 11737
0 0 5382
1 3841 3841
-1
0 0 7596
1 24685 24685
-1
-1
0 0 12391
1 28514 28514
-1
-1
-1
0 0 6347
-1
0 0 12820
0 0 9049
0 0 858
1 7655 7655
0 0 13250
0 0 13553
-1
1 3984 3984
0 0 3367
1 24464 24464
-1
1 29488 29488
-1
1 21911 21911
0 0 15363
-1
-1
0 0 11483
-1
-1
-1
1 3090 3090
0 0 6493
1 25843 25843
1 10806 10806
-1
1 32353 32353
1 6461 6461
0 0 6362
0 0 15232
-1
0 0 11053
1 8963 8963
1 29262 29262
-1
1 32124 32124
-1
0 0 15143
1 8829 8829
1 2935 2935
-1
0 0 4685
-1
-1
1 20890 20890
-1
-1
0 0 5187
-1
0 0 16368
-1
1 10746 10746
0 0 2450
1 24833 24833
-1
1 23558 23558
0 0 15907
1 18865 18865
1 10078 10078
0 0 12698
-1
1 11134 11134
-1
-1
0 0 9083
1 21975 21975
1 29698 29698
1 8913 8913
1 18943 18943
-1
-1
-1
0 0 8543
-1
0 0 13280
1 20205 20205
0 0 3213
0 0 15281
-1
1 30658 30658
0 0 10079
-1
0 0 5797
1 28647 28647
1 15771 15771
1 3427 3427
1 25624 25624
1 4833 4833
0 0 13104
1 13325 13325
-1
1 91 91
0 0 10115
0 0 800
0 0 14955
0 0 6992
0 0 14499
-1
-1
-1
-1
1 13284 13284
0 0 5664
-1
0 0 2474
-1
-1
0 0 15026
1 3053 3053
1 11902 11902
0 0 5621
1 16950 16950
0 0 15961
1 10267 10267
1 13415 13415
1 23156 23156
1 19380 19380
0 0 4669
1 23976 23976
1 8389 8389
1 14788 14788
1 31749 31749
0 0 11817
1 20466 20466
-1
0 0 5443
-1
1 5481 5481
0 0 407
0 0 6358
0 0 15813
1 15291 15291
-1
0 0 1478
-1
-1
0 0 1771
1 11551 11551
1 24195 24195
1 21996 21996
1 9042 9042
0 0 3167
1 3437 3437
1 20258 20258
-1
1 170 170
-1
-1
1 18096 18096
-1
-1
-1
1 1971 1971
1 15577 15577
0 0 2405
0 0 14493
1 11296 11296
1 31632 31632
1 24365 24365
0 0 6436
0 0 3833
0 0 8253
1 24132 24132
-1
0 0 4275
0 0 12645
-1
1 23846 23846
1 25474 25474
-1
0 0 233
1 12228 12228
1 6282 6282
-1
-1
-1
0 0 5444
0 0 66
1 2858 2858
0 0 3384
0 0 15335
-1
0 0 6757
1 24230 24230
1 8556 8556
0 0 10468
0 0 7200
1 17266 17266
-1
0 0 3663
-1
-1
0 0 4455
1 13363 13363
1 18251 18251
1 25255 25255
0 0 5767
0 0 13934
0 0 14239
0 0 16171
1 1432 1432
0 0 7912
-1
0 0 278
-1
0 0 10709
-1
0 0 1713
-1
0 0 6518
0 0 12968
1 20062 20062
-1
-1
1 11486 11486
1 32034 32034
1 6190 6190
-1
1 16885 16885
0 0 13037
0 0 2433
-1
-1
1 850 850
-1
0 0 7180
0 0 7664
1 10621 10621
1 5303 5303
-1
1 21844 21844
1 16367 16367
-1
1 2051 2051
-1
-1
1 16751 16751
0 0 13676
-1
1 3383 3383
0 0 12708
-1
1 9637 9637
-1
0 0 12472
-1
1 21575 21575
-1
1 15676 15676
1 9471 9471
0 0 12947
1 14258 14258
1 320 320
1 7112 7112
0 0 4598
-1
-1
-1
1 325 325
1 4499 4499
1 16803 16803
0 0 4926
-1
-1
1 13314 13314
0 0 12601
1 19060 19060
-1
-1
0 0 8468
1 23351 23351
0 0 13890
-1
-1
1 12648 12648
-1
-1
1 31293 31293
1 6215 6215
-1
0 0 4329
0 0 11490
-1
0 0 11293
-1
1 99 99
-1
1 25532 25532
-1
0 0 11956
-1
1 18986 18986
-1
-1
-1
0 0 8365
1 25303 25303
1 2141 2141
1 29628 29628
1 1349 1349
0 0 10319
-1
1 4826 4826
1 12938 12938
-1
1 10733 10733
1 11738 11738
-1
0 0 10574
-1
1 9757 9757
1 11721 11721
0 0 2970
-1
-1
0 0 4953
-1
1 16899 16899
1 2689 2689
0 0 490
-1
1 5460 5460
0 0 10684
-1
-1
1 21101 21101
-1
-1
1 8982 8982
0 0 14978
0 0 2513
-1
-1
-1
1 16450 16450
0 0 4931
0 0 9565
1 5894 5894
1 57 57
0 0 9068
1 7461 7461
-1
-1
0 0 5107
-1
-1
-1
-1
-1
1 17382 17382
0 0 7394
0 0 1731
1 15979 15979
-1
-1
0 0 5356
0 0 8761
1 7012 7012
0 0 12005
1 7013 7013
1 9727 9727
0 0 12756
-1
-1
0 0 2058
-1
-1
1 20413 20413
0 0 3776
-1
1 19911 19911
1 31592 31592
1 5457 5457
1 25739 25739
-1
1 13069 13069
1 14679 14679
1 11197 11197
1 23008 23008
-1
1 9386 9386
1 10574 10574
0 0 4439
0 0 5128
0 0 7443
0 0 5111
1 26596 26596
0 0 14263
1 8935 8935
0 0 1367
-1
-1
-1
-1
1 19529 19529
0 0 5432
1 22796 22796
1 8664 8664
-1
-1
1 10881 10881
1 31964 31964
0 0 15842
1 24023 24023
-1
1 24120 24120
0 0 1937
1 9851 9851
0 0 9292
0 0 1081
0 0 11684
0 0 3871
1 26211 26211
1 21883 21883
0 0 8511
0 0 7513
1 18619 18619
-1
1 4111 4111
0 0 8515
0 0 2671
0 0 2503
0 0 16230
-1
0 0 15464
-1
0 0 10181
0 0 6629
0 0 9451
1 27294 27294
0 0 14288
1 7889 7889
1 13051 13051
1 19481 19481
1 12142 12142
0 0 7859
-1
-1
-1
0 0 3256
0 0 5841
1 4934 4934
1 30129 30129
-1
-1
-1
-1
0 0 13910
-1
0 0 9372
1 26760 26760
0 0 2351
0 0 459
1 26945 26945
-1
0 0 7105
1 27447 27447
0 0 9727
0 0 3892
-1
1 23473 23473
1 18185 18185
-1
-1
0 0 7192
0 0 5105
0 0 9987
1 10583 10583
-1
-1
-1
1 25392 25392
1 31159 31159
0 0 13242
-1
-1
0 0 11317
-1
-1
1 9536 9536
0 0 12730
0 0 12736
1 30352 30352
0 0 1819
-1
0 0 16260
-1
1 16734 16734
-1
-1
0 0 10003
-1
1 18399 18399
-1
1 18858 18858
0 0 11491
1 31582 31582
0 0 11708
1 31950 31950
-1
-1
-1
1 28082 28082
1 6902 6902
1 32278 32278
-1
-1
0 0 3103
0 0 15772
-1
-1
1 2987 2987
-1
1 21300 21300
0 0 16307
-1
-1
-1
1 9828 9828
0 0 11888
-1
-1
0 0 6657
1 15417 15417
0 0 975
0 0 997
-1
1 14805 14805
-1
1 29211 29211
1 8451 8451
1 9048 9048
-1
-1
0 0 14770
1 6149 6149
0 0 9728
1 6375 6375
0 0 6063
-1
1 17978 17978
0 0 9579
0 0 14302
0 0 919
0 0 3146
1 17300 17300
0 0 1061
0 0 884
-1
1 30677 30677
-1
0 0 166
-1
-1
0 0 12957
-1
1 21554 21554
-1
0 0 15462
1 15005 15005
1 170 170
-1
0 0 12275
-1
1 10917 10917
0 0 9172
-1
-1
0 0 6746
0 0 13909
1 16960 16960
0 0 6945
1 4782 4782
0 0 13515
0 0 7270
1 16137 16137
0 0 7191
0 0 4080
1 22141 22141
1 8769 8769
1 5906 5906
-1
-1
0 0 13039
0 0 5886
-1
0 0 7050
1 18943 18943
0 0 4971
-1
-1
-1
-1
-1
-1
1 17881 17881
1 25920 25920
1 9552 9552
0 0 964
-1
-1
0 0 15205
0 0 7215
0 0 4151
-1
1 25245 25245
-1
1 6781 6781
0 0 14608
-1
-1
-1
-1
1 6131 6131
0 0 9842
0 0 237
1 13112 13112
0 0 13088
1 16074 16074
1 14202 14202
0 0 7270
-1
-1
1 31572 31572
1 19679 19679
-1
-1
0 0 2613
0 0 3006
-1
0 0 6206
0 0 11186
0 0 11709
0 0 2371
0 0 9086
-1
0 0 10869
-1
1 15197 15197
0 0 8292
0 0 5078
0 0 1183
-1
-1
0 0 12014
1 28384 28384
1 508 508
1 3199 3199
0 0 15151
0 0 2177
1 20894 20894
0 0 10626
-1
1 17410 17410
-1
-1
1 22705 22705
1 19486 19486
0 0 14483
0 0 1390
1 19101 19101
0 0 2045
0 0 2692
-1
0 0 15878
1 23326 23326
1 25432 25432
0 0 938
1 15670 15670
-1
1 12127 12127
1 6445 6445
-1
0 0 5736
-1
-1
0 0 7283
0 0 15536
-1
0 0 16005
0 0 5206
-1
1 1233 1233
1 23521 23521
-1
-1
-1
1 21996 21996
1 27133 27133
1 15037 15037
0 0 1953
1 30830 30830
-1
1 893 893
-1
1 1612 1612
-1
1 11218 11218
-1
1 657 657
-1
1 3016 3016
0 0 196
0 0 9588
0 0 9546
0 0 13478
1 27990 27990
1 16935 16935
1 23217 23217
-1
1 22541 22541
-1
-1
-1
0 0 5841
1 20813 20813
1 26399 26399
0 0 14779
1 6798 6798
1 9997 9997
-1
1 4073 4073
0 0 8486
0 0 13872
0 0 3137
1 20341 20341
-1
1 19277 19277
1 28112 28112
0 0 4081
1 23114 23114
0 0 8446
1 23137 23137
1 20063 20063
0 0 6027
1 15678 15678
1 14961 14961
0 0 13563
1 25808 25808
-1
-1
1 13856 13856
-1
1 11484 11484
-1
-1
-1
1 29321 29321
0 0 6511
1 4840 4840
0 0 5220
1 1125 1125
1 25092 25092
1 5857 5857
1 12166 12166
-1
-1
-1
1 11437 11437
-1
-1
0 0 2376
0 0 12208
1 9433 9433
-1
-1
0 0 15013
0 0 2997
-1
1 6669 6669
0 0 140
1 22811 22811
-1
0 0 1903
-1
0 0 3408
-1
1 1381 1381
1 29983 29983
-1
-1
0 0 4926
0 0 804
-1
-1
1 23269 23269
-1
0 0 12850
1 6386 6386
1 32193 32193
0 0 8712
1 9383 9383
-1
-1
0 0 9115
0 0 9523
1 6997 6997
-1
1 20838 20838
0 0 8280
-1
0 0 4711
0 0 9143
1 13238 13238
-1
-1
-1
1 19278 19278
1 25234 25234
-1
1 32331 32331
0 0 15033
-1
1 12662 12662
1 20558 20558
0 0 8288
0 0 8058
-1
0 0 1729
0 0 9084
-1
-1
1 31050 31050
0 0 5056
-1
0 0 4191
-1
0 0 2289
0 0 45
1 8764 8764
1 167 167
-1
0 0 10576
0 0 15039
0 0 16009
0 0 8456
0 0 3897
-1
0 0 13149
-1
-1
0 0 6080
0 0 10506
1 5535 5535
-1
1 30484 30484
1 25626 25626
-1
-1
1 1810 1810
-1
-1
0 0 2805
1 13534 13534
1 14746 14746
0 0 3089
-1
1 12992 12992
0 0 10765
0 0 3400
0 0 9481
-1
1 79 79
-1
0 0 1586
-1
-1
-1
1 3274 3274
1 10642 10642
0 0 15559
0 0 2353
0 0 7553
-1
-1
1 24221 24221
1 1557 1557
0 0 15690
-1
0 0 8829
0 0 1382
0 0 8925
1 21304 21304
0 0 4799
-1
1 23515 23515
0 0 6432
-1
1 8237 8237
1 12382 12382
-1
0 0 8662
0 0 10462
1 14864 14864
0 0 1742
0 0 12232
0 0 9698
-1
0 0 1443
1 30472 30472
-1
0 0 7184
0 0 14763
-1
0 0 11580
-1
-1
1 20394 20394
1 8752 8752
1 32572 32572
-1
-1
1 25969 25969
1 28272 28272
1 21016 21016
-1
1 22891 22891
-1
0 0 10302
-1
0 0 4360
-1
0 0 5499
0 0 5693
1 12441 12441
-1
-1
1 19895 19895
0 0 6398
-1
0 0 5931
-1
-1
0 0 2594
-1
-1
0 0 14733
-1
-1
-1
1 31262 31262
0 0 1059
0 0 8018
0 0 9611
0 0 10184
-1
1 10919 10919
0 0 9666
-1
-1
1 16783 16783
1 9528 9528
-1
-1
1 8003 8003
-1
-1
-1
1 1579 1579
1 20277 20277
0 0 4136
-1
0 0 10969
-1
0 0 6445
0 0 14494
0 0 2150
-1
-1
0 0 4804
1 29804 29804
0 0 13179
0 0 910
1 22772 22772
1 7690 7690
-1
-1
-1
-1
-1
-1
1 9611 9611
-1
1 13690 13690
-1
0 0 16305
1 30157 30157
-1
0 0 3188
-1
-1
1 19276 19276
-1
1 19326 19326
0 0 847
1 18395 18395
0 0 2204
0 0 8484
0 0 1916
-1
-1
0 0 11057
-1
1 19380 19380
0 0 311
0 0 14915
0 0 11451
1 3348 3348
0 0 2973
0 0 2732
-1
0 0 6534
0 0 9831
-1
1 4407 4407
0 0 5090
1 10108 10108
1 15345 15345
-1
0 0 11970
0 0 2669
-1
-1
-1
0 0 11555
-1
0 0 812
0 0 5756
1 4955 4955
-1
0 0 5261
1 4722 4722
-1
1 9591 9591
0 0 1766
-1
-1
1 7742 7742
1 20008 20008
-1
-1
-1
1 743 743
-1
-1
-1
1 2637 2637
0 0 10668
1 14345 14345
0 0 13870
1 24220 24220
-1
-1
0 0 4470
-1
-1
1 10344 10344
1 282 282
0 0 11536
0 0 10314
0 0 12543
0 0 9934
1 27764 27764
1 8033 8033
-1
-1
0 0 8053
-1
1 26890 26890
-1
1 6496 6496
0 0 8825
0 0 13799
0 0 15672
1 13999 13999
0 0 11019
-1
0 0 4425
-1
-1
-1
0 0 13809
0 0 3504
-1
1 6808 6808
1 27633 27633
-1
0 0 13264
-1
-1
1 18232 18232
0 0 4344
1 26213 26213
1 11877 11877
0 0 4897
1 24696 24696
-1
1 19286 19286
1 25767 25767
0 0 2728
0 0 873
0 0 13452
0 0 3119
1 1846 1846
0 0 6920
1 2992 2992
-1
-1
-1
0 0 14526
0 0 157
-1
1 30403 30403
1 21959 21959
0 0 1970
-1
0 0 2928
0 0 8605
-1
-1
-1
0 0 15156
-1
0 0 10279
0 0 9446
0 0 10272
-1
-1
-1
0 0 11343
0 0 2593
0 0 1255
1 30701 30701
1 20669 20669
1 26723 26723
-1
0 0 11174
-1
0 0 8100
0 0 5968
0 0 8899
-1
0 0 3273
1 22083 22083
0 0 951
1 1351 1351
1 28646 28646
1 16993 16993
-1
-1
0 0 3254
-1
-1
0 0 1672
1 16976 16976
0 0 9590
-1
-1
-1
-1
0 0 1170
0 0 14482
0 0 4477
0 0 4143
0 0 6861
-1
0 0 13143
1 31910 31910
0 0 10337
-1
-1
0 0 7819
1 28874 28874
0 0 11607
-1
-1
1 15014 15014
-1
0 0 6419
-1
1 16524 16524
0 0 13517
1 9682 9682
1 22609 22609
-1
-1
1 6865 6865
0 0 8324
0 0 2386
1 25656 25656
0 0 12154
1 17712 17712
-1
1 20520 20520
-1
1 6206 6206
1 31002 31002
1 29874 29874
0 0 6207
1 32338 32338
1 25522 25522
1 309 309
0 0 205
0 0 6998
0 0 15640
1 23414 23414
1 9798 9798
1 30259 30259
-1
0 0 12557
1 2916 2916
-1
0 0 12342
1 16177 16177
1 25694 25694
0 0 15560
-1
0 0 9556
0 0 4304
1 8679 8679
-1
-1
1 30492 30492
-1
-1
1 28902 28902
0 0 14691
1 28846 28846
1 15275 15275
0 0 15297
0 0 4491
-1
1 4444 4444
0 0 7314
-1
1 10914 10914
1 27384 27384
0 0 13401
1 13601 13601
0 0 4316
-1
1 1520 1520
0 0 14448
-1
-1
1 12300 12300
1 21072 21072
0 0 10165
-1
1 2069 2069
0 0 11775
1 7365 7365
0 0 834
-1
-1
1 16905 16905
-1
-1
1 7770 7770
0 0 13431
-1
-1
1 23476 23476
1 29651 29651
1 6913 6913
1 22241 22241
0 0 5075
-1
0 0 1585
0 0 2769
-1
0 0 13474
1 4103 4103
-1
-1
0 0 8480
-1
1 24427 24427
0 0 5748
0 0 141
0 0 26
0 0 5239
0 0 1941
1 8420 8420
1 28601 28601
0 0 1472
0 0 3943
0 0 8745
1 1137 1137
-1
-1
0 0 31
0 0 12674
1 28432 28432
0 0 7116
-1
1 480 480
1 26025 26025
0 0 15001
-1
0 0 13271
1 13702 13702
0 0 8972
0 0 4621
-1
0 0 87
1 30099 30099
-1
1 23355 23355
-1
0 0 14516
1 30180 30180
-1
0 0 11323
-1
0 0 11969
0 0 14263
0 0 5131
1 2265 2265
-1
1 19598 19598
0 0 14085
1 10011 10011
-1
1 31310 31310
1 10830 10830
-1
-1
0 0 924
1 12477 12477
-1
0 0 7843
-1
1 23454 23454
1 25271 25271
-1
1 7312 7312
0 0 9996
-1
-1
-1
0 0 9051
1 23821 23821
1 21765 21765
-1
1 488 488
0 0 6774
1 16865 16865
-1
-1
-1
-1
0 0 9994
-1
0 0 14180
0 0 9352
1 30120 30120
-1
0 0 1817
1 28219 28219
1 11340 11340
0 0 8623
1 16275 16275
1 13117 13117
-1
1 23339 23339
1 24171 24171
0 0 2126
0 0 1186
0 0 12270
0 0 13599
1 25347 25347
0 0 12320
0 0 657
0 0 13964
0 0 735
1 29856 29856
-1
-1
-1
0 0 2992
1 3073 3073
1 2961 2961
-1
-1
1 18535 18535
1 27221 27221
-1
-1
0 0 14330
1 873 873
1 12921 12921
0 0 6445
-1
-1
1 12244 12244
0 0 14513
-1
-1
0 0 6245
1 4418 4418
0 0 2207
1 11187 11187
1 11557 11557
0 0 6279
0 0 1929
1 24267 24267
0 0 6056
-1
1 12178 12178
-1
1 32480 32480
-1
-1
1 32447 32447
1 23304 23304
1 609 609
-1
1 28416 28416
0 0 8849
-1
1 16607 16607
0 0 2163
0 0 11671
0 0 3409
1 11332 11332
1 22189 22189
1 16972 16972
-1
-1
1 26646 26646
0 0 4256
0 0 8933
-1
0 0 15474
-1
-1
-1
-1
1 14587 14587
-1
1 19017 19017
1 6876 6876
0 0 15104
1 18524 18524
1 26939 26939
-1
0 0 3117
-1
1 30643 30643
0 0 2308
0 0 5698
1 15526 15526
0 0 9494
-1
0 0 14286
-1
-1
0 0 2575
0 0 7409
1 22576 22576
0 0 14725
0 0 2118
-1
-1
1 32728 32728
-1
-1
0 0 14016
-1
0 0 3600
1 18941 18941
-1
-1
1 20766 20766
0 0 10479
1 25437 25437
-1
-1
1 8405 8405
0 0 5547
1 31572 31572
1 10416 10416
-1
1 1225 1225
1 20256 20256
1 10674 10674
0 0 7041
-1
0 0 15661
0 0 12864
0 0 4845
-1
0 0 3188
0 0 9868
1 4101 4101
0 0 7357
-1
1 19331 19331
1 32426 32426
0 0 9683
-1
-1
1 18840 18840
0 0 4964
0 0 4062
-1
1 16832 16832
0 0 9776
-1
0 0 16198
1 27576 27576
0 0 5976
0 0 11000
0 0 9242
1 19001 19001
-1
0 0 10619
-1
0 0 7249
0 0 13995
0 0 11708
0 0 13959
1 21876 21876
-1
0 0 15421
-1
0 0 15978
0 0 11664
-1
1 31599 31599
1 21260 21260
1 24765 24765
-1
0 0 16264
1 24330 24330
0 0 3674
1 28920 28920
1 7052 7052
1 13536 13536
1 27814 27814
0 0 181
0 0 12553
-1
0 0 10618
1 714 714
0 0 8940
0 0 8070
0 0 2723
0 0 3193
0 0 8524
1 15289 15289
-1
1 1955 1955
-1
-1
-1
-1
1 30582 30582
1 5867 5867
-1
-1
0 0 1549
0 0 11279
-1
-1
0 0 6112
-1
-1
1 10977 10977
-1
-1
1 28014 28014
1 30627 30627
-1
1 26038 26038
1 18787 18787
-1
0 0 7021
1 3118 3118
1 4130 4130
0 0 4648
1 52 52
0 0 9156
0 0 2201
1 18969 18969
-1
0 0 15938
-1
0 0 14557
1 32710 32710
0 0 15045
1 17487 17487
1 18268 18268
-1
1 27938 27938
-1
1 12939 12939
0 0 14540
0 0 5180
0 0 5293
0 0 7258
0 0 8985
-1
-1
0 0 14295
1 28162 28162
-1
1 828 828
0 0 24
0 0 14397
-1
-1
1 14421 14421
0 0 8907
-1
0 0 12428
1 11804 11804
1 3153 3153
1 21118 21118
1 6986 6986
0 0 14580
1 20780 20780
-1
0 0 14122
0 0 10370
-1
1 12629 12629
1 9775 9775
0 0 5132
0 0 8427
1 27381 27381
-1
0 0 8923
1 1211 1211
1 14915 14915
1 30084 30084
1 23760 23760
0 0 14453
-1
-1
0 0 927
0 0 1020
1 27748 27748
-1
-1
-1
0 0 11047
-1
-1
1 27161 27161
0 0 5259
-1
-1
0 0 3188
1 7522 7522
1 15781 15781
-1
-1
-1
0 0 2503
0 0 405
1 23994 23994
1 24648 24648
0 0 16309
-1
0 0 15753
-1
0 0 1961
1 29253 29253
1 6346 6346
-1
0 0 8982
1 19848 19848
-1
-1
-1
-1
0 0 3671
0 0 5091
1 17170 17170
0 0 9187
1 31311 31311
-1
0 0 7323
1 22947 22947
0 0 8733
0 0 10893
1 17279 17279
0 0 13876
1 32564 32564
1 1100 1100
0 0 6929
-1
0 0 8514
-1
0 0 140
0 0 9502
-1
0 0 11651
0 0 5970
1 9038 9038
1 29408 29408
0 0 6858
0 0 14562
1 3663 3663
-1
0 0 12910
0 0 8801
-1
0 0 5233
0 0 3964
0 0 3027
1 21485 21485
-1
0 0 10901
1 3777 3777
1 10159 10159
-1
0 0 5933
-1
-1
1 4694 4694
-1
-1
-1
1 11636 11636
-1
1 10466 10466
-1
0 0 12821
-1
-1
0 0 4502
1 19564 19564
0 0 11816
-1
0 0 8808
0 0 2837
-1
-1
0 0 12263
-1
0 0 400
0 0 3450
0 0 5968
-1
1 2341 2341
-1
1 13870 13870
-1
1 99 99
1 30675 30675
1 2109 2109
-1
1 19204 19204
1 16349 16349
-1
-1
-1
0 0 3075
0 0 2361
1 8557 8557
0 0 7013
0 0 12646
-1
0 0 6487
1 32630 32630
-1
-1
1 31137 31137
1 28564 28564
1 19583 19583
-1
1 21728 21728
1 23425 23425
0 0 1822
-1
0 0 1795
1 31423 31423
0 0 15005
0 0 3121
0 0 4123
1 25203 25203
0 0 1126
-1
1 3732 3732
-1
0 0 3267
0 0 13262
1 19143 19143
-1
-1
-1
1 11133 11133
-1
0 0 1297
-1
-1
1 22083 22083
0 0 5636
-1
0 0 12955
1 4584 4584
0 0 15884
-1
1 28456 28456
0 0 14253
0 0 14688
1 15533 15533
0 0 11835
1 14649 14649
1 22700 22700
0 0 4293
-1
1 11212 11212
0 0 2728
0 0 16193
1 8753 8753
-1
1 3425 3425
-1
1 14250 14250
1 856 856
0 0 2221
1 30812 30812
0 0 973
-1
1 23549 23549
0 0 7711
1 6741 6741
1 22520 22520
1 8393 8393
-1
-1
-1
0 0 5443
1 18277 18277
1 7670 7670
-1
-1
-1
0 0 3018
0 0 2538
-1
1 25831 25831
-1
0 0 14807
0 0 14158
0 0 11224
-1
1 30977 30977
1 29871 29871
0 0 6071
-1
-1
0 0 3847
0 0 7497
1 31496 31496
0 0 8441
-1
1 30700 30700
1 30265 30265
1 15318 15318
-1
0 0 3227
-1
-1
-1
-1
-1
1 9845 9845
1 21621 21621
1 19434 19434
0 0 4688
1 6607 6607
1 28212 28212
0 0 6875
-1
-1
-1
1 10555 10555
1 32421 32421
1 7095 7095
0 0 13399
1 11295 11295
-1
1 1594 1594
0 0 15245
-1
-1
-1
-1
0 0 8535
0 0 2538
1 31003 31003
-1
-1
1 27949 27949
1 9159 9159
0 0 5226
-1
-1
-1
-1
0 0 3085
1 10457 10457
-1
-1
0 0 5022
0 0 6261
0 0 3588
1 3223 3223
0 0 10032
-1
1 18140 18140
1 17056 17056
-1
1 5689 5689
-1
0 0 16096
0 0 6882
-1
1 1784 1784
-1
1 20422 20422
-1
-1
0 0 10820
-1
1 19900 19900
0 0 1390
-1
-1
1 2566 2566
0 0 12600
-1
1 13912 13912
1 2434 2434
1 9446 9446
-1
0 0 1626
1 21999 21999
-1
0 0 6626
0 0 12593
-1
1 6577 6577
0 0 3554
1 1867 1867
-1
-1
1 21314 21314
1 1343 1343
-1
-1
1 17787 17787
1 4722 4722
-1
1 7391 7391
0 0 4921
-1
1 8361 8361
-1
-1
0 0 6186
1 12141 12141
-1
1 14200 14200
-1
1 27608 27608
0 0 1089
-1
1 31075 31075
0 0 15077
1 5509 5509
-1
1 16513 16513
1 11558 11558
-1
1 19803 19803
1 27720 27720
-1
0 0 11906
0 0 11374
1 12199 12199
1 23241 23241
-1
-1
-1
0 0 7605
0 0 6383
1 2758 2758
0 0 9903
1 15156 15156
-1
-1
-1
0 0 7629
-1
-1
-1
0 0 6798
-1
-1
0 0 8258
-1
1 29392 29392
0 0 9310
0 0 510
0 0 4028
1 29549 29549
0 0 14418
-1
-1
0 0 4113
-1
-1
1 4476 4476
0 0 15858
0 0 9443
0 0 8898
-1
0 0 16034
0 0 6498
-1
-1
1 22782 22782
0 0 5927
-1
-1
0 0 11832
-1
1 11737 11737
0 0 1352
0 0 11277
1 7808 7808
-1
1 6914 6914
1 6691 6691
0 0 3203
-1
0 0 10404
0 0 15466
1 24287 24287
1 5454 5454
1 4110 4110
0 0 13965
-1
1 570 570
1 16126 16126
-1
1 18481 18481
0 0 11830
-1
-1
-1
1 23645 23645
-1
-1
1 6011 6011
1 30694 30694
1 15688 15688
-1
1 6408 6408
0 0 611
0 0 10424
-1
1 15875 15875
-1
0 0 7535
1 25278 25278
1 28380 28380
1 26630 26630
0 0 7148
-1
-1
0 0 12267
1 2339 2339
1 11049 11049
0 0 2918
-1
1 26767 26767
1 9389 9389
1 15133 15133
1 30185 30185
-1
0 0 10789
0 0 10591
-1
-1
1 25852 25852
0 0 9405
-1
-1
1 16990 16990
1 28888 28888
-1
-1
1 819 819
0 0 8019
0 0 6801
-1
1 25569 25569
1 7036 7036
1 32533 32533
0 0 1074
1 20721 20721
1 16684 16684
0 0 7858
1 26463 26463
0 0 200
1 10577 10577
1 1919 1919
1 21357 21357
0 0 4361
0 0 1509
1 17722 17722
1 27649 27649
1 3690 3690
0 0 13982
1 12620 12620
-1
-1
-1
-1
-1
-1
-1
0 0 3684
1 2174 2174
1 2352 2352
1 10671 10671
1 9878 9878
0 0 15278
0 0 14950
-1
1 26753 26753
-1
0 0 4372
0 0 5086
1 4406 4406
-1
0 0 11208
0 0 2328
-1
-1
1 25719 25719
1 25467 25467
-1
1 29774 29774
-1
-1
0 0 14606
-1
0 0 12189
0 0 5750
0 0 510
1 15835 15835
1 30765 30765
-1
0 0 6701
0 0 405
-1
0 0 9260
-1
1 11901 11901
-1
0 0 16141
1 32649 32649
-1
-1
0 0 7968
1 32396 32396
0 0 1060
1 21608 21608
-1
1 6517 6517
1 16917 16917
0 0 11662
1 11118 11118
-1
-1
0 0 14865
0 0 5818
-1
1 24690 24690
-1
0 0 2161
1 8012 8012
0 0 11383
1 2857 2857
0 0 6097
-1
1 1092 1092
1 587 587
1 9188 9188
1 3288 3288
-1
1 25341 25341
1 5785 5785
-1
0 0 9536
-1
-1
1 26790 26790
0 0 699
-1
-1
-1
0 0 2095
0 0 6817
-1
-1
0 0 16005
-1
-1
0 0 1115
-1
0 0 8412
0 0 4437
-1
-1
0 0 7151
0 0 749
1 13029 13029
0 0 6278
1 21481 21481
-1
-1
0 0 14432
-1
1 19169 19169
0 0 12727
-1
-1
-1
0 0 14690
-1
-1
0 0 12212
0 0 2318
-1
0 0 12564
1 28954 28954
0 0 12003
0 0 11261
1 8570 8570
1 23126 23126
-1
-1
1 8241 8241
1 23427 23427
-1
-1
-1
-1
1 28765 28765
-1
0 0 1011
-1
-1
-1
-1
0 0 5658
0 0 4965
1 6347 6347
0 0 15347
-1
0 0 19
0 0 1474
0 0 15936
1 28208 28208
-1
1 13596 13596
-1
-1
0 0 15742
0 0 2512
-1
1 3238 3238
1 1599 1599
1 29481 29481
1 1657 1657
-1
-1
-1
-1
1 15290 15290
0 0 15824
0 0 12628
-1
0 0 8234
-1
1 15196 15196
1 9186 9186
-1
0 0 609
-1
-1
-1
1 13326 13326
1 20198 20198
-1
0 0 7369
1 19315 19315
0 0 11016
1 12596 12596
0 0 4967
0 0 8387
-1
0 0 10298
0 0 16112
1 22462 22462
0 0 5457
0 0 14825
1 26477 26477
0 0 5755
-1
-1
1 24033 24033
1 24561 24561
0 0 14589
1 5124 5124
1 27625 27625
1 16847 16847
0 0 9846
-1
-1
1 6296 6296
0 0 9863
0 0 8500
-1
0 0 14557
1 9261 9261
0 0 13445
1 25294 25294
-1
1 7442 7442
0 0 14573
0 0 1382
0 0 4690
-1
0 0 11606
-1
-1
-1
0 0 5053
0 0 13951
0 0 1118
-1
0 0 7792
-1
1 26765 26765
1 16893 16893
0 0 9553
1 17056 17056
1 25199 25199
0 0 15400
1 17957 17957
1 19179 19179
0 0 7877
0 0 13639
0 0 14968
1 14905 14905
-1
-1
1 1845 1845
0 0 9618
-1
-1
-1
0 0 2886
-1
-1
0 0 7559
1 8723 8723
1 18545 18545
0 0 8568
0 0 4185
-1
0 0 7571
1 29987 29987
-1
-1
1 8374 8374
1 14316 14316
1 8354 8354
0 0 9948
1 17540 17540
1 10957 10957
0 0 3369
0 0 1651
1 3800 3800
-1
1 17578 17578
0 0 12718
0 0 11182
0 0 7350
-1
0 0 2538
0 0 9169
1 29249 29249
0 0 10452
-1
1 19870 19870
-1
0 0 13420
0 0 15302
-1
-1
1 7868 7868
1 21909 21909
1 18292 18292
1 7969 7969
-1
0 0 6169
1 21419 21419
0 0 15493
-1
1 22133 22133
1 31565 31565
-1
0 0 10180
1 4653 4653
1 26562 26562
-1
1 4307 4307
1 1650 1650
1 1493 1493
-1
-1
0 0 3856
0 0 13339
1 19182 19182
0 0 1960
-1
1 14841 14841
-1
1 6986 6986
1 20720 20720
-1
1 2743 2743
-1
1 27420 27420
0 0 14451
-1
0 0 4345
1 29635 29635
0 0 1622
-1
1 10176 10176
-1
0 0 11525
0 0 3332
1 15622 15622
1 27645 27645
1 25480 25480
0 0 1984
-1
1 15547 15547
1 19217 19217
0 0 6819
0 0 3105
0 0 1442
-1
1 24234 24234
-1
0 0 621
-1
1 20089 20089
-1
-1
-1
-1
0 0 13088
0 0 15419
0 0 7518
1 20785 20785
0 0 4276
-1
1 5881 5881
-1
-1
-1
1 29691 29691
0 0 14499
-1
1 27544 27544
-1
0 0 2236
0 0 11707
0 0 12218
0 0 9512
-1
-1
0 0 7746
-1
1 29363 29363
1 4704 4704
1 19491 19491
0 0 342
0 0 4365
1 11047 11047
-1
0 0 3541
1 11255 11255
1 28218 28218
-1
-1
1 21443 21443
0 0 7659
0 0 12104
0 0 16105
-1
1 9056 9056
-1
1 7265 7265
-1
1 24027 24027
1 8765 8765
1 28841 28841
1 29102 29102
1 22641 22641
0 0 1009
0 0 13163
0 0 221
0 0 10103
-1
0 0 1660
0 0 1573
1 30280 30280
0 0 1207
1 1411 1411
-1
0 0 7048
-1
1 2511 2511
0 0 7586
-1
1 8095 8095
-1
0 0 5933
0 0 15423
-1
1 3193 3193
0 0 2856
1 15104 15104
0 0 11612
1 26235 26235
-1
1 32690 32690
1 24876 24876
1 30852 30852
-1
1 20187 20187
0 0 1952
0 0 8687
-1
-1
1 12369 12369
1 16316 16316
1 28849 28849
-1
1 9724 9724
0 0 9688
0 0 15200
0 0 4690
0 0 15186
-1
0 0 10328
0 0 367
1 27631 27631
-1
-1
1 7837 7837
-1
1 20011 20011
-1
0 0 1728
1 25184 25184
-1
1 21640 21640
-1
1 14758 14758
0 0 2077
0 0 12523
-1
1 3794 3794
1 17580 17580
1 2246 2246
-1
0 0 15023
0 0 8598
0 0 4754
1 12057 12057
0 0 9606
0 0 9272
-1
-1
-1
-1
-1
-1
1 5394 5394
1 9985 9985
-1
-1
1 2748 2748
-1
-1
0 0 13585
1 24360 24360
1 27852 27852
0 0 5584
1 6776 6776
-1
0 0 2439
0 0 3619
-1
1 24534 24534
-1
1 17253 17253
0 0 14708
0 0 451
0 0 324
-1
1 8834 8834
-1
1 12036 12036
1 8256 8256
1 16835 16835
-1
0 0 12115
0 0 4465
-1
1 5190 5190
0 0 454
-1
1 1091 1091
0 0 4852
1 22452 22452
0 0 6517
0 0 12305
1 23124 23124
-1
-1
1 488 488
0 0 7707
0 0 3615
-1
-1
-1
-1
-1
-1
1 31754 31754
-1
0 0 10652
-1
0 0 2521
-1
0 0 14072
0 0 4071
-1
0 0 3230
0 0 9492
1 25167 25167
0 0 4454
0 0 10750
-1
1 4683 4683
1 21521 21521
-1
1 2683 2683
1 16068 16068
1 7457 7457
-1
1 23122 23122
-1
0 0 9320
-1
1 24611 24611
-1
1 6963 6963
0 0 7958
1 6422 6422
1 24776 24776
-1
1 8711 8711
-1
1 9109 9109
1 18889 18889
1 18090 18090
-1
0 0 7745
1 16124 16124
0 0 15751
1 19597 19597
1 27115 27115
0 0 7411
1 23440 23440
1 7022 7022
-1
-1
0 0 14903
1 15481 15481
0 0 2723
-1
1 29772 29772
0 0 9782
-1
1 13298 13298
0 0 14169
-1
0 0 8481
0 0 15367
-1
0 0 14164
-1
1 28958 28958
0 0 3156
0 0 8258
-1
0 0 5808
-1
-1
1 3871 3871
1 25563 25563
-1
0 0 8104
-1
-1
1 7560 7560
0 0 13878
-1
1 11855 11855
0 0 3854
-1
0 0 6515
1 24227 24227
0 0 3696
-1
0 0 15284
1 20191 20191
0 0 5947
0 0 11644
-1
1 2906 2906
-1
0 0 14640
1 5897 5897
-1
1 30774 30774
-1
1 17064 17064
0 0 5086
0 0 5712
-1
1 20195 20195
1 14629 14629
0 0 12468
0 0 15320
-1
1 9935 9935
0 0 11922
0 0 12567
0 0 8218
1 7398 7398
1 32345 32345
1 1216 1216
1 9961 9961
-1
0 0 14067
1 18532 18532
-1
1 10966 10966
1 24983 24983
1 10785 10785
1 5386 5386
1 28249 28249
1 28309 28309
-1
-1
0 0 12109
1 27631 27631
1 5898 5898
0 0 5577
-1
0 0 12941
-1
0 0 14728
0 0 14348
1 7278 7278
1 2801 2801
-1
0 0 6031
-1
-1
-1
-1
1 24673 24673
1 9609 9609
-1
1 28077 28077
1 31395 31395
0 0 13920
-1
1 6423 6423
-1
1 14024 14024
-1
-1
0 0 8800
1 14660 14660
0 0 10197
-1
0 0 12170
0 0 1905
0 0 15582
0 0 8924
-1
1 15828 15828
1 13029 13029
0 0 15611
-1
1 20046 20046
1 9723 9723
-1
1 8779 8779
1 28936 28936
0 0 1343
-1
-1
-1
-1
1 8550 8550
1 5715 5715
1 20917 20917
-1
1 10978 10978
0 0 10103
-1
1 30099 30099
-1
-1
-1
-1
1 20096 20096
-1
0 0 100
1 23655 23655
-1
0 0 12453
-1
1 1442 1442
1 2048 2048
1 2673 2673
1 22282 22282
-1
-1
1 28244 28244
-1
1 11287 11287
-1
-1
1 23205 23205
1 25009 25009
1 5185 5185
1 21560 21560
-1
0 0 12397
-1
0 0 16337
0 0 3783
-1
0 0 6401
0 0 9937
0 0 11232
0 0 8790
0 0 10557
1 12454 12454
0 0 6398
-1
1 28095 28095
-1
1 24248 24248
-1
1 2931 2931
1 29676 29676
1 31332 31332
1 17637 17637
0 0 16190
1 17666 17666
1 12795 12795
-1
-1
-1
-1
1 18356 18356
-1
1 1936 1936
-1
1 11149 11149
-1
1 4277 4277
-1
1 24029 24029
-1
0 0 877
1 6392 6392
-1
-1
-1
0 0 5088
1 23613 23613
-1
-1
1 1819 1819
1 213 213
1 13712 13712
0 0 12722
0 0 9934
0 0 5369
1 5269 5269
0 0 5322
1 5726 5726
0 0 9785
0 0 831
0 0 3517
1 14203 14203
1 4183 4183
-1
1 17309 17309
1 2197 2197
-1
1 8706 8706
-1
1 14672 14672
1 2827 2827
1 31876 31876
1 10134 10134
0 0 7146
1 12304 12304
-1
-1
1 10065 10065
-1
1 27086 27086
1 14443 14443
1 26228 26228
0 0 11237
0 0 15307
-1
0 0 4857
1 1807 1807
-1
0 0 12197
-1
0 0 3290
-1
1 12096 12096
0 0 15605
-1
0 0 527
1 23455 23455
1 13409 13409
0 0 2980
-1
1 237 237
-1
0 0 9204
-1
-1
0 0 6348
0 0 1571
0 0 11971
1 16363 16363
-1
0 0 4746
-1
0 0 12495
0 0 1282
-1
0 0 356
1 328 328
1 6312 6312
0 0 3518
0 0 14558
0 0 13490
-1
1 11950 11950
0 0 1072
1 18513 18513
0 0 13060
-1
1 20483 20483
1 25300 25300
0 0 386
0 0 4969
1 29878 29878
1 22163 22163
-1
-1
1 9167 9167
1 27803 27803
1 17284 17284
1 19412 19412
1 31338 31338
1 31707 31707
0 0 3183
1 29440 29440
-1
0 0 11731
1 16138 16138
0 0 1623
-1
-1
1 31483 31483
0 0 13117
0 0 13734
-1
1 29227 29227
1 21153 21153
1 22986 22986
1 29167 29167
0 0 12427
1 4738 4738
1 2377 2377
1 11390 11390
0 0 12510
1 20774 20774
1 17918 17918
-1
-1
1 11700 11700
-1
-1
0 0 13674
1 22011 22011
1 4264 4264
-1
1 21850 21850
1 12525 12525
0 0 1450
-1
1 4806 4806
-1
1 31147 31147
1 15902 15902
0 0 12566
1 10057 10057
-1
1 18374 18374
1 22311 22311
0 0 1638
-1
0 0 15276
1 4177 4177
1 32295 32295
0 0 15513
1 19420 19420
1 32204 32204
0 0 5824
-1
-1
0 0 7134
0 0 10897
1 29155 29155
0 0 7000
1 25803 25803
0 0 10493
0 0 192
-1
1 12452 12452
0 0 9996
1 1543 1543
1 20274 20274
0 0 10556
0 0 15770
0 0 1005
-1
-1
1 23848 23848
-1
0 0 12614
1 17769 17769
0 0 4663
0 0 12772
0 0 12775
0 0 11389
0 0 3157
-1
1 5166 5166
-1
-1
0 0 10071
1 21680 21680
1 2579 2579
0 0 1184
0 0 12108
0 0 5857
-1
1 10001 10001
0 0 14105
1 12723 12723
0 0 6142
1 31174 31174
-1
0 0 14235
0 0 1456
-1
0 0 4635
0 0 14834
-1
1 18262 18262
-1
0 0 12124
0 0 11544
-1
0 0 12144
1 658 658
-1
0 0 6312
0 0 12532
-1
1 25325 25325
1 6479 6479
1 26775 26775
0 0 420
0 0 14132
-1
-1
-1
1 1451 1451
0 0 15936
0 0 7167
0 0 5353
-1
-1
-1
-1
1 2751 2751
1 23900 23900
0 0 8189
0 0 1057
0 0 9403
-1
-1
0 0 16324
0 0 14687
0 0 9358
0 0 8153
0 0 12144
-1
0 0 11178
