0 0 9432
1 29655 29655
-1
0 0 56
-1
1 14562 14562
0 0 10601
0 0 7096
1 475 475
0 0 7199
0 0 10704
-1
-1
1 15700 15700
0 0 4101
0 0 2204
1 22414 22414
1 27145 27145
-1
1 11637 11637
-1
-1
1 14724 14724
1 17150 17150
1 15285 15285
-1
-1
1 26997 26997
0 0 10626
-1
-1
1 963 963
0 0 4799
0 0 10154
1 18630 18630
0 0 14152
-1
1 31190 31190
0 0 13819
0 0 8038
0 0 12586
-1
1 25971 25971
0 0 2069
1 1116 1116
0 0 9738
-1
0 0 12752
0 0 13043
0 0 5296
0 0 4688
-1
1 21121 21121
1 5421 5421
1 22031 22031
-1
-1
1 22540 22540
0 0 3365
1 25523 25523
1 5020 5020
1 6289 6289
-1
0 0 3838
1 12079 12079
0 0 235
0 0 2648
1 6570 6570
-1
-1
0 0 988
1 30668 30668
-1
-1
1 27724 27724
-1
1 29226 29226
1 3413 3413
1 24628 24628
-1
1 31682 31682
-1
-1
0 0 12796
-1
1 9950 9950
1 13531 13531
-1
-1
-1
1 10336 10336
0 0 2797
-1
0 0 13700
1 21961 21961
-1
-1
1 26783 26783
1 16658 16658
1 766 766
0 0 8944
1 7816 7816
0 0 6830
1 27566 27566
0 0 14417
-1
-1
0 0 4196
0 0 11114
0 0 15145
1 14386 14386
0 0 5571
-1
0 0 3873
0 0 12186
0 0 10353
0 0 3981
1 26525 26525
1 1318 1318
0 0 2060
-1
0 0 922
-1
-1
-1
-1
1 21847 21847
-1
1 6464 6464
-1
-1
0 0 13798
1 6161 6161
0 0 1635
0 0 8720
0 0 12761
1 1272 1272
1 12101 12101
0 0 15116
1 1832 1832
-1
0 0 7719
0 0 3984
-1
-1
-1
1 28130 28130
1 13797 13797
-1
0 0 3669
0 0 6937
1 2469 2469
1 90 90
1 602 602
1 11141 11141
0 0 4979
0 0 9446
1 5200 5200
1 11125 11125
-1
0 0 8207
0 0 1026
-1
-1
0 0 3431
0 0 5369
-1
-1
-1
-1
0 0 13253
0 0 11336
1 12734 12734
-1
-1
-1
-1
1 13245 13245
0 0 13204
0 0 6689
0 0 7091
1 19270 19270
-1
1 11572 11572
1 15254 15254
1 15414 15414
0 0 10122
0 0 5158
-1
0 0 10960
-1
1 32022 32022
1 8673 8673
-1
-1
-1
1 6489 6489
1 6990 6990
1 520 520
-1
-1
0 0 15142
1 11014 11014
0 0 13090
-1
-1
-1
0 0 13548
0 0 4014
1 19412 19412
-1
0 0 5789
1 1038 1038
-1
1 14219 14219
1 25605 25605
1 3622 3622
0 0 260
-1
1 9886 9886
-1
0 0 2184
-1
0 0 2133
1 456 456
1 6017 6017
0 0 1062
-1
-1
-1
1 4013 4013
1 267 267
0 0 3800
-1
-1
0 0 8385
-1
1 4280 4280
-1
1 19119 19119
0 0 5575
-1
0 0 15167
1 16908 16908
-1
0 0 13588
-1
0 0 11180
0 0 13733
1 24849 24849
1 28266 28266
-1
1 10972 10972
-1
0 0 14040
-1
0 0 12682
1 14953 14953
1 967 967
-1
0 0 15208
1 20366 20366
-1
-1
0 0 6060
-1
1 17684 17684
0 0 7620
-1
0 0 12182
0 0 156
-1
0 0 10593
0 0 1146
0 0 3463
-1
0 0 15185
1 9455 9455
-1
1 28783 28783
0 0 801
-1
0 0 3160
-1
0 0 14380
-1
1 5775 5775
0 0 12740
0 0 1153
-1
1 19259 19259
-1
-1
0 0 3706
1 5271 5271
-1
-1
0 0 4272
1 2600 2600
-1
0 0 13425
0 0 10864
1 1944 1944
-1
-1
1 26749 26749
-1
1 1087 1087
-1
-1
1 3185 3185
1 22664 22664
0 0 10535
0 0 12258
0 0 12080
0 0 7622
-1
0 0 6730
-1
0 0 10922
0 0 15211
1 2252 2252
-1
1 7080 7080
0 0 1341
0 0 10692
1 27228 27228
1 4249 4249
-1
1 11624 11624
1 32324 32324
-1
-1
0 0 5001
1 6248 6248
1 13020 13020
-1
0 0 6102
0 0 4379
-1
0 0 2804
-1
-1
0 0 15473
0 0 344
1 23024 23024
-1
1 6662 6662
0 0 15172
-1
0 0 4095
1 945 945
1 28623 28623
0 0 5987
1 6923 6923
-1
0 0 3681
-1
1 19457 19457
0 0 5190
0 0 1794
-1
1 30888 30888
0 0 10095
0 0 15503
-1
0 0 10611
0 0 8317
0 0 1406
1 23491 23491
0 0 2471
1 1243 1243
0 0 9527
-1
-1
0 0 15711
0 0 1363
0 0 4393
0 0 11388
-1
-1
1 2500 2500
-1
0 0 5104
1 30508 30508
-1
1 29159 29159
1 13678 13678
1 11861 11861
0 0 10397
1 2247 2247
1 3746 3746
0 0 10366
0 0 14525
1 4244 4244
0 0 14407
0 0 2787
-1
-1
1 14731 14731
1 32451 32451
0 0 5375
1 16830 16830
0 0 11224
0 0 7663
0 0 2828
-1
1 18270 18270
0 0 3767
0 0 789
1 15457 15457
1 8631 8631
0 0 2901
1 8234 8234
1 11949 11949
1 15138 15138
1 20524 20524
0 0 1352
1 12731 12731
1 20937 20937
0 0 9530
1 8921 8921
1 12269 12269
1 19482 19482
1 4200 4200
-1
1 7497 7497
-1
-1
1 7451 7451
-1
1 13773 13773
-1
1 6050 6050
0 0 2659
0 0 9968
0 0 2750
1 20006 20006
1 26024 26024
0 0 1023
0 0 5926
0 0 2396
1 6194 6194
0 0 14007
1 11413 11413
1 1389 1389
0 0 5902
-1
1 32273 32273
1 15069 15069
-1
-1
-1
0 0 14675
1 4276 4276
1 10805 10805
0 0 12227
-1
0 0 6915
-1
0 0 54
-1
-1
0 0 1921
0 0 5550
-1
1 13224 13224
-1
-1
-1
0 0 8827
-1
0 0 14399
-1
0 0 4565
-1
1 10940 10940
1 3791 3791
1 15518 15518
-1
-1
-1
-1
-1
-1
0 0 4848
1 14938 14938
-1
0 0 2254
0 0 5679
1 12811 12811
1 6367 6367
-1
-1
0 0 1892
1 24170 24170
1 27312 27312
-1
1 1441 1441
0 0 13478
1 28221 28221
0 0 16118
0 0 9826
0 0 9508
-1
0 0 3451
1 22028 22028
1 19166 19166
-1
0 0 10439
-1
-1
1 9608 9608
0 0 14661
0 0 14277
-1
-1
0 0 12517
-1
-1
-1
0 0 11862
-1
0 0 15132
-1
1 20630 20630
1 11897 11897
0 0 16033
-1
-1
0 0 6393
1 4364 4364
0 0 496
1 16421 16421
-1
-1
-1
-1
1 26262 26262
-1
-1
0 0 4470
-1
-1
0 0 13004
0 0 14902
-1
1 1913 1913
0 0 8887
-1
1 25928 25928
0 0 4713
1 11169 11169
0 0 11784
0 0 14454
1 3484 3484
-1
-1
1 29530 29530
0 0 615
-1
1 4394 4394
1 8156 8156
-1
-1
0 0 7541
0 0 10609
1 2971 2971
-1
1 9487 9487
1 19591 19591
-1
-1
-1
-1
-1
0 0 967
1 8530 8530
-1
1 11318 11318
1 32523 32523
0 0 9300
-1
-1
1 31250 31250
1 22475 22475
0 0 4389
0 0 6181
-1
-1
-1
-1
-1
0 0 6470
1 30365 30365
1 15063 15063
-1
-1
-1
-1
-1
0 0 502
1 16161 16161
0 0 13408
1 5811 5811
1 1667 1667
0 0 7969
1 20779 20779
-1
1 22143 22143
-1
-1
0 0 9050
0 0 16142
-1
-1
-1
0 0 7821
-1
1 28547 28547
-1
0 0 12192
1 10669 10669
0 0 14718
-1
-1
-1
1 16228 16228
1 12497 12497
1 12068 12068
1 29186 29186
-1
0 0 4244
0 0 3456
-1
1 16567 16567
1 5831 5831
1 828 828
1 19668 19668
-1
1 15911 15911
0 0 6297
-1
1 11680 11680
-1
0 0 10399
-1
0 0 2321
1 14864 14864
0 0 7329
1 23840 23840
0 0 3651
-1
-1
0 0 3279
1 19488 19488
-1
1 8002 8002
1 15274 15274
0 0 10245
0 0 3922
0 0 14730
1 18706 18706
0 0 724
0 0 8138
0 0 7108
1 26446 26446
1 1815 1815
0 0 4428
-1
-1
-1
1 6474 6474
1 3756 3756
0 0 11428
1 19661 19661
0 0 13973
1 10063 10063
1 1190 1190
-1
0 0 2319
1 14719 14719
-1
0 0 9289
1 26859 26859
0 0 8863
-1
-1
1 4541 4541
0 0 4747
-1
-1
1 20132 20132
-1
0 0 4625
-1
1 30228 30228
0 0 13157
1 19296 19296
-1
1 30053 30053
0 0 7780
0 0 1140
-1
0 0 12712
-1
-1
1 16883 16883
1 8825 8825
0 0 4807
0 0 11191
-1
0 0 2544
-1
1 4885 4885
0 0 8821
-1
0 0 4973
-1
-1
0 0 5175
-1
-1
1 23209 23209
-1
1 10467 10467
-1
-1
-1
1 30208 30208
1 6427 6427
-1
1 2670 2670
1 25628 25628
0 0 14965
0 0 9679
0 0 12222
0 0 888
-1
1 3668 3668
1 4819 4819
0 0 6302
-1
1 11240 11240
-1
-1
1 28252 28252
1 8907 8907
0 0 12518
1 22838 22838
1 29590 29590
1 20149 20149
-1
0 0 249
0 0 5481
1 22303 22303
0 0 12564
-1
0 0 12706
-1
-1
-1
-1
0 0 3738
1 7411 7411
1 28366 28366
0 0 5278
0 0 13204
1 4363 4363
0 0 3615
1 22877 22877
-1
0 0 1212
-1
1 5344 5344
-1
-1
0 0 11165
0 0 16149
1 13175 13175
1 23880 23880
0 0 2247
1 10185 10185
0 0 15120
-1
-1
1 12006 12006
-1
-1
1 32490 32490
1 26068 26068
0 0 1665
-1
-1
1 3722 3722
0 0 1246
1 10293 10293
1 12830 12830
0 0 4752
-1
0 0 7583
0 0 5288
1 14933 14933
1 29125 29125
0 0 2262
1 17889 17889
-1
0 0 6742
-1
-1
-1
-1
-1
0 0 8851
1 31532 31532
1 20542 20542
-1
0 0 4531
-1
-1
0 0 8879
1 31523 31523
1 10598 10598
1 20287 20287
1 478 478
0 0 5108
0 0 12895
1 23280 23280
-1
1 17229 17229
1 10195 10195
-1
1 24919 24919
1 19305 19305
0 0 12610
0 0 9642
1 30379 30379
-1
1 6098 6098
-1
1 31986 31986
1 26557 26557
1 22627 22627
-1
0 0 11594
1 10555 10555
-1
0 0 6951
0 0 11438
1 28411 28411
0 0 10378
-1
-1
0 0 3989
0 0 3739
1 23997 23997
-1
1 15224 15224
1 410 410
0 0 262
1 21996 21996
1 30617 30617
-1
-1
-1
1 24519 24519
0 0 3222
1 287 287
1 17334 17334
0 0 1951
0 0 10430
0 0 7676
1 12281 12281
-1
-1
0 0 348
1 21220 21220
-1
0 0 7745
-1
0 0 5553
-1
1 32177 32177
-1
1 21060 21060
0 0 14367
0 0 14404
1 25022 25022
-1
-1
-1
1 12373 12373
-1
1 25668 25668
-1
-1
1 28211 28211
1 941 941
0 0 12998
0 0 10801
0 0 8710
1 3283 3283
-1
1 28211 28211
-1
0 0 844
-1
0 0 1414
0 0 5544
1 6113 6113
-1
0 0 9634
0 0 11446
1 28182 28182
1 23462 23462
-1
1 3194 3194
1 13219 13219
1 4763 4763
-1
1 26314 26314
1 5753 5753
1 11338 11338
-1
-1
0 0 12102
1 4431 4431
0 0 13943
-1
-1
1 3813 3813
1 18017 18017
1 753 753
-1
0 0 8376
0 0 1511
0 0 114
0 0 579
1 3828 3828
0 0 3637
1 32537 32537
0 0 9848
0 0 6349
0 0 13909
-1
-1
-1
-1
0 0 12653
0 0 14154
-1
1 12102 12102
0 0 2422
1 14443 14443
0 0 13391
0 0 5041
0 0 9890
0 0 15834
-1
0 0 3027
-1
0 0 6021
1 7286 7286
1 6234 6234
-1
-1
0 0 11037
1 24078 24078
1 1352 1352
-1
-1
-1
-1
1 1920 1920
-1
0 0 16258
-1
-1
-1
0 0 12700
1 16553 16553
0 0 13098
0 0 8191
-1
1 9314 9314
-1
1 18588 18588
1 4777 4777
0 0 9367
0 0 2173
1 16711 16711
-1
0 0 10743
-1
-1
1 19341 19341
0 0 5294
0 0 13331
-1
0 0 14103
0 0 4176
-1
-1
0 0 12196
-1
0 0 7782
1 21620 21620
1 7056 7056
0 0 5651
-1
0 0 13066
0 0 1472
-1
0 0 4113
1 27090 27090
1 472 472
0 0 1846
0 0 13241
1 17281 17281
1 18970 18970
0 0 3659
-1
0 0 3726
1 18188 18188
0 0 4815
-1
1 16704 16704
0 0 4253
1 26469 26469
-1
1 1455 1455
-1
0 0 13078
1 5978 5978
0 0 8935
0 0 14755
-1
0 0 4363
-1
1 7053 7053
1 10945 10945
1 32533 32533
-1
1 20194 20194
0 0 16325
1 24895 24895
-1
1 31780 31780
0 0 549
-1
0 0 2119
0 0 8058
1 17082 17082
-1
-1
-1
-1
1 8132 8132
-1
-1
0 0 2173
0 0 9687
0 0 16237
0 0 5771
1 10541 10541
-1
0 0 596
1 21838 21838
-1
-1
0 0 3974
0 0 3102
0 0 15056
0 0 3994
1 29527 29527
-1
1 30493 30493
0 0 6005
-1
-1
-1
0 0 13353
1 9988 9988
0 0 4412
0 0 15213
0 0 6912
0 0 11355
1 22204 22204
-1
-1
-1
0 0 15489
-1
-1
-1
1 11870 11870
1 31970 31970
1 23872 23872
1 8330 8330
1 22176 22176
-1
-1
1 18787 18787
1 27359 27359
0 0 6146
0 0 12925
-1
-1
-1
0 0 10033
0 0 5477
0 0 12417
1 8324 8324
0 0 73
1 15906 15906
0 0 13044
0 0 6683
-1
1 30460 30460
1 18895 18895
0 0 11206
-1
-1
-1
-1
1 3057 3057
0 0 8232
0 0 2372
1 13451 13451
0 0 13050
-1
0 0 1086
-1
0 0 9015
1 2920 2920
-1
1 15661 15661
0 0 9939
-1
-1
0 0 5987
1 17642 17642
0 0 3983
-1
1 28000 28000
-1
0 0 9876
-1
0 0 6919
-1
0 0 10824
0 0 2138
0 0 935
-1
0 0 7740
0 0 5338
1 17281 17281
0 0 507
0 0 13198
0 0 4458
-1
0 0 11455
1 3174 3174
0 0 7697
0 0 7254
0 0 25
0 0 8751
0 0 7037
-1
1 5753 5753
-1
1 17522 17522
-1
1 22464 22464
-1
-1
-1
0 0 4476
0 0 1451
1 4486 4486
1 30627 30627
-1
0 0 14427
0 0 4694
-1
1 7060 7060
-1
1 16005 16005
1 3015 3015
1 21228 21228
-1
-1
-1
0 0 4752
-1
0 0 362
1 15448 15448
0 0 6682
-1
-1
1 7370 7370
0 0 7768
0 0 12544
-1
0 0 10513
1 3108 3108
-1
0 0 15841
-1
0 0 974
0 0 14326
-1
-1
1 16945 16945
-1
-1
0 0 9344
1 9080 9080
1 1765 1765
1 15696 15696
-1
0 0 3847
0 0 1674
0 0 5737
1 13248 13248
0 0 15115
0 0 8626
-1
-1
-1
-1
-1
1 30143 30143
-1
-1
1 25175 25175
1 82 82
-1
-1
-1
0 0 15093
0 0 4123
-1
1 19405 19405
0 0 13184
1 5480 5480
-1
1 22738 22738
0 0 4280
0 0 15953
0 0 4184
0 0 5034
0 0 10619
-1
0 0 13665
1 30981 30981
-1
1 14757 14757
-1
1 20053 20053
0 0 14433
-1
0 0 6320
-1
-1
1 22101 22101
-1
1 1649 1649
1 15151 15151
1 11926 11926
0 0 12344
-1
1 22935 22935
-1
1 18771 18771
-1
0 0 9637
-1
0 0 14981
0 0 5568
0 0 12705
0 0 8745
-1
1 15828 15828
-1
0 0 16112
0 0 10055
1 5722 5722
-1
1 7432 7432
1 32642 32642
1 13732 13732
1 6145 6145
-1
-1
-1
-1
1 1088 1088
0 0 11647
-1
0 0 14075
0 0 13202
1 6405 6405
1 11221 11221
1 25368 25368
-1
-1
-1
-1
-1
0 0 505
-1
0 0 10461
1 22472 22472
0 0 12503
1 525 525
1 17240 17240
-1
0 0 9181
1 3601 3601
1 27532 27532
0 0 1729
-1
-1
1 413 413
-1
-1
-1
-1
-1
-1
1 24372 24372
-1
0 0 11041
0 0 845
0 0 1051
1 1452 1452
-1
-1
0 0 12873
0 0 10920
-1
1 3497 3497
1 8275 8275
1 28694 28694
1 21573 21573
-1
0 0 6816
-1
-1
0 0 4804
0 0 5301
1 31202 31202
-1
1 31425 31425
1 23971 23971
-1
1 27045 27045
0 0 6379
0 0 13824
0 0 7135
-1
-1
0 0 2862
1 10317 10317
0 0 8342
1 6255 6255
-1
1 29846 29846
1 21311 21311
1 29882 29882
0 0 2602
0 0 6344
-1
-1
1 29945 29945
1 406 406
-1
1 20366 20366
-1
-1
-1
1 30518 30518
-1
0 0 791
1 2745 2745
1 12846 12846
0 0 104
-1
0 0 3246
-1
1 13414 13414
-1
-1
1 16469 16469
0 0 2864
1 18010 18010
-1
1 32197 32197
1 2813 2813
-1
-1
1 2051 2051
0 0 12192
1 11338 11338
0 0 11906
-1
1 26480 26480
0 0 1213
-1
0 0 10425
-1
0 0 13058
-1
0 0 1538
0 0 6146
-1
0 0 6395
0 0 14225
1 12234 12234
-1
-1
-1
0 0 1951
1 30807 30807
1 6252 6252
1 3534 3534
1 16509 16509
0 0 1194
-1
0 0 4845
-1
-1
-1
-1
-1
1 16576 16576
0 0 15768
1 17456 17456
1 28922 28922
1 19203 19203
1 9312 9312
-1
1 13626 13626
1 1965 1965
1 31251 31251
0 0 14745
-1
-1
-1
0 0 1135
-1
1 8358 8358
0 0 15747
-1
-1
-1
-1
-1
1 13813 13813
-1
0 0 11937
-1
0 0 3174
1 19402 19402
0 0 10799
1 24908 24908
1 19350 19350
-1
0 0 2078
1 12712 12712
1 19157 19157
0 0 9400
0 0 13499
0 0 10162
0 0 6251
-1
0 0 12755
-1
-1
1 8009 8009
0 0 14841
-1
-1
1 11983 11983
0 0 11196
0 0 4939
-1
-1
0 0 15603
-1
-1
0 0 13701
0 0 13811
0 0 7587
0 0 14716
-1
0 0 13525
-1
-1
1 25570 25570
0 0 14515
0 0 2840
1 28228 28228
-1
1 27090 27090
-1
-1
1 4001 4001
-1
1 13743 13743
-1
0 0 12786
0 0 5272
-1
0 0 14328
-1
0 0 341
0 0 1327
0 0 9595
1 29147 29147
1 11998 11998
1 7880 7880
0 0 9209
0 0 4133
-1
-1
0 0 15827
1 6610 6610
0 0 5398
0 0 11419
-1
-1
0 0 6647
0 0 6276
0 0 2626
-1
0 0 8538
0 0 1435
1 18686 18686
0 0 9782
1 32348 32348
-1
-1
1 1717 1717
1 26695 26695
1 11078 11078
1 31379 31379
1 6134 6134
1 12761 12761
0 0 11788
-1
0 0 7517
0 0 4477
0 0 1297
0 0 13180
-1
-1
0 0 10586
-1
1 1781 1781
0 0 12691
-1
1 10516 10516
1 29941 29941
-1
0 0 185
-1
-1
1 20828 20828
-1
0 0 5125
1 10438 10438
1 14844 14844
-1
1 22428 22428
-1
1 7795 7795
0 0 4177
-1
1 26996 26996
0 0 11555
-1
1 7659 7659
-1
1 21375 21375
1 7955 7955
0 0 11052
1 11211 11211
1 28969 28969
0 0 1702
1 32137 32137
1 10028 10028
1 8661 8661
1 10689 10689
0 0 4254
0 0 364
-1
1 18091 18091
-1
-1
1 13067 13067
-1
1 15 15
-1
0 0 6245
0 0 12350
1 23815 23815
-1
1 30965 30965
0 0 13188
1 1845 1845
0 0 6470
0 0 6297
1 1626 1626
-1
1 28807 28807
1 32169 32169
1 1245 1245
-1
1 6286 6286
1 30598 30598
1 26147 26147
1 2366 2366
-1
1 13178 13178
-1
0 0 1704
1 19961 19961
-1
0 0 16378
0 0 2649
-1
-1
1 20439 20439
-1
-1
0 0 9219
1 30251 30251
-1
1 9440 9440
0 0 12934
1 21943 21943
0 0 13787
-1
1 11228 11228
1 23908 23908
0 0 11348
1 25587 25587
-1
0 0 4447
-1
1 6397 6397
-1
1 3195 3195
0 0 13370
1 3542 3542
1 9558 9558
-1
-1
-1
0 0 14942
-1
1 700 700
1 29879 29879
0 0 4669
-1
-1
-1
0 0 4728
-1
-1
0 0 128
1 4092 4092
1 1005 1005
1 26112 26112
-1
1 32644 32644
0 0 4015
1 21523 21523
-1
-1
0 0 4093
0 0 2444
0 0 3116
-1
1 28563 28563
0 0 566
-1
1 17576 17576
1 6047 6047
-1
1 18670 18670
-1
1 3001 3001
0 0 10476
-1
0 0 5982
0 0 526
0 0 5439
0 0 15185
-1
1 26667 26667
0 0 3531
1 23447 23447
1 26369 26369
-1
1 1877 1877
0 0 5634
-1
0 0 13764
-1
1 11288 11288
0 0 15685
0 0 12774
0 0 2097
-1
1 25075 25075
-1
0 0 820
1 26577 26577
-1
-1
0 0 6852
-1
0 0 13036
-1
0 0 7586
-1
1 260 260
0 0 15097
-1
0 0 11452
1 1232 1232
0 0 4477
0 0 6661
1 18401 18401
-1
1 15347 15347
-1
1 25616 25616
0 0 9063
1 8482 8482
1 1343 1343
1 1873 1873
1 28622 28622
1 5495 5495
1 17478 17478
1 212 212
0 0 6660
0 0 13442
1 22438 22438
0 0 1046
-1
-1
-1
-1
-1
0 0 3934
1 14406 14406
-1
-1
-1
-1
-1
-1
-1
-1
-1
-1
0 0 6689
-1
1 7159 7159
1 25841 25841
0 0 12214
-1
0 0 15143
1 20727 20727
0 0 3613
1 20484 20484
0 0 58
1 17965 17965
-1
0 0 4275
1 20254 20254
-1
-1
-1
1 13793 13793
-1
-1
1 536 536
-1
0 0 6483
-1
0 0 8540
0 0 10692
-1
1 26749 26749
1 475 475
-1
0 0 15498
1 18713 18713
1 16914 16914
-1
1 12562 12562
1 1447 1447
-1
-1
1 23366 23366
-1
-1
0 0 5632
-1
0 0 9786
-1
1 28642 28642
1 20878 20878
-1
-1
-1
-1
-1
0 0 2302
1 19574 19574
-1
-1
-1
0 0 8354
1 8826 8826
0 0 10455
-1
1 30584 30584
0 0 8825
1 20920 20920
-1
1 14426 14426
0 0 4152
-1
-1
-1
-1
0 0 772
1 13326 13326
-1
0 0 16336
0 0 4615
0 0 438
0 0 11997
-1
-1
0 0 11323
-1
1 15228 15228
-1
-1
-1
-1
-1
-1
0 0 14821
0 0 6109
1 4991 4991
-1
-1
-1
-1
-1
-1
-1
1 18158 18158
1 21490 21490
0 0 11567
1 8280 8280
0 0 15306
-1
-1
-1
1 5096 5096
-1
1 19432 19432
-1
1 20507 20507
-1
0 0 1209
0 0 5064
0 0 8517
1 10493 10493
1 8410 8410
1 21640 21640
0 0 7960
1 10879 10879
0 0 15151
1 1896 1896
-1
-1
-1
0 0 14969
-1
-1
-1
0 0 16117
-1
-1
0 0 15479
-1
1 23353 23353
1 18050 18050
0 0 4952
1 14413 14413
1 19265 19265
0 0 15166
0 0 5844
-1
0 0 11763
0 0 15414
1 26097 26097
0 0 14850
-1
1 25240 25240
-1
1 15669 15669
-1
0 0 8326
1 5181 5181
0 0 10082
0 0 3841
1 21525 21525
0 0 15795
1 29587 29587
-1
-1
0 0 13713
-1
-1
1 1400 1400
1 23424 23424
1 10498 10498
0 0 11291
1 15427 15427
-1
0 0 3260
0 0 7341
1 17799 17799
1 13887 13887
1 22999 22999
-1
-1
0 0 2069
1 30229 30229
0 0 9128
0 0 9123
-1
0 0 7508
0 0 14588
1 7762 7762
-1
1 27407 27407
1 17716 17716
1 29177 29177
1 32413 32413
0 0 1061
0 0 1412
1 9582 9582
0 0 12089
0 0 5038
1 24993 24993
1 12583 12583
-1
0 0 11240
-1
0 0 2223
0 0 8491
0 0 3353
-1
-1
0 0 11380
1 26258 26258
1 569 569
0 0 11525
-1
1 17156 17156
-1
-1
1 25984 25984
1 27170 27170
-1
1 915 915
-1
1 392 392
-1
-1
1 11657 11657
0 0 12331
-1
1 28255 28255
1 4192 4192
1 26035 26035
0 0 9183
-1
-1
-1
1 31543 31543
-1
0 0 8406
1 32698 32698
-1
1 23780 23780
1 18663 18663
1 25922 25922
1 19261 19261
-1
1 31445 31445
-1
0 0 7597
-1
0 0 4138
-1
-1
-1
1 16933 16933
0 0 15287
0 0 12764
-1
-1
0 0 13437
1 6883 6883
1 19163 19163
0 0 3604
-1
-1
0 0 13901
1 15313 15313
0 0 7760
-1
0 0 3922
-1
1 20304 20304
0 0 12885
1 14262 14262
1 31097 31097
-1
-1
-1
-1
0 0 10559
0 0 10907
0 0 14878
1 4750 4750
0 0 2580
0 0 9910
-1
-1
1 29189 29189
1 14732 14732
-1
1 7038 7038
1 20340 20340
0 0 11390
0 0 1552
1 23823 23823
1 32731 32731
-1
-1
1 3829 3829
-1
-1
-1
1 31646 31646
0 0 10010
1 1605 1605
1 15946 15946
-1
1 11653 11653
1 7488 7488
-1
1 9072 9072
0 0 16324
-1
1 16819 16819
0 0 16310
0 0 1178
1 26157 26157
-1
-1
-1
-1
0 0 4656
0 0 8323
-1
0 0 8815
1 17265 17265
0 0 14120
0 0 790
1 18228 18228
-1
1 5724 5724
1 11785 11785
0 0 4487
1 30804 30804
0 0 9820
1 424 424
-1
-1
0 0 5293
0 0 10444
-1
0 0 1312
0 0 9612
1 19568 19568
0 0 8816
0 0 11325
1 27182 27182
0 0 4771
1 26663 26663
0 0 8366
1 31419 31419
0 0 9501
1 16018 16018
0 0 14072
0 0 12193
1 10986 10986
-1
0 0 8453
1 11055 11055
-1
1 29585 29585
1 15043 15043
1 30024 30024
-1
0 0 14382
0 0 11897
1 14912 14912
0 0 6004
1 8636 8636
1 13241 13241
0 0 10132
-1
0 0 14962
1 24312 24312
0 0 12798
-1
-1
-1
-1
1 17824 17824
-1
1 24896 24896
1 4784 4784
-1
1 19526 19526
0 0 8497
-1
0 0 7475
0 0 8573
0 0 3223
-1
-1
1 8095 8095
0 0 15215
0 0 1916
0 0 2821
1 27075 27075
0 0 5173
1 28531 28531
0 0 11676
-1
1 13587 13587
-1
-1
1 29938 29938
0 0 13932
1 10588 10588
0 0 11629
0 0 2662
-1
-1
0 0 959
0 0 609
1 20638 20638
-1
1 13353 13353
-1
-1
0 0 2413
-1
1 17332 17332
1 6686 6686
-1
1 15637 15637
1 10909 10909
0 0 4534
0 0 854
-1
-1
-1
1 22419 22419
1 19413 19413
1 819 819
1 1840 1840
1 30404 30404
-1
-1
1 9509 9509
0 0 2876
-1
0 0 15229
-1
-1
-1
-1
-1
0 0 5855
-1
-1
-1
1 3764 3764
-1
-1
0 0 11019
1 14322 14322
1 3295 3295
1 13259 13259
0 0 11479
1 16294 16294
1 24230 24230
-1
1 14572 14572
-1
-1
-1
0 0 10664
0 0 3976
1 11267 11267
-1
1 14619 14619
0 0 13129
1 10176 10176
-1
1 18901 18901
1 288 288
-1
0 0 11936
1 25289 25289
1 1881 1881
1 22992 22992
1 6434 6434
0 0 3778
1 20545 20545
0 0 10097
-1
0 0 3885
-1
1 13352 13352
1 6761 6761
-1
0 0 11921
0 0 9254
-1
1 116 116
1 11670 11670
0 0 10109
0 0 4694
0 0 344
0 0 5976
0 0 2994
0 0 3719
-1
0 0 2675
-1
1 27655 27655
0 0 13565
0 0 10507
1 31426 31426
-1
0 0 9227
-1
0 0 1045
1 18134 18134
1 31231 31231
0 0 5474
-1
0 0 4554
0 0 532
1 25452 25452
0 0 5143
0 0 16092
1 2118 2118
1 16996 16996
-1
-1
-1
0 0 6397
0 0 5634
-1
0 0 8010
0 0 3186
0 0 13823
-1
1 30982 30982
0 0 11868
-1
-1
0 0 13688
1 29810 29810
-1
0 0 5583
-1
-1
0 0 12952
0 0 12629
0 0 10190
0 0 6333
1 27491 27491
1 23280 23280
1 22719 22719
-1
-1
1 15607 15607
-1
-1
0 0 3142
1 31725 31725
-1
1 5707 5707
1 25178 25178
-1
-1
0 0 2166
0 0 15238
0 0 12490
1 18299 18299
-1
0 0 11788
1 12884 12884
-1
0 0 5561
0 0 9148
0 0 11409
-1
1 2928 2928
0 0 11027
1 31712 31712
0 0 5069
-1
0 0 10578
1 31251 31251
0 0 5808
0 0 1451
0 0 1467
-1
0 0 9812
-1
-1
0 0 15122
1 9001 9001
-1
1 30527 30527
-1
1 16611 16611
0 0 1285
1 17874 17874
-1
1 13978 13978
-1
1 9460 9460
1 2579 2579
-1
0 0 15658
1 14525 14525
1 10718 10718
-1
-1
1 75 75
0 0 12506
1 19260 19260
-1
0 0 3614
-1
1 21325 21325
-1
-1
-1
1 28196 28196
0 0 8352
0 0 2355
0 0 14234
1 24986 24986
1 27569 27569
0 0 6137
1 4000 4000
1 6606 6606
0 0 7101
0 0 4806
1 5052 5052
1 14243 14243
0 0 11979
-1
1 17379 17379
-1
1 9310 9310
1 6216 6216
0 0 12937
-1
1 530 530
1 18653 18653
1 9067 9067
1 17344 17344
0 0 10155
1 13675 13675
1 3251 3251
1 23492 23492
-1
-1
-1
-1
-1
1 8204 8204
-1
1 4325 4325
1 29510 29510
1 4531 4531
0 0 11391
-1
-1
1 9087 9087
-1
1 31703 31703
0 0 11756
0 0 5281
1 7939 7939
1 28672 28672
0 0 5733
-1
0 0 2303
1 3776 3776
-1
1 21789 21789
-1
-1
-1
0 0 9656
1 28335 28335
0 0 3074
0 0 2742
0 0 14747
1 597 597
0 0 5881
-1
-1
1 15069 15069
1 4682 4682
1 1992 1992
-1
1 19740 19740
1 18794 18794
-1
1 3303 3303
1 28037 28037
0 0 14906
0 0 11755
1 20280 20280
-1
1 28626 28626
1 22235 22235
1 22321 22321
-1
0 0 213
0 0 15090
1 2636 2636
-1
1 6254 6254
0 0 1517
0 0 9669
-1
1 6480 6480
0 0 7232
-1
-1
1 16069 16069
0 0 7554
1 3851 3851
-1
0 0 900
0 0 10811
1 9569 9569
1 6970 6970
-1
1 14919 14919
0 0 14210
1 19301 19301
1 21181 21181
0 0 3176
0 0 2566
0 0 15129
0 0 13306
0 0 4839
-1
1 7679 7679
1 4239 4239
0 0 8560
1 3497 3497
-1
-1
-1
1 25340 25340
1 6209 6209
1 12517 12517
0 0 10008
-1
0 0 3218
0 0 15941
-1
0 0 5489
0 0 3187
-1
0 0 8776
-1
0 0 6476
1 18703 18703
-1
-1
1 10478 10478
1 2031 2031
-1
1 19709 19709
1 12483 12483
-1
1 23784 23784
0 0 14105
1 19348 19348
1 15534 15534
-1
0 0 8762
-1
1 28581 28581
0 0 919
-1
0 0 10027
-1
0 0 14559
0 0 1171
0 0 9083
1 129 129
0 0 1283
1 28834 28834
-1
1 3991 3991
1 854 854
1 23623 23623
0 0 8507
0 0 6914
-1
-1
0 0 16047
0 0 8870
-1
-1
-1
0 0 13082
0 0 16307
1 11228 11228
0 0 1009
1 18247 18247
-1
1 21485 21485
1 25562 25562
0 0 11690
-1
1 19681 19681
1 20211 20211
-1
0 0 16180
0 0 1550
1 19126 19126
1 9195 9195
1 10094 10094
0 0 3780
-1
-1
1 31752 31752
-1
1 14870 14870
-1
0 0 9349
0 0 5906
0 0 16380
-1
0 0 10005
1 12347 12347
-1
1 7886 7886
1 20615 20615
1 18253 18253
0 0 3347
1 12699 12699
1 15646 15646
1 8533 8533
0 0 1672
0 0 2483
0 0 11689
0 0 7402
1 29017 29017
1 27106 27106
0 0 1975
1 12370 12370
0 0 8659
0 0 3
1 11546 11546
0 0 5993
-1
0 0 6727
0 0 11507
0 0 12339
1 18613 18613
1 30839 30839
0 0 16356
1 30620 30620
1 10235 10235
-1
1 20375 20375
0 0 8836
1 21334 21334
-1
-1
-1
-1
-1
0 0 2277
-1
0 0 15988
0 0 12428
0 0 8042
1 29471 29471
1 19655 19655
0 0 912
1 16 16
-1
1 4361 4361
0 0 14090
1 15946 15946
1 25029 25029
-1
0 0 3688
1 2098 2098
0 0 14917
1 23956 23956
-1
0 0 622
0 0 7684
1 11429 11429
1 23263 23263
1 30271 30271
1 8946 8946
0 0 340
0 0 4253
1 19383 19383
0 0 9792
1 7579 7579
1 27248 27248
0 0 8770
0 0 9591
-1
0 0 9943
-1
0 0 13056
0 0 7230
0 0 2164
0 0 13767
-1
1 21018 21018
-1
-1
0 0 6606
0 0 1155
0 0 16375
1 12841 12841
1 23487 23487
0 0 5114
0 0 8697
-1
-1
1 1335 1335
1 9573 9573
0 0 16050
-1
-1
1 7564 7564
1 15430 15430
0 0 6241
1 23881 23881
1 31602 31602
-1
1 12706 12706
-1
1 8807 8807
1 6386 6386
1 16311 16311
-1
1 22651 22651
0 0 5780
-1
0 0 13070
0 0 4739
-1
0 0 12493
-1
1 16165 16165
-1
-1
1 5908 5908
1 3123 3123
-1
0 0 5475
-1
-1
0 0 12322
-1
1 12923 12923
0 0 4471
1 26744 26744
1 26573 26573
0 0 2040
1 28975 28975
1 12571 12571
-1
-1
1 26753 26753
-1
1 28036 28036
1 24001 24001
0 0 14220
-1
1 30357 30357
1 27726 27726
-1
1 22387 22387
0 0 13440
0 0 14354
-1
-1
1 30800 30800
-1
1 25207 25207
1 10895 10895
0 0 6091
1 20244 20244
1 9967 9967
-1
0 0 1012
0 0 14526
-1
-1
-1
-1
0 0 1650
-1
0 0 3720
0 0 14276
1 26941 26941
0 0 9841
0 0 3667
0 0 744
1 9728 9728
-1
-1
0 0 8696
-1
1 30516 30516
0 0 901
-1
-1
0 0 844
-1
1 24724 24724
0 0 6142
-1
1 25693 25693
1 28383 28383
0 0 57
0 0 13085
1 24267 24267
1 2448 2448
-1
-1
0 0 409
-1
1 20438 20438
0 0 11889
1 11342 11342
1 9537 9537
1 11740 11740
0 0 14420
-1
0 0 3475
0 0 1848
-1
0 0 13526
1 3139 3139
-1
-1
-1
1 28322 28322
1 12777 12777
1 20417 20417
-1
-1
-1
1 14059 14059
-1
0 0 8137
0 0 13841
1 16335 16335
-1
0 0 7417
-1
1 13162 13162
1 25102 25102
-1
0 0 15776
-1
0 0 7965
0 0 7820
0 0 16334
0 0 14929
-1
0 0 6787
1 31149 31149
1 29101 29101
-1
0 0 4675
1 328 328
0 0 9889
0 0 7689
1 28869 28869
0 0 5892
-1
0 0 15018
1 13334 13334
-1
-1
1 21196 21196
0 0 15414
0 0 11677
-1
-1
0 0 243
0 0 9754
0 0 14166
-1
1 10556 10556
0 0 2099
-1
1 14355 14355
0 0 9001
-1
1 11281 11281
1 13974 13974
0 0 5463
0 0 15481
-1
0 0 14942
1 11257 11257
0 0 6139
1 2577 2577
0 0 1736
1 16001 16001
0 0 5697
-1
1 15646 15646
1 8119 8119
1 16538 16538
-1
1 26357 26357
0 0 2136
0 0 16255
0 0 1079
1 11436 11436
1 8361 8361
-1
1 30165 30165
0 0 2604
-1
-1
1 8683 8683
0 0 8077
0 0 2070
0 0 6082
0 0 5402
1 12178 12178
1 4958 4958
-1
-1
0 0 4145
1 476 476
1 14998 14998
1 27747 27747
-1
0 0 16266
1 3736 3736
0 0 2017
0 0 15962
1 2968 2968
0 0 980
0 0 7078
1 24596 24596
-1
-1
-1
0 0 10308
0 0 2750
0 0 994
0 0 1552
1 25160 25160
1 17460 17460
1 15584 15584
1 23046 23046
-1
0 0 5362
-1
-1
0 0 9746
-1
0 0 7246
-1
-1
-1
0 0 7476
1 22393 22393
1 20670 20670
1 6593 6593
-1
1 11292 11292
-1
-1
-1
0 0 8139
0 0 9653
-1
0 0 13505
-1
0 0 15969
0 0 4048
1 4008 4008
-1
-1
0 0 13138
1 5812 5812
1 5486 5486
1 18870 18870
-1
1 17143 17143
-1
-1
0 0 11627
1 23426 23426
-1
1 3624 3624
1 22004 22004
0 0 1110
1 28307 28307
1 31982 31982
0 0 6882
-1
0 0 1201
-1
-1
-1
1 22196 22196
1 30262 30262
-1
1 21188 21188
-1
1 1692 1692
0 0 7978
-1
1 13094 13094
1 31225 31225
0 0 6918
-1
1 24417 24417
-1
0 0 9468
1 24867 24867
0 0 9899
1 25868 25868
-1
-1
0 0 5990
-1
-1
1 16035 16035
1 5362 5362
-1
1 14946 14946
0 0 2938
-1
-1
1 26942 26942
-1
0 0 14323
1 28088 28088
1 15570 15570
-1
1 10880 10880
-1
0 0 6252
0 0 10482
-1
-1
1 14765 14765
1 22476 22476
0 0 400
-1
1 11987 11987
1 1010 1010
1 9930 9930
-1
-1
1 32170 32170
1 26690 26690
-1
0 0 3430
-1
0 0 14058
0 0 11873
-1
-1
-1
0 0 10511
1 11936 11936
0 0 7101
-1
1 32560 32560
0 0 14191
1 903 903
-1
-1
-1
-1
1 32188 32188
1 14786 14786
1 14534 14534
-1
1 3053 3053
0 0 8156
-1
1 13474 13474
-1
1 27469 27469
1 2569 2569
1 24430 24430
0 0 12746
0 0 9441
-1
0 0 851
-1
-1
-1
1 6858 6858
-1
-1
-1
1 30356 30356
1 13702 13702
0 0 7151
1 3028 3028
-1
-1
0 0 13614
0 0 10024
1 27244 27244
-1
1 2512 2512
-1
-1
-1
0 0 4619
1 28264 28264
-1
0 0 4327
1 24718 24718
-1
1 19963 19963
1 31745 31745
1 22174 22174
1 19046 19046
1 2869 2869
0 0 532
1 29742 29742
0 0 548
1 19644 19644
-1
1 29738 29738
1 28198 28198
-1
1 2165 2165
-1
0 0 9593
1 25842 25842
-1
1 16175 16175
1 14278 14278
0 0 10005
-1
0 0 1490
-1
-1
1 14762 14762
0 0 3377
0 0 5073
-1
-1
0 0 9331
0 0 4874
0 0 11593
0 0 9829
-1
-1
-1
1 18455 18455
1 21981 21981
1 13255 13255
1 2825 2825
1 21333 21333
0 0 1714
0 0 868
-1
0 0 5435
0 0 2543
-1
-1
1 4182 4182
0 0 11759
1 29195 29195
-1
-1
-1
0 0 4529
0 0 14682
-1
-1
1 7039 7039
0 0 6977
1 4772 4772
-1
0 0 13826
1 22134 22134
1 12593 12593
-1
1 24256 24256
1 21415 21415
1 19339 19339
1 11571 11571
0 0 2062
1 14063 14063
1 612 612
0 0 9271
1 6572 6572
0 0 1975
0 0 10087
0 0 2264
1 19621 19621
0 0 131
0 0 609
-1
1 31841 31841
0 0 12655
1 26011 26011
1 22944 22944
1 22749 22749
0 0 14064
0 0 8524
1 4548 4548
-1
1 31548 31548
-1
-1
1 13887 13887
-1
0 0 8761
-1
0 0 14955
-1
1 29124 29124
1 30575 30575
0 0 69
1 29104 29104
-1
0 0 5442
-1
1 5393 5393
-1
1 27576 27576
0 0 7902
-1
-1
0 0 237
1 5639 5639
0 0 9002
-1
0 0 4132
-1
0 0 12355
-1
-1
0 0 6155
-1
1 4939 4939
-1
1 7170 7170
1 8473 8473
-1
1 29433 29433
1 20956 20956
-1
1 24064 24064
0 0 14568
0 0 5672
1 7308 7308
0 0 11619
0 0 15477
1 11060 11060
0 0 2491
1 11129 11129
0 0 14234
0 0 5885
1 25028 25028
-1
-1
1 15933 15933
1 18139 18139
-1
0 0 1754
0 0 13596
-1
0 0 91
-1
1 12114 12114
0 0 299
-1
0 0 6418
0 0 14918
1 21082 21082
0 0 4678
1 24203 24203
-1
0 0 11445
0 0 14784
0 0 3277
-1
0 0 11360
1 6811 6811
0 0 7279
-1
-1
-1
0 0 5301
-1
1 32514 32514
0 0 1272
0 0 807
-1
-1
-1
1 16169 16169
0 0 2638
1 28994 28994
1 2009 2009
-1
-1
1 5942 5942
1 15811 15811
1 172 172
-1
0 0 7154
-1
-1
-1
1 25829 25829
0 0 10947
0 0 5636
1 4839 4839
-1
0 0 1517
1 12193 12193
0 0 3678
1 24455 24455
-1
0 0 13258
-1
0 0 2197
1 13261 13261
1 2327 2327
1 30553 30553
0 0 8720
-1
1 4578 4578
0 0 14907
0 0 10475
0 0 9987
1 32435 32435
0 0 4597
0 0 508
1 27341 27341
-1
-1
0 0 12669
0 0 9099
1 10602 10602
0 0 1415
0 0 2633
1 26447 26447
1 9822 9822
-1
-1
1 22983 22983
0 0 12600
0 0 11216
-1
-1
-1
-1
1 18813 18813
1 24358 24358
1 4925 4925
1 18112 18112
1 29536 29536
1 5793 5793
1 8995 8995
-1
0 0 6003
-1
1 1410 1410
-1
0 0 2287
-1
-1
0 0 11182
-1
-1
0 0 6555
1 15445 15445
-1
0 0 9742
1 17881 17881
0 0 16110
1 511 511
1 28575 28575
0 0 2888
0 0 13347
-1
1 4034 4034
-1
1 30598 30598
1 6458 6458
1 1852 1852
-1
1 8631 8631
0 0 4696
0 0 2836
-1
-1
1 2479 2479
1 1160 1160
1 18496 18496
1 12549 12549
-1
0 0 10847
-1
-1
0 0 1890
0 0 776
-1
0 0 10342
-1
1 26414 26414
-1
0 0 12174
0 0 10255
1 30884 30884
-1
1 32235 32235
0 0 328
0 0 12211
0 0 16172
-1
0 0 6352
1 26446 26446
1 21155 21155
1 18302 18302
1 4435 4435
0 0 2762
1 13878 13878
1 23898 23898
0 0 4537
-1
0 0 13846
0 0 3953
0 0 15111
0 0 15378
-1
1 22205 22205
-1
-1
0 0 11494
1 10164 10164
0 0 7332
1 23492 23492
-1
0 0 5018
-1
1 24597 24597
0 0 11227
1 2001 2001
0 0 15330
0 0 9648
0 0 10350
1 21438 21438
0 0 505
-1
-1
-1
1 12936 12936
0 0 11282
0 0 6468
0 0 11723
1 32113 32113
1 32314 32314
1 22150 22150
-1
0 0 3949
-1
1 14622 14622
1 2105 2105
1 24503 24503
-1
0 0 4234
0 0 12325
0 0 15135
1 3358 3358
1 10160 10160
-1
-1
-1
0 0 6048
-1
0 0 9020
-1
1 27029 27029
-1
-1
1 31846 31846
1 28291 28291
-1
-1
1 24857 24857
-1
0 0 6597
0 0 11380
0 0 13363
-1
0 0 2750
1 3528 3528
1 15375 15375
0 0 7925
1 3901 3901
1 10560 10560
1 32446 32446
-1
-1
-1
0 0 3902
-1
0 0 9334
-1
0 0 7070
0 0 3724
0 0 15022
-1
-1
-1
1 30614 30614
1 23380 23380
0 0 13302
0 0 3616
-1
-1
0 0 14809
1 8961 8961
1 11382 11382
0 0 7053
-1
1 21381 21381
-1
-1
1 17171 17171
1 21709 21709
1 17162 17162
1 24531 24531
-1
1 8670 8670
0 0 6597
-1
0 0 14736
-1
-1
-1
0 0 7865
0 0 4927
0 0 15297
-1
0 0 15586
-1
1 22143 22143
-1
1 30832 30832
1 4315 4315
1 31677 31677
0 0 9994
1 4911 4911
0 0 2259
-1
0 0 11428
1 20385 20385
-1
1 21913 21913
-1
1 4555 4555
0 0 5507
0 0 7535
0 0 10840
0 0 12106
-1
-1
0 0 4199
-1
-1
0 0 3715
0 0 6368
-1
0 0 2137
0 0 5492
-1
1 22414 22414
1 7559 7559
0 0 3720
-1
1 10543 10543
1 8597 8597
-1
-1
0 0 360
1 2963 2963
-1
-1
1 9009 9009
-1
-1
0 0 3567
1 31607 31607
0 0 5867
1 19964 19964
0 0 3211
-1
0 0 1104
1 17548 17548
-1
-1
0 0 9651
0 0 14860
1 16444 16444
-1
-1
0 0 8039
-1
0 0 2294
0 0 10701
0 0 8516
1 3 3
-1
0 0 12758
1 9023 9023
-1
-1
-1
1 25997 25997
0 0 5960
1 23310 23310
-1
1 22839 22839
-1
0 0 2475
0 0 1342
-1
0 0 16164
0 0 10989
-1
0 0 15658
0 0 4703
0 0 4752
-1
1 23937 23937
-1
0 0 206
-1
1 8822 8822
-1
1 23583 23583
0 0 10513
0 0 16149
0 0 15369
0 0 3120
1 11363 11363
1 16312 16312
1 20422 20422
0 0 4031
-1
0 0 5485
0 0 4629
-1
-1
0 0 12603
0 0 11287
0 0 5718
0 0 5916
-1
0 0 2754
-1
0 0 16302
0 0 1703
1 11043 11043
1 26453 26453
-1
0 0 8257
1 31683 31683
1 14595 14595
1 2212 2212
1 1309 1309
1 31845 31845
-1
-1
-1
-1
-1
1 4343 4343
1 8449 8449
1 9211 9211
-1
1 8572 8572
-1
1 25281 25281
0 0 12885
0 0 5638
-1
-1
1 23221 23221
-1
0 0 10690
0 0 6149
1 16018 16018
-1
1 23735 23735
0 0 13756
1 7437 7437
0 0 12144
1 17500 17500
1 11086 11086
1 10454 10454
-1
0 0 11010
0 0 8276
1 11521 11521
1 7575 7575
1 21734 21734
0 0 10423
0 0 1986
-1
1 18010 18010
0 0 15201
1 25535 25535
0 0 13952
-1
0 0 13768
1 3308 3308
0 0 876
0 0 2058
0 0 9604
1 28850 28850
1 16370 16370
1 15426 15426
0 0 12174
-1
0 0 6153
-1
-1
-1
1 24961 24961
0 0 10279
-1
1 31829 31829
0 0 9158
0 0 8758
1 10352 10352
-1
1 17667 17667
1 7808 7808
0 0 10910
-1
-1
0 0 14210
0 0 174
0 0 2666
0 0 11014
1 30485 30485
1 32731 32731
0 0 9021
1 30547 30547
1 4852 4852
-1
0 0 242
-1
-1
1 29686 29686
-1
1 27466 27466
-1
0 0 8061
1 12298 12298
-1
-1
-1
0 0 3936
-1
1 16276 16276
0 0 3708
0 0 12826
-1
0 0 11681
0 0 8122
1 26778 26778
1 31338 31338
-1
0 0 7811
0 0 13511
1 14813 14813
0 0 15969
1 8416 8416
1 7315 7315
0 0 12638
0 0 6426
-1
-1
1 19718 19718
0 0 2507
0 0 16365
-1
-1
-1
1 17576 17576
1 5070 5070
0 0 14394
1 23932 23932
-1
-1
1 18349 18349
0 0 15198
-1
1 15948 15948
0 0 3262
-1
0 0 8363
1 30207 30207
1 8951 8951
1 1864 1864
-1
0 0 12951
0 0 6874
0 0 12885
1 4062 4062
1 23161 23161
0 0 14121
-1
-1
1 8931 8931
0 0 15736
-1
0 0 10757
0 0 9770
-1
1 10175 10175
-1
1 30743 30743
1 14151 14151
1 27958 27958
-1
-1
0 0 15017
1 22821 22821
-1
1 7096 7096
0 0 4229
0 0 9632
-1
1 32160 32160
1 4515 4515
1 13667 13667
1 27797 27797
1 19185 19185
1 9939 9939
1 30217 30217
0 0 9995
0 0 1461
0 0 16300
0 0 8554
0 0 15915
-1
0 0 8121
0 0 4486
-1
-1
1 26472 26472
-1
1 17944 17944
-1
-1
-1
1 31949 31949
-1
0 0 6532
0 0 2823
0 0 4561
1 28600 28600
1 3536 3536
1 11516 11516
0 0 2188
1 15037 15037
1 23468 23468
1 25549 25549
1 4856 4856
1 7705 7705
0 0 5435
0 0 7184
1 7370 7370
1 31402 31402
-1
1 4790 4790
0 0 815
-1
1 18378 18378
1 16884 16884
-1
0 0 4783
-1
-1
0 0 6702
1 3894 3894
1 13791 13791
1 9013 9013
-1
1 24233 24233
0 0 8965
-1
-1
0 0 14022
0 0 5765
-1
-1
-1
-1
0 0 2276
1 20332 20332
-1
-1
1 29232 29232
1 32056 32056
1 13172 13172
-1
0 0 7675
1 20170 20170
0 0 6357
1 312 312
0 0 4690
1 28374 28374
1 11726 11726
0 0 8452
-1
-1
0 0 9286
1 10277 10277
-1
-1
0 0 2617
0 0 6605
-1
-1
0 0 1082
-1
-1
-1
1 621 621
-1
0 0 16201
0 0 11673
0 0 11466
-1
0 0 5563
1 12447 12447
-1
0 0 958
-1
-1
1 14933 14933
0 0 3198
0 0 12590
1 4270 4270
-1
0 0 10426
0 0 16101
-1
-1
0 0 9992
0 0 13258
-1
0 0 11859
1 16634 16634
0 0 548
1 27167 27167
1 29618 29618
0 0 15345
0 0 10255
-1
-1
1 29312 29312
1 10607 10607
0 0 6086
1 2152 2152
0 0 1156
0 0 5531
0 0 7200
-1
-1
0 0 3021
1 32711 32711
1 17653 17653
1 31831 31831
0 0 10542
-1
-1
1 32417 32417
0 0 13747
0 0 4650
-1
0 0 4721
-1
-1
-1
-1
-1
1 15096 15096
-1
-1
-1
-1
0 0 4998
0 0 16193
-1
0 0 732
1 12705 12705
1 31558 31558
1 30896 30896
0 0 10926
1 18334 18334
1 32167 32167
1 10364 10364
0 0 7532
1 25800 25800
-1
1 3044 3044
-1
0 0 7907
1 32459 32459
-1
1 21728 21728
1 4774 4774
-1
0 0 14890
0 0 6382
0 0 2219
1 4131 4131
0 0 1262
0 0 12617
0 0 9236
1 27540 27540
1 22783 22783
-1
1 10328 10328
-1
1 30295 30295
-1
-1
-1
0 0 11664
1 2356 2356
1 5913 5913
1 32130 32130
-1
1 22861 22861
-1
-1
-1
0 0 6458
0 0 14356
-1
0 0 599
-1
0 0 10950
0 0 3356
-1
0 0 708
0 0 2600
0 0 3638
-1
0 0 1304
0 0 11249
-1
1 6252 6252
0 0 7467
0 0 335
1 15523 15523
-1
0 0 11842
0 0 8223
-1
1 22985 22985
0 0 2690
-1
-1
1 23712 23712
-1
1 28939 28939
-1
1 30861 30861
0 0 6906
0 0 6290
-1
0 0 5997
1 15952 15952
-1
0 0 14751
-1
-1
1 22198 22198
-1
1 10097 10097
-1
-1
0 0 14607
1 13185 13185
1 31094 31094
-1
1 22848 22848
-1
-1
1 27683 27683
0 0 12753
0 0 7669
1 31247 31247
0 0 858
0 0 8321
0 0 12081
1 9564 9564
0 0 8702
-1
1 6702 6702
0 0 3712
-1
-1
1 11192 11192
-1
1 3623 3623
1 29225 29225
0 0 13061
-1
0 0 484
-1
1 23900 23900
1 15985 15985
0 0 8521
0 0 13002
0 0 4287
-1
-1
-1
0 0 1078
0 0 5326
1 8045 8045
-1
0 0 1121
-1
-1
1 3880 3880
-1
-1
0 0 15504
0 0 9556
-1
1 14550 14550
0 0 1529
1 9826 9826
1 23172 23172
0 0 14404
0 0 1325
1 21562 21562
0 0 10108
0 0 5268
-1
0 0 10640
1 22279 22279
0 0 11978
0 0 8709
-1
-1
0 0 6840
1 14301 14301
1 30678 30678
-1
0 0 4561
-1
-1
-1
1 5332 5332
0 0 3009
0 0 2973
-1
-1
1 25529 25529
1 27081 27081
-1
1 6838 6838
0 0 3618
0 0 4641
1 23169 23169
0 0 13832
-1
0 0 2905
0 0 4799
-1
-1
-1
-1
1 8636 8636
0 0 15946
-1
1 4913 4913
0 0 10855
0 0 9034
-1
-1
0 0 7037
0 0 13462
-1
1 16286 16286
1 3342 3342
1 8315 8315
0 0 16190
1 31083 31083
-1
0 0 2947
1 20799 20799
1 835 835
1 5089 5089
1 10291 10291
1 29858 29858
1 2799 2799
1 13707 13707
0 0 6503
-1
0 0 2158
-1
-1
-1
-1
-1
0 0 4026
1 24510 24510
1 17767 17767
0 0 9739
0 0 2884
0 0 2802
0 0 12362
0 0 11891
-1
1 1697 1697
1 30752 30752
0 0 12736
0 0 4544
0 0 5398
0 0 13207
-1
1 26183 26183
-1
0 0 9538
0 0 6858
0 0 9598
-1
1 2828 2828
0 0 13083
-1
1 29140 29140
0 0 15401
0 0 4602
0 0 486
1 13011 13011
-1
1 32271 32271
-1
-1
0 0 5058
1 19591 19591
0 0 12668
-1
0 0 11296
0 0 10066
-1
-1
-1
-1
1 27602 27602
0 0 8134
-1
0 0 2844
1 25788 25788
0 0 14103
1 5455 5455
-1
0 0 12274
1 8668 8668
1 14874 14874
0 0 11178
0 0 9001
-1
-1
0 0 13068
0 0 1917
1 24320 24320
1 21557 21557
-1
0 0 6295
1 6868 6868
0 0 14438
-1
0 0 5010
1 23917 23917
1 18047 18047
-1
1 123 123
0 0 13858
1 18317 18317
-1
-1
0 0 4588
-1
0 0 3680
0 0 13011
1 15911 15911
-1
0 0 15310
0 0 275
1 10550 10550
0 0 7084
-1
-1
0 0 14023
0 0 3139
-1
-1
-1
-1
1 7532 7532
0 0 9029
0 0 16360
-1
0 0 14068
-1
1 24031 24031
-1
1 14997 14997
1 9310 9310
-1
1 11512 11512
-1
1 14681 14681
-1
0 0 6685
-1
0 0 15906
0 0 1467
0 0 10558
1 31344 31344
0 0 1666
-1
-1
1 8169 8169
1 24297 24297
1 10437 10437
-1
-1
1 6943 6943
0 0 9379
-1
-1
1 4922 4922
1 4290 4290
1 21969 21969
0 0 6316
0 0 8665
1 30830 30830
0 0 8662
1 26441 26441
1 26213 26213
-1
1 12251 12251
1 17560 17560
0 0 2695
-1
-1
0 0 2937
-1
-1
0 0 6576
-1
1 7104 7104
1 9125 9125
-1
1 27102 27102
1 7482 7482
-1
1 16413 16413
1 18848 18848
1 12947 12947
1 20958 20958
-1
1 18897 18897
-1
1 23275 23275
0 0 4104
1 17140 17140
-1
-1
-1
1 17616 17616
-1
1 30731 30731
-1
1 17647 17647
1 25362 25362
-1
0 0 1778
1 23840 23840
-1
1 4887 4887
1 29899 29899
-1
0 0 1228
-1
0 0 15962
0 0 11427
0 0 2888
0 0 1554
1 24781 24781
-1
0 0 15610
0 0 482
1 20839 20839
1 5127 5127
1 24471 24471
1 11146 11146
0 0 5948
0 0 2556
1 17970 17970
0 0 2164
-1
0 0 9780
0 0 2288
0 0 14572
0 0 13700
0 0 13696
1 11936 11936
-1
0 0 13204
-1
1 17111 17111
-1
1 28159 28159
0 0 3219
1 29131 29131
0 0 4871
0 0 13721
1 1887 1887
0 0 5908
1 28367 28367
0 0 5258
1 26131 26131
0 0 3648
1 25658 25658
0 0 15754
1 19775 19775
-1
0 0 2031
-1
0 0 10964
0 0 11494
-1
1 17897 17897
-1
0 0 8426
-1
1 29141 29141
1 30732 30732
0 0 8573
-1
1 23823 23823
-1
0 0 14435
-1
0 0 6941
-1
0 0 6093
-1
-1
-1
1 1863 1863
0 0 11407
1 16436 16436
1 13075 13075
1 1401 1401
-1
-1
-1
-1
1 21802 21802
0 0 6751
1 31041 31041
0 0 1105
-1
-1
0 0 16232
-1
-1
0 0 6540
-1
-1
1 7472 7472
1 32468 32468
0 0 378
1 21673 21673
1 5584 5584
0 0 4703
1 3242 3242
1 24136 24136
0 0 11575
-1
-1
-1
-1
0 0 1718
-1
1 24607 24607
0 0 743
1 4719 4719
0 0 14555
1 21082 21082
1 2220 2220
0 0 11664
1 12293 12293
0 0 1786
0 0 5729
1 760 760
-1
1 9832 9832
0 0 11573
1 13845 13845
-1
1 13078 13078
-1
-1
0 0 9493
1 449 449
1 2405 2405
1 20683 20683
0 0 12733
0 0 11400
1 21629 21629
1 29266 29266
-1
1 19216 19216
0 0 15576
1 14333 14333
1 28900 28900
-1
-1
1 7837 7837
1 28534 28534
1 8004 8004
-1
0 0 4436
0 0 13721
1 25859 25859
1 25159 25159
0 0 1372
-1
-1
0 0 1000
0 0 8453
0 0 10950
-1
-1
0 0 8576
0 0 1121
1 19276 19276
1 14096 14096
1 4511 4511
1 20309 20309
0 0 7578
1 27337 27337
1 17938 17938
1 27581 27581
-1
1 27251 27251
0 0 5010
1 25651 25651
1 22382 22382
0 0 12365
-1
1 311 311
-1
-1
-1
-1
1 18702 18702
-1
0 0 8484
-1
-1
0 0 1439
0 0 12059
0 0 1408
0 0 1712
1 3244 3244
0 0 8691
-1
1 17548 17548
1 19473 19473
0 0 16190
1 8571 8571
1 24566 24566
0 0 10570
1 16706 16706
1 3602 3602
-1
0 0 11246
0 0 275
-1
0 0 1356
-1
1 9273 9273
0 0 2077
0 0 9034
0 0 15995
0 0 6425
1 29645 29645
0 0 6826
0 0 14230
-1
1 29563 29563
1 14775 14775
0 0 8441
1 20956 20956
-1
1 13945 13945
0 0 9091
-1
-1
0 0 8288
1 13736 13736
1 28321 28321
0 0 13717
0 0 12617
1 284 284
0 0 401
-1
1 27997 27997
0 0 8085
-1
1 23009 23009
0 0 11831
0 0 3921
1 15400 15400
-1
1 18298 18298
1 28112 28112
0 0 5209
-1
0 0 12940
-1
0 0 16108
-1
-1
1 18733 18733
1 9273 9273
1 32473 32473
-1
1 10768 10768
0 0 10185
1 11608 11608
1 21289 21289
1 8470 8470
1 31054 31054
-1
1 7756 7756
-1
-1
0 0 14153
1 13268 13268
1 23969 23969
0 0 11352
-1
1 14385 14385
0 0 11261
0 0 1515
0 0 1412
1 16436 16436
-1
1 7516 7516
-1
0 0 10700
1 8586 8586
1 16474 16474
-1
-1
1 32301 32301
-1
-1
1 30926 30926
-1
-1
-1
-1
-1
0 0 15074
1 27176 27176
0 0 5937
-1
0 0 3066
-1
0 0 6472
-1
0 0 12637
1 11256 11256
1 18719 18719
-1
-1
1 2387 2387
1 9219 9219
0 0 5908
0 0 951
-1
1 15379 15379
1 21991 21991
1 12203 12203
-1
1 25484 25484
0 0 16154
1 16924 16924
0 0 14541
-1
0 0 8087
1 14530 14530
1 1085 1085
1 18326 18326
-1
0 0 15777
0 0 251
0 0 14090
-1
1 26982 26982
0 0 6382
1 3280 3280
1 29950 29950
0 0 15054
0 0 4453
0 0 15677
1 6550 6550
0 0 10170
1 10719 10719
-1
0 0 11283
-1
-1
1 6604 6604
0 0 4528
1 19213 19213
1 5450 5450
0 0 1635
-1
1 23586 23586
1 21938 21938
-1
0 0 15841
0 0 12100
-1
0 0 2061
-1
-1
0 0 11047
-1
-1
0 0 16196
0 0 8150
0 0 4842
1 10342 10342
0 0 15435
-1
0 0 15297
-1
1 25061 25061
1 5614 5614
0 0 7407
-1
0 0 11365
-1
1 10240 10240
0 0 3997
0 0 10463
0 0 5910
0 0 16178
0 0 2602
1 29152 29152
1 27972 27972
-1
-1
1 31089 31089
0 0 11093
1 15317 15317
-1
0 0 7979
0 0 7224
1 10573 10573
0 0 2903
1 13978 13978
-1
1 8413 8413
1 2036 2036
1 4841 4841
1 21055 21055
1 11125 11125
-1
0 0 13450
1 14015 14015
-1
-1
-1
0 0 15561
1 25072 25072
-1
1 17153 17153
0 0 4111
1 31655 31655
0 0 4727
-1
0 0 7368
1 14603 14603
1 4917 4917
0 0 3164
0 0 3754
1 7682 7682
-1
1 27245 27245
0 0 7375
0 0 3497
1 3052 3052
1 12508 12508
-1
1 24874 24874
-1
0 0 5609
1 3425 3425
-1
-1
0 0 2594
0 0 6857
1 8969 8969
1 23651 23651
0 0 11107
-1
1 733 733
0 0 7043
-1
0 0 4658
0 0 998
-1
-1
-1
-1
1 30868 30868
0 0 1488
0 0 14160
-1
1 12860 12860
0 0 15942
0 0 5514
-1
1 31912 31912
1 19598 19598
-1
1 2555 2555
-1
1 27286 27286
0 0 15246
0 0 4752
1 11129 11129
0 0 10587
1 31656 31656
0 0 3966
0 0 7004
-1
-1
-1
-1
1 8757 8757
-1
-1
-1
-1
-1
0 0 13689
1 2913 2913
0 0 12469
-1
1 4795 4795
-1
1 19443 19443
-1
-1
-1
-1
1 32740 32740
1 32400 32400
1 21508 21508
1 13937 13937
-1
-1
1 16117 16117
0 0 10707
1 12864 12864
-1
0 0 3875
-1
1 24335 24335
-1
1 18252 18252
-1
1 2280 2280
0 0 3300
1 3039 3039
0 0 14214
0 0 5033
0 0 11229
1 28893 28893
0 0 13481
-1
1 3013 3013
0 0 14930
0 0 14321
1 25571 25571
0 0 9480
1 26012 26012
0 0 4769
1 12400 12400
1 25129 25129
0 0 9302
-1
0 0 3505
0 0 8383
1 20416 20416
-1
-1
-1
0 0 12324
1 26193 26193
1 20664 20664
0 0 12294
0 0 5342
-1
1 7076 7076
-1
1 19474 19474
1 7203 7203
-1
0 0 15110
-1
-1
1 16084 16084
-1
-1
-1
-1
-1
0 0 1065
1 24774 24774
0 0 6614
-1
-1
1 21104 21104
1 22637 22637
0 0 2151
0 0 12684
0 0 3332
1 22006 22006
0 0 11177
1 2562 2562
0 0 8274
0 0 9093
1 28011 28011
0 0 15621
0 0 3775
0 0 4825
-1
1 16714 16714
-1
0 0 15580
0 0 2197
0 0 1135
-1
-1
1 7031 7031
0 0 11699
1 21081 21081
-1
1 25500 25500
1 31625 31625
1 15034 15034
0 0 12654
-1
0 0 9526
1 12564 12564
-1
1 23179 23179
-1
0 0 16125
-1
1 280 280
0 0 13400
-1
1 13129 13129
0 0 9474
0 0 1723
1 32354 32354
-1
1 5551 5551
-1
0 0 14749
0 0 3665
1 13398 13398
0 0 8946
0 0 807
0 0 5168
0 0 3151
-1
-1
-1
1 6669 6669
0 0 6718
1 21085 21085
1 22336 22336
1 18319 18319
-1
1 14800 14800
-1
-1
-1
1 24939 24939
0 0 13659
-1
0 0 1227
-1
-1
-1
-1
-1
1 17608 17608
1 16240 16240
0 0 16359
0 0 13789
1 32006 32006
1 10958 10958
0 0 13644
0 0 14236
0 0 7645
-1
-1
-1
0 0 10236
0 0 10316
0 0 13367
1 1777 1777
1 27156 27156
-1
1 28615 28615
-1
-1
-1
-1
1 13213 13213
-1
0 0 1359
1 14835 14835
-1
0 0 14657
0 0 3831
1 4779 4779
-1
0 0 1574
0 0 1898
-1
-1
0 0 3602
1 32721 32721
1 23611 23611
-1
-1
-1
0 0 5320
-1
1 13943 13943
1 8834 8834
-1
-1
-1
1 10024 10024
-1
-1
-1
1 1740 1740
1 29450 29450
0 0 4583
1 14974 14974
1 4320 4320
-1
0 0 2691
-1
1 19389 19389
0 0 14201
-1
1 12325 12325
0 0 910
0 0 6325
0 0 11634
0 0 7582
1 32417 32417
0 0 8198
-1
1 19925 19925
0 0 1574
1 15862 15862
-1
0 0 2976
1 27399 27399
1 22093 22093
1 1002 1002
1 4116 4116
-1
1 8890 8890
-1
1 26796 26796
0 0 13661
0 0 4341
0 0 4257
1 1958 1958
1 7286 7286
0 0 7942
1 6434 6434
1 6245 6245
-1
1 25432 25432
0 0 6089
1 10639 10639
-1
-1
0 0 4102
-1
-1
-1
-1
0 0 3979
1 29125 29125
-1
-1
0 0 458
1 17768 17768
-1
0 0 9575
-1
-1
0 0 6454
-1
0 0 9994
-1
0 0 6508
1 23348 23348
1 3919 3919
1 8352 8352
-1
0 0 11284
0 0 6778
1 5967 5967
0 0 654
-1
1 12748 12748
0 0 8110
0 0 8208
1 14319 14319
1 15965 15965
-1
0 0 6556
0 0 11665
-1
1 8561 8561
-1
0 0 11330
1 19633 19633
1 3301 3301
1 28453 28453
0 0 5585
-1
1 8590 8590
0 0 9891
-1
-1
-1
0 0 13706
-1
0 0 7517
0 0 10319
0 0 12160
0 0 1194
1 12016 12016
-1
1 10622 10622
-1
0 0 8461
0 0 8936
-1
0 0 13540
1 25829 25829
1 9819 9819
0 0 9866
-1
-1
1 28306 28306
1 25515 25515
0 0 9663
-1
1 23743 23743
1 26830 26830
-1
-1
0 0 12103
0 0 14403
0 0 15387
-1
-1
0 0 10224
-1
1 13098 13098
1 8114 8114
0 0 4534
1 9195 9195
-1
-1
0 0 13023
0 0 1968
0 0 2525
-1
0 0 2808
0 0 7789
0 0 2099
-1
-1
1 22616 22616
-1
1 27751 27751
1 10729 10729
0 0 7616
0 0 15653
1 4149 4149
-1
0 0 15374
1 24686 24686
-1
1 22892 22892
1 29340 29340
1 9705 9705
-1
-1
1 3214 3214
1 25050 25050
0 0 8332
0 0 870
-1
1 16420 16420
1 6479 6479
0 0 1934
-1
1 8174 8174
1 14249 14249
0 0 9808
0 0 15410
1 16930 16930
-1
-1
-1
1 2031 2031
0 0 14104
-1
1 32715 32715
1 16712 16712
0 0 8515
1 16603 16603
-1
-1
1 27226 27226
0 0 668
-1
-1
0 0 11196
-1
-1
0 0 14342
-1
0 0 2866
1 12879 12879
0 0 15599
0 0 5283
-1
-1
1 8180 8180
-1
-1
-1
1 15193 15193
-1
0 0 3422
1 32015 32015
1 31067 31067
1 1837 1837
1 31849 31849
1 12189 12189
-1
0 0 10107
-1
1 25433 25433
-1
-1
0 0 6293
1 15088 15088
0 0 3154
1 29743 29743
1 32278 32278
-1
0 0 9089
-1
1 8050 8050
-1
-1
-1
0 0 7962
1 4034 4034
-1
0 0 11657
1 25558 25558
0 0 752
0 0 16036
-1
1 12498 12498
1 31835 31835
1 16426 16426
-1
-1
0 0 4380
0 0 8944
1 20672 20672
0 0 13937
1 6815 6815
1 13282 13282
0 0 1819
-1
0 0 2991
0 0 10677
-1
-1
1 873 873
-1
1 21447 21447
0 0 6043
-1
0 0 744
1 9132 9132
1 11886 11886
1 25048 25048
-1
1 3965 3965
0 0 8044
-1
0 0 9370
1 7129 7129
-1
-1
-1
-1
0 0 14240
0 0 14189
1 26107 26107
-1
1 24450 24450
1 26453 26453
0 0 4598
0 0 15526
1 16002 16002
1 3494 3494
1 20683 20683
0 0 11697
-1
-1
0 0 6681
-1
-1
-1
-1
0 0 8780
-1
0 0 10367
1 21361 21361
1 18956 18956
1 2851 2851
0 0 9759
1 8280 8280
-1
-1
0 0 12426
0 0 6518
0 0 12015
0 0 9975
1 27845 27845
-1
-1
-1
0 0 13406
0 0 1045
0 0 12818
-1
0 0 642
-1
1 15455 15455
1 31308 31308
0 0 10601
-1
-1
-1
-1
-1
-1
0 0 13630
1 7285 7285
-1
1 3584 3584
1 26099 26099
-1
-1
0 0 11345
-1
1 9473 9473
1 12642 12642
0 0 2583
1 27762 27762
-1
-1
-1
0 0 9247
0 0 16137
0 0 7405
1 29187 29187
-1
0 0 4702
0 0 11308
1 13640 13640
1 10746 10746
-1
1 29549 29549
-1
-1
1 1641 1641
1 14264 14264
1 30248 30248
0 0 4200
0 0 8638
1 15648 15648
0 0 3915
-1
-1
0 0 6824
-1
1 22387 22387
-1
1 10809 10809
1 496 496
1 14348 14348
0 0 3258
-1
1 20102 20102
0 0 13420
0 0 9037
-1
0 0 786
-1
1 21516 21516
-1
1 29020 29020
0 0 6171
0 0 15518
0 0 4214
1 32033 32033
0 0 15666
0 0 6304
1 8879 8879
0 0 7845
-1
-1
1 9811 9811
-1
1 31782 31782
-1
0 0 6866
-1
0 0 14199
1 7227 7227
1 26290 26290
1 14951 14951
1 24060 24060
-1
0 0 5415
0 0 14831
-1
-1
0 0 5447
1 17354 17354
0 0 4349
-1
1 14672 14672
-1
0 0 10529
1 31538 31538
1 20144 20144
-1
0 0 6460
0 0 7008
-1
0 0 980
-1
-1
0 0 2572
-1
0 0 6404
1 27549 27549
-1
0 0 1221
1 7385 7385
-1
-1
-1
0 0 9665
-1
0 0 12622
1 29202 29202
1 3274 3274
1 11833 11833
0 0 11787
-1
-1
1 15988 15988
1 30323 30323
0 0 4101
0 0 2733
0 0 14420
1 9717 9717
1 11975 11975
1 194 194
1 3625 3625
-1
-1
0 0 12801
0 0 2873
0 0 8152
1 31927 31927
0 0 13753
1 6561 6561
1 10299 10299
-1
-1
-1
-1
1 6258 6258
1 11743 11743
0 0 6572
-1
1 9314 9314
0 0 7504
-1
1 16398 16398
0 0 1105
-1
0 0 1030
0 0 16088
-1
1 16067 16067
1 18653 18653
0 0 2046
0 0 1308
0 0 6465
1 28346 28346
1 9234 9234
-1
-1
0 0 4637
0 0 4396
1 24672 24672
-1
-1
1 23805 23805
-1
0 0 2172
0 0 1314
1 20076 20076
1 9349 9349
1 29266 29266
0 0 154
0 0 13292
1 9743 9743
1 11445 11445
0 0 3276
1 28601 28601
-1
0 0 16084
-1
0 0 14372
0 0 4405
0 0 10716
0 0 6538
0 0 6914
0 0 13791
0 0 10876
1 20402 20402
0 0 12057
1 2732 2732
1 30074 30074
1 18899 18899
0 0 15018
-1
-1
0 0 10217
0 0 4829
0 0 15888
1 25005 25005
-1
0 0 15095
-1
0 0 8973
-1
0 0 2979
0 0 10540
0 0 3107
-1
0 0 8747
0 0 11590
1 21465 21465
0 0 9251
-1
-1
-1
0 0 3909
1 336 336
-1
-1
0 0 13353
0 0 13214
0 0 6461
-1
0 0 829
-1
0 0 207
0 0 2217
-1
-1
1 31426 31426
1 24016 24016
0 0 5760
1 3923 3923
0 0 11140
0 0 2877
-1
1 26173 26173
-1
-1
-1
0 0 11154
0 0 7236
1 19440 19440
0 0 9907
-1
-1
-1
0 0 7488
-1
-1
0 0 12419
0 0 6126
1 28785 28785
0 0 739
-1
1 6516 6516
1 4420 4420
1 1459 1459
0 0 16042
-1
-1
-1
0 0 5457
-1
-1
0 0 12797
1 4273 4273
-1
0 0 4863
0 0 11231
0 0 14451
1 7314 7314
-1
0 0 10692
1 9005 9005
1 13536 13536
1 22700 22700
1 8133 8133
0 0 1592
-1
1 27822 27822
1 30026 30026
-1
1 23950 23950
1 27407 27407
-1
1 4018 4018
0 0 254
-1
0 0 14390
0 0 8079
-1
0 0 8742
0 0 4115
0 0 5808
-1
0 0 15969
-1
1 8700 8700
-1
1 26571 26571
-1
1 2164 2164
-1
1 23642 23642
0 0 1893
1 22224 22224
-1
-1
-1
-1
-1
1 8001 8001
-1
1 3823 3823
0 0 13396
0 0 1068
1 23506 23506
-1
-1
0 0 11965
0 0 8837
0 0 14838
1 12248 12248
1 26995 26995
-1
-1
1 22574 22574
0 0 4519
1 1399 1399
0 0 15311
-1
1 31969 31969
0 0 1867
0 0 14143
1 14101 14101
1 16704 16704
1 3475 3475
-1
0 0 1006
0 0 420
-1
-1
-1
1 7189 7189
1 28747 28747
-1
-1
1 14732 14732
1 5394 5394
-1
-1
-1
-1
-1
1 19686 19686
-1
1 12477 12477
0 0 5333
1 11774 11774
1 24764 24764
0 0 66
1 32471 32471
-1
0 0 15168
0 0 5206
1 6217 6217
-1
0 0 9388
1 13087 13087
0 0 1061
1 478 478
-1
1 9134 9134
1 18983 18983
-1
1 3180 3180
-1
1 18608 18608
-1
1 12265 12265
0 0 13159
-1
1 30073 30073
-1
-1
0 0 13774
1 19884 19884
-1
0 0 4781
1 11702 11702
1 24814 24814
-1
1 18118 18118
1 25830 25830
-1
1 9708 9708
0 0 10351
-1
0 0 8236
-1
-1
1 16544 16544
-1
-1
1 26921 26921
0 0 12672
-1
-1
-1
1 29474 29474
1 8934 8934
1 23729 23729
1 19527 19527
1 15352 15352
0 0 5729
-1
1 7870 7870
0 0 5247
-1
0 0 7584
0 0 834
-1
1 62 62
1 1342 1342
0 0 5566
-1
0 0 12577
1 7265 7265
-1
1 19479 19479
0 0 14929
1 26656 26656
0 0 8130
1 19037 19037
0 0 11669
1 13237 13237
0 0 15464
-1
1 13006 13006
-1
-1
0 0 15397
-1
0 0 14481
-1
0 0 8715
0 0 15086
0 0 5986
-1
1 20070 20070
-1
1 20688 20688
0 0 4028
0 0 7658
1 23342 23342
0 0 8041
1 16870 16870
1 17030 17030
0 0 5300
0 0 5520
-1
0 0 78
0 0 6446
-1
0 0 5743
0 0 12640
-1
-1
1 15845 15845
0 0 3407
-1
0 0 14207
1 29506 29506
1 9576 9576
-1
-1
1 32620 32620
0 0 12584
1 20488 20488
1 17637 17637
1 4672 4672
1 14611 14611
0 0 5992
0 0 716
-1
0 0 10293
1 254 254
1 13386 13386
1 23876 23876
1 21655 21655
-1
-1
-1
0 0 9967
1 6343 6343
0 0 344
1 19963 19963
0 0 900
0 0 5612
-1
1 25509 25509
1 995 995
1 4671 4671
0 0 9455
0 0 10793
-1
1 27343 27343
1 22022 22022
0 0 461
0 0 5621
1 31363 31363
0 0 9196
-1
-1
1 1783 1783
0 0 3438
1 26058 26058
0 0 12247
0 0 8311
1 12003 12003
0 0 2155
1 31359 31359
0 0 8040
1 5757 5757
0 0 12257
1 26912 26912
1 1826 1826
0 0 15042
1 17948 17948
0 0 14908
1 11028 11028
0 0 14280
0 0 10921
0 0 2362
0 0 14460
-1
1 12087 12087
1 27783 27783
1 3778 3778
0 0 9339
0 0 1089
-1
-1
0 0 6254
-1
-1
1 10007 10007
1 4569 4569
-1
1 20192 20192
-1
-1
-1
1 8573 8573
1 31631 31631
-1
1 26435 26435
-1
0 0 3670
1 25353 25353
0 0 15425
1 10318 10318
0 0 5876
0 0 1521
-1
0 0 9675
0 0 3160
-1
1 30512 30512
0 0 12420
0 0 9487
-1
-1
1 22074 22074
1 32105 32105
1 14643 14643
1 21523 21523
0 0 16033
1 5743 5743
-1
0 0 10534
-1
-1
-1
1 19864 19864
0 0 15208
1 25431 25431
-1
1 24671 24671
-1
-1
-1
1 2156 2156
-1
1 23444 23444
1 975 975
1 2416 2416
-1
1 30890 30890
0 0 9477
-1
0 0 6464
0 0 10769
1 9752 9752
-1
1 8558 8558
1 5204 5204
0 0 11534
1 13303 13303
1 8586 8586
1 7231 7231
-1
1 11007 11007
1 8718 8718
1 30211 30211
0 0 11517
0 0 7843
-1
0 0 9907
-1
1 26199 26199
0 0 12716
0 0 15658
1 21292 21292
1 22810 22810
0 0 3093
-1
0 0 15435
-1
0 0 2369
0 0 8210
0 0 4538
0 0 11695
0 0 14102
0 0 4615
1 12999 12999
-1
-1
0 0 15432
0 0 9836
-1
0 0 3755
1 16327 16327
-1
0 0 8063
-1
-1
-1
-1
-1
1 20735 20735
-1
0 0 10805
1 19218 19218
-1
-1
0 0 1766
1 3764 3764
-1
1 19319 19319
-1
0 0 13671
1 24158 24158
0 0 4559
1 7700 7700
-1
-1
-1
0 0 578
-1
0 0 5294
0 0 1362
0 0 2838
-1
1 18503 18503
-1
0 0 3269
-1
0 0 12067
-1
0 0 4033
1 4435 4435
0 0 8880
-1
-1
1 19210 19210
1 11196 11196
0 0 3723
0 0 1249
-1
-1
0 0 3801
0 0 5412
0 0 340
-1
1 29644 29644
-1
0 0 3221
-1
-1
1 1499 1499
0 0 3361
-1
1 19653 19653
1 24316 24316
0 0 10306
1 15616 15616
-1
-1
0 0 14535
1 15161 15161
0 0 35
0 0 15431
1 25729 25729
0 0 8420
0 0 4293
1 5609 5609
1 6273 6273
1 6648 6648
0 0 5484
0 0 14367
-1
-1
1 20616 20616
-1
1 8016 8016
0 0 3593
-1
-1
1 25340 25340
-1
-1
-1
0 0 13111
0 0 5842
1 3191 3191
0 0 15865
1 612 612
0 0 12952
-1
-1
0 0 14154
-1
0 0 4328
-1
1 2116 2116
-1
-1
-1
-1
1 10981 10981
1 2763 2763
-1
1 2994 2994
1 8283 8283
0 0 668
0 0 14320
-1
0 0 11526
1 26925 26925
0 0 10199
1 19458 19458
1 12241 12241
0 0 2838
1 12413 12413
-1
-1
0 0 382
-1
-1
0 0 9229
1 27686 27686
-1
-1
0 0 2431
-1
-1
-1
-1
-1
-1
1 12520 12520
0 0 7905
-1
0 0 9440
-1
-1
1 7427 7427
0 0 10999
1 15370 15370
0 0 5604
0 0 4208
-1
1 8575 8575
-1
1 20847 20847
1 4169 4169
-1
1 6958 6958
1 10642 10642
1 32584 32584
0 0 5243
1 11516 11516
0 0 3835
0 0 13081
-1
1 27729 27729
-1
1 19051 19051
0 0 6983
0 0 2010
0 0 2814
0 0 1820
0 0 4909
-1
0 0 13092
-1
-1
1 11246 11246
0 0 7315
0 0 1685
-1
0 0 8257
1 19864 19864
0 0 2535
1 28850 28850
0 0 10962
-1
-1
1 24622 24622
-1
1 14715 14715
-1
-1
-1
-1
0 0 1310
-1
-1
1 17976 17976
0 0 2404
0 0 11722
0 0 2655
0 0 1243
1 26935 26935
-1
-1
1 21586 21586
1 13397 13397
0 0 10884
-1
-1
0 0 104
-1
-1
-1
-1
1 1755 1755
1 6634 6634
-1
-1
0 0 170
0 0 13820
0 0 5627
0 0 7448
-1
-1
0 0 1249
-1
0 0 768
1 1560 1560
-1
0 0 9100
-1
-1
-1
-1
0 0 14075
-1
-1
-1
1 12700 12700
-1
1 17279 17279
0 0 11794
-1
0 0 6141
0 0 13701
0 0 160
0 0 14493
0 0 12044
-1
-1
1 19673 19673
-1
0 0 7458
0 0 5709
0 0 80
1 28658 28658
-1
-1
0 0 6007
1 9484 9484
1 25981 25981
0 0 15695
0 0 12753
1 27371 27371
-1
0 0 6020
-1
1 19863 19863
0 0 6046
-1
-1
1 21440 21440
1 13362 13362
0 0 1329
0 0 11029
0 0 5275
-1
1 12185 12185
1 32017 32017
-1
1 3489 3489
1 31698 31698
1 6140 6140
-1
0 0 11985
1 18089 18089
-1
-1
0 0 14781
1 8096 8096
1 30411 30411
-1
1 27795 27795
1 152 152
-1
-1
1 15651 15651
0 0 2093
-1
0 0 8051
0 0 1871
-1
-1
-1
1 11840 11840
1 14031 14031
1 10103 10103
-1
0 0 1475
0 0 6402
1 14237 14237
-1
0 0 9051
0 0 3333
0 0 15359
0 0 3345
1 20309 20309
-1
0 0 4633
-1
0 0 2390
-1
1 726 726
0 0 10666
0 0 7462
1 27718 27718
1 11275 11275
-1
-1
-1
0 0 12283
1 11684 11684
0 0 14456
0 0 4695
0 0 13983
-1
1 4840 4840
0 0 9811
-1
0 0 1399
1 11273 11273
0 0 7650
0 0 14095
-1
-1
1 13952 13952
1 16925 16925
-1
-1
1 16051 16051
1 27972 27972
-1
-1
1 13856 13856
0 0 7207
-1
-1
1 4328 4328
-1
-1
1 30067 30067
1 6165 6165
0 0 398
1 14610 14610
1 28534 28534
0 0 7688
0 0 11509
0 0 5494
-1
-1
0 0 11740
1 4587 4587
1 30989 30989
-1
0 0 5868
0 0 16242
-1
1 3185 3185
0 0 1485
-1
-1
0 0 12695
1 27868 27868
0 0 934
0 0 5632
1 32562 32562
1 15479 15479
-1
-1
-1
0 0 3942
-1
0 0 16277
-1
0 0 9248
1 16497 16497
1 25454 25454
0 0 12091
-1
0 0 9430
-1
1 8604 8604
-1
0 0 4948
1 23507 23507
0 0 14624
1 17415 17415
-1
1 1143 1143
0 0 2959
-1
1 30175 30175
1 30424 30424
0 0 7719
-1
1 241 241
-1
1 5585 5585
1 29836 29836
-1
1 26563 26563
1 4617 4617
-1
-1
0 0 5238
1 7232 7232
0 0 4690
1 25344 25344
1 26135 26135
1 28448 28448
-1
-1
1 19708 19708
0 0 15260
1 13621 13621
1 30821 30821
1 32155 32155
-1
-1
1 2875 2875
1 6326 6326
-1
1 12721 12721
-1
1 24147 24147
-1
0 0 8783
1 15821 15821
-1
-1
1 1488 1488
1 23656 23656
-1
0 0 10884
0 0 4851
-1
-1
0 0 5264
0 0 9923
1 32768 32768
0 0 10329
-1
0 0 491
0 0 2713
-1
1 25410 25410
1 9480 9480
-1
0 0 9171
1 27919 27919
0 0 13411
1 22979 22979
1 24287 24287
-1
0 0 15461
1 6061 6061
1 29280 29280
1 22906 22906
0 0 2981
1 1313 1313
0 0 1034
1 6323 6323
0 0 10945
-1
1 26152 26152
0 0 3837
-1
-1
1 24976 24976
0 0 15214
1 14374 14374
1 13999 13999
-1
-1
0 0 10831
-1
-1
0 0 2171
0 0 12020
-1
0 0 12697
0 0 11802
0 0 10476
0 0 12569
-1
-1
1 5185 5185
1 27373 27373
0 0 13856
1 25607 25607
1 5499 5499
-1
0 0 5810
1 23414 23414
1 2275 2275
0 0 5529
1 24046 24046
-1
-1
0 0 7027
1 21232 21232
-1
1 6596 6596
1 26191 26191
1 706 706
0 0 11163
0 0 7109
-1
1 29566 29566
-1
0 0 4748
1 29726 29726
-1
-1
0 0 9008
-1
0 0 760
0 0 6423
1 22870 22870
1 32445 32445
-1
1 12343 12343
1 7282 7282
1 4145 4145
1 19822 19822
1 6342 6342
1 1330 1330
1 21129 21129
0 0 3723
-1
0 0 842
1 4555 4555
0 0 5293
0 0 244
1 26528 26528
-1
0 0 7770
1 369 369
1 10716 10716
-1
1 25949 25949
1 7782 7782
0 0 16363
0 0 2350
0 0 14825
1 7740 7740
0 0 10703
-1
-1
-1
0 0 11940
0 0 2350
-1
-1
0 0 9400
1 8814 8814
-1
0 0 3569
-1
1 9087 9087
0 0 13936
-1
1 6438 6438
-1
-1
0 0 6877
-1
-1
1 17306 17306
1 18992 18992
-1
0 0 14258
-1
-1
-1
-1
0 0 15795
-1
0 0 9065
1 16245 16245
-1
1 8353 8353
-1
-1
1 14667 14667
1 23173 23173
-1
1 23587 23587
1 17074 17074
0 0 14341
0 0 5837
0 0 5803
0 0 11078
1 15955 15955
-1
0 0 2422
1 2640 2640
1 5991 5991
-1
1 17232 17232
-1
-1
0 0 14554
0 0 9671
0 0 9237
1 31110 31110
1 17661 17661
1 14809 14809
-1
0 0 4810
0 0 5790
1 22534 22534
1 9768 9768
1 6004 6004
0 0 7013
0 0 15111
1 1779 1779
0 0 16273
0 0 9535
0 0 8776
0 0 11573
1 24702 24702
-1
-1
1 9052 9052
-1
-1
-1
1 30554 30554
-1
-1
1 3889 3889
0 0 11933
-1
-1
0 0 14600
1 15257 15257
1 14425 14425
1 31205 31205
-1
1 22356 22356
1 31583 31583
1 21534 21534
1 16064 16064
0 0 12551
1 7428 7428
1 30425 30425
-1
1 6318 6318
-1
-1
0 0 4475
1 29150 29150
1 30847 30847
0 0 15453
-1
1 23693 23693
0 0 860
1 8543 8543
1 32303 32303
1 3694 3694
-1
-1
-1
-1
1 31750 31750
-1
1 18986 18986
-1
1 31832 31832
1 22364 22364
1 16471 16471
1 15919 15919
1 3134 3134
1 18613 18613
1 27361 27361
0 0 13391
1 27792 27792
1 19141 19141
0 0 2048
0 0 5085
1 14218 14218
0 0 338
1 32403 32403
1 19020 19020
1 844 844
0 0 2104
-1
-1
0 0 2604
-1
1 11709 11709
1 8396 8396
-1
-1
1 17859 17859
-1
-1
0 0 13851
1 31515 31515
0 0 9826
1 12483 12483
1 8865 8865
1 17751 17751
0 0 2981
0 0 1464
0 0 11297
-1
0 0 5517
0 0 172
-1
0 0 3001
0 0 5805
-1
-1
1 7849 7849
1 25844 25844
-1
-1
0 0 16185
1 30998 30998
0 0 8439
-1
0 0 1737
-1
0 0 9435
0 0 8434
1 12021 12021
1 7173 7173
-1
1 303 303
1 27686 27686
0 0 13953
-1
1 24820 24820
0 0 4075
-1
-1
-1
0 0 6190
0 0 11616
-1
0 0 8604
-1
0 0 12645
1 1154 1154
1 23525 23525
-1
1 790 790
0 0 12069
0 0 3891
0 0 9397
0 0 6007
-1
-1
1 13554 13554
1 15463 15463
-1
1 22645 22645
-1
0 0 8555
-1
-1
1 17544 17544
-1
1 22493 22493
0 0 11211
1 16150 16150
1 1355 1355
-1
1 15680 15680
-1
-1
1 10141 10141
-1
1 22406 22406
-1
1 21205 21205
1 17934 17934
-1
0 0 4857
-1
0 0 3988
-1
0 0 15124
1 2549 2549
0 0 198
-1
0 0 5138
0 0 3396
0 0 673
1 31081 31081
1 10076 10076
1 12000 12000
1 7377 7377
-1
1 17162 17162
-1
0 0 1507
0 0 10539
1 11438 11438
-1
0 0 13976
1 25210 25210
0 0 837
-1
0 0 9490
1 20136 20136
-1
-1
-1
0 0 4382
1 3785 3785
1 19322 19322
-1
0 0 5597
1 6149 6149
-1
1 11216 11216
1 30535 30535
1 21547 21547
0 0 7197
1 32143 32143
0 0 11413
0 0 4457
-1
0 0 12030
-1
1 31574 31574
-1
1 17092 17092
-1
-1
0 0 3139
1 27926 27926
0 0 4914
0 0 4759
1 27091 27091
1 41 41
1 16090 16090
1 7821 7821
0 0 10163
1 10164 10164
0 0 3674
1 16090 16090
1 15620 15620
0 0 10042
-1
0 0 3809
0 0 15462
0 0 12885
-1
1 20925 20925
-1
0 0 6989
1 18846 18846
0 0 10046
0 0 5939
1 21261 21261
0 0 288
0 0 10686
1 30449 30449
1 464 464
1 20952 20952
1 27260 27260
1 32 32
1 18995 18995
1 15161 15161
0 0 15102
1 20872 20872
1 2443 2443
-1
-1
-1
-1
-1
0 0 15282
-1
1 1919 1919
-1
-1
-1
0 0 11437
1 11965 11965
1 29208 29208
0 0 13114
0 0 13009
-1
0 0 460
-1
0 0 7330
-1
1 11452 11452
-1
-1
-1
0 0 2483
1 18828 18828
0 0 10467
0 0 11290
0 0 13595
0 0 4348
0 0 7621
-1
1 3860 3860
-1
1 29554 29554
0 0 2437
1 14762 14762
-1
0 0 9276
0 0 4466
1 14824 14824
-1
0 0 15247
1 22661 22661
1 18046 18046
0 0 14014
1 32746 32746
0 0 3274
1 23397 23397
0 0 13566
1 3554 3554
1 27231 27231
1 10327 10327
1 7303 7303
1 27923 27923
-1
1 3922 3922
1 26637 26637
0 0 2183
-1
-1
-1
-1
1 7763 7763
1 5555 5555
0 0 13673
0 0 10525
-1
0 0 9077
1 17516 17516
1 13985 13985
1 3294 3294
1 8909 8909
-1
0 0 13726
-1
-1
-1
0 0 7512
1 30615 30615
-1
1 24175 24175
1 3622 3622
1 26387 26387
1 10124 10124
1 26964 26964
-1
-1
0 0 9152
-1
-1
-1
0 0 8435
-1
1 11878 11878
-1
-1
-1
0 0 2469
1 9794 9794
-1
1 21159 21159
-1
0 0 13148
-1
1 13040 13040
1 8942 8942
-1
0 0 2100
0 0 4560
-1
-1
-1
-1
0 0 7080
1 24031 24031
-1
0 0 5606
-1
-1
0 0 12952
1 12619 12619
-1
1 18584 18584
0 0 9199
-1
1 22977 22977
-1
1 7655 7655
1 3598 3598
0 0 10735
-1
1 1880 1880
0 0 535
-1
1 32690 32690
-1
-1
-1
-1
-1
1 18749 18749
1 9909 9909
1 15342 15342
-1
1 25824 25824
0 0 9040
-1
-1
0 0 10137
1 28067 28067
0 0 1295
1 20900 20900
1 649 649
0 0 12504
0 0 5978
1 13888 13888
1 23578 23578
0 0 349
1 9310 9310
-1
0 0 5953
1 28986 28986
0 0 2093
-1
-1
-1
1 26380 26380
-1
-1
1 21014 21014
-1
1 14717 14717
0 0 11547
-1
0 0 4193
0 0 10057
1 32095 32095
0 0 7339
0 0 2912
1 18248 18248
-1
1 19269 19269
0 0 12592
-1
0 0 15085
1 1106 1106
-1
-1
1 12537 12537
1 16017 16017
0 0 10113
-1
0 0 9198
0 0 1102
0 0 14
0 0 8535
1 15906 15906
0 0 11783
1 27654 27654
-1
1 13775 13775
1 25611 25611
1 22502 22502
-1
0 0 6373
0 0 10714
0 0 14467
0 0 1870
1 26722 26722
1 19635 19635
1 26453 26453
-1
-1
-1
1 6115 6115
-1
1 16001 16001
0 0 12405
0 0 9139
-1
-1
1 25223 25223
1 27831 27831
-1
0 0 3756
-1
0 0 1450
0 0 11465
1 7438 7438
1 6878 6878
-1
-1
0 0 8235
1 28310 28310
1 4255 4255
0 0 9692
1 27452 27452
0 0 2008
1 19451 19451
1 18647 18647
-1
-1
1 20226 20226
0 0 4782
1 28524 28524
0 0 2329
1 23014 23014
1 19467 19467
1 20411 20411
-1
1 10363 10363
0 0 4145
1 15019 15019
-1
0 0 7774
-1
0 0 6429
-1
-1
1 751 751
1 19526 19526
-1
0 0 9709
1 5757 5757
1 25876 25876
0 0 3964
-1
0 0 14259
0 0 12517
0 0 13782
0 0 2160
-1
-1
1 2656 2656
0 0 14980
-1
0 0 9089
-1
-1
0 0 2051
1 23753 23753
-1
0 0 9692
-1
-1
-1
-1
0 0 11525
-1
1 3942 3942
0 0 10392
1 16391 16391
0 0 11141
0 0 12771
-1
0 0 16361
1 30532 30532
1 25200 25200
1 29930 29930
1 20767 20767
-1
1 23781 23781
0 0 12154
0 0 10354
1 14596 14596
0 0 14231
0 0 8274
-1
-1
0 0 15149
1 108 108
1 28934 28934
0 0 11382
0 0 2940
-1
1 30755 30755
-1
-1
1 12470 12470
0 0 5149
1 26409 26409
0 0 6576
1 23121 23121
0 0 10508
-1
-1
1 6449 6449
1 13002 13002
-1
1 26174 26174
-1
0 0 8464
0 0 6556
0 0 3150
1 5499 5499
-1
-1
-1
1 22811 22811
-1
-1
1 26756 26756
1 879 879
1 22598 22598
1 30563 30563
0 0 12277
-1
0 0 4513
-1
-1
-1
1 254 254
0 0 9948
1 9122 9122
0 0 3573
0 0 7474
0 0 13852
1 18794 18794
1 5901 5901
1 14499 14499
-1
-1
0 0 9899
0 0 10711
0 0 590
1 5138 5138
1 21424 21424
1 12474 12474
-1
1 30465 30465
-1
0 0 6242
-1
1 8635 8635
0 0 10233
-1
1 11118 11118
1 9489 9489
-1
1 20364 20364
0 0 1137
0 0 11244
-1
-1
0 0 85
-1
0 0 3742
1 14890 14890
-1
-1
0 0 9988
1 23199 23199
1 16144 16144
1 9181 9181
0 0 9116
-1
0 0 13
1 1158 1158
0 0 15467
-1
0 0 12966
1 21635 21635
-1
-1
0 0 10443
1 26432 26432
-1
1 7822 7822
-1
1 13231 13231
-1
-1
-1
1 27332 27332
1 25927 25927
0 0 15261
0 0 8608
0 0 3835
-1
1 21163 21163
0 0 6988
-1
-1
0 0 4350
-1
1 30766 30766
0 0 10737
1 23909 23909
1 16629 16629
1 24376 24376
1 9260 9260
0 0 6445
1 27885 27885
-1
-1
0 0 14602
1 30603 30603
-1
0 0 8509
1 4117 4117
0 0 12449
1 6403 6403
0 0 13571
-1
-1
-1
0 0 2486
-1
0 0 3165
0 0 4421
0 0 7685
-1
0 0 14829
0 0 11724
-1
1 22526 22526
1 7623 7623
1 16854 16854
1 2710 2710
-1
1 8812 8812
1 22889 22889
1 13555 13555
1 1781 1781
1 24850 24850
1 13562 13562
0 0 1586
1 15877 15877
0 0 14197
1 27702 27702
1 1791 1791
-1
0 0 1221
1 8782 8782
-1
-1
0 0 3251
1 7285 7285
-1
1 1729 1729
-1
-1
1 10246 10246
1 4826 4826
0 0 2068
0 0 2412
1 8765 8765
0 0 752
-1
0 0 14089
1 17041 17041
1 30790 30790
0 0 8159
0 0 13356
0 0 9524
1 8130 8130
-1
-1
-1
-1
0 0 12668
0 0 15123
-1
-1
0 0 2611
0 0 11879
-1
1 9561 9561
0 0 10607
-1
0 0 15125
0 0 14223
-1
0 0 1634
1 28857 28857
1 32009 32009
1 22210 22210
1 16584 16584
1 22074 22074
0 0 14962
0 0 8232
1 10791 10791
0 0 2442
0 0 14243
-1
-1
0 0 8680
1 22017 22017
0 0 11764
-1
1 20380 20380
1 21171 21171
1 16112 16112
-1
-1
1 19769 19769
0 0 6795
-1
1 6477 6477
1 31286 31286
-1
1 11167 11167
1 26945 26945
0 0 15560
-1
0 0 13941
-1
0 0 633
1 21225 21225
-1
0 0 1995
0 0 5926
-1
1 25425 25425
0 0 10672
0 0 5928
1 23290 23290
1 22896 22896
0 0 8243
1 17139 17139
0 0 13453
-1
1 19707 19707
-1
0 0 5898
0 0 14745
1 30862 30862
0 0 12708
0 0 12141
-1
-1
1 14269 14269
1 22342 22342
0 0 8624
0 0 9108
0 0 12201
1 11409 11409
0 0 4875
0 0 15012
0 0 13803
1 20444 20444
-1
-1
1 31574 31574
1 16553 16553
-1
-1
1 1700 1700
-1
0 0 13068
0 0 4023
1 16343 16343
1 28625 28625
1 32436 32436
1 20787 20787
-1
-1
1 12493 12493
-1
0 0 9422
0 0 8826
0 0 15370
-1
1 20270 20270
0 0 11354
0 0 8480
-1
1 6568 6568
-1
0 0 2757
-1
-1
-1
-1
1 3954 3954
0 0 12961
0 0 15890
0 0 8435
0 0 8231
1 2434 2434
-1
-1
0 0 19
-1
0 0 10661
1 16450 16450
0 0 8641
-1
0 0 6513
-1
0 0 6156
-1
0 0 11601
1 31727 31727
1 22333 22333
1 29130 29130
0 0 13391
1 15744 15744
-1
-1
0 0 11819
0 0 11329
0 0 476
0 0 3526
-1
1 17492 17492
1 13424 13424
0 0 6824
1 14548 14548
1 468 468
0 0 11706
-1
1 3591 3591
-1
-1
0 0 1851
0 0 7012
-1
-1
1 21066 21066
0 0 12166
1 17518 17518
1 8287 8287
-1
1 21283 21283
1 13119 13119
-1
-1
0 0 290
0 0 1326
0 0 3360
-1
1 4366 4366
0 0 9761
1 18629 18629
0 0 4975
-1
-1
0 0 3559
1 29888 29888
1 18936 18936
0 0 14827
1 17248 17248
1 5086 5086
0 0 10081
1 7051 7051
0 0 467
1 21169 21169
1 32140 32140
0 0 14216
-1
0 0 8633
-1
1 25844 25844
1 29349 29349
-1
-1
-1
-1
-1
-1
0 0 7948
-1
-1
0 0 14677
-1
-1
0 0 2838
-1
-1
0 0 2662
0 0 13929
-1
0 0 8856
1 3925 3925
0 0 16109
-1
0 0 1879
1 9454 9454
1 3038 3038
0 0 9577
1 5841 5841
1 30597 30597
0 0 10394
1 25380 25380
1 1608 1608
0 0 2837
-1
1 31139 31139
1 12609 12609
0 0 7115
1 18714 18714
0 0 16355
-1
0 0 592
1 2483 2483
-1
-1
1 29383 29383
-1
-1
1 13923 13923
0 0 5973
-1
1 30364 30364
1 25376 25376
0 0 2889
1 22371 22371
0 0 11688
1 16527 16527
1 17639 17639
0 0 10654
1 478 478
-1
0 0 5467
0 0 3688
-1
1 11690 11690
1 14898 14898
-1
-1
0 0 10554
1 8496 8496
1 1246 1246
0 0 3345
0 0 14229
1 5033 5033
1 17827 17827
0 0 1225
-1
1 9788 9788
1 26036 26036
0 0 8743
1 22212 22212
0 0 7252
0 0 13807
0 0 15438
-1
-1
-1
-1
0 0 13111
1 17104 17104
0 0 263
1 17902 17902
-1
0 0 2080
1 1926 1926
-1
1 8283 8283
0 0 9980
1 19194 19194
0 0 10554
1 23581 23581
1 16625 16625
-1
-1
-1
-1
1 28070 28070
1 1371 1371
0 0 1535
0 0 7124
0 0 1079
1 471 471
1 32020 32020
-1
0 0 8875
1 7185 7185
1 31169 31169
1 29669 29669
-1
-1
1 30091 30091
0 0 7924
1 12690 12690
1 31298 31298
-1
0 0 1968
-1
1 8052 8052
-1
0 0 96
1 26140 26140
0 0 15597
-1
0 0 1805
1 29158 29158
1 28238 28238
-1
1 25003 25003
-1
1 15113 15113
0 0 5422
1 11855 11855
-1
0 0 3350
0 0 10057
-1
1 31858 31858
0 0 14877
1 3315 3315
1 14459 14459
1 28087 28087
1 8858 8858
1 8998 8998
0 0 2745
-1
0 0 8461
1 19795 19795
0 0 10157
0 0 16288
0 0 2739
-1
0 0 8419
1 7041 7041
1 30614 30614
0 0 3816
-1
-1
1 24222 24222
0 0 6083
-1
-1
-1
-1
0 0 10422
1 2581 2581
0 0 3142
1 12414 12414
0 0 10227
1 6768 6768
0 0 10795
1 8636 8636
-1
0 0 6387
0 0 11744
1 25728 25728
0 0 13398
1 14256 14256
0 0 91
1 4883 4883
1 14189 14189
0 0 1891
0 0 1923
0 0 6241
0 0 8231
0 0 2612
1 16101 16101
1 12380 12380
0 0 9939
0 0 5963
1 14186 14186
1 2744 2744
1 32751 32751
-1
0 0 4233
-1
-1
0 0 5567
-1
-1
0 0 6515
1 26768 26768
0 0 10196
-1
1 8639 8639
1 31714 31714
-1
1 28376 28376
0 0 2922
0 0 101
-1
-1
-1
0 0 8499
0 0 15305
0 0 661
-1
-1
0 0 388
0 0 12335
0 0 14148
0 0 3831
-1
0 0 12483
-1
1 32615 32615
-1
1 31775 31775
0 0 15625
-1
1 13428 13428
-1
0 0 10531
-1
0 0 7351
1 17680 17680
-1
-1
-1
1 14190 14190
1 16176 16176
1 12184 12184
-1
0 0 1059
-1
-1
1 31305 31305
-1
-1
-1
1 14144 14144
1 15126 15126
0 0 3306
0 0 8824
1 20344 20344
1 18741 18741
-1
-1
-1
1 19222 19222
0 0 9996
0 0 6881
-1
0 0 13996
1 32071 32071
0 0 15643
1 9448 9448
0 0 14093
1 26149 26149
0 0 4891
-1
-1
-1
-1
-1
1 29241 29241
0 0 5210
0 0 11641
0 0 310
1 9193 9193
-1
1 28842 28842
1 3788 3788
-1
1 1735 1735
-1
0 0 8860
1 5888 5888
0 0 14166
0 0 8346
1 7566 7566
0 0 6058
0 0 13772
0 0 12429
-1
-1
0 0 8596
1 4157 4157
-1
1 19900 19900
-1
-1
0 0 7930
0 0 3114
0 0 7610
1 25416 25416
-1
0 0 7177
1 14760 14760
0 0 8496
1 15166 15166
-1
0 0 2360
0 0 2573
1 31981 31981
1 26025 26025
0 0 5713
0 0 8058
-1
1 24618 24618
-1
1 8375 8375
-1
1 17944 17944
-1
1 15598 15598
-1
0 0 13352
-1
-1
1 3576 3576
0 0 2202
-1
0 0 15193
1 24103 24103
1 23334 23334
0 0 1775
-1
1 16643 16643
1 5905 5905
1 14067 14067
1 21225 21225
0 0 2045
-1
1 18745 18745
0 0 1190
1 13537 13537
1 4100 4100
1 17062 17062
-1
1 11376 11376
-1
0 0 11689
0 0 6950
-1
-1
-1
-1
-1
0 0 15753
0 0 3653
1 17650 17650
0 0 14599
0 0 4833
1 22138 22138
0 0 12336
0 0 12891
1 12598 12598
1 22394 22394
-1
-1
0 0 1595
0 0 1003
1 11724 11724
0 0 5617
0 0 9160
0 0 3201
-1
-1
0 0 3338
0 0 8200
-1
0 0 10802
-1
-1
-1
1 4753 4753
-1
-1
-1
1 26508 26508
0 0 12673
0 0 1861
1 13855 13855
1 9434 9434
0 0 7251
0 0 13353
1 30553 30553
0 0 5745
1 20419 20419
1 30598 30598
1 713 713
-1
-1
1 21395 21395
1 13385 13385
0 0 15644
-1
1 28940 28940
1 19959 19959
-1
1 20765 20765
0 0 11794
1 1717 1717
0 0 460
-1
0 0 412
-1
0 0 4546
-1
-1
1 16325 16325
-1
-1
0 0 11318
1 22575 22575
0 0 15564
-1
-1
-1
1 20971 20971
1 11279 11279
0 0 1696
-1
0 0 6040
0 0 14266
0 0 179
-1
0 0 4892
0 0 2766
1 149 149
1 12271 12271
0 0 11292
0 0 8493
-1
1 1525 1525
-1
0 0 8128
0 0 4546
0 0 7163
-1
1 9063 9063
1 2782 2782
0 0 13568
-1
1 1901 1901
-1
1 29793 29793
0 0 454
-1
1 6683 6683
1 12841 12841
1 12048 12048
-1
0 0 15350
0 0 12248
1 19699 19699
0 0 3014
1 14483 14483
0 0 1160
-1
1 10617 10617
-1
0 0 1109
0 0 7167
0 0 7559
1 3398 3398
-1
1 9392 9392
-1
1 24673 24673
1 25173 25173
-1
0 0 5829
0 0 7351
0 0 9595
0 0 12285
1 20072 20072
0 0 14440
-1
0 0 2810
0 0 13804
0 0 5189
1 14464 14464
-1
-1
-1
1 18703 18703
0 0 253
1 19211 19211
1 24664 24664
-1
1 1088 1088
-1
1 17193 17193
0 0 180
0 0 4332
0 0 9276
-1
0 0 13177
0 0 9867
1 23521 23521
1 30989 30989
-1
1 16827 16827
0 0 11482
1 9271 9271
1 9192 9192
1 10082 10082
0 0 16328
0 0 3817
0 0 21
0 0 8712
0 0 7754
0 0 1922
0 0 6288
0 0 8022
-1
1 2326 2326
-1
1 29061 29061
0 0 9112
0 0 4090
-1
-1
0 0 8845
0 0 2650
0 0 435
1 18694 18694
-1
-1
0 0 13720
1 27066 27066
1 22430 22430
0 0 13925
-1
0 0 10208
-1
-1
0 0 15113
0 0 11755
0 0 20
-1
-1
0 0 12432
1 11753 11753
-1
-1
0 0 13267
0 0 14294
1 11794 11794
0 0 10225
1 32468 32468
0 0 1181
1 24234 24234
0 0 5953
-1
1 5985 5985
-1
1 14313 14313
0 0 4196
1 5743 5743
-1
1 21402 21402
-1
-1
-1
-1
1 1321 1321
-1
-1
-1
-1
0 0 15030
1 1464 1464
1 9087 9087
0 0 50
-1
0 0 135
1 32322 32322
-1
0 0 4023
-1
-1
0 0 9875
1 20076 20076
-1
0 0 6766
-1
-1
0 0 580
-1
1 23646 23646
-1
0 0 3893
1 4461 4461
0 0 5722
-1
1 8819 8819
1 21378 21378
0 0 4763
0 0 1899
0 0 11057
-1
0 0 15473
0 0 8784
1 7963 7963
0 0 5774
-1
-1
0 0 15760
0 0 6817
1 17454 17454
0 0 1592
-1
-1
1 16319 16319
-1
1 13917 13917
0 0 1992
-1
1 7960 7960
1 16724 16724
1 7539 7539
-1
0 0 2847
-1
-1
-1
0 0 8198
0 0 4464
1 24571 24571
-1
1 26522 26522
1 31373 31373
0 0 2104
1 14332 14332
1 4867 4867
-1
1 10331 10331
0 0 10565
1 18921 18921
1 10810 10810
-1
-1
0 0 13816
-1
1 5914 5914
0 0 15597
0 0 2976
-1
0 0 4080
1 18969 18969
0 0 3972
-1
0 0 12414
0 0 1540
0 0 2300
1 29294 29294
1 4689 4689
1 18337 18337
0 0 10337
-1
1 7942 7942
0 0 14623
-1
1 16175 16175
-1
-1
-1
0 0 5249
-1
0 0 13813
1 533 533
-1
-1
1 20262 20262
1 13102 13102
-1
1 12518 12518
1 24251 24251
0 0 10930
0 0 4280
1 1801 1801
1 30844 30844
0 0 1796
0 0 14453
1 31751 31751
0 0 4942
1 12776 12776
-1
0 0 15345
0 0 4376
-1
1 27436 27436
-1
1 26041 26041
0 0 2457
1 11145 11145
1 22291 22291
1 20370 20370
0 0 296
-1
1 22721 22721
1 21633 21633
0 0 7820
0 0 8771
-1
0 0 8470
0 0 2997
0 0 12938
0 0 5522
1 4512 4512
0 0 1495
-1
1 9804 9804
-1
-1
-1
0 0 11242
-1
-1
0 0 8969
-1
0 0 2623
0 0 6981
0 0 14533
1 22995 22995
1 20696 20696
1 24711 24711
0 0 878
0 0 3438
1 32400 32400
1 11710 11710
0 0 15284
-1
1 24458 24458
1 26673 26673
-1
1 9896 9896
0 0 12615
0 0 1778
0 0 9529
1 7958 7958
0 0 15076
-1
1 23014 23014
-1
-1
0 0 1817
-1
-1
1 24959 24959
0 0 10677
-1
0 0 8642
1 22983 22983
1 30236 30236
1 19896 19896
1 2069 2069
1 14043 14043
1 14819 14819
-1
-1
1 26970 26970
-1
-1
1 32432 32432
1 8264 8264
-1
-1
0 0 3918
-1
1 19420 19420
0 0 16032
1 26105 26105
-1
1 5559 5559
-1
-1
0 0 8471
-1
0 0 520
0 0 7002
0 0 5159
1 12156 12156
1 21336 21336
1 19477 19477
-1
0 0 14310
0 0 16251
-1
-1
0 0 15938
1 26473 26473
0 0 5325
-1
0 0 4913
0 0 553
0 0 7789
1 27131 27131
-1
1 24310 24310
0 0 4620
-1
0 0 9033
0 0 3680
-1
0 0 3955
0 0 4602
0 0 3294
1 24883 24883
1 32708 32708
0 0 9418
-1
1 19529 19529
-1
1 25796 25796
0 0 12507
-1
0 0 1318
1 14554 14554
0 0 8770
1 25743 25743
1 16525 16525
-1
-1
0 0 7049
1 24402 24402
1 32282 32282
0 0 14379
0 0 12819
0 0 10224
1 3713 3713
0 0 6721
0 0 1072
1 9312 9312
1 13128 13128
0 0 1047
0 0 2250
-1
-1
0 0 6981
-1
1 3396 3396
0 0 14669
-1
1 18335 18335
0 0 9334
-1
0 0 10783
-1
1 11275 11275
1 9862 9862
0 0 3794
-1
-1
-1
1 6872 6872
1 2628 2628
0 0 8320
0 0 11487
-1
0 0 16107
0 0 4766
-1
1 25045 25045
0 0 11865
1 2740 2740
0 0 925
-1
0 0 13415
1 29718 29718
1 1313 1313
-1
-1
1 5617 5617
0 0 13591
-1
-1
-1
0 0 10236
-1
-1
1 3525 3525
0 0 9992
-1
1 10579 10579
1 7376 7376
1 8336 8336
-1
1 25711 25711
1 2940 2940
1 24211 24211
1 24513 24513
0 0 10644
-1
0 0 8285
0 0 16152
0 0 14631
1 26276 26276
1 30637 30637
1 32733 32733
0 0 15357
1 24404 24404
-1
1 28211 28211
-1
0 0 645
0 0 15049
1 28612 28612
0 0 10824
1 28122 28122
-1
1 710 710
1 26749 26749
-1
1 1209 1209
-1
0 0 1272
-1
1 11467 11467
0 0 11668
-1
1 18947 18947
1 29141 29141
1 16807 16807
-1
0 0 5543
1 666 666
-1
0 0 11578
1 21360 21360
0 0 15598
1 2717 2717
0 0 11308
-1
1 17638 17638
1 6027 6027
0 0 1665
1 1487 1487
-1
1 4434 4434
1 30894 30894
1 10767 10767
0 0 16258
0 0 13987
1 1120 1120
0 0 7958
1 24512 24512
-1
-1
1 26021 26021
1 13452 13452
0 0 1314
0 0 14682
-1
1 14534 14534
0 0 8022
-1
0 0 8514
0 0 6311
0 0 4224
-1
1 11353 11353
-1
0 0 12070
1 25386 25386
0 0 5038
-1
1 15931 15931
0 0 3339
0 0 448
0 0 3681
1 19871 19871
0 0 5062
0 0 6284
0 0 15502
1 6383 6383
0 0 8791
-1
0 0 6706
1 30402 30402
-1
1 741 741
1 5395 5395
0 0 12588
1 26960 26960
1 4150 4150
0 0 3154
-1
-1
1 5681 5681
1 14873 14873
1 5622 5622
0 0 5040
0 0 1614
0 0 9275
0 0 3350
0 0 6358
0 0 1363
1 19781 19781
-1
0 0 1347
1 10590 10590
1 785 785
1 21486 21486
1 2671 2671
0 0 15131
-1
-1
-1
-1
-1
1 26227 26227
1 5045 5045
1 13578 13578
-1
1 27301 27301
0 0 13810
-1
0 0 7000
1 1817 1817
0 0 15074
-1
1 19003 19003
-1
0 0 14163
1 20350 20350
-1
0 0 3774
-1
-1
1 24014 24014
1 24741 24741
-1
0 0 12628
-1
-1
1 2706 2706
-1
-1
1 20664 20664
-1
0 0 10230
1 24458 24458
-1
0 0 4493
-1
0 0 2746
-1
0 0 15833
0 0 14029
-1
0 0 6271
0 0 0
-1
-1
-1
1 19830 19830
-1
-1
1 1917 1917
0 0 8036
0 0 5
1 2109 2109
1 27358 27358
0 0 11578
0 0 11599
-1
0 0 7621
-1
0 0 9175
1 20650 20650
-1
-1
1 3537 3537
1 8330 8330
-1
1 19795 19795
0 0 4736
1 12239 12239
-1
0 0 11518
1 22814 22814
1 598 598
-1
1 15712 15712
1 31853 31853
0 0 15040
-1
-1
0 0 5386
-1
1 14190 14190
0 0 14321
1 6305 6305
-1
1 3951 3951
0 0 7737
1 31873 31873
-1
0 0 7597
1 18336 18336
-1
-1
0 0 12817
0 0 9606
1 10864 10864
1 12328 12328
0 0 9842
0 0 1487
1 10578 10578
0 0 3063
0 0 5806
-1
1 15407 15407
0 0 7479
1 7277 7277
1 14113 14113
0 0 309
1 11044 11044
1 2715 2715
0 0 11097
1 14411 14411
0 0 4299
-1
-1
0 0 1214
-1
0 0 6860
1 1740 1740
-1
1 10455 10455
-1
1 5898 5898
-1
0 0 9121
0 0 10538
-1
0 0 12422
0 0 4562
1 29782 29782
-1
1 20360 20360
0 0 13707
-1
-1
-1
0 0 8921
-1
-1
-1
-1
1 25656 25656
1 25506 25506
-1
0 0 14717
0 0 4880
1 9580 9580
1 30173 30173
0 0 9143
-1
0 0 3423
-1
-1
0 0 8092
-1
-1
0 0 7727
0 0 1687
0 0 1180
1 11492 11492
1 20543 20543
-1
-1
-1
0 0 833
-1
0 0 3099
1 22005 22005
1 2408 2408
0 0 4398
1 17610 17610
1 14272 14272
-1
1 15903 15903
0 0 9869
-1
-1
0 0 12721
0 0 3630
0 0 8320
0 0 7931
1 25525 25525
0 0 3269
-1
-1
0 0 12516
1 9702 9702
1 25234 25234
-1
-1
-1
0 0 9372
-1
-1
-1
1 20129 20129
-1
-1
-1
1 25386 25386
0 0 5477
0 0 3762
0 0 5529
0 0 9932
0 0 5514
-1
1 25693 25693
-1
1 32315 32315
-1
1 1983 1983
1 3625 3625
-1
0 0 15635
0 0 12857
1 18502 18502
1 27585 27585
0 0 3212
0 0 15339
0 0 15007
-1
0 0 749
-1
1 12617 12617
-1
-1
1 1663 1663
1 28163 28163
-1
1 19429 19429
0 0 6954
1 5356 5356
0 0 1933
0 0 7782
1 29436 29436
0 0 7411
1 24978 24978
1 4035 4035
1 15018 15018
0 0 11998
-1
-1
1 212 212
1 16534 16534
1 3258 3258
0 0 6041
-1
0 0 8770
0 0 5568
1 5224 5224
1 18378 18378
-1
1 25085 25085
1 29230 29230
-1
1 8278 8278
-1
1 17213 17213
0 0 498
0 0 7717
-1
1 23284 23284
0 0 8925
-1
1 23450 23450
0 0 10218
1 25961 25961
1 4073 4073
-1
-1
0 0 4256
-1
0 0 12603
-1
0 0 12397
-1
1 8053 8053
-1
0 0 4552
0 0 5912
1 15886 15886
-1
0 0 16256
0 0 11017
0 0 953
0 0 1044
0 0 5830
1 4511 4511
-1
1 24448 24448
0 0 5742
1 31925 31925
-1
0 0 3517
-1
1 21268 21268
-1
1 26044 26044
-1
0 0 4463
1 4047 4047
1 14729 14729
0 0 5297
-1
-1
-1
-1
0 0 4382
0 0 6923
-1
1 6726 6726
-1
0 0 5205
-1
1 18103 18103
1 19130 19130
1 23072 23072
0 0 8070
-1
0 0 8242
0 0 6117
1 1043 1043
0 0 7507
0 0 6466
1 2945 2945
0 0 2653
-1
1 13818 13818
-1
-1
0 0 6036
1 1546 1546
-1
1 29081 29081
1 9294 9294
0 0 9068
1 18858 18858
1 12990 12990
-1
0 0 11259
1 3549 3549
1 20067 20067
0 0 12555
1 14030 14030
1 12437 12437
-1
0 0 1049
0 0 14491
-1
1 19991 19991
0 0 5082
1 10214 10214
0 0 6317
1 12341 12341
1 9860 9860
1 8440 8440
-1
1 3570 3570
-1
-1
1 26284 26284
0 0 2967
-1
-1
1 11620 11620
0 0 15032
1 9028 9028
1 19697 19697
1 23425 23425
1 22113 22113
1 10013 10013
0 0 16378
1 9227 9227
-1
1 7233 7233
-1
0 0 11655
0 0 3413
0 0 13911
0 0 7779
0 0 15886
1 11403 11403
0 0 8595
1 868 868
1 16584 16584
0 0 4500
-1
1 19280 19280
1 18220 18220
-1
1 14364 14364
1 15276 15276
-1
0 0 2204
0 0 10552
0 0 9469
1 24336 24336
0 0 11816
0 0 15298
0 0 15954
1 24023 24023
-1
1 8045 8045
1 15734 15734
1 13791 13791
0 0 4233
0 0 5379
-1
0 0 13994
0 0 14174
0 0 11958
-1
-1
0 0 2259
0 0 14914
0 0 9999
-1
-1
-1
0 0 14950
1 16843 16843
0 0 11941
-1
-1
-1
-1
0 0 4708
-1
-1
1 32120 32120
-1
-1
0 0 8949
1 30776 30776
1 31983 31983
-1
0 0 8268
-1
-1
-1
0 0 13909
0 0 12583
-1
1 20517 20517
1 12784 12784
1 29867 29867
-1
0 0 8618
1 7743 7743
1 6784 6784
0 0 3459
1 8364 8364
1 3056 3056
1 490 490
1 13738 13738
-1
1 22622 22622
-1
-1
1 30142 30142
0 0 5430
1 28712 28712
1 9444 9444
1 1506 1506
-1
-1
-1
0 0 8963
-1
-1
-1
1 6171 6171
1 7758 7758
0 0 12880
1 18608 18608
0 0 7993
1 28012 28012
-1
0 0 3839
1 24135 24135
-1
-1
0 0 7638
-1
0 0 365
0 0 8641
0 0 244
0 0 1625
-1
1 31637 31637
-1
0 0 9558
0 0 12109
-1
0 0 12353
1 21994 21994
1 23628 23628
1 19920 19920
1 3211 3211
-1
-1
1 2800 2800
0 0 10936
0 0 7518
0 0 960
-1
0 0 10971
-1
0 0 13007
1 20844 20844
-1
0 0 11546
1 29232 29232
1 25624 25624
0 0 11346
-1
-1
-1
-1
0 0 8401
-1
1 20639 20639
1 19869 19869
0 0 4520
0 0 14096
0 0 13201
1 13932 13932
0 0 7751
-1
-1
0 0 6290
1 2984 2984
-1
1 14741 14741
-1
0 0 4709
-1
-1
1 5117 5117
0 0 4677
0 0 13283
-1
-1
-1
-1
-1
0 0 13719
0 0 2451
-1
-1
1 31636 31636
1 19358 19358
0 0 3896
0 0 4421
-1
0 0 10612
0 0 8989
1 23019 23019
-1
-1
0 0 9300
1 20777 20777
0 0 4087
-1
1 11647 11647
1 20306 20306
1 8359 8359
-1
0 0 10951
1 23703 23703
1 11463 11463
0 0 8554
0 0 146
1 31950 31950
0 0 6120
0 0 4356
0 0 13132
0 0 15608
-1
0 0 13452
-1
1 16029 16029
1 27521 27521
1 30183 30183
1 32127 32127
0 0 8266
1 14721 14721
0 0 13915
0 0 2582
-1
0 0 6926
1 31406 31406
-1
0 0 15631
1 12844 12844
0 0 5165
0 0 5564
0 0 14771
0 0 3876
-1
-1
1 29290 29290
-1
-1
1 32506 32506
1 4636 4636
0 0 6006
-1
1 10779 10779
-1
1 5626 5626
-1
1 10055 10055
1 15511 15511
-1
-1
1 24186 24186
0 0 7423
0 0 12723
1 17399 17399
-1
1 8789 8789
0 0 8498
-1
0 0 6782
-1
-1
-1
-1
-1
0 0 3107
-1
1 213 213
0 0 414
1 21217 21217
-1
1 28293 28293
1 12497 12497
0 0 11864
-1
-1
-1
0 0 12381
0 0 2068
-1
-1
1 14282 14282
1 6236 6236
0 0 13138
0 0 12037
-1
0 0 13813
0 0 841
1 26231 26231
-1
0 0 3359
0 0 7201
-1
-1
-1
0 0 12015
0 0 8653
-1
-1
0 0 1863
0 0 16168
0 0 14681
-1
0 0 3715
0 0 2071
0 0 5424
0 0 1843
0 0 5885
-1
-1
-1
1 24227 24227
0 0 8633
-1
1 26377 26377
0 0 15774
1 15350 15350
1 3415 3415
0 0 7146
-1
1 7905 7905
-1
1 2736 2736
-1
-1
-1
-1
0 0 9829
0 0 16156
1 17998 17998
-1
1 13142 13142
0 0 2418
0 0 2306
-1
1 6078 6078
-1
1 18746 18746
0 0 5696
-1
1 29287 29287
1 16179 16179
1 23496 23496
-1
-1
1 23804 23804
0 0 385
1 16771 16771
0 0 4481
1 24547 24547
0 0 7545
0 0 6057
0 0 12650
-1
1 30014 30014
1 9037 9037
0 0 2345
-1
-1
1 23516 23516
0 0 12823
1 31961 31961
-1
1 13419 13419
1 12344 12344
1 6682 6682
-1
0 0 5622
-1
0 0 5438
1 19028 19028
1 31570 31570
-1
0 0 693
1 28527 28527
1 15383 15383
1 18735 18735
-1
-1
1 7863 7863
-1
-1
-1
0 0 6297
1 2446 2446
0 0 3189
-1
1 13711 13711
-1
1 21714 21714
-1
-1
1 23742 23742
1 13503 13503
1 3076 3076
-1
-1
0 0 6680
0 0 6494
-1
0 0 3421
1 32620 32620
-1
1 10924 10924
1 18691 18691
-1
-1
1 27195 27195
0 0 10977
-1
-1
-1
-1
1 11874 11874
0 0 14821
-1
1 10833 10833
0 0 5907
0 0 13016
-1
-1
0 0 1790
-1
-1
1 3876 3876
-1
1 18036 18036
0 0 4160
-1
0 0 9413
1 6164 6164
1 5546 5546
-1
1 14660 14660
1 12850 12850
0 0 7697
1 4169 4169
-1
-1
1 10661 10661
-1
-1
-1
-1
-1
1 31956 31956
0 0 2050
-1
-1
0 0 15478
-1
0 0 3815
0 0 6155
1 23386 23386
0 0 5353
0 0 14140
0 0 12626
0 0 14028
1 19856 19856
1 22017 22017
0 0 10906
0 0 435
1 12288 12288
0 0 8925
-1
-1
-1
1 17657 17657
1 21472 21472
-1
1 18620 18620
0 0 3018
0 0 13128
1 23067 23067
1 6371 6371
1 29803 29803
1 2932 2932
1 23657 23657
0 0 6201
-1
-1
1 19068 19068
1 17811 17811
0 0 3877
-1
0 0 2836
-1
1 25251 25251
1 32379 32379
-1
1 3224 3224
0 0 15976
1 28170 28170
-1
0 0 5856
0 0 8737
-1
1 24755 24755
0 0 4096
0 0 3382
-1
1 23040 23040
1 31604 31604
1 4427 4427
-1
0 0 15434
0 0 12300
0 0 4332
1 1249 1249
1 22112 22112
-1
-1
-1
-1
-1
1 11783 11783
1 15924 15924
0 0 11221
0 0 2056
0 0 13466
1 18923 18923
0 0 15725
-1
-1
-1
0 0 9426
0 0 587
1 7807 7807
1 24360 24360
1 28874 28874
1 13635 13635
0 0 10464
-1
0 0 7721
-1
-1
0 0 927
-1
1 30748 30748
1 8309 8309
1 8942 8942
-1
-1
1 5030 5030
-1
-1
0 0 14195
0 0 288
1 8524 8524
1 31007 31007
-1
1 16237 16237
0 0 13849
0 0 13858
-1
-1
0 0 14074
1 26759 26759
-1
-1
0 0 1124
0 0 5478
-1
0 0 8216
1 16645 16645
0 0 8604
0 0 14824
0 0 11909
0 0 3029
0 0 8667
0 0 13845
0 0 10943
0 0 14957
0 0 16186
1 11127 11127
-1
-1
1 21608 21608
-1
-1
-1
-1
1 23649 23649
-1
1 19603 19603
1 26247 26247
-1
1 3473 3473
1 29578 29578
1 20716 20716
-1
0 0 11662
-1
1 16375 16375
0 0 605
1 31487 31487
-1
0 0 5111
-1
0 0 5322
-1
-1
-1
1 26167 26167
-1
1 32531 32531
0 0 3739
0 0 7396
-1
-1
-1
0 0 1687
-1
0 0 111
-1
-1
0 0 2341
0 0 9586
0 0 11386
0 0 5900
0 0 15856
1 27667 27667
-1
1 6140 6140
-1
1 8589 8589
-1
-1
1 5189 5189
-1
1 1469 1469
-1
1 23788 23788
1 5313 5313
0 0 10935
1 14302 14302
1 12631 12631
1 16148 16148
0 0 6581
-1
0 0 1222
0 0 12786
-1
-1
0 0 14553
0 0 11476
1 10435 10435
0 0 8764
0 0 4686
1 15004 15004
-1
0 0 11543
-1
0 0 12702
-1
0 0 13001
-1
-1
1 31524 31524
-1
1 29181 29181
1 12245 12245
-1
0 0 12572
1 24641 24641
-1
0 0 4241
1 28595 28595
1 31333 31333
0 0 987
-1
-1
1 16272 16272
0 0 1080
1 1504 1504
-1
0 0 11142
1 30566 30566
1 32537 32537
0 0 7909
0 0 5474
-1
-1
1 22290 22290
1 4557 4557
0 0 4052
0 0 6230
-1
0 0 1389
0 0 10108
1 4372 4372
-1
1 1734 1734
1 1411 1411
-1
1 18645 18645
0 0 8583
0 0 15066
1 30178 30178
0 0 14715
1 13396 13396
-1
0 0 11543
0 0 2530
-1
0 0 13892
1 13862 13862
1 29317 29317
-1
0 0 14762
1 3893 3893
0 0 15488
1 3078 3078
1 282 282
1 5291 5291
0 0 5378
0 0 7921
-1
1 4668 4668
0 0 5104
-1
-1
1 29311 29311
1 19177 19177
-1
-1
-1
1 18423 18423
1 3219 3219
-1
1 7919 7919
1 26343 26343
1 11875 11875
0 0 3057
0 0 10399
1 18714 18714
-1
-1
0 0 5059
-1
-1
1 9910 9910
0 0 15914
1 13151 13151
0 0 14287
0 0 11568
0 0 5130
-1
-1
-1
1 29598 29598
1 30489 30489
1 10325 10325
0 0 7813
0 0 3411
-1
0 0 2371
0 0 14667
0 0 12069
0 0 7792
1 1041 1041
0 0 14408
-1
0 0 6243
1 30674 30674
-1
0 0 7393
-1
-1
-1
1 30021 30021
-1
0 0 3611
1 10954 10954
0 0 5340
1 27170 27170
-1
0 0 8704
-1
-1
-1
1 20728 20728
1 18453 18453
-1
1 14222 14222
-1
0 0 8805
-1
1 18433 18433
1 15483 15483
-1
0 0 8807
-1
0 0 12651
0 0 11638
-1
1 24545 24545
0 0 15563
-1
1 1608 1608
0 0 6267
0 0 326
-1
-1
0 0 15335
1 22736 22736
1 15008 15008
-1
-1
1 7995 7995
-1
-1
1 15785 15785
0 0 8054
1 17120 17120
-1
0 0 15800
-1
-1
0 0 13563
0 0 6341
1 29938 29938
1 22761 22761
-1
1 23028 23028
-1
1 17501 17501
0 0 3496
0 0 15080
-1
0 0 13844
1 10401 10401
0 0 1010
0 0 2214
0 0 10602
0 0 2651
1 7961 7961
1 18952 18952
1 4684 4684
1 476 476
-1
0 0 1704
-1
-1
0 0 544
1 16484 16484
1 22335 22335
-1
1 27450 27450
1 20805 20805
-1
-1
-1
0 0 10909
0 0 1688
0 0 8543
0 0 877
1 14161 14161
-1
-1
0 0 1136
1 30420 30420
-1
-1
-1
0 0 15084
1 22823 22823
-1
1 29011 29011
1 22451 22451
0 0 10750
1 7506 7506
0 0 13115
0 0 14272
-1
-1
-1
1 16029 16029
0 0 7225
1 12699 12699
1 15917 15917
-1
1 24479 24479
-1
1 24014 24014
0 0 11083
0 0 10893
1 13120 13120
0 0 16220
0 0 11778
1 9828 9828
-1
-1
0 0 16243
-1
1 22292 22292
0 0 1484
-1
-1
1 1733 1733
0 0 1758
1 6927 6927
-1
-1
0 0 12612
0 0 13188
-1
-1
-1
1 25304 25304
1 22971 22971
-1
1 27527 27527
0 0 7775
-1
-1
-1
0 0 6434
1 13289 13289
-1
-1
0 0 8026
-1
-1
1 9057 9057
1 22939 22939
1 19434 19434
-1
1 9952 9952
0 0 8870
1 7457 7457
1 19049 19049
-1
0 0 13999
0 0 12597
0 0 13016
0 0 1594
0 0 10902
-1
0 0 2202
0 0 8388
0 0 2859
0 0 14123
-1
-1
0 0 14237
1 20229 20229
0 0 6103
0 0 2217
1 24965 24965
1 27868 27868
-1
1 11359 11359
1 24733 24733
-1
-1
1 2385 2385
0 0 2072
0 0 6324
1 10977 10977
1 1903 1903
0 0 2394
-1
1 18124 18124
0 0 12561
0 0 13296
0 0 6868
0 0 9869
1 19319 19319
1 23339 23339
0 0 11115
1 20888 20888
0 0 2896
-1
0 0 13507
-1
0 0 14651
0 0 9713
0 0 12457
0 0 15412
-1
1 7575 7575
0 0 410
1 27113 27113
0 0 6227
0 0 384
1 2059 2059
0 0 10874
0 0 5297
1 27626 27626
1 20251 20251
-1
1 17542 17542
1 31465 31465
-1
-1
0 0 3150
0 0 12777
