0 0 14806
0 0 10475
1 9579 9579
0 0 14977
0 0 5384
-1
1 4981 4981
1 31530 31530
-1
1 5156 5156
0 0 2061
0 0 3944
-1
1 32176 32176
0 0 14293
1 25546 25546
1 15365 15365
0 0 12910
1 8107 8107
0 0 10332
1 30363 30363
1 24041 24041
-1
0 0 13259
-1
-1
-1
0 0 14103
-1
-1
-1
-1
-1
-1
0 0 8253
0 0 3064
-1
1 30598 30598
1 31363 31363
1 1621 1621
0 0 937
1 28257 28257
0 0 428
-1
1 17089 17089
1 30523 30523
1 14059 14059
0 0 157
-1
1 14303 14303
-1
0 0 4792
-1
-1
1 21643 21643
1 30511 30511
0 0 284
-1
0 0 1342
0 0 1649
1 14732 14732
1 32162 32162
-1
1 23884 23884
-1
1 5228 5228
1 17378 17378
1 10241 10241
1 15491 15491
0 0 274
0 0 121
0 0 5877
-1
0 0 1350
1 31233 31233
0 0 7395
1 8306 8306
0 0 9919
0 0 6478
0 0 15442
-1
0 0 9136
-1
0 0 4405
0 0 14253
0 0 4315
0 0 5537
1 29267 29267
1 19063 19063
-1
1 31345 31345
-1
1 19068 19068
1 4632 4632
1 16501 16501
1 1293 1293
1 10962 10962
-1
1 21475 21475
1 27510 27510
0 0 15660
-1
0 0 6530
1 24621 24621
-1
0 0 9588
0 0 13353
-1
1 32432 32432
0 0 1372
0 0 8064
-1
-1
-1
0 0 9144
0 0 5877
-1
0 0 12260
0 0 5598
0 0 13217
0 0 13933
1 20188 20188
1 21551 21551
0 0 9728
-1
-1
1 23497 23497
0 0 11796
-1
-1
0 0 10846
0 0 13383
1 4330 4330
1 9432 9432
1 23798 23798
-1
1 27502 27502
1 20915 20915
-1
-1
0 0 13022
-1
0 0 15402
1 11885 11885
-1
1 9443 9443
0 0 3368
-1
0 0 15687
0 0 2512
0 0 8475
1 9277 9277
1 10660 10660
1 22967 22967
1 27638 27638
1 6382 6382
1 27298 27298
-1
-1
-1
0 0 1562
1 23575 23575
-1
-1
1 30842 30842
1 29036 29036
1 2825 2825
0 0 11993
-1
0 0 150
1 15602 15602
-1
1 7636 7636
1 8977 8977
0 0 7533
-1
-1
-1
-1
1 18800 18800
-1
1 6017 6017
1 6899 6899
0 0 7105
0 0 137
-1
0 0 11011
1 3182 3182
-1
1 4358 4358
1 10212 10212
1 20851 20851
1 32727 32727
0 0 1927
0 0 15615
0 0 13396
1 26950 26950
0 0 14740
-1
-1
0 0 1325
1 31639 31639
-1
-1
1 12090 12090
1 21169 21169
-1
1 30499 30499
1 18687 18687
1 3938 3938
0 0 12541
1 26104 26104
1 23095 23095
1 1449 1449
1 8752 8752
0 0 14249
1 13157 13157
0 0 13196
1 26273 26273
0 0 3680
0 0 16319
1 13145 13145
0 0 2197
-1
0 0 4150
-1
1 9956 9956
1 14378 14378
0 0 11720
1 25675 25675
-1
0 0 14450
1 22073 22073
0 0 4503
1 9013 9013
1 9261 9261
-1
-1
0 0 1597
1 22070 22070
1 6697 6697
-1
0 0 4002
0 0 5378
-1
-1
0 0 535
-1
0 0 8303
-1
0 0 6402
0 0 19
0 0 6440
0 0 12642
-1
0 0 6037
-1
0 0 13709
-1
-1
0 0 971
1 16150 16150
-1
1 3646 3646
1 13660 13660
0 0 3355
0 0 15306
-1
1 16110 16110
-1
-1
0 0 8802
1 2215 2215
-1
0 0 1092
-1
1 20566 20566
1 18894 18894
-1
1 17815 17815
0 0 13534
1 3513 3513
1 3184 3184
-1
-1
0 0 1219
1 22382 22382
-1
-1
-1
1 10876 10876
1 5463 5463
0 0 13006
0 0 7907
1 8611 8611
1 3011 3011
-1
1 17134 17134
0 0 7823
0 0 1432
-1
0 0 5421
0 0 2799
0 0 135
1 17595 17595
1 20187 20187
0 0 12547
0 0 210
0 0 15416
1 5195 5195
0 0 9400
0 0 8261
1 11839 11839
-1
0 0 1299
0 0 11414
-1
1 20959 20959
-1
1 26446 26446
-1
-1
-1
0 0 14273
1 11741 11741
1 23200 23200
1 23581 23581
-1
1 28274 28274
-1
1 10256 10256
1 12190 12190
-1
1 22360 22360
1 11802 11802
0 0 1194
1 16036 16036
0 0 10667
-1
0 0 4316
1 7913 7913
0 0 6407
1 17714 17714
0 0 3204
-1
-1
-1
-1
1 3925 3925
1 9743 9743
-1
-1
0 0 13486
1 28216 28216
-1
-1
-1
1 20448 20448
1 9271 9271
1 8271 8271
-1
0 0 14645
-1
0 0 16000
-1
-1
0 0 7299
1 7124 7124
0 0 4945
-1
-1
0 0 297
-1
-1
1 19637 19637
0 0 11944
1 19253 19253
1 5722 5722
-1
-1
1 19292 19292
1 12375 12375
0 0 5354
0 0 13807
-1
0 0 7509
1 14366 14366
-1
1 7704 7704
1 6088 6088
1 17972 17972
0 0 10731
0 0 7119
-1
0 0 16280
-1
-1
-1
-1
1 14032 14032
0 0 13947
1 20685 20685
-1
1 18862 18862
-1
-1
1 19514 19514
-1
1 25640 25640
-1
-1
1 14854 14854
-1
0 0 11642
-1
-1
-1
0 0 13727
1 4060 4060
-1
1 30354 30354
-1
1 20049 20049
1 8328 8328
-1
0 0 8657
0 0 2543
1 11165 11165
0 0 4411
-1
0 0 11258
-1
1 16863 16863
1 28230 28230
1 16184 16184
1 24076 24076
1 15105 15105
-1
-1
1 8774 8774
1 6592 6592
1 27346 27346
1 14041 14041
-1
0 0 8248
0 0 10261
1 31491 31491
-1
0 0 8752
0 0 10519
1 755 755
1 19601 19601
-1
1 18572 18572
0 0 1128
-1
-1
1 26246 26246
0 0 3963
1 31064 31064
1 10055 10055
0 0 13753
-1
1 16185 16185
0 0 2766
-1
0 0 1226
0 0 13015
0 0 9911
1 14058 14058
1 9287 9287
1 32625 32625
0 0 5663
-1
0 0 10846
1 6925 6925
1 2560 2560
1 31289 31289
-1
0 0 11698
1 5536 5536
0 0 224
1 13731 13731
0 0 12310
0 0 190
0 0 13044
-1
-1
1 32742 32742
1 18584 18584
-1
-1
0 0 2002
0 0 3554
1 21672 21672
-1
1 6257 6257
1 8696 8696
-1
0 0 9066
0 0 11196
1 16082 16082
1 5456 5456
0 0 179
0 0 3568
0 0 3011
1 20330 20330
0 0 7174
-1
0 0 430
-1
-1
-1
-1
-1
0 0 15414
0 0 12854
-1
1 1520 1520
1 11298 11298
1 564 564
1 3098 3098
0 0 5296
-1
0 0 12775
-1
0 0 8805
0 0 2632
-1
1 23727 23727
1 32695 32695
0 0 5086
-1
-1
-1
0 0 15156
0 0 5236
-1
0 0 15760
-1
0 0 8754
0 0 10988
-1
0 0 4323
-1
-1
0 0 5479
1 23438 23438
-1
0 0 1772
-1
0 0 5633
0 0 15619
1 4939 4939
-1
1 1854 1854
0 0 13827
1 2892 2892
0 0 2192
0 0 16346
0 0 5675
-1
0 0 14847
0 0 14164
1 29542 29542
0 0 7581
0 0 3922
0 0 13914
0 0 10698
-1
0 0 13840
1 6727 6727
0 0 8925
-1
-1
1 14368 14368
-1
1 15021 15021
-1
-1
1 16007 16007
1 19692 19692
-1
1 11340 11340
1 1950 1950
-1
1 16495 16495
-1
-1
-1
1 21990 21990
1 10451 10451
1 24042 24042
1 3868 3868
0 0 16223
0 0 8428
-1
0 0 4636
1 20337 20337
0 0 6470
0 0 11796
1 16233 16233
1 30377 30377
1 3073 3073
-1
1 16342 16342
-1
-1
0 0 6812
0 0 8605
-1
0 0 11710
-1
0 0 6963
-1
-1
1 2875 2875
1 13755 13755
0 0 13738
-1
-1
0 0 7896
1 28509 28509
1 20013 20013
-1
1 11089 11089
1 25656 25656
1 1930 1930
1 20680 20680
-1
-1
-1
-1
1 16808 16808
1 12027 12027
-1
-1
0 0 13804
1 15407 15407
-1
-1
0 0 6100
1 25039 25039
-1
1 27287 27287
0 0 8771
1 14273 14273
-1
0 0 4750
0 0 10940
-1
0 0 16312
1 20349 20349
0 0 6346
1 31174 31174
0 0 14081
-1
0 0 9795
-1
0 0 13056
1 23717 23717
0 0 1925
1 26253 26253
-1
0 0 9214
1 30583 30583
0 0 13483
-1
-1
1 2609 2609
1 15784 15784
-1
1 25923 25923
1 4660 4660
0 0 1451
0 0 2300
-1
-1
0 0 5364
-1
1 13701 13701
-1
1 1308 1308
0 0 5897
1 31338 31338
0 0 633
-1
-1
-1
0 0 4733
-1
-1
-1
0 0 687
1 25949 25949
-1
0 0 13791
-1
-1
-1
0 0 10476
1 17697 17697
1 12915 12915
0 0 2443
0 0 8988
-1
1 29239 29239
-1
-1
1 30656 30656
-1
0 0 1875
-1
1 7493 7493
-1
1 31336 31336
0 0 338
1 517 517
-1
0 0 11024
1 10123 10123
-1
-1
1 17973 17973
-1
-1
0 0 11095
-1
0 0 14131
-1
0 0 14996
1 24106 24106
1 32722 32722
1 1768 1768
0 0 11111
-1
1 22563 22563
1 17066 17066
-1
0 0 6272
-1
0 0 10411
1 22427 22427
0 0 868
-1
1 18897 18897
1 16519 16519
1 31408 31408
-1
-1
0 0 3219
1 23272 23272
1 27657 27657
1 1183 1183
1 6748 6748
0 0 10810
0 0 11253
1 30493 30493
1 26305 26305
0 0 13783
-1
1 9405 9405
-1
-1
-1
-1
1 9979 9979
0 0 7707
1 27459 27459
0 0 14986
-1
-1
1 16532 16532
-1
0 0 13779
1 21719 21719
-1
1 27085 27085
1 9595 9595
0 0 662
0 0 1535
-1
1 468 468
1 21291 21291
0 0 10477
-1
0 0 666
-1
0 0 3294
-1
-1
-1
0 0 10418
1 16201 16201
1 15393 15393
1 22705 22705
1 18699 18699
0 0 1022
-1
0 0 8391
-1
0 0 13134
-1
1 27285 27285
-1
0 0 13277
0 0 15465
1 26384 26384
0 0 11948
0 0 12220
0 0 8140
0 0 6157
-1
-1
0 0 5209
1 32041 32041
0 0 1185
-1
1 9285 9285
-1
0 0 725
-1
1 21545 21545
-1
0 0 14622
0 0 3153
1 12394 12394
0 0 10265
0 0 14949
-1
-1
0 0 10209
1 5667 5667
-1
0 0 1052
0 0 1146
-1
1 22792 22792
0 0 9648
0 0 13786
1 8729 8729
0 0 9865
-1
-1
-1
0 0 4670
0 0 5377
1 22306 22306
1 640 640
-1
-1
-1
1 29687 29687
1 30769 30769
-1
-1
-1
0 0 14726
-1
0 0 4291
-1
0 0 12215
1 14569 14569
1 1297 1297
0 0 1841
0 0 2054
0 0 8395
0 0 14428
0 0 4490
1 18108 18108
-1
-1
1 24288 24288
1 5340 5340
0 0 4647
0 0 41
1 17420 17420
1 3044 3044
0 0 12545
0 0 4011
1 28115 28115
1 15841 15841
1 20500 20500
0 0 7881
-1
1 3569 3569
1 3991 3991
1 20960 20960
-1
0 0 10339
0 0 12268
0 0 374
-1
0 0 7828
1 4827 4827
1 16315 16315
0 0 9324
0 0 5690
-1
-1
0 0 15154
0 0 5515
1 12703 12703
1 17727 17727
1 13293 13293
0 0 11402
0 0 2995
-1
-1
-1
0 0 13947
0 0 10755
1 15226 15226
-1
-1
0 0 8593
-1
0 0 1979
1 4400 4400
0 0 372
0 0 10896
1 29711 29711
-1
-1
-1
1 24380 24380
-1
0 0 3840
1 21954 21954
-1
-1
-1
1 24754 24754
1 16474 16474
-1
0 0 6994
0 0 191
0 0 15870
0 0 2132
0 0 3756
-1
1 23194 23194
1 10010 10010
1 13169 13169
0 0 3547
0 0 7614
0 0 8163
0 0 15578
1 32652 32652
-1
1 31498 31498
-1
0 0 15238
0 0 12179
0 0 12214
-1
1 16017 16017
1 28646 28646
1 20018 20018
0 0 16144
1 1377 1377
1 20448 20448
1 18380 18380
1 24275 24275
0 0 3358
1 196 196
1 99 99
1 21367 21367
0 0 13290
1 8148 8148
0 0 8746
-1
0 0 8360
1 5736 5736
1 11438 11438
0 0 7659
0 0 16228
-1
1 9143 9143
-1
0 0 13542
-1
-1
0 0 7182
1 31198 31198
1 21581 21581
-1
0 0 13067
0 0 12409
0 0 11443
-1
1 32349 32349
1 26614 26614
-1
0 0 6920
0 0 5457
1 6981 6981
1 9877 9877
0 0 13003
-1
1 18225 18225
1 9946 9946
-1
0 0 7317
-1
0 0 11286
1 23029 23029
-1
0 0 2680
1 26391 26391
1 5472 5472
-1
1 20396 20396
0 0 12444
-1
1 6342 6342
-1
-1
-1
-1
0 0 897
0 0 8960
-1
-1
1 19904 19904
-1
-1
-1
1 7178 7178
0 0 5638
-1
0 0 1069
1 16338 16338
-1
0 0 13811
0 0 6944
1 14208 14208
0 0 13588
1 19244 19244
0 0 74
-1
0 0 2529
0 0 3201
1 513 513
1 2407 2407
0 0 3118
0 0 4687
1 20603 20603
1 25393 25393
-1
-1
0 0 8937
-1
0 0 4087
-1
-1
-1
-1
1 28260 28260
-1
0 0 2662
-1
-1
1 15598 15598
1 12793 12793
1 10101 10101
-1
1 1481 1481
0 0 12614
-1
0 0 11850
1 31085 31085
0 0 11711
1 21165 21165
-1
1 31521 31521
-1
1 32391 32391
-1
1 28028 28028
-1
-1
1 22276 22276
0 0 15734
1 16171 16171
0 0 2235
0 0 7384
-1
0 0 4602
0 0 23
0 0 8314
-1
0 0 7910
-1
-1
1 21997 21997
-1
1 9609 9609
1 12318 12318
1 32261 32261
1 19941 19941
0 0 13283
-1
-1
0 0 5683
-1
-1
1 25732 25732
-1
0 0 5885
0 0 6767
1 15880 15880
0 0 2444
1 31361 31361
-1
1 15323 15323
-1
1 1237 1237
1 29786 29786
1 23900 23900
1 29918 29918
0 0 10840
1 10269 10269
0 0 14177
1 3913 3913
0 0 113
-1
-1
1 17366 17366
-1
1 22423 22423
1 13621 13621
1 16843 16843
1 10217 10217
0 0 2173
-1
0 0 14513
1 4160 4160
0 0 15647
1 9322 9322
-1
1 243 243
1 12672 12672
0 0 10287
-1
1 17332 17332
1 4871 4871
-1
-1
0 0 4645
0 0 5867
0 0 496
0 0 1278
0 0 6280
0 0 1040
0 0 545
-1
-1
-1
0 0 5909
1 25612 25612
0 0 1087
1 13050 13050
-1
-1
-1
0 0 5691
0 0 13420
1 6836 6836
1 13161 13161
-1
1 24852 24852
-1
0 0 2266
1 19491 19491
0 0 14689
0 0 1482
0 0 12859
-1
-1
1 15673 15673
0 0 11531
1 8803 8803
1 16384 16384
0 0 14792
-1
-1
-1
0 0 9821
0 0 3193
1 10760 10760
-1
0 0 16228
-1
0 0 6979
-1
1 9279 9279
-1
1 22820 22820
0 0 12175
-1
1 12753 12753
0 0 9923
1 193 193
-1
0 0 7486
0 0 6275
-1
1 15275 15275
-1
1 10031 10031
0 0 4620
1 1689 1689
0 0 10301
0 0 10016
-1
-1
-1
-1
-1
1 26927 26927
-1
-1
1 791 791
1 13385 13385
1 28211 28211
-1
-1
1 25421 25421
1 10394 10394
1 13123 13123
0 0 14383
1 6999 6999
1 32184 32184
-1
1 10673 10673
1 4852 4852
0 0 2758
1 19564 19564
-1
-1
-1
1 19697 19697
0 0 6505
0 0 5810
1 29110 29110
1 28081 28081
1 12816 12816
1 17689 17689
0 0 13815
1 10175 10175
-1
0 0 1936
0 0 13009
0 0 5617
1 2030 2030
0 0 12903
0 0 12249
0 0 9101
-1
0 0 9716
0 0 1420
1 5907 5907
0 0 11629
-1
0 0 9391
-1
-1
0 0 8030
0 0 16017
1 19090 19090
0 0 1110
1 17608 17608
1 10905 10905
1 13692 13692
-1
0 0 3311
-1
1 31986 31986
0 0 12865
0 0 1734
-1
-1
-1
0 0 15208
-1
1 4098 4098
0 0 9048
1 12442 12442
-1
-1
1 1060 1060
0 0 13096
-1
0 0 4202
1 7376 7376
0 0 6183
-1
-1
-1
0 0 49
0 0 1472
0 0 3037
0 0 15582
0 0 12071
0 0 8204
1 13585 13585
0 0 3041
-1
1 7603 7603
0 0 7202
0 0 4807
-1
0 0 6629
0 0 6355
-1
0 0 3134
0 0 7287
-1
-1
-1
0 0 13729
0 0 5545
1 2119 2119
-1
-1
1 11463 11463
-1
1 8971 8971
-1
-1
1 6805 6805
0 0 14355
1 6886 6886
0 0 12305
0 0 8460
-1
1 14439 14439
1 24558 24558
1 6775 6775
-1
1 15604 15604
1 7143 7143
-1
0 0 6026
0 0 16211
0 0 4096
1 1447 1447
-1
1 16047 16047
0 0 11762
0 0 13690
0 0 11648
0 0 1256
-1
1 26397 26397
0 0 2245
1 26849 26849
0 0 11157
-1
0 0 11726
1 24909 24909
-1
1 26386 26386
1 26182 26182
-1
0 0 2054
0 0 6143
-1
0 0 10978
-1
-1
1 21468 21468
-1
-1
1 3192 3192
-1
-1
0 0 8826
1 21918 21918
0 0 5478
-1
0 0 3603
0 0 13948
1 14875 14875
0 0 4935
1 1328 1328
-1
1 29402 29402
0 0 2270
-1
-1
0 0 1313
-1
0 0 12637
1 15378 15378
1 31491 31491
-1
0 0 10716
-1
-1
1 6770 6770
1 18565 18565
0 0 1997
0 0 13509
-1
1 3361 3361
0 0 5995
-1
-1
-1
-1
1 19441 19441
-1
-1
1 25064 25064
0 0 6846
0 0 12765
-1
1 19939 19939
0 0 4987
-1
1 14407 14407
0 0 5694
-1
1 7827 7827
-1
-1
0 0 847
1 5569 5569
-1
0 0 15029
1 27482 27482
1 18607 18607
-1
1 11913 11913
1 3623 3623
0 0 15713
0 0 10652
0 0 11368
1 16048 16048
0 0 2812
1 934 934
1 22197 22197
0 0 1033
1 15197 15197
-1
0 0 7169
-1
-1
1 30387 30387
-1
-1
0 0 10157
0 0 13247
1 18843 18843
0 0 9575
-1
1 14742 14742
0 0 11342
-1
0 0 6113
1 1875 1875
1 10611 10611
0 0 7373
-1
-1
1 28171 28171
0 0 5368
1 26336 26336
1 12961 12961
-1
1 15267 15267
-1
1 9701 9701
-1
1 6001 6001
-1
0 0 3227
0 0 3779
0 0 8454
1 2146 2146
1 4850 4850
1 27255 27255
-1
-1
1 9767 9767
1 29621 29621
1 32053 32053
1 20693 20693
0 0 15245
-1
0 0 4533
-1
0 0 2017
0 0 7683
1 27839 27839
1 10965 10965
1 1101 1101
-1
-1
1 20438 20438
-1
-1
1 28556 28556
1 21578 21578
-1
1 6233 6233
-1
0 0 1856
1 10879 10879
-1
1 21436 21436
1 29788 29788
1 8667 8667
0 0 11846
-1
1 19413 19413
-1
-1
1 26288 26288
1 11126 11126
1 1623 1623
0 0 4378
0 0 4751
1 19165 19165
0 0 11897
0 0 7602
1 1290 1290
1 9023 9023
0 0 11793
0 0 13284
-1
1 24546 24546
0 0 14130
-1
-1
0 0 3921
0 0 4791
-1
-1
1 108 108
1 20136 20136
1 4052 4052
0 0 344
-1
-1
-1
1 6258 6258
-1
-1
-1
1 30593 30593
1 2581 2581
1 27533 27533
1 24453 24453
1 32430 32430
0 0 8250
1 23333 23333
-1
-1
-1
0 0 13952
1 20099 20099
1 6876 6876
1 326 326
0 0 416
0 0 13539
1 32061 32061
1 24089 24089
0 0 1436
-1
1 11133 11133
1 12352 12352
0 0 2297
1 14619 14619
-1
-1
-1
-1
0 0 4904
-1
1 6473 6473
0 0 14131
-1
1 7924 7924
0 0 13694
-1
1 18523 18523
0 0 1162
1 13976 13976
0 0 15553
1 9743 9743
1 28161 28161
1 19240 19240
0 0 5993
-1
0 0 12064
1 8814 8814
-1
1 14214 14214
0 0 12919
0 0 4782
-1
-1
1 6203 6203
0 0 8271
1 10958 10958
1 31084 31084
0 0 15603
0 0 9350
1 3333 3333
-1
0 0 5093
1 12343 12343
1 15086 15086
-1
0 0 11817
0 0 1138
-1
1 23141 23141
0 0 8061
1 23436 23436
0 0 2657
-1
0 0 620
-1
0 0 16250
0 0 14499
0 0 12425
1 2093 2093
1 4708 4708
1 27076 27076
1 17765 17765
-1
-1
-1
1 29341 29341
0 0 13173
1 21291 21291
1 16817 16817
-1
-1
1 1384 1384
0 0 11164
0 0 9392
-1
1 19377 19377
1 14450 14450
0 0 14904
0 0 1219
0 0 581
0 0 9862
-1
0 0 15136
1 21966 21966
1 7849 7849
1 21760 21760
0 0 41
-1
-1
-1
-1
-1
-1
0 0 10461
-1
1 9981 9981
-1
1 14758 14758
0 0 10380
1 24692 24692
1 10299 10299
1 27333 27333
1 2320 2320
0 0 15231
1 19136 19136
-1
1 4199 4199
0 0 3959
-1
1 22924 22924
-1
-1
-1
1 7070 7070
0 0 14716
0 0 1394
-1
-1
0 0 8171
1 1970 1970
0 0 5426
1 16702 16702
-1
-1
0 0 7055
-1
-1
-1
0 0 2397
1 10135 10135
-1
1 16616 16616
-1
1 4379 4379
-1
1 30729 30729
0 0 3498
0 0 14137
0 0 10516
-1
1 29267 29267
0 0 7924
-1
1 329 329
0 0 15001
0 0 7021
1 32240 32240
1 16967 16967
1 28888 28888
0 0 13598
-1
0 0 13926
0 0 5196
-1
0 0 15784
1 26654 26654
1 12988 12988
0 0 15233
-1
0 0 6695
-1
0 0 6999
1 25113 25113
0 0 4452
1 4383 4383
0 0 14128
1 14777 14777
-1
-1
1 18030 18030
-1
1 17884 17884
-1
-1
-1
1 4205 4205
0 0 3481
0 0 5166
0 0 436
0 0 9498
0 0 10772
0 0 14824
-1
1 6844 6844
1 2105 2105
-1
-1
1 24040 24040
0 0 13223
0 0 14906
-1
1 3181 3181
-1
1 8494 8494
1 24938 24938
0 0 14889
1 5113 5113
0 0 12906
-1
0 0 8379
1 13478 13478
0 0 3376
0 0 800
0 0 11013
-1
-1
-1
-1
-1
1 19048 19048
1 12196 12196
0 0 6262
-1
0 0 8154
1 17688 17688
1 18366 18366
1 12678 12678
-1
1 25640 25640
1 10253 10253
1 9495 9495
-1
1 31623 31623
1 25390 25390
-1
-1
0 0 10959
-1
0 0 6924
0 0 2908
1 32007 32007
1 30299 30299
1 19938 19938
1 13451 13451
1 28949 28949
0 0 4315
0 0 4609
1 7415 7415
1 10826 10826
1 20351 20351
-1
1 14138 14138
-1
0 0 8792
-1
1 4137 4137
0 0 15264
1 27156 27156
1 19649 19649
-1
1 25230 25230
-1
1 31828 31828
1 24631 24631
1 31516 31516
1 32466 32466
-1
-1
0 0 9593
0 0 12212
0 0 11230
1 26188 26188
1 76 76
0 0 2521
0 0 12950
-1
-1
-1
1 4627 4627
0 0 14952
1 5252 5252
1 3053 3053
0 0 7152
0 0 9353
1 27997 27997
0 0 2527
0 0 5371
-1
-1
-1
-1
-1
-1
-1
1 15687 15687
1 13064 13064
1 20746 20746
-1
-1
1 2967 2967
1 3496 3496
1 5494 5494
0 0 3219
-1
0 0 14973
1 28604 28604
1 707 707
0 0 4675
0 0 6858
0 0 4670
0 0 9468
1 1832 1832
0 0 8091
0 0 10063
-1
-1
-1
0 0 13868
0 0 5549
-1
1 32173 32173
0 0 5084
1 14847 14847
0 0 3061
0 0 12359
0 0 14224
-1
0 0 14523
1 8593 8593
-1
0 0 14306
1 10803 10803
0 0 5375
0 0 14871
0 0 11595
1 10112 10112
1 20306 20306
1 8378 8378
-1
0 0 10090
0 0 990
0 0 3085
1 31730 31730
-1
0 0 14161
1 32211 32211
1 22118 22118
1 1244 1244
-1
-1
0 0 2674
-1
1 14961 14961
0 0 14276
0 0 3649
1 23694 23694
0 0 3156
0 0 7321
1 32075 32075
0 0 14051
-1
-1
-1
1 1910 1910
1 27702 27702
1 10705 10705
0 0 7717
1 7585 7585
0 0 8649
1 31979 31979
1 12761 12761
0 0 13358
-1
-1
1 6210 6210
0 0 12843
-1
0 0 8165
0 0 6378
-1
-1
-1
1 9939 9939
0 0 13895
0 0 4511
1 1450 1450
-1
0 0 5828
-1
-1
1 23774 23774
1 14901 14901
-1
0 0 11681
-1
-1
0 0 12360
-1
1 7812 7812
-1
0 0 8958
-1
-1
1 31579 31579
1 6435 6435
1 23300 23300
0 0 10131
1 21419 21419
0 0 5714
-1
1 8289 8289
-1
1 5341 5341
-1
0 0 12467
-1
0 0 9770
-1
-1
0 0 6797
0 0 5159
-1
1 26405 26405
0 0 5249
0 0 3743
-1
-1
-1
1 21322 21322
0 0 2412
-1
-1
0 0 1384
-1
-1
1 21009 21009
0 0 10352
1 26323 26323
-1
0 0 9024
0 0 478
1 21763 21763
0 0 15653
1 9342 9342
1 10080 10080
0 0 1432
1 1248 1248
1 20637 20637
1 2549 2549
0 0 6900
-1
-1
1 14429 14429
-1
1 11362 11362
0 0 9783
1 17066 17066
1 10576 10576
-1
1 7596 7596
-1
-1
-1
0 0 6287
1 1613 1613
-1
-1
1 30398 30398
-1
1 8668 8668
-1
0 0 14218
0 0 14407
1 13509 13509
0 0 11240
1 31683 31683
1 17061 17061
-1
-1
0 0 16381
1 28767 28767
1 31877 31877
0 0 6953
1 20741 20741
1 24123 24123
-1
0 0 15978
-1
-1
1 22059 22059
-1
0 0 7686
1 9443 9443
1 17037 17037
0 0 9576
0 0 1982
1 27827 27827
-1
0 0 849
1 13218 13218
0 0 13782
0 0 1328
0 0 6890
0 0 8148
0 0 15276
-1
0 0 2202
0 0 14311
0 0 10613
1 26209 26209
0 0 9153
-1
0 0 10728
0 0 13626
0 0 1275
1 31197 31197
1 22060 22060
1 5798 5798
0 0 13405
-1
-1
1 31209 31209
0 0 16310
-1
1 23618 23618
1 8328 8328
-1
1 7561 7561
0 0 6433
-1
1 14167 14167
0 0 2430
0 0 9119
-1
1 14735 14735
-1
-1
0 0 12008
0 0 8026
-1
0 0 568
0 0 2149
0 0 5014
0 0 4690
0 0 9286
1 13815 13815
-1
-1
0 0 3638
0 0 13837
1 16472 16472
-1
0 0 4483
0 0 3429
-1
-1
0 0 8576
0 0 5495
0 0 7449
-1
0 0 1437
0 0 1954
-1
0 0 12168
0 0 13216
0 0 3694
-1
1 25037 25037
1 9176 9176
0 0 6606
-1
1 22333 22333
1 17274 17274
1 14014 14014
-1
-1
0 0 4456
1 21837 21837
-1
-1
-1
0 0 4438
0 0 2548
-1
0 0 12460
0 0 16263
0 0 3229
1 2969 2969
1 25954 25954
0 0 10240
-1
1 4529 4529
0 0 13805
-1
1 14822 14822
1 8730 8730
0 0 5113
0 0 425
1 21698 21698
0 0 11247
-1
1 10219 10219
1 5903 5903
0 0 8079
-1
-1
1 9326 9326
-1
1 30432 30432
0 0 16219
1 3830 3830
-1
1 17635 17635
-1
1 13232 13232
0 0 2257
0 0 4161
0 0 5755
1 26396 26396
0 0 1931
0 0 2002
1 15869 15869
-1
-1
0 0 1075
0 0 12243
0 0 11808
0 0 4909
0 0 4812
1 4164 4164
0 0 1630
1 16111 16111
0 0 5534
0 0 12414
-1
-1
0 0 11655
1 28232 28232
-1
-1
-1
1 10355 10355
1 17616 17616
0 0 8146
-1
0 0 13839
0 0 6134
0 0 14341
1 1222 1222
0 0 13665
1 5627 5627
0 0 11965
-1
1 25381 25381
0 0 12423
1 8086 8086
0 0 10893
-1
0 0 12245
1 30227 30227
-1
-1
-1
1 18751 18751
0 0 6610
0 0 8840
0 0 4463
-1
0 0 9741
1 23645 23645
0 0 1442
1 1200 1200
-1
-1
-1
-1
0 0 7375
0 0 15809
-1
1 723 723
0 0 14641
-1
-1
0 0 14467
0 0 13926
0 0 14044
0 0 14747
0 0 3815
1 1591 1591
1 15830 15830
-1
0 0 11713
-1
0 0 11085
1 17071 17071
0 0 13447
0 0 6083
1 31337 31337
1 16561 16561
1 17007 17007
-1
1 32510 32510
1 32489 32489
-1
-1
0 0 2803
0 0 2086
-1
-1
0 0 12928
1 16069 16069
0 0 11804
1 3481 3481
1 28419 28419
-1
1 1017 1017
1 30770 30770
-1
1 2148 2148
-1
1 4094 4094
-1
1 27299 27299
1 24810 24810
1 26284 26284
1 19581 19581
-1
1 20636 20636
1 25377 25377
-1
1 9250 9250
0 0 12151
0 0 2810
-1
1 23985 23985
0 0 12808
1 24053 24053
0 0 782
0 0 6967
0 0 9511
1 23711 23711
0 0 876
1 12769 12769
0 0 10047
1 15016 15016
0 0 252
0 0 11652
1 4244 4244
0 0 7740
0 0 5648
1 16600 16600
1 29711 29711
-1
1 23506 23506
0 0 8538
-1
0 0 14667
0 0 12526
1 11511 11511
-1
1 21173 21173
1 12772 12772
-1
-1
1 1861 1861
0 0 11633
-1
1 12153 12153
0 0 344
-1
1 21117 21117
0 0 1904
1 24089 24089
1 32589 32589
0 0 8505
1 27620 27620
0 0 3816
-1
1 16477 16477
-1
-1
-1
0 0 15976
-1
-1
1 21085 21085
1 7377 7377
-1
0 0 1112
1 21750 21750
1 22107 22107
1 32759 32759
-1
0 0 8258
-1
-1
-1
-1
0 0 3801
-1
-1
0 0 5217
0 0 9820
-1
-1
-1
-1
-1
0 0 3497
-1
1 8175 8175
1 16318 16318
-1
1 27447 27447
-1
0 0 2182
-1
1 27547 27547
1 316 316
-1
-1
-1
1 19860 19860
0 0 13857
1 14025 14025
0 0 7349
1 8867 8867
-1
0 0 12276
0 0 14841
0 0 8117
0 0 1146
1 14917 14917
1 1970 1970
1 19811 19811
-1
-1
1 11528 11528
1 15604 15604
0 0 6278
-1
0 0 1173
1 29182 29182
0 0 2919
-1
-1
1 16465 16465
1 6066 6066
1 692 692
1 15821 15821
0 0 7194
0 0 8599
1 1145 1145
0 0 1710
-1
0 0 13479
0 0 14820
1 723 723
-1
1 27441 27441
0 0 12254
1 29452 29452
0 0 9892
-1
1 13726 13726
-1
-1
1 28449 28449
1 13678 13678
1 24270 24270
1 1893 1893
-1
1 13923 13923
-1
0 0 14181
-1
0 0 7601
1 7417 7417
-1
0 0 867
0 0 11204
0 0 3993
1 18938 18938
-1
1 25256 25256
1 3879 3879
0 0 4931
0 0 13484
0 0 16097
0 0 8575
-1
-1
0 0 13256
-1
0 0 966
1 24495 24495
-1
1 28684 28684
0 0 8575
1 30607 30607
-1
-1
0 0 6182
-1
-1
0 0 393
-1
0 0 5010
1 21455 21455
0 0 15933
0 0 10867
1 16523 16523
1 32391 32391
0 0 4869
-1
1 24220 24220
0 0 7683
0 0 13271
0 0 5215
1 7842 7842
1 6389 6389
-1
0 0 15957
0 0 7039
-1
-1
1 28276 28276
-1
1 4266 4266
1 9717 9717
1 18543 18543
0 0 11594
1 12094 12094
-1
1 2023 2023
0 0 569
0 0 5867
1 26906 26906
-1
0 0 2677
1 11934 11934
0 0 6580
1 1594 1594
0 0 13215
0 0 5623
0 0 5194
0 0 12150
-1
-1
1 5424 5424
1 14797 14797
1 31595 31595
1 18848 18848
1 160 160
0 0 14132
0 0 280
0 0 31
0 0 4814
1 16961 16961
0 0 8914
-1
1 15026 15026
1 30030 30030
0 0 313
-1
0 0 1378
-1
0 0 4586
-1
-1
0 0 11279
-1
0 0 11271
0 0 6145
0 0 7753
0 0 11920
1 21503 21503
1 15636 15636
1 12954 12954
0 0 11379
1 4443 4443
0 0 10999
-1
-1
0 0 10754
1 2709 2709
0 0 13281
0 0 14836
-1
1 8802 8802
-1
1 27639 27639
-1
0 0 12865
-1
1 6503 6503
-1
0 0 6203
1 17470 17470
0 0 14090
0 0 4568
0 0 13130
-1
0 0 12150
0 0 3631
1 8325 8325
1 6191 6191
1 17522 17522
0 0 5500
0 0 7395
0 0 266
-1
-1
-1
-1
1 13435 13435
-1
0 0 4647
0 0 8317
0 0 4916
-1
1 8756 8756
-1
0 0 9836
0 0 496
1 6566 6566
-1
0 0 1241
1 31318 31318
-1
-1
1 30067 30067
1 20644 20644
0 0 9539
0 0 2126
-1
1 2001 2001
0 0 14746
0 0 15529
-1
-1
1 13547 13547
-1
0 0 519
0 0 13113
1 18971 18971
1 26743 26743
1 13634 13634
0 0 9085
0 0 6661
1 4688 4688
1 29680 29680
-1
-1
0 0 1732
-1
1 20273 20273
-1
-1
1 32150 32150
0 0 5077
1 13295 13295
1 15978 15978
-1
-1
1 3997 3997
-1
1 138 138
1 26277 26277
1 22095 22095
1 57 57
1 12387 12387
-1
-1
-1
0 0 1738
-1
0 0 7429
-1
1 9864 9864
1 30731 30731
1 24585 24585
-1
-1
-1
-1
-1
0 0 932
0 0 8709
1 16102 16102
1 6156 6156
-1
1 9106 9106
0 0 1818
1 29519 29519
1 17551 17551
-1
0 0 15882
1 31250 31250
-1
1 17690 17690
1 14357 14357
-1
1 14723 14723
-1
0 0 8135
-1
-1
-1
-1
1 18002 18002
0 0 7495
-1
1 3723 3723
0 0 7976
1 2324 2324
1 901 901
-1
-1
1 9560 9560
-1
1 23428 23428
0 0 4838
-1
0 0 13605
-1
-1
0 0 14438
-1
-1
-1
1 19397 19397
1 28528 28528
-1
1 16473 16473
-1
-1
-1
0 0 15745
-1
-1
1 15578 15578
0 0 13008
1 25490 25490
-1
1 26065 26065
1 2430 2430
-1
1 1123 1123
-1
1 13792 13792
-1
-1
1 23668 23668
1 3195 3195
-1
1 14355 14355
1 19215 19215
-1
0 0 4500
0 0 1333
1 9265 9265
1 22139 22139
1 15006 15006
1 29159 29159
1 28834 28834
0 0 15624
0 0 3752
1 16964 16964
0 0 1920
1 28991 28991
-1
0 0 3065
1 3131 3131
-1
-1
-1
1 19482 19482
-1
0 0 682
-1
1 436 436
-1
0 0 5938
1 9804 9804
-1
0 0 6699
1 32267 32267
0 0 1174
-1
0 0 14880
-1
0 0 10190
1 11347 11347
1 5228 5228
1 4766 4766
0 0 3168
1 25577 25577
-1
-1
0 0 15866
-1
-1
-1
1 15693 15693
0 0 4427
0 0 15133
-1
0 0 10501
-1
-1
1 25536 25536
1 13605 13605
1 32521 32521
1 20202 20202
0 0 12016
0 0 1509
0 0 4647
-1
1 15778 15778
0 0 3308
1 18264 18264
1 19323 19323
1 9022 9022
0 0 819
1 29913 29913
1 26586 26586
-1
1 28730 28730
0 0 1902
-1
-1
-1
0 0 10910
-1
0 0 12121
0 0 7212
0 0 7959
1 2056 2056
1 4891 4891
-1
1 7861 7861
-1
0 0 7513
0 0 16067
1 9001 9001
0 0 259
-1
1 17 17
1 6073 6073
0 0 5194
-1
0 0 13098
-1
1 13291 13291
1 21880 21880
0 0 2436
-1
1 2309 2309
0 0 5001
1 17557 17557
-1
0 0 10347
-1
-1
-1
0 0 8802
-1
1 9558 9558
1 23874 23874
-1
0 0 846
0 0 6704
-1
-1
0 0 4662
1 24811 24811
1 15445 15445
1 25736 25736
0 0 3844
1 22369 22369
0 0 9275
1 1400 1400
0 0 13611
1 10979 10979
1 29965 29965
0 0 7912
-1
-1
-1
1 28718 28718
0 0 3076
1 8721 8721
0 0 609
1 26403 26403
1 10784 10784
0 0 13056
-1
1 8631 8631
0 0 167
1 24709 24709
1 15888 15888
0 0 14321
0 0 1327
1 27074 27074
1 14430 14430
0 0 12170
-1
-1
0 0 11366
1 30383 30383
-1
0 0 4861
-1
0 0 8772
1 27635 27635
0 0 12769
1 529 529
1 14698 14698
-1
0 0 16238
-1
-1
0 0 11667
0 0 10871
0 0 13851
-1
1 23434 23434
0 0 9707
0 0 11613
1 3318 3318
1 399 399
-1
0 0 12140
1 26224 26224
0 0 2127
-1
-1
0 0 13912
0 0 11419
1 27062 27062
-1
-1
1 22893 22893
0 0 8207
1 31467 31467
-1
0 0 5812
1 19763 19763
1 17968 17968
0 0 7037
0 0 10224
1 26251 26251
1 22481 22481
1 12662 12662
0 0 5461
1 26990 26990
1 17495 17495
1 27468 27468
1 30500 30500
1 8023 8023
1 3616 3616
-1
0 0 14179
0 0 14651
-1
1 24338 24338
1 19357 19357
0 0 14616
1 19219 19219
1 9451 9451
0 0 3171
0 0 5071
-1
0 0 13686
1 21238 21238
1 14858 14858
1 10530 10530
-1
0 0 11385
1 25461 25461
1 8106 8106
0 0 863
-1
-1
1 16391 16391
1 15382 15382
-1
0 0 5607
0 0 7601
0 0 11476
0 0 3990
1 5311 5311
0 0 6748
0 0 14253
1 4918 4918
0 0 8412
1 6493 6493
-1
0 0 5838
1 3517 3517
0 0 9401
1 24577 24577
-1
0 0 6339
-1
-1
0 0 4359
0 0 13311
0 0 14038
0 0 4260
-1
0 0 12644
-1
0 0 7292
-1
1 3765 3765
0 0 10000
0 0 14042
0 0 3060
1 10319 10319
0 0 8140
1 20618 20618
0 0 6898
1 8273 8273
0 0 12898
0 0 7041
0 0 15502
1 20524 20524
-1
1 22423 22423
0 0 13420
0 0 16194
-1
0 0 6938
0 0 12990
1 13232 13232
-1
-1
1 18678 18678
0 0 12063
0 0 16229
-1
-1
0 0 9142
0 0 9688
-1
0 0 16274
1 22448 22448
-1
1 32398 32398
0 0 13585
0 0 5529
1 32570 32570
0 0 14360
0 0 11974
1 30285 30285
0 0 14914
0 0 5883
0 0 13661
1 14865 14865
1 32462 32462
1 30713 30713
0 0 14283
1 18627 18627
-1
-1
0 0 13200
-1
1 2887 2887
0 0 4721
1 2541 2541
-1
0 0 10589
0 0 160
1 16033 16033
1 19874 19874
1 6844 6844
-1
0 0 11580
1 13381 13381
0 0 6782
-1
1 12739 12739
0 0 8283
-1
1 6365 6365
1 30818 30818
1 2801 2801
0 0 15643
0 0 3643
-1
-1
1 1344 1344
0 0 11704
0 0 14857
1 12476 12476
0 0 4562
0 0 10874
-1
1 4552 4552
0 0 13152
-1
1 26419 26419
1 13463 13463
1 8128 8128
-1
0 0 7301
1 29097 29097
-1
0 0 116
-1
0 0 1113
0 0 11551
-1
1 26891 26891
-1
1 10686 10686
1 27342 27342
1 10408 10408
-1
0 0 9742
0 0 1379
0 0 11533
1 20783 20783
1 300 300
0 0 14622
0 0 13383
-1
-1
1 3585 3585
1 25666 25666
1 1590 1590
0 0 5283
-1
0 0 4484
-1
0 0 11787
-1
1 12490 12490
1 28609 28609
1 549 549
1 24439 24439
-1
-1
1 15973 15973
-1
-1
0 0 2640
1 12577 12577
0 0 8994
0 0 10318
0 0 155
0 0 59
1 16673 16673
1 11358 11358
-1
-1
1 27807 27807
0 0 16292
0 0 5485
-1
-1
1 21565 21565
1 9189 9189
-1
0 0 11411
0 0 8150
-1
1 15874 15874
1 26984 26984
-1
1 17450 17450
-1
1 12731 12731
-1
0 0 13580
-1
0 0 4014
0 0 10184
-1
1 11504 11504
-1
-1
1 2902 2902
1 28034 28034
0 0 9189
0 0 6572
0 0 13448
1 4728 4728
-1
-1
0 0 703
-1
1 19632 19632
0 0 3776
-1
1 23667 23667
-1
-1
0 0 5953
-1
-1
-1
-1
-1
1 2037 2037
0 0 10626
-1
-1
-1
-1
0 0 776
1 2922 2922
1 23233 23233
1 20629 20629
1 9504 9504
-1
1 26369 26369
1 31051 31051
1 1004 1004
-1
0 0 1681
0 0 3646
1 3804 3804
1 14443 14443
1 17108 17108
1 6729 6729
0 0 9731
1 10651 10651
-1
-1
1 32696 32696
-1
-1
0 0 14154
1 8432 8432
0 0 3368
1 12900 12900
1 28469 28469
-1
-1
-1
0 0 14298
1 28796 28796
1 31438 31438
1 5192 5192
-1
-1
1 2741 2741
-1
-1
-1
-1
0 0 10722
0 0 9146
1 19251 19251
1 28133 28133
-1
-1
-1
-1
-1
0 0 6267
0 0 4987
0 0 4570
0 0 179
0 0 280
-1
0 0 671
0 0 8356
0 0 6850
-1
-1
1 21564 21564
1 16130 16130
-1
-1
0 0 11305
-1
-1
-1
-1
-1
0 0 12891
1 4549 4549
0 0 8061
1 23981 23981
0 0 16225
-1
0 0 2809
0 0 11193
0 0 13846
1 12875 12875
-1
-1
1 14464 14464
0 0 7478
0 0 3851
0 0 13106
0 0 13566
-1
1 1250 1250
0 0 15386
1 17941 17941
0 0 16027
0 0 9216
0 0 3514
1 26100 26100
0 0 685
0 0 9106
1 2667 2667
1 6900 6900
-1
1 27251 27251
-1
0 0 4498
1 10709 10709
0 0 8067
1 20836 20836
0 0 5862
0 0 11281
-1
0 0 1577
1 12258 12258
-1
-1
1 18889 18889
1 2194 2194
-1
-1
-1
0 0 15069
1 1263 1263
-1
-1
0 0 11321
0 0 3831
1 21826 21826
0 0 8104
-1
0 0 7808
1 16634 16634
1 4027 4027
0 0 16113
-1
-1
-1
0 0 15779
1 11041 11041
-1
1 21722 21722
-1
1 6501 6501
-1
-1
0 0 13100
-1
1 2971 2971
-1
1 11117 11117
-1
1 2045 2045
0 0 1225
1 332 332
0 0 2840
0 0 5530
0 0 15832
-1
1 26956 26956
1 13378 13378
1 9427 9427
1 28144 28144
1 16019 16019
-1
-1
0 0 15069
1 129 129
1 21526 21526
-1
-1
-1
1 32415 32415
0 0 11560
-1
1 108 108
-1
1 26087 26087
-1
1 26888 26888
0 0 824
0 0 11756
0 0 15016
-1
1 26036 26036
0 0 11910
-1
-1
0 0 14135
-1
0 0 14205
1 9613 9613
1 23870 23870
-1
0 0 12224
-1
1 5814 5814
1 29418 29418
-1
-1
0 0 14830
1 1342 1342
1 10650 10650
0 0 4404
0 0 12117
-1
-1
1 29558 29558
1 16015 16015
1 32540 32540
-1
0 0 9753
1 13548 13548
-1
1 31359 31359
1 1036 1036
0 0 5324
1 10782 10782
-1
0 0 14690
-1
-1
1 31653 31653
0 0 11384
1 2168 2168
-1
0 0 13625
1 6264 6264
0 0 14734
0 0 10916
0 0 6802
-1
1 9711 9711
0 0 4473
1 30798 30798
0 0 10867
0 0 2630
0 0 14876
-1
1 6339 6339
0 0 10751
-1
-1
1 25833 25833
0 0 11174
0 0 15506
1 3894 3894
1 356 356
0 0 15861
0 0 11651
-1
-1
-1
-1
0 0 10100
-1
0 0 5911
0 0 13026
1 6917 6917
1 3404 3404
0 0 11715
1 17878 17878
-1
-1
-1
0 0 10447
0 0 10457
1 27039 27039
-1
-1
1 27095 27095
1 22163 22163
-1
-1
0 0 14431
-1
1 28114 28114
0 0 11473
-1
1 720 720
0 0 8820
1 6662 6662
0 0 4446
-1
-1
0 0 7440
0 0 9858
-1
1 1699 1699
0 0 3122
-1
0 0 645
1 28727 28727
-1
-1
0 0 7872
1 8701 8701
0 0 11713
-1
-1
-1
-1
-1
1 21287 21287
0 0 12668
-1
-1
0 0 6139
0 0 7262
-1
-1
-1
1 11476 11476
1 20828 20828
-1
0 0 10823
0 0 15219
-1
0 0 3357
-1
-1
-1
-1
1 28149 28149
1 4461 4461
0 0 3391
0 0 5549
1 22208 22208
1 15479 15479
1 19165 19165
1 21905 21905
1 29378 29378
1 23470 23470
1 12880 12880
0 0 11945
0 0 14943
0 0 9856
1 23353 23353
1 17658 17658
0 0 8039
0 0 7206
-1
0 0 6793
-1
-1
-1
0 0 14445
0 0 4505
1 10539 10539
-1
-1
0 0 1391
1 28867 28867
-1
0 0 9346
-1
-1
1 794 794
-1
-1
-1
1 27118 27118
-1
1 9132 9132
1 19301 19301
0 0 4480
-1
1 24984 24984
-1
1 21331 21331
0 0 15068
1 15409 15409
0 0 5729
0 0 3770
1 21102 21102
0 0 16130
-1
-1
1 4645 4645
-1
1 8804 8804
1 28766 28766
-1
-1
1 13039 13039
0 0 6999
-1
1 3147 3147
-1
0 0 370
-1
1 27290 27290
1 21397 21397
-1
1 5940 5940
-1
1 560 560
0 0 6841
-1
-1
0 0 4020
-1
-1
1 13920 13920
0 0 2863
-1
1 25747 25747
1 11837 11837
0 0 14420
0 0 6134
1 5439 5439
-1
0 0 6505
1 14982 14982
0 0 889
0 0 6292
-1
-1
0 0 14219
-1
-1
-1
-1
1 20916 20916
1 8375 8375
1 8247 8247
1 19919 19919
1 5490 5490
1 28753 28753
-1
-1
-1
1 30791 30791
-1
1 16827 16827
1 31641 31641
-1
0 0 9276
-1
-1
1 26313 26313
1 28448 28448
0 0 6965
1 16581 16581
-1
-1
1 31502 31502
1 21892 21892
1 27326 27326
1 19470 19470
0 0 344
0 0 11559
1 22647 22647
0 0 2179
1 18064 18064
1 32577 32577
1 14823 14823
0 0 1527
1 30876 30876
-1
-1
0 0 9288
-1
0 0 5405
1 20804 20804
1 31691 31691
0 0 15039
-1
1 2563 2563
1 9233 9233
0 0 15388
1 16103 16103
-1
1 31211 31211
1 29161 29161
0 0 2731
-1
-1
0 0 6593
0 0 4480
1 4322 4322
-1
1 4524 4524
1 11985 11985
-1
1 9183 9183
1 18756 18756
-1
0 0 5042
1 20573 20573
-1
-1
1 29586 29586
-1
-1
0 0 8528
0 0 335
1 19329 19329
-1
-1
1 21645 21645
-1
-1
1 19417 19417
-1
1 14989 14989
1 1015 1015
1 30467 30467
-1
1 16569 16569
-1
0 0 12273
0 0 14785
-1
0 0 5156
0 0 9471
1 28060 28060
-1
1 8098 8098
-1
0 0 6327
0 0 15329
1 23497 23497
-1
1 10546 10546
1 32172 32172
0 0 401
0 0 4806
-1
1 29375 29375
-1
-1
-1
1 12976 12976
1 4612 4612
0 0 1903
-1
1 23367 23367
0 0 13419
0 0 8709
-1
-1
0 0 8506
1 4710 4710
1 19169 19169
0 0 15730
1 4807 4807
1 23063 23063
-1
1 19550 19550
1 32232 32232
-1
0 0 12322
0 0 9776
1 3241 3241
1 18374 18374
-1
1 27288 27288
1 12558 12558
0 0 15516
1 3947 3947
0 0 1506
1 6863 6863
1 23536 23536
0 0 1577
-1
-1
-1
-1
1 18008 18008
0 0 11876
0 0 3415
1 22998 22998
0 0 5009
1 8565 8565
0 0 102
0 0 1950
0 0 13650
1 23911 23911
0 0 9901
1 31702 31702
1 26244 26244
0 0 11308
0 0 14715
0 0 15893
-1
-1
0 0 2375
-1
-1
1 6706 6706
0 0 4597
1 23389 23389
-1
0 0 7947
1 28194 28194
1 14860 14860
0 0 6086
1 21492 21492
0 0 10257
-1
0 0 4864
-1
0 0 11414
-1
0 0 12515
1 21966 21966
0 0 6316
0 0 15466
-1
-1
0 0 10501
1 14587 14587
1 18329 18329
0 0 12697
-1
1 3420 3420
0 0 13088
1 14910 14910
-1
1 7443 7443
-1
-1
1 19422 19422
1 24748 24748
1 15396 15396
0 0 13808
0 0 12399
-1
0 0 632
1 20122 20122
1 31457 31457
0 0 7171
0 0 12863
1 8926 8926
-1
-1
0 0 10116
0 0 480
-1
-1
1 6108 6108
-1
1 22117 22117
1 1317 1317
0 0 10478
0 0 2394
-1
0 0 11789
1 3 3
-1
1 4946 4946
1 21896 21896
0 0 2796
1 28455 28455
-1
-1
1 18430 18430
0 0 10293
1 16999 16999
1 31344 31344
-1
0 0 12292
1 13492 13492
-1
1 11286 11286
1 11651 11651
1 18108 18108
-1
-1
0 0 1990
0 0 6379
-1
-1
1 14476 14476
-1
-1
0 0 5064
1 6944 6944
1 16312 16312
-1
-1
-1
-1
1 18258 18258
0 0 13985
1 9079 9079
-1
0 0 7217
1 11936 11936
-1
1 24827 24827
0 0 9933
0 0 13428
0 0 11840
0 0 14828
1 29487 29487
0 0 13185
0 0 7196
1 29261 29261
1 21580 21580
-1
1 7536 7536
-1
0 0 967
-1
0 0 16152
-1
0 0 1476
0 0 5498
1 28853 28853
0 0 8431
-1
-1
-1
1 515 515
-1
1 7404 7404
1 9216 9216
1 29134 29134
1 31562 31562
-1
-1
1 19161 19161
-1
1 15355 15355
-1
1 28306 28306
-1
1 16264 16264
1 16192 16192
1 32440 32440
0 0 1351
1 15628 15628
1 4526 4526
1 17890 17890
0 0 7246
-1
-1
-1
-1
-1
0 0 9177
0 0 2396
1 19496 19496
-1
1 7094 7094
1 1588 1588
0 0 11251
1 5908 5908
1 29955 29955
0 0 1703
0 0 11335
-1
1 16657 16657
1 20035 20035
-1
1 26653 26653
-1
1 6942 6942
1 5901 5901
-1
1 32473 32473
1 2623 2623
-1
1 11084 11084
1 4230 4230
0 0 12142
1 26663 26663
0 0 9232
0 0 5870
-1
-1
0 0 484
0 0 2605
0 0 9283
-1
0 0 13788
1 8751 8751
-1
0 0 2969
0 0 1789
0 0 11615
0 0 4778
-1
1 18866 18866
0 0 7568
-1
0 0 11003
-1
0 0 12113
1 12221 12221
-1
1 12888 12888
1 29506 29506
1 29473 29473
1 25907 25907
1 26474 26474
-1
-1
-1
-1
1 28773 28773
0 0 15610
0 0 1539
1 23993 23993
1 2796 2796
0 0 7364
-1
1 6927 6927
-1
-1
0 0 10344
1 29666 29666
1 22900 22900
1 24603 24603
-1
0 0 4344
0 0 1177
0 0 3420
0 0 1179
1 5263 5263
1 20927 20927
-1
0 0 13008
1 24867 24867
0 0 11358
-1
1 27157 27157
-1
-1
1 19964 19964
1 25524 25524
1 28463 28463
-1
1 1938 1938
1 6032 6032
0 0 14124
-1
1 31740 31740
-1
-1
-1
0 0 14486
1 13574 13574
1 31495 31495
0 0 6833
-1
1 16650 16650
0 0 3099
-1
0 0 8226
-1
0 0 11439
0 0 2707
1 10805 10805
0 0 5318
0 0 11074
-1
-1
-1
1 21062 21062
-1
1 28833 28833
0 0 12315
0 0 9512
-1
0 0 3149
0 0 10735
-1
1 1737 1737
0 0 13073
-1
1 24675 24675
1 26690 26690
0 0 485
0 0 6664
1 5549 5549
-1
-1
1 31299 31299
1 18116 18116
0 0 2347
1 14428 14428
-1
0 0 30
0 0 16011
0 0 7751
-1
1 31934 31934
-1
1 19563 19563
1 13369 13369
-1
0 0 1391
0 0 9940
1 15415 15415
1 25306 25306
0 0 6882
-1
0 0 4249
1 31910 31910
1 13461 13461
0 0 1823
1 22514 22514
1 19168 19168
0 0 8704
0 0 10961
-1
0 0 15112
-1
-1
1 18202 18202
-1
1 26091 26091
-1
0 0 7145
-1
-1
-1
-1
1 32271 32271
1 18966 18966
-1
1 23035 23035
-1
-1
0 0 13738
-1
1 13066 13066
0 0 9513
-1
-1
0 0 16234
1 23883 23883
0 0 9541
0 0 8692
0 0 11978
0 0 15832
-1
0 0 466
1 3700 3700
-1
1 25562 25562
0 0 16359
0 0 15066
1 16001 16001
0 0 3222
0 0 10131
-1
-1
0 0 3421
-1
0 0 8795
1 20054 20054
-1
1 11059 11059
1 25306 25306
1 22051 22051
1 4066 4066
-1
1 29986 29986
-1
-1
-1
0 0 8280
-1
0 0 6310
0 0 16374
-1
0 0 13768
-1
-1
0 0 2187
0 0 12076
1 18994 18994
-1
1 27288 27288
1 18520 18520
-1
0 0 4112
-1
1 6813 6813
-1
1 3591 3591
-1
1 12519 12519
1 12010 12010
1 30751 30751
1 12660 12660
1 5675 5675
-1
0 0 16339
1 9057 9057
-1
-1
0 0 14567
-1
0 0 6201
1 6337 6337
0 0 2590
0 0 12881
0 0 6129
1 29971 29971
0 0 8390
1 28729 28729
1 19492 19492
1 30925 30925
0 0 10982
-1
-1
0 0 6036
1 27390 27390
0 0 11944
1 24370 24370
1 28466 28466
1 26007 26007
1 2828 2828
0 0 5893
1 29771 29771
0 0 10368
0 0 1751
1 716 716
-1
0 0 1549
0 0 15363
1 11201 11201
0 0 14825
-1
-1
1 868 868
0 0 2964
0 0 9357
1 11644 11644
0 0 4723
-1
0 0 3393
0 0 12045
0 0 14421
0 0 10998
-1
1 4724 4724
1 24778 24778
-1
0 0 6145
1 4156 4156
0 0 5832
-1
0 0 15593
1 7993 7993
0 0 8447
-1
-1
-1
0 0 35
1 9568 9568
-1
1 27988 27988
-1
-1
-1
1 6884 6884
-1
-1
0 0 4963
0 0 9158
1 26330 26330
1 9755 9755
-1
0 0 9853
0 0 10260
-1
-1
0 0 7414
1 2020 2020
1 27731 27731
1 12139 12139
-1
0 0 11515
-1
0 0 14719
1 8638 8638
-1
1 2911 2911
0 0 5074
1 30719 30719
-1
1 9212 9212
-1
0 0 7876
-1
0 0 3660
0 0 12876
1 12798 12798
0 0 161
0 0 14568
-1
-1
0 0 10496
0 0 1868
-1
0 0 14221
1 12002 12002
1 29874 29874
0 0 16131
1 20846 20846
1 4416 4416
1 13624 13624
0 0 13500
0 0 896
1 30888 30888
1 14616 14616
-1
-1
0 0 12204
0 0 11464
0 0 755
1 27287 27287
0 0 16227
0 0 9309
1 9961 9961
1 25316 25316
0 0 12813
-1
-1
0 0 6659
1 21680 21680
1 14995 14995
1 15750 15750
0 0 11306
0 0 331
1 27153 27153
0 0 2095
1 14010 14010
1 4371 4371
1 17115 17115
0 0 15765
-1
1 26910 26910
-1
-1
-1
1 24034 24034
0 0 8581
1 29977 29977
0 0 11623
0 0 4256
-1
0 0 6286
0 0 6630
0 0 1062
-1
0 0 13289
1 6055 6055
0 0 4072
1 23306 23306
-1
-1
1 4294 4294
1 29511 29511
-1
0 0 4550
1 21727 21727
1 30404 30404
0 0 15892
-1
0 0 7551
1 22662 22662
-1
0 0 15554
1 15292 15292
-1
1 20101 20101
0 0 1792
1 7653 7653
-1
-1
-1
0 0 13692
1 4744 4744
0 0 15556
-1
-1
0 0 11984
0 0 317
-1
0 0 4660
0 0 16130
-1
0 0 8435
1 27078 27078
-1
-1
-1
-1
0 0 6521
1 9542 9542
0 0 8123
0 0 6257
-1
-1
1 32410 32410
-1
1 9261 9261
-1
0 0 8860
0 0 1657
1 9834 9834
0 0 5877
1 2106 2106
0 0 15457
1 31180 31180
0 0 14261
-1
-1
-1
0 0 14223
-1
0 0 16144
1 8489 8489
-1
1 21054 21054
1 21487 21487
1 19850 19850
-1
0 0 6511
1 3971 3971
0 0 11886
-1
0 0 4745
0 0 7039
0 0 6579
0 0 2722
1 23735 23735
0 0 8478
1 21696 21696
1 24870 24870
-1
-1
0 0 5675
1 15223 15223
-1
-1
0 0 4854
0 0 12672
0 0 1750
1 16632 16632
-1
-1
0 0 3182
-1
1 29370 29370
1 7850 7850
0 0 11074
-1
1 23449 23449
1 32674 32674
-1
0 0 14383
0 0 14689
-1
-1
-1
0 0 654
0 0 15662
-1
0 0 1871
0 0 367
-1
0 0 4906
0 0 1171
0 0 9227
0 0 12216
0 0 15873
-1
-1
-1
-1
1 11107 11107
1 5955 5955
0 0 12207
1 20924 20924
1 8693 8693
1 24821 24821
1 3005 3005
-1
-1
1 12954 12954
-1
0 0 7816
0 0 12790
-1
-1
0 0 14085
1 17638 17638
-1
1 5650 5650
-1
-1
0 0 7779
-1
-1
1 32462 32462
0 0 6133
1 535 535
1 8683 8683
0 0 10884
-1
1 17485 17485
0 0 6649
-1
-1
1 4987 4987
0 0 16034
-1
0 0 3342
0 0 5770
0 0 495
-1
-1
0 0 6016
-1
1 1642 1642
0 0 3519
0 0 6666
-1
-1
0 0 14376
1 16548 16548
-1
-1
0 0 10334
0 0 16247
0 0 8791
0 0 14912
1 23057 23057
-1
-1
0 0 9932
-1
-1
-1
0 0 7810
1 715 715
-1
1 21938 21938
1 27982 27982
-1
1 25331 25331
0 0 6329
-1
0 0 10811
1 12066 12066
1 5150 5150
-1
-1
0 0 12751
1 17150 17150
1 1713 1713
0 0 2855
1 4693 4693
0 0 3642
0 0 13734
0 0 9854
0 0 2963
1 14450 14450
1 32378 32378
0 0 15973
0 0 4662
1 22784 22784
0 0 15292
0 0 4605
-1
1 10935 10935
-1
-1
-1
1 21832 21832
-1
1 26156 26156
1 19861 19861
-1
0 0 9843
-1
0 0 13641
1 19991 19991
0 0 1181
0 0 3988
1 12796 12796
-1
-1
-1
-1
-1
0 0 14362
1 32711 32711
-1
1 12869 12869
0 0 14463
-1
-1
-1
1 3818 3818
-1
1 31567 31567
-1
1 31756 31756
1 3807 3807
0 0 351
-1
1 16940 16940
-1
-1
1 26024 26024
1 10055 10055
0 0 12944
-1
-1
1 25101 25101
0 0 15194
0 0 10168
0 0 6904
1 7778 7778
-1
0 0 9734
0 0 3711
0 0 10478
-1
0 0 8003
1 13415 13415
-1
0 0 8827
-1
0 0 4536
1 4141 4141
1 29350 29350
1 30309 30309
-1
0 0 10138
1 2238 2238
-1
0 0 14709
-1
-1
1 555 555
1 28874 28874
-1
1 13987 13987
-1
-1
-1
1 28606 28606
1 11320 11320
1 71 71
-1
-1
0 0 4682
-1
1 31879 31879
1 511 511
1 3631 3631
0 0 140
1 8354 8354
-1
0 0 11808
1 12685 12685
0 0 7104
1 20420 20420
1 8433 8433
0 0 3475
0 0 1340
-1
-1
0 0 8890
1 656 656
-1
-1
-1
-1
-1
-1
-1
1 20421 20421
-1
-1
0 0 11375
0 0 5883
0 0 5813
-1
-1
0 0 3641
-1
0 0 3518
-1
1 17985 17985
-1
-1
-1
0 0 147
1 25534 25534
-1
0 0 10458
0 0 2314
0 0 8627
1 27563 27563
-1
1 16820 16820
-1
-1
0 0 10797
-1
-1
1 3671 3671
-1
1 23851 23851
0 0 16288
-1
1 12788 12788
1 1368 1368
-1
1 17979 17979
0 0 7842
0 0 3823
-1
-1
0 0 8596
0 0 4789
1 9676 9676
0 0 589
0 0 14693
0 0 5294
0 0 9833
-1
-1
-1
0 0 10327
1 25075 25075
0 0 10913
0 0 2108
0 0 1140
0 0 12681
1 12619 12619
1 20582 20582
1 6876 6876
-1
-1
0 0 12193
1 21051 21051
-1
1 15818 15818
0 0 11192
-1
1 32731 32731
-1
-1
1 25255 25255
-1
0 0 16004
0 0 10542
-1
1 17835 17835
1 14956 14956
-1
0 0 13473
0 0 4073
-1
0 0 11180
0 0 3533
1 21754 21754
1 18179 18179
1 15134 15134
-1
-1
1 6314 6314
1 28629 28629
1 11179 11179
-1
1 14841 14841
0 0 14629
0 0 8152
-1
-1
-1
1 6562 6562
-1
1 28503 28503
-1
-1
-1
0 0 1339
1 8536 8536
1 27897 27897
0 0 14292
1 5221 5221
-1
1 22350 22350
0 0 5465
-1
-1
0 0 13621
-1
0 0 7126
-1
-1
0 0 2382
0 0 13916
1 4973 4973
1 9197 9197
0 0 7690
-1
-1
0 0 753
1 2786 2786
-1
1 15569 15569
0 0 1117
-1
0 0 15525
1 26026 26026
1 1935 1935
1 32294 32294
0 0 14042
-1
0 0 15014
0 0 13674
0 0 5498
-1
-1
0 0 15140
0 0 2388
0 0 8320
1 17244 17244
0 0 10527
0 0 4286
0 0 2695
0 0 13974
0 0 5684
1 20405 20405
1 28526 28526
1 23010 23010
1 31471 31471
1 16810 16810
-1
0 0 4487
1 6378 6378
-1
-1
0 0 7819
1 13033 13033
-1
-1
0 0 14298
-1
0 0 13440
1 13930 13930
1 7796 7796
-1
-1
1 28899 28899
0 0 12443
-1
0 0 15337
1 26139 26139
1 27826 27826
-1
0 0 8025
1 7384 7384
1 19183 19183
0 0 11933
1 9185 9185
1 30745 30745
0 0 12773
-1
-1
0 0 13765
1 21878 21878
1 30728 30728
0 0 2763
0 0 10
-1
0 0 8383
-1
-1
-1
0 0 1005
-1
0 0 12928
0 0 3927
0 0 6873
-1
1 14768 14768
1 31124 31124
0 0 10313
0 0 5358
0 0 14471
1 27819 27819
1 9591 9591
-1
-1
1 7837 7837
1 17746 17746
0 0 1470
-1
-1
1 20875 20875
1 22839 22839
-1
1 7001 7001
0 0 3133
-1
1 30605 30605
1 20121 20121
-1
1 21971 21971
0 0 10752
-1
0 0 9686
-1
1 1698 1698
-1
-1
0 0 8280
0 0 1351
0 0 11846
0 0 8164
0 0 7554
-1
-1
1 5103 5103
1 15447 15447
0 0 12200
1 22134 22134
1 17647 17647
-1
1 8297 8297
0 0 1594
1 14796 14796
-1
-1
-1
0 0 5441
-1
1 17215 17215
-1
0 0 1599
0 0 6962
0 0 11131
0 0 13555
0 0 10129
-1
-1
0 0 7854
-1
1 28701 28701
1 24509 24509
-1
-1
0 0 16071
0 0 1216
-1
1 4261 4261
-1
0 0 14654
0 0 4189
1 31824 31824
-1
0 0 13384
0 0 3036
0 0 8237
-1
0 0 15139
1 6800 6800
0 0 3887
0 0 3397
1 26473 26473
0 0 20
-1
0 0 5918
1 7533 7533
-1
-1
-1
1 13310 13310
1 2128 2128
-1
0 0 14257
0 0 15039
1 15183 15183
0 0 6601
-1
0 0 4032
-1
-1
-1
1 30540 30540
-1
1 19384 19384
1 19820 19820
1 11871 11871
1 20461 20461
1 11639 11639
1 17833 17833
1 5865 5865
-1
0 0 4649
-1
-1
1 3220 3220
-1
-1
-1
1 2902 2902
-1
-1
0 0 5149
1 855 855
1 17551 17551
1 26813 26813
1 18448 18448
0 0 6604
1 6311 6311
1 8124 8124
-1
1 3056 3056
-1
1 19091 19091
1 14844 14844
1 25989 25989
0 0 10674
1 22853 22853
-1
0 0 1451
1 2401 2401
-1
-1
-1
1 11417 11417
-1
1 2602 2602
0 0 482
0 0 3501
-1
1 26077 26077
0 0 10495
1 6632 6632
0 0 8711
0 0 12352
0 0 4697
-1
-1
-1
1 28542 28542
-1
1 25571 25571
1 21578 21578
-1
1 20149 20149
0 0 12731
1 18126 18126
-1
-1
1 25549 25549
1 17402 17402
1 24626 24626
1 7256 7256
1 2974 2974
-1
1 24511 24511
-1
-1
0 0 10400
1 19447 19447
0 0 8303
-1
1 87 87
1 25843 25843
-1
0 0 4963
1 28942 28942
0 0 4432
-1
0 0 6493
1 21671 21671
0 0 9887
1 2673 2673
0 0 4404
0 0 15818
0 0 13042
0 0 7024
1 18304 18304
0 0 13568
1 24317 24317
1 19596 19596
1 3908 3908
0 0 7714
1 9410 9410
0 0 14158
-1
0 0 11706
1 30149 30149
0 0 8852
0 0 7265
-1
1 2925 2925
-1
0 0 8627
0 0 1961
0 0 2361
1 9190 9190
1 13197 13197
-1
-1
0 0 15047
0 0 3053
1 18221 18221
-1
1 30629 30629
0 0 14022
-1
0 0 14762
1 1672 1672
-1
1 12244 12244
0 0 15756
-1
1 15850 15850
-1
-1
-1
1 113 113
-1
0 0 2435
1 30192 30192
1 29967 29967
0 0 12300
-1
-1
0 0 15538
1 16143 16143
1 26812 26812
-1
1 27811 27811
1 11271 11271
1 19765 19765
0 0 287
-1
-1
1 10066 10066
1 2063 2063
-1
-1
-1
-1
1 6665 6665
1 25737 25737
1 32545 32545
-1
0 0 2304
-1
1 5626 5626
1 12811 12811
0 0 7942
-1
1 13764 13764
0 0 13574
-1
0 0 14381
1 18723 18723
0 0 13133
1 9256 9256
0 0 15846
-1
0 0 14652
0 0 2596
0 0 8057
1 9820 9820
1 23259 23259
1 13732 13732
0 0 14581
1 8228 8228
-1
1 12980 12980
-1
-1
-1
-1
-1
0 0 11434
1 11920 11920
0 0 14050
-1
-1
-1
0 0 15120
0 0 4765
1 7228 7228
-1
1 8165 8165
-1
0 0 10737
0 0 5514
-1
0 0 14565
0 0 1113
-1
1 11453 11453
1 31525 31525
0 0 6795
0 0 13267
0 0 357
1 25253 25253
0 0 6633
1 4995 4995
0 0 2203
-1
1 10360 10360
-1
1 5168 5168
0 0 1483
0 0 7161
-1
-1
1 31375 31375
-1
0 0 2776
1 29419 29419
0 0 7642
0 0 8791
-1
1 13039 13039
-1
1 28390 28390
0 0 10741
0 0 131
-1
1 11998 11998
-1
0 0 15392
-1
-1
-1
-1
-1
-1
0 0 14214
-1
-1
-1
0 0 14982
-1
-1
-1
1 17837 17837
-1
0 0 852
1 20943 20943
0 0 12315
-1
0 0 1391
-1
-1
0 0 3676
0 0 7100
1 108 108
1 31069 31069
0 0 5071
-1
0 0 7019
1 5451 5451
0 0 15498
1 104 104
0 0 1571
0 0 16225
-1
0 0 5125
0 0 12895
-1
0 0 4268
0 0 9172
-1
-1
-1
-1
0 0 15800
1 6275 6275
0 0 8920
0 0 13141
1 18386 18386
0 0 11717
0 0 4563
0 0 6013
0 0 2627
0 0 12393
0 0 10176
1 14880 14880
-1
1 29614 29614
-1
-1
0 0 14188
1 25948 25948
-1
1 12792 12792
1 314 314
1 6548 6548
1 7755 7755
-1
1 32382 32382
1 25344 25344
-1
-1
0 0 10764
-1
-1
0 0 11266
0 0 15977
-1
0 0 2905
-1
1 2376 2376
0 0 10229
0 0 5643
-1
-1
0 0 15533
0 0 16068
1 17408 17408
-1
0 0 11662
0 0 13364
1 15188 15188
1 25894 25894
-1
0 0 12756
0 0 12008
0 0 609
0 0 1226
1 28751 28751
0 0 3291
0 0 5644
1 23529 23529
-1
1 7290 7290
0 0 4255
-1
1 18259 18259
-1
0 0 7630
0 0 5888
1 6819 6819
1 13164 13164
-1
1 17816 17816
1 8766 8766
0 0 4996
0 0 2982
1 14006 14006
0 0 3208
1 22873 22873
1 14995 14995
-1
1 30488 30488
1 10073 10073
1 26623 26623
1 3502 3502
0 0 2292
1 22578 22578
0 0 1678
-1
-1
1 4550 4550
1 3023 3023
0 0 5348
-1
-1
-1
-1
0 0 1663
0 0 15760
0 0 4874
1 28966 28966
-1
-1
0 0 967
-1
-1
1 29560 29560
1 12136 12136
0 0 9364
0 0 10795
1 15980 15980
1 9382 9382
0 0 2344
-1
1 5663 5663
0 0 721
1 9839 9839
0 0 16188
1 13661 13661
0 0 10309
-1
-1
-1
1 31712 31712
0 0 3694
0 0 9866
-1
-1
0 0 8921
1 9297 9297
-1
-1
-1
0 0 553
1 722 722
-1
1 5596 5596
1 16563 16563
0 0 749
-1
-1
0 0 4302
1 30584 30584
-1
0 0 10571
0 0 6694
0 0 14835
0 0 1577
-1
0 0 13772
0 0 9417
1 17741 17741
1 11041 11041
1 4199 4199
0 0 14028
1 6796 6796
0 0 8882
1 562 562
-1
-1
1 30208 30208
-1
0 0 4319
1 30467 30467
0 0 1217
1 28306 28306
1 22051 22051
-1
1 16626 16626
1 15744 15744
1 14956 14956
1 1104 1104
0 0 14117
-1
0 0 9311
0 0 43
0 0 12412
-1
1 27888 27888
-1
-1
-1
-1
1 8609 8609
-1
-1
-1
-1
-1
1 3247 3247
1 27466 27466
0 0 12316
-1
1 28907 28907
0 0 1664
-1
1 24375 24375
1 5312 5312
1 30430 30430
1 18199 18199
1 3669 3669
1 20741 20741
-1
0 0 16079
-1
1 31525 31525
-1
-1
1 5561 5561
1 13726 13726
0 0 14013
-1
1 17936 17936
1 4229 4229
0 0 5131
-1
0 0 15355
-1
1 10929 10929
-1
-1
1 32459 32459
0 0 13934
-1
0 0 712
-1
-1
0 0 12495
-1
1 22814 22814
0 0 11424
0 0 4160
1 17989 17989
0 0 704
-1
1 26918 26918
0 0 13665
0 0 5620
1 1268 1268
-1
-1
1 10610 10610
-1
-1
1 28134 28134
-1
-1
1 10757 10757
-1
-1
-1
0 0 15962
1 25153 25153
-1
1 10569 10569
-1
-1
1 32547 32547
-1
1 23598 23598
0 0 16249
0 0 12021
0 0 6343
1 24861 24861
1 28930 28930
1 9524 9524
-1
0 0 8853
1 14941 14941
1 14251 14251
-1
-1
1 4945 4945
0 0 9862
0 0 15113
0 0 3905
1 23073 23073
-1
0 0 2784
-1
1 8066 8066
0 0 3579
0 0 5510
-1
-1
1 8928 8928
0 0 8807
0 0 11027
0 0 12299
-1
0 0 198
1 22504 22504
1 18808 18808
-1
0 0 14850
0 0 3991
1 22221 22221
-1
0 0 11217
1 20457 20457
1 16526 16526
0 0 10326
1 5391 5391
0 0 8815
-1
1 31407 31407
0 0 2896
0 0 1044
-1
-1
0 0 13937
0 0 3546
1 25067 25067
1 25525 25525
1 17174 17174
0 0 2273
-1
-1
-1
0 0 15028
-1
-1
1 3284 3284
1 781 781
0 0 10337
-1
-1
0 0 6264
-1
0 0 1952
0 0 12150
-1
0 0 14026
-1
1 7987 7987
0 0 9540
0 0 1711
1 19609 19609
0 0 14296
1 28764 28764
0 0 8291
1 1045 1045
-1
-1
-1
1 18506 18506
-1
1 17234 17234
1 10555 10555
1 114 114
0 0 13587
-1
0 0 9160
-1
-1
1 19422 19422
0 0 14985
1 1388 1388
-1
1 11431 11431
0 0 6725
1 11801 11801
-1
0 0 5452
0 0 14551
0 0 6583
1 6928 6928
0 0 2267
-1
1 7434 7434
0 0 5824
0 0 12973
-1
-1
1 259 259
0 0 5209
1 3398 3398
-1
1 20506 20506
-1
-1
-1
-1
0 0 13993
0 0 2660
-1
0 0 4546
0 0 12365
-1
-1
1 734 734
1 26769 26769
-1
0 0 12436
0 0 5737
0 0 7044
1 15648 15648
1 8621 8621
0 0 1651
-1
0 0 8944
0 0 801
1 15442 15442
0 0 6834
-1
-1
-1
0 0 9350
0 0 859
-1
-1
0 0 9698
0 0 5654
0 0 5312
1 32482 32482
-1
1 32256 32256
1 23516 23516
1 1903 1903
1 12161 12161
1 21955 21955
0 0 13719
0 0 15420
1 31470 31470
-1
1 12977 12977
-1
-1
-1
0 0 13078
0 0 7290
-1
0 0 5911
-1
1 18533 18533
0 0 14172
1 16886 16886
1 20001 20001
-1
1 764 764
0 0 7210
1 2453 2453
1 21859 21859
1 7974 7974
0 0 10378
0 0 14331
1 21926 21926
0 0 14437
0 0 7609
0 0 13243
-1
-1
1 4771 4771
-1
-1
-1
0 0 5412
1 27887 27887
1 19324 19324
0 0 8878
1 11009 11009
-1
0 0 4543
-1
-1
0 0 9731
-1
0 0 12236
1 3537 3537
1 31897 31897
-1
1 19646 19646
-1
-1
0 0 2529
0 0 2001
1 3571 3571
0 0 6150
1 9476 9476
0 0 10045
-1
0 0 700
-1
-1
-1
1 18607 18607
-1
1 15362 15362
0 0 12242
-1
1 10172 10172
0 0 479
1 28145 28145
0 0 15732
1 4288 4288
-1
-1
0 0 3722
0 0 9383
-1
0 0 12264
1 1120 1120
0 0 7130
-1
-1
1 30353 30353
-1
-1
-1
-1
-1
0 0 6375
0 0 10761
-1
-1
-1
0 0 857
0 0 4347
0 0 864
-1
0 0 9445
-1
-1
-1
1 14647 14647
1 28580 28580
1 1275 1275
1 18186 18186
0 0 15650
-1
1 22181 22181
0 0 12413
-1
0 0 5083
0 0 1516
0 0 5214
1 28864 28864
1 16242 16242
-1
0 0 119
0 0 10311
-1
-1
0 0 12419
0 0 12255
0 0 4313
1 17253 17253
-1
0 0 7985
0 0 6134
0 0 14784
0 0 4337
0 0 6272
1 13943 13943
1 1870 1870
1 26166 26166
-1
0 0 464
1 17519 17519
-1
1 5510 5510
0 0 3939
-1
1 19965 19965
0 0 11167
1 26844 26844
1 7749 7749
0 0 13243
1 5523 5523
1 3306 3306
1 20677 20677
0 0 16158
-1
0 0 8261
-1
1 25185 25185
-1
1 21611 21611
1 23222 23222
1 13646 13646
1 13527 13527
-1
-1
1 29249 29249
0 0 3777
-1
0 0 400
1 18122 18122
-1
-1
1 21341 21341
0 0 7591
0 0 15635
-1
1 26710 26710
0 0 5573
0 0 7831
1 2577 2577
0 0 8605
-1
1 15316 15316
1 18745 18745
1 1000 1000
1 4518 4518
0 0 15103
0 0 3790
-1
0 0 15887
1 3852 3852
0 0 325
0 0 7508
0 0 13884
-1
-1
0 0 318
-1
-1
-1
0 0 13906
0 0 588
0 0 14275
1 4693 4693
-1
-1
-1
0 0 7370
0 0 664
0 0 1009
1 10820 10820
0 0 1738
1 3834 3834
0 0 10964
0 0 9696
0 0 3920
-1
0 0 3253
-1
-1
-1
-1
1 25392 25392
0 0 4904
0 0 6077
-1
0 0 3976
0 0 5684
1 19769 19769
-1
0 0 13238
-1
1 24602 24602
1 7652 7652
1 16034 16034
-1
0 0 6225
-1
0 0 8254
1 6662 6662
0 0 10886
1 12614 12614
1 24254 24254
0 0 6868
1 21954 21954
0 0 6351
1 28061 28061
1 30557 30557
1 8675 8675
1 13260 13260
1 67 67
1 10399 10399
1 21445 21445
0 0 10466
0 0 2728
0 0 15615
0 0 8887
-1
1 4948 4948
1 25500 25500
0 0 14991
0 0 4614
0 0 2731
0 0 10968
1 14785 14785
1 20714 20714
-1
1 14600 14600
1 18301 18301
1 2991 2991
-1
-1
0 0 533
-1
1 23261 23261
0 0 581
1 11220 11220
-1
1 2469 2469
1 32178 32178
1 17723 17723
-1
1 11222 11222
0 0 7560
-1
-1
0 0 11991
-1
-1
-1
0 0 9135
0 0 15711
0 0 5942
-1
-1
-1
1 5593 5593
0 0 3573
0 0 7403
-1
0 0 8039
1 32768 32768
0 0 1955
1 17472 17472
-1
-1
-1
-1
1 25966 25966
-1
-1
1 7135 7135
0 0 6289
1 22878 22878
1 29022 29022
1 22816 22816
0 0 2493
1 5110 5110
-1
-1
-1
1 17108 17108
-1
-1
0 0 14001
-1
0 0 5673
1 31898 31898
0 0 10321
-1
0 0 824
1 2487 2487
0 0 11629
0 0 106
-1
0 0 324
-1
-1
0 0 13701
0 0 12255
0 0 2921
-1
1 4413 4413
1 31778 31778
-1
-1
0 0 4237
-1
1 16251 16251
1 1380 1380
1 21025 21025
-1
1 2196 2196
1 32279 32279
-1
-1
-1
-1
1 26084 26084
0 0 8416
1 1628 1628
1 13024 13024
-1
-1
1 8160 8160
1 13420 13420
1 10376 10376
1 5271 5271
0 0 9156
-1
-1
1 12431 12431
-1
0 0 14810
0 0 1702
-1
0 0 2516
1 29790 29790
1 19277 19277
-1
-1
0 0 14938
-1
0 0 14942
-1
1 7813 7813
-1
0 0 2848
1 3406 3406
-1
-1
1 8287 8287
0 0 2468
1 15187 15187
1 28390 28390
0 0 2866
0 0 10511
0 0 131
1 13748 13748
1 21677 21677
0 0 5909
1 13984 13984
0 0 11879
1 12590 12590
1 29175 29175
0 0 13317
1 9355 9355
1 27631 27631
-1
-1
1 16436 16436
0 0 14277
-1
0 0 13333
1 649 649
-1
0 0 10356
-1
0 0 11549
0 0 464
0 0 2912
0 0 6192
1 7790 7790
0 0 12634
1 5029 5029
-1
1 11072 11072
0 0 11372
0 0 15083
-1
-1
1 23818 23818
-1
-1
1 743 743
-1
-1
1 30515 30515
1 32565 32565
1 4088 4088
1 11122 11122
0 0 15205
0 0 2056
0 0 14667
-1
-1
1 17881 17881
-1
0 0 6001
-1
0 0 14447
0 0 7703
-1
-1
-1
1 4866 4866
1 25523 25523
0 0 7861
-1
1 28941 28941
-1
1 15943 15943
0 0 1329
1 2031 2031
0 0 3737
-1
0 0 6419
1 2779 2779
-1
-1
0 0 710
0 0 3980
0 0 9464
-1
0 0 1425
-1
1 30969 30969
1 13437 13437
1 12518 12518
-1
0 0 480
-1
-1
0 0 12566
0 0 12530
0 0 5940
-1
1 31622 31622
0 0 4057
0 0 14791
0 0 4794
0 0 10400
0 0 12632
1 15212 15212
0 0 8499
0 0 14285
1 15896 15896
-1
0 0 5477
0 0 5172
0 0 11177
1 32511 32511
0 0 12265
-1
-1
1 21156 21156
1 16810 16810
1 32654 32654
1 16120 16120
1 23003 23003
-1
0 0 4344
1 23487 23487
0 0 14455
0 0 8475
-1
1 19475 19475
0 0 15613
-1
-1
-1
1 13679 13679
-1
-1
-1
-1
-1
-1
-1
0 0 12288
1 27923 27923
0 0 16226
0 0 87
0 0 4624
1 30277 30277
1 26528 26528
0 0 11441
-1
-1
0 0 14076
-1
0 0 3630
1 7992 7992
0 0 4351
-1
1 16628 16628
1 32106 32106
0 0 8122
-1
0 0 11039
-1
-1
-1
1 330 330
0 0 9982
-1
0 0 1080
-1
1 18183 18183
1 7753 7753
1 12263 12263
-1
-1
1 20529 20529
1 12179 12179
-1
1 28964 28964
-1
-1
-1
0 0 12556
0 0 15617
1 14401 14401
0 0 8480
-1
0 0 11322
-1
0 0 9683
-1
1 31553 31553
1 12012 12012
0 0 11451
0 0 5672
1 11486 11486
-1
-1
-1
0 0 11307
0 0 12707
1 14317 14317
-1
0 0 11493
-1
0 0 121
1 3989 3989
1 7916 7916
-1
1 33 33
1 14513 14513
0 0 3010
-1
-1
-1
1 30187 30187
-1
1 20937 20937
-1
1 16274 16274
0 0 6272
-1
1 31265 31265
1 11644 11644
-1
-1
0 0 8870
-1
0 0 7694
0 0 14329
1 9947 9947
0 0 10115
0 0 1163
1 25247 25247
1 7707 7707
0 0 7561
1 18619 18619
0 0 3887
1 12366 12366
-1
1 12024 12024
-1
-1
0 0 15340
-1
0 0 12111
-1
-1
-1
0 0 2202
-1
1 4503 4503
-1
-1
-1
0 0 7219
-1
-1
0 0 12202
0 0 15371
1 31634 31634
0 0 10143
1 22026 22026
0 0 1147
1 15902 15902
1 22611 22611
-1
-1
0 0 13619
1 16916 16916
1 7084 7084
0 0 16040
-1
-1
1 3794 3794
0 0 98
0 0 3210
-1
0 0 886
1 18011 18011
0 0 3990
1 1731 1731
0 0 8669
-1
1 28521 28521
1 23103 23103
1 16621 16621
0 0 7967
1 14120 14120
1 27472 27472
1 683 683
1 18727 18727
0 0 2108
0 0 6340
1 12814 12814
1 30822 30822
1 1696 1696
1 16204 16204
-1
0 0 3069
-1
0 0 7466
-1
0 0 10428
-1
1 9264 9264
-1
0 0 3652
0 0 9125
1 29374 29374
0 0 15290
1 32609 32609
-1
1 30901 30901
-1
0 0 4011
1 23407 23407
0 0 3854
1 26811 26811
-1
-1
0 0 13418
0 0 15303
-1
1 22289 22289
1 21771 21771
1 27431 27431
-1
1 9947 9947
-1
0 0 9690
-1
1 30083 30083
1 5473 5473
-1
1 11249 11249
0 0 14571
-1
1 15017 15017
-1
1 3412 3412
-1
0 0 2712
0 0 14499
0 0 8280
-1
0 0 16118
1 3984 3984
1 8278 8278
1 999 999
0 0 10727
0 0 479
0 0 8303
0 0 7750
0 0 8991
0 0 15030
0 0 13773
1 14346 14346
0 0 14539
1 194 194
0 0 4487
1 14854 14854
0 0 9681
0 0 896
0 0 15289
1 8568 8568
-1
0 0 10108
1 11058 11058
-1
0 0 11948
0 0 15050
0 0 5047
-1
1 28769 28769
1 11852 11852
-1
0 0 5473
-1
1 21425 21425
1 19039 19039
0 0 15598
1 25191 25191
-1
-1
1 31927 31927
-1
-1
-1
1 6340 6340
0 0 15053
1 15919 15919
0 0 8126
0 0 11556
0 0 4310
1 28397 28397
1 7331 7331
0 0 13933
0 0 15437
1 15567 15567
-1
1 25580 25580
-1
1 18269 18269
-1
-1
-1
-1
1 31388 31388
1 14174 14174
-1
-1
1 9672 9672
-1
-1
-1
1 3898 3898
1 32662 32662
1 20999 20999
-1
1 12161 12161
-1
0 0 13241
1 31259 31259
0 0 49
0 0 614
0 0 4875
0 0 11536
1 20822 20822
1 17865 17865
0 0 3705
-1
1 27655 27655
-1
-1
0 0 10878
1 2262 2262
0 0 14499
-1
-1
1 4951 4951
1 22876 22876
0 0 4192
1 170 170
1 16083 16083
-1
1 11048 11048
0 0 7969
-1
-1
1 24480 24480
1 10994 10994
0 0 11183
0 0 1589
0 0 15280
-1
0 0 5377
-1
0 0 14477
1 8925 8925
-1
1 14979 14979
1 19824 19824
1 16874 16874
0 0 11775
0 0 14479
1 7029 7029
0 0 9306
-1
0 0 12374
-1
1 7832 7832
-1
1 5886 5886
-1
0 0 3841
1 25023 25023
0 0 9631
0 0 13032
0 0 14971
-1
0 0 13110
1 26629 26629
0 0 10950
1 15917 15917
1 23509 23509
-1
0 0 15160
-1
1 20897 20897
0 0 11647
0 0 12720
-1
1 6471 6471
-1
1 7599 7599
-1
1 30742 30742
-1
0 0 1634
0 0 9921
0 0 8150
-1
0 0 8013
1 12697 12697
-1
-1
-1
-1
0 0 10289
0 0 8831
0 0 2861
-1
1 14052 14052
1 13176 13176
0 0 7888
1 16429 16429
1 8700 8700
-1
0 0 11693
1 2158 2158
0 0 56
0 0 15871
1 30186 30186
0 0 9082
-1
1 5083 5083
1 19778 19778
-1
-1
0 0 10805
1 19306 19306
-1
0 0 13893
1 2806 2806
1 17659 17659
-1
-1
0 0 12830
-1
-1
1 19695 19695
-1
-1
-1
1 8975 8975
0 0 9500
1 11625 11625
1 31134 31134
0 0 11919
-1
0 0 994
0 0 732
1 21122 21122
1 11355 11355
-1
0 0 14869
1 3570 3570
0 0 13604
0 0 2418
-1
-1
1 18409 18409
0 0 14195
-1
-1
0 0 5651
0 0 8702
-1
1 29752 29752
1 353 353
1 3187 3187
0 0 8229
0 0 6036
1 12777 12777
0 0 12568
-1
0 0 8343
-1
-1
0 0 9056
1 19324 19324
-1
1 11756 11756
-1
-1
-1
-1
0 0 1809
-1
1 19931 19931
-1
1 18108 18108
0 0 11446
0 0 13706
0 0 4285
1 21767 21767
1 26837 26837
1 31885 31885
0 0 1774
-1
0 0 12147
1 19010 19010
0 0 15732
0 0 670
0 0 4774
-1
1 4386 4386
0 0 13589
-1
0 0 7503
-1
1 17363 17363
-1
0 0 4484
-1
-1
0 0 7352
-1
0 0 12314
0 0 142
-1
1 32467 32467
0 0 5292
-1
-1
1 26158 26158
-1
1 2219 2219
-1
-1
1 13531 13531
-1
-1
0 0 7056
1 3907 3907
1 4430 4430
0 0 3789
0 0 14836
1 13251 13251
0 0 1142
1 11333 11333
1 25799 25799
0 0 10441
-1
0 0 15732
1 23734 23734
-1
-1
1 23244 23244
0 0 9745
0 0 8366
0 0 15532
1 23687 23687
-1
1 16041 16041
1 20818 20818
1 6279 6279
0 0 4282
0 0 3701
0 0 14160
0 0 9158
1 11257 11257
-1
1 32313 32313
-1
-1
0 0 8675
-1
-1
-1
1 27731 27731
1 7961 7961
0 0 13022
1 31548 31548
-1
0 0 16231
1 30840 30840
0 0 796
-1
-1
-1
-1
0 0 15333
-1
-1
-1
-1
0 0 3429
0 0 8280
1 17704 17704
0 0 15650
-1
0 0 8121
-1
-1
1 9406 9406
-1
1 7637 7637
0 0 10584
1 28631 28631
1 3515 3515
1 3326 3326
1 7443 7443
0 0 4215
0 0 5396
1 17982 17982
1 30422 30422
1 13621 13621
1 8771 8771
0 0 10216
1 13574 13574
0 0 6023
-1
-1
1 24000 24000
1 27282 27282
1 30434 30434
-1
0 0 9308
1 16909 16909
-1
-1
1 4022 4022
-1
-1
0 0 3484
1 20244 20244
1 12316 12316
0 0 10882
1 18475 18475
1 13890 13890
-1
1 8716 8716
-1
0 0 13345
0 0 8534
-1
-1
0 0 5654
0 0 1606
-1
1 10687 10687
1 28074 28074
-1
-1
1 24369 24369
1 3453 3453
-1
1 9984 9984
1 3495 3495
1 503 503
1 7000 7000
1 12670 12670
-1
-1
-1
0 0 3014
-1
0 0 4232
1 17556 17556
-1
-1
-1
0 0 7922
0 0 14532
1 32552 32552
0 0 6160
1 30869 30869
1 27866 27866
1 23275 23275
-1
1 24855 24855
-1
0 0 8737
0 0 1735
-1
1 31068 31068
0 0 4365
0 0 12448
1 17361 17361
1 16746 16746
-1
0 0 4226
0 0 7542
1 9890 9890
0 0 15017
1 19423 19423
-1
1 29764 29764
0 0 9767
1 27500 27500
1 18021 18021
-1
1 25615 25615
-1
1 9565 9565
0 0 5431
-1
0 0 2934
0 0 15219
-1
0 0 14986
-1
-1
1 22405 22405
-1
0 0 888
1 29475 29475
-1
1 13923 13923
1 29517 29517
-1
0 0 2607
0 0 1528
0 0 13328
0 0 14981
1 19609 19609
1 19770 19770
0 0 907
-1
-1
1 11818 11818
-1
1 22991 22991
0 0 3141
-1
-1
-1
0 0 7553
-1
1 32489 32489
1 12769 12769
0 0 4908
1 25804 25804
0 0 2299
1 12990 12990
-1
-1
1 3091 3091
1 20722 20722
0 0 10139
1 13383 13383
1 7647 7647
-1
0 0 5904
0 0 12502
1 22925 22925
1 24050 24050
1 22947 22947
1 5840 5840
0 0 4530
1 8459 8459
-1
-1
0 0 14624
-1
0 0 1194
0 0 2804
0 0 12295
1 12914 12914
-1
1 3534 3534
-1
0 0 12002
0 0 6049
0 0 6440
1 17065 17065
-1
0 0 1720
-1
-1
0 0 10077
0 0 7381
0 0 14852
0 0 15772
0 0 11660
0 0 11893
1 1743 1743
1 14217 14217
0 0 9457
0 0 8704
1 31315 31315
1 2826 2826
-1
-1
1 5567 5567
1 4921 4921
-1
1 9984 9984
-1
-1
0 0 6215
0 0 11796
-1
1 7024 7024
1 28370 28370
-1
-1
0 0 5609
0 0 1557
0 0 11759
-1
-1
1 12475 12475
1 27680 27680
0 0 1780
-1
-1
-1
-1
0 0 553
0 0 9870
-1
0 0 12290
1 26695 26695
0 0 14300
-1
1 31738 31738
0 0 15049
-1
0 0 15336
1 8118 8118
0 0 7601
1 9228 9228
1 2366 2366
0 0 5046
-1
-1
0 0 1114
0 0 9184
1 6067 6067
1 31338 31338
0 0 1315
0 0 5415
0 0 3131
-1
1 3289 3289
1 23076 23076
1 30531 30531
-1
1 29348 29348
-1
1 557 557
-1
0 0 9434
1 28705 28705
-1
-1
0 0 12855
0 0 532
1 11146 11146
0 0 13882
0 0 8449
1 19001 19001
1 20102 20102
0 0 3221
-1
-1
-1
1 20840 20840
0 0 8925
0 0 12310
1 4235 4235
1 20315 20315
1 22251 22251
0 0 7880
0 0 8586
1 29289 29289
-1
-1
0 0 1337
1 5035 5035
1 13841 13841
-1
-1
0 0 5429
1 4492 4492
0 0 2422
-1
1 16554 16554
-1
1 32398 32398
0 0 944
-1
1 3033 3033
-1
-1
-1
1 17320 17320
0 0 4239
1 1885 1885
1 19312 19312
1 5619 5619
-1
-1
0 0 5023
1 16395 16395
1 25385 25385
0 0 6746
1 6807 6807
1 29205 29205
-1
-1
-1
0 0 9157
0 0 15654
1 23055 23055
-1
0 0 2011
0 0 14418
0 0 5125
-1
-1
-1
1 6999 6999
-1
0 0 3529
-1
0 0 4482
0 0 15526
-1
-1
-1
1 31650 31650
0 0 1999
0 0 10966
1 4640 4640
0 0 12072
0 0 499
1 19286 19286
-1
0 0 7166
0 0 8588
-1
0 0 12084
0 0 12414
1 13646 13646
0 0 6164
1 30870 30870
0 0 3055
1 31349 31349
-1
1 548 548
-1
0 0 359
1 19192 19192
0 0 7382
0 0 6588
-1
-1
1 6366 6366
1 15567 15567
1 29376 29376
0 0 15988
1 13564 13564
0 0 2847
0 0 1151
0 0 416
0 0 14255
-1
1 8380 8380
0 0 13100
0 0 15095
1 20188 20188
0 0 3503
-1
1 5037 5037
0 0 3108
-1
0 0 15220
0 0 10390
-1
1 18438 18438
1 15836 15836
1 25877 25877
1 21687 21687
0 0 14269
0 0 16062
0 0 14928
1 27822 27822
-1
1 31273 31273
0 0 4623
0 0 6521
0 0 8406
1 14388 14388
-1
1 3970 3970
0 0 3112
-1
-1
1 6924 6924
0 0 10855
-1
1 27147 27147
1 9077 9077
-1
0 0 11716
1 13178 13178
0 0 42
-1
-1
0 0 13065
0 0 7100
1 11946 11946
1 15836 15836
1 31518 31518
-1
0 0 1344
0 0 12699
1 7797 7797
-1
-1
1 24798 24798
1 16135 16135
1 10232 10232
1 2180 2180
1 15557 15557
1 28504 28504
-1
0 0 2539
-1
-1
0 0 3226
1 7771 7771
0 0 6894
1 28198 28198
1 14855 14855
0 0 7514
-1
-1
0 0 689
0 0 15214
1 30748 30748
1 31113 31113
0 0 2649
0 0 4688
1 6601 6601
1 11902 11902
0 0 1035
0 0 14609
1 3174 3174
-1
1 19170 19170
0 0 10540
-1
-1
0 0 5135
1 13704 13704
1 27356 27356
-1
1 12039 12039
1 4560 4560
-1
0 0 6641
0 0 13254
-1
1 2782 2782
-1
0 0 11113
1 3652 3652
-1
-1
-1
-1
1 29453 29453
0 0 1766
0 0 5531
0 0 12310
0 0 7409
1 10613 10613
1 5407 5407
1 1185 1185
0 0 9381
-1
1 30818 30818
-1
0 0 12096
0 0 9831
0 0 16339
0 0 15227
0 0 12635
1 18545 18545
-1
1 26748 26748
1 14230 14230
0 0 4926
-1
0 0 5491
0 0 10714
0 0 6061
-1
0 0 267
-1
0 0 11334
-1
-1
0 0 16369
0 0 12944
0 0 10145
1 22410 22410
0 0 9013
1 22083 22083
0 0 10845
-1
1 10788 10788
1 11180 11180
-1
-1
1 9709 9709
-1
1 15055 15055
-1
-1
0 0 5906
-1
-1
0 0 5814
1 30735 30735
-1
1 10852 10852
0 0 8272
0 0 2170
1 29717 29717
1 31853 31853
0 0 499
0 0 5242
0 0 7817
0 0 15368
0 0 3951
-1
-1
-1
-1
0 0 12180
0 0 8595
0 0 12695
1 32563 32563
-1
-1
1 15230 15230
-1
0 0 2584
0 0 4844
-1
0 0 14431
1 21064 21064
1 24195 24195
1 14575 14575
-1
1 29400 29400
1 3646 3646
1 14430 14430
0 0 8433
0 0 9670
1 15628 15628
0 0 4547
0 0 7876
1 26406 26406
1 28838 28838
0 0 15729
-1
-1
0 0 10364
0 0 2400
1 1474 1474
1 11877 11877
-1
1 11197 11197
0 0 11356
0 0 5814
-1
0 0 11688
0 0 12191
-1
-1
-1
-1
1 5914 5914
-1
1 7989 7989
1 9152 9152
1 8472 8472
1 14300 14300
1 4883 4883
-1
1 4453 4453
0 0 3742
1 23972 23972
1 29766 29766
0 0 13999
0 0 3901
1 19457 19457
1 21574 21574
-1
1 5921 5921
1 791 791
1 18705 18705
-1
0 0 11960
1 6184 6184
-1
-1
0 0 879
-1
0 0 210
1 26417 26417
0 0 15944
0 0 4848
-1
1 7899 7899
1 24549 24549
-1
-1
-1
0 0 8053
-1
-1
0 0 10846
0 0 3187
0 0 10370
1 97 97
-1
0 0 6503
0 0 7381
-1
-1
-1
-1
-1
1 2277 2277
-1
-1
-1
-1
-1
0 0 11728
-1
-1
0 0 8287
0 0 8595
-1
-1
0 0 5049
1 5915 5915
1 8009 8009
-1
0 0 16341
1 26543 26543
0 0 12563
-1
-1
-1
-1
1 31461 31461
-1
1 21022 21022
1 5442 5442
0 0 2868
1 21326 21326
-1
1 24632 24632
-1
-1
0 0 2759
-1
0 0 2364
1 7860 7860
-1
-1
1 6095 6095
0 0 13031
-1
1 19725 19725
0 0 8213
0 0 4597
-1
0 0 5585
-1
1 5724 5724
1 7701 7701
0 0 2975
1 23784 23784
-1
-1
-1
-1
-1
-1
-1
1 28505 28505
1 12754 12754
-1
0 0 8775
-1
1 9795 9795
0 0 4485
-1
-1
-1
-1
-1
-1
-1
-1
0 0 10278
0 0 12061
-1
1 18382 18382
-1
1 27075 27075
1 24383 24383
1 6711 6711
1 20970 20970
-1
-1
0 0 8348
-1
1 9096 9096
0 0 10411
0 0 15924
-1
-1
-1
0 0 14747
0 0 6025
0 0 12345
1 24279 24279
0 0 9905
1 5099 5099
0 0 217
1 28398 28398
0 0 3521
-1
0 0 15364
1 17296 17296
0 0 1983
1 8019 8019
1 18488 18488
-1
0 0 650
1 19130 19130
-1
-1
-1
0 0 309
0 0 15112
0 0 6052
0 0 3090
1 11123 11123
-1
-1
0 0 13663
1 2260 2260
0 0 3570
1 21751 21751
0 0 13591
-1
-1
-1
-1
0 0 11959
1 9119 9119
-1
1 19945 19945
0 0 6265
0 0 8656
0 0 10849
0 0 13561
0 0 3375
-1
0 0 4261
0 0 12711
1 11770 11770
-1
-1
0 0 3670
0 0 11392
0 0 3922
0 0 6664
0 0 5067
-1
1 14664 14664
1 26316 26316
0 0 7792
0 0 8444
1 13314 13314
0 0 267
1 1338 1338
1 30628 30628
1 26522 26522
1 2545 2545
1 12708 12708
1 7464 7464
-1
0 0 3271
0 0 12793
1 30726 30726
1 23009 23009
1 30679 30679
1 26449 26449
-1
-1
-1
-1
0 0 2564
0 0 12659
0 0 8391
-1
0 0 8950
0 0 6427
1 11730 11730
1 5577 5577
1 6059 6059
1 5811 5811
0 0 8628
1 16653 16653
-1
0 0 13015
0 0 9120
0 0 7500
-1
0 0 11592
0 0 6780
1 26637 26637
-1
0 0 11178
1 868 868
-1
0 0 1291
-1
-1
-1
-1
1 25679 25679
1 20653 20653
0 0 3533
0 0 8849
1 7649 7649
0 0 14043
-1
0 0 15543
0 0 12676
0 0 12390
1 18688 18688
0 0 4137
0 0 1810
-1
0 0 706
1 12725 12725
1 13098 13098
0 0 7257
1 16522 16522
-1
1 4127 4127
1 10576 10576
-1
-1
0 0 9934
0 0 8265
1 5105 5105
-1
-1
0 0 12881
0 0 8680
0 0 2831
-1
-1
0 0 12567
-1
-1
1 22863 22863
-1
0 0 12770
0 0 4525
-1
1 26490 26490
1 16472 16472
-1
0 0 16083
1 22663 22663
-1
-1
0 0 5463
-1
-1
-1
0 0 4509
0 0 6744
1 1043 1043
1 1158 1158
0 0 15021
1 31333 31333
1 12338 12338
0 0 12677
-1
1 16241 16241
0 0 479
-1
0 0 15578
-1
-1
0 0 1693
-1
1 22880 22880
1 13615 13615
-1
0 0 8630
1 22392 22392
0 0 2045
1 29728 29728
1 29639 29639
-1
-1
0 0 13639
-1
1 22311 22311
0 0 16113
-1
0 0 3962
1 18285 18285
-1
-1
1 1532 1532
1 23932 23932
1 29883 29883
0 0 13619
1 27635 27635
-1
-1
0 0 15975
1 30326 30326
1 13166 13166
1 11586 11586
1 5659 5659
-1
0 0 1616
0 0 12024
1 23417 23417
1 15250 15250
0 0 8092
-1
1 22312 22312
0 0 9588
0 0 4503
1 5797 5797
-1
1 8514 8514
0 0 2601
1 31396 31396
1 9940 9940
-1
1 2755 2755
-1
0 0 7834
0 0 2907
-1
1 25921 25921
1 24490 24490
0 0 4119
-1
1 9999 9999
-1
0 0 7984
0 0 5453
1 23826 23826
1 19827 19827
1 29505 29505
0 0 15310
0 0 1827
1 30664 30664
1 32242 32242
1 1276 1276
-1
-1
-1
1 30548 30548
-1
1 27697 27697
-1
-1
-1
0 0 1695
1 19678 19678
0 0 11898
-1
1 9083 9083
1 3019 3019
1 29331 29331
1 14853 14853
1 15637 15637
1 28617 28617
1 21207 21207
-1
-1
-1
0 0 12094
0 0 151
-1
1 30495 30495
-1
-1
1 27798 27798
0 0 1893
1 20227 20227
0 0 10121
1 16525 16525
1 3376 3376
1 4868 4868
-1
1 9849 9849
1 19707 19707
1 419 419
1 29934 29934
0 0 9409
0 0 7110
1 23617 23617
1 7690 7690
0 0 2480
1 2424 2424
0 0 14474
1 27462 27462
0 0 7795
1 26374 26374
1 21412 21412
0 0 8377
-1
-1
1 25935 25935
0 0 12524
0 0 6211
1 1966 1966
-1
-1
1 27684 27684
-1
0 0 455
-1
1 15211 15211
1 4309 4309
1 1151 1151
0 0 16178
0 0 9480
0 0 14514
1 24136 24136
1 759 759
0 0 749
1 5388 5388
-1
-1
1 24358 24358
0 0 14847
-1
-1
-1
-1
-1
-1
-1
-1
0 0 2731
-1
0 0 6242
-1
0 0 6842
1 28487 28487
-1
1 27879 27879
1 18651 18651
0 0 7311
-1
0 0 4926
1 6662 6662
0 0 7180
1 6455 6455
1 20440 20440
0 0 928
-1
0 0 5702
1 8605 8605
-1
1 6981 6981
1 6410 6410
0 0 14287
1 30015 30015
-1
0 0 9824
0 0 7858
0 0 288
1 21741 21741
0 0 13994
0 0 4437
-1
-1
0 0 1084
1 32736 32736
1 28125 28125
0 0 4153
0 0 2622
0 0 342
1 1324 1324
1 9136 9136
-1
-1
-1
1 18547 18547
-1
1 31893 31893
-1
1 2577 2577
0 0 13290
0 0 11456
1 22348 22348
1 14035 14035
0 0 2471
0 0 12363
-1
1 7288 7288
1 4425 4425
0 0 14978
0 0 9800
0 0 601
1 22025 22025
-1
1 2558 2558
-1
-1
0 0 12289
-1
-1
-1
-1
1 24256 24256
-1
0 0 8152
1 30925 30925
-1
-1
1 817 817
-1
-1
-1
-1
1 30963 30963
1 14725 14725
1 15190 15190
-1
0 0 13716
-1
0 0 14615
0 0 12444
1 1350 1350
1 13964 13964
-1
1 2029 2029
0 0 802
0 0 7567
0 0 4995
1 10056 10056
-1
0 0 5360
-1
-1
-1
0 0 7660
-1
-1
0 0 9980
-1
0 0 5899
-1
-1
0 0 5455
0 0 2927
1 1322 1322
-1
-1
1 30990 30990
1 20978 20978
-1
-1
1 15777 15777
-1
0 0 7476
0 0 14137
-1
-1
1 4945 4945
-1
0 0 6425
1 17122 17122
1 13725 13725
1 27131 27131
0 0 1273
1 27099 27099
1 20944 20944
1 17074 17074
0 0 3659
1 31084 31084
0 0 13073
1 13713 13713
0 0 8688
-1
-1
1 9059 9059
0 0 7685
-1
1 8078 8078
-1
1 59 59
0 0 15722
1 7706 7706
-1
0 0 15240
1 19532 19532
-1
1 25219 25219
1 28448 28448
0 0 2082
0 0 1731
-1
-1
-1
-1
-1
1 16369 16369
0 0 9362
1 32505 32505
1 22928 22928
-1
-1
1 28048 28048
0 0 10887
0 0 6312
-1
1 4964 4964
1 30652 30652
0 0 13745
-1
0 0 12186
1 13142 13142
0 0 4238
-1
1 20215 20215
0 0 4410
1 22207 22207
-1
-1
0 0 8319
0 0 3645
1 27446 27446
0 0 5266
-1
-1
0 0 8926
0 0 4605
1 26018 26018
-1
-1
-1
1 9905 9905
-1
-1
-1
0 0 5901
1 13989 13989
1 1245 1245
1 14159 14159
0 0 3828
-1
-1
-1
-1
0 0 13818
1 31476 31476
0 0 5431
-1
-1
0 0 12286
0 0 14541
0 0 15379
1 31193 31193
-1
-1
1 13345 13345
1 18696 18696
0 0 190
1 4884 4884
0 0 11991
-1
1 31091 31091
0 0 14204
1 4182 4182
1 2178 2178
0 0 6063
0 0 7575
0 0 10103
1 21534 21534
0 0 8695
-1
0 0 9747
-1
-1
1 25720 25720
-1
0 0 6273
0 0 7001
1 5311 5311
-1
1 10706 10706
1 4784 4784
-1
1 13882 13882
0 0 5054
0 0 7412
-1
-1
1 15849 15849
1 23667 23667
1 3359 3359
-1
-1
1 28410 28410
0 0 15654
1 15550 15550
-1
0 0 15774
-1
1 1487 1487
-1
1 16527 16527
-1
1 30905 30905
-1
0 0 4651
0 0 12617
0 0 8846
1 132 132
1 29329 29329
1 12841 12841
1 20335 20335
-1
1 28235 28235
1 23052 23052
0 0 13500
0 0 723
-1
1 3831 3831
1 23254 23254
-1
-1
-1
1 14714 14714
1 31941 31941
1 9664 9664
1 731 731
0 0 2324
0 0 16174
-1
-1
0 0 12413
-1
0 0 15999
0 0 12643
1 23007 23007
0 0 14788
-1
1 28159 28159
1 277 277
1 10940 10940
0 0 103
0 0 13174
-1
1 30938 30938
0 0 13958
0 0 5851
-1
-1
1 9048 9048
-1
1 11933 11933
1 7444 7444
0 0 11395
1 21255 21255
1 22968 22968
-1
-1
0 0 1649
-1
1 30263 30263
0 0 13224
1 9284 9284
0 0 5977
1 32747 32747
0 0 7614
-1
0 0 13036
1 12675 12675
1 5938 5938
-1
1 21801 21801
1 16361 16361
-1
1 22344 22344
1 12891 12891
-1
0 0 9371
1 15362 15362
-1
1 5258 5258
0 0 14299
-1
1 24664 24664
0 0 11246
-1
1 5990 5990
0 0 11416
1 23343 23343
0 0 12292
-1
1 4360 4360
-1
-1
-1
-1
-1
0 0 16165
1 13488 13488
1 21220 21220
1 11051 11051
-1
0 0 12005
1 8088 8088
0 0 2085
1 7527 7527
1 26493 26493
1 12710 12710
-1
0 0 16003
1 20783 20783
0 0 10331
0 0 8929
1 14724 14724
-1
0 0 8995
-1
0 0 1724
1 22453 22453
1 13862 13862
1 6980 6980
0 0 1030
0 0 15151
0 0 9086
0 0 11392
-1
1 20910 20910
-1
1 23150 23150
0 0 980
-1
0 0 2978
1 2240 2240
1 13931 13931
0 0 15701
-1
0 0 5649
0 0 2081
-1
0 0 11242
0 0 3097
1 17086 17086
-1
1 10017 10017
0 0 5184
-1
0 0 7037
1 30375 30375
-1
1 7747 7747
-1
0 0 5995
0 0 13174
0 0 7463
1 7761 7761
1 16116 16116
-1
-1
0 0 1554
-1
1 3591 3591
1 22997 22997
1 31422 31422
1 26934 26934
1 12930 12930
-1
0 0 2798
-1
-1
0 0 3902
0 0 7226
0 0 5523
-1
0 0 2638
0 0 150
-1
1 23813 23813
0 0 1846
1 14051 14051
0 0 9181
-1
-1
-1
-1
0 0 5942
0 0 13448
-1
0 0 3992
0 0 1568
0 0 6119
0 0 526
1 15359 15359
1 23429 23429
-1
1 5107 5107
1 16124 16124
1 20658 20658
0 0 10752
1 27551 27551
0 0 6596
1 18224 18224
-1
1 437 437
1 29146 29146
1 28126 28126
1 11491 11491
0 0 14911
-1
1 17294 17294
-1
-1
0 0 10209
-1
1 8256 8256
-1
1 11368 11368
0 0 4352
-1
-1
1 19950 19950
0 0 15446
-1
-1
0 0 3607
-1
0 0 4302
0 0 11128
0 0 10091
1 19343 19343
0 0 487
0 0 15385
1 1509 1509
0 0 4979
0 0 2823
0 0 15848
1 12850 12850
1 25008 25008
0 0 744
0 0 4056
0 0 9971
-1
-1
1 4592 4592
1 25853 25853
0 0 7145
-1
-1
1 28106 28106
0 0 6389
0 0 8841
0 0 11009
0 0 14520
-1
-1
-1
-1
1 1330 1330
1 23479 23479
-1
1 3842 3842
0 0 9644
0 0 8441
-1
0 0 13038
0 0 2441
1 25575 25575
0 0 9601
-1
1 26240 26240
1 22949 22949
-1
-1
1 26544 26544
1 13006 13006
-1
0 0 3798
1 7467 7467
0 0 5004
-1
1 17383 17383
-1
1 5843 5843
1 24923 24923
1 28661 28661
1 12378 12378
0 0 11693
0 0 11206
1 751 751
1 8672 8672
1 26528 26528
1 27465 27465
0 0 6881
0 0 7208
0 0 7255
0 0 13159
0 0 6359
0 0 11770
0 0 2831
-1
-1
1 13452 13452
0 0 4432
0 0 1884
0 0 3905
1 9673 9673
0 0 7739
1 11681 11681
-1
-1
0 0 5884
-1
1 11519 11519
1 10174 10174
0 0 5897
-1
0 0 14302
0 0 13839
1 12481 12481
1 11 11
-1
-1
-1
0 0 4753
0 0 7338
0 0 7514
-1
1 342 342
0 0 974
1 4556 4556
1 16117 16117
0 0 7387
0 0 9671
-1
1 6916 6916
0 0 5511
-1
1 5863 5863
1 13135 13135
-1
-1
-1
1 1232 1232
0 0 13986
0 0 13225
-1
-1
1 9911 9911
-1
-1
1 2736 2736
-1
1 15324 15324
1 11308 11308
-1
0 0 11491
1 20475 20475
0 0 7523
-1
1 17326 17326
-1
-1
0 0 6229
0 0 12507
-1
-1
0 0 7815
-1
0 0 7909
-1
1 14743 14743
1 11255 11255
0 0 7540
1 17924 17924
0 0 15087
0 0 782
-1
1 4582 4582
1 13838 13838
-1
0 0 9739
0 0 3678
0 0 435
1 3465 3465
1 21187 21187
0 0 11557
0 0 9820
0 0 11961
-1
-1
1 22254 22254
1 27161 27161
-1
1 17753 17753
-1
0 0 14311
0 0 14237
1 18594 18594
1 17152 17152
0 0 5454
0 0 839
0 0 10649
1 12686 12686
0 0 7520
0 0 12274
-1
0 0 1458
1 22824 22824
1 2219 2219
-1
1 19275 19275
0 0 11772
-1
-1
1 29987 29987
0 0 1413
-1
-1
1 13919 13919
1 17512 17512
1 20353 20353
0 0 2681
1 22151 22151
0 0 14442
0 0 6725
-1
1 30645 30645
1 18497 18497
-1
1 28196 28196
-1
0 0 13099
0 0 3808
1 7905 7905
1 15732 15732
0 0 6009
-1
0 0 15414
0 0 2000
1 676 676
1 11312 11312
1 29282 29282
-1
0 0 8599
1 14462 14462
1 9679 9679
0 0 15636
-1
-1
1 2486 2486
0 0 7818
0 0 12659
0 0 12912
1 32651 32651
0 0 4347
0 0 2576
-1
1 12219 12219
0 0 6340
-1
0 0 10171
-1
0 0 4556
0 0 14297
1 29084 29084
1 7828 7828
0 0 8133
0 0 15975
0 0 7194
0 0 6314
-1
0 0 12136
1 6641 6641
-1
0 0 10689
1 8991 8991
0 0 7723
1 8229 8229
0 0 13913
1 4304 4304
1 27710 27710
-1
-1
0 0 9879
-1
-1
1 25471 25471
-1
0 0 14285
1 14876 14876
-1
-1
1 15848 15848
-1
1 12992 12992
1 4846 4846
-1
-1
0 0 11527
0 0 11337
1 22537 22537
-1
0 0 9887
1 2544 2544
-1
-1
-1
1 8 8
1 26354 26354
0 0 9388
0 0 13187
-1
-1
0 0 13531
1 27311 27311
0 0 11200
0 0 9485
0 0 11395
-1
-1
0 0 16054
-1
-1
0 0 7447
1 7741 7741
-1
0 0 1895
0 0 11813
0 0 9258
1 31498 31498
-1
1 13953 13953
1 19793 19793
-1
1 23330 23330
0 0 12319
0 0 1681
-1
1 26551 26551
0 0 3861
-1
-1
-1
1 13978 13978
0 0 9177
1 25742 25742
1 22034 22034
0 0 2829
0 0 9018
1 22632 22632
1 12756 12756
0 0 8694
-1
0 0 9535
1 21311 21311
0 0 4930
1 30389 30389
0 0 10183
1 12804 12804
1 6154 6154
0 0 13273
-1
1 8550 8550
1 19160 19160
0 0 14118
1 32221 32221
0 0 93
1 32256 32256
1 20246 20246
1 7771 7771
0 0 7672
0 0 227
0 0 1209
0 0 9386
1 7170 7170
0 0 1553
1 20509 20509
-1
1 26501 26501
-1
1 20897 20897
0 0 6043
-1
-1
1 20705 20705
1 12542 12542
0 0 8456
-1
1 3473 3473
-1
1 22177 22177
-1
-1
-1
1 21176 21176
-1
1 20795 20795
1 4987 4987
-1
-1
0 0 10785
1 22127 22127
-1
-1
-1
0 0 2127
0 0 9621
1 24170 24170
0 0 7849
0 0 6295
0 0 4259
1 16684 16684
0 0 4337
-1
-1
0 0 5873
1 4868 4868
0 0 11098
1 3008 3008
1 25151 25151
0 0 13448
1 5172 5172
-1
0 0 11221
1 13743 13743
1 21026 21026
1 9594 9594
0 0 5089
-1
0 0 10866
-1
0 0 8299
1 6892 6892
0 0 14059
1 29664 29664
1 27241 27241
-1
0 0 13283
-1
-1
-1
0 0 8635
0 0 8908
-1
0 0 5818
0 0 8717
1 23873 23873
0 0 14059
-1
-1
0 0 8519
1 14881 14881
0 0 10169
0 0 1073
1 19729 19729
1 13325 13325
1 206 206
-1
1 31723 31723
0 0 3178
1 30194 30194
-1
0 0 4906
-1
-1
0 0 2666
1 31766 31766
1 14320 14320
-1
-1
0 0 11017
-1
-1
1 13156 13156
-1
1 28770 28770
-1
0 0 2393
-1
-1
0 0 12206
-1
0 0 7262
0 0 16174
-1
1 26830 26830
0 0 10674
0 0 6632
1 3160 3160
1 25100 25100
-1
1 4434 4434
1 9274 9274
-1
-1
-1
0 0 4823
0 0 7636
0 0 4710
-1
-1
1 26287 26287
-1
-1
-1
0 0 8347
1 5865 5865
1 9259 9259
0 0 1995
-1
1 30143 30143
-1
1 26129 26129
0 0 4811
1 139 139
1 21298 21298
0 0 2800
-1
1 17438 17438
-1
-1
0 0 1396
0 0 15981
-1
1 28022 28022
-1
0 0 9116
0 0 3987
1 9802 9802
1 4753 4753
0 0 4129
1 6826 6826
-1
-1
0 0 6923
-1
-1
0 0 13975
0 0 1076
0 0 8926
0 0 2385
1 358 358
0 0 11392
1 27801 27801
-1
-1
1 27704 27704
1 7393 7393
-1
0 0 1966
0 0 3264
-1
0 0 11991
0 0 1286
0 0 5613
-1
0 0 5106
-1
1 4702 4702
1 15056 15056
-1
0 0 1255
-1
-1
-1
1 2059 2059
-1
1 21991 21991
-1
1 30603 30603
-1
1 10585 10585
-1
0 0 6402
1 28313 28313
0 0 4009
0 0 1510
-1
1 3588 3588
0 0 16340
-1
-1
1 3528 3528
1 16867 16867
-1
1 16307 16307
-1
-1
-1
-1
1 31994 31994
0 0 12757
1 5424 5424
1 20897 20897
1 6250 6250
0 0 7333
1 7677 7677
1 6725 6725
0 0 7835
0 0 6907
1 12101 12101
0 0 12358
1 18516 18516
0 0 12702
0 0 1531
0 0 10727
-1
-1
-1
1 30295 30295
0 0 7192
0 0 12260
1 3438 3438
1 18913 18913
-1
0 0 9430
1 7090 7090
1 19488 19488
1 21029 21029
-1
-1
0 0 8605
0 0 10407
1 13812 13812
-1
0 0 11556
0 0 7374
-1
1 1017 1017
0 0 1774
-1
1 18568 18568
-1
1 26740 26740
1 23361 23361
0 0 9173
1 11966 11966
0 0 1924
0 0 3304
1 23288 23288
0 0 6266
1 7553 7553
-1
0 0 12482
1 30820 30820
-1
1 31759 31759
0 0 6410
0 0 12170
0 0 1993
0 0 9976
-1
-1
0 0 3872
-1
-1
0 0 4098
1 21511 21511
0 0 15175
-1
1 13688 13688
1 31505 31505
0 0 7866
1 14811 14811
0 0 205
1 3969 3969
-1
1 27362 27362
-1
-1
0 0 8695
1 7269 7269
-1
-1
1 11940 11940
-1
-1
1 23130 23130
1 10893 10893
-1
1 14435 14435
0 0 5412
1 32045 32045
1 28125 28125
-1
-1
0 0 4109
-1
-1
-1
1 16769 16769
-1
1 22715 22715
1 14882 14882
-1
1 30255 30255
0 0 7579
-1
1 29257 29257
0 0 4241
1 20422 20422
1 12993 12993
1 18788 18788
0 0 753
-1
-1
-1
0 0 3426
0 0 15421
-1
-1
1 5581 5581
-1
1 31878 31878
-1
0 0 10397
1 14544 14544
1 26103 26103
1 28436 28436
-1
-1
0 0 3552
-1
0 0 6428
1 21505 21505
-1
-1
0 0 5346
-1
1 31754 31754
-1
1 32428 32428
1 31366 31366
1 11201 11201
0 0 10809
-1
0 0 10367
0 0 3488
-1
-1
1 23065 23065
-1
1 6528 6528
0 0 13517
1 9665 9665
-1
0 0 8057
0 0 12032
1 11698 11698
-1
1 20677 20677
-1
-1
-1
1 2658 2658
-1
0 0 9925
-1
1 13385 13385
-1
0 0 2887
1 518 518
0 0 8774
0 0 11231
1 16154 16154
-1
-1
1 531 531
0 0 8390
1 10433 10433
1 18270 18270
0 0 9908
0 0 8846
-1
0 0 1850
1 20233 20233
-1
1 2191 2191
-1
1 2160 2160
-1
-1
-1
1 7118 7118
0 0 10425
-1
1 11473 11473
-1
0 0 5579
1 5383 5383
0 0 14500
0 0 13272
1 5324 5324
0 0 5140
-1
-1
0 0 10721
0 0 6821
1 25681 25681
-1
1 30583 30583
0 0 7227
1 25349 25349
-1
-1
1 1323 1323
1 14863 14863
1 4697 4697
1 21963 21963
1 17115 17115
-1
1 1225 1225
-1
1 14700 14700
1 13644 13644
-1
1 8546 8546
1 28088 28088
1 9792 9792
0 0 8065
-1
0 0 1799
0 0 11528
1 2698 2698
0 0 14474
1 11951 11951
1 25615 25615
0 0 1728
0 0 5982
0 0 11049
1 32164 32164
0 0 6340
1 4348 4348
1 23200 23200
-1
0 0 3513
0 0 2085
0 0 1628
-1
1 16331 16331
1 4721 4721
0 0 6870
0 0 3534
-1
-1
0 0 12673
1 3234 3234
0 0 8626
-1
1 821 821
1 10478 10478
1 12985 12985
1 28217 28217
-1
1 18654 18654
1 21924 21924
0 0 7380
1 5595 5595
-1
-1
1 1610 1610
1 10887 10887
-1
0 0 5518
-1
-1
-1
1 32606 32606
-1
-1
1 24124 24124
0 0 4558
-1
0 0 161
-1
0 0 539
0 0 4254
1 27623 27623
0 0 4056
-1
1 32691 32691
0 0 11715
-1
-1
-1
1 14771 14771
0 0 11257
1 13631 13631
-1
0 0 3830
0 0 12646
1 25703 25703
0 0 10325
1 23082 23082
1 9807 9807
0 0 15137
1 10201 10201
1 22356 22356
0 0 14298
0 0 4977
1 3079 3079
0 0 8421
1 2893 2893
-1
0 0 7712
0 0 751
1 9466 9466
1 12235 12235
-1
-1
-1
-1
0 0 9546
0 0 4983
0 0 10627
-1
1 19944 19944
0 0 11881
0 0 12488
0 0 10958
0 0 1113
-1
-1
1 22248 22248
-1
0 0 9917
0 0 9492
0 0 1948
1 8624 8624
1 4702 4702
1 6489 6489
-1
1 954 954
1 8144 8144
-1
-1
0 0 8947
0 0 12768
1 16560 16560
-1
-1
1 31894 31894
0 0 12536
1 23350 23350
1 15090 15090
-1
-1
-1
-1
0 0 2535
0 0 16378
1 8953 8953
-1
1 20927 20927
-1
-1
-1
0 0 5723
0 0 3500
0 0 6432
-1
1 8414 8414
0 0 10766
0 0 2267
-1
1 13778 13778
-1
-1
0 0 8925
0 0 15763
-1
-1
0 0 5182
-1
1 26020 26020
-1
-1
1 6141 6141
0 0 7822
-1
-1
1 30439 30439
-1
-1
0 0 14836
-1
1 25309 25309
1 28486 28486
-1
-1
0 0 8719
1 23450 23450
-1
0 0 10633
0 0 14623
1 23942 23942
0 0 8965
-1
0 0 15542
1 1972 1972
1 27129 27129
1 27731 27731
-1
1 5376 5376
-1
0 0 5821
-1
-1
0 0 8846
0 0 12050
1 8135 8135
1 6244 6244
0 0 9380
1 24157 24157
-1
0 0 6876
-1
-1
-1
0 0 16081
1 29551 29551
-1
-1
0 0 9154
0 0 14828
0 0 7326
0 0 768
0 0 16120
-1
-1
1 666 666
-1
0 0 4209
0 0 3010
0 0 9590
0 0 732
1 15977 15977
1 20129 20129
-1
1 21700 21700
0 0 3509
0 0 11312
0 0 15512
-1
0 0 5687
1 25200 25200
0 0 3878
1 5018 5018
-1
-1
-1
-1
0 0 5336
-1
0 0 697
0 0 14624
-1
1 9115 9115
1 24993 24993
0 0 11161
-1
1 14921 14921
-1
0 0 3907
1 6328 6328
0 0 3709
1 21216 21216
0 0 13614
-1
-1
1 13834 13834
0 0 192
-1
0 0 15225
-1
1 21497 21497
1 19544 19544
1 23393 23393
-1
1 20349 20349
0 0 7543
0 0 1938
-1
-1
0 0 11298
-1
-1
1 6157 6157
-1
0 0 4407
1 5985 5985
-1
-1
1 25281 25281
-1
-1
0 0 8156
0 0 11899
-1
1 14120 14120
0 0 13457
1 19349 19349
1 2586 2586
-1
0 0 12509
0 0 13580
1 6465 6465
-1
-1
-1
0 0 13098
0 0 2768
1 26332 26332
0 0 573
-1
0 0 12857
-1
1 23695 23695
0 0 12305
1 13611 13611
1 14391 14391
0 0 764
-1
1 1347 1347
0 0 680
0 0 11834
-1
0 0 4847
-1
0 0 15323
1 5907 5907
-1
-1
1 30691 30691
0 0 13809
-1
-1
-1
0 0 564
1 27763 27763
-1
0 0 9837
1 10404 10404
1 21062 21062
1 16213 16213
0 0 3674
1 32297 32297
0 0 6585
-1
-1
0 0 15439
0 0 749
1 13709 13709
1 24183 24183
0 0 3359
1 25233 25233
0 0 9277
1 8103 8103
-1
-1
-1
0 0 9918
0 0 11241
1 6716 6716
0 0 11604
-1
1 26017 26017
1 8157 8157
0 0 10747
0 0 10131
1 12110 12110
1 15909 15909
0 0 11156
0 0 6897
0 0 7101
-1
1 21145 21145
0 0 11275
1 8793 8793
-1
-1
1 19029 19029
0 0 4888
0 0 814
0 0 12703
1 31787 31787
0 0 9710
-1
0 0 13092
1 25750 25750
0 0 16294
0 0 16350
0 0 12062
1 32392 32392
-1
0 0 11394
1 11672 11672
-1
-1
-1
1 12589 12589
-1
-1
1 977 977
0 0 13391
-1
1 11545 11545
0 0 4106
-1
0 0 15214
-1
0 0 5897
-1
1 12796 12796
1 21275 21275
-1
0 0 12229
0 0 14250
1 8347 8347
0 0 3964
1 9464 9464
-1
-1
1 25149 25149
0 0 2100
1 27417 27417
1 16866 16866
-1
-1
0 0 11150
-1
-1
-1
1 2441 2441
0 0 9900
1 439 439
1 13849 13849
0 0 4326
-1
0 0 9438
-1
0 0 15523
1 20135 20135
1 16945 16945
1 30924 30924
1 12241 12241
0 0 5326
0 0 9192
0 0 1113
0 0 1049
-1
-1
0 0 1381
1 5292 5292
-1
1 3614 3614
-1
0 0 6583
0 0 14296
-1
-1
1 23328 23328
1 2345 2345
-1
1 27404 27404
1 14170 14170
0 0 12926
0 0 7690
0 0 13035
1 5420 5420
0 0 15061
0 0 3443
1 15274 15274
-1
0 0 3490
0 0 2795
1 11412 11412
1 27666 27666
1 5108 5108
1 16710 16710
0 0 15994
1 22279 22279
1 15475 15475
0 0 12899
1 24066 24066
-1
0 0 4168
-1
1 9797 9797
-1
1 23470 23470
-1
-1
1 27056 27056
-1
-1
-1
1 6977 6977
-1
-1
1 24087 24087
1 26410 26410
1 15646 15646
-1
-1
-1
0 0 10137
-1
-1
-1
0 0 7730
0 0 11717
1 6803 6803
-1
1 26638 26638
0 0 3817
1 9436 9436
1 11959 11959
0 0 5199
0 0 6530
1 9844 9844
-1
-1
0 0 11551
0 0 8748
0 0 1414
0 0 2636
1 5969 5969
-1
0 0 4798
1 8387 8387
1 14142 14142
-1
0 0 14338
-1
1 9408 9408
0 0 3020
-1
-1
-1
-1
0 0 110
-1
-1
-1
1 6030 6030
-1
0 0 11004
1 9625 9625
0 0 1036
1 17813 17813
-1
-1
-1
-1
0 0 8362
0 0 9732
0 0 956
0 0 15025
-1
1 9783 9783
-1
-1
0 0 8260
0 0 144
1 18428 18428
0 0 2765
0 0 15095
1 14047 14047
0 0 5684
1 13818 13818
1 6276 6276
-1
0 0 13555
-1
1 9099 9099
-1
0 0 13537
0 0 10992
-1
1 26234 26234
-1
-1
-1
0 0 7242
1 12154 12154
-1
1 26324 26324
1 18283 18283
-1
1 13796 13796
0 0 13272
1 27537 27537
1 11763 11763
1 20870 20870
1 5964 5964
1 14443 14443
-1
1 6949 6949
-1
-1
0 0 12903
1 11605 11605
0 0 6759
1 25332 25332
1 12893 12893
-1
-1
0 0 11528
-1
-1
-1
1 11710 11710
0 0 13929
-1
-1
-1
0 0 13109
1 26236 26236
1 16125 16125
1 19650 19650
-1
-1
1 25420 25420
0 0 7699
1 19631 19631
0 0 1459
1 32713 32713
0 0 10396
0 0 802
0 0 8091
0 0 9990
0 0 12200
-1
1 5375 5375
0 0 15090
-1
-1
0 0 11269
0 0 231
-1
-1
0 0 8985
1 9089 9089
0 0 210
0 0 5206
-1
-1
0 0 176
-1
-1
1 32271 32271
1 12875 12875
0 0 6340
0 0 8070
-1
-1
0 0 10591
0 0 1187
-1
1 29129 29129
0 0 11914
1 7182 7182
0 0 14015
0 0 8829
1 1352 1352
0 0 6044
-1
1 5016 5016
0 0 8521
1 28846 28846
0 0 9205
1 32194 32194
-1
1 17641 17641
0 0 8518
1 10351 10351
0 0 4161
1 22392 22392
1 19692 19692
-1
0 0 9773
0 0 15807
-1
-1
1 27816 27816
-1
0 0 1866
1 14339 14339
-1
1 32100 32100
0 0 11127
0 0 46
0 0 12800
0 0 1526
1 10802 10802
0 0 6647
0 0 5870
0 0 16160
1 30571 30571
-1
0 0 3432
1 1257 1257
0 0 11308
0 0 10082
0 0 7506
0 0 9599
0 0 10999
0 0 5166
0 0 1611
-1
0 0 15980
-1
-1
0 0 11491
0 0 8439
0 0 7036
0 0 5642
-1
1 14018 14018
-1
0 0 2800
0 0 11521
1 3607 3607
-1
1 29515 29515
-1
0 0 14387
-1
1 31832 31832
0 0 8748
-1
0 0 13636
1 29564 29564
1 32508 32508
-1
-1
1 546 546
1 27317 27317
1 493 493
0 0 9174
-1
1 26709 26709
1 25701 25701
0 0 13115
-1
1 2111 2111
0 0 14237
1 17052 17052
0 0 7175
0 0 7540
0 0 15824
1 3021 3021
-1
1 20832 20832
1 26617 26617
-1
-1
-1
1 27740 27740
1 9915 9915
-1
0 0 480
0 0 8075
-1
1 13525 13525
-1
1 2343 2343
-1
0 0 10474
-1
0 0 5473
-1
1 25206 25206
-1
1 20435 20435
1 32512 32512
1 13609 13609
1 10534 10534
0 0 10809
0 0 953
-1
-1
1 31089 31089
1 31307 31307
-1
-1
1 26836 26836
-1
0 0 9724
0 0 2587
-1
0 0 904
1 19452 19452
-1
0 0 5100
-1
-1
1 3494 3494
-1
1 26988 26988
-1
-1
1 29875 29875
0 0 7868
-1
0 0 13799
-1
0 0 5466
-1
0 0 3934
-1
0 0 3550
1 5803 5803
-1
1 3187 3187
-1
-1
1 6488 6488
0 0 10868
-1
0 0 749
1 22194 22194
-1
0 0 5337
1 3495 3495
-1
1 28390 28390
-1
0 0 10567
1 14014 14014
-1
-1
0 0 1389
1 23058 23058
0 0 8702
0 0 12345
0 0 13861
-1
1 9043 9043
-1
1 10382 10382
0 0 1440
-1
1 21947 21947
1 14797 14797
0 0 16091
-1
0 0 3036
-1
0 0 1849
-1
0 0 6936
0 0 5260
-1
1 7492 7492
1 23776 23776
0 0 15131
1 28753 28753
0 0 13374
0 0 10664
-1
-1
1 510 510
1 5476 5476
1 21677 21677
1 5828 5828
1 15582 15582
0 0 7656
1 10575 10575
1 13286 13286
1 25573 25573
-1
0 0 10324
1 20725 20725
-1
1 19371 19371
-1
0 0 13429
0 0 4485
-1
1 8071 8071
0 0 13223
-1
1 15385 15385
-1
-1
1 10942 10942
-1
0 0 757
-1
-1
1 13203 13203
0 0 6910
-1
0 0 201
1 23242 23242
1 26549 26549
-1
1 17305 17305
-1
1 27667 27667
1 15181 15181
1 22872 22872
0 0 6058
-1
1 4633 4633
0 0 14005
0 0 10727
-1
0 0 11562
-1
0 0 13577
