0 0 9170
0 0 1770
0 0 8716
0 0 12049
0 0 15620
0 0 7347
0 0 2652
1 670 670
0 0 11491
0 0 9718
-1
-1
1 29635 29635
-1
0 0 1910
0 0 1141
-1
0 0 11585
-1
1 5950 5950
0 0 15730
0 0 8083
1 32500 32500
-1
1 17459 17459
-1
-1
1 30628 30628
1 28949 28949
-1
0 0 3491
1 3182 3182
-1
0 0 14551
0 0 6129
-1
1 20799 20799
-1
-1
0 0 2738
0 0 10408
-1
1 16166 16166
0 0 2497
1 16267 16267
1 19847 19847
1 13557 13557
0 0 7734
1 11138 11138
0 0 10862
0 0 238
0 0 10814
1 6498 6498
-1
-1
-1
1 21097 21097
1 16552 16552
1 27359 27359
1 24385 24385
0 0 694
1 18370 18370
-1
1 23533 23533
0 0 7080
1 14744 14744
-1
0 0 8792
0 0 458
0 0 2367
1 29543 29543
-1
1 11459 11459
1 20093 20093
-1
1 1258 1258
-1
0 0 9960
-1
0 0 4349
1 30343 30343
-1
-1
-1
1 21534 21534
-1
-1
1 10335 10335
-1
0 0 16340
1 7826 7826
1 8837 8837
0 0 14921
0 0 12316
-1
-1
0 0 5685
-1
0 0 15555
0 0 7731
0 0 12708
0 0 15928
-1
1 18731 18731
-1
-1
1 14875 14875
-1
0 0 10036
-1
1 19614 19614
1 16853 16853
-1
-1
-1
1 26618 26618
1 7514 7514
-1
-1
1 5527 5527
-1
0 0 12054
0 0 14312
0 0 214
-1
-1
-1
-1
0 0 13997
0 0 4944
-1
1 25107 25107
-1
1 21755 21755
-1
-1
0 0 7214
0 0 2888
1 7031 7031
0 0 8613
-1
0 0 14703
0 0 5472
1 25661 25661
1 25336 25336
-1
0 0 14742
1 24248 24248
1 10070 10070
0 0 199
0 0 11553
1 22892 22892
-1
0 0 1079
-1
1 31995 31995
-1
1 19455 19455
-1
0 0 61
1 9314 9314
-1
-1
-1
0 0 6631
-1
0 0 3401
1 18150 18150
0 0 3713
-1
-1
0 0 2146
1 30210 30210
-1
1 18453 18453
-1
-1
1 24239 24239
0 0 2932
-1
-1
1 12279 12279
1 25181 25181
-1
0 0 1541
1 27316 27316
0 0 12791
0 0 10839
-1
1 2000 2000
1 18662 18662
-1
-1
0 0 7030
1 19176 19176
1 14410 14410
1 2337 2337
0 0 4462
1 6248 6248
1 17951 17951
1 20114 20114
1 1579 1579
-1
1 4801 4801
0 0 10331
0 0 1992
-1
0 0 2266
0 0 3618
1 5759 5759
-1
0 0 11194
1 1674 1674
1 8090 8090
-1
-1
1 32228 32228
1 12602 12602
0 0 12710
0 0 1155
-1
0 0 15349
0 0 352
1 8975 8975
-1
1 15085 15085
-1
-1
-1
0 0 4186
0 0 1840
0 0 10315
-1
1 17257 17257
0 0 7431
0 0 13506
0 0 9260
-1
0 0 11436
-1
-1
-1
1 28881 28881
0 0 15609
1 67 67
0 0 10842
1 16350 16350
0 0 12174
1 27653 27653
-1
-1
0 0 11553
-1
1 28815 28815
-1
-1
0 0 14914
0 0 9791
1 31069 31069
0 0 9387
-1
1 7717 7717
0 0 8542
1 24202 24202
-1
0 0 16292
1 23702 23702
1 30028 30028
0 0 8086
-1
1 14791 14791
0 0 13873
-1
-1
0 0 12735
0 0 1475
0 0 477
0 0 2501
-1
0 0 14323
-1
-1
0 0 14839
0 0 9299
0 0 61
1 1532 1532
0 0 11414
1 25434 25434
0 0 5428
0 0 13296
0 0 13440
0 0 1094
0 0 11305
1 32622 32622
0 0 7646
0 0 5149
0 0 7060
-1
1 8970 8970
0 0 11052
-1
-1
0 0 6452
-1
1 23992 23992
1 7061 7061
-1
0 0 15927
-1
1 24664 24664
-1
0 0 2119
1 26142 26142
1 22739 22739
1 25008 25008
1 5230 5230
0 0 5414
0 0 1593
-1
-1
0 0 13522
1 18773 18773
1 20798 20798
-1
-1
0 0 13416
0 0 8143
-1
0 0 12650
-1
1 31657 31657
0 0 13942
-1
-1
0 0 11454
1 13892 13892
1 15735 15735
1 6826 6826
1 19339 19339
0 0 15990
0 0 6261
0 0 16304
1 2840 2840
0 0 11434
-1
-1
0 0 2142
-1
0 0 8310
1 6194 6194
1 23783 23783
-1
-1
1 27931 27931
0 0 2092
0 0 8908
-1
-1
0 0 10833
1 4053 4053
1 16040 16040
0 0 12952
0 0 2650
1 22852 22852
1 13631 13631
0 0 4336
0 0 675
-1
-1
-1
-1
0 0 16032
0 0 16272
1 29920 29920
0 0 3971
-1
1 19540 19540
0 0 16181
-1
1 1326 1326
0 0 846
-1
-1
0 0 14830
-1
-1
1 17548 17548
1 9197 9197
-1
1 9442 9442
1 16652 16652
1 24126 24126
0 0 625
0 0 2826
-1
-1
1 32590 32590
-1
0 0 9728
-1
1 18780 18780
-1
-1
0 0 5844
-1
-1
-1
1 1078 1078
1 29082 29082
0 0 8156
0 0 5596
-1
-1
0 0 10310
0 0 8183
0 0 8838
1 17892 17892
-1
0 0 9742
1 632 632
0 0 10086
1 16 16
1 2840 2840
1 18788 18788
0 0 6113
0 0 8557
0 0 133
1 29763 29763
0 0 14822
-1
1 1008 1008
0 0 12029
1 18945 18945
0 0 3527
1 5147 5147
-1
1 1546 1546
1 13389 13389
1 1199 1199
0 0 11113
-1
0 0 3459
1 29735 29735
1 11906 11906
0 0 13333
-1
-1
-1
-1
-1
-1
0 0 14524
-1
0 0 14892
-1
1 18824 18824
0 0 15558
-1
1 28887 28887
-1
0 0 14973
0 0 11110
1 17234 17234
1 8104 8104
-1
0 0 4852
-1
0 0 4060
0 0 12703
0 0 9052
-1
0 0 6470
0 0 4573
0 0 7755
1 14049 14049
0 0 10370
0 0 9284
-1
1 13379 13379
1 27255 27255
-1
0 0 1070
-1
-1
1 26051 26051
-1
0 0 2189
0 0 2932
-1
-1
-1
1 10583 10583
0 0 4748
-1
1 24680 24680
-1
-1
1 22964 22964
0 0 9948
0 0 240
-1
0 0 8271
-1
0 0 14290
1 9494 9494
0 0 2132
1 16934 16934
0 0 2358
-1
0 0 13181
0 0 2628
0 0 10135
1 26420 26420
-1
-1
-1
1 4110 4110
1 31027 31027
-1
0 0 5347
-1
0 0 13690
-1
-1
-1
0 0 9180
0 0 14520
1 17193 17193
-1
1 4912 4912
0 0 3488
1 21790 21790
1 3171 3171
0 0 13087
0 0 6834
0 0 4908
-1
1 17274 17274
-1
-1
1 13233 13233
-1
-1
-1
0 0 873
0 0 12594
1 18670 18670
-1
-1
-1
-1
1 14945 14945
1 5841 5841
1 448 448
-1
-1
-1
1 10093 10093
-1
-1
1 11710 11710
0 0 14158
0 0 3617
1 2481 2481
-1
1 15318 15318
0 0 6931
-1
1 15267 15267
1 16718 16718
1 11090 11090
1 13034 13034
0 0 382
0 0 4537
-1
0 0 8948
1 456 456
-1
-1
1 22286 22286
1 15745 15745
0 0 10937
1 21669 21669
0 0 8317
-1
1 20908 20908
1 31928 31928
1 17981 17981
-1
-1
-1
0 0 12015
1 12856 12856
0 0 9246
-1
0 0 10220
0 0 5826
0 0 723
1 3820 3820
1 8601 8601
0 0 8874
0 0 6961
0 0 13020
0 0 10561
0 0 10379
-1
1 6354 6354
1 26729 26729
1 597 597
0 0 3673
-1
1 19481 19481
0 0 4756
-1
1 21445 21445
0 0 15079
0 0 6241
0 0 4989
-1
1 27071 27071
1 10214 10214
1 31376 31376
-1
-1
0 0 9396
1 15436 15436
-1
1 6102 6102
-1
-1
-1
0 0 11090
0 0 806
-1
1 8619 8619
-1
0 0 12320
-1
1 6886 6886
-1
0 0 14684
1 11411 11411
-1
1 29464 29464
0 0 14392
-1
-1
-1
1 31544 31544
0 0 1780
-1
0 0 8867
-1
0 0 2880
0 0 7433
-1
0 0 16072
1 9997 9997
0 0 343
-1
-1
0 0 9083
-1
-1
1 22732 22732
1 30545 30545
0 0 14004
0 0 14544
1 12986 12986
0 0 11189
0 0 13958
0 0 8824
1 32053 32053
-1
0 0 14265
1 7245 7245
0 0 14540
-1
0 0 14902
-1
0 0 15913
1 21177 21177
0 0 12947
-1
1 7528 7528
1 1112 1112
1 7324 7324
-1
-1
-1
0 0 8207
-1
0 0 15305
1 1779 1779
-1
1 10454 10454
1 22291 22291
-1
0 0 2968
-1
1 2754 2754
1 21968 21968
-1
0 0 1980
0 0 1540
0 0 3971
1 13944 13944
1 22520 22520
-1
0 0 3601
0 0 12603
-1
0 0 14122
-1
0 0 6054
1 25956 25956
0 0 10888
1 14426 14426
0 0 7244
1 234 234
-1
-1
1 26697 26697
0 0 3750
-1
1 19497 19497
0 0 3986
0 0 6973
1 23393 23393
-1
-1
1 21075 21075
-1
0 0 9791
0 0 3402
1 3375 3375
0 0 9401
-1
1 16216 16216
-1
1 7812 7812
1 4494 4494
1 11427 11427
-1
0 0 9663
1 26365 26365
0 0 12911
-1
0 0 9939
1 26310 26310
1 25671 25671
0 0 14759
-1
1 2552 2552
-1
-1
-1
1 6873 6873
1 28091 28091
-1
-1
1 2399 2399
0 0 16113
0 0 2546
0 0 2624
0 0 2011
1 8822 8822
-1
1 8115 8115
0 0 4960
1 10324 10324
1 1964 1964
1 11976 11976
1 19090 19090
1 6451 6451
-1
0 0 9992
1 3825 3825
0 0 14861
1 10391 10391
0 0 13495
-1
1 13802 13802
0 0 1695
1 31960 31960
1 27134 27134
-1
-1
1 5338 5338
1 14145 14145
0 0 7402
-1
0 0 3978
0 0 13725
0 0 2983
1 30363 30363
1 2743 2743
0 0 6620
1 21354 21354
0 0 400
0 0 7301
1 24888 24888
1 20395 20395
0 0 11803
1 15852 15852
1 11119 11119
0 0 5939
1 19416 19416
1 28745 28745
1 17862 17862
-1
-1
0 0 9554
1 17368 17368
-1
-1
1 7060 7060
-1
1 4013 4013
0 0 15905
0 0 803
1 9635 9635
1 10673 10673
1 21653 21653
-1
1 31257 31257
1 18371 18371
1 15031 15031
1 3964 3964
-1
1 9138 9138
0 0 1519
0 0 16349
-1
-1
1 1077 1077
1 24112 24112
-1
-1
-1
-1
-1
0 0 3147
1 4319 4319
-1
0 0 3455
1 25609 25609
-1
-1
1 4638 4638
1 20805 20805
-1
-1
1 10815 10815
-1
1 302 302
1 30179 30179
1 25144 25144
1 7556 7556
1 24696 24696
1 9489 9489
0 0 6027
0 0 9414
0 0 13412
-1
-1
0 0 2357
1 20458 20458
0 0 12521
-1
-1
0 0 15757
1 15535 15535
1 20756 20756
-1
1 31627 31627
0 0 4910
1 15759 15759
-1
0 0 11633
1 29363 29363
0 0 10588
-1
1 14268 14268
0 0 10509
0 0 9385
0 0 9946
1 12836 12836
1 8725 8725
0 0 2028
0 0 13160
0 0 5135
1 3509 3509
-1
-1
1 16928 16928
0 0 16144
1 32260 32260
0 0 5418
0 0 10185
0 0 11658
0 0 13263
1 24658 24658
-1
0 0 3502
1 32269 32269
0 0 1887
1 8252 8252
1 9568 9568
0 0 4068
-1
0 0 12996
-1
-1
-1
0 0 1468
0 0 10370
0 0 9104
0 0 1837
0 0 16348
1 12751 12751
0 0 6045
-1
-1
1 19368 19368
0 0 12364
0 0 6014
0 0 18
1 19030 19030
0 0 9504
-1
1 21362 21362
0 0 3610
0 0 10544
1 22162 22162
1 3153 3153
-1
0 0 13683
-1
0 0 3993
0 0 14697
1 30188 30188
-1
0 0 8318
1 17838 17838
-1
0 0 3448
-1
-1
-1
1 3012 3012
0 0 8468
-1
0 0 5710
-1
0 0 12045
0 0 4245
1 22600 22600
-1
1 19223 19223
0 0 13937
0 0 2246
0 0 3900
-1
1 14197 14197
0 0 3358
0 0 10843
1 15944 15944
-1
-1
0 0 9289
1 22701 22701
0 0 14458
0 0 6684
1 6830 6830
0 0 6846
1 20286 20286
-1
-1
-1
0 0 7690
1 12265 12265
0 0 5656
-1
0 0 4716
-1
-1
0 0 1656
-1
-1
1 13752 13752
1 2870 2870
1 4103 4103
1 20523 20523
-1
1 26832 26832
-1
1 9074 9074
0 0 12414
1 16765 16765
-1
0 0 15007
0 0 11583
0 0 13943
-1
0 0 1910
1 25847 25847
0 0 9637
-1
1 9869 9869
1 29686 29686
-1
1 19644 19644
0 0 12721
1 5601 5601
-1
1 31912 31912
1 12901 12901
0 0 13880
0 0 12118
0 0 11758
0 0 13665
-1
1 26819 26819
1 7682 7682
1 16986 16986
1 8712 8712
0 0 11623
-1
1 4672 4672
0 0 8403
-1
0 0 14735
1 27453 27453
-1
0 0 7706
-1
-1
-1
0 0 9555
-1
1 15645 15645
-1
0 0 13343
1 7458 7458
-1
-1
-1
-1
0 0 10662
0 0 9882
-1
1 1421 1421
0 0 14087
1 4033 4033
-1
-1
0 0 12845
0 0 16028
0 0 2305
1 7281 7281
0 0 9588
1 31987 31987
0 0 11855
0 0 8648
0 0 10510
0 0 1995
0 0 13152
-1
0 0 5449
0 0 11217
-1
1 10043 10043
1 14750 14750
1 29160 29160
-1
1 8072 8072
0 0 3808
-1
1 400 400
-1
1 820 820
1 14084 14084
0 0 5609
1 20428 20428
1 18530 18530
-1
-1
0 0 12735
1 29293 29293
0 0 4995
1 7852 7852
-1
1 29096 29096
1 22819 22819
0 0 4741
0 0 8181
0 0 6926
1 20292 20292
1 19664 19664
-1
0 0 2562
1 27782 27782
-1
0 0 4756
-1
0 0 2349
-1
-1
-1
0 0 9346
-1
1 30786 30786
0 0 14126
-1
0 0 13279
0 0 7789
1 3584 3584
1 28439 28439
0 0 572
-1
1 26833 26833
1 32173 32173
0 0 10373
1 1610 1610
0 0 13665
-1
0 0 4058
1 25195 25195
-1
0 0 4782
-1
1 12452 12452
1 27358 27358
0 0 3598
1 21639 21639
1 22989 22989
1 5493 5493
0 0 867
0 0 11897
0 0 8616
0 0 15490
0 0 11041
-1
1 8110 8110
0 0 131
1 7877 7877
1 18319 18319
0 0 1916
0 0 2451
-1
-1
1 3928 3928
0 0 482
0 0 4024
0 0 7343
0 0 7875
0 0 11579
-1
-1
0 0 12969
1 26240 26240
-1
0 0 1600
0 0 12560
-1
-1
-1
-1
0 0 13989
0 0 1720
1 6744 6744
-1
1 1437 1437
0 0 5633
0 0 10296
1 31906 31906
1 26482 26482
-1
0 0 9666
-1
-1
-1
1 30377 30377
0 0 5795
1 16267 16267
1 27278 27278
0 0 5107
-1
1 9474 9474
0 0 6340
1 19647 19647
0 0 8561
0 0 1458
0 0 1767
-1
1 29710 29710
1 29135 29135
1 25699 25699
0 0 11194
-1
-1
1 9363 9363
0 0 16138
-1
-1
0 0 14403
-1
0 0 5294
1 3551 3551
0 0 2777
0 0 6639
-1
0 0 13960
-1
-1
0 0 14791
-1
-1
1 11494 11494
1 19419 19419
-1
1 20421 20421
0 0 6096
0 0 6828
1 24170 24170
0 0 7765
-1
0 0 9301
0 0 9522
1 27027 27027
0 0 7856
0 0 13123
-1
0 0 1337
0 0 7218
0 0 7196
-1
1 2573 2573
1 17476 17476
-1
-1
1 635 635
1 224 224
0 0 7447
0 0 5417
1 1450 1450
0 0 12871
1 3180 3180
-1
1 13788 13788
0 0 3148
-1
-1
1 11813 11813
1 9663 9663
1 14071 14071
-1
0 0 7543
-1
-1
0 0 12466
0 0 12603
1 1688 1688
-1
1 12145 12145
-1
1 14731 14731
-1
1 6716 6716
0 0 3947
-1
1 6952 6952
-1
0 0 1767
1 29381 29381
-1
0 0 15375
1 3263 3263
0 0 11074
1 25121 25121
-1
0 0 6470
1 31554 31554
0 0 2518
-1
-1
0 0 5037
-1
-1
1 30432 30432
1 8482 8482
-1
-1
0 0 12966
-1
1 15489 15489
0 0 1605
-1
0 0 6371
0 0 4764
-1
0 0 2706
1 5516 5516
1 21689 21689
1 31661 31661
-1
0 0 1256
1 9267 9267
0 0 13658
0 0 4212
1 4136 4136
-1
-1
0 0 10443
0 0 4752
1 17093 17093
1 28848 28848
0 0 552
0 0 13914
-1
0 0 4960
0 0 3934
-1
0 0 13965
1 23454 23454
0 0 9259
1 9199 9199
0 0 10328
-1
-1
0 0 2219
-1
1 9263 9263
1 4917 4917
-1
1 18193 18193
0 0 11855
0 0 15499
0 0 800
1 17388 17388
0 0 11049
-1
1 14778 14778
1 11538 11538
0 0 10677
1 12606 12606
1 9843 9843
-1
0 0 4253
-1
-1
1 7484 7484
1 11468 11468
1 8387 8387
0 0 15625
1 8947 8947
-1
0 0 4330
1 18575 18575
-1
-1
1 21055 21055
0 0 1086
0 0 12572
0 0 10031
1 32585 32585
-1
1 19568 19568
1 23249 23249
-1
-1
-1
-1
-1
-1
1 14029 14029
-1
0 0 6111
1 20348 20348
1 4755 4755
1 17951 17951
1 26120 26120
-1
-1
0 0 12059
0 0 5530
0 0 4488
-1
-1
0 0 9218
0 0 14526
1 32439 32439
-1
1 10118 10118
1 1912 1912
1 25686 25686
1 22278 22278
-1
0 0 12169
0 0 16267
-1
0 0 9413
1 28751 28751
1 25613 25613
-1
-1
1 15779 15779
-1
-1
0 0 13742
1 12409 12409
1 6089 6089
0 0 462
-1
1 17839 17839
-1
-1
-1
-1
1 15026 15026
0 0 4261
0 0 10388
-1
1 27917 27917
-1
0 0 132
1 16008 16008
1 307 307
-1
-1
1 22650 22650
1 14661 14661
0 0 4093
0 0 8619
0 0 3895
0 0 5242
1 31205 31205
0 0 14500
-1
1 9737 9737
0 0 15507
0 0 8490
-1
-1
-1
-1
-1
1 15586 15586
0 0 6681
1 21084 21084
0 0 10160
1 8473 8473
0 0 15361
1 4991 4991
-1
0 0 7245
-1
0 0 11907
-1
1 11024 11024
-1
-1
1 19135 19135
0 0 2717
-1
0 0 14486
1 13044 13044
-1
0 0 2580
-1
1 9282 9282
0 0 4100
-1
0 0 10611
1 6996 6996
0 0 15369
0 0 3249
-1
0 0 14372
-1
-1
1 2960 2960
-1
-1
0 0 15729
1 9545 9545
0 0 3145
-1
1 32434 32434
1 31167 31167
-1
1 5164 5164
-1
0 0 7260
0 0 10000
-1
0 0 5781
0 0 12455
0 0 5903
1 26544 26544
-1
1 2669 2669
-1
1 16033 16033
0 0 5277
-1
-1
-1
-1
1 5150 5150
1 26961 26961
1 13163 13163
-1
0 0 791
0 0 6882
-1
0 0 12053
1 23750 23750
0 0 4762
-1
-1
0 0 10938
-1
-1
0 0 8114
1 2205 2205
1 15072 15072
-1
1 5475 5475
-1
1 20526 20526
0 0 4866
0 0 7141
-1
0 0 6091
-1
0 0 11070
0 0 11504
-1
1 23000 23000
1 1165 1165
-1
1 12247 12247
-1
-1
-1
1 22367 22367
-1
0 0 2830
-1
1 8036 8036
-1
0 0 11300
-1
0 0 10319
0 0 5776
1 8236 8236
1 27652 27652
1 10557 10557
-1
1 25694 25694
1 372 372
-1
-1
-1
-1
0 0 10194
-1
-1
-1
1 5517 5517
-1
1 7369 7369
0 0 8766
-1
1 22416 22416
1 17335 17335
1 14512 14512
1 22591 22591
0 0 4102
1 22265 22265
0 0 10989
0 0 1968
1 6135 6135
-1
1 718 718
1 13273 13273
-1
-1
0 0 1175
1 29047 29047
1 9174 9174
-1
-1
1 18940 18940
-1
1 13971 13971
0 0 11514
1 8607 8607
1 23669 23669
1 18616 18616
1 29253 29253
1 7050 7050
-1
-1
1 226 226
0 0 9005
-1
0 0 15846
-1
-1
0 0 560
-1
0 0 505
0 0 7861
1 20313 20313
-1
1 4340 4340
1 12457 12457
0 0 12041
0 0 9970
-1
0 0 5607
0 0 14647
1 10134 10134
1 5574 5574
1 25147 25147
1 14303 14303
1 29380 29380
1 6300 6300
-1
0 0 6645
-1
1 10401 10401
1 19260 19260
0 0 854
-1
-1
-1
0 0 15785
1 16705 16705
-1
1 14541 14541
-1
0 0 566
0 0 6238
0 0 6368
0 0 12472
1 8157 8157
-1
0 0 7079
0 0 6805
0 0 12716
1 18894 18894
0 0 6209
1 16464 16464
1 13397 13397
-1
1 8800 8800
0 0 1656
0 0 6463
-1
1 15453 15453
1 17206 17206
0 0 5660
0 0 1804
1 13540 13540
0 0 13549
-1
1 24916 24916
0 0 15081
0 0 15191
0 0 4140
-1
1 6396 6396
-1
-1
-1
-1
0 0 11328
1 9415 9415
-1
0 0 15364
1 14595 14595
1 15748 15748
1 31170 31170
-1
1 26551 26551
-1
-1
0 0 1364
1 27986 27986
1 2563 2563
-1
-1
0 0 6733
-1
1 234 234
0 0 5216
-1
-1
1 20962 20962
1 2955 2955
1 28850 28850
-1
0 0 12508
1 22896 22896
1 31220 31220
1 2181 2181
0 0 4021
-1
-1
-1
-1
1 25368 25368
-1
0 0 12372
-1
1 14850 14850
0 0 371
-1
-1
0 0 11692
0 0 3489
-1
-1
0 0 8424
1 29269 29269
1 25341 25341
0 0 4011
1 14099 14099
1 15384 15384
1 6765 6765
-1
0 0 32
-1
0 0 3637
1 13638 13638
-1
1 11140 11140
0 0 8919
0 0 9959
1 18197 18197
0 0 12099
1 23469 23469
1 10204 10204
-1
1 20463 20463
0 0 2179
-1
1 12110 12110
0 0 13838
-1
1 25330 25330
0 0 2646
0 0 3201
0 0 2227
1 17408 17408
-1
1 9895 9895
1 27705 27705
-1
0 0 6157
0 0 2003
1 16128 16128
0 0 2420
0 0 1561
0 0 1239
-1
1 15424 15424
0 0 7700
-1
1 1346 1346
1 21478 21478
-1
0 0 8446
0 0 789
1 15466 15466
1 14647 14647
-1
-1
1 21299 21299
1 20472 20472
1 15770 15770
0 0 10157
-1
0 0 15219
-1
1 10695 10695
0 0 1316
1 29688 29688
1 15312 15312
0 0 10115
1 6148 6148
1 9240 9240
1 22482 22482
-1
0 0 6127
1 10147 10147
0 0 11923
1 20992 20992
1 25829 25829
0 0 12150
1 2994 2994
1 15231 15231
1 18416 18416
-1
1 13161 13161
0 0 4140
-1
0 0 8803
1 13529 13529
0 0 13624
1 13236 13236
1 13374 13374
-1
1 3422 3422
1 32715 32715
1 581 581
1 19695 19695
0 0 5496
-1
-1
-1
-1
-1
1 25418 25418
1 26334 26334
-1
1 15738 15738
1 2768 2768
1 6216 6216
1 10493 10493
0 0 11962
1 25334 25334
0 0 8040
-1
-1
0 0 16144
0 0 16006
-1
1 12665 12665
0 0 7637
1 18988 18988
0 0 11773
-1
0 0 6705
1 17003 17003
0 0 50
0 0 15060
1 30473 30473
1 18332 18332
0 0 13457
-1
1 5333 5333
1 29096 29096
-1
-1
-1
0 0 10117
-1
-1
1 11771 11771
-1
1 8987 8987
-1
-1
0 0 12494
1 7411 7411
-1
1 17812 17812
0 0 5268
0 0 10852
-1
-1
0 0 15583
0 0 13790
-1
0 0 13393
0 0 13599
-1
0 0 11368
-1
-1
-1
0 0 3659
-1
1 9943 9943
0 0 5547
-1
-1
0 0 12618
1 28616 28616
-1
1 18786 18786
1 28286 28286
0 0 1613
1 14166 14166
0 0 10220
-1
-1
-1
1 5461 5461
1 508 508
0 0 13253
1 5492 5492
-1
1 13777 13777
1 7674 7674
0 0 6758
1 10561 10561
-1
0 0 15161
0 0 15298
1 24000 24000
-1
1 11683 11683
-1
1 26215 26215
-1
1 20201 20201
0 0 978
1 18079 18079
1 13246 13246
0 0 15468
1 2207 2207
0 0 10915
-1
1 29116 29116
0 0 6804
0 0 7320
0 0 8098
-1
1 24731 24731
0 0 6866
-1
1 23293 23293
-1
1 18136 18136
0 0 6225
0 0 7031
-1
0 0 1854
0 0 1021
-1
0 0 12290
1 4148 4148
-1
1 7281 7281
0 0 875
1 15892 15892
-1
0 0 7334
0 0 4904
0 0 10899
1 5319 5319
0 0 8546
1 5959 5959
0 0 1268
1 24146 24146
1 7870 7870
0 0 7666
0 0 616
-1
0 0 4524
0 0 1043
-1
-1
0 0 9648
0 0 11566
1 19858 19858
1 23667 23667
1 15070 15070
-1
0 0 14410
-1
0 0 2500
-1
1 11533 11533
0 0 117
0 0 3236
-1
-1
1 27248 27248
0 0 4961
-1
0 0 17
0 0 3063
-1
0 0 15081
0 0 12228
-1
1 8161 8161
-1
-1
1 13993 13993
1 10956 10956
0 0 12690
0 0 9332
-1
1 5367 5367
1 5321 5321
0 0 6256
0 0 13761
1 28167 28167
1 2177 2177
0 0 13286
0 0 15977
1 10068 10068
1 1893 1893
-1
1 20004 20004
1 14441 14441
-1
1 5237 5237
0 0 8766
-1
1 6842 6842
-1
1 3958 3958
-1
-1
1 3685 3685
1 14786 14786
0 0 8371
-1
0 0 494
-1
1 22185 22185
-1
-1
0 0 6327
0 0 10751
-1
-1
-1
0 0 10836
0 0 16204
0 0 9775
0 0 8389
-1
-1
-1
0 0 8118
1 19987 19987
0 0 14370
-1
0 0 10415
1 15328 15328
0 0 13948
1 11387 11387
1 3485 3485
0 0 10253
-1
1 3775 3775
1 10613 10613
-1
1 5151 5151
0 0 7141
1 22987 22987
-1
1 19578 19578
1 16737 16737
-1
1 25782 25782
0 0 6250
0 0 1823
0 0 7728
0 0 6529
-1
1 13967 13967
1 6857 6857
1 30383 30383
0 0 8313
1 17527 17527
-1
0 0 14147
0 0 10397
1 16524 16524
-1
-1
0 0 7112
1 3671 3671
-1
0 0 1013
-1
-1
-1
1 22163 22163
0 0 1668
1 20221 20221
1 18787 18787
1 11423 11423
0 0 9129
0 0 14360
0 0 16378
0 0 12719
-1
1 10445 10445
0 0 4439
1 3415 3415
-1
1 32413 32413
1 8911 8911
-1
1 12330 12330
-1
1 22316 22316
-1
0 0 9666
-1
-1
1 28739 28739
-1
0 0 9940
-1
0 0 6889
1 19424 19424
1 9451 9451
0 0 14344
1 8891 8891
1 13854 13854
-1
-1
-1
0 0 10062
0 0 12423
1 12489 12489
-1
1 2766 2766
-1
1 13626 13626
-1
0 0 890
-1
0 0 6638
0 0 12552
0 0 16214
1 16888 16888
1 16931 16931
1 24776 24776
0 0 2737
0 0 555
1 3989 3989
0 0 6759
0 0 14186
-1
1 9805 9805
1 15893 15893
1 6043 6043
0 0 13726
0 0 15805
-1
0 0 7887
1 26676 26676
0 0 10224
-1
0 0 7245
0 0 3613
-1
-1
0 0 12625
-1
-1
-1
-1
0 0 9384
1 26673 26673
1 10466 10466
0 0 15709
0 0 4408
1 23081 23081
1 6935 6935
1 9490 9490
0 0 7648
0 0 1834
-1
0 0 11264
1 26026 26026
-1
-1
1 6330 6330
1 25611 25611
0 0 6053
0 0 7608
-1
0 0 13659
1 27462 27462
0 0 15475
-1
1 27122 27122
0 0 3181
-1
1 5299 5299
-1
0 0 13321
1 28331 28331
0 0 1377
0 0 7739
0 0 3334
0 0 9659
0 0 6474
1 12046 12046
1 8574 8574
-1
0 0 6250
0 0 4331
-1
1 16344 16344
-1
0 0 3949
0 0 13113
0 0 5970
1 21884 21884
-1
1 1473 1473
-1
0 0 12400
0 0 10431
1 12058 12058
-1
-1
1 21112 21112
-1
-1
1 7999 7999
-1
1 11484 11484
0 0 12722
-1
-1
-1
-1
1 29817 29817
-1
1 23138 23138
0 0 15272
0 0 6005
1 24283 24283
1 2139 2139
0 0 8043
1 7335 7335
1 30337 30337
-1
0 0 4025
-1
1 3617 3617
1 14624 14624
-1
1 6435 6435
1 31949 31949
0 0 16079
0 0 5404
0 0 12965
1 7690 7690
1 3527 3527
-1
1 16518 16518
0 0 14122
1 26342 26342
-1
1 10653 10653
0 0 15308
0 0 4013
1 5344 5344
-1
1 3513 3513
-1
-1
-1
0 0 11654
1 6177 6177
-1
0 0 14930
0 0 7790
1 14103 14103
1 31641 31641
1 23274 23274
0 0 14324
0 0 8659
0 0 3228
1 26833 26833
0 0 1648
-1
0 0 10544
0 0 7242
-1
-1
0 0 1809
0 0 15204
-1
0 0 1079
0 0 8801
0 0 1383
-1
1 26443 26443
1 21560 21560
-1
1 8263 8263
0 0 13548
1 9391 9391
0 0 3465
-1
-1
1 7433 7433
0 0 11358
0 0 279
-1
-1
0 0 14347
-1
-1
1 1384 1384
0 0 7956
0 0 12540
0 0 474
-1
-1
-1
-1
1 9572 9572
1 70 70
1 11526 11526
0 0 8668
1 31207 31207
-1
-1
0 0 2786
1 8272 8272
1 17642 17642
0 0 12285
1 1259 1259
0 0 14902
-1
1 29175 29175
1 28787 28787
0 0 6750
0 0 5015
0 0 2906
-1
0 0 9081
0 0 11506
1 9773 9773
0 0 915
1 19577 19577
0 0 9142
0 0 3626
0 0 8163
-1
0 0 5538
-1
1 8362 8362
-1
1 23358 23358
-1
0 0 1407
0 0 9858
0 0 14334
-1
1 17668 17668
1 25962 25962
-1
-1
-1
1 17715 17715
-1
0 0 3736
1 19839 19839
1 8832 8832
-1
1 2735 2735
0 0 11051
-1
-1
-1
1 29859 29859
0 0 15701
-1
-1
1 3975 3975
0 0 7654
1 14123 14123
-1
-1
1 8188 8188
1 17906 17906
0 0 13446
-1
1 604 604
-1
0 0 5150
1 20299 20299
-1
-1
1 10191 10191
-1
-1
1 764 764
0 0 5195
0 0 14097
-1
1 15399 15399
-1
1 20949 20949
0 0 6488
1 1132 1132
1 11367 11367
-1
0 0 11807
1 28343 28343
-1
1 5431 5431
-1
0 0 11233
0 0 9015
-1
0 0 15849
-1
1 26288 26288
-1
-1
-1
1 4272 4272
1 20186 20186
1 19361 19361
1 28864 28864
0 0 14392
1 32381 32381
1 31451 31451
1 25158 25158
1 15466 15466
1 15516 15516
0 0 6302
-1
-1
0 0 6009
1 18262 18262
1 4517 4517
0 0 4368
1 19024 19024
-1
-1
1 11660 11660
0 0 6539
-1
0 0 4519
0 0 10440
0 0 14047
-1
0 0 454
1 9320 9320
-1
0 0 12891
1 7291 7291
-1
0 0 3832
0 0 671
-1
-1
-1
0 0 9246
0 0 14289
0 0 8309
1 25390 25390
0 0 1370
1 9612 9612
-1
-1
-1
0 0 1600
0 0 8779
0 0 13184
0 0 5445
0 0 10326
0 0 8127
1 2917 2917
1 30702 30702
0 0 14342
1 14720 14720
1 1075 1075
0 0 7913
1 4850 4850
0 0 2362
1 19734 19734
0 0 11549
0 0 6720
1 13228 13228
0 0 11110
0 0 13422
0 0 3481
1 19558 19558
0 0 5077
1 26537 26537
1 8532 8532
-1
1 19478 19478
-1
0 0 9923
-1
-1
-1
0 0 7584
-1
0 0 6477
0 0 14304
-1
0 0 3067
-1
0 0 8699
0 0 10783
0 0 9022
0 0 9488
0 0 3646
0 0 5513
0 0 12428
1 16922 16922
0 0 8571
1 7049 7049
-1
-1
0 0 4446
-1
1 8248 8248
0 0 8684
0 0 13998
0 0 5836
0 0 15994
1 8598 8598
0 0 1931
1 21854 21854
-1
1 1671 1671
1 29534 29534
0 0 4625
-1
-1
1 6490 6490
1 24401 24401
-1
0 0 6696
-1
0 0 4882
-1
-1
1 13462 13462
1 18991 18991
-1
0 0 6222
0 0 4501
0 0 15339
1 31517 31517
-1
0 0 3983
-1
0 0 4471
-1
0 0 5837
0 0 1367
0 0 8830
0 0 9975
-1
0 0 11687
1 9521 9521
1 8354 8354
0 0 14964
1 3433 3433
1 10984 10984
0 0 16320
0 0 6601
-1
0 0 11962
-1
-1
1 31741 31741
-1
0 0 9903
0 0 12593
0 0 5955
1 8478 8478
1 19167 19167
0 0 8077
1 12197 12197
1 8482 8482
0 0 8519
-1
0 0 1496
-1
1 22177 22177
-1
1 28377 28377
0 0 3929
-1
1 20927 20927
1 15773 15773
-1
0 0 7118
1 3147 3147
-1
-1
-1
0 0 1367
1 3234 3234
-1
-1
0 0 5571
-1
0 0 12065
1 24368 24368
0 0 8464
-1
1 13056 13056
-1
1 6914 6914
-1
0 0 5249
1 10505 10505
1 20581 20581
1 7581 7581
0 0 15111
1 4540 4540
1 28339 28339
-1
1 12886 12886
-1
1 26893 26893
1 6789 6789
0 0 6787
1 23989 23989
1 24008 24008
1 14878 14878
-1
0 0 386
-1
0 0 9525
-1
1 24628 24628
-1
1 19592 19592
1 20980 20980
0 0 9405
0 0 6151
1 32743 32743
0 0 13116
-1
1 31524 31524
0 0 1382
-1
-1
-1
0 0 14698
0 0 890
-1
1 22540 22540
-1
1 26662 26662
1 17023 17023
-1
1 20553 20553
-1
-1
1 19870 19870
-1
1 3297 3297
0 0 12656
-1
0 0 9551
1 7387 7387
0 0 13103
-1
-1
-1
1 22138 22138
1 18543 18543
0 0 5304
-1
-1
1 25534 25534
-1
-1
-1
1 24240 24240
-1
0 0 9185
-1
0 0 9847
-1
0 0 13362
0 0 14425
0 0 14446
1 32039 32039
1 19376 19376
1 24645 24645
-1
1 29536 29536
0 0 1986
0 0 1939
1 14279 14279
1 31615 31615
1 434 434
-1
-1
1 30688 30688
1 27776 27776
-1
0 0 13248
0 0 2202
1 13096 13096
0 0 2864
1 6418 6418
0 0 12161
1 15960 15960
0 0 2513
1 16215 16215
-1
1 14515 14515
0 0 12917
-1
1 17218 17218
1 6991 6991
-1
1 6623 6623
1 32610 32610
-1
1 8508 8508
1 22869 22869
0 0 7723
-1
0 0 264
-1
-1
-1
-1
-1
0 0 14236
1 25561 25561
-1
1 10626 10626
0 0 6842
1 27871 27871
0 0 7823
0 0 4015
1 7715 7715
0 0 8215
0 0 9692
0 0 5632
0 0 10845
1 6666 6666
-1
1 27217 27217
0 0 7238
-1
1 13730 13730
1 27634 27634
1 30007 30007
0 0 13719
-1
-1
0 0 13720
0 0 11424
0 0 15090
1 15401 15401
0 0 13344
-1
-1
0 0 15361
1 12293 12293
1 16960 16960
-1
1 27318 27318
1 21616 21616
0 0 1174
1 32029 32029
0 0 7538
0 0 12066
0 0 3729
-1
1 20714 20714
0 0 8911
0 0 13827
1 1130 1130
-1
-1
0 0 15638
1 24796 24796
-1
0 0 7795
1 16095 16095
-1
0 0 10425
-1
0 0 10350
0 0 12910
1 16843 16843
1 16545 16545
1 25302 25302
0 0 7600
0 0 9311
0 0 2114
0 0 2042
0 0 14674
1 18267 18267
0 0 13875
-1
1 18586 18586
1 28645 28645
0 0 8918
-1
-1
0 0 3370
-1
1 28392 28392
-1
-1
1 16155 16155
1 13983 13983
1 13549 13549
0 0 7718
0 0 14937
-1
-1
1 30918 30918
0 0 10694
1 24564 24564
1 2366 2366
-1
1 686 686
-1
1 27382 27382
1 6179 6179
1 9975 9975
-1
-1
1 7089 7089
1 15255 15255
0 0 13635
1 20951 20951
1 670 670
0 0 7498
1 2403 2403
1 8490 8490
1 13442 13442
-1
-1
0 0 9747
1 18217 18217
1 31967 31967
-1
1 23574 23574
0 0 14729
-1
-1
-1
-1
0 0 11463
1 16073 16073
1 23879 23879
1 4404 4404
1 23718 23718
0 0 11642
1 28668 28668
0 0 3384
1 18845 18845
-1
0 0 7619
0 0 508
1 16452 16452
1 20498 20498
0 0 1417
0 0 15272
1 25410 25410
0 0 1175
1 20190 20190
0 0 1495
0 0 10311
1 18522 18522
1 15548 15548
1 27267 27267
1 27127 27127
-1
0 0 8266
1 17387 17387
1 28061 28061
0 0 9814
0 0 7794
1 4922 4922
0 0 12090
0 0 13006
0 0 3483
1 13179 13179
1 15561 15561
0 0 10901
1 11441 11441
-1
1 3766 3766
1 10079 10079
-1
-1
0 0 7254
0 0 11418
0 0 4934
0 0 2333
-1
-1
0 0 15820
0 0 9743
1 16671 16671
0 0 12214
0 0 10000
-1
1 15522 15522
1 17158 17158
1 3244 3244
1 11028 11028
1 11066 11066
1 3505 3505
-1
1 3802 3802
0 0 13375
1 3243 3243
0 0 7846
1 19746 19746
-1
1 14630 14630
0 0 8618
0 0 9316
1 19586 19586
-1
-1
0 0 8365
1 8975 8975
0 0 15125
0 0 2883
1 22432 22432
1 10469 10469
0 0 2735
0 0 8397
1 25103 25103
1 13627 13627
0 0 5169
1 17045 17045
-1
-1
0 0 8151
-1
0 0 12903
0 0 10489
-1
1 2408 2408
1 28436 28436
0 0 7925
-1
-1
-1
-1
1 26407 26407
-1
-1
1 6466 6466
0 0 7519
-1
1 3830 3830
-1
-1
-1
-1
1 21083 21083
-1
1 31525 31525
0 0 15584
-1
1 9086 9086
0 0 3628
0 0 16037
-1
-1
-1
-1
-1
-1
0 0 1324
1 6182 6182
0 0 12926
0 0 15937
0 0 11128
0 0 11210
1 4278 4278
-1
1 18283 18283
0 0 15074
1 19253 19253
1 20866 20866
-1
0 0 12481
0 0 868
1 27801 27801
1 31993 31993
-1
1 18581 18581
0 0 2561
-1
-1
1 8469 8469
-1
1 7594 7594
0 0 16292
1 29845 29845
-1
0 0 8830
1 247 247
1 5047 5047
1 27006 27006
1 30057 30057
-1
0 0 4599
1 30154 30154
0 0 382
-1
-1
0 0 12572
-1
0 0 9008
1 30875 30875
0 0 2217
-1
0 0 2720
1 15517 15517
0 0 13128
-1
1 4389 4389
0 0 14569
0 0 6512
0 0 14567
-1
0 0 15017
-1
1 18636 18636
0 0 5577
0 0 15878
1 21172 21172
0 0 11000
-1
1 11073 11073
1 7128 7128
-1
0 0 2795
-1
0 0 10279
0 0 15896
1 4749 4749
1 3266 3266
0 0 6117
-1
1 17253 17253
0 0 15322
1 625 625
1 22872 22872
0 0 9015
1 23917 23917
0 0 6830
-1
-1
0 0 14889
0 0 9102
-1
0 0 8942
-1
-1
-1
0 0 11057
0 0 7212
0 0 2504
1 25020 25020
0 0 15666
-1
-1
-1
-1
-1
0 0 552
1 31948 31948
0 0 7277
-1
0 0 9264
1 10319 10319
1 24852 24852
1 24257 24257
1 27932 27932
0 0 10035
-1
1 10104 10104
0 0 1183
-1
1 17521 17521
0 0 6954
1 26868 26868
0 0 6346
-1
-1
-1
0 0 12990
0 0 2559
1 24502 24502
1 27162 27162
1 4767 4767
0 0 3163
1 24296 24296
0 0 12245
1 10709 10709
1 10732 10732
0 0 14158
0 0 9479
0 0 16263
1 24586 24586
0 0 7101
-1
0 0 5351
-1
0 0 512
1 22932 22932
0 0 6870
0 0 10512
-1
0 0 10554
0 0 4458
-1
0 0 12046
-1
0 0 6977
-1
1 22096 22096
0 0 507
-1
-1
-1
1 32401 32401
1 21209 21209
-1
1 30597 30597
0 0 10450
0 0 14833
-1
-1
0 0 3302
-1
1 5211 5211
0 0 9468
-1
1 29950 29950
-1
1 32179 32179
0 0 2061
0 0 3253
1 9507 9507
1 28737 28737
0 0 8352
0 0 12452
1 18339 18339
1 20966 20966
1 30333 30333
1 3192 3192
1 23235 23235
1 29242 29242
0 0 6297
0 0 565
0 0 11336
-1
-1
0 0 9813
1 17867 17867
0 0 9854
0 0 15529
-1
1 30311 30311
1 24512 24512
0 0 5602
0 0 6340
1 8716 8716
-1
0 0 11105
-1
0 0 9291
-1
-1
-1
1 26263 26263
0 0 5567
1 17889 17889
1 1596 1596
1 31185 31185
-1
1 21165 21165
0 0 9946
1 21949 21949
1 944 944
0 0 2345
-1
-1
1 14020 14020
1 16967 16967
-1
-1
-1
0 0 13179
0 0 5421
1 5226 5226
0 0 14499
1 30780 30780
1 5697 5697
-1
-1
1 24045 24045
1 12650 12650
0 0 14773
-1
-1
0 0 8101
-1
1 2295 2295
-1
1 17392 17392
1 15545 15545
-1
1 7547 7547
-1
0 0 6716
0 0 3193
-1
1 14230 14230
1 6984 6984
0 0 5239
1 518 518
1 22033 22033
1 1317 1317
-1
1 27343 27343
0 0 15778
0 0 3747
0 0 824
-1
0 0 13008
0 0 7497
0 0 12409
1 20829 20829
-1
0 0 8723
0 0 512
0 0 317
1 21998 21998
0 0 13033
0 0 885
-1
1 3234 3234
1 5274 5274
-1
1 12069 12069
0 0 7553
0 0 12699
1 62 62
1 12611 12611
-1
1 9873 9873
-1
0 0 4185
0 0 15636
1 27213 27213
1 10503 10503
0 0 2702
-1
0 0 6814
1 25982 25982
1 24994 24994
0 0 11507
0 0 3828
0 0 4430
0 0 2217
1 28562 28562
1 12045 12045
0 0 5888
-1
-1
0 0 3597
1 25498 25498
-1
-1
0 0 8922
0 0 11031
1 8173 8173
1 23445 23445
1 3636 3636
-1
-1
-1
0 0 16146
-1
1 1676 1676
1 214 214
0 0 7266
0 0 4149
-1
1 25529 25529
0 0 8261
1 5294 5294
0 0 6024
1 27989 27989
1 2975 2975
0 0 8665
0 0 7942
-1
1 26716 26716
-1
1 22589 22589
1 15834 15834
1 12755 12755
-1
0 0 7133
0 0 9218
1 21576 21576
1 968 968
0 0 9225
0 0 10295
1 8627 8627
-1
0 0 12644
-1
1 30272 30272
0 0 15154
1 23506 23506
1 21596 21596
-1
0 0 13813
1 24089 24089
1 24513 24513
-1
-1
1 6140 6140
0 0 11541
-1
1 12915 12915
1 14285 14285
-1
0 0 12842
1 9050 9050
-1
0 0 12753
1 830 830
0 0 14612
-1
1 24374 24374
0 0 586
-1
-1
1 29647 29647
1 18931 18931
0 0 14451
0 0 9617
1 8867 8867
0 0 4498
1 5981 5981
-1
-1
0 0 8532
-1
-1
1 3753 3753
0 0 282
0 0 7740
1 21670 21670
-1
0 0 15256
1 7455 7455
0 0 3945
1 20338 20338
-1
-1
-1
1 19875 19875
-1
1 24714 24714
-1
-1
0 0 11629
-1
0 0 12218
0 0 12283
-1
0 0 6000
1 10467 10467
1 11820 11820
-1
1 19368 19368
0 0 6867
-1
-1
-1
1 17387 17387
-1
0 0 8328
-1
-1
1 26890 26890
1 19850 19850
0 0 14587
0 0 10670
1 14619 14619
-1
1 6529 6529
1 3109 3109
0 0 781
1 2598 2598
1 9894 9894
-1
-1
1 7002 7002
1 3754 3754
-1
1 28454 28454
0 0 9436
0 0 787
0 0 15908
-1
1 11339 11339
1 18823 18823
0 0 9562
0 0 315
1 1234 1234
-1
0 0 12577
-1
0 0 546
0 0 6120
0 0 13592
-1
0 0 12195
1 24376 24376
0 0 15062
-1
-1
-1
-1
1 22345 22345
-1
0 0 8542
1 6887 6887
1 9666 9666
-1
0 0 13288
-1
0 0 7630
0 0 7390
0 0 8827
1 1427 1427
0 0 10998
1 28940 28940
0 0 924
1 28721 28721
0 0 6124
-1
0 0 16381
0 0 9288
0 0 8590
0 0 14344
1 3442 3442
-1
-1
-1
0 0 10643
1 26114 26114
1 26747 26747
0 0 8681
-1
-1
1 19311 19311
-1
0 0 14728
-1
-1
0 0 5634
0 0 9661
1 24580 24580
1 8091 8091
1 28546 28546
0 0 15560
1 17667 17667
0 0 6994
1 15254 15254
0 0 7551
-1
0 0 16041
0 0 12448
-1
-1
-1
0 0 13403
0 0 4187
-1
-1
-1
1 31743 31743
-1
-1
0 0 3693
-1
1 30403 30403
0 0 5734
0 0 6969
1 13789 13789
1 23549 23549
-1
-1
-1
0 0 2252
0 0 6832
0 0 11172
-1
1 31447 31447
-1
1 24617 24617
0 0 11659
1 19824 19824
0 0 10897
-1
0 0 6803
0 0 14086
-1
-1
-1
-1
-1
0 0 6560
1 18435 18435
1 29116 29116
-1
-1
1 20534 20534
0 0 5300
-1
-1
-1
0 0 8356
1 27912 27912
0 0 11338
0 0 1453
0 0 12837
-1
0 0 3752
-1
1 10066 10066
-1
-1
0 0 3809
1 5555 5555
1 24971 24971
0 0 7418
-1
1 3514 3514
1 21097 21097
0 0 10440
0 0 8340
1 27939 27939
1 14409 14409
-1
1 25971 25971
-1
-1
-1
1 15491 15491
-1
-1
-1
1 11243 11243
1 32616 32616
-1
0 0 13817
-1
0 0 6189
-1
0 0 5869
0 0 5203
0 0 1368
0 0 13202
1 18540 18540
1 31041 31041
1 3940 3940
-1
1 21384 21384
-1
0 0 6958
0 0 12854
-1
0 0 3434
0 0 3452
-1
1 8035 8035
1 17037 17037
0 0 15429
1 13937 13937
1 8678 8678
1 29892 29892
-1
0 0 855
1 12668 12668
0 0 3541
0 0 9039
-1
1 17161 17161
1 69 69
-1
1 26586 26586
1 13604 13604
-1
-1
-1
1 29851 29851
1 9171 9171
-1
0 0 144
-1
1 7028 7028
-1
-1
0 0 12390
1 17190 17190
1 24204 24204
1 12302 12302
0 0 11091
-1
0 0 10589
1 24805 24805
0 0 4745
1 20280 20280
-1
1 873 873
0 0 2480
1 5861 5861
0 0 916
1 455 455
-1
1 22080 22080
-1
-1
1 8048 8048
1 23106 23106
1 14112 14112
1 29852 29852
0 0 9705
1 5049 5049
-1
1 10447 10447
-1
0 0 6114
0 0 4545
-1
0 0 7353
1 91 91
-1
0 0 3926
-1
-1
0 0 15927
-1
-1
-1
-1
0 0 4173
0 0 1468
-1
0 0 14500
1 13871 13871
1 3426 3426
1 23614 23614
0 0 3995
1 9125 9125
1 6397 6397
0 0 15984
1 16559 16559
1 15471 15471
-1
-1
-1
-1
-1
0 0 12920
-1
1 16560 16560
0 0 7224
0 0 11353
-1
1 26481 26481
0 0 616
-1
0 0 2804
0 0 4237
1 1829 1829
1 953 953
0 0 5523
-1
0 0 6912
0 0 13414
-1
0 0 14988
0 0 9362
0 0 7231
-1
-1
1 3595 3595
-1
1 547 547
1 7505 7505
0 0 1584
0 0 11838
-1
0 0 15768
0 0 15681
0 0 11419
0 0 7102
0 0 10711
1 519 519
-1
-1
0 0 8782
-1
-1
1 32616 32616
-1
-1
1 19015 19015
-1
0 0 4785
1 28473 28473
0 0 15868
1 17224 17224
1 28863 28863
1 22944 22944
-1
0 0 11502
1 23693 23693
1 10971 10971
0 0 11904
0 0 15838
-1
1 24116 24116
-1
0 0 11007
1 14948 14948
1 428 428
-1
-1
1 29838 29838
1 31352 31352
-1
0 0 13726
0 0 6200
1 6527 6527
-1
0 0 11414
0 0 13574
1 32733 32733
0 0 1539
1 11868 11868
-1
1 21348 21348
0 0 2512
0 0 9683
1 7013 7013
-1
1 19659 19659
0 0 7598
1 12684 12684
1 23467 23467
1 30465 30465
1 28092 28092
0 0 14753
-1
0 0 711
0 0 8895
-1
1 14823 14823
0 0 7179
-1
0 0 6854
0 0 8960
0 0 390
0 0 5025
-1
-1
0 0 9245
1 885 885
-1
-1
1 24380 24380
0 0 14645
1 26377 26377
-1
1 28163 28163
0 0 8014
0 0 5029
0 0 9442
0 0 2219
1 32760 32760
0 0 12873
0 0 9822
1 21837 21837
0 0 11312
-1
-1
-1
-1
-1
0 0 4025
1 7983 7983
-1
1 26858 26858
-1
1 1649 1649
1 2693 2693
0 0 11910
1 30387 30387
0 0 14593
-1
0 0 9950
1 12603 12603
0 0 3345
1 11719 11719
1 78 78
1 19852 19852
1 2402 2402
-1
1 1712 1712
-1
-1
-1
0 0 2032
0 0 13608
0 0 8978
-1
-1
1 19688 19688
1 16622 16622
0 0 5923
0 0 1413
-1
1 15971 15971
0 0 11767
1 8423 8423
0 0 5040
0 0 540
1 3397 3397
-1
0 0 13199
0 0 9916
1 2712 2712
0 0 925
-1
0 0 10622
0 0 5208
-1
0 0 11781
1 9211 9211
0 0 12963
-1
0 0 16358
1 20086 20086
0 0 10692
1 3509 3509
0 0 12370
1 22470 22470
-1
0 0 1071
-1
1 1306 1306
0 0 7174
-1
0 0 4544
-1
-1
-1
1 17846 17846
1 675 675
-1
0 0 8099
1 32364 32364
1 2264 2264
-1
-1
-1
1 24587 24587
1 27494 27494
-1
-1
0 0 7688
1 14714 14714
0 0 9340
0 0 15315
-1
1 21243 21243
1 30801 30801
1 7163 7163
-1
0 0 5974
1 28380 28380
1 4323 4323
-1
-1
-1
1 31360 31360
0 0 12046
0 0 14388
0 0 5087
0 0 9234
1 18418 18418
0 0 2334
-1
-1
-1
1 5840 5840
0 0 6754
-1
-1
0 0 7957
-1
0 0 5261
-1
-1
0 0 10285
0 0 3805
1 15010 15010
0 0 2886
0 0 5370
1 18578 18578
0 0 11062
-1
0 0 7956
0 0 15703
1 10668 10668
0 0 8146
0 0 10176
-1
1 23330 23330
1 11285 11285
1 23320 23320
1 4845 4845
-1
-1
0 0 5262
0 0 2389
0 0 3116
1 14196 14196
1 11601 11601
-1
1 4033 4033
0 0 5277
-1
1 24620 24620
-1
0 0 10865
-1
0 0 15139
-1
1 30331 30331
1 15582 15582
-1
1 8177 8177
1 2052 2052
0 0 7234
0 0 3330
1 13970 13970
0 0 9978
-1
1 16308 16308
-1
0 0 6619
1 23570 23570
1 19022 19022
1 56 56
0 0 15380
-1
-1
-1
1 10781 10781
0 0 5382
1 21398 21398
0 0 3956
-1
0 0 9876
-1
0 0 4568
-1
0 0 13167
-1
-1
1 2822 2822
-1
-1
-1
1 19399 19399
1 24624 24624
-1
1 7563 7563
-1
0 0 1698
0 0 13107
0 0 9055
-1
0 0 15989
-1
1 16304 16304
1 25627 25627
1 27792 27792
1 5485 5485
0 0 2372
1 3851 3851
0 0 9883
-1
0 0 11681
1 10565 10565
1 29689 29689
1 15524 15524
0 0 4121
0 0 12368
-1
-1
1 31357 31357
1 11375 11375
0 0 6084
1 28766 28766
1 3738 3738
-1
-1
-1
1 21720 21720
-1
-1
-1
-1
-1
-1
0 0 10222
1 24331 24331
-1
-1
0 0 4976
0 0 4512
-1
-1
1 1780 1780
0 0 11656
1 3773 3773
-1
-1
0 0 10424
-1
-1
0 0 3233
-1
-1
1 969 969
0 0 3645
1 4160 4160
0 0 8543
0 0 58
1 17338 17338
1 4791 4791
0 0 8953
1 17510 17510
1 26947 26947
1 10441 10441
1 29915 29915
1 10042 10042
0 0 4932
-1
1 1847 1847
1 23456 23456
-1
0 0 13489
0 0 14428
-1
-1
0 0 14921
0 0 5825
-1
-1
-1
1 24244 24244
1 19902 19902
1 26165 26165
1 30474 30474
-1
0 0 4392
1 22295 22295
0 0 2872
-1
-1
-1
-1
0 0 7227
1 20249 20249
1 32234 32234
1 18903 18903
1 20178 20178
1 5425 5425
-1
0 0 2870
0 0 14192
1 27939 27939
-1
0 0 10649
-1
0 0 6633
-1
0 0 7939
1 19926 19926
-1
0 0 372
1 2844 2844
1 22846 22846
0 0 14574
0 0 7536
-1
0 0 2092
0 0 12976
-1
-1
1 25931 25931
0 0 6266
1 24183 24183
1 15153 15153
0 0 9300
-1
0 0 11569
-1
1 1534 1534
1 27655 27655
1 12527 12527
0 0 15736
-1
1 18510 18510
1 28290 28290
1 3820 3820
-1
-1
1 8120 8120
-1
1 30711 30711
0 0 9267
1 1506 1506
1 20491 20491
0 0 10382
0 0 4093
1 7044 7044
-1
0 0 11227
1 26421 26421
0 0 13419
0 0 5306
-1
1 7404 7404
0 0 5153
1 21066 21066
0 0 3940
-1
-1
1 17220 17220
1 10911 10911
-1
-1
1 22617 22617
1 940 940
-1
0 0 1405
1 2769 2769
1 8834 8834
-1
0 0 8784
-1
1 29733 29733
-1
0 0 12678
0 0 8538
-1
1 2646 2646
1 19553 19553
-1
1 9522 9522
1 531 531
1 22647 22647
0 0 2404
0 0 6838
1 947 947
1 30041 30041
-1
-1
1 26303 26303
1 7112 7112
0 0 3090
1 3318 3318
1 23889 23889
-1
-1
1 24910 24910
0 0 588
-1
1 29985 29985
-1
1 17752 17752
0 0 14201
0 0 11340
0 0 9552
0 0 564
0 0 6996
0 0 12461
1 14809 14809
0 0 4505
-1
1 15435 15435
0 0 10373
-1
1 1945 1945
-1
0 0 2970
-1
0 0 3324
1 5495 5495
1 32206 32206
0 0 4519
1 14645 14645
-1
0 0 7841
1 23620 23620
0 0 9330
0 0 11113
-1
0 0 3356
1 29774 29774
-1
-1
1 13454 13454
-1
1 16474 16474
0 0 8660
1 17084 17084
0 0 11899
1 27194 27194
0 0 9627
-1
1 28616 28616
1 28484 28484
1 29567 29567
0 0 5617
-1
-1
-1
0 0 1367
1 10848 10848
1 28170 28170
0 0 2970
-1
-1
0 0 1210
-1
-1
-1
1 17509 17509
1 7241 7241
-1
1 6570 6570
-1
0 0 13085
1 23602 23602
0 0 12905
-1
0 0 13246
-1
1 29236 29236
-1
-1
-1
1 10961 10961
1 26879 26879
-1
0 0 6059
1 5473 5473
0 0 7298
1 20341 20341
1 28514 28514
1 31441 31441
1 18672 18672
0 0 3012
-1
-1
1 8806 8806
1 2233 2233
0 0 260
-1
1 17370 17370
1 10787 10787
0 0 3031
0 0 660
0 0 11403
0 0 7532
1 7814 7814
0 0 11376
-1
1 32352 32352
0 0 14756
0 0 10578
-1
-1
1 15170 15170
-1
1 4030 4030
0 0 7841
1 13520 13520
-1
1 28164 28164
-1
-1
1 8076 8076
1 23658 23658
1 26378 26378
0 0 9029
0 0 2993
0 0 7321
0 0 562
1 3419 3419
0 0 13631
-1
0 0 12700
-1
-1
-1
1 1083 1083
1 7626 7626
1 9049 9049
1 19410 19410
1 4240 4240
1 14851 14851
1 6789 6789
0 0 6239
0 0 15145
1 1179 1179
0 0 9319
0 0 1248
1 21776 21776
0 0 11081
1 29742 29742
1 6543 6543
1 14922 14922
1 1657 1657
-1
0 0 3931
-1
-1
1 404 404
0 0 13837
-1
1 16716 16716
0 0 8775
1 20847 20847
1 16333 16333
1 29121 29121
1 8070 8070
-1
1 8867 8867
-1
-1
1 13793 13793
0 0 13094
-1
1 9751 9751
0 0 10374
1 8837 8837
1 30644 30644
1 29763 29763
-1
-1
-1
0 0 15435
1 18917 18917
1 19277 19277
1 32091 32091
0 0 15214
1 17943 17943
-1
-1
1 5526 5526
0 0 3247
0 0 15469
1 28699 28699
-1
0 0 5639
-1
1 19237 19237
-1
-1
0 0 6952
0 0 3599
1 19587 19587
-1
-1
1 22428 22428
-1
0 0 10603
-1
-1
0 0 9944
-1
1 25538 25538
-1
0 0 768
1 19782 19782
-1
0 0 16230
1 4595 4595
0 0 9317
1 798 798
1 9561 9561
1 4010 4010
-1
1 21030 21030
1 11275 11275
0 0 5181
1 12688 12688
0 0 566
0 0 15672
0 0 4789
-1
0 0 4033
1 8111 8111
1 21430 21430
0 0 9324
-1
0 0 381
-1
-1
-1
-1
1 6489 6489
-1
1 19239 19239
0 0 5632
0 0 9301
0 0 6393
0 0 13025
-1
1 21075 21075
0 0 11912
0 0 4330
-1
1 27664 27664
-1
0 0 13715
1 18265 18265
-1
-1
0 0 3708
1 31204 31204
1 26445 26445
-1
-1
-1
1 594 594
0 0 12064
-1
0 0 1929
1 14709 14709
-1
-1
-1
0 0 11708
-1
-1
0 0 8880
1 11480 11480
-1
0 0 6106
0 0 13614
1 3132 3132
0 0 15509
-1
1 22 22
-1
-1
0 0 10766
-1
0 0 16101
1 5694 5694
-1
-1
-1
-1
1 13176 13176
0 0 11631
-1
1 11931 11931
-1
-1
0 0 14118
-1
0 0 14227
0 0 2374
0 0 11305
-1
1 4937 4937
0 0 7971
0 0 12130
0 0 3095
-1
-1
1 21486 21486
-1
-1
0 0 14908
0 0 15975
-1
1 23880 23880
1 9492 9492
0 0 10956
-1
-1
1 4671 4671
0 0 4892
-1
-1
1 5885 5885
0 0 13155
0 0 2069
1 26886 26886
0 0 6450
1 29716 29716
0 0 8932
-1
-1
1 5158 5158
-1
-1
1 12531 12531
1 19124 19124
-1
-1
0 0 11669
-1
0 0 12524
1 29063 29063
0 0 7576
-1
1 2502 2502
1 5864 5864
-1
-1
0 0 6333
-1
-1
1 31680 31680
1 27069 27069
1 24706 24706
0 0 16357
-1
1 6444 6444
1 16723 16723
1 7714 7714
0 0 4999
0 0 10845
-1
-1
0 0 10649
1 2090 2090
-1
0 0 15315
0 0 3698
0 0 14155
-1
-1
0 0 3799
1 23277 23277
-1
-1
-1
-1
1 20797 20797
1 6987 6987
1 5314 5314
0 0 13718
0 0 3909
-1
1 17832 17832
1 6292 6292
-1
1 14217 14217
0 0 3568
1 8162 8162
0 0 11126
0 0 2506
1 9081 9081
-1
-1
0 0 5540
0 0 3292
0 0 16035
1 23191 23191
1 11426 11426
1 16789 16789
0 0 10174
1 1907 1907
-1
1 2108 2108
0 0 6762
-1
0 0 5204
0 0 15558
0 0 4759
0 0 3652
1 9526 9526
1 1180 1180
0 0 6817
0 0 4
-1
0 0 2073
1 20247 20247
0 0 5200
0 0 4154
1 24394 24394
1 14986 14986
1 29204 29204
1 7424 7424
0 0 8906
-1
-1
1 32091 32091
1 11255 11255
0 0 12019
1 28651 28651
1 10789 10789
1 25863 25863
-1
1 2720 2720
1 28049 28049
0 0 10441
1 9678 9678
1 23504 23504
-1
0 0 10893
0 0 13094
1 18696 18696
1 15360 15360
0 0 3368
0 0 2813
0 0 16290
0 0 9190
0 0 5070
-1
-1
0 0 11880
1 17310 17310
1 16230 16230
1 6920 6920
-1
1 10659 10659
-1
0 0 6184
1 32109 32109
1 3631 3631
0 0 10276
0 0 15246
1 2671 2671
1 29563 29563
1 17384 17384
1 3378 3378
1 5244 5244
0 0 9977
-1
0 0 14690
1 6780 6780
-1
1 12804 12804
1 26365 26365
0 0 14580
0 0 15630
1 21399 21399
0 0 2622
0 0 11177
0 0 3093
-1
-1
-1
1 15643 15643
0 0 8794
0 0 3333
0 0 10846
0 0 5616
1 9422 9422
-1
1 23997 23997
1 1184 1184
-1
1 2156 2156
0 0 5088
0 0 3224
-1
0 0 1972
1 23095 23095
-1
1 26108 26108
-1
0 0 15188
1 24743 24743
1 26264 26264
1 18088 18088
1 6450 6450
-1
-1
1 30707 30707
1 2304 2304
1 11799 11799
0 0 6033
-1
-1
1 1 1
0 0 4188
-1
0 0 11206
0 0 13384
-1
1 5045 5045
1 4238 4238
-1
-1
1 31768 31768
1 7257 7257
1 16998 16998
1 17793 17793
-1
0 0 128
0 0 14440
-1
1 24433 24433
0 0 12630
-1
0 0 4387
-1
1 17433 17433
1 26882 26882
1 15993 15993
0 0 4338
-1
0 0 15059
-1
1 4637 4637
-1
-1
0 0 13526
0 0 15770
-1
-1
1 21436 21436
-1
0 0 9230
1 32559 32559
1 20612 20612
1 27234 27234
0 0 8508
1 7006 7006
0 0 879
1 21447 21447
1 2842 2842
-1
0 0 9915
-1
1 2249 2249
1 11897 11897
-1
-1
0 0 8816
1 154 154
1 14399 14399
-1
1 31695 31695
1 15126 15126
0 0 12982
1 30858 30858
1 32152 32152
1 29450 29450
1 30166 30166
-1
1 24147 24147
0 0 8482
-1
0 0 16311
0 0 15189
-1
-1
0 0 5572
0 0 6703
-1
1 17991 17991
1 22126 22126
0 0 7521
-1
0 0 4041
0 0 2922
-1
-1
1 26614 26614
0 0 10547
1 11718 11718
1 29516 29516
0 0 5108
1 27203 27203
-1
0 0 1363
-1
0 0 7101
-1
0 0 9686
1 23410 23410
-1
-1
1 22472 22472
0 0 14923
1 18700 18700
-1
0 0 7889
1 20839 20839
-1
0 0 9767
1 19857 19857
0 0 2301
1 22970 22970
-1
1 15904 15904
1 3647 3647
1 15146 15146
0 0 13859
0 0 4168
0 0 14139
1 23398 23398
1 20748 20748
1 9559 9559
1 5045 5045
0 0 7319
1 29243 29243
1 12442 12442
0 0 10290
1 28466 28466
1 7448 7448
0 0 8027
-1
0 0 76
1 27384 27384
1 6333 6333
1 4957 4957
-1
1 16838 16838
1 22770 22770
1 20893 20893
-1
1 9347 9347
0 0 8102
1 14393 14393
0 0 3829
-1
0 0 11004
-1
0 0 11638
-1
1 26070 26070
0 0 14985
1 30555 30555
1 16625 16625
-1
-1
1 12182 12182
1 14445 14445
-1
-1
1 32750 32750
-1
0 0 8245
1 19460 19460
0 0 14485
0 0 654
-1
-1
-1
-1
1 25082 25082
-1
0 0 2390
0 0 2976
1 4552 4552
0 0 9122
-1
-1
1 28313 28313
1 23124 23124
0 0 12078
0 0 14736
0 0 3190
1 23050 23050
1 30341 30341
-1
0 0 3132
0 0 7260
0 0 733
-1
0 0 14417
1 25097 25097
0 0 1271
0 0 1194
0 0 644
1 17274 17274
0 0 6340
1 20345 20345
-1
0 0 4717
-1
1 990 990
-1
0 0 10345
1 4552 4552
-1
-1
1 3417 3417
-1
0 0 12030
0 0 11809
1 25660 25660
0 0 14044
1 30063 30063
-1
0 0 7630
1 26916 26916
-1
1 25103 25103
0 0 7991
-1
1 15876 15876
-1
-1
0 0 14011
0 0 15596
-1
1 28003 28003
0 0 1274
0 0 10790
1 15044 15044
-1
0 0 14122
1 30505 30505
0 0 1820
1 23635 23635
0 0 11904
0 0 15015
0 0 9474
-1
1 12895 12895
0 0 13720
-1
0 0 12763
0 0 14498
-1
0 0 15559
0 0 15364
0 0 4028
1 21210 21210
-1
1 22856 22856
-1
0 0 6389
1 23857 23857
-1
1 19138 19138
1 21581 21581
0 0 13312
-1
1 686 686
0 0 12011
-1
1 1351 1351
-1
0 0 10105
-1
-1
0 0 9804
1 21793 21793
0 0 9250
1 14246 14246
-1
0 0 13754
1 18356 18356
-1
0 0 2205
-1
1 24473 24473
-1
-1
-1
0 0 1348
0 0 10178
0 0 7309
1 21561 21561
0 0 13669
0 0 6962
-1
1 31473 31473
0 0 5997
1 29071 29071
0 0 12794
0 0 15148
0 0 8948
-1
1 30455 30455
0 0 7870
-1
0 0 9518
1 30923 30923
0 0 7229
0 0 11299
0 0 15406
1 2321 2321
0 0 12420
0 0 5885
0 0 11827
1 13792 13792
-1
0 0 4666
0 0 7483
-1
1 27773 27773
-1
1 10085 10085
1 16564 16564
1 7983 7983
0 0 11298
0 0 8364
-1
1 4099 4099
0 0 1230
1 14418 14418
-1
1 26642 26642
1 23749 23749
-1
1 10665 10665
1 13573 13573
0 0 10464
0 0 7347
-1
1 14748 14748
1 26185 26185
-1
0 0 3057
0 0 1813
-1
0 0 269
1 1906 1906
0 0 2187
1 1122 1122
1 15606 15606
-1
-1
-1
-1
1 331 331
1 19723 19723
1 12767 12767
0 0 3516
1 16325 16325
1 30149 30149
1 27785 27785
0 0 1348
0 0 8340
-1
0 0 12905
1 21316 21316
1 20720 20720
-1
-1
0 0 13753
1 10250 10250
-1
1 7821 7821
0 0 11287
0 0 5292
1 29980 29980
0 0 113
0 0 15153
0 0 14104
-1
0 0 15824
-1
-1
0 0 5966
0 0 3613
-1
1 13088 13088
0 0 11271
0 0 8686
1 29445 29445
-1
0 0 10043
-1
0 0 7992
-1
-1
1 31314 31314
0 0 15730
0 0 11910
-1
1 1659 1659
-1
-1
1 15924 15924
0 0 13993
-1
1 32180 32180
0 0 11278
0 0 11010
1 12157 12157
-1
-1
1 18032 18032
1 23494 23494
1 8062 8062
0 0 2621
1 26537 26537
1 30552 30552
0 0 10041
-1
0 0 3389
-1
0 0 5189
1 31831 31831
-1
0 0 13607
0 0 12744
1 31497 31497
0 0 15553
-1
-1
-1
1 5710 5710
1 29078 29078
0 0 5727
1 13867 13867
0 0 16236
1 10795 10795
-1
1 14701 14701
-1
0 0 12757
0 0 11804
0 0 11284
1 24848 24848
1 29847 29847
0 0 169
1 11065 11065
1 7409 7409
0 0 2594
-1
-1
0 0 252
-1
1 1463 1463
0 0 4307
-1
0 0 12846
-1
0 0 7183
0 0 16209
0 0 14859
-1
1 6688 6688
-1
0 0 10518
0 0 6625
0 0 6772
-1
1 10651 10651
1 12314 12314
0 0 11686
0 0 7794
1 2349 2349
0 0 14847
0 0 6937
-1
0 0 15874
1 22683 22683
-1
1 24658 24658
-1
0 0 12614
1 11910 11910
0 0 844
-1
-1
1 8358 8358
0 0 3946
1 17120 17120
0 0 1687
-1
-1
0 0 276
-1
-1
0 0 6927
0 0 1891
1 18662 18662
1 5294 5294
1 23338 23338
1 24661 24661
1 20134 20134
1 16379 16379
0 0 7056
-1
-1
0 0 12010
1 14022 14022
0 0 10277
1 30106 30106
0 0 14889
0 0 2822
1 5897 5897
0 0 1515
-1
0 0 14925
-1
0 0 14702
1 7060 7060
1 14927 14927
0 0 11787
1 12626 12626
0 0 4344
0 0 9693
0 0 538
0 0 360
1 15657 15657
-1
1 19876 19876
1 17511 17511
-1
-1
-1
0 0 6283
-1
1 4328 4328
1 16681 16681
1 28245 28245
0 0 7334
-1
1 4014 4014
-1
0 0 1431
0 0 12591
-1
1 32670 32670
-1
-1
-1
-1
-1
0 0 11193
1 17984 17984
0 0 1
0 0 4502
-1
1 14462 14462
1 23255 23255
1 29356 29356
1 2006 2006
-1
0 0 8002
-1
-1
-1
-1
1 6854 6854
0 0 12092
0 0 18
-1
-1
1 24256 24256
1 6252 6252
1 438 438
1 7145 7145
-1
0 0 1965
1 30242 30242
-1
0 0 16097
0 0 13323
0 0 2060
-1
0 0 5440
-1
1 384 384
1 20384 20384
0 0 8650
0 0 3745
-1
0 0 8599
-1
-1
1 3967 3967
-1
0 0 9798
-1
-1
1 21858 21858
-1
-1
1 17248 17248
-1
0 0 2075
-1
0 0 10410
0 0 7265
1 4049 4049
1 12087 12087
-1
1 29301 29301
0 0 14515
1 15504 15504
1 31070 31070
1 2682 2682
1 10166 10166
0 0 4918
1 32267 32267
0 0 6341
0 0 10006
-1
1 3620 3620
0 0 12408
-1
0 0 11047
0 0 10187
1 11019 11019
-1
-1
0 0 6435
0 0 11751
1 26100 26100
0 0 2474
-1
0 0 13472
-1
0 0 8061
-1
0 0 6654
0 0 15544
0 0 6043
-1
1 6067 6067
-1
1 117 117
0 0 12212
-1
0 0 426
-1
1 32227 32227
0 0 2454
0 0 9243
1 12603 12603
0 0 1269
-1
1 8789 8789
-1
0 0 11142
-1
0 0 9684
0 0 4370
1 9932 9932
1 28745 28745
-1
0 0 2565
-1
-1
-1
-1
-1
-1
0 0 1364
0 0 10957
1 23710 23710
-1
0 0 6667
0 0 4355
1 8825 8825
-1
-1
0 0 2739
0 0 9380
-1
0 0 1784
0 0 3704
1 7365 7365
-1
-1
1 25766 25766
-1
1 1765 1765
0 0 5661
0 0 10225
-1
0 0 2697
1 28565 28565
0 0 8425
0 0 10930
0 0 2433
1 11652 11652
-1
-1
0 0 10054
-1
0 0 5201
0 0 2123
0 0 3154
-1
1 20354 20354
0 0 12647
1 9674 9674
0 0 13159
0 0 4360
1 26746 26746
0 0 8010
-1
1 12833 12833
0 0 7035
0 0 8216
-1
0 0 10795
0 0 11911
-1
1 7628 7628
-1
1 8071 8071
0 0 1590
0 0 14314
-1
-1
-1
-1
-1
0 0 6833
-1
0 0 14962
-1
1 8333 8333
-1
1 585 585
-1
-1
0 0 8609
1 5930 5930
1 17710 17710
0 0 4573
-1
-1
0 0 6022
0 0 1118
1 2416 2416
1 31831 31831
-1
-1
1 1500 1500
1 19615 19615
0 0 1376
-1
1 22677 22677
0 0 3757
0 0 7886
-1
1 16929 16929
0 0 3110
1 28509 28509
0 0 9349
1 32155 32155
0 0 11060
1 11674 11674
0 0 8800
0 0 10393
-1
0 0 9117
-1
0 0 14165
1 30447 30447
0 0 10879
0 0 419
0 0 4589
1 32710 32710
0 0 2298
-1
0 0 11671
1 20896 20896
1 1026 1026
0 0 12739
1 27683 27683
0 0 4729
-1
-1
-1
1 19564 19564
1 14366 14366
0 0 15199
-1
1 10604 10604
0 0 9293
-1
1 25201 25201
-1
-1
0 0 15033
0 0 9722
1 15873 15873
1 11769 11769
1 5614 5614
1 2627 2627
1 31324 31324
0 0 13281
1 20321 20321
1 7633 7633
1 3781 3781
0 0 3211
1 21511 21511
1 26539 26539
0 0 13520
-1
0 0 7622
1 31217 31217
-1
-1
-1
0 0 7210
0 0 2211
0 0 7257
0 0 9243
1 18589 18589
-1
1 23858 23858
-1
1 21286 21286
1 10108 10108
1 28703 28703
1 27360 27360
1 4958 4958
-1
0 0 11473
0 0 1772
-1
1 21939 21939
1 21433 21433
0 0 2084
1 5374 5374
-1
1 17076 17076
-1
-1
1 18588 18588
0 0 11997
-1
-1
1 17183 17183
0 0 5025
-1
0 0 2101
0 0 8213
-1
1 19101 19101
-1
1 28764 28764
1 19302 19302
1 5316 5316
0 0 12541
-1
-1
1 7500 7500
1 25007 25007
-1
-1
0 0 12835
-1
1 32051 32051
0 0 6033
-1
1 5027 5027
0 0 2539
0 0 9862
1 168 168
-1
0 0 6504
-1
1 20084 20084
1 13602 13602
1 8567 8567
1 19716 19716
0 0 14914
-1
0 0 13995
-1
1 26161 26161
1 30838 30838
1 24239 24239
-1
0 0 13536
0 0 12438
0 0 7802
-1
-1
0 0 6291
0 0 12711
1 30902 30902
-1
0 0 2642
-1
1 20544 20544
0 0 10431
1 25598 25598
0 0 309
-1
1 31768 31768
0 0 4623
0 0 5695
0 0 2495
0 0 15594
-1
-1
1 9042 9042
0 0 3226
0 0 3618
0 0 13958
-1
0 0 8600
-1
-1
0 0 14031
-1
0 0 12672
-1
-1
1 23066 23066
-1
0 0 768
0 0 1104
1 28086 28086
1 18297 18297
0 0 8407
1 19793 19793
-1
1 4177 4177
0 0 3927
-1
0 0 2126
-1
0 0 15602
-1
-1
1 2416 2416
1 6635 6635
0 0 7221
-1
1 5257 5257
1 21387 21387
0 0 14948
-1
0 0 4565
0 0 16163
-1
1 11996 11996
-1
-1
-1
1 5373 5373
1 31884 31884
1 32148 32148
0 0 2875
-1
1 5565 5565
1 1834 1834
-1
-1
0 0 12653
1 1252 1252
0 0 12158
0 0 5948
1 30227 30227
0 0 4002
-1
-1
1 26274 26274
-1
-1
1 30787 30787
-1
-1
0 0 191
-1
1 26921 26921
0 0 13318
1 8516 8516
-1
0 0 15297
0 0 4067
0 0 6634
0 0 14063
1 11514 11514
1 22089 22089
0 0 2107
-1
1 25008 25008
-1
-1
1 19861 19861
0 0 13038
1 4427 4427
1 23234 23234
-1
-1
0 0 12399
0 0 4879
0 0 13136
-1
1 7779 7779
-1
0 0 14737
0 0 6783
0 0 13042
-1
0 0 6817
1 7230 7230
1 7716 7716
-1
0 0 3302
1 28340 28340
1 15637 15637
-1
-1
-1
-1
0 0 4722
1 18180 18180
0 0 9929
-1
1 2742 2742
0 0 15430
0 0 12746
-1
-1
1 1837 1837
-1
-1
1 23344 23344
0 0 5370
-1
0 0 15841
-1
0 0 6899
0 0 4312
1 31296 31296
0 0 6641
-1
0 0 5013
1 23757 23757
1 22614 22614
-1
1 12675 12675
1 13564 13564
-1
0 0 3403
0 0 837
-1
-1
1 14803 14803
1 15268 15268
1 6037 6037
0 0 11018
0 0 10504
-1
1 19884 19884
1 6272 6272
-1
0 0 3645
1 2493 2493
1 23749 23749
-1
1 17763 17763
0 0 2160
0 0 11998
-1
-1
1 18020 18020
-1
-1
1 13358 13358
1 8263 8263
-1
0 0 5704
-1
-1
0 0 9434
1 7918 7918
-1
0 0 12502
1 5630 5630
-1
1 20004 20004
1 2870 2870
0 0 5714
1 25185 25185
0 0 7190
0 0 15123
0 0 2939
0 0 1051
0 0 10104
0 0 7361
-1
0 0 2138
0 0 10777
0 0 9473
0 0 8518
-1
1 16194 16194
-1
0 0 842
-1
0 0 5828
1 9426 9426
-1
0 0 705
-1
0 0 715
-1
0 0 4386
0 0 3420
0 0 7347
0 0 1942
-1
-1
1 27904 27904
1 9385 9385
0 0 14560
-1
1 13778 13778
0 0 13333
1 10364 10364
0 0 14675
0 0 2880
1 7799 7799
-1
1 20745 20745
0 0 10674
0 0 15828
-1
1 13474 13474
1 5896 5896
0 0 13781
1 11049 11049
-1
0 0 13143
-1
-1
-1
-1
-1
1 23766 23766
0 0 4661
0 0 14272
0 0 11747
1 21728 21728
0 0 5306
-1
1 5216 5216
1 2156 2156
1 12961 12961
0 0 5239
0 0 1324
-1
0 0 15598
0 0 4732
1 27413 27413
1 1003 1003
0 0 11027
1 6471 6471
-1
0 0 10870
1 23569 23569
0 0 516
1 11155 11155
0 0 7753
1 20036 20036
-1
1 6338 6338
0 0 13283
0 0 12029
0 0 6602
-1
-1
0 0 7618
-1
0 0 13573
0 0 1314
0 0 15201
1 3088 3088
0 0 2309
0 0 14162
0 0 6102
1 11197 11197
1 15298 15298
0 0 11490
-1
-1
1 7479 7479
1 18129 18129
-1
0 0 9206
0 0 12768
0 0 374
-1
-1
-1
-1
-1
1 21338 21338
0 0 5776
-1
-1
0 0 10269
1 31693 31693
1 6323 6323
1 23108 23108
1 26586 26586
0 0 13341
1 16621 16621
0 0 14528
-1
0 0 14836
0 0 5718
-1
1 23164 23164
0 0 15699
-1
0 0 7650
-1
1 23323 23323
0 0 8906
0 0 4379
1 19345 19345
-1
0 0 7464
1 2588 2588
-1
0 0 10863
-1
1 23388 23388
1 13994 13994
1 1563 1563
-1
-1
0 0 12412
1 16875 16875
1 19070 19070
-1
0 0 332
1 17558 17558
-1
-1
-1
1 20537 20537
1 2752 2752
1 7341 7341
0 0 2230
0 0 675
-1
1 6903 6903
0 0 12763
1 2819 2819
0 0 3131
-1
1 20600 20600
1 2056 2056
-1
-1
0 0 2143
1 27329 27329
-1
0 0 13845
0 0 9254
1 497 497
1 26589 26589
0 0 9166
-1
1 25900 25900
1 5254 5254
-1
-1
-1
0 0 14727
1 14409 14409
0 0 6030
1 32062 32062
1 4384 4384
-1
0 0 13927
0 0 11505
-1
-1
0 0 12617
0 0 10647
-1
0 0 1330
-1
-1
-1
0 0 11698
1 6756 6756
0 0 6715
0 0 1217
-1
1 17534 17534
-1
0 0 14951
1 30822 30822
0 0 6113
0 0 5608
0 0 14213
0 0 13688
1 29305 29305
1 4302 4302
-1
1 2261 2261
1 12062 12062
0 0 2202
-1
-1
0 0 9329
0 0 7004
-1
0 0 2189
0 0 13332
-1
-1
0 0 339
1 20234 20234
-1
-1
-1
0 0 16105
0 0 13344
-1
0 0 6855
0 0 5057
-1
-1
0 0 11399
-1
1 7193 7193
-1
1 28366 28366
-1
0 0 3733
-1
-1
1 19209 19209
1 25184 25184
0 0 15333
-1
1 16870 16870
1 6666 6666
0 0 9176
1 19595 19595
1 30904 30904
-1
1 15433 15433
-1
1 24885 24885
-1
1 15060 15060
0 0 12533
0 0 1957
1 31837 31837
1 15113 15113
0 0 338
0 0 5835
0 0 6794
0 0 4553
0 0 15851
-1
1 31812 31812
0 0 15174
-1
0 0 8431
1 16563 16563
-1
1 12153 12153
1 30493 30493
-1
1 10387 10387
0 0 4257
1 13340 13340
0 0 8459
0 0 720
0 0 1437
0 0 11328
0 0 15841
0 0 10511
-1
0 0 4816
0 0 9869
-1
-1
1 25354 25354
-1
1 19312 19312
0 0 7208
-1
-1
1 9699 9699
1 13054 13054
1 30446 30446
-1
0 0 10756
-1
-1
-1
-1
1 2579 2579
0 0 13261
1 21840 21840
1 8873 8873
1 32531 32531
-1
-1
0 0 6194
-1
1 3009 3009
0 0 4541
0 0 15017
0 0 15243
0 0 1095
0 0 7950
-1
1 12205 12205
-1
0 0 12103
0 0 4258
1 16595 16595
0 0 10746
-1
1 17706 17706
1 4293 4293
1 14724 14724
-1
1 8963 8963
1 9425 9425
-1
0 0 8994
0 0 15376
0 0 237
-1
-1
0 0 5926
-1
1 13595 13595
-1
0 0 15390
1 7000 7000
0 0 11102
0 0 12635
-1
-1
0 0 6942
-1
1 23070 23070
-1
0 0 12595
0 0 11411
1 9415 9415
1 18030 18030
0 0 5727
0 0 12663
0 0 10451
1 26475 26475
-1
1 15002 15002
-1
0 0 6374
1 6768 6768
1 17615 17615
1 16885 16885
1 14611 14611
1 9936 9936
1 2060 2060
-1
-1
0 0 7730
-1
1 19820 19820
1 4422 4422
1 15792 15792
0 0 12250
-1
0 0 4046
-1
1 22208 22208
1 26028 26028
-1
1 30340 30340
-1
0 0 16155
0 0 6576
1 6552 6552
-1
-1
0 0 9368
-1
0 0 3177
0 0 6967
-1
-1
1 4996 4996
-1
-1
1 7689 7689
-1
1 23354 23354
0 0 166
1 11743 11743
-1
-1
1 21363 21363
-1
0 0 91
0 0 12493
0 0 8740
1 25309 25309
-1
-1
1 14659 14659
0 0 3828
0 0 6214
0 0 2793
-1
0 0 2913
0 0 15033
0 0 6558
-1
0 0 16047
0 0 790
0 0 5552
-1
0 0 12977
0 0 12370
1 8299 8299
1 11984 11984
1 10924 10924
0 0 5706
1 19717 19717
1 7290 7290
-1
0 0 2568
-1
-1
0 0 6210
1 27644 27644
1 11460 11460
-1
1 31311 31311
0 0 5704
1 24568 24568
1 26857 26857
0 0 5740
0 0 7406
0 0 2542
1 11337 11337
-1
0 0 15903
-1
-1
-1
-1
-1
0 0 15507
1 16685 16685
-1
1 13710 13710
0 0 14571
-1
1 6439 6439
-1
1 24734 24734
-1
-1
-1
-1
1 1252 1252
-1
0 0 16196
0 0 6364
1 3459 3459
0 0 11525
0 0 1946
-1
0 0 7112
-1
0 0 12361
0 0 9824
1 29453 29453
0 0 2610
-1
0 0 5085
0 0 9110
0 0 13223
-1
-1
0 0 13164
0 0 14227
-1
1 32074 32074
0 0 2710
1 29932 29932
1 20611 20611
-1
0 0 11515
-1
0 0 5693
1 6644 6644
1 1597 1597
1 31312 31312
-1
-1
0 0 1116
0 0 6343
1 19160 19160
0 0 15409
1 4690 4690
1 5877 5877
0 0 4635
0 0 16071
1 2732 2732
0 0 11794
0 0 14200
0 0 13886
1 21659 21659
0 0 5066
0 0 3346
1 27196 27196
1 25254 25254
-1
1 19684 19684
-1
1 7050 7050
0 0 11026
-1
0 0 9829
-1
1 23252 23252
-1
1 926 926
-1
0 0 5359
-1
-1
-1
1 16735 16735
1 4897 4897
1 7350 7350
0 0 10414
1 5951 5951
1 18184 18184
1 26869 26869
-1
0 0 6369
-1
1 22431 22431
1 28002 28002
1 4092 4092
0 0 5445
1 6242 6242
0 0 106
-1
-1
1 13954 13954
1 2129 2129
-1
-1
0 0 9386
0 0 7539
-1
-1
1 29895 29895
-1
-1
0 0 9988
0 0 7404
1 10277 10277
-1
0 0 5159
-1
0 0 9336
-1
0 0 14499
0 0 15513
-1
1 13178 13178
0 0 14318
0 0 15792
0 0 6881
-1
-1
1 30703 30703
0 0 9938
-1
1 14159 14159
0 0 13410
-1
1 16878 16878
-1
1 6102 6102
0 0 7524
0 0 10986
0 0 13826
-1
0 0 336
0 0 3203
-1
1 15344 15344
-1
-1
0 0 1360
1 27083 27083
1 3406 3406
1 2700 2700
0 0 1433
1 22663 22663
1 2673 2673
1 16269 16269
0 0 6017
0 0 5376
1 4604 4604
-1
-1
0 0 401
1 5462 5462
-1
-1
0 0 13883
-1
0 0 7296
0 0 16142
-1
-1
-1
1 29918 29918
-1
-1
1 25888 25888
1 19291 19291
-1
-1
1 4370 4370
0 0 15660
1 22284 22284
1 29364 29364
-1
1 15627 15627
1 28979 28979
0 0 2154
0 0 14877
-1
1 30143 30143
0 0 4903
0 0 7236
0 0 6359
1 29759 29759
-1
1 32067 32067
0 0 15207
1 9175 9175
0 0 16335
-1
-1
1 5054 5054
-1
1 22209 22209
0 0 7846
0 0 5599
0 0 8746
0 0 925
1 16912 16912
0 0 15964
0 0 10953
1 4238 4238
-1
-1
-1
-1
-1
0 0 14011
0 0 1221
0 0 6114
1 31726 31726
-1
0 0 11133
0 0 16383
-1
-1
-1
0 0 8030
0 0 10123
1 12583 12583
0 0 2117
-1
-1
-1
1 2839 2839
1 23824 23824
1 13711 13711
1 12644 12644
1 11462 11462
0 0 4813
1 26915 26915
-1
1 8718 8718
1 20374 20374
-1
0 0 9502
1 12700 12700
1 17424 17424
0 0 9410
-1
0 0 6248
1 4202 4202
0 0 13594
1 28059 28059
1 18496 18496
-1
0 0 4849
0 0 6294
1 2097 2097
-1
-1
0 0 15187
1 19744 19744
0 0 14068
0 0 1790
0 0 2369
0 0 14879
1 20378 20378
-1
-1
0 0 12280
0 0 4926
1 22738 22738
1 21148 21148
-1
0 0 11829
0 0 11824
-1
-1
0 0 13703
-1
0 0 15585
0 0 372
1 29802 29802
0 0 1111
1 32312 32312
0 0 12079
-1
1 14073 14073
1 12669 12669
0 0 6899
-1
-1
-1
0 0 13519
-1
-1
-1
0 0 7979
-1
0 0 6986
-1
-1
1 12323 12323
1 26975 26975
0 0 16268
1 16522 16522
0 0 676
-1
0 0 341
-1
-1
-1
-1
-1
-1
1 26527 26527
1 29940 29940
-1
-1
1 3340 3340
0 0 91
0 0 3551
-1
-1
0 0 14745
1 23111 23111
1 4633 4633
-1
-1
-1
1 12897 12897
0 0 12267
0 0 11753
0 0 15287
-1
0 0 6532
-1
-1
0 0 11321
0 0 7503
0 0 2876
0 0 12543
-1
1 7664 7664
0 0 10165
0 0 11334
0 0 16318
0 0 11170
0 0 4615
1 18983 18983
0 0 13082
0 0 12334
1 6422 6422
1 1527 1527
1 1495 1495
0 0 6005
0 0 5984
0 0 10668
0 0 9935
-1
1 4455 4455
1 9820 9820
1 24349 24349
-1
-1
-1
0 0 7004
0 0 1800
1 7784 7784
1 30732 30732
1 9255 9255
-1
-1
0 0 15214
-1
-1
1 30562 30562
-1
-1
0 0 13296
0 0 3813
0 0 5160
0 0 2189
1 10539 10539
0 0 6766
-1
0 0 14229
1 18380 18380
-1
0 0 9353
0 0 5771
1 1929 1929
0 0 12369
-1
0 0 14474
1 13597 13597
0 0 4587
-1
0 0 8211
1 4789 4789
1 1467 1467
-1
0 0 15187
0 0 2617
1 30849 30849
1 31364 31364
0 0 2145
-1
0 0 8248
1 27764 27764
0 0 8573
-1
0 0 6706
0 0 7722
0 0 12626
0 0 4059
-1
-1
0 0 3892
-1
1 2985 2985
0 0 14299
0 0 865
0 0 5607
0 0 3850
0 0 4754
1 26247 26247
0 0 208
0 0 13788
1 5468 5468
1 27482 27482
-1
-1
0 0 5449
1 7731 7731
-1
0 0 1438
0 0 8346
1 11232 11232
-1
0 0 2667
-1
0 0 16065
1 27893 27893
1 31261 31261
1 10865 10865
1 8464 8464
1 15422 15422
1 8097 8097
0 0 3252
-1
0 0 14288
0 0 6338
1 15236 15236
0 0 14449
-1
-1
0 0 7642
-1
0 0 2011
0 0 4589
0 0 4366
-1
-1
1 1782 1782
1 10391 10391
1 10506 10506
0 0 13806
0 0 9827
-1
-1
-1
-1
-1
1 12519 12519
1 16879 16879
0 0 8347
-1
-1
-1
0 0 4495
1 4006 4006
1 18341 18341
-1
0 0 8103
-1
-1
-1
-1
-1
0 0 6767
0 0 10194
-1
1 22359 22359
1 9 9
-1
1 5471 5471
1 14877 14877
0 0 12982
-1
1 32609 32609
0 0 5208
1 21269 21269
1 10879 10879
0 0 9299
0 0 6841
1 31590 31590
0 0 15471
1 7149 7149
1 26102 26102
-1
-1
0 0 2433
1 18309 18309
1 24101 24101
1 30345 30345
-1
0 0 10700
0 0 1981
1 24043 24043
0 0 2331
-1
1 19011 19011
1 29095 29095
1 28121 28121
1 31051 31051
-1
-1
-1
-1
-1
1 17114 17114
-1
0 0 6398
0 0 1494
-1
-1
-1
-1
-1
-1
0 0 7663
1 26665 26665
0 0 13347
0 0 13510
-1
-1
-1
0 0 11736
0 0 9265
-1
1 19428 19428
0 0 14211
0 0 14211
1 15395 15395
1 26111 26111
1 9271 9271
0 0 1564
1 9925 9925
-1
0 0 2178
-1
-1
1 26321 26321
-1
0 0 10153
-1
0 0 11329
-1
1 16839 16839
-1
0 0 1743
0 0 2717
1 31968 31968
1 6306 6306
0 0 10146
-1
0 0 13971
1 30246 30246
1 24199 24199
0 0 14180
0 0 6570
0 0 7535
-1
0 0 13990
-1
1 18622 18622
0 0 11893
-1
-1
1 30856 30856
0 0 13115
0 0 14690
1 24119 24119
1 4693 4693
0 0 3510
0 0 2565
-1
0 0 2826
-1
0 0 13784
1 29131 29131
0 0 10755
-1
1 6224 6224
-1
0 0 10911
-1
-1
1 13161 13161
1 5160 5160
-1
-1
0 0 9303
1 1278 1278
1 17727 17727
0 0 11173
0 0 16144
-1
1 18094 18094
-1
1 22014 22014
-1
-1
0 0 4708
1 30786 30786
-1
0 0 4215
-1
0 0 11148
-1
0 0 10653
1 15201 15201
0 0 4528
-1
-1
0 0 15362
-1
0 0 12831
0 0 10651
1 23451 23451
1 27724 27724
1 15316 15316
-1
1 18950 18950
0 0 15962
-1
-1
1 14142 14142
-1
0 0 13715
1 21381 21381
0 0 5095
1 21847 21847
1 22551 22551
1 28662 28662
-1
0 0 391
-1
0 0 15307
1 11015 11015
1 10762 10762
0 0 13797
-1
0 0 16149
-1
1 27961 27961
-1
-1
1 27901 27901
0 0 9712
-1
-1
1 25618 25618
0 0 3510
0 0 1653
-1
-1
1 29015 29015
0 0 11879
-1
0 0 5631
0 0 7865
-1
0 0 14421
-1
1 29284 29284
-1
-1
0 0 13678
-1
-1
-1
1 25092 25092
-1
-1
1 7753 7753
-1
1 15771 15771
1 22940 22940
-1
0 0 8818
-1
1 22047 22047
1 21715 21715
-1
1 8495 8495
1 22977 22977
0 0 7552
0 0 10460
1 16 16
0 0 8261
0 0 8455
1 11542 11542
0 0 4541
-1
-1
0 0 3866
0 0 9050
-1
1 25349 25349
0 0 11766
1 9301 9301
-1
1 31809 31809
-1
1 16076 16076
1 29569 29569
1 17920 17920
1 23561 23561
0 0 15468
0 0 672
-1
-1
1 32273 32273
0 0 5607
0 0 3396
-1
0 0 15791
-1
0 0 11426
-1
0 0 5054
-1
0 0 8372
-1
0 0 3519
1 28427 28427
1 31583 31583
1 12345 12345
1 31559 31559
1 22481 22481
1 23720 23720
1 17020 17020
0 0 14088
-1
0 0 1066
-1
0 0 13173
0 0 7012
0 0 12231
0 0 14130
1 15665 15665
0 0 2669
1 16912 16912
0 0 7422
1 5406 5406
0 0 3325
0 0 3923
0 0 16276
1 6199 6199
0 0 14463
-1
-1
1 32220 32220
1 24873 24873
1 24507 24507
-1
-1
0 0 13659
1 25016 25016
-1
0 0 15150
-1
-1
0 0 9574
0 0 13516
0 0 8530
-1
1 29355 29355
0 0 8333
-1
1 5428 5428
1 28559 28559
0 0 13427
-1
-1
1 24495 24495
1 7630 7630
0 0 11378
0 0 11702
1 27890 27890
-1
0 0 7666
0 0 9805
1 12661 12661
0 0 11447
-1
0 0 13218
1 27656 27656
1 31350 31350
0 0 7516
1 24849 24849
0 0 599
0 0 12059
-1
1 9410 9410
1 24864 24864
1 25899 25899
-1
0 0 14677
0 0 1189
-1
-1
1 20785 20785
0 0 3558
0 0 3354
1 24813 24813
1 19793 19793
1 4731 4731
1 24161 24161
-1
0 0 1420
0 0 11119
0 0 2422
0 0 14504
-1
-1
-1
-1
1 25156 25156
0 0 9266
-1
1 3919 3919
0 0 5588
0 0 1999
-1
-1
0 0 13277
1 12724 12724
0 0 14212
-1
-1
-1
0 0 4699
1 23983 23983
0 0 7906
-1
-1
0 0 16115
0 0 6704
1 13984 13984
-1
-1
1 10221 10221
1 2346 2346
1 3400 3400
0 0 6336
-1
1 26711 26711
1 14638 14638
1 27836 27836
1 6908 6908
1 16948 16948
1 19547 19547
1 22715 22715
1 13248 13248
1 30216 30216
0 0 9882
0 0 8711
0 0 9853
-1
1 21874 21874
-1
-1
-1
0 0 11601
0 0 12950
0 0 8856
-1
-1
0 0 8171
0 0 1287
1 28766 28766
-1
-1
0 0 13844
-1
1 847 847
0 0 11867
-1
0 0 13650
0 0 5357
1 11783 11783
0 0 3541
0 0 6874
1 17414 17414
-1
-1
1 31787 31787
-1
0 0 8771
1 11969 11969
1 29344 29344
-1
1 13320 13320
-1
0 0 3568
0 0 3536
0 0 4394
1 4531 4531
-1
-1
0 0 15229
1 8349 8349
-1
-1
1 8434 8434
1 21003 21003
-1
0 0 4512
1 4914 4914
-1
1 25053 25053
1 30906 30906
0 0 2191
1 11921 11921
1 16166 16166
1 813 813
0 0 9609
1 1388 1388
-1
-1
-1
-1
1 31607 31607
-1
-1
0 0 1926
-1
-1
1 15725 15725
0 0 1734
0 0 14390
0 0 6721
-1
1 2634 2634
0 0 15059
-1
0 0 16295
1 5076 5076
0 0 1644
0 0 11695
-1
-1
1 16958 16958
1 15374 15374
1 24133 24133
-1
0 0 7524
-1
0 0 2623
-1
-1
1 32680 32680
-1
-1
0 0 14280
0 0 312
-1
1 28555 28555
0 0 5337
0 0 11243
1 7857 7857
-1
0 0 7648
0 0 973
0 0 8944
1 6487 6487
0 0 9432
-1
0 0 8180
0 0 5602
-1
0 0 11507
-1
0 0 16262
0 0 8196
-1
1 7608 7608
1 29699 29699
-1
0 0 2166
-1
1 26645 26645
1 14187 14187
-1
0 0 1296
-1
-1
-1
-1
-1
-1
-1
0 0 14129
-1
1 23461 23461
1 21965 21965
0 0 7954
0 0 12289
0 0 8745
-1
1 23295 23295
1 21533 21533
1 12060 12060
-1
1 31940 31940
-1
0 0 10174
-1
-1
1 31503 31503
1 14754 14754
-1
0 0 15499
-1
0 0 13177
0 0 5058
0 0 6599
1 24612 24612
0 0 1347
0 0 14900
-1
-1
1 13737 13737
0 0 1452
1 5313 5313
1 934 934
0 0 9773
0 0 16045
0 0 13903
0 0 6214
0 0 9448
1 19523 19523
-1
1 1821 1821
-1
-1
0 0 4458
-1
1 9432 9432
0 0 12189
0 0 10819
0 0 7849
1 13656 13656
1 26521 26521
1 13506 13506
1 28090 28090
1 19315 19315
-1
0 0 8684
0 0 7463
-1
1 29012 29012
1 10250 10250
-1
0 0 10953
-1
-1
0 0 12718
-1
1 7301 7301
0 0 12486
1 7479 7479
1 32357 32357
-1
-1
1 32515 32515
0 0 11379
-1
1 13674 13674
-1
0 0 6703
0 0 10605
0 0 3632
-1
1 5184 5184
-1
1 30467 30467
0 0 4518
0 0 5271
0 0 1336
1 21313 21313
1 28289 28289
1 9601 9601
1 28300 28300
1 2298 2298
0 0 3407
0 0 12514
1 26666 26666
-1
-1
-1
0 0 2244
0 0 13976
-1
-1
1 32193 32193
0 0 7898
1 13841 13841
0 0 926
0 0 14492
1 21700 21700
1 24158 24158
0 0 6439
1 27182 27182
0 0 15300
-1
0 0 14668
1 31026 31026
0 0 6156
1 10333 10333
1 1121 1121
0 0 13525
-1
1 5883 5883
0 0 1232
1 14927 14927
-1
-1
-1
0 0 13015
1 25197 25197
1 5328 5328
-1
1 31401 31401
1 8136 8136
-1
-1
1 1268 1268
0 0 15007
-1
-1
1 17817 17817
-1
1 6792 6792
1 4838 4838
1 15220 15220
-1
0 0 1779
0 0 5713
1 31671 31671
1 4165 4165
0 0 6039
1 8526 8526
0 0 11571
0 0 2100
1 3579 3579
-1
0 0 12655
1 18890 18890
0 0 15809
-1
1 8263 8263
-1
0 0 15750
0 0 5679
1 13860 13860
-1
0 0 313
1 24894 24894
0 0 9317
1 8329 8329
0 0 1361
0 0 10758
-1
1 31434 31434
1 28706 28706
1 2664 2664
1 7406 7406
0 0 9312
-1
-1
1 14264 14264
-1
-1
-1
-1
-1
-1
-1
1 13943 13943
1 27178 27178
1 24237 24237
0 0 3402
-1
0 0 5313
0 0 12624
0 0 7285
-1
0 0 15725
0 0 2828
-1
1 3974 3974
-1
1 23718 23718
1 19208 19208
-1
-1
0 0 8373
0 0 1673
-1
1 3920 3920
1 10143 10143
0 0 12901
-1
0 0 9069
0 0 9606
-1
-1
-1
-1
-1
0 0 8622
1 8240 8240
1 9893 9893
0 0 4406
0 0 13016
-1
1 30155 30155
0 0 8164
1 23852 23852
1 978 978
-1
1 15501 15501
-1
-1
-1
-1
-1
1 5860 5860
1 12451 12451
0 0 10131
-1
-1
0 0 12854
-1
-1
-1
-1
0 0 13942
1 21555 21555
1 25535 25535
0 0 2132
-1
1 22476 22476
1 11290 11290
1 5549 5549
-1
0 0 3713
-1
1 7885 7885
-1
1 17721 17721
-1
-1
-1
1 32420 32420
-1
0 0 6577
0 0 11184
1 15564 15564
-1
0 0 4101
1 17637 17637
-1
1 407 407
1 25651 25651
1 7864 7864
0 0 14735
1 7367 7367
-1
-1
1 2429 2429
1 27415 27415
0 0 9251
0 0 9543
-1
1 3626 3626
0 0 5890
0 0 15739
0 0 13620
1 22037 22037
1 2023 2023
1 28022 28022
-1
0 0 3825
0 0 4901
0 0 15648
1 29576 29576
0 0 15369
-1
1 17726 17726
-1
0 0 5513
0 0 6384
1 8843 8843
-1
1 32206 32206
0 0 14488
1 19192 19192
-1
-1
-1
0 0 12356
1 3979 3979
-1
1 20908 20908
1 17142 17142
1 4174 4174
0 0 847
0 0 6389
-1
1 17441 17441
1 7115 7115
-1
-1
-1
-1
-1
1 16544 16544
1 1103 1103
-1
0 0 7774
-1
-1
1 10963 10963
0 0 9267
0 0 11821
0 0 8456
1 18195 18195
1 5541 5541
1 15466 15466
1 1205 1205
-1
1 31424 31424
0 0 4230
-1
1 3230 3230
1 1816 1816
-1
0 0 2160
0 0 2780
0 0 4560
0 0 15827
-1
-1
-1
-1
0 0 15681
-1
0 0 12792
0 0 7724
0 0 7069
1 28870 28870
1 7685 7685
1 11678 11678
0 0 8188
0 0 7340
1 1501 1501
-1
1 6141 6141
-1
1 7120 7120
0 0 1958
0 0 14956
0 0 9827
0 0 1637
-1
-1
0 0 2982
1 715 715
-1
1 20989 20989
0 0 15836
1 17765 17765
0 0 4822
1 13707 13707
0 0 9599
1 10815 10815
1 2461 2461
-1
1 19723 19723
0 0 10954
-1
-1
-1
-1
1 160 160
-1
-1
-1
1 30071 30071
1 23006 23006
-1
-1
1 8161 8161
0 0 2332
-1
-1
-1
-1
0 0 10701
0 0 3971
0 0 2392
1 25061 25061
0 0 7278
-1
0 0 9022
1 31165 31165
0 0 8830
1 14901 14901
-1
-1
1 31107 31107
-1
1 9431 9431
-1
-1
-1
-1
-1
-1
1 16021 16021
0 0 16033
1 24050 24050
1 945 945
0 0 6950
1 2662 2662
-1
0 0 5347
-1
0 0 14393
0 0 1585
-1
1 30216 30216
-1
-1
1 3431 3431
1 25117 25117
1 12884 12884
-1
0 0 4212
1 7555 7555
-1
0 0 9057
1 12145 12145
-1
1 6683 6683
1 6989 6989
-1
-1
0 0 12483
0 0 4117
-1
-1
1 12856 12856
-1
0 0 10709
0 0 3983
1 11037 11037
-1
1 28295 28295
-1
0 0 9261
0 0 4608
0 0 261
0 0 12552
0 0 7141
1 26391 26391
0 0 15563
1 8591 8591
-1
1 26716 26716
-1
1 32360 32360
1 26655 26655
0 0 15559
-1
0 0 2140
1 21945 21945
0 0 2722
1 17933 17933
-1
0 0 9206
1 5991 5991
1 19488 19488
1 28170 28170
0 0 9291
-1
-1
-1
-1
0 0 5149
1 27932 27932
0 0 10360
-1
-1
1 25775 25775
1 32098 32098
1 32120 32120
0 0 7280
-1
1 6673 6673
1 31777 31777
1 16200 16200
-1
0 0 9106
-1
-1
-1
1 855 855
1 31728 31728
0 0 2127
1 27384 27384
-1
0 0 15354
0 0 5031
1 18495 18495
0 0 6134
1 13470 13470
0 0 2800
0 0 3939
1 6951 6951
-1
1 26887 26887
0 0 10979
0 0 7707
0 0 9965
-1
1 23024 23024
-1
1 2792 2792
1 4727 4727
0 0 11506
0 0 9969
0 0 8522
0 0 12067
1 21177 21177
1 8696 8696
0 0 10608
1 23223 23223
1 27768 27768
1 9174 9174
0 0 14464
-1
-1
1 3052 3052
-1
1 32289 32289
1 21667 21667
0 0 4894
0 0 5447
1 322 322
-1
-1
1 11497 11497
-1
-1
1 30334 30334
1 17391 17391
-1
1 14863 14863
-1
1 19544 19544
0 0 8459
0 0 1857
0 0 16289
-1
1 15257 15257
1 18649 18649
0 0 15505
0 0 4574
-1
-1
0 0 570
-1
0 0 12863
-1
-1
0 0 4850
1 2592 2592
-1
1 13116 13116
1 7848 7848
1 7702 7702
0 0 8843
1 21517 21517
-1
1 5713 5713
0 0 13101
1 12803 12803
-1
0 0 12236
0 0 3749
1 12671 12671
-1
-1
-1
-1
1 14297 14297
-1
0 0 5395
-1
0 0 8436
0 0 13606
-1
1 30578 30578
-1
0 0 1217
0 0 404
1 24521 24521
0 0 15912
0 0 15556
1 24379 24379
-1
-1
1 17053 17053
1 14098 14098
1 22771 22771
-1
1 16208 16208
-1
-1
-1
1 17670 17670
0 0 11762
0 0 2102
1 23614 23614
1 7290 7290
0 0 248
0 0 4568
0 0 10132
0 0 9500
-1
-1
1 27046 27046
-1
-1
1 3855 3855
-1
1 18667 18667
0 0 10820
1 6322 6322
0 0 9902
1 15006 15006
0 0 12023
0 0 11557
1 4696 4696
-1
-1
-1
0 0 1975
-1
1 8773 8773
0 0 6886
0 0 13122
-1
0 0 1805
-1
-1
-1
-1
1 23359 23359
1 32578 32578
0 0 5122
-1
1 20271 20271
0 0 2970
-1
-1
-1
-1
-1
1 7589 7589
-1
0 0 12964
1 31646 31646
-1
-1
0 0 7479
1 15301 15301
1 16881 16881
-1
0 0 8511
0 0 13983
1 12569 12569
1 8848 8848
0 0 13695
-1
-1
0 0 8206
-1
1 14858 14858
0 0 3321
-1
1 7268 7268
-1
1 9118 9118
1 15926 15926
1 1749 1749
0 0 12557
1 20824 20824
-1
1 3534 3534
0 0 14322
0 0 11103
0 0 1501
0 0 10283
-1
-1
1 14101 14101
1 12717 12717
0 0 15987
-1
1 17519 17519
-1
0 0 5975
1 2947 2947
0 0 11465
1 15795 15795
-1
-1
1 1376 1376
-1
0 0 14033
0 0 9766
0 0 12324
-1
-1
0 0 8720
-1
-1
-1
-1
-1
1 5430 5430
-1
1 14359 14359
0 0 15660
0 0 11619
0 0 15151
-1
1 14145 14145
0 0 5674
1 7867 7867
1 19718 19718
1 32434 32434
1 3441 3441
0 0 9484
-1
-1
-1
1 12383 12383
1 3310 3310
-1
1 18199 18199
0 0 1635
1 22667 22667
1 29253 29253
-1
0 0 13102
1 6416 6416
0 0 15014
1 23881 23881
-1
0 0 1267
-1
1 10551 10551
0 0 1461
1 14828 14828
1 28510 28510
-1
1 19617 19617
-1
0 0 11726
0 0 3923
0 0 7105
-1
0 0 4086
0 0 3818
1 32192 32192
-1
1 12118 12118
0 0 3938
-1
0 0 12
0 0 14078
-1
1 9654 9654
1 16111 16111
0 0 10440
1 3203 3203
1 26357 26357
0 0 1366
-1
-1
-1
0 0 11310
0 0 5273
0 0 5896
0 0 5697
0 0 2623
1 25868 25868
0 0 8037
-1
-1
-1
-1
1 7549 7549
-1
0 0 14638
0 0 11668
-1
0 0 352
0 0 14667
-1
0 0 8719
-1
-1
0 0 13061
-1
1 16312 16312
0 0 8245
0 0 5157
0 0 11249
0 0 8347
-1
0 0 10113
0 0 13866
0 0 14756
1 7115 7115
1 18437 18437
-1
0 0 8199
0 0 2768
0 0 14446
-1
1 10646 10646
0 0 11504
0 0 15779
0 0 13173
1 5736 5736
1 69 69
0 0 4311
-1
0 0 14079
0 0 9355
0 0 5598
1 17252 17252
-1
-1
-1
1 15862 15862
0 0 11667
-1
0 0 2861
0 0 14257
1 9454 9454
-1
-1
0 0 12403
0 0 5493
-1
1 23378 23378
0 0 14926
-1
1 31580 31580
0 0 14761
-1
0 0 9015
-1
0 0 1801
0 0 13574
1 27598 27598
-1
0 0 1747
1 22679 22679
1 22035 22035
-1
1 17742 17742
1 1004 1004
0 0 997
0 0 8174
-1
1 6599 6599
0 0 10428
-1
0 0 5498
-1
1 24082 24082
1 9869 9869
0 0 7935
0 0 4042
-1
-1
-1
0 0 13327
1 11044 11044
-1
-1
-1
1 22093 22093
0 0 8689
0 0 13508
-1
0 0 12641
-1
-1
1 23466 23466
1 27453 27453
1 14548 14548
0 0 844
0 0 13820
1 16364 16364
-1
-1
1 10340 10340
-1
0 0 8298
1 31320 31320
1 11035 11035
-1
1 14840 14840
-1
-1
0 0 14502
1 22223 22223
-1
-1
1 6955 6955
-1
-1
1 11954 11954
-1
1 7915 7915
-1
0 0 6964
0 0 449
1 13642 13642
-1
-1
-1
-1
1 29661 29661
-1
0 0 757
0 0 9729
-1
-1
0 0 2024
0 0 566
1 22724 22724
1 31700 31700
0 0 6353
-1
-1
0 0 6689
1 24719 24719
-1
1 6096 6096
1 3403 3403
0 0 7832
1 29179 29179
0 0 3003
1 20535 20535
0 0 2060
-1
0 0 1465
-1
-1
0 0 3015
0 0 1625
0 0 10049
1 7631 7631
1 4239 4239
-1
0 0 1484
-1
1 31359 31359
-1
-1
0 0 3113
-1
0 0 11581
1 19489 19489
-1
0 0 14473
0 0 4831
0 0 865
1 11653 11653
0 0 5036
0 0 15745
0 0 1467
0 0 9400
-1
0 0 11000
-1
1 14982 14982
1 3144 3144
0 0 15666
0 0 6729
1 9067 9067
0 0 5190
0 0 5239
0 0 15716
1 23480 23480
1 30987 30987
1 9041 9041
0 0 10198
0 0 11838
1 31811 31811
0 0 131
-1
1 31931 31931
1 7753 7753
1 21433 21433
0 0 2336
0 0 16116
1 10563 10563
0 0 3557
1 7261 7261
1 26737 26737
-1
0 0 1639
-1
1 14384 14384
0 0 9738
1 8715 8715
0 0 5729
-1
1 8990 8990
1 768 768
-1
1 29459 29459
0 0 14656
1 14299 14299
-1
-1
1 25158 25158
-1
1 21574 21574
0 0 11977
1 11151 11151
-1
1 15301 15301
-1
1 14606 14606
0 0 11360
1 1140 1140
-1
-1
0 0 13652
1 21331 21331
-1
1 13919 13919
1 12658 12658
-1
1 16812 16812
-1
0 0 9220
0 0 549
1 2994 2994
-1
-1
-1
1 3464 3464
0 0 8149
1 21945 21945
-1
-1
0 0 8000
-1
1 16290 16290
-1
1 8866 8866
-1
1 24090 24090
-1
0 0 15025
0 0 7913
1 6394 6394
-1
0 0 4884
-1
1 18916 18916
-1
0 0 9593
1 3376 3376
-1
1 24102 24102
-1
-1
-1
0 0 6519
1 15446 15446
-1
1 7313 7313
0 0 7557
1 6733 6733
0 0 12132
1 30203 30203
1 10995 10995
1 16378 16378
0 0 8006
-1
0 0 8778
0 0 7646
-1
0 0 9309
0 0 2538
-1
-1
-1
0 0 15746
1 32607 32607
-1
0 0 12072
-1
1 5603 5603
-1
1 30853 30853
0 0 8942
-1
1 4772 4772
-1
-1
1 17210 17210
-1
0 0 1830
0 0 493
0 0 9811
-1
0 0 8278
-1
0 0 11385
-1
0 0 4561
1 6915 6915
0 0 2191
-1
-1
0 0 13609
0 0 3548
1 14609 14609
-1
-1
1 3437 3437
-1
0 0 5996
0 0 4698
0 0 5306
0 0 7547
-1
-1
0 0 14606
-1
-1
-1
-1
1 31498 31498
-1
-1
1 24824 24824
0 0 12734
1 3739 3739
0 0 1218
1 15276 15276
0 0 4734
1 10440 10440
0 0 13446
-1
0 0 12946
0 0 14317
0 0 3834
0 0 9501
0 0 7135
0 0 384
1 5584 5584
-1
-1
-1
-1
1 22500 22500
-1
0 0 13872
0 0 3072
0 0 6032
1 6084 6084
-1
0 0 13092
1 12494 12494
1 5044 5044
-1
0 0 9265
1 8576 8576
-1
1 24068 24068
0 0 14294
0 0 11569
1 2827 2827
0 0 5848
-1
1 6582 6582
1 813 813
0 0 1134
1 28412 28412
0 0 4518
1 26484 26484
-1
0 0 9596
0 0 6278
1 9728 9728
-1
1 23829 23829
1 13171 13171
0 0 7185
1 29570 29570
0 0 6520
-1
-1
1 4214 4214
0 0 4365
0 0 3583
-1
1 2098 2098
0 0 2637
-1
1 10228 10228
0 0 13972
1 9579 9579
-1
0 0 425
0 0 3150
-1
1 16750 16750
1 30328 30328
0 0 4500
-1
1 10541 10541
1 23668 23668
1 11579 11579
0 0 2087
1 23328 23328
0 0 7554
0 0 15306
1 24758 24758
-1
0 0 911
0 0 9700
-1
0 0 656
0 0 7349
-1
-1
0 0 13967
-1
-1
1 7455 7455
-1
1 28858 28858
0 0 7459
-1
0 0 10856
-1
1 4044 4044
1 21340 21340
-1
-1
1 3329 3329
0 0 5406
-1
1 27389 27389
1 17141 17141
1 3603 3603
-1
1 3739 3739
-1
-1
-1
0 0 4954
1 15216 15216
-1
1 21146 21146
1 11151 11151
0 0 9179
-1
0 0 823
1 25001 25001
-1
1 10802 10802
1 4836 4836
-1
0 0 464
0 0 83
1 21765 21765
-1
-1
1 29276 29276
0 0 11641
1 19922 19922
-1
1 21747 21747
-1
-1
-1
-1
-1
1 7427 7427
0 0 13548
-1
0 0 9646
0 0 15761
0 0 9310
0 0 5909
1 17595 17595
0 0 11466
1 30615 30615
1 6449 6449
0 0 1302
1 120 120
0 0 13874
1 17425 17425
-1
-1
-1
-1
-1
1 17407 17407
1 31732 31732
0 0 8476
0 0 8351
-1
-1
-1
-1
1 26027 26027
1 32483 32483
0 0 2545
0 0 15026
1 8828 8828
-1
0 0 1579
-1
1 10410 10410
1 14828 14828
1 19342 19342
0 0 2786
0 0 10206
1 12963 12963
1 28057 28057
0 0 11597
-1
-1
-1
-1
1 30771 30771
0 0 8708
1 7479 7479
1 5806 5806
-1
1 32109 32109
0 0 11673
1 7059 7059
0 0 9880
0 0 15142
1 1491 1491
0 0 14052
1 14927 14927
-1
-1
1 5205 5205
-1
0 0 12613
0 0 6310
-1
-1
0 0 2719
0 0 15127
0 0 8186
0 0 11554
1 10010 10010
0 0 11363
1 6649 6649
-1
1 12124 12124
-1
1 825 825
-1
1 30612 30612
0 0 14927
0 0 15952
-1
0 0 4628
-1
-1
1 17026 17026
-1
-1
-1
1 31101 31101
1 9502 9502
0 0 3891
-1
-1
-1
1 1847 1847
-1
0 0 12290
-1
-1
-1
-1
1 17213 17213
1 15096 15096
-1
1 18139 18139
1 21412 21412
-1
1 6212 6212
-1
-1
-1
1 15955 15955
0 0 8408
-1
0 0 1215
-1
1 22165 22165
0 0 15633
1 29255 29255
0 0 15288
1 14196 14196
-1
-1
-1
0 0 3047
0 0 10709
0 0 12075
1 8392 8392
0 0 14636
1 25421 25421
-1
0 0 9316
1 7546 7546
-1
-1
1 11905 11905
-1
1 544 544
0 0 2121
0 0 5571
0 0 6740
0 0 7759
0 0 4983
-1
1 12424 12424
1 14955 14955
1 3920 3920
1 10555 10555
1 30120 30120
-1
1 14201 14201
1 30205 30205
-1
1 26533 26533
0 0 14287
1 816 816
1 21517 21517
0 0 16001
1 18156 18156
-1
0 0 14179
-1
1 14336 14336
-1
0 0 5971
0 0 13762
0 0 4790
-1
-1
-1
1 9781 9781
1 18240 18240
1 24454 24454
-1
-1
0 0 12027
0 0 10700
0 0 6968
0 0 8095
1 23084 23084
0 0 9726
-1
0 0 3624
-1
-1
1 806 806
1 24415 24415
0 0 7550
-1
0 0 6043
1 4407 4407
-1
0 0 7366
1 25833 25833
-1
1 12604 12604
-1
-1
0 0 5910
1 22982 22982
-1
0 0 2905
1 14884 14884
-1
1 25814 25814
-1
0 0 12234
1 24678 24678
-1
1 28858 28858
1 29067 29067
0 0 306
-1
-1
-1
0 0 14560
-1
1 30842 30842
0 0 9414
1 8866 8866
-1
1 2181 2181
0 0 9915
1 26561 26561
1 30443 30443
-1
0 0 8532
-1
0 0 5809
1 7544 7544
0 0 6010
0 0 712
0 0 7505
-1
1 5280 5280
0 0 140
0 0 4203
-1
1 3815 3815
-1
0 0 948
-1
-1
-1
1 3947 3947
1 28756 28756
0 0 759
-1
0 0 15382
-1
1 5735 5735
0 0 12846
0 0 2519
1 26415 26415
1 19436 19436
0 0 13332
0 0 1425
0 0 9737
-1
1 19275 19275
0 0 14777
-1
1 18433 18433
1 11720 11720
0 0 6365
0 0 3976
-1
0 0 14812
0 0 6117
-1
1 8334 8334
1 17860 17860
1 24741 24741
1 30998 30998
0 0 16158
0 0 12501
0 0 2690
0 0 8878
1 19253 19253
1 15043 15043
0 0 4073
0 0 1230
0 0 14104
0 0 13624
0 0 9561
1 26996 26996
0 0 3691
0 0 14423
1 6773 6773
0 0 7853
0 0 1059
-1
1 25509 25509
1 19225 19225
1 22930 22930
-1
-1
1 20044 20044
1 32321 32321
0 0 3047
0 0 14071
-1
-1
1 19761 19761
-1
1 21417 21417
0 0 9360
1 3386 3386
0 0 367
0 0 9048
0 0 6288
-1
-1
1 20969 20969
-1
1 24346 24346
1 22278 22278
0 0 14026
1 4213 4213
1 21396 21396
1 2336 2336
-1
0 0 744
0 0 13436
-1
-1
1 1001 1001
0 0 7748
1 26280 26280
1 19771 19771
-1
-1
0 0 15297
1 32075 32075
1 27613 27613
-1
1 26379 26379
0 0 703
-1
1 6415 6415
1 17721 17721
1 17040 17040
-1
1 25345 25345
1 27705 27705
1 19722 19722
0 0 4035
1 11419 11419
0 0 14965
0 0 2280
-1
0 0 4492
-1
1 14999 14999
0 0 9580
0 0 14692
1 13163 13163
0 0 13107
1 10053 10053
1 10126 10126
1 19709 19709
1 12830 12830
0 0 4747
0 0 11952
1 10441 10441
0 0 2166
-1
0 0 8293
0 0 11866
1 29912 29912
-1
-1
-1
1 18234 18234
0 0 4084
0 0 9275
-1
1 12607 12607
0 0 1227
1 32052 32052
1 8354 8354
0 0 6708
0 0 12394
1 12669 12669
0 0 10944
1 4874 4874
0 0 1999
0 0 11808
1 27520 27520
0 0 1127
-1
0 0 3074
-1
-1
-1
-1
1 7680 7680
1 2569 2569
1 17281 17281
0 0 10427
-1
-1
-1
1 31376 31376
0 0 7225
0 0 4471
-1
-1
0 0 15842
-1
0 0 4042
1 15139 15139
0 0 2869
-1
-1
1 4352 4352
0 0 7644
1 6752 6752
0 0 9776
1 24481 24481
0 0 16219
0 0 12465
-1
-1
0 0 6992
-1
-1
-1
1 13161 13161
-1
1 5267 5267
0 0 14896
1 16945 16945
1 25877 25877
-1
1 17595 17595
1 466 466
-1
0 0 10787
0 0 168
-1
1 19937 19937
1 18879 18879
-1
0 0 10562
0 0 5844
0 0 8068
1 5090 5090
1 4680 4680
1 22234 22234
1 14688 14688
-1
-1
-1
0 0 13564
0 0 10526
0 0 12601
-1
1 31353 31353
-1
0 0 673
-1
-1
-1
-1
0 0 14652
-1
1 22574 22574
1 20658 20658
-1
-1
0 0 3226
1 28789 28789
0 0 6503
-1
-1
1 4398 4398
-1
-1
0 0 9778
1 32113 32113
0 0 1883
0 0 10094
-1
0 0 5059
-1
1 13290 13290
-1
0 0 1781
-1
1 12895 12895
1 15645 15645
1 28622 28622
0 0 609
0 0 6459
0 0 15610
0 0 10441
0 0 11055
1 16862 16862
-1
-1
-1
1 20536 20536
1 18024 18024
0 0 9645
0 0 11496
1 15259 15259
1 27518 27518
-1
-1
1 11537 11537
-1
-1
1 18487 18487
0 0 8843
1 2987 2987
0 0 2768
0 0 8015
1 6176 6176
-1
1 27982 27982
1 11916 11916
1 31507 31507
1 23158 23158
0 0 1957
1 589 589
-1
0 0 142
1 19354 19354
1 14088 14088
0 0 199
1 1000 1000
1 28663 28663
1 21814 21814
0 0 4308
-1
0 0 13861
1 14628 14628
-1
1 1355 1355
0 0 9115
-1
0 0 11602
-1
0 0 12615
1 18842 18842
0 0 2599
1 15655 15655
-1
-1
1 30428 30428
-1
-1
1 19042 19042
-1
-1
1 16376 16376
0 0 3657
0 0 4311
-1
-1
1 31413 31413
1 3677 3677
0 0 2136
0 0 11373
1 14820 14820
0 0 2783
-1
1 26499 26499
-1
-1
-1
-1
1 32623 32623
0 0 5751
0 0 5906
1 25860 25860
-1
1 29891 29891
-1
-1
1 23435 23435
-1
-1
0 0 11367
1 26603 26603
0 0 4080
0 0 13543
0 0 3851
0 0 10473
1 10347 10347
-1
0 0 15562
1 18341 18341
-1
1 20416 20416
0 0 15392
1 2845 2845
1 27835 27835
1 9309 9309
-1
1 14791 14791
0 0 1532
1 25834 25834
1 6789 6789
-1
0 0 6678
0 0 14801
0 0 1673
-1
1 24245 24245
-1
0 0 3291
1 1122 1122
0 0 12913
0 0 51
-1
1 7528 7528
1 19580 19580
0 0 6182
0 0 755
0 0 12327
-1
-1
-1
-1
1 12369 12369
0 0 3499
-1
-1
0 0 4974
1 15693 15693
-1
0 0 970
-1
1 16189 16189
0 0 5859
-1
0 0 8272
1 2561 2561
-1
-1
0 0 1330
1 27017 27017
0 0 235
0 0 13202
-1
0 0 13995
-1
0 0 8332
1 10981 10981
0 0 3201
1 5032 5032
1 17988 17988
-1
0 0 12892
-1
-1
0 0 6907
1 3509 3509
0 0 9671
1 27697 27697
0 0 561
-1
1 357 357
1 26295 26295
1 23258 23258
1 22759 22759
-1
1 8450 8450
-1
0 0 447
1 7931 7931
-1
0 0 14344
-1
1 10006 10006
-1
1 32766 32766
1 21494 21494
0 0 15571
-1
0 0 429
-1
1 9115 9115
-1
-1
-1
0 0 10124
1 9353 9353
1 27066 27066
1 282 282
0 0 3067
-1
-1
1 4891 4891
1 12354 12354
-1
-1
0 0 11796
0 0 10845
1 29417 29417
-1
1 12891 12891
-1
1 8603 8603
0 0 9213
0 0 11121
1 21944 21944
0 0 10676
0 0 5002
-1
0 0 11488
-1
1 24094 24094
-1
1 20991 20991
-1
0 0 15448
0 0 896
1 29751 29751
-1
0 0 4589
1 4038 4038
1 19425 19425
-1
1 27293 27293
-1
1 24233 24233
0 0 14585
-1
-1
-1
0 0 10230
0 0 13278
0 0 5227
1 14920 14920
1 5522 5522
1 2657 2657
-1
0 0 3325
0 0 15542
0 0 9495
1 22338 22338
-1
0 0 12269
-1
-1
1 31508 31508
-1
1 27478 27478
-1
-1
1 3590 3590
-1
-1
-1
0 0 6161
-1
1 15654 15654
-1
1 19087 19087
1 7199 7199
0 0 1080
1 19957 19957
-1
-1
0 0 7320
0 0 16138
-1
1 28549 28549
1 1499 1499
-1
1 4700 4700
-1
-1
1 13105 13105
1 6871 6871
1 31627 31627
1 7940 7940
0 0 7565
1 26096 26096
0 0 8745
-1
-1
-1
0 0 9753
-1
-1
1 30687 30687
1 8558 8558
-1
1 19219 19219
-1
1 1211 1211
0 0 8955
-1
1 25668 25668
-1
1 30124 30124
1 250 250
1 24233 24233
-1
1 32657 32657
1 21604 21604
0 0 1595
0 0 8890
0 0 3621
1 21767 21767
-1
-1
1 19598 19598
0 0 14121
1 9999 9999
0 0 6641
-1
0 0 7285
-1
0 0 5493
0 0 4859
1 20263 20263
-1
1 13230 13230
-1
-1
1 28927 28927
0 0 12866
-1
-1
1 6168 6168
-1
0 0 6210
-1
0 0 37
0 0 8578
0 0 9271
-1
0 0 2813
1 7712 7712
1 25878 25878
0 0 15011
-1
0 0 8855
-1
1 12539 12539
0 0 14996
1 10825 10825
0 0 836
1 31342 31342
1 27291 27291
1 28927 28927
0 0 5152
1 23447 23447
0 0 829
-1
0 0 15556
-1
-1
1 25531 25531
-1
0 0 6711
1 20488 20488
0 0 16208
-1
0 0 2696
1 26701 26701
0 0 12528
0 0 3418
0 0 7209
-1
-1
-1
-1
1 5505 5505
0 0 13209
0 0 2180
0 0 12202
0 0 1855
-1
1 17706 17706
0 0 1749
0 0 532
-1
0 0 1160
1 11463 11463
1 10713 10713
1 1822 1822
0 0 11001
1 17526 17526
0 0 6494
0 0 13647
0 0 11147
-1
0 0 13609
0 0 16095
0 0 5419
-1
0 0 3706
-1
0 0 14416
1 24700 24700
-1
1 26309 26309
1 11898 11898
0 0 8448
-1
1 32006 32006
0 0 15932
1 5537 5537
1 29007 29007
-1
-1
1 30433 30433
1 25977 25977
1 21570 21570
1 25257 25257
0 0 6012
1 2114 2114
0 0 1127
0 0 4726
0 0 11434
1 15735 15735
1 8560 8560
-1
1 22549 22549
-1
0 0 2600
1 19917 19917
0 0 3142
1 25727 25727
0 0 4488
1 1140 1140
0 0 5091
0 0 3783
-1
1 13203 13203
1 5883 5883
-1
0 0 10098
1 26209 26209
0 0 6158
-1
0 0 11389
1 168 168
0 0 15656
-1
0 0 12535
-1
-1
1 12279 12279
0 0 6161
1 26805 26805
-1
0 0 8419
0 0 14391
1 7541 7541
0 0 15777
0 0 16253
0 0 2381
0 0 7249
1 14001 14001
-1
1 30180 30180
-1
-1
-1
-1
0 0 13133
0 0 7600
1 12793 12793
0 0 12937
0 0 3199
1 19211 19211
-1
0 0 9883
-1
1 7225 7225
0 0 11314
1 14329 14329
0 0 5271
1 14176 14176
1 28471 28471
1 15710 15710
1 25485 25485
-1
1 13800 13800
-1
-1
0 0 12928
0 0 15084
0 0 1132
0 0 16012
1 11630 11630
1 1341 1341
-1
1 3793 3793
-1
0 0 16335
0 0 14562
1 10707 10707
0 0 4534
-1
-1
1 7829 7829
1 17066 17066
0 0 146
0 0 7363
1 7716 7716
-1
0 0 15167
0 0 14160
0 0 1358
1 22037 22037
1 21570 21570
1 12477 12477
-1
1 30887 30887
-1
0 0 7161
0 0 7576
1 4497 4497
1 18448 18448
0 0 9125
0 0 14007
1 24837 24837
0 0 5496
-1
0 0 7405
-1
-1
-1
1 8057 8057
0 0 434
0 0 12793
1 16212 16212
-1
-1
-1
1 3628 3628
0 0 13216
0 0 1595
0 0 15022
1 24101 24101
1 19922 19922
-1
1 11609 11609
0 0 9537
0 0 9141
-1
-1
0 0 8316
-1
-1
-1
-1
1 7138 7138
-1
0 0 15940
-1
1 3019 3019
1 12604 12604
-1
-1
0 0 5351
0 0 10178
1 2301 2301
-1
-1
-1
0 0 14382
1 31591 31591
1 12188 12188
-1
0 0 7582
1 7879 7879
1 19726 19726
-1
1 2235 2235
0 0 1398
1 29936 29936
1 7671 7671
-1
-1
-1
0 0 12818
1 14226 14226
0 0 3816
-1
1 20414 20414
-1
0 0 14411
1 32483 32483
-1
-1
0 0 1689
0 0 13706
0 0 7686
-1
0 0 9957
1 18338 18338
1 12335 12335
-1
1 29047 29047
-1
0 0 13515
0 0 14128
1 2247 2247
0 0 4424
-1
0 0 6740
0 0 6430
1 25221 25221
-1
-1
-1
1 9977 9977
0 0 8531
1 20828 20828
0 0 2865
-1
1 4960 4960
0 0 15920
-1
-1
-1
1 12486 12486
-1
1 17801 17801
-1
0 0 3381
1 30010 30010
1 32661 32661
0 0 6794
1 7039 7039
1 8348 8348
1 18193 18193
1 9118 9118
1 29961 29961
-1
-1
1 8056 8056
0 0 8112
0 0 8280
1 4713 4713
0 0 9910
1 12978 12978
1 5146 5146
-1
-1
1 16257 16257
0 0 3093
-1
-1
-1
0 0 16112
1 29064 29064
0 0 953
0 0 8734
1 14893 14893
-1
-1
0 0 14759
1 21110 21110
1 32191 32191
-1
-1
0 0 15499
1 15019 15019
-1
-1
0 0 15598
-1
1 25268 25268
0 0 15250
1 30346 30346
1 18141 18141
1 917 917
-1
0 0 14762
1 17885 17885
1 22370 22370
-1
0 0 6580
0 0 14325
1 10352 10352
-1
0 0 12976
0 0 4811
0 0 99
-1
0 0 4072
0 0 1920
-1
1 13478 13478
-1
0 0 9776
1 22768 22768
0 0 14920
0 0 5523
1 30340 30340
-1
-1
-1
1 28487 28487
0 0 12952
0 0 13593
0 0 10757
1 543 543
0 0 5251
1 27377 27377
1 11454 11454
-1
0 0 8972
-1
1 14427 14427
-1
1 606 606
1 16781 16781
1 17182 17182
-1
0 0 9150
0 0 7925
-1
-1
-1
-1
-1
0 0 6877
1 28776 28776
1 22001 22001
-1
1 27868 27868
-1
-1
-1
0 0 4660
-1
1 26316 26316
1 6510 6510
-1
1 4609 4609
0 0 16214
1 26771 26771
1 23327 23327
-1
1 29332 29332
-1
1 18731 18731
1 22245 22245
0 0 11996
-1
-1
-1
-1
-1
0 0 3098
1 26022 26022
-1
-1
1 17417 17417
0 0 9032
-1
0 0 3715
1 20467 20467
-1
-1
1 6138 6138
0 0 14728
-1
-1
1 18168 18168
1 22034 22034
1 21189 21189
1 27260 27260
0 0 1931
1 962 962
1 6524 6524
1 24742 24742
0 0 47
0 0 5309
1 2629 2629
0 0 2243
1 593 593
1 10154 10154
-1
0 0 3362
0 0 10287
1 29269 29269
0 0 12019
0 0 1263
0 0 9014
-1
-1
0 0 7379
1 32086 32086
0 0 2309
0 0 12589
-1
-1
-1
0 0 12631
-1
-1
0 0 6561
1 16275 16275
-1
0 0 9283
-1
-1
-1
0 0 4601
-1
1 16575 16575
1 9015 9015
0 0 2595
1 25045 25045
1 9828 9828
0 0 7305
-1
0 0 14738
1 25681 25681
1 19331 19331
0 0 13877
-1
-1
0 0 15420
-1
-1
-1
0 0 10844
-1
0 0 762
0 0 3672
0 0 12847
0 0 3517
0 0 4129
-1
0 0 12714
1 32036 32036
0 0 4647
0 0 6289
-1
1 29241 29241
1 11446 11446
0 0 12105
1 6412 6412
-1
-1
1 7454 7454
-1
1 15767 15767
0 0 7794
1 11556 11556
0 0 4717
-1
0 0 14754
1 7092 7092
-1
0 0 16122
0 0 7706
-1
-1
0 0 1007
-1
-1
-1
1 756 756
0 0 12200
1 11849 11849
1 7389 7389
-1
1 12472 12472
1 17713 17713
-1
-1
0 0 6673
0 0 1023
0 0 7330
-1
-1
1 7802 7802
0 0 8088
-1
0 0 6377
0 0 5712
0 0 5650
-1
