-1
0 0 13802
1 21359 21359
1 21172 21172
0 0 12546
1 14738 14738
-1
1 18008 18008
0 0 4320
1 10194 10194
1 17797 17797
0 0 14466
-1
1 16067 16067
-1
1 23420 23420
0 0 13493
0 0 10923
1 16383 16383
-1
0 0 7812
1 28613 28613
0 0 8289
1 21854 21854
-1
-1
0 0 10453
-1
-1
-1
1 28649 28649
0 0 1961
1 30870 30870
1 10188 10188
-1
-1
0 0 5412
1 28821 28821
0 0 4886
1 23789 23789
1 30289 30289
0 0 8803
-1
0 0 8101
1 32240 32240
0 0 15446
1 13305 13305
1 23045 23045
-1
-1
0 0 9677
-1
0 0 11734
1 15658 15658
0 0 10239
1 15022 15022
-1
-1
1 23312 23312
-1
1 11100 11100
1 11474 11474
1 26407 26407
1 6974 6974
-1
1 19502 19502
-1
1 21256 21256
0 0 5006
-1
1 27809 27809
1 20552 20552
0 0 3052
-1
-1
0 0 5438
1 11082 11082
1 3577 3577
1 10713 10713
0 0 6994
0 0 4025
1 27243 27243
1 17044 17044
1 24004 24004
1 1665 1665
-1
-1
-1
0 0 12447
1 5558 5558
1 28834 28834
-1
1 18847 18847
0 0 932
-1
0 0 2544
1 11575 11575
0 0 1309
-1
0 0 4719
0 0 3040
1 28947 28947
-1
-1
1 3482 3482
0 0 13838
0 0 12672
0 0 11246
1 30276 30276
-1
0 0 10678
1 7833 7833
0 0 2930
-1
0 0 20
1 17666 17666
-1
0 0 9253
0 0 4032
1 27841 27841
0 0 7145
1 9683 9683
-1
1 7299 7299
-1
-1
1 28447 28447
0 0 9020
0 0 1202
-1
0 0 10681
1 24277 24277
0 0 15802
0 0 13958
1 10103 10103
-1
0 0 3945
0 0 7296
1 10220 10220
1 11436 11436
0 0 14095
0 0 6108
0 0 506
-1
0 0 10958
0 0 13395
-1
0 0 2943
0 0 7900
-1
0 0 13091
1 29700 29700
-1
-1
0 0 5797
0 0 14208
1 19748 19748
-1
-1
0 0 8227
-1
0 0 11304
-1
-1
1 4474 4474
1 18393 18393
1 25176 25176
-1
1 21188 21188
-1
-1
1 20010 20010
1 25113 25113
-1
1 20146 20146
1 1414 1414
-1
0 0 8490
-1
-1
1 18590 18590
-1
0 0 777
0 0 11063
0 0 10435
0 0 4719
0 0 13680
-1
-1
-1
-1
0 0 10053
1 6582 6582
0 0 1390
-1
0 0 4109
1 22799 22799
0 0 15708
0 0 4079
-1
-1
1 2933 2933
1 11753 11753
-1
1 24948 24948
1 28160 28160
1 1762 1762
1 7934 7934
0 0 8948
0 0 11526
-1
-1
1 23731 23731
-1
-1
0 0 2206
1 8995 8995
1 5706 5706
1 24996 24996
0 0 16276
-1
0 0 3354
-1
0 0 16195
-1
0 0 3592
1 685 685
0 0 2293
0 0 2234
-1
0 0 12707
1 16495 16495
1 32719 32719
0 0 10691
0 0 8893
1 19503 19503
-1
1 5880 5880
-1
1 30924 30924
0 0 13053
-1
1 6551 6551
1 25067 25067
-1
-1
0 0 3803
1 25011 25011
1 16793 16793
0 0 2728
-1
-1
-1
-1
0 0 8192
1 7544 7544
1 20394 20394
1 32048 32048
-1
0 0 8301
-1
1 3500 3500
1 28630 28630
0 0 856
0 0 9140
0 0 14569
1 3863 3863
1 13112 13112
1 32587 32587
-1
-1
1 49 49
0 0 5418
1 18588 18588
0 0 10365
-1
1 23918 23918
0 0 7220
0 0 3591
-1
-1
1 17202 17202
0 0 13271
0 0 11076
-1
-1
-1
-1
0 0 1392
-1
-1
1 16934 16934
-1
0 0 4128
1 18632 18632
1 13943 13943
1 20155 20155
1 10136 10136
-1
1 31726 31726
-1
1 10957 10957
0 0 8279
-1
0 0 5403
1 498 498
1 12920 12920
1 31188 31188
0 0 9290
1 1631 1631
-1
1 30865 30865
0 0 8455
0 0 150
1 3445 3445
-1
0 0 4922
-1
0 0 7798
1 7485 7485
-1
0 0 6679
-1
1 27410 27410
1 6149 6149
-1
0 0 6319
1 11525 11525
0 0 11907
1 30233 30233
1 9590 9590
0 0 1481
1 16803 16803
1 26667 26667
0 0 14231
1 3260 3260
-1
0 0 7977
1 22867 22867
1 27270 27270
-1
-1
1 11787 11787
-1
0 0 6470
-1
1 6505 6505
-1
0 0 11484
1 4419 4419
1 7136 7136
0 0 11336
1 22021 22021
0 0 5702
1 3271 3271
0 0 10349
-1
0 0 6897
0 0 5740
-1
0 0 15556
1 7827 7827
0 0 9308
-1
0 0 3919
1 5164 5164
-1
-1
-1
0 0 10111
-1
-1
-1
0 0 14417
1 18480 18480
-1
1 3299 3299
-1
1 30409 30409
0 0 12674
1 25661 25661
1 9229 9229
0 0 13588
-1
0 0 2618
0 0 7402
-1
-1
1 28002 28002
1 27503 27503
-1
0 0 4537
0 0 13762
-1
1 19206 19206
0 0 10835
-1
-1
0 0 1095
-1
-1
0 0 8858
1 9245 9245
-1
1 27687 27687
1 32624 32624
1 12826 12826
-1
1 14418 14418
-1
0 0 10347
-1
0 0 15009
-1
0 0 3458
0 0 9262
-1
-1
0 0 5406
0 0 13316
1 31465 31465
1 18893 18893
-1
1 7634 7634
0 0 7451
0 0 8507
0 0 15312
1 6294 6294
1 7288 7288
-1
-1
1 16565 16565
1 3602 3602
-1
0 0 8006
1 3731 3731
-1
0 0 5591
0 0 1923
-1
-1
-1
0 0 2407
1 17459 17459
1 31751 31751
-1
0 0 12506
-1
-1
0 0 3090
1 26227 26227
0 0 502
1 13311 13311
0 0 9503
0 0 14481
1 21497 21497
-1
-1
1 22983 22983
1 14452 14452
0 0 3562
0 0 9789
0 0 6496
0 0 10223
0 0 10799
-1
0 0 1452
1 15550 15550
0 0 14098
1 3745 3745
1 16953 16953
0 0 1549
-1
-1
1 26611 26611
1 11264 11264
0 0 5094
0 0 7739
0 0 6332
0 0 14592
1 2610 2610
-1
1 31396 31396
0 0 6359
0 0 11251
1 9729 9729
1 22703 22703
0 0 12690
-1
-1
0 0 7773
1 22912 22912
1 28627 28627
-1
0 0 4899
1 2399 2399
0 0 4312
0 0 15049
-1
0 0 12211
1 4908 4908
-1
-1
0 0 4961
0 0 13528
1 3384 3384
0 0 7618
1 32667 32667
0 0 13288
1 6346 6346
-1
1 26019 26019
0 0 5089
0 0 11406
1 25106 25106
0 0 9031
-1
-1
0 0 4527
1 10392 10392
0 0 11665
0 0 3377
-1
0 0 12413
-1
0 0 14264
-1
1 23157 23157
-1
1 11888 11888
0 0 13442
0 0 13799
0 0 7410
-1
1 30825 30825
1 15952 15952
0 0 12544
-1
1 14529 14529
1 17476 17476
0 0 13739
0 0 14159
-1
-1
1 26427 26427
1 12728 12728
1 22525 22525
0 0 11239
0 0 3731
-1
-1
1 16785 16785
0 0 12955
1 14587 14587
1 29188 29188
-1
0 0 2391
1 13694 13694
-1
1 28770 28770
0 0 14137
0 0 12684
1 28773 28773
1 5941 5941
0 0 8390
-1
-1
0 0 2050
-1
1 19128 19128
-1
0 0 8094
1 8605 8605
0 0 5018
-1
0 0 9830
0 0 16365
0 0 862
0 0 11217
-1
1 31998 31998
1 22967 22967
-1
1 2897 2897
-1
1 31309 31309
-1
0 0 15388
0 0 8198
1 27374 27374
1 8598 8598
-1
1 23646 23646
1 9420 9420
-1
1 22233 22233
-1
0 0 15151
-1
1 6431 6431
1 31210 31210
0 0 14576
0 0 3744
-1
0 0 7409
1 27599 27599
0 0 1579
1 6867 6867
-1
-1
1 7238 7238
0 0 563
1 17574 17574
-1
-1
-1
0 0 8644
1 8090 8090
0 0 14528
1 4734 4734
0 0 16261
-1
-1
-1
0 0 5929
0 0 8804
1 14458 14458
0 0 12286
0 0 6230
0 0 4806
-1
1 5855 5855
0 0 5121
0 0 6865
1 6914 6914
1 11542 11542
-1
-1
0 0 1312
1 30415 30415
1 22933 22933
1 11016 11016
0 0 4242
-1
-1
0 0 3888
0 0 5957
1 26146 26146
1 26181 26181
0 0 5392
1 304 304
-1
0 0 12148
1 2293 2293
0 0 3357
0 0 10711
0 0 7624
1 21585 21585
-1
-1
1 5797 5797
-1
-1
0 0 835
0 0 12442
0 0 7071
1 28529 28529
0 0 13628
0 0 1720
0 0 16132
1 1215 1215
0 0 14081
-1
1 7372 7372
-1
-1
0 0 9267
1 20561 20561
1 6576 6576
1 29108 29108
0 0 4061
0 0 11665
0 0 2710
-1
0 0 6003
1 17420 17420
0 0 8477
1 16755 16755
0 0 3498
-1
0 0 3072
-1
1 23182 23182
0 0 990
1 10508 10508
0 0 4778
-1
1 22516 22516
-1
-1
0 0 13211
1 24104 24104
1 12050 12050
0 0 9941
1 28399 28399
-1
-1
1 24398 24398
0 0 8576
0 0 14122
0 0 7612
0 0 4486
-1
1 13277 13277
-1
-1
1 32326 32326
-1
-1
-1
-1
-1
-1
0 0 1132
-1
-1
-1
0 0 14403
0 0 10479
1 14597 14597
-1
0 0 9779
0 0 12287
-1
-1
1 8970 8970
1 16921 16921
1 30164 30164
-1
0 0 3201
-1
-1
0 0 2963
-1
1 13261 13261
0 0 15049
0 0 7045
0 0 304
1 7238 7238
0 0 8272
-1
-1
1 28537 28537
1 3237 3237
-1
-1
1 14640 14640
-1
0 0 14492
1 9569 9569
1 6105 6105
-1
1 25925 25925
0 0 7610
0 0 13186
1 6831 6831
1 8244 8244
0 0 7599
1 31211 31211
-1
0 0 3070
-1
0 0 13041
1 5008 5008
1 28665 28665
1 11280 11280
1 23787 23787
1 8579 8579
-1
0 0 15654
1 6181 6181
-1
1 4085 4085
1 27210 27210
0 0 10539
0 0 874
1 2079 2079
1 9166 9166
-1
0 0 4015
0 0 10986
0 0 8336
-1
1 308 308
0 0 8818
1 17808 17808
-1
1 2454 2454
1 3459 3459
-1
0 0 1746
-1
1 22216 22216
1 21766 21766
-1
1 19785 19785
0 0 9368
-1
1 14785 14785
1 30957 30957
1 12568 12568
1 10215 10215
1 16677 16677
1 6334 6334
-1
1 1001 1001
-1
-1
1 1377 1377
0 0 8723
1 18067 18067
0 0 12092
-1
0 0 131
-1
1 27348 27348
-1
0 0 6140
1 7381 7381
-1
0 0 15315
-1
1 13447 13447
-1
1 31057 31057
1 16853 16853
-1
-1
-1
0 0 13718
0 0 2248
-1
1 850 850
1 28783 28783
0 0 4930
0 0 2848
-1
0 0 7375
-1
1 7637 7637
1 31744 31744
0 0 4446
1 13550 13550
-1
-1
-1
-1
1 6605 6605
1 31783 31783
0 0 16376
0 0 13582
1 5866 5866
1 20958 20958
0 0 11602
1 26066 26066
-1
1 15062 15062
-1
-1
1 27955 27955
0 0 9444
0 0 2066
0 0 13771
0 0 14232
1 23896 23896
1 31014 31014
0 0 3010
0 0 2866
0 0 10563
-1
1 13603 13603
1 7460 7460
1 18235 18235
1 29905 29905
0 0 15964
1 26373 26373
-1
1 8775 8775
1 2355 2355
1 28513 28513
-1
0 0 15707
1 678 678
-1
0 0 10165
1 851 851
0 0 11362
0 0 4966
-1
-1
0 0 1717
0 0 753
0 0 7126
-1
-1
1 20617 20617
0 0 9525
-1
1 9062 9062
-1
0 0 7290
0 0 14117
1 24994 24994
0 0 2815
1 594 594
-1
1 15666 15666
1 8950 8950
0 0 1655
-1
-1
1 3279 3279
0 0 1166
1 9611 9611
0 0 2775
-1
1 25483 25483
0 0 6299
0 0 592
-1
1 18388 18388
1 632 632
0 0 15611
-1
0 0 6521
1 14118 14118
-1
1 25180 25180
1 5576 5576
1 8223 8223
0 0 3251
-1
-1
-1
-1
-1
-1
1 2164 2164
1 21917 21917
-1
-1
-1
1 9073 9073
0 0 10667
0 0 8684
-1
0 0 2363
1 19578 19578
-1
0 0 6345
0 0 4178
1 12899 12899
1 18894 18894
1 12864 12864
1 1553 1553
0 0 13181
1 32479 32479
1 13233 13233
1 3964 3964
1 9705 9705
-1
-1
-1
-1
-1
0 0 14632
1 14200 14200
1 31055 31055
-1
0 0 14914
0 0 12956
-1
0 0 4811
0 0 8002
1 31317 31317
0 0 12829
1 17857 17857
0 0 12335
1 10304 10304
1 12974 12974
1 23688 23688
-1
0 0 4615
1 23182 23182
1 22467 22467
0 0 9203
1 28924 28924
1 25057 25057
0 0 3927
0 0 11936
1 15076 15076
-1
-1
1 18128 18128
0 0 8292
1 10829 10829
1 27256 27256
1 23348 23348
-1
-1
0 0 4512
0 0 5256
1 19268 19268
0 0 4667
0 0 4680
1 23952 23952
0 0 9736
-1
0 0 15627
1 15070 15070
-1
0 0 16018
1 26597 26597
0 0 3925
0 0 8977
0 0 14417
0 0 13947
0 0 3157
0 0 7419
0 0 8877
1 21923 21923
0 0 2188
-1
1 1843 1843
0 0 12054
-1
1 20650 20650
-1
0 0 12955
0 0 6103
-1
1 20938 20938
0 0 5924
0 0 3502
0 0 4991
0 0 7896
1 13391 13391
0 0 9921
0 0 16370
1 10766 10766
1 3095 3095
-1
-1
1 21789 21789
1 22230 22230
-1
1 32287 32287
-1
0 0 8786
1 14798 14798
0 0 4129
1 19109 19109
1 9979 9979
0 0 13882
0 0 9774
0 0 13239
-1
-1
0 0 982
0 0 10823
0 0 2709
0 0 3711
1 3353 3353
-1
0 0 14519
1 167 167
0 0 11221
1 27998 27998
0 0 15368
0 0 9677
0 0 7816
1 24959 24959
-1
0 0 547
0 0 3086
1 9176 9176
1 23708 23708
0 0 6734
-1
0 0 13766
0 0 11527
1 143 143
0 0 4495
1 27395 27395
0 0 11004
1 19609 19609
-1
-1
1 24280 24280
1 29750 29750
1 29966 29966
0 0 13585
-1
1 4198 4198
1 8585 8585
0 0 5303
-1
-1
1 31879 31879
1 19645 19645
0 0 10636
0 0 10892
-1
1 26698 26698
-1
0 0 7896
0 0 13619
0 0 2379
1 27766 27766
1 6150 6150
0 0 9832
1 29409 29409
-1
1 559 559
0 0 229
-1
0 0 13036
0 0 10081
1 29109 29109
-1
1 3136 3136
-1
-1
-1
-1
-1
0 0 1793
1 22543 22543
1 19723 19723
1 14646 14646
0 0 14954
1 13582 13582
0 0 13393
-1
0 0 6201
1 8112 8112
1 25764 25764
0 0 9716
1 498 498
-1
1 14756 14756
1 23910 23910
0 0 2306
1 11551 11551
0 0 13708
0 0 2550
-1
1 8693 8693
0 0 3311
-1
-1
1 5505 5505
1 9908 9908
1 20982 20982
-1
1 1138 1138
-1
-1
-1
1 2618 2618
0 0 11778
-1
1 24528 24528
-1
1 7154 7154
0 0 8100
0 0 14996
0 0 5240
-1
-1
0 0 1790
1 13591 13591
0 0 7091
-1
-1
0 0 9668
-1
0 0 9604
-1
0 0 13700
1 30023 30023
0 0 14100
1 25840 25840
1 22566 22566
-1
0 0 11933
1 23542 23542
0 0 11734
1 10755 10755
-1
-1
1 4400 4400
0 0 2061
-1
-1
1 17798 17798
0 0 2082
1 23162 23162
1 24629 24629
0 0 12965
1 19701 19701
0 0 7649
1 32199 32199
0 0 15789
-1
-1
-1
-1
1 31251 31251
-1
1 32049 32049
0 0 6680
0 0 7594
1 1509 1509
0 0 6896
0 0 11075
-1
0 0 8503
1 15193 15193
-1
0 0 8797
0 0 12784
0 0 1551
-1
0 0 582
0 0 16351
0 0 9581
-1
1 10461 10461
1 30225 30225
1 22747 22747
1 30207 30207
-1
-1
0 0 73
0 0 848
-1
-1
1 12310 12310
1 14808 14808
-1
0 0 7981
-1
1 13993 13993
0 0 14243
1 13480 13480
1 24587 24587
1 20959 20959
0 0 6765
-1
0 0 11950
0 0 9796
1 18472 18472
0 0 3643
0 0 8348
-1
-1
0 0 15007
1 18791 18791
0 0 13412
1 2297 2297
0 0 10151
0 0 812
0 0 7719
-1
0 0 16107
-1
0 0 8213
0 0 2643
-1
1 3180 3180
1 11327 11327
0 0 12415
1 25873 25873
0 0 12558
-1
0 0 10798
0 0 11224
-1
1 19315 19315
-1
1 28577 28577
1 20800 20800
-1
1 1929 1929
-1
0 0 333
-1
-1
1 21116 21116
1 14245 14245
-1
-1
0 0 12729
-1
1 22903 22903
0 0 1837
-1
0 0 7700
0 0 10394
0 0 10909
-1
1 14506 14506
0 0 9192
1 8591 8591
1 1574 1574
-1
-1
-1
0 0 1568
1 7431 7431
-1
0 0 3128
0 0 8463
0 0 13089
0 0 13431
0 0 2831
1 15270 15270
0 0 13250
-1
0 0 6725
-1
1 29907 29907
0 0 13417
0 0 13919
-1
-1
1 11962 11962
0 0 8917
1 15396 15396
1 4981 4981
-1
0 0 9040
0 0 13934
-1
-1
1 31196 31196
-1
-1
-1
0 0 16251
1 12181 12181
-1
-1
1 11630 11630
1 908 908
1 11175 11175
-1
-1
-1
0 0 9115
1 18326 18326
1 15085 15085
1 22834 22834
1 8241 8241
-1
1 30439 30439
-1
0 0 2610
-1
0 0 9618
1 12032 12032
1 15041 15041
1 24273 24273
-1
-1
1 7647 7647
-1
-1
-1
1 1654 1654
1 14019 14019
0 0 1404
0 0 12152
1 21988 21988
1 31244 31244
-1
-1
-1
0 0 15727
-1
1 23342 23342
0 0 7288
0 0 15045
-1
-1
0 0 3199
-1
1 21908 21908
1 9669 9669
1 7619 7619
1 18063 18063
0 0 1286
-1
-1
0 0 14065
1 18669 18669
1 1290 1290
0 0 683
1 15875 15875
0 0 3925
0 0 11789
0 0 16090
0 0 14667
0 0 10896
-1
0 0 13683
1 30985 30985
-1
-1
1 17552 17552
1 12040 12040
1 7577 7577
-1
-1
0 0 6275
1 31943 31943
0 0 7920
0 0 16191
0 0 7262
-1
1 2562 2562
-1
0 0 1488
-1
0 0 2865
1 30298 30298
-1
1 81 81
-1
-1
-1
1 8619 8619
1 15144 15144
-1
0 0 16286
0 0 12373
-1
0 0 8785
-1
-1
-1
-1
1 19541 19541
0 0 5311
0 0 12935
-1
0 0 9639
0 0 5983
0 0 8267
-1
0 0 5025
0 0 11965
0 0 11698
1 777 777
0 0 1767
1 8482 8482
1 21865 21865
-1
0 0 13670
1 13706 13706
1 16913 16913
0 0 2334
-1
1 10601 10601
0 0 8042
1 10338 10338
-1
1 28891 28891
1 6569 6569
0 0 5419
0 0 8921
1 2015 2015
0 0 966
1 5626 5626
1 23556 23556
0 0 4717
0 0 13696
0 0 4457
-1
1 31506 31506
1 10889 10889
1 19596 19596
1 29821 29821
1 3380 3380
1 5935 5935
1 28017 28017
0 0 14122
0 0 2023
1 25341 25341
-1
0 0 13714
1 23511 23511
0 0 5059
-1
0 0 2521
0 0 14481
1 31838 31838
0 0 3368
0 0 6144
1 2286 2286
0 0 3791
0 0 4513
1 21981 21981
-1
1 8801 8801
-1
0 0 5035
-1
0 0 8612
-1
-1
0 0 7809
0 0 6269
-1
0 0 15572
1 7794 7794
-1
1 18097 18097
1 3701 3701
-1
1 1120 1120
-1
0 0 12767
-1
-1
-1
0 0 6453
0 0 14860
0 0 9347
-1
-1
-1
1 32729 32729
0 0 15187
-1
-1
-1
-1
1 14218 14218
-1
-1
0 0 5865
-1
1 4046 4046
0 0 9365
1 1115 1115
1 20487 20487
0 0 14906
0 0 378
-1
1 3952 3952
0 0 9686
-1
0 0 1608
0 0 16110
0 0 1110
1 659 659
1 15684 15684
-1
0 0 14021
1 14862 14862
0 0 6608
0 0 2438
1 7619 7619
-1
1 11202 11202
0 0 10257
-1
0 0 5194
0 0 11893
1 21984 21984
1 13347 13347
-1
-1
0 0 170
0 0 10075
-1
0 0 3845
1 20696 20696
0 0 6461
0 0 14008
0 0 4444
-1
1 12127 12127
0 0 11208
-1
-1
0 0 6875
0 0 10581
1 28397 28397
1 31388 31388
0 0 11356
1 9395 9395
-1
-1
1 24835 24835
0 0 2576
0 0 1259
1 31934 31934
-1
-1
1 19025 19025
1 2968 2968
-1
-1
-1
-1
1 5371 5371
0 0 8674
0 0 4085
0 0 2733
0 0 7650
1 14163 14163
-1
1 30965 30965
1 15164 15164
-1
0 0 11670
-1
1 8404 8404
1 2937 2937
1 22781 22781
0 0 9034
-1
1 7734 7734
1 20273 20273
-1
1 14632 14632
0 0 8279
-1
0 0 6825
1 13120 13120
-1
0 0 6315
0 0 4345
1 30511 30511
0 0 4708
-1
-1
-1
1 20655 20655
-1
0 0 15208
-1
-1
1 20771 20771
0 0 12799
-1
0 0 15485
-1
-1
-1
0 0 15647
-1
0 0 11451
-1
0 0 15852
1 21489 21489
0 0 15332
0 0 13496
0 0 8257
0 0 3828
0 0 15760
0 0 3132
-1
1 8509 8509
-1
0 0 12737
0 0 16320
1 8246 8246
-1
1 25753 25753
0 0 8748
-1
0 0 1851
0 0 16020
-1
0 0 12462
1 13539 13539
1 14461 14461
0 0 9746
0 0 10084
1 11878 11878
0 0 7974
-1
0 0 14763
1 25731 25731
-1
-1
1 26370 26370
-1
0 0 14991
0 0 6254
-1
-1
0 0 13566
1 18980 18980
1 26948 26948
-1
0 0 773
-1
1 17667 17667
0 0 1022
0 0 12857
-1
0 0 1942
1 13712 13712
-1
1 30176 30176
1 3053 3053
1 19681 19681
0 0 8239
-1
1 5272 5272
-1
-1
-1
1 21025 21025
-1
-1
1 30838 30838
1 1955 1955
1 19532 19532
0 0 4024
1 28413 28413
1 27867 27867
0 0 14775
1 13069 13069
-1
1 6315 6315
-1
1 12808 12808
1 1970 1970
-1
1 32673 32673
0 0 11348
-1
0 0 13606
-1
1 21147 21147
0 0 4334
1 14359 14359
0 0 9885
1 7534 7534
1 20901 20901
0 0 12467
0 0 12316
1 31510 31510
1 20176 20176
-1
1 26651 26651
-1
0 0 249
0 0 14986
0 0 9972
0 0 13779
0 0 3090
0 0 580
0 0 13366
0 0 8053
-1
0 0 16217
0 0 7513
1 31417 31417
0 0 10198
0 0 11675
0 0 8520
-1
-1
0 0 1263
-1
0 0 12925
1 24445 24445
1 3353 3353
0 0 2966
1 15081 15081
-1
-1
1 26597 26597
0 0 3756
1 6637 6637
-1
1 807 807
-1
-1
-1
0 0 2828
1 7424 7424
0 0 1224
-1
1 28580 28580
-1
-1
1 10906 10906
1 16120 16120
1 13150 13150
1 16700 16700
1 15133 15133
-1
1 19241 19241
1 32617 32617
0 0 1680
0 0 8709
1 22047 22047
0 0 5634
1 29235 29235
1 19449 19449
1 17424 17424
1 3677 3677
-1
1 23316 23316
0 0 14488
-1
0 0 1527
1 23388 23388
-1
0 0 10947
1 29543 29543
-1
-1
1 24708 24708
0 0 15430
0 0 9515
-1
0 0 9548
-1
1 7008 7008
0 0 14235
1 2467 2467
-1
-1
0 0 8185
0 0 2500
0 0 10665
0 0 4790
0 0 9379
0 0 8794
1 3749 3749
1 19681 19681
1 9252 9252
0 0 11079
1 2646 2646
1 8965 8965
1 10716 10716
1 26123 26123
-1
1 25084 25084
1 30375 30375
1 2589 2589
0 0 8548
0 0 3990
0 0 15888
0 0 15646
0 0 4529
1 31170 31170
0 0 4581
0 0 8820
-1
1 22826 22826
0 0 194
-1
0 0 3168
0 0 7628
1 5658 5658
-1
0 0 15834
-1
-1
-1
1 18864 18864
1 15138 15138
-1
0 0 5671
-1
-1
1 15004 15004
-1
1 32300 32300
1 18502 18502
-1
-1
-1
1 4755 4755
0 0 14388
-1
1 14450 14450
-1
-1
-1
-1
-1
1 32135 32135
0 0 2553
0 0 640
0 0 11287
0 0 5230
-1
0 0 12995
1 27273 27273
1 677 677
-1
-1
0 0 15359
1 22031 22031
1 21724 21724
0 0 8219
-1
1 22192 22192
1 15617 15617
1 6695 6695
0 0 16317
1 8957 8957
-1
0 0 7967
1 12683 12683
0 0 11113
1 11011 11011
1 32505 32505
0 0 3557
-1
1 22357 22357
1 1530 1530
-1
1 13949 13949
1 28765 28765
-1
-1
-1
0 0 9519
0 0 6148
-1
0 0 10157
0 0 15890
1 30862 30862
1 9396 9396
-1
0 0 10940
1 5959 5959
0 0 10738
-1
1 26030 26030
1 22282 22282
0 0 7276
0 0 7137
-1
1 10449 10449
0 0 6826
0 0 6481
-1
1 32312 32312
1 20709 20709
1 30424 30424
0 0 15608
1 13315 13315
-1
0 0 8148
0 0 11342
-1
1 18236 18236
-1
0 0 7036
1 14972 14972
-1
0 0 5514
0 0 5365
0 0 15728
0 0 4418
0 0 5462
-1
1 16408 16408
-1
1 15828 15828
1 2257 2257
1 27669 27669
-1
0 0 674
1 10664 10664
1 6899 6899
-1
1 18198 18198
-1
-1
1 24506 24506
1 4427 4427
1 29818 29818
0 0 8630
-1
1 27718 27718
0 0 7417
1 5742 5742
1 31794 31794
1 7503 7503
0 0 12135
0 0 4623
0 0 2405
0 0 15497
-1
1 14541 14541
1 4783 4783
1 17949 17949
1 13276 13276
0 0 13556
1 26076 26076
0 0 6066
1 13226 13226
-1
0 0 7050
1 18114 18114
-1
-1
-1
1 5998 5998
-1
-1
0 0 1221
1 18570 18570
1 27698 27698
1 886 886
-1
-1
0 0 8399
0 0 423
0 0 825
-1
0 0 15250
0 0 9753
1 283 283
1 23700 23700
-1
1 22929 22929
0 0 11066
0 0 15869
-1
0 0 509
-1
-1
-1
-1
0 0 3897
-1
-1
1 21226 21226
0 0 3345
0 0 13173
-1
-1
1 20372 20372
1 10197 10197
1 18008 18008
0 0 431
0 0 10107
0 0 7792
-1
0 0 5435
-1
0 0 1737
0 0 15004
-1
0 0 10830
1 14554 14554
-1
1 17517 17517
-1
-1
0 0 14524
1 15756 15756
0 0 13421
1 3779 3779
1 5502 5502
1 9385 9385
-1
0 0 10585
-1
0 0 11167
-1
0 0 7269
1 5374 5374
-1
0 0 14732
1 31340 31340
-1
-1
1 14704 14704
0 0 9134
0 0 7293
-1
1 8146 8146
-1
1 3658 3658
1 5290 5290
-1
0 0 6290
1 30087 30087
-1
-1
0 0 4604
1 14620 14620
-1
1 9182 9182
0 0 4488
0 0 4989
0 0 8554
0 0 6646
0 0 10706
0 0 5003
1 24610 24610
1 1115 1115
0 0 10279
0 0 12532
0 0 9600
-1
1 19344 19344
-1
1 16339 16339
-1
-1
1 17193 17193
-1
0 0 2232
-1
-1
0 0 6599
0 0 10268
0 0 5209
0 0 8166
0 0 10935
-1
0 0 5709
-1
0 0 1560
-1
0 0 5305
-1
-1
0 0 580
0 0 6857
-1
0 0 5739
-1
1 12472 12472
0 0 15469
0 0 7016
0 0 3015
-1
-1
1 23261 23261
-1
0 0 8311
0 0 5207
-1
1 7514 7514
0 0 1398
1 9833 9833
-1
0 0 13673
0 0 8547
0 0 15709
0 0 1289
1 653 653
-1
0 0 6695
1 16322 16322
1 23339 23339
1 21801 21801
0 0 9898
-1
0 0 6151
-1
0 0 8450
-1
1 8157 8157
1 7493 7493
-1
-1
1 23298 23298
1 22140 22140
1 12351 12351
0 0 14692
0 0 12566
0 0 2883
-1
0 0 3956
1 21709 21709
1 2415 2415
0 0 10235
0 0 8563
1 20381 20381
0 0 12622
-1
1 9680 9680
0 0 11658
0 0 8113
0 0 6446
1 20437 20437
-1
1 6515 6515
1 15539 15539
0 0 8806
0 0 13279
-1
0 0 15475
-1
1 22329 22329
-1
-1
1 22555 22555
-1
0 0 13154
-1
-1
1 12719 12719
1 22100 22100
-1
-1
-1
1 5388 5388
-1
1 12764 12764
1 22490 22490
-1
-1
1 20453 20453
1 3767 3767
-1
-1
1 11176 11176
-1
1 10642 10642
0 0 2116
-1
1 7386 7386
-1
-1
1 25172 25172
1 13992 13992
1 26572 26572
0 0 12074
-1
-1
0 0 4428
-1
1 5693 5693
1 20884 20884
1 21397 21397
-1
-1
-1
0 0 9347
-1
0 0 15616
1 7370 7370
0 0 76
-1
1 28563 28563
1 16052 16052
1 2524 2524
-1
-1
-1
1 30916 30916
1 22035 22035
1 1231 1231
1 159 159
1 26665 26665
0 0 12773
0 0 7012
-1
1 3142 3142
1 16864 16864
1 8519 8519
1 14648 14648
-1
1 14962 14962
0 0 36
-1
0 0 4292
0 0 3216
0 0 7866
1 27877 27877
-1
-1
1 31382 31382
0 0 15318
0 0 670
1 21996 21996
0 0 5644
0 0 9765
0 0 5133
-1
1 17294 17294
0 0 2288
1 14923 14923
-1
1 27181 27181
1 1102 1102
0 0 13282
1 584 584
-1
-1
0 0 9458
1 16817 16817
0 0 14200
-1
-1
0 0 12933
1 9268 9268
-1
1 4979 4979
0 0 5899
1 31711 31711
0 0 16257
1 22286 22286
-1
-1
1 448 448
1 7333 7333
-1
1 27831 27831
-1
0 0 13059
-1
-1
1 10035 10035
0 0 12467
0 0 5542
1 1907 1907
0 0 11412
1 27614 27614
-1
1 24357 24357
-1
-1
0 0 15748
0 0 9769
1 19050 19050
0 0 1520
1 16721 16721
1 20800 20800
1 12305 12305
-1
-1
-1
0 0 10612
0 0 5070
1 6299 6299
-1
1 5191 5191
1 27153 27153
1 32746 32746
-1
-1
1 11998 11998
1 32569 32569
1 374 374
-1
0 0 4267
0 0 2749
-1
1 28779 28779
0 0 14297
1 31648 31648
0 0 14533
0 0 16140
1 23949 23949
-1
0 0 86
-1
0 0 13107
-1
0 0 2902
0 0 14079
1 28706 28706
0 0 8928
-1
1 31193 31193
-1
1 16605 16605
0 0 9148
1 18560 18560
0 0 10337
-1
1 22332 22332
-1
-1
-1
-1
1 13663 13663
0 0 13997
-1
1 1721 1721
-1
1 11907 11907
1 16634 16634
0 0 8416
0 0 81
-1
1 20297 20297
0 0 2464
1 16005 16005
1 25784 25784
0 0 12788
1 17336 17336
-1
-1
0 0 12668
1 6479 6479
1 17684 17684
1 25614 25614
1 22686 22686
0 0 12583
-1
-1
1 24449 24449
0 0 2001
1 940 940
0 0 10025
1 5967 5967
0 0 12207
-1
1 30898 30898
-1
0 0 2972
0 0 13721
-1
1 26737 26737
-1
1 17087 17087
-1
0 0 12889
0 0 9637
0 0 7269
0 0 2315
-1
0 0 13266
0 0 6017
-1
1 12998 12998
1 4442 4442
-1
0 0 9016
1 21789 21789
-1
1 15112 15112
-1
-1
-1
0 0 11267
1 15214 15214
-1
-1
0 0 14410
1 13982 13982
1 12617 12617
-1
0 0 14490
-1
0 0 931
0 0 11343
0 0 16086
0 0 5229
-1
1 12302 12302
0 0 4036
-1
1 19513 19513
1 20914 20914
0 0 587
1 18960 18960
-1
1 29165 29165
0 0 9909
0 0 2040
-1
-1
1 27607 27607
0 0 7798
0 0 12120
1 2809 2809
0 0 2237
-1
1 8094 8094
0 0 11172
0 0 5913
0 0 11567
0 0 744
1 11822 11822
-1
-1
0 0 14685
-1
-1
0 0 201
-1
-1
-1
0 0 13179
1 4007 4007
1 4383 4383
0 0 14919
0 0 13305
-1
-1
1 27908 27908
1 23500 23500
1 4437 4437
1 27634 27634
0 0 4524
1 26927 26927
-1
1 23657 23657
0 0 10404
-1
1 21243 21243
0 0 5518
0 0 4457
0 0 11162
0 0 6918
-1
0 0 8796
1 22689 22689
0 0 8199
-1
0 0 384
1 18990 18990
-1
1 23741 23741
0 0 15291
0 0 12925
-1
1 29996 29996
0 0 9236
0 0 14405
-1
0 0 1238
1 30184 30184
0 0 674
0 0 15815
-1
-1
0 0 12154
-1
-1
-1
0 0 8102
-1
1 25395 25395
-1
-1
1 3904 3904
0 0 2403
-1
1 30495 30495
0 0 8767
0 0 3041
1 32742 32742
-1
-1
-1
-1
0 0 8068
-1
1 3353 3353
1 2211 2211
0 0 7050
-1
1 12121 12121
0 0 15531
0 0 5068
1 8070 8070
1 4049 4049
-1
-1
-1
0 0 13704
1 10485 10485
0 0 1996
1 29279 29279
1 11976 11976
1 5658 5658
1 26906 26906
0 0 3925
1 13390 13390
-1
1 29721 29721
-1
1 2843 2843
0 0 11598
1 30738 30738
-1
-1
0 0 10278
1 16485 16485
1 5637 5637
0 0 5139
0 0 16288
0 0 10090
0 0 5163
1 6797 6797
0 0 9287
0 0 3844
-1
0 0 7620
-1
1 29710 29710
-1
0 0 7012
0 0 8617
-1
-1
0 0 16015
-1
1 9388 9388
-1
0 0 16255
1 6011 6011
0 0 9576
0 0 989
0 0 15233
1 3175 3175
0 0 4589
-1
0 0 8757
-1
0 0 14886
1 32172 32172
-1
1 13634 13634
1 2824 2824
0 0 3829
0 0 4421
0 0 14953
0 0 491
-1
1 14193 14193
-1
-1
1 28295 28295
1 20250 20250
1 26890 26890
0 0 1308
1 27388 27388
0 0 16058
0 0 2613
1 1617 1617
1 21792 21792
-1
-1
-1
-1
-1
1 20099 20099
1 19591 19591
-1
0 0 9951
1 13323 13323
0 0 4864
-1
1 25763 25763
-1
-1
0 0 8553
-1
0 0 10159
0 0 6687
-1
0 0 12645
1 4372 4372
0 0 2843
0 0 7916
1 23362 23362
-1
-1
1 32224 32224
-1
0 0 9067
-1
-1
-1
0 0 6259
1 12914 12914
-1
1 30084 30084
-1
1 13657 13657
0 0 6641
0 0 6982
-1
0 0 12384
-1
1 25746 25746
-1
0 0 16102
0 0 553
-1
0 0 13499
1 19076 19076
1 22995 22995
-1
-1
0 0 9769
0 0 10119
1 17028 17028
1 7048 7048
-1
0 0 13161
1 4385 4385
0 0 13282
0 0 9325
-1
0 0 8000
-1
0 0 15598
-1
-1
-1
0 0 12487
-1
1 1553 1553
0 0 5721
0 0 14310
0 0 14170
1 9377 9377
-1
0 0 3438
-1
0 0 2008
-1
1 8677 8677
1 15682 15682
1 1227 1227
0 0 5682
1 24434 24434
0 0 12214
-1
0 0 5479
0 0 5625
0 0 13705
1 17144 17144
1 24692 24692
-1
0 0 13395
1 22099 22099
0 0 1404
-1
1 2717 2717
0 0 1698
-1
0 0 2612
0 0 10743
-1
1 7167 7167
0 0 12082
0 0 10058
-1
-1
1 10593 10593
1 21012 21012
1 29518 29518
-1
1 21923 21923
1 23024 23024
1 31220 31220
0 0 4924
1 13014 13014
0 0 13848
-1
1 19054 19054
-1
1 4066 4066
-1
-1
0 0 9561
1 21398 21398
0 0 13766
0 0 433
1 6184 6184
0 0 12785
0 0 1119
0 0 6548
-1
-1
-1
1 17477 17477
0 0 15333
-1
-1
-1
1 15514 15514
0 0 15467
0 0 13306
-1
1 16637 16637
1 25883 25883
-1
1 19070 19070
-1
-1
1 25432 25432
0 0 11732
0 0 8390
1 6783 6783
0 0 12659
0 0 7949
-1
-1
-1
0 0 6107
1 9608 9608
0 0 3874
1 14408 14408
0 0 12496
1 23303 23303
0 0 8
1 25970 25970
1 9924 9924
0 0 9117
1 25887 25887
0 0 7943
-1
1 10183 10183
0 0 14487
-1
0 0 13085
0 0 16281
0 0 10754
-1
-1
1 26474 26474
-1
1 16250 16250
1 32702 32702
-1
-1
1 28542 28542
0 0 6857
0 0 4846
1 28567 28567
1 11064 11064
1 16691 16691
1 27493 27493
-1
1 23330 23330
-1
0 0 6823
0 0 11750
-1
-1
0 0 3068
0 0 4900
0 0 2959
0 0 4993
1 32297 32297
0 0 13358
0 0 4268
1 198 198
0 0 13762
0 0 11766
1 8465 8465
1 13665 13665
0 0 10125
0 0 4272
-1
1 6126 6126
0 0 13036
-1
1 30934 30934
1 10699 10699
0 0 5768
-1
-1
1 10523 10523
-1
-1
1 28812 28812
1 12101 12101
-1
-1
0 0 2843
1 24435 24435
-1
0 0 10545
-1
1 9492 9492
0 0 2431
0 0 9681
0 0 10827
-1
1 8500 8500
-1
0 0 445
0 0 14174
-1
-1
0 0 7811
-1
-1
1 4524 4524
1 11822 11822
0 0 8707
1 29785 29785
0 0 184
0 0 7106
-1
1 19858 19858
0 0 5200
-1
-1
1 10247 10247
0 0 14442
1 26190 26190
0 0 15377
1 10840 10840
-1
0 0 7887
-1
-1
-1
0 0 15087
1 15418 15418
1 31615 31615
0 0 9691
-1
1 14092 14092
0 0 5316
-1
1 27890 27890
1 27035 27035
0 0 14698
1 26626 26626
1 32455 32455
0 0 14018
0 0 6010
0 0 10200
-1
-1
0 0 4145
-1
1 12304 12304
-1
0 0 893
-1
0 0 10222
1 20491 20491
-1
-1
0 0 13511
1 8799 8799
1 1286 1286
0 0 9655
0 0 11830
-1
0 0 2771
-1
1 25568 25568
0 0 5063
-1
-1
0 0 6394
-1
-1
-1
0 0 3311
0 0 10177
1 20517 20517
0 0 14738
0 0 9530
1 5072 5072
-1
0 0 3419
0 0 3157
0 0 11298
-1
0 0 11643
0 0 11538
0 0 5175
0 0 1140
-1
-1
1 29720 29720
0 0 9308
0 0 315
1 8068 8068
0 0 12011
-1
-1
-1
-1
0 0 2435
0 0 15580
0 0 6568
-1
-1
1 23065 23065
-1
1 21317 21317
0 0 1429
0 0 7303
0 0 11331
0 0 8432
-1
1 6671 6671
1 28886 28886
0 0 2101
1 8269 8269
1 28946 28946
0 0 9778
-1
-1
-1
1 32529 32529
1 29747 29747
1 6111 6111
-1
0 0 2866
-1
1 13961 13961
0 0 8461
-1
0 0 4883
0 0 11974
1 1709 1709
1 22596 22596
1 10788 10788
0 0 15292
-1
-1
1 8714 8714
-1
1 11952 11952
1 7683 7683
1 15516 15516
-1
-1
1 30673 30673
-1
1 8493 8493
0 0 537
1 11739 11739
0 0 4049
0 0 1749
1 19091 19091
1 18210 18210
0 0 13816
0 0 733
-1
-1
1 28573 28573
0 0 6626
0 0 7964
0 0 1808
-1
1 9623 9623
0 0 7076
-1
0 0 15000
0 0 5999
-1
0 0 8533
0 0 4744
-1
0 0 4259
0 0 10515
0 0 15008
-1
0 0 1997
1 11485 11485
0 0 7157
0 0 1176
0 0 14540
-1
-1
-1
1 18049 18049
0 0 7050
1 25744 25744
0 0 12996
0 0 12681
0 0 7742
1 17840 17840
0 0 12014
-1
0 0 7926
1 13449 13449
1 20069 20069
-1
0 0 13562
0 0 11915
0 0 2551
1 16774 16774
1 24645 24645
0 0 716
1 6065 6065
0 0 3850
-1
-1
-1
1 28749 28749
-1
1 22981 22981
-1
1 22150 22150
-1
1 26561 26561
0 0 2382
1 29214 29214
1 7717 7717
0 0 5033
-1
0 0 5882
-1
0 0 15814
-1
1 5358 5358
0 0 2388
-1
1 31543 31543
1 14451 14451
0 0 12952
-1
1 4589 4589
0 0 4984
-1
1 11492 11492
1 14982 14982
0 0 14636
-1
0 0 4773
1 15931 15931
1 18078 18078
0 0 12050
-1
1 23462 23462
-1
0 0 15114
1 21831 21831
0 0 13476
0 0 6484
-1
0 0 7867
0 0 1026
0 0 10101
-1
0 0 4409
0 0 13009
0 0 3331
0 0 5578
0 0 3674
-1
0 0 8641
1 8453 8453
1 18548 18548
-1
1 27627 27627
0 0 6012
1 17457 17457
0 0 7096
1 11091 11091
0 0 14210
0 0 8087
1 29618 29618
-1
1 6369 6369
0 0 3065
1 3223 3223
-1
-1
-1
-1
-1
1 20138 20138
-1
-1
0 0 14748
1 24381 24381
0 0 1490
-1
1 3228 3228
0 0 13304
-1
1 11753 11753
-1
0 0 8793
1 20074 20074
1 17837 17837
1 21939 21939
1 32403 32403
0 0 6752
-1
1 5699 5699
-1
-1
0 0 14002
-1
-1
-1
1 12716 12716
0 0 7033
0 0 2975
-1
-1
1 18313 18313
0 0 15182
0 0 9331
1 6481 6481
-1
-1
-1
0 0 5100
0 0 12536
0 0 13182
1 10409 10409
0 0 7460
1 8401 8401
-1
1 30266 30266
0 0 2295
-1
0 0 2391
1 10195 10195
1 19584 19584
-1
0 0 12347
-1
-1
-1
1 20170 20170
0 0 1588
-1
1 7801 7801
1 11335 11335
-1
1 1301 1301
-1
0 0 10583
0 0 2136
0 0 10706
-1
1 8552 8552
0 0 5363
-1
0 0 10146
0 0 1021
0 0 6551
0 0 11222
1 11667 11667
0 0 4170
1 8484 8484
1 9245 9245
-1
0 0 11588
0 0 851
-1
0 0 15235
1 13515 13515
-1
-1
0 0 4232
1 2167 2167
0 0 272
0 0 4769
-1
1 25416 25416
-1
-1
0 0 6033
-1
0 0 10351
0 0 6583
-1
1 31625 31625
1 16758 16758
-1
0 0 9450
1 27175 27175
0 0 4403
0 0 13481
-1
1 26442 26442
1 28777 28777
0 0 5052
-1
-1
0 0 15678
-1
-1
1 31369 31369
1 28774 28774
0 0 563
1 569 569
-1
1 297 297
0 0 7458
0 0 13324
1 17282 17282
-1
1 9882 9882
1 1812 1812
1 9269 9269
1 21165 21165
-1
1 28363 28363
1 23219 23219
1 24656 24656
1 23966 23966
1 1765 1765
-1
0 0 10184
1 4735 4735
0 0 15044
1 13016 13016
-1
-1
1 5602 5602
-1
1 27798 27798
1 12529 12529
0 0 16209
-1
-1
1 24459 24459
-1
0 0 15040
0 0 354
1 20587 20587
1 17585 17585
0 0 2586
0 0 7386
0 0 10343
0 0 2490
-1
-1
1 28764 28764
0 0 1348
-1
1 6068 6068
0 0 8652
-1
-1
-1
0 0 6968
0 0 13726
-1
-1
0 0 14169
0 0 824
1 283 283
-1
0 0 8010
0 0 5393
0 0 15262
1 4991 4991
-1
-1
0 0 13231
1 16433 16433
1 27381 27381
0 0 360
0 0 11855
1 31059 31059
0 0 6184
0 0 15553
0 0 7838
0 0 25
-1
-1
-1
1 14563 14563
-1
1 23934 23934
0 0 2088
0 0 1117
-1
1 10518 10518
0 0 6846
1 17620 17620
1 18706 18706
-1
0 0 14395
0 0 6215
1 19723 19723
0 0 2956
-1
-1
0 0 11076
-1
1 16333 16333
-1
-1
1 32694 32694
-1
-1
1 20574 20574
0 0 3903
0 0 344
1 32361 32361
-1
1 10180 10180
-1
1 21788 21788
1 20769 20769
-1
0 0 6111
1 1851 1851
0 0 7630
0 0 5675
-1
1 29186 29186
-1
1 31162 31162
0 0 16361
0 0 2678
1 20375 20375
0 0 10594
-1
0 0 4128
0 0 5232
1 11913 11913
-1
1 4995 4995
-1
1 22689 22689
1 12700 12700
0 0 13823
-1
1 10154 10154
-1
1 25409 25409
1 9705 9705
-1
0 0 3414
1 15775 15775
0 0 14232
0 0 16008
1 27805 27805
-1
-1
1 12862 12862
1 25218 25218
-1
-1
0 0 9082
-1
1 7311 7311
0 0 15547
0 0 5427
1 18969 18969
0 0 8368
0 0 3259
1 28105 28105
-1
0 0 11763
-1
-1
0 0 1623
-1
-1
0 0 15649
-1
-1
-1
0 0 7468
1 12224 12224
-1
-1
1 25944 25944
-1
1 1620 1620
1 4827 4827
1 14347 14347
-1
-1
1 31290 31290
0 0 13342
-1
0 0 14425
1 15852 15852
0 0 5535
1 136 136
0 0 4181
-1
1 19559 19559
1 26872 26872
-1
1 521 521
1 21387 21387
1 31866 31866
0 0 13769
-1
1 15242 15242
1 11726 11726
-1
0 0 7632
-1
-1
0 0 15426
-1
1 3997 3997
-1
1 31083 31083
1 11617 11617
1 31486 31486
0 0 14836
0 0 16148
1 20682 20682
1 8915 8915
1 1641 1641
-1
1 20532 20532
1 8846 8846
1 27424 27424
1 12128 12128
1 597 597
-1
0 0 10771
0 0 9267
1 9033 9033
1 28682 28682
-1
1 2900 2900
0 0 15239
0 0 10336
1 3395 3395
0 0 2828
-1
-1
1 8895 8895
-1
0 0 5827
0 0 14480
-1
1 6965 6965
0 0 11029
1 30807 30807
0 0 5680
0 0 3743
-1
0 0 15868
0 0 14115
0 0 12736
0 0 4552
0 0 3785
0 0 143
1 7871 7871
-1
1 31933 31933
0 0 12563
-1
0 0 3638
0 0 11975
0 0 15260
0 0 263
0 0 8525
-1
-1
1 29178 29178
1 3883 3883
0 0 8463
1 28458 28458
-1
0 0 8003
-1
1 14200 14200
1 17649 17649
-1
-1
0 0 4568
-1
1 19120 19120
0 0 7285
1 8803 8803
-1
1 27458 27458
1 27023 27023
-1
-1
0 0 13714
-1
0 0 2331
1 16942 16942
1 12469 12469
1 31065 31065
-1
-1
-1
1 19446 19446
1 334 334
0 0 12638
-1
1 26509 26509
0 0 10479
1 23625 23625
0 0 6193
1 28385 28385
1 23624 23624
1 4063 4063
-1
-1
1 16664 16664
1 11130 11130
1 1157 1157
-1
0 0 10496
-1
0 0 3395
-1
0 0 9772
0 0 4670
1 27559 27559
-1
1 9110 9110
-1
-1
0 0 12373
0 0 11756
-1
0 0 14474
-1
-1
-1
0 0 7490
1 18897 18897
0 0 12557
-1
0 0 12077
-1
0 0 3332
1 21824 21824
-1
0 0 14756
0 0 5612
1 7455 7455
-1
0 0 6558
0 0 13871
0 0 6755
-1
-1
0 0 6152
-1
1 11750 11750
1 25538 25538
-1
-1
-1
0 0 14433
0 0 12287
1 15520 15520
1 10884 10884
0 0 2802
1 25050 25050
0 0 13302
1 14657 14657
1 22060 22060
-1
-1
-1
-1
0 0 2044
-1
-1
-1
0 0 9624
-1
-1
-1
1 8381 8381
-1
-1
-1
0 0 3608
-1
1 27937 27937
-1
-1
1 29603 29603
0 0 14451
0 0 9072
1 25691 25691
0 0 3554
0 0 9440
1 32130 32130
0 0 3192
0 0 10091
1 22449 22449
-1
1 10284 10284
0 0 10517
-1
0 0 3723
0 0 3756
-1
-1
0 0 15210
1 18018 18018
0 0 15836
-1
1 15302 15302
1 24155 24155
1 9452 9452
1 22097 22097
-1
-1
1 12629 12629
0 0 4684
-1
-1
0 0 716
-1
0 0 8225
1 12336 12336
1 22563 22563
-1
-1
0 0 5235
0 0 14289
1 26901 26901
1 25125 25125
-1
0 0 14533
1 8558 8558
0 0 13351
1 24937 24937
0 0 8263
1 11390 11390
1 6356 6356
0 0 597
1 27437 27437
1 23957 23957
0 0 7488
1 21626 21626
1 10786 10786
-1
-1
-1
1 28401 28401
0 0 1989
-1
-1
0 0 304
1 24317 24317
1 31278 31278
1 19133 19133
0 0 6526
1 9885 9885
-1
1 24829 24829
-1
-1
1 31811 31811
0 0 15791
0 0 9433
1 20567 20567
0 0 4035
0 0 7605
1 27704 27704
1 5157 5157
1 25081 25081
1 11597 11597
0 0 14557
1 18568 18568
1 31881 31881
-1
0 0 6029
1 23121 23121
0 0 7635
0 0 15810
-1
0 0 5277
-1
1 21480 21480
0 0 12702
-1
-1
1 31554 31554
1 11664 11664
1 15037 15037
1 15854 15854
0 0 10298
-1
-1
0 0 15035
1 3076 3076
1 27623 27623
0 0 8654
-1
-1
1 4244 4244
0 0 4616
1 20356 20356
1 10118 10118
1 12451 12451
0 0 11347
0 0 912
-1
0 0 11914
-1
0 0 6318
0 0 6371
0 0 9172
-1
-1
-1
-1
1 18341 18341
0 0 12874
0 0 9344
-1
1 25002 25002
-1
-1
-1
0 0 10173
1 31489 31489
-1
-1
1 22143 22143
0 0 13175
1 28220 28220
0 0 881
-1
-1
-1
0 0 1171
0 0 15512
0 0 4034
0 0 4395
-1
-1
0 0 12549
0 0 600
0 0 674
1 5582 5582
0 0 14462
-1
-1
-1
1 3985 3985
-1
1 18149 18149
-1
-1
-1
1 11948 11948
1 27952 27952
-1
-1
0 0 2487
-1
-1
0 0 8903
0 0 13361
0 0 1242
-1
1 28098 28098
-1
-1
-1
-1
-1
1 11146 11146
-1
0 0 13761
-1
0 0 3993
-1
1 988 988
0 0 11612
-1
1 28693 28693
-1
0 0 5140
0 0 10868
-1
-1
0 0 7634
0 0 12045
0 0 4108
0 0 6291
0 0 15776
0 0 1036
0 0 3752
1 12239 12239
1 3669 3669
-1
1 5900 5900
-1
0 0 9725
-1
0 0 10076
-1
1 14737 14737
0 0 163
-1
-1
1 6458 6458
-1
0 0 726
0 0 12199
-1
1 23376 23376
0 0 12719
0 0 13573
1 11812 11812
0 0 15325
0 0 3182
1 10515 10515
-1
1 30071 30071
0 0 11538
1 12653 12653
1 29214 29214
0 0 3751
1 20286 20286
-1
0 0 2300
1 30570 30570
-1
-1
-1
-1
1 12297 12297
1 4535 4535
0 0 5130
-1
-1
-1
-1
-1
1 21169 21169
-1
-1
-1
0 0 855
1 29994 29994
1 6683 6683
-1
1 12010 12010
1 21035 21035
1 13050 13050
-1
0 0 10948
-1
0 0 9378
-1
-1
1 31268 31268
1 19600 19600
0 0 12469
0 0 6782
1 28754 28754
1 17464 17464
1 16536 16536
0 0 6675
-1
1 19929 19929
-1
1 15198 15198
0 0 16373
1 11224 11224
1 3785 3785
-1
0 0 12657
0 0 12781
0 0 9233
-1
-1
1 27979 27979
-1
-1
1 20004 20004
1 28633 28633
-1
1 32641 32641
-1
1 4598 4598
0 0 1128
0 0 13675
-1
1 22362 22362
-1
1 17197 17197
1 19549 19549
-1
-1
-1
0 0 3772
0 0 10768
1 32754 32754
0 0 11469
1 24285 24285
1 6087 6087
1 27295 27295
-1
-1
1 17461 17461
1 25857 25857
1 4704 4704
0 0 2952
1 26871 26871
0 0 9724
-1
-1
1 31194 31194
1 8906 8906
-1
-1
1 7538 7538
-1
-1
-1
0 0 1482
0 0 1533
-1
-1
0 0 15855
-1
1 31182 31182
1 7769 7769
-1
0 0 5311
-1
0 0 13052
-1
1 20272 20272
0 0 443
1 1977 1977
-1
-1
-1
0 0 15915
-1
-1
1 30381 30381
-1
0 0 11550
-1
-1
1 14169 14169
-1
0 0 8289
-1
0 0 12918
-1
0 0 10628
1 4162 4162
-1
-1
-1
0 0 747
0 0 14365
1 26424 26424
0 0 9231
0 0 347
0 0 1598
1 27427 27427
1 30654 30654
1 18549 18549
0 0 11870
0 0 9264
0 0 7670
-1
-1
1 7868 7868
1 970 970
1 25077 25077
-1
1 23107 23107
1 3291 3291
1 6515 6515
1 20041 20041
1 456 456
1 9607 9607
-1
1 4368 4368
1 5475 5475
0 0 16333
0 0 1234
-1
0 0 15990
0 0 2401
-1
0 0 302
1 1670 1670
1 3860 3860
0 0 13323
1 2472 2472
1 29968 29968
1 24456 24456
-1
0 0 9191
1 7858 7858
0 0 7740
1 1882 1882
1 5071 5071
0 0 3499
1 20005 20005
1 32683 32683
0 0 13796
1 810 810
0 0 12185
1 16966 16966
0 0 14272
0 0 7825
-1
0 0 2551
-1
1 23925 23925
1 29936 29936
1 19439 19439
0 0 14398
0 0 2574
0 0 12462
-1
0 0 510
-1
1 29086 29086
0 0 16341
1 21692 21692
1 5672 5672
0 0 8423
-1
0 0 1049
-1
0 0 1972
-1
0 0 2623
0 0 8885
-1
0 0 14983
0 0 5489
-1
1 7870 7870
1 31726 31726
1 12866 12866
-1
1 2276 2276
-1
-1
0 0 6653
-1
0 0 2608
-1
-1
1 12513 12513
-1
1 25695 25695
1 16106 16106
0 0 4477
0 0 2907
-1
-1
0 0 3304
1 24357 24357
1 7463 7463
-1
0 0 15358
-1
1 552 552
-1
0 0 7168
-1
-1
0 0 6736
1 7870 7870
1 13229 13229
0 0 14053
0 0 11835
0 0 16126
1 30065 30065
1 25755 25755
-1
1 1769 1769
0 0 12315
-1
0 0 11012
0 0 5705
1 22665 22665
-1
1 27263 27263
0 0 2870
-1
-1
0 0 4459
0 0 4456
1 28701 28701
1 17899 17899
0 0 12489
0 0 15547
1 6156 6156
-1
-1
0 0 5888
0 0 7665
-1
-1
0 0 14649
-1
-1
0 0 4472
1 22962 22962
-1
-1
0 0 6316
-1
-1
-1
0 0 419
-1
0 0 6156
0 0 7986
0 0 2987
-1
0 0 7193
-1
1 12524 12524
0 0 11269
0 0 1177
0 0 224
-1
-1
0 0 10218
1 353 353
-1
0 0 9350
0 0 3049
1 31601 31601
1 14496 14496
-1
-1
-1
-1
-1
-1
0 0 9738
0 0 9562
1 8947 8947
1 14102 14102
-1
1 31327 31327
1 5499 5499
0 0 11483
0 0 11075
-1
-1
0 0 3728
1 7456 7456
0 0 3478
1 29890 29890
-1
-1
0 0 1356
1 5141 5141
0 0 3601
0 0 12473
-1
-1
-1
0 0 10182
1 30899 30899
0 0 4347
1 21488 21488
0 0 3786
1 29633 29633
-1
0 0 5891
1 7961 7961
1 22402 22402
1 5343 5343
0 0 15951
1 21060 21060
1 7313 7313
1 6450 6450
-1
1 2665 2665
1 22989 22989
1 15804 15804
1 13957 13957
0 0 5438
0 0 10603
-1
-1
1 28569 28569
1 5784 5784
0 0 14813
1 23094 23094
1 19324 19324
0 0 5852
0 0 11684
-1
1 20231 20231
-1
0 0 12835
1 18568 18568
1 9407 9407
-1
-1
-1
-1
-1
0 0 12679
-1
-1
-1
-1
0 0 15375
1 2380 2380
-1
0 0 7423
0 0 2256
1 4419 4419
0 0 1174
-1
1 6569 6569
1 24607 24607
-1
1 31044 31044
1 10065 10065
0 0 9055
1 17130 17130
0 0 5245
1 3253 3253
0 0 9361
0 0 4511
-1
-1
1 6385 6385
0 0 15965
1 11168 11168
1 1336 1336
-1
-1
0 0 6241
-1
1 6808 6808
0 0 5026
0 0 2993
-1
1 17008 17008
-1
-1
1 31665 31665
1 2225 2225
-1
0 0 9257
1 10167 10167
0 0 12378
0 0 7654
1 26610 26610
0 0 12377
1 6776 6776
1 20054 20054
0 0 9307
1 31453 31453
1 19742 19742
-1
-1
0 0 8189
1 20843 20843
0 0 11443
-1
0 0 8935
0 0 9764
-1
-1
0 0 10832
1 18758 18758
1 4678 4678
1 10335 10335
1 23999 23999
-1
-1
0 0 13920
1 505 505
-1
1 30421 30421
0 0 10685
-1
0 0 6221
-1
0 0 8578
1 9113 9113
0 0 9973
1 4412 4412
0 0 736
1 27316 27316
1 10809 10809
1 22869 22869
0 0 15929
0 0 11946
-1
-1
1 24769 24769
-1
-1
1 17967 17967
1 6071 6071
-1
1 29516 29516
1 11617 11617
1 5190 5190
-1
1 24695 24695
0 0 8810
0 0 9440
1 29111 29111
1 18053 18053
1 20649 20649
-1
-1
-1
0 0 6180
0 0 9949
1 19782 19782
-1
-1
-1
0 0 8380
-1
-1
0 0 6794
1 25286 25286
-1
0 0 11439
-1
-1
1 22789 22789
0 0 1915
1 14200 14200
1 28491 28491
0 0 16373
0 0 3307
1 1626 1626
-1
0 0 12781
-1
1 724 724
1 22571 22571
-1
0 0 14099
1 5183 5183
0 0 2700
-1
0 0 14257
-1
1 31482 31482
1 12535 12535
1 631 631
0 0 8796
0 0 4661
1 27858 27858
-1
-1
1 32141 32141
1 15626 15626
1 24362 24362
1 27474 27474
1 6789 6789
0 0 7157
-1
0 0 12766
-1
0 0 2865
1 14566 14566
-1
0 0 6093
-1
1 356 356
0 0 9630
1 661 661
1 7675 7675
-1
1 92 92
1 27680 27680
1 13484 13484
1 15887 15887
0 0 8074
0 0 1274
0 0 6025
0 0 14758
1 7462 7462
0 0 15462
-1
1 18934 18934
1 17076 17076
0 0 3445
-1
1 27264 27264
-1
-1
1 15234 15234
-1
-1
-1
1 7665 7665
0 0 5608
-1
1 9898 9898
1 32676 32676
0 0 15592
-1
1 32310 32310
0 0 12985
0 0 15505
1 11766 11766
-1
-1
-1
1 27704 27704
-1
1 10726 10726
1 8347 8347
-1
-1
1 2795 2795
1 4123 4123
1 32306 32306
-1
0 0 11492
1 19615 19615
-1
0 0 5712
0 0 8580
0 0 10239
0 0 5994
-1
1 15832 15832
1 21460 21460
1 29215 29215
-1
0 0 6980
1 20478 20478
1 5897 5897
1 6221 6221
-1
-1
-1
1 17802 17802
0 0 1477
0 0 6031
0 0 11008
0 0 93
-1
0 0 1490
1 14375 14375
0 0 9580
1 2664 2664
-1
0 0 12434
1 21096 21096
1 21556 21556
-1
0 0 14368
0 0 9462
1 28096 28096
0 0 11784
-1
-1
0 0 11948
-1
0 0 5809
0 0 12027
1 12910 12910
0 0 5783
-1
-1
1 16409 16409
0 0 4323
1 31389 31389
0 0 6454
1 26513 26513
0 0 512
1 32684 32684
-1
1 29365 29365
1 30120 30120
-1
-1
0 0 16194
1 9420 9420
-1
1 1800 1800
-1
-1
1 26824 26824
0 0 15834
0 0 3443
0 0 3082
-1
-1
0 0 4568
1 2092 2092
-1
-1
-1
1 31393 31393
1 18215 18215
-1
0 0 228
1 13400 13400
-1
0 0 4918
0 0 9940
-1
0 0 5694
1 7066 7066
0 0 1944
0 0 12275
0 0 2860
0 0 12495
-1
-1
1 10855 10855
0 0 14751
0 0 2738
0 0 13342
-1
-1
1 27071 27071
-1
1 20118 20118
1 26338 26338
0 0 15376
-1
1 10866 10866
1 1146 1146
1 30266 30266
0 0 12491
-1
0 0 12523
-1
-1
0 0 10778
1 14028 14028
0 0 16008
-1
-1
1 18355 18355
0 0 8882
0 0 1487
-1
0 0 3572
1 16800 16800
-1
0 0 15259
-1
-1
0 0 10498
1 4013 4013
1 12739 12739
0 0 7363
1 17652 17652
1 10804 10804
-1
0 0 244
-1
0 0 349
-1
-1
-1
1 30102 30102
1 31302 31302
1 546 546
-1
0 0 254
0 0 7268
-1
1 25367 25367
1 23689 23689
0 0 8777
1 23698 23698
0 0 15624
0 0 2270
1 26399 26399
0 0 14223
-1
-1
0 0 13239
0 0 13914
-1
0 0 6725
0 0 12355
0 0 5311
0 0 5159
-1
0 0 5112
0 0 5156
-1
0 0 7576
-1
1 17670 17670
1 24838 24838
0 0 8742
1 29548 29548
-1
1 29705 29705
-1
0 0 8402
-1
0 0 12513
1 9798 9798
1 12152 12152
0 0 11771
0 0 13886
-1
1 26755 26755
-1
-1
1 370 370
1 2536 2536
-1
0 0 16122
1 29699 29699
1 30921 30921
-1
0 0 4173
0 0 1855
-1
1 4738 4738
1 25877 25877
1 16147 16147
-1
0 0 3926
1 3074 3074
0 0 7723
-1
-1
1 23235 23235
-1
-1
1 31657 31657
-1
0 0 19
0 0 13010
-1
-1
0 0 552
0 0 683
-1
1 9181 9181
0 0 4783
0 0 3195
0 0 2579
-1
0 0 13484
0 0 14309
0 0 4991
0 0 9101
1 7593 7593
0 0 15820
-1
-1
-1
1 18222 18222
0 0 3177
0 0 15040
1 20724 20724
1 31963 31963
0 0 7146
0 0 6356
0 0 2844
0 0 15995
0 0 9321
0 0 4744
1 28012 28012
0 0 555
0 0 14388
1 8773 8773
0 0 1846
1 25304 25304
1 7770 7770
0 0 8201
0 0 7103
1 16861 16861
-1
0 0 5127
-1
-1
1 13064 13064
1 29964 29964
1 23001 23001
-1
-1
0 0 4308
0 0 2830
1 18174 18174
1 8890 8890
-1
0 0 6835
1 26532 26532
0 0 8411
1 27127 27127
0 0 7608
0 0 3318
0 0 11717
-1
1 12630 12630
-1
1 21494 21494
1 10273 10273
0 0 9227
1 26184 26184
1 28121 28121
1 4269 4269
0 0 1417
-1
-1
1 8074 8074
0 0 4427
0 0 1923
0 0 11808
-1
-1
0 0 9708
1 12478 12478
1 32728 32728
-1
0 0 7086
0 0 13776
-1
1 23789 23789
-1
1 6400 6400
-1
-1
-1
0 0 14730
-1
1 20260 20260
0 0 6182
1 15548 15548
1 14070 14070
-1
1 13542 13542
0 0 5628
-1
-1
0 0 11029
-1
1 23120 23120
0 0 11904
1 25026 25026
1 491 491
-1
-1
1 9171 9171
-1
1 8099 8099
0 0 12522
0 0 11973
0 0 12644
-1
1 31432 31432
0 0 9676
-1
1 979 979
-1
-1
1 3757 3757
-1
1 2582 2582
1 14354 14354
1 29178 29178
0 0 10243
-1
0 0 6649
1 26616 26616
-1
0 0 460
1 23572 23572
0 0 7606
1 27041 27041
0 0 7459
-1
0 0 8610
1 26638 26638
1 15616 15616
-1
-1
-1
-1
0 0 8034
0 0 7096
0 0 710
-1
1 8004 8004
1 19660 19660
-1
-1
0 0 5762
-1
0 0 9028
-1
-1
1 31472 31472
0 0 6728
-1
1 2220 2220
1 28952 28952
-1
-1
0 0 6249
1 25076 25076
1 7868 7868
-1
0 0 11226
1 32654 32654
-1
1 3521 3521
0 0 4828
0 0 6986
1 26887 26887
-1
1 8271 8271
1 22744 22744
0 0 10539
-1
-1
0 0 11239
0 0 6444
0 0 2644
-1
-1
0 0 5434
0 0 4659
1 15726 15726
0 0 3951
-1
-1
1 6229 6229
1 22168 22168
-1
0 0 5240
-1
-1
-1
-1
0 0 4789
1 22024 22024
0 0 16154
0 0 15843
1 2597 2597
1 18103 18103
-1
0 0 9612
1 1895 1895
-1
1 5410 5410
1 23251 23251
0 0 1567
1 3385 3385
-1
1 9294 9294
0 0 15072
0 0 6445
0 0 7257
-1
0 0 6851
0 0 12930
0 0 4745
1 15192 15192
-1
1 26552 26552
-1
1 25738 25738
1 15314 15314
1 15001 15001
0 0 16296
1 29635 29635
-1
0 0 4857
1 11028 11028
-1
0 0 13980
0 0 10841
1 2005 2005
1 16220 16220
0 0 7334
0 0 16244
0 0 7063
1 21119 21119
0 0 6
0 0 4646
-1
0 0 14103
-1
0 0 11099
0 0 13633
1 6729 6729
-1
-1
1 29580 29580
1 32395 32395
-1
0 0 6620
1 18003 18003
0 0 2700
-1
1 23352 23352
-1
0 0 13949
0 0 14408
1 3725 3725
-1
0 0 15950
-1
-1
0 0 12593
0 0 550
1 15169 15169
-1
1 25023 25023
-1
0 0 3208
1 5191 5191
1 17598 17598
0 0 5830
-1
1 15200 15200
0 0 15506
1 6064 6064
1 25288 25288
-1
1 4736 4736
0 0 8196
1 23908 23908
0 0 1260
0 0 1102
1 19931 19931
1 24876 24876
0 0 5168
1 1549 1549
-1
0 0 3137
-1
-1
1 5613 5613
-1
-1
1 1547 1547
-1
1 21123 21123
-1
0 0 16136
-1
-1
1 5226 5226
0 0 15023
0 0 11987
-1
1 24475 24475
0 0 12013
0 0 734
1 4722 4722
-1
-1
-1
-1
1 31066 31066
-1
-1
-1
0 0 15527
0 0 15725
0 0 7679
0 0 14808
0 0 13161
1 10207 10207
0 0 11457
0 0 6507
-1
0 0 2566
1 27953 27953
0 0 554
1 13539 13539
-1
0 0 1790
-1
-1
-1
0 0 7390
0 0 7506
0 0 339
0 0 10480
-1
1 3875 3875
-1
0 0 874
1 10986 10986
0 0 6443
-1
-1
1 25853 25853
1 2782 2782
-1
-1
-1
1 14175 14175
0 0 10879
1 19719 19719
-1
1 29954 29954
0 0 9224
1 28074 28074
0 0 5075
1 5619 5619
1 17164 17164
-1
-1
0 0 1010
0 0 12565
0 0 3823
0 0 7815
0 0 13636
-1
0 0 10045
1 192 192
1 13850 13850
-1
1 7862 7862
-1
1 29140 29140
0 0 4286
0 0 5474
1 10716 10716
1 31352 31352
-1
1 23958 23958
-1
0 0 11365
0 0 11373
0 0 10160
1 11387 11387
1 10260 10260
-1
1 13345 13345
0 0 12260
-1
1 10422 10422
1 23061 23061
0 0 3653
0 0 7457
-1
1 14399 14399
0 0 4462
-1
-1
1 3301 3301
1 21560 21560
-1
1 28299 28299
0 0 1545
-1
1 12545 12545
1 14495 14495
1 7702 7702
-1
1 8937 8937
1 11087 11087
0 0 5889
0 0 14683
0 0 1690
-1
0 0 1047
0 0 8495
0 0 1190
-1
1 18611 18611
1 213 213
0 0 5838
0 0 10896
1 23024 23024
0 0 11832
-1
0 0 9157
-1
-1
0 0 14422
-1
0 0 817
1 9557 9557
0 0 7149
0 0 14237
0 0 10260
1 14265 14265
0 0 10893
1 9761 9761
1 13514 13514
0 0 827
0 0 14520
-1
0 0 8124
0 0 939
0 0 9454
-1
-1
-1
0 0 2805
0 0 11674
-1
-1
0 0 16147
0 0 15301
-1
1 18026 18026
-1
-1
1 12157 12157
1 17134 17134
1 12652 12652
1 13302 13302
1 29746 29746
1 30549 30549
0 0 1682
-1
1 11322 11322
-1
-1
1 14659 14659
-1
1 1203 1203
-1
0 0 6716
0 0 12701
-1
0 0 8705
-1
0 0 8462
0 0 7063
-1
-1
-1
-1
0 0 8639
0 0 16282
-1
1 3512 3512
-1
-1
0 0 5997
-1
-1
0 0 8937
0 0 10186
-1
1 436 436
0 0 9794
0 0 4290
0 0 1514
-1
0 0 163
0 0 6316
0 0 2289
-1
-1
-1
0 0 7126
1 28904 28904
1 29227 29227
0 0 6880
1 7327 7327
-1
1 32199 32199
1 26500 26500
1 18951 18951
1 740 740
0 0 3503
1 16015 16015
1 9627 9627
0 0 10603
1 31433 31433
0 0 6450
1 29680 29680
-1
-1
-1
-1
1 13002 13002
-1
1 29002 29002
-1
0 0 10688
-1
0 0 13530
1 16711 16711
1 17930 17930
0 0 7521
-1
0 0 9457
1 1483 1483
-1
-1
-1
-1
1 25844 25844
0 0 127
1 16198 16198
0 0 204
0 0 7589
-1
1 16721 16721
0 0 10113
-1
0 0 5547
0 0 16246
1 10592 10592
0 0 3038
1 29712 29712
1 21297 21297
0 0 16083
1 5296 5296
0 0 3684
1 290 290
0 0 16362
1 11499 11499
0 0 13625
1 26144 26144
1 29034 29034
0 0 14202
1 10428 10428
-1
1 30700 30700
0 0 1722
-1
1 28106 28106
1 867 867
-1
-1
1 30129 30129
1 17628 17628
0 0 1818
0 0 2348
1 21532 21532
-1
-1
-1
0 0 2034
1 10776 10776
-1
0 0 14292
0 0 9377
-1
-1
0 0 12961
0 0 11821
0 0 9643
0 0 14215
1 31953 31953
1 5037 5037
-1
1 30766 30766
0 0 8467
-1
1 31884 31884
0 0 2577
0 0 11564
0 0 12291
0 0 16352
1 25432 25432
1 29249 29249
0 0 11332
0 0 2294
-1
-1
1 4411 4411
1 20928 20928
1 18802 18802
1 635 635
1 8728 8728
1 12271 12271
0 0 1651
1 15828 15828
1 4217 4217
1 5554 5554
-1
-1
0 0 14544
-1
1 8978 8978
-1
-1
0 0 10038
1 11696 11696
1 17434 17434
-1
1 2281 2281
1 10880 10880
0 0 10658
0 0 3715
1 22277 22277
0 0 1159
-1
0 0 2437
0 0 14086
1 18956 18956
-1
1 27630 27630
1 13007 13007
1 14800 14800
1 812 812
-1
1 20516 20516
1 15060 15060
1 6097 6097
1 11284 11284
1 23905 23905
-1
0 0 2322
-1
-1
-1
1 15223 15223
-1
0 0 3399
1 9915 9915
0 0 16364
-1
-1
-1
0 0 9809
-1
1 18031 18031
0 0 2318
0 0 16247
1 4218 4218
1 7802 7802
0 0 10428
-1
-1
1 9557 9557
0 0 10411
1 15944 15944
0 0 15258
-1
-1
0 0 15216
0 0 12201
-1
-1
1 14605 14605
0 0 7079
1 7538 7538
0 0 11997
0 0 7454
-1
1 30408 30408
1 14989 14989
1 1698 1698
-1
1 19936 19936
0 0 8614
0 0 12249
1 17491 17491
-1
-1
0 0 5461
-1
-1
1 18660 18660
1 28425 28425
1 1810 1810
0 0 6984
-1
1 25870 25870
0 0 14414
1 29864 29864
0 0 15568
1 5186 5186
-1
0 0 6953
0 0 2217
-1
-1
-1
0 0 8559
-1
1 25067 25067
0 0 2092
0 0 52
0 0 5338
1 22644 22644
-1
0 0 8733
1 26038 26038
0 0 6800
-1
1 11073 11073
0 0 6273
1 16670 16670
1 20799 20799
0 0 4040
-1
1 28162 28162
1 13252 13252
0 0 2414
-1
0 0 11297
0 0 12732
1 18687 18687
1 26935 26935
1 22972 22972
-1
0 0 6459
0 0 14086
1 11311 11311
1 12374 12374
0 0 11121
0 0 12920
0 0 3550
-1
1 20363 20363
1 31315 31315
1 18800 18800
1 28879 28879
0 0 10476
1 30699 30699
0 0 16088
-1
0 0 9452
0 0 6554
-1
0 0 3852
1 1213 1213
-1
0 0 8131
0 0 5398
0 0 13742
0 0 15692
1 26980 26980
1 16805 16805
1 19630 19630
1 12029 12029
1 26472 26472
1 29788 29788
1 14417 14417
-1
0 0 9784
-1
0 0 13444
0 0 12718
1 4548 4548
-1
0 0 8091
1 18874 18874
1 22919 22919
1 17060 17060
0 0 9651
0 0 14281
1 16711 16711
0 0 16203
0 0 13412
-1
-1
0 0 10783
0 0 13269
0 0 5938
0 0 5999
-1
0 0 9217
-1
-1
1 25714 25714
-1
1 24278 24278
-1
0 0 5429
0 0 13586
-1
0 0 5408
1 32243 32243
0 0 1094
-1
0 0 2975
-1
-1
0 0 5270
1 9211 9211
1 7095 7095
0 0 10259
0 0 13046
1 25377 25377
0 0 7872
0 0 14248
0 0 14356
1 6464 6464
1 30963 30963
1 30615 30615
0 0 16366
1 12107 12107
1 30624 30624
0 0 4105
-1
-1
1 24860 24860
-1
0 0 6400
-1
0 0 191
-1
1 21057 21057
0 0 2157
0 0 16371
1 1202 1202
1 24734 24734
-1
-1
-1
0 0 13556
1 1035 1035
0 0 6308
-1
1 13369 13369
0 0 831
0 0 8712
-1
-1
0 0 14908
-1
1 9157 9157
0 0 13515
-1
1 10539 10539
0 0 5477
-1
1 9777 9777
1 3301 3301
1 18971 18971
-1
0 0 7329
0 0 11117
1 11956 11956
-1
0 0 1473
0 0 6180
1 27831 27831
1 12785 12785
-1
0 0 11256
0 0 15605
0 0 3735
1 5367 5367
-1
1 14389 14389
1 29623 29623
-1
-1
1 4136 4136
-1
0 0 175
-1
0 0 3513
1 5332 5332
0 0 14385
0 0 1142
-1
1 26794 26794
1 11716 11716
1 32011 32011
1 6027 6027
0 0 13222
1 27904 27904
1 18363 18363
-1
1 18119 18119
0 0 12986
-1
0 0 2030
1 12647 12647
-1
1 6086 6086
-1
0 0 2592
1 12799 12799
-1
0 0 3330
-1
-1
-1
-1
1 3001 3001
1 11055 11055
-1
1 19936 19936
-1
0 0 11205
1 25637 25637
-1
0 0 12812
1 18194 18194
-1
1 5515 5515
1 31727 31727
1 21088 21088
1 12643 12643
0 0 7442
1 8321 8321
0 0 5370
1 29016 29016
1 32099 32099
-1
0 0 1113
-1
-1
1 24667 24667
-1
1 12658 12658
1 1029 1029
0 0 13733
0 0 3353
0 0 5394
-1
-1
1 7469 7469
-1
1 27214 27214
0 0 2666
0 0 3684
-1
-1
1 21808 21808
0 0 5806
0 0 8122
0 0 429
1 6370 6370
-1
0 0 6280
-1
-1
-1
1 3205 3205
0 0 580
0 0 4061
-1
-1
-1
1 21184 21184
1 15717 15717
1 19837 19837
-1
1 5599 5599
0 0 4624
0 0 6630
0 0 8144
-1
1 17047 17047
0 0 12616
1 24573 24573
-1
-1
0 0 251
1 24893 24893
1 11570 11570
-1
0 0 15898
-1
-1
-1
0 0 4610
0 0 9019
-1
-1
-1
1 13456 13456
1 24854 24854
0 0 6483
0 0 5221
-1
1 31919 31919
-1
1 28742 28742
0 0 5835
-1
0 0 4074
0 0 15278
-1
1 17782 17782
-1
0 0 1645
1 24107 24107
1 18910 18910
-1
-1
1 26110 26110
-1
1 3559 3559
1 21077 21077
-1
1 4289 4289
0 0 1645
-1
-1
1 31374 31374
-1
1 12905 12905
0 0 11867
-1
-1
1 24695 24695
1 13754 13754
0 0 6068
1 60 60
1 20237 20237
0 0 13779
-1
1 12428 12428
0 0 6409
0 0 10582
-1
0 0 2648
1 19060 19060
-1
1 26470 26470
-1
-1
-1
0 0 2939
-1
1 5907 5907
-1
-1
-1
0 0 3167
1 3498 3498
0 0 1497
-1
-1
0 0 1567
1 26231 26231
1 30061 30061
-1
0 0 4151
0 0 15894
-1
0 0 12169
1 12008 12008
-1
-1
1 24877 24877
-1
-1
0 0 11247
0 0 4173
1 28937 28937
1 32240 32240
-1
1 30698 30698
0 0 4252
0 0 9627
1 10595 10595
-1
-1
1 6376 6376
-1
-1
-1
0 0 9959
-1
0 0 10243
1 4709 4709
-1
0 0 13342
1 2646 2646
0 0 10774
-1
1 21635 21635
-1
1 22169 22169
-1
0 0 12035
0 0 8439
1 11287 11287
1 7968 7968
0 0 15805
-1
0 0 4636
1 30397 30397
0 0 7671
1 3623 3623
-1
-1
0 0 9389
-1
-1
1 31288 31288
0 0 15758
-1
0 0 9438
1 16935 16935
-1
-1
0 0 16182
1 16992 16992
0 0 13697
0 0 2947
-1
1 26836 26836
0 0 8360
1 10199 10199
0 0 253
-1
0 0 166
1 20887 20887
-1
0 0 2182
0 0 5472
1 27539 27539
1 7400 7400
1 31499 31499
1 10725 10725
-1
-1
-1
0 0 11495
0 0 2241
0 0 3113
1 31577 31577
1 5883 5883
-1
1 15804 15804
1 10745 10745
1 25033 25033
1 3934 3934
1 8084 8084
-1
1 4348 4348
-1
1 13249 13249
1 27446 27446
-1
-1
1 4173 4173
0 0 3486
1 18068 18068
1 19813 19813
-1
-1
0 0 10362
1 10980 10980
-1
-1
1 7344 7344
0 0 10306
1 13088 13088
1 29816 29816
1 22016 22016
1 25914 25914
1 32724 32724
1 5517 5517
0 0 16191
-1
0 0 6745
1 1670 1670
1 4011 4011
0 0 10343
0 0 654
0 0 8041
1 11626 11626
0 0 277
-1
0 0 9809
0 0 13377
1 29845 29845
0 0 4199
0 0 6584
-1
0 0 6477
-1
0 0 11579
0 0 3242
1 6084 6084
1 23496 23496
-1
-1
1 22308 22308
0 0 5321
1 32738 32738
-1
1 4560 4560
1 20774 20774
-1
0 0 6770
-1
1 13793 13793
0 0 3206
0 0 9900
0 0 3382
0 0 16162
0 0 9263
0 0 10694
0 0 15758
0 0 1851
1 24155 24155
-1
-1
1 4801 4801
-1
1 1074 1074
0 0 7994
0 0 3336
-1
1 28448 28448
-1
1 16505 16505
0 0 5314
-1
0 0 3805
0 0 13526
-1
0 0 8011
1 27779 27779
1 2952 2952
-1
0 0 16056
-1
1 2184 2184
-1
1 9747 9747
-1
0 0 3366
0 0 4838
-1
-1
1 19486 19486
0 0 6350
-1
0 0 14246
-1
-1
1 775 775
0 0 14107
1 9260 9260
0 0 3876
1 32152 32152
1 20270 20270
1 10153 10153
1 30813 30813
0 0 10566
0 0 6339
1 27312 27312
0 0 3418
0 0 12477
1 2709 2709
1 28219 28219
1 30485 30485
0 0 11695
1 19504 19504
1 13287 13287
1 9480 9480
1 25881 25881
1 6966 6966
0 0 5179
0 0 4143
1 18924 18924
0 0 2819
1 7757 7757
1 6056 6056
0 0 7936
-1
0 0 11259
0 0 9566
-1
1 32541 32541
-1
-1
1 12285 12285
-1
1 154 154
1 24823 24823
1 22825 22825
1 24522 24522
-1
1 19614 19614
-1
1 16709 16709
-1
-1
-1
1 18595 18595
-1
0 0 12415
0 0 2774
0 0 11888
1 14335 14335
1 16721 16721
-1
0 0 10558
1 23621 23621
0 0 4319
0 0 5148
0 0 8446
0 0 5341
-1
0 0 14463
1 28266 28266
1 31915 31915
0 0 13121
-1
1 15314 15314
0 0 15685
0 0 1609
1 9434 9434
-1
-1
1 17201 17201
1 27834 27834
0 0 4842
-1
1 9312 9312
-1
0 0 7437
-1
0 0 11254
0 0 389
0 0 7643
1 6184 6184
-1
1 3614 3614
0 0 10916
1 7493 7493
1 8478 8478
-1
1 26994 26994
0 0 11510
0 0 9941
0 0 13136
-1
0 0 11463
1 18279 18279
0 0 14021
-1
1 1213 1213
-1
-1
0 0 89
1 23468 23468
0 0 14295
0 0 1482
1 3456 3456
-1
1 18242 18242
0 0 11011
0 0 16109
-1
-1
-1
0 0 3711
1 22578 22578
-1
-1
1 2987 2987
1 14477 14477
1 9992 9992
1 29884 29884
-1
0 0 1000
-1
0 0 14979
0 0 3740
1 8331 8331
0 0 7827
0 0 1946
1 1966 1966
1 20079 20079
0 0 2281
-1
1 19928 19928
1 2256 2256
1 854 854
1 29931 29931
0 0 1733
-1
-1
1 10759 10759
1 12575 12575
0 0 5323
1 15292 15292
-1
1 9714 9714
1 18267 18267
0 0 4988
1 14880 14880
1 8931 8931
1 17757 17757
0 0 606
-1
-1
0 0 2386
1 9569 9569
-1
0 0 2972
-1
0 0 5247
1 457 457
0 0 9017
-1
-1
-1
0 0 13626
1 2844 2844
-1
0 0 4606
-1
0 0 12054
0 0 8669
-1
-1
1 15695 15695
1 27418 27418
1 26737 26737
-1
1 29925 29925
0 0 7930
-1
-1
0 0 3450
-1
0 0 216
-1
0 0 3284
1 14376 14376
-1
1 25759 25759
-1
1 11315 11315
-1
-1
1 7507 7507
0 0 10509
1 18279 18279
-1
-1
-1
0 0 10758
1 27580 27580
1 25345 25345
-1
-1
1 6973 6973
-1
1 23155 23155
-1
0 0 499
-1
-1
-1
1 26839 26839
0 0 10315
-1
-1
-1
1 31773 31773
1 7137 7137
1 21843 21843
-1
0 0 7496
0 0 5120
-1
1 4067 4067
0 0 8322
1 30595 30595
0 0 13982
-1
0 0 5655
1 21962 21962
-1
1 13409 13409
-1
0 0 14526
1 21730 21730
1 19604 19604
0 0 15444
-1
0 0 16334
1 25445 25445
0 0 1037
1 13075 13075
0 0 982
-1
1 15743 15743
0 0 3212
1 10519 10519
-1
0 0 11424
1 27084 27084
1 10058 10058
-1
-1
-1
-1
0 0 12937
-1
-1
0 0 9684
1 24973 24973
-1
-1
1 25630 25630
1 27237 27237
1 21786 21786
0 0 12540
-1
0 0 12601
1 28362 28362
-1
-1
-1
0 0 9762
-1
1 12696 12696
-1
0 0 15480
1 631 631
1 4821 4821
-1
0 0 2091
0 0 15765
1 16965 16965
1 26040 26040
-1
0 0 10037
0 0 2861
-1
-1
0 0 3468
0 0 2803
-1
-1
-1
0 0 15697
-1
0 0 111
-1
1 17321 17321
1 14871 14871
1 16099 16099
1 29914 29914
-1
0 0 7895
0 0 1512
-1
1 14585 14585
-1
0 0 11541
0 0 3311
0 0 8823
0 0 8763
-1
1 26938 26938
0 0 1218
-1
0 0 2616
0 0 15812
1 9805 9805
1 19097 19097
1 5150 5150
1 11207 11207
0 0 8092
0 0 6294
-1
0 0 6877
-1
0 0 6595
1 3444 3444
0 0 10804
-1
-1
1 28725 28725
-1
-1
-1
-1
0 0 12209
0 0 6279
-1
-1
-1
-1
-1
-1
0 0 1694
-1
0 0 13614
0 0 1675
-1
0 0 9558
0 0 4793
-1
0 0 6492
1 31456 31456
1 206 206
0 0 5530
-1
-1
-1
1 31257 31257
1 2268 2268
1 18945 18945
1 25522 25522
-1
1 12952 12952
1 19336 19336
1 29872 29872
0 0 15619
-1
1 27927 27927
0 0 6895
-1
1 22477 22477
-1
0 0 8834
-1
0 0 56
1 27089 27089
0 0 14644
1 10709 10709
0 0 14311
-1
1 14169 14169
-1
1 22826 22826
-1
0 0 7763
0 0 1613
0 0 7233
0 0 16267
0 0 14481
0 0 775
1 28961 28961
0 0 4881
0 0 6165
0 0 10688
0 0 15879
1 17313 17313
1 30742 30742
1 1843 1843
0 0 4940
1 85 85
1 12490 12490
1 2312 2312
-1
-1
0 0 276
1 8460 8460
-1
1 2398 2398
-1
-1
0 0 7357
0 0 7895
0 0 8903
0 0 8636
1 2143 2143
-1
0 0 6394
1 32041 32041
0 0 10867
0 0 6277
1 18622 18622
0 0 6218
1 1657 1657
-1
-1
0 0 10750
1 20030 20030
-1
1 12907 12907
1 19647 19647
0 0 13011
0 0 7939
1 25547 25547
0 0 13553
1 23781 23781
0 0 8440
1 6539 6539
1 28306 28306
1 31087 31087
1 25134 25134
1 16436 16436
1 11418 11418
0 0 4672
0 0 4457
-1
1 12013 12013
0 0 13515
0 0 11815
0 0 14076
-1
1 1269 1269
0 0 7934
0 0 9883
-1
-1
0 0 12362
-1
1 21167 21167
0 0 13620
0 0 13404
1 18670 18670
1 6635 6635
0 0 427
1 14700 14700
-1
-1
0 0 3744
1 13975 13975
-1
0 0 2244
1 29114 29114
-1
1 16499 16499
1 8481 8481
-1
1 18786 18786
1 11237 11237
0 0 12496
0 0 13064
-1
1 15858 15858
1 10430 10430
-1
1 8489 8489
0 0 10727
0 0 3881
0 0 11951
0 0 689
1 4917 4917
-1
1 20942 20942
1 27703 27703
1 8415 8415
-1
-1
0 0 8931
-1
1 20721 20721
1 13094 13094
-1
0 0 13829
1 10543 10543
0 0 3867
0 0 1614
0 0 7244
1 22208 22208
-1
-1
1 20101 20101
0 0 1387
-1
-1
-1
1 4677 4677
-1
1 5586 5586
0 0 14562
-1
1 20845 20845
1 29591 29591
0 0 13602
0 0 5086
1 17837 17837
1 2561 2561
1 24447 24447
0 0 9234
-1
0 0 15146
1 20947 20947
1 17828 17828
0 0 14314
-1
0 0 10451
1 5318 5318
1 22567 22567
-1
1 26083 26083
-1
-1
1 18375 18375
1 628 628
0 0 3301
-1
-1
1 3785 3785
-1
-1
1 5943 5943
0 0 15916
1 15695 15695
1 22413 22413
0 0 14135
-1
0 0 9804
0 0 9123
1 19800 19800
-1
0 0 984
-1
0 0 3883
0 0 5334
-1
1 25743 25743
1 18613 18613
0 0 13121
1 29581 29581
1 14537 14537
-1
-1
0 0 12579
0 0 15246
-1
0 0 9848
-1
-1
-1
1 27174 27174
-1
1 8916 8916
0 0 12364
0 0 1125
1 13671 13671
0 0 5248
0 0 15509
0 0 7292
0 0 1622
1 6106 6106
1 379 379
-1
1 3038 3038
0 0 4791
-1
0 0 3566
1 26019 26019
-1
1 4173 4173
-1
0 0 4706
1 6493 6493
1 2818 2818
0 0 2678
1 18095 18095
-1
1 4829 4829
0 0 14749
1 26101 26101
-1
1 29169 29169
0 0 1853
-1
-1
-1
1 27740 27740
0 0 967
1 16133 16133
1 22282 22282
-1
0 0 6044
-1
0 0 6357
-1
1 25580 25580
0 0 4997
0 0 12508
1 5540 5540
1 32623 32623
-1
1 28865 28865
0 0 6522
0 0 9174
1 4899 4899
1 24492 24492
0 0 10389
0 0 1175
-1
0 0 1189
1 31381 31381
1 16811 16811
1 20754 20754
-1
-1
0 0 11578
-1
0 0 15401
1 15435 15435
0 0 14723
0 0 10606
0 0 1447
-1
-1
-1
0 0 5266
-1
0 0 12173
0 0 16228
-1
0 0 8736
0 0 16226
0 0 16317
0 0 8872
-1
0 0 7618
1 32603 32603
0 0 4653
-1
-1
0 0 4163
1 1187 1187
-1
-1
-1
0 0 1344
1 9987 9987
1 2373 2373
-1
-1
-1
-1
-1
-1
1 14131 14131
0 0 15452
0 0 6137
0 0 14742
-1
-1
-1
-1
0 0 2681
0 0 7536
1 222 222
1 10558 10558
0 0 15791
-1
1 30534 30534
-1
-1
1 1400 1400
-1
-1
0 0 185
-1
0 0 10449
1 17990 17990
0 0 15068
0 0 15423
0 0 12203
-1
-1
1 21222 21222
0 0 3201
1 17412 17412
0 0 9684
0 0 14103
0 0 9335
1 23297 23297
0 0 13507
0 0 7659
-1
-1
0 0 6782
0 0 9602
0 0 10309
1 30663 30663
0 0 3480
1 21252 21252
-1
0 0 9570
0 0 7141
1 19905 19905
-1
0 0 15245
0 0 9659
-1
0 0 14999
-1
1 16998 16998
-1
-1
0 0 4229
-1
0 0 743
1 32208 32208
0 0 1914
0 0 15794
0 0 12685
0 0 7059
-1
1 2537 2537
-1
1 10064 10064
1 4337 4337
1 4508 4508
1 1650 1650
-1
0 0 9750
-1
1 29997 29997
-1
-1
-1
-1
1 20507 20507
-1
0 0 1476
1 9348 9348
0 0 5022
1 7438 7438
1 6728 6728
-1
1 12822 12822
1 30357 30357
1 8373 8373
-1
1 17777 17777
0 0 7845
0 0 12755
-1
-1
0 0 14470
1 15099 15099
0 0 3593
-1
1 6177 6177
-1
1 1127 1127
-1
1 430 430
0 0 3624
-1
-1
0 0 3103
-1
-1
0 0 7745
1 17476 17476
-1
0 0 829
0 0 10374
0 0 12104
0 0 9552
1 12569 12569
-1
1 13021 13021
-1
0 0 5864
1 26915 26915
-1
-1
0 0 5166
1 22595 22595
0 0 15075
1 25083 25083
1 11170 11170
1 17728 17728
-1
-1
1 7205 7205
0 0 232
-1
1 10269 10269
0 0 8519
0 0 628
-1
-1
0 0 13078
1 22850 22850
1 24827 24827
1 17112 17112
0 0 15289
-1
1 13096 13096
0 0 12376
0 0 9529
1 2686 2686
-1
1 9631 9631
-1
1 8744 8744
1 4386 4386
0 0 2399
1 18227 18227
1 19880 19880
0 0 8869
0 0 4628
1 31186 31186
1 9228 9228
-1
-1
1 25835 25835
0 0 7059
-1
-1
1 27720 27720
1 29198 29198
-1
0 0 15493
1 1623 1623
1 1949 1949
-1
1 1173 1173
1 26281 26281
-1
1 19987 19987
1 10677 10677
0 0 7226
0 0 15864
-1
0 0 8081
-1
0 0 13535
0 0 16018
0 0 10761
0 0 320
1 7496 7496
-1
-1
-1
0 0 11485
1 9068 9068
0 0 5500
1 13817 13817
1 4359 4359
1 14684 14684
0 0 12345
0 0 217
1 16998 16998
1 22167 22167
-1
0 0 8012
-1
1 7917 7917
1 20832 20832
1 865 865
-1
1 8850 8850
-1
1 29279 29279
1 29327 29327
-1
-1
-1
1 31017 31017
0 0 11461
0 0 8567
0 0 12483
-1
0 0 6364
1 20239 20239
0 0 10120
-1
1 25581 25581
1 23879 23879
-1
1 24753 24753
0 0 487
0 0 7101
0 0 12549
-1
-1
0 0 1801
-1
0 0 12048
-1
1 28282 28282
0 0 7788
-1
0 0 12786
-1
1 12145 12145
1 24471 24471
1 2134 2134
1 2690 2690
0 0 6347
0 0 9426
1 27029 27029
1 15503 15503
-1
1 4151 4151
-1
0 0 8484
-1
0 0 5982
0 0 369
-1
1 3566 3566
-1
1 14237 14237
-1
-1
0 0 6358
0 0 7102
-1
-1
0 0 1125
-1
-1
0 0 8488
0 0 1311
-1
0 0 15749
1 26348 26348
-1
-1
-1
-1
0 0 2617
0 0 6210
0 0 12059
0 0 13278
0 0 15106
1 4185 4185
0 0 13015
0 0 2792
1 8336 8336
0 0 2502
1 4967 4967
-1
0 0 13107
-1
-1
1 16528 16528
1 17180 17180
0 0 14218
-1
-1
1 18958 18958
1 20452 20452
1 28311 28311
1 777 777
0 0 4717
-1
0 0 2612
0 0 10247
-1
-1
-1
1 347 347
0 0 10601
0 0 14539
0 0 658
-1
1 15118 15118
0 0 16205
-1
0 0 241
0 0 1827
0 0 13461
0 0 6364
-1
-1
-1
1 26376 26376
0 0 7837
1 7357 7357
-1
0 0 5277
-1
-1
0 0 5106
-1
0 0 5921
1 6139 6139
1 30042 30042
0 0 4479
-1
0 0 3286
0 0 820
-1
1 25110 25110
0 0 7938
0 0 6151
1 20121 20121
0 0 2537
-1
0 0 7572
0 0 2307
0 0 9225
0 0 8336
-1
-1
0 0 6813
0 0 10529
0 0 3545
1 13961 13961
1 469 469
-1
-1
0 0 6516
1 24335 24335
0 0 10930
1 3025 3025
0 0 6007
1 13115 13115
-1
1 27262 27262
-1
-1
0 0 9838
0 0 9929
0 0 2774
0 0 10544
-1
1 12074 12074
1 6099 6099
1 21042 21042
-1
1 20804 20804
-1
0 0 15314
0 0 8493
-1
0 0 11151
0 0 12317
0 0 14544
1 1394 1394
-1
-1
1 19863 19863
-1
1 17151 17151
-1
1 8695 8695
0 0 4981
0 0 5671
0 0 8346
0 0 13920
1 3255 3255
1 5322 5322
1 7657 7657
0 0 13916
0 0 2140
1 2563 2563
0 0 2238
-1
1 29226 29226
1 32276 32276
0 0 4069
-1
-1
-1
1 24533 24533
1 23352 23352
0 0 1055
1 30899 30899
-1
0 0 5924
1 8398 8398
-1
0 0 4078
0 0 2983
1 29603 29603
0 0 2909
1 19471 19471
0 0 1298
0 0 12855
-1
0 0 9143
0 0 12404
-1
0 0 10560
-1
0 0 13630
-1
0 0 5308
0 0 3923
-1
-1
-1
-1
-1
-1
0 0 147
0 0 2035
-1
-1
0 0 15086
0 0 10057
0 0 3261
-1
1 19841 19841
1 30663 30663
1 3641 3641
0 0 10057
1 11101 11101
-1
0 0 6037
-1
-1
-1
-1
-1
-1
0 0 10796
1 30572 30572
-1
1 2378 2378
0 0 7313
1 25605 25605
1 4310 4310
-1
1 17826 17826
1 21604 21604
0 0 11950
0 0 10737
1 22296 22296
-1
0 0 168
-1
1 107 107
1 1144 1144
1 6491 6491
1 27003 27003
1 5283 5283
1 2965 2965
1 19844 19844
1 15909 15909
-1
0 0 14630
1 13246 13246
-1
0 0 7376
-1
0 0 8493
1 6610 6610
0 0 14295
-1
-1
-1
0 0 12311
0 0 9481
0 0 6529
1 17275 17275
-1
-1
-1
1 23438 23438
-1
1 20510 20510
1 18665 18665
0 0 15354
-1
0 0 63
0 0 13957
-1
-1
1 10404 10404
0 0 10717
-1
-1
-1
-1
1 29793 29793
-1
0 0 2484
-1
-1
1 16234 16234
0 0 8677
0 0 11029
-1
1 21259 21259
1 29810 29810
-1
1 16981 16981
-1
-1
1 2241 2241
-1
-1
-1
0 0 3610
0 0 2993
0 0 1754
0 0 12136
-1
1 24426 24426
-1
0 0 8018
0 0 571
-1
0 0 15512
0 0 3055
1 21437 21437
1 5449 5449
0 0 491
0 0 14988
1 7619 7619
0 0 6654
0 0 15719
1 9657 9657
0 0 7934
0 0 8124
0 0 2172
1 23652 23652
0 0 5796
-1
-1
1 23942 23942
1 9317 9317
0 0 12119
1 4079 4079
0 0 7910
-1
-1
1 22437 22437
0 0 6230
0 0 1472
1 25567 25567
1 344 344
1 26328 26328
1 17141 17141
-1
1 18454 18454
-1
1 17952 17952
1 63 63
0 0 5128
-1
1 17077 17077
1 18755 18755
0 0 3214
0 0 11752
-1
0 0 15010
1 22836 22836
-1
-1
-1
1 18166 18166
-1
-1
0 0 12882
1 19490 19490
1 26296 26296
0 0 14709
0 0 6815
1 22558 22558
1 18257 18257
-1
1 8274 8274
-1
-1
-1
-1
0 0 5801
-1
1 7790 7790
0 0 15682
0 0 4101
1 2367 2367
-1
-1
0 0 10441
1 22356 22356
1 26456 26456
1 5551 5551
1 11009 11009
0 0 1279
1 17696 17696
-1
0 0 9483
0 0 6901
0 0 12265
0 0 6723
-1
1 10245 10245
1 23762 23762
1 20015 20015
0 0 13104
1 13313 13313
0 0 7988
-1
1 13506 13506
1 4822 4822
1 13888 13888
-1
0 0 2068
-1
1 2025 2025
1 2390 2390
1 6918 6918
0 0 10010
0 0 15787
0 0 825
1 7024 7024
0 0 9408
0 0 12208
-1
1 17823 17823
0 0 276
0 0 3617
-1
1 5745 5745
1 25845 25845
-1
1 29593 29593
-1
-1
0 0 4023
-1
-1
0 0 9214
-1
-1
1 16255 16255
1 2336 2336
0 0 14534
0 0 14077
0 0 3051
0 0 8605
-1
-1
-1
1 12653 12653
-1
0 0 1134
1 11766 11766
-1
1 10404 10404
0 0 5550
0 0 5158
0 0 3697
0 0 2628
-1
0 0 14753
1 569 569
1 22128 22128
0 0 908
1 20987 20987
-1
1 3584 3584
-1
0 0 9374
-1
1 24513 24513
-1
1 10733 10733
1 30364 30364
1 18332 18332
1 9934 9934
0 0 5582
0 0 15882
0 0 15793
-1
0 0 2942
1 23592 23592
-1
-1
1 100 100
0 0 2925
1 32356 32356
1 2850 2850
0 0 2341
0 0 2488
-1
1 7154 7154
-1
1 20215 20215
0 0 5640
-1
-1
1 6842 6842
-1
1 8196 8196
1 3158 3158
-1
1 1527 1527
-1
1 21323 21323
0 0 6725
-1
-1
1 29371 29371
0 0 11908
-1
0 0 4818
0 0 6972
1 14245 14245
-1
1 6034 6034
0 0 9469
1 5254 5254
-1
-1
-1
-1
0 0 6848
1 19447 19447
0 0 7592
1 19567 19567
1 25151 25151
1 100 100
-1
-1
-1
0 0 5350
-1
0 0 11796
-1
-1
0 0 11628
1 23595 23595
1 4362 4362
0 0 10004
-1
1 1877 1877
1 31374 31374
0 0 7576
-1
-1
0 0 326
0 0 16175
0 0 252
1 19932 19932
0 0 15917
1 7879 7879
0 0 7323
-1
1 9395 9395
1 30723 30723
0 0 14981
1 15330 15330
1 17465 17465
1 28847 28847
0 0 14588
0 0 4100
0 0 12534
-1
0 0 13585
-1
1 1465 1465
-1
0 0 4075
-1
0 0 1395
0 0 15255
-1
1 23613 23613
-1
1 16266 16266
0 0 4697
0 0 13043
1 9868 9868
-1
-1
1 13340 13340
0 0 11655
0 0 7827
1 13476 13476
1 6790 6790
0 0 8453
-1
0 0 11806
0 0 3911
1 23871 23871
0 0 9524
0 0 4870
1 13796 13796
-1
1 21154 21154
-1
-1
1 21956 21956
-1
-1
0 0 1729
1 11400 11400
0 0 8206
0 0 8788
-1
-1
-1
1 4590 4590
-1
0 0 656
-1
0 0 11543
0 0 15427
-1
1 6884 6884
1 13411 13411
-1
-1
1 31021 31021
-1
0 0 6875
0 0 15432
-1
0 0 5152
1 9441 9441
0 0 5619
-1
-1
1 16112 16112
-1
0 0 11477
-1
1 2491 2491
1 6445 6445
0 0 13079
0 0 12499
1 19163 19163
0 0 15885
-1
0 0 9845
1 1584 1584
0 0 10436
0 0 1988
-1
1 3164 3164
0 0 23
1 3392 3392
-1
-1
1 21542 21542
0 0 9317
-1
-1
-1
0 0 1939
0 0 1003
1 30272 30272
-1
-1
-1
0 0 9337
0 0 12087
1 10830 10830
0 0 11258
-1
1 13335 13335
1 26281 26281
1 13887 13887
0 0 13193
0 0 508
1 23022 23022
-1
0 0 8220
-1
1 13741 13741
1 17158 17158
0 0 4205
0 0 16011
1 10619 10619
-1
1 26880 26880
1 3945 3945
0 0 1208
-1
-1
0 0 4493
0 0 597
-1
-1
-1
-1
0 0 10128
-1
0 0 1735
-1
1 19251 19251
1 18305 18305
0 0 4162
0 0 16228
0 0 13527
-1
-1
-1
1 10534 10534
-1
-1
-1
1 24526 24526
0 0 5026
1 9534 9534
0 0 8809
1 1537 1537
1 9549 9549
0 0 744
0 0 3117
0 0 2142
1 649 649
-1
-1
1 23585 23585
-1
0 0 7025
-1
0 0 4858
-1
1 15755 15755
1 26191 26191
0 0 3089
0 0 15815
-1
0 0 5607
-1
0 0 10183
1 16950 16950
-1
-1
-1
-1
1 25114 25114
0 0 15167
0 0 10348
-1
0 0 14917
1 3968 3968
-1
0 0 7503
-1
-1
0 0 15372
1 7637 7637
1 4156 4156
-1
0 0 10901
-1
-1
0 0 9512
1 5046 5046
0 0 9426
0 0 15894
1 7682 7682
-1
0 0 7543
-1
1 18967 18967
0 0 3881
-1
1 5778 5778
1 13153 13153
1 17631 17631
1 3701 3701
-1
1 15959 15959
1 3798 3798
1 9278 9278
0 0 1775
1 6544 6544
1 2206 2206
1 28942 28942
-1
-1
0 0 5169
1 28005 28005
0 0 6245
-1
-1
1 7206 7206
1 12598 12598
1 4982 4982
1 19041 19041
1 19736 19736
1 15945 15945
0 0 15881
1 19522 19522
-1
0 0 15559
0 0 712
0 0 8249
1 29733 29733
0 0 6855
1 14304 14304
-1
-1
-1
-1
1 4734 4734
0 0 6348
0 0 4873
0 0 12728
0 0 12561
0 0 5681
0 0 16288
1 2249 2249
1 21672 21672
0 0 8544
0 0 16324
1 29731 29731
1 5278 5278
-1
1 4103 4103
-1
0 0 15275
0 0 4500
0 0 12530
-1
0 0 11699
0 0 307
-1
1 15585 15585
0 0 2966
0 0 11855
1 27996 27996
-1
1 30532 30532
1 21605 21605
1 23508 23508
-1
1 19728 19728
0 0 11160
-1
1 27745 27745
0 0 1692
1 12252 12252
-1
-1
0 0 16147
-1
-1
1 17465 17465
1 30346 30346
1 16442 16442
1 21358 21358
-1
-1
0 0 13195
0 0 11806
0 0 16097
1 4286 4286
0 0 11157
-1
0 0 11173
1 17344 17344
-1
1 17206 17206
1 27613 27613
0 0 1740
-1
-1
-1
0 0 14310
-1
-1
-1
-1
1 32442 32442
0 0 7271
0 0 5045
-1
0 0 13806
1 31884 31884
0 0 11832
-1
1 16882 16882
-1
1 29717 29717
0 0 7311
0 0 14864
-1
1 8164 8164
0 0 8900
-1
-1
1 31755 31755
-1
1 9432 9432
0 0 15919
0 0 7405
-1
1 11430 11430
0 0 207
-1
0 0 13818
1 6163 6163
1 31842 31842
1 30835 30835
1 32027 32027
0 0 11805
1 17312 17312
-1
0 0 1769
0 0 2831
1 13652 13652
1 19463 19463
-1
1 15647 15647
-1
-1
0 0 6201
-1
1 27177 27177
-1
-1
-1
-1
0 0 2354
0 0 12731
0 0 3467
0 0 3850
0 0 16237
1 17100 17100
0 0 3042
-1
1 5292 5292
-1
-1
-1
1 14868 14868
0 0 14900
-1
-1
1 24047 24047
-1
0 0 14741
1 12618 12618
-1
1 21534 21534
1 17664 17664
-1
-1
-1
0 0 2884
1 10300 10300
1 17143 17143
1 21106 21106
1 142 142
0 0 9364
1 16791 16791
-1
0 0 8417
1 28058 28058
0 0 5389
0 0 14868
0 0 6300
0 0 3874
0 0 1499
-1
-1
0 0 15084
-1
1 8775 8775
0 0 2069
1 18323 18323
0 0 3618
1 24937 24937
1 3652 3652
-1
1 11862 11862
1 31251 31251
0 0 5738
0 0 3061
0 0 12895
-1
-1
1 4622 4622
-1
-1
-1
-1
1 28897 28897
1 10647 10647
0 0 8716
1 28717 28717
0 0 13677
-1
-1
-1
-1
-1
1 22635 22635
1 17794 17794
1 12487 12487
-1
1 11546 11546
1 15158 15158
-1
0 0 10213
0 0 6484
1 18368 18368
1 32654 32654
0 0 13333
1 2014 2014
0 0 15488
1 14941 14941
-1
-1
-1
1 29898 29898
-1
1 27450 27450
0 0 13279
-1
1 13870 13870
-1
1 27407 27407
0 0 6189
0 0 10580
1 31771 31771
0 0 3552
0 0 9825
1 29621 29621
1 11180 11180
1 10441 10441
1 9305 9305
-1
1 26028 26028
0 0 12496
0 0 428
0 0 372
-1
1 27841 27841
1 25894 25894
1 10150 10150
1 10588 10588
1 3630 3630
0 0 14177
-1
0 0 15323
-1
-1
0 0 15476
1 28375 28375
0 0 10049
-1
1 8224 8224
0 0 9318
0 0 12735
-1
1 4684 4684
-1
1 30705 30705
1 17734 17734
-1
0 0 15092
0 0 6775
1 20923 20923
0 0 14313
1 15651 15651
0 0 11271
-1
1 15358 15358
-1
1 27120 27120
0 0 5935
-1
1 9358 9358
0 0 601
1 6450 6450
0 0 3000
0 0 7125
0 0 5436
-1
-1
0 0 13692
0 0 5622
1 18385 18385
1 18603 18603
0 0 12500
-1
-1
-1
-1
-1
0 0 11192
1 28820 28820
-1
1 16178 16178
1 14382 14382
1 13434 13434
0 0 15199
1 31685 31685
1 4943 4943
1 31823 31823
-1
1 9357 9357
1 27254 27254
-1
0 0 9818
0 0 9445
0 0 2164
1 30018 30018
0 0 8124
1 22467 22467
1 13841 13841
-1
1 17117 17117
0 0 16031
0 0 16382
1 20753 20753
0 0 408
1 8713 8713
0 0 6893
1 16537 16537
0 0 13459
1 28020 28020
0 0 15682
0 0 8401
0 0 3627
1 23764 23764
1 5872 5872
1 19957 19957
0 0 2782
-1
1 21694 21694
1 1306 1306
-1
1 16857 16857
-1
-1
1 13582 13582
1 2747 2747
-1
1 13790 13790
0 0 13618
-1
0 0 13914
0 0 5874
-1
1 32694 32694
-1
-1
0 0 3154
1 12964 12964
-1
0 0 8417
1 19667 19667
1 24903 24903
1 26047 26047
-1
0 0 6020
1 25364 25364
1 27971 27971
0 0 6848
-1
1 4 4
-1
-1
-1
0 0 5001
1 14408 14408
1 19557 19557
0 0 6254
1 13505 13505
0 0 664
1 27268 27268
0 0 10710
0 0 9417
-1
-1
-1
-1
1 9371 9371
0 0 9014
0 0 9891
-1
1 2269 2269
0 0 10999
-1
-1
1 4195 4195
0 0 8095
-1
0 0 13209
1 31335 31335
0 0 4656
-1
0 0 11654
-1
-1
0 0 8997
1 31098 31098
1 10369 10369
0 0 14021
1 21344 21344
-1
1 28736 28736
1 25716 25716
-1
1 14489 14489
1 9930 9930
-1
1 4518 4518
1 19735 19735
0 0 4039
0 0 6896
0 0 1577
-1
0 0 1423
1 26206 26206
-1
0 0 16039
-1
1 3660 3660
1 31649 31649
0 0 7991
-1
1 5073 5073
1 13205 13205
1 22619 22619
-1
-1
-1
1 7760 7760
0 0 9293
1 22418 22418
-1
-1
-1
0 0 6775
0 0 1832
1 32093 32093
0 0 5215
1 23333 23333
1 14621 14621
1 21121 21121
1 21659 21659
1 2608 2608
1 268 268
1 10441 10441
1 7392 7392
1 7247 7247
-1
0 0 2
-1
-1
0 0 13827
0 0 16133
-1
-1
0 0 1106
0 0 2712
1 17070 17070
1 22029 22029
1 27277 27277
0 0 7530
-1
-1
1 6531 6531
-1
0 0 11836
1 11571 11571
-1
0 0 9871
-1
-1
-1
0 0 16136
1 27391 27391
-1
-1
0 0 4494
0 0 5809
0 0 12417
1 28368 28368
-1
0 0 15007
0 0 8594
1 29225 29225
1 31555 31555
-1
1 6506 6506
1 4954 4954
-1
0 0 15931
1 23548 23548
0 0 11888
0 0 6691
1 5487 5487
0 0 13732
1 9122 9122
0 0 8283
-1
0 0 12097
-1
0 0 3727
1 21174 21174
0 0 12560
-1
-1
0 0 9470
-1
-1
0 0 8831
-1
1 23991 23991
0 0 7729
-1
0 0 8962
1 19313 19313
1 18760 18760
0 0 9645
0 0 523
1 25106 25106
1 22259 22259
-1
1 19063 19063
1 29156 29156
1 2305 2305
0 0 6132
-1
-1
1 8566 8566
0 0 3958
1 27602 27602
0 0 3341
-1
1 8861 8861
0 0 15517
1 10857 10857
0 0 8780
-1
-1
1 28859 28859
0 0 2272
-1
1 18342 18342
0 0 15831
0 0 4004
-1
-1
-1
1 27811 27811
1 17296 17296
-1
1 4172 4172
-1
1 11605 11605
-1
-1
1 31277 31277
0 0 2428
1 6340 6340
-1
-1
0 0 6876
-1
1 28991 28991
1 24300 24300
0 0 10605
1 27247 27247
-1
0 0 14288
1 2600 2600
0 0 8031
-1
1 3500 3500
-1
-1
0 0 12820
0 0 1377
0 0 1277
-1
-1
-1
1 31012 31012
1 7759 7759
-1
0 0 10984
0 0 1633
1 33 33
0 0 2386
0 0 15826
-1
-1
-1
0 0 669
1 12889 12889
1 22604 22604
-1
1 30649 30649
0 0 12682
1 1428 1428
-1
1 13228 13228
0 0 6504
-1
0 0 4642
0 0 11201
0 0 1596
0 0 10742
0 0 50
-1
-1
0 0 9634
1 10963 10963
-1
-1
0 0 2834
-1
0 0 11211
0 0 16124
0 0 6949
-1
1 6314 6314
1 25697 25697
0 0 9804
-1
1 20907 20907
1 529 529
-1
0 0 15250
-1
-1
0 0 13556
-1
-1
1 29664 29664
0 0 13936
1 4081 4081
1 6789 6789
1 276 276
1 8943 8943
1 31139 31139
-1
0 0 6749
-1
0 0 804
0 0 6223
-1
0 0 8036
0 0 15476
-1
-1
1 7597 7597
0 0 8487
-1
0 0 11933
0 0 13162
1 16263 16263
-1
0 0 10512
-1
1 2151 2151
0 0 9940
-1
0 0 15191
-1
1 21455 21455
1 2710 2710
1 918 918
-1
1 16884 16884
0 0 15294
-1
0 0 7313
-1
0 0 13557
0 0 10459
0 0 14547
1 21866 21866
0 0 3914
-1
0 0 15605
1 28687 28687
1 19123 19123
-1
-1
-1
0 0 10561
-1
0 0 7888
1 32746 32746
0 0 2018
-1
1 31283 31283
-1
-1
0 0 9618
1 13768 13768
0 0 6963
0 0 14873
-1
-1
0 0 15495
0 0 14970
1 32502 32502
0 0 13331
-1
0 0 11689
1 5421 5421
-1
0 0 14169
1 7714 7714
0 0 12226
0 0 16224
-1
1 8378 8378
0 0 11916
-1
0 0 8896
0 0 13500
-1
-1
1 18487 18487
0 0 13343
0 0 6226
1 7626 7626
1 7945 7945
0 0 9848
-1
-1
0 0 8066
1 28148 28148
0 0 6725
-1
1 11031 11031
0 0 8029
1 10874 10874
0 0 14325
0 0 13130
0 0 11032
-1
-1
-1
-1
-1
1 168 168
-1
1 32136 32136
1 931 931
1 13216 13216
-1
0 0 943
0 0 5860
0 0 11197
-1
0 0 9320
1 11150 11150
1 1131 1131
-1
0 0 3569
1 2079 2079
0 0 1011
-1
-1
0 0 11941
-1
1 842 842
1 23054 23054
0 0 16127
1 31155 31155
1 31177 31177
-1
1 12499 12499
-1
0 0 5596
1 26966 26966
1 31361 31361
0 0 7281
0 0 15593
1 32347 32347
1 30822 30822
-1
-1
0 0 10424
0 0 9602
1 17851 17851
0 0 11703
0 0 12123
-1
0 0 16299
0 0 8941
0 0 9513
0 0 14227
-1
0 0 1957
1 18156 18156
-1
0 0 1965
-1
0 0 1560
1 26818 26818
0 0 14174
-1
0 0 11943
0 0 7104
0 0 11173
1 1525 1525
1 8062 8062
-1
0 0 4183
0 0 2009
0 0 58
-1
-1
-1
1 11506 11506
1 20257 20257
0 0 13807
-1
-1
0 0 7006
-1
-1
1 19841 19841
-1
-1
-1
1 24737 24737
1 5008 5008
0 0 8114
1 4919 4919
0 0 11568
0 0 3331
-1
-1
-1
-1
1 29950 29950
1 16814 16814
-1
1 2494 2494
0 0 14502
-1
1 8469 8469
0 0 5322
1 3775 3775
-1
-1
1 2397 2397
0 0 2449
-1
1 8072 8072
-1
1 14091 14091
1 7197 7197
0 0 11607
0 0 13633
0 0 551
1 24224 24224
-1
-1
1 17544 17544
0 0 12471
0 0 1263
1 268 268
0 0 16331
-1
-1
1 2776 2776
-1
0 0 11538
1 5928 5928
-1
-1
1 19165 19165
0 0 7870
0 0 6720
1 9960 9960
-1
1 27967 27967
-1
1 17610 17610
1 8074 8074
0 0 12921
1 25611 25611
-1
1 25897 25897
0 0 13196
1 32090 32090
-1
1 30226 30226
0 0 4190
-1
1 16391 16391
0 0 362
0 0 4085
0 0 9864
0 0 5875
-1
0 0 11545
-1
1 18402 18402
1 2710 2710
-1
-1
0 0 14592
0 0 6996
1 29416 29416
1 10915 10915
1 24076 24076
0 0 15069
0 0 11845
-1
-1
0 0 13224
1 5298 5298
0 0 11471
0 0 10100
-1
0 0 5121
-1
1 16036 16036
0 0 9092
0 0 210
0 0 14039
-1
1 25253 25253
-1
1 27991 27991
1 27769 27769
1 24764 24764
0 0 12811
0 0 13800
1 8083 8083
-1
1 5707 5707
0 0 8889
-1
0 0 8908
0 0 3917
1 21311 21311
-1
1 4346 4346
1 29253 29253
0 0 10922
1 11327 11327
0 0 11910
1 7177 7177
1 28027 28027
-1
0 0 15786
1 4778 4778
0 0 5324
1 11515 11515
1 13506 13506
1 8051 8051
0 0 3871
-1
1 11298 11298
-1
-1
0 0 12871
-1
0 0 2584
0 0 6596
-1
1 24686 24686
0 0 4837
-1
-1
0 0 15734
0 0 12010
-1
-1
-1
1 21422 21422
-1
-1
-1
0 0 5146
0 0 7023
-1
-1
1 23632 23632
-1
-1
1 25217 25217
0 0 7091
0 0 4627
0 0 656
-1
-1
0 0 5073
1 32613 32613
-1
-1
0 0 2612
0 0 4314
0 0 7722
1 18151 18151
-1
-1
-1
1 3540 3540
-1
-1
-1
0 0 13058
1 11825 11825
-1
-1
-1
0 0 1670
-1
0 0 12537
-1
1 6553 6553
-1
0 0 6593
-1
1 26279 26279
1 9863 9863
1 26914 26914
1 8877 8877
-1
1 26174 26174
0 0 1568
-1
-1
-1
1 7479 7479
-1
-1
1 29762 29762
0 0 4833
1 19418 19418
-1
0 0 9392
0 0 11712
-1
1 11631 11631
0 0 3655
0 0 10555
1 17425 17425
1 1856 1856
0 0 9104
-1
0 0 4299
-1
1 11179 11179
0 0 9605
-1
0 0 1664
0 0 4676
-1
1 18497 18497
-1
1 602 602
-1
1 20034 20034
0 0 8017
1 6783 6783
-1
0 0 10622
-1
1 26016 26016
0 0 12514
0 0 14994
0 0 8113
0 0 5908
1 6001 6001
1 29308 29308
1 3470 3470
0 0 10082
-1
-1
1 31933 31933
-1
-1
0 0 9180
0 0 9133
-1
1 3158 3158
-1
1 32369 32369
-1
1 5074 5074
1 13283 13283
1 13365 13365
-1
0 0 5780
0 0 3546
-1
1 22148 22148
0 0 3449
1 10356 10356
0 0 11422
-1
0 0 10388
0 0 4988
-1
-1
1 6062 6062
0 0 15247
-1
1 19483 19483
0 0 7777
0 0 10531
-1
0 0 7613
-1
0 0 4331
1 7043 7043
0 0 14638
1 6821 6821
-1
0 0 12573
-1
1 13932 13932
-1
-1
1 16215 16215
1 19387 19387
1 4510 4510
0 0 4670
0 0 2553
0 0 14116
-1
1 1045 1045
-1
0 0 7065
1 16016 16016
0 0 98
-1
1 26486 26486
1 16813 16813
1 28012 28012
-1
-1
1 23907 23907
1 30352 30352
-1
0 0 1088
-1
1 11484 11484
-1
0 0 11420
-1
-1
-1
-1
0 0 6441
0 0 929
-1
1 19810 19810
0 0 7838
-1
0 0 518
1 13213 13213
1 7294 7294
1 21439 21439
0 0 2004
1 5920 5920
-1
-1
1 2138 2138
1 21003 21003
0 0 15285
-1
1 3376 3376
0 0 13936
1 15573 15573
0 0 13491
-1
-1
1 1807 1807
1 23205 23205
-1
1 27473 27473
1 12868 12868
0 0 12011
-1
-1
1 4000 4000
1 28299 28299
1 94 94
0 0 12974
1 27602 27602
0 0 16380
-1
-1
-1
1 18296 18296
1 9167 9167
0 0 6681
0 0 10761
1 5896 5896
0 0 1861
1 25260 25260
-1
0 0 9189
-1
1 1854 1854
0 0 12014
-1
1 23660 23660
0 0 15928
-1
1 17439 17439
1 16574 16574
-1
-1
-1
0 0 10670
-1
1 18427 18427
0 0 10665
0 0 2242
0 0 886
1 10910 10910
0 0 3577
-1
-1
1 5377 5377
0 0 3905
1 20425 20425
-1
1 19583 19583
0 0 9743
1 52 52
-1
0 0 15545
-1
0 0 5350
0 0 15976
0 0 14046
-1
1 18087 18087
1 13810 13810
1 31553 31553
1 18569 18569
0 0 2316
0 0 11143
0 0 11573
0 0 7401
0 0 15261
1 29969 29969
1 8356 8356
0 0 4717
0 0 1975
-1
0 0 9072
0 0 1418
-1
-1
0 0 8200
0 0 11278
-1
0 0 14689
0 0 4056
0 0 7702
-1
-1
1 20539 20539
0 0 2901
1 10640 10640
-1
-1
-1
1 2028 2028
-1
1 14359 14359
-1
-1
0 0 7065
1 16887 16887
-1
1 8308 8308
0 0 5380
1 7900 7900
-1
0 0 4524
-1
0 0 9964
-1
0 0 11275
1 7623 7623
0 0 7679
1 13190 13190
-1
0 0 11617
0 0 13684
-1
0 0 13691
-1
-1
-1
0 0 13818
-1
-1
-1
1 29051 29051
-1
0 0 5174
0 0 12182
1 32548 32548
0 0 15341
1 18474 18474
0 0 6168
1 12360 12360
1 9325 9325
1 2018 2018
1 2859 2859
1 13959 13959
1 26004 26004
0 0 1635
1 32722 32722
-1
1 21960 21960
0 0 12037
1 12288 12288
1 24354 24354
1 3301 3301
1 2918 2918
0 0 5401
1 9872 9872
0 0 8533
-1
0 0 10757
1 31291 31291
-1
-1
0 0 12903
0 0 2634
-1
0 0 8383
1 28648 28648
-1
-1
1 27203 27203
0 0 16305
-1
1 3965 3965
1 24823 24823
1 15987 15987
1 29239 29239
1 11764 11764
-1
0 0 6646
-1
0 0 4514
-1
-1
0 0 4978
-1
0 0 3893
0 0 15189
0 0 10577
0 0 15653
1 10922 10922
-1
-1
1 9248 9248
1 19093 19093
-1
1 17017 17017
1 10775 10775
1 14480 14480
0 0 3145
-1
0 0 13277
0 0 12993
-1
-1
1 22137 22137
-1
1 7036 7036
1 16297 16297
1 40 40
1 10117 10117
-1
1 18522 18522
1 383 383
1 10619 10619
0 0 9363
-1
0 0 3660
-1
1 6938 6938
-1
-1
0 0 12502
0 0 15606
0 0 12215
-1
-1
0 0 9619
1 3175 3175
-1
-1
1 30830 30830
1 5966 5966
1 7536 7536
0 0 7060
0 0 1289
0 0 10736
-1
-1
0 0 10434
1 18461 18461
0 0 10168
1 24022 24022
1 9181 9181
1 15045 15045
0 0 5594
1 15714 15714
1 9297 9297
1 20960 20960
-1
0 0 10370
1 7873 7873
1 16696 16696
0 0 6325
-1
1 29230 29230
-1
0 0 14272
0 0 9539
0 0 1438
-1
1 32082 32082
1 21932 21932
0 0 14172
0 0 715
-1
-1
-1
1 19102 19102
1 25911 25911
-1
-1
-1
-1
0 0 143
1 3632 3632
1 23323 23323
1 7463 7463
-1
0 0 3782
-1
0 0 7662
-1
-1
0 0 8989
0 0 951
-1
0 0 296
1 9004 9004
0 0 16192
1 21826 21826
-1
0 0 15536
1 1178 1178
-1
-1
-1
-1
-1
-1
1 20021 20021
-1
-1
-1
1 28429 28429
0 0 14624
1 7835 7835
-1
1 23194 23194
-1
0 0 13796
-1
1 24357 24357
1 4469 4469
0 0 13916
1 8377 8377
0 0 8283
-1
-1
-1
1 30622 30622
1 692 692
1 14546 14546
0 0 11459
-1
0 0 511
0 0 5345
1 23456 23456
0 0 6526
1 7338 7338
1 22270 22270
1 30095 30095
-1
0 0 5459
1 26354 26354
1 8738 8738
0 0 4100
-1
0 0 455
1 7121 7121
0 0 5442
1 704 704
1 28874 28874
0 0 5018
-1
-1
-1
1 28042 28042
1 12781 12781
-1
-1
0 0 13209
1 3954 3954
1 20315 20315
0 0 12604
-1
0 0 12994
1 5824 5824
-1
-1
1 25756 25756
1 23537 23537
0 0 13150
1 23443 23443
0 0 8313
-1
1 20124 20124
1 5293 5293
-1
-1
1 15673 15673
-1
-1
0 0 5811
-1
-1
1 6322 6322
0 0 3177
1 23430 23430
-1
0 0 11662
-1
-1
-1
1 13288 13288
-1
1 32631 32631
0 0 13687
1 32358 32358
1 6172 6172
0 0 12136
1 22857 22857
1 24365 24365
0 0 2782
-1
-1
0 0 6475
0 0 99
1 19220 19220
-1
0 0 1442
0 0 14566
1 6362 6362
-1
1 16535 16535
0 0 1573
0 0 8275
1 24605 24605
0 0 1690
0 0 2187
1 17206 17206
0 0 8586
1 15752 15752
-1
1 65 65
0 0 4428
1 28225 28225
0 0 10116
0 0 16005
-1
0 0 11625
0 0 4523
0 0 7531
0 0 2626
-1
1 11595 11595
1 7532 7532
1 5733 5733
0 0 6924
1 1592 1592
0 0 12493
1 14530 14530
-1
-1
1 9136 9136
1 15216 15216
1 10559 10559
-1
-1
-1
1 18569 18569
-1
1 1900 1900
-1
1 6765 6765
1 16374 16374
0 0 11491
-1
1 1980 1980
1 26764 26764
0 0 1082
1 31098 31098
1 19463 19463
-1
0 0 3948
-1
1 21542 21542
0 0 8943
-1
0 0 15577
-1
1 16790 16790
-1
1 2252 2252
-1
0 0 15571
-1
-1
1 10066 10066
-1
0 0 13054
0 0 8483
0 0 8695
1 31502 31502
0 0 692
1 894 894
1 29453 29453
0 0 321
-1
1 11902 11902
0 0 1228
1 6021 6021
0 0 1914
1 25035 25035
1 25415 25415
1 1117 1117
0 0 13
1 24591 24591
-1
-1
0 0 4186
0 0 5452
-1
-1
1 12753 12753
1 11224 11224
-1
0 0 13128
-1
1 29155 29155
0 0 13831
-1
0 0 4843
0 0 15482
0 0 7252
-1
-1
0 0 756
1 2214 2214
1 5083 5083
0 0 16366
0 0 2144
0 0 7820
1 28466 28466
1 15818 15818
1 16165 16165
0 0 14568
1 20651 20651
0 0 2540
-1
1 23527 23527
0 0 9097
0 0 8217
1 20566 20566
1 14389 14389
0 0 9100
1 13826 13826
-1
-1
-1
1 9209 9209
0 0 2876
-1
-1
1 2764 2764
0 0 9176
-1
-1
0 0 12762
1 26826 26826
-1
1 32576 32576
-1
-1
1 11130 11130
1 17107 17107
0 0 283
-1
0 0 1139
-1
0 0 10155
-1
0 0 7930
0 0 6937
-1
1 21036 21036
0 0 10191
1 10171 10171
1 26946 26946
1 26607 26607
-1
0 0 2385
0 0 14356
-1
0 0 10052
-1
0 0 5392
-1
-1
0 0 15656
-1
1 13156 13156
1 12232 12232
0 0 2041
0 0 15317
1 23081 23081
1 7678 7678
-1
-1
1 30193 30193
1 31173 31173
1 10523 10523
-1
0 0 15716
0 0 8249
1 13143 13143
0 0 5776
-1
-1
0 0 13733
-1
0 0 4029
0 0 6296
1 30794 30794
0 0 14055
0 0 9038
0 0 1890
-1
-1
-1
1 27456 27456
1 20399 20399
0 0 9228
1 11511 11511
0 0 488
0 0 10391
-1
0 0 4070
1 7652 7652
1 27378 27378
-1
0 0 7922
0 0 10967
0 0 5599
0 0 10566
-1
0 0 15953
-1
-1
-1
1 2047 2047
-1
0 0 6389
1 26375 26375
1 3904 3904
-1
-1
0 0 86
-1
1 19478 19478
-1
1 31947 31947
-1
1 24562 24562
0 0 3802
1 23746 23746
0 0 3306
1 3641 3641
1 27442 27442
0 0 4744
1 29805 29805
0 0 4856
0 0 10944
0 0 11247
1 28129 28129
1 30461 30461
-1
0 0 16314
1 19398 19398
0 0 4694
0 0 6100
0 0 9312
1 11127 11127
0 0 1047
-1
1 11731 11731
1 146 146
-1
0 0 14654
-1
0 0 4541
1 8667 8667
-1
-1
1 28630 28630
0 0 14124
0 0 3659
1 2565 2565
1 29456 29456
1 21071 21071
1 18555 18555
1 31029 31029
-1
0 0 5361
1 13511 13511
0 0 3473
0 0 10703
1 9752 9752
0 0 6622
-1
-1
-1
0 0 3346
0 0 8635
0 0 13668
0 0 15361
-1
1 8992 8992
-1
1 3770 3770
1 21510 21510
-1
-1
1 16668 16668
1 22563 22563
-1
1 28349 28349
1 32292 32292
1 25086 25086
0 0 7680
1 20680 20680
0 0 13401
-1
-1
-1
1 2568 2568
0 0 1521
1 7917 7917
1 22566 22566
0 0 2600
0 0 10840
1 30434 30434
0 0 9201
0 0 6794
1 12744 12744
0 0 12099
-1
0 0 15329
1 25364 25364
-1
-1
0 0 7193
0 0 3586
-1
0 0 6253
0 0 4749
0 0 3335
-1
0 0 15322
-1
0 0 9622
-1
0 0 6684
-1
1 1112 1112
-1
0 0 3626
-1
0 0 9226
0 0 7488
1 3256 3256
0 0 11889
0 0 3698
0 0 12768
-1
1 18701 18701
1 29650 29650
-1
1 508 508
0 0 6488
1 7913 7913
1 5690 5690
-1
0 0 2400
-1
0 0 13564
1 6121 6121
1 2324 2324
1 21978 21978
0 0 10451
-1
-1
0 0 15024
1 2847 2847
0 0 12114
-1
0 0 14006
-1
1 10725 10725
1 27634 27634
0 0 2894
-1
-1
0 0 11657
-1
1 23312 23312
0 0 16228
1 32395 32395
-1
-1
0 0 11822
1 5129 5129
-1
-1
0 0 16311
1 20897 20897
0 0 10802
-1
0 0 8305
1 26698 26698
1 24770 24770
0 0 8947
-1
-1
1 15836 15836
-1
-1
0 0 9489
-1
-1
0 0 7724
1 21557 21557
-1
0 0 11008
1 2811 2811
0 0 5391
-1
1 31760 31760
0 0 5043
0 0 7270
1 11288 11288
-1
1 22423 22423
1 18190 18190
0 0 2974
1 14933 14933
1 15308 15308
1 26646 26646
0 0 4003
0 0 2248
1 23814 23814
0 0 16126
1 20489 20489
1 2934 2934
0 0 9670
1 19516 19516
0 0 8430
0 0 527
-1
0 0 3355
0 0 10255
0 0 10600
1 7407 7407
1 26028 26028
1 24496 24496
1 17517 17517
-1
0 0 4772
1 13684 13684
1 9728 9728
-1
0 0 3466
0 0 11882
0 0 12187
-1
0 0 7040
0 0 3870
1 7395 7395
0 0 8565
-1
1 1438 1438
0 0 1469
-1
-1
0 0 15479
-1
-1
-1
1 24228 24228
0 0 15674
0 0 10786
-1
1 21566 21566
0 0 8251
-1
0 0 14796
-1
1 10145 10145
-1
-1
0 0 6032
-1
-1
-1
-1
1 10431 10431
-1
-1
0 0 9317
0 0 1208
1 15884 15884
1 10429 10429
-1
0 0 16101
1 29644 29644
-1
-1
0 0 9155
1 20322 20322
0 0 6161
-1
0 0 12416
0 0 5005
-1
-1
-1
1 11649 11649
0 0 2204
1 20764 20764
1 5854 5854
1 16364 16364
-1
1 23114 23114
1 20912 20912
-1
0 0 4695
1 22975 22975
1 15904 15904
0 0 3443
0 0 7508
-1
1 28479 28479
0 0 2871
1 31087 31087
1 6577 6577
0 0 4066
-1
1 5757 5757
1 3219 3219
0 0 15939
1 1800 1800
0 0 4693
1 6022 6022
1 32518 32518
1 18217 18217
-1
0 0 7715
1 22499 22499
0 0 6143
0 0 2278
-1
-1
1 32507 32507
-1
1 11315 11315
-1
-1
-1
-1
-1
1 26122 26122
-1
-1
-1
0 0 15018
-1
0 0 4341
0 0 13394
0 0 13085
0 0 11088
1 25043 25043
0 0 16363
0 0 3264
1 13464 13464
0 0 5904
1 23491 23491
0 0 15065
-1
1 10927 10927
-1
1 9629 9629
1 2197 2197
-1
0 0 6968
0 0 13162
1 11268 11268
1 23066 23066
1 22562 22562
1 26672 26672
1 13656 13656
-1
0 0 5301
0 0 7204
-1
1 4681 4681
-1
-1
-1
-1
-1
1 25841 25841
1 13695 13695
0 0 8920
1 20664 20664
1 11 11
1 9002 9002
1 21120 21120
1 15992 15992
1 13301 13301
0 0 13543
-1
0 0 2024
-1
1 18641 18641
0 0 2914
1 21830 21830
-1
-1
-1
-1
-1
1 12404 12404
0 0 6207
-1
1 13025 13025
1 8783 8783
-1
0 0 2134
1 11176 11176
1 21503 21503
0 0 6273
-1
-1
-1
0 0 9910
-1
1 29672 29672
1 29599 29599
0 0 4339
0 0 5939
0 0 8601
-1
0 0 15174
1 13848 13848
0 0 10145
0 0 13025
1 21759 21759
-1
1 13799 13799
1 7308 7308
1 24291 24291
0 0 6570
1 28217 28217
0 0 13194
1 13409 13409
-1
0 0 7050
-1
-1
-1
1 5524 5524
0 0 13633
1 4705 4705
1 5434 5434
1 25502 25502
-1
1 20040 20040
1 6187 6187
-1
0 0 13469
1 31124 31124
-1
1 9387 9387
1 26644 26644
1 24193 24193
1 25151 25151
0 0 10979
0 0 6483
0 0 15976
