1 17818 17818
-1
-1
1 15317 15317
0 0 6398
0 0 7413
0 0 11088
1 19916 19916
-1
-1
-1
1 10194 10194
-1
0 0 8125
-1
1 158 158
-1
1 19198 19198
0 0 5488
1 263 263
1 16722 16722
-1
1 17507 17507
1 7822 7822
1 19634 19634
1 8265 8265
0 0 13321
1 1490 1490
0 0 1939
0 0 7417
1 6447 6447
0 0 2700
1 8738 8738
1 5128 5128
1 5886 5886
1 26318 26318
0 0 11822
-1
-1
0 0 13822
1 16463 16463
1 10506 10506
1 6361 6361
1 5849 5849
1 31417 31417
0 0 10108
1 12803 12803
1 5431 5431
1 28957 28957
1 90 90
1 24345 24345
-1
-1
-1
1 19701 19701
0 0 7809
1 2739 2739
-1
0 0 7609
-1
1 30525 30525
-1
-1
0 0 3311
1 16244 16244
1 29018 29018
1 12253 12253
1 28599 28599
1 28205 28205
-1
-1
1 15495 15495
0 0 14082
-1
1 16010 16010
1 30112 30112
0 0 1004
1 3659 3659
1 20140 20140
1 24568 24568
1 29004 29004
1 11377 11377
1 14831 14831
-1
0 0 13730
0 0 1017
1 31566 31566
-1
-1
0 0 8423
0 0 2657
1 12079 12079
-1
-1
1 21968 21968
-1
-1
-1
-1
-1
-1
-1
1 10056 10056
1 9896 9896
1 23574 23574
0 0 5749
-1
-1
1 17915 17915
1 28850 28850
1 24843 24843
0 0 11281
-1
-1
0 0 10322
1 32530 32530
1 7066 7066
0 0 7248
1 27820 27820
1 6934 6934
0 0 8082
1 13603 13603
-1
0 0 10519
-1
1 26769 26769
-1
-1
1 16758 16758
0 0 5672
-1
0 0 11308
1 27943 27943
-1
-1
0 0 10449
-1
1 32222 32222
-1
0 0 16311
-1
-1
-1
-1
0 0 7540
-1
-1
0 0 966
-1
-1
1 32337 32337
0 0 5274
1 30740 30740
1 3716 3716
-1
0 0 10631
0 0 1895
1 942 942
-1
1 16352 16352
0 0 1107
0 0 60
1 1775 1775
0 0 6985
-1
-1
-1
1 9396 9396
-1
1 21117 21117
1 26609 26609
-1
-1
1 11196 11196
-1
1 28078 28078
0 0 4971
-1
0 0 9043
0 0 6571
1 4410 4410
1 5289 5289
-1
0 0 13701
1 23678 23678
0 0 3224
0 0 15460
1 270 270
-1
-1
1 31338 31338
0 0 15267
-1
-1
1 1095 1095
0 0 14302
1 30954 30954
0 0 5430
1 11976 11976
1 18207 18207
0 0 6770
0 0 2820
1 28506 28506
0 0 8095
-1
0 0 5488
-1
-1
1 6446 6446
-1
1 4214 4214
0 0 215
0 0 1155
0 0 833
0 0 7095
0 0 5100
-1
-1
0 0 12072
0 0 13751
-1
1 24261 24261
1 27935 27935
1 13685 13685
1 14758 14758
1 24153 24153
0 0 8174
-1
-1
-1
-1
-1
-1
-1
1 23634 23634
-1
-1
-1
0 0 1618
-1
-1
-1
0 0 13714
1 12762 12762
-1
-1
0 0 11442
1 26336 26336
1 27841 27841
-1
0 0 515
0 0 12471
-1
-1
1 10538 10538
1 4524 4524
1 1525 1525
-1
1 28402 28402
-1
0 0 11707
-1
1 18952 18952
-1
1 21362 21362
1 22244 22244
-1
0 0 6023
1 32649 32649
-1
0 0 14634
-1
-1
-1
-1
0 0 8586
-1
0 0 274
1 4259 4259
1 28511 28511
-1
0 0 2241
1 20268 20268
-1
0 0 2126
0 0 86
1 7115 7115
0 0 12693
1 19407 19407
1 20139 20139
-1
-1
0 0 563
1 25064 25064
1 25313 25313
-1
0 0 16112
1 27317 27317
0 0 7670
1 18199 18199
1 17913 17913
-1
-1
1 30889 30889
-1
1 20141 20141
1 26649 26649
-1
1 21334 21334
1 21100 21100
0 0 15667
-1
1 31213 31213
-1
-1
1 27984 27984
-1
0 0 12839
1 29251 29251
0 0 8345
0 0 11833
-1
1 15509 15509
0 0 2403
0 0 12133
1 32282 32282
1 5344 5344
-1
1 20840 20840
0 0 3384
1 30991 30991
1 18656 18656
-1
-1
-1
-1
0 0 7642
1 1447 1447
-1
0 0 8925
-1
0 0 14764
1 29682 29682
-1
0 0 9533
0 0 15846
-1
0 0 12504
-1
0 0 435
0 0 3304
0 0 384
1 18720 18720
1 11118 11118
1 1445 1445
1 26465 26465
1 992 992
1 9359 9359
-1
-1
1 28491 28491
1 4442 4442
0 0 6240
-1
1 29023 29023
1 30913 30913
0 0 7122
1 25112 25112
-1
-1
-1
-1
0 0 6633
0 0 13332
1 6786 6786
0 0 9494
-1
0 0 11585
1 17841 17841
0 0 3929
-1
-1
1 16309 16309
0 0 8172
0 0 12684
1 3738 3738
-1
1 4717 4717
-1
-1
0 0 15528
0 0 5869
0 0 7268
0 0 7511
0 0 5151
0 0 857
1 26838 26838
0 0 3215
0 0 214
-1
0 0 2554
-1
-1
0 0 464
-1
1 29724 29724
-1
1 16653 16653
-1
-1
1 6928 6928
0 0 6601
0 0 12871
-1
-1
-1
0 0 7629
0 0 10065
0 0 13119
1 13096 13096
1 21282 21282
0 0 11940
-1
0 0 9047
-1
0 0 8408
1 25804 25804
1 24892 24892
1 28110 28110
1 7439 7439
-1
0 0 788
1 5684 5684
0 0 4030
-1
-1
-1
1 6772 6772
-1
0 0 4818
-1
-1
0 0 10254
0 0 14282
-1
-1
0 0 15808
0 0 9169
-1
1 18119 18119
-1
1 10452 10452
1 28623 28623
1 30218 30218
-1
0 0 13421
0 0 2504
0 0 2255
0 0 5588
1 25222 25222
1 27017 27017
0 0 7146
0 0 2254
1 12365 12365
1 10462 10462
1 27111 27111
1 14128 14128
1 30408 30408
1 1012 1012
0 0 3896
-1
-1
-1
0 0 12792
-1
1 25079 25079
0 0 13098
1 4939 4939
0 0 5619
-1
-1
1 4679 4679
0 0 10664
-1
-1
0 0 4872
1 26586 26586
-1
-1
0 0 10971
-1
1 14800 14800
-1
0 0 11863
-1
0 0 3949
1 32050 32050
-1
-1
0 0 3386
1 26020 26020
1 850 850
-1
0 0 2687
1 29415 29415
0 0 812
0 0 5920
0 0 11516
1 30090 30090
0 0 15923
-1
-1
0 0 5232
-1
0 0 3499
0 0 10238
1 4479 4479
0 0 2126
-1
0 0 4894
0 0 13792
0 0 15518
-1
1 22107 22107
1 10822 10822
1 16093 16093
1 13415 13415
1 2318 2318
-1
0 0 12920
0 0 582
0 0 3224
-1
0 0 1579
0 0 16185
-1
-1
-1
1 25047 25047
1 26332 26332
-1
-1
0 0 2556
1 21324 21324
-1
-1
0 0 15117
-1
-1
0 0 3189
-1
-1
-1
-1
0 0 6472
1 26469 26469
1 456 456
1 20895 20895
0 0 4863
1 26156 26156
0 0 14316
0 0 9736
1 6313 6313
-1
1 19194 19194
-1
0 0 3253
0 0 10524
1 22455 22455
1 23949 23949
1 2588 2588
0 0 11247
0 0 12143
0 0 5982
0 0 13073
1 23189 23189
1 31745 31745
1 14707 14707
1 6366 6366
1 486 486
0 0 15867
-1
-1
1 8190 8190
-1
0 0 9671
1 22308 22308
-1
-1
-1
-1
0 0 14008
0 0 6230
-1
1 10083 10083
0 0 12909
-1
-1
-1
0 0 1045
-1
-1
1 3152 3152
1 15426 15426
1 2939 2939
-1
-1
1 32679 32679
-1
1 25317 25317
0 0 15471
-1
0 0 463
0 0 10219
-1
1 32164 32164
0 0 13448
-1
0 0 4131
0 0 12797
-1
-1
1 19406 19406
1 5663 5663
0 0 15380
0 0 10978
1 17915 17915
0 0 14372
0 0 14413
0 0 12384
-1
-1
0 0 13752
-1
-1
-1
0 0 5341
0 0 15216
0 0 13436
-1
1 10059 10059
0 0 5113
-1
0 0 7240
1 31033 31033
0 0 633
1 21264 21264
0 0 2065
0 0 7727
-1
1 21304 21304
0 0 14083
-1
1 28127 28127
1 23175 23175
-1
0 0 7112
-1
0 0 9433
-1
-1
-1
1 31217 31217
1 18166 18166
0 0 14594
0 0 7052
-1
0 0 11796
1 17116 17116
0 0 9633
-1
1 16419 16419
0 0 12432
-1
0 0 718
0 0 13799
1 30213 30213
-1
1 25652 25652
0 0 8028
1 26248 26248
-1
1 30007 30007
-1
0 0 10483
0 0 8633
1 3447 3447
0 0 13401
1 8226 8226
-1
1 18375 18375
1 20115 20115
-1
-1
-1
-1
1 14354 14354
-1
0 0 12672
0 0 15126
1 8224 8224
-1
-1
0 0 9478
1 13502 13502
-1
0 0 11884
-1
0 0 10658
1 4791 4791
1 28030 28030
0 0 6227
1 18635 18635
-1
-1
-1
-1
0 0 9453
-1
1 16665 16665
0 0 4495
-1
1 5498 5498
-1
1 4978 4978
0 0 14263
0 0 9707
-1
-1
1 23175 23175
0 0 8374
0 0 8264
-1
-1
-1
0 0 10080
-1
-1
0 0 9001
1 24154 24154
0 0 5402
-1
1 27695 27695
-1
0 0 564
-1
-1
-1
-1
1 29782 29782
0 0 10876
1 6120 6120
1 29124 29124
1 4606 4606
1 18443 18443
1 18207 18207
1 9396 9396
1 20594 20594
0 0 15385
0 0 4246
1 18333 18333
-1
0 0 6660
1 2709 2709
1 3087 3087
1 12447 12447
1 7087 7087
1 25978 25978
0 0 5933
0 0 6306
1 30539 30539
1 7208 7208
-1
1 9613 9613
0 0 3779
1 15244 15244
0 0 15696
0 0 9043
1 27147 27147
1 7607 7607
0 0 15050
0 0 15123
0 0 8709
0 0 4655
0 0 16042
-1
1 13499 13499
-1
0 0 9924
0 0 14284
0 0 1769
0 0 3480
1 21402 21402
-1
0 0 4104
1 25465 25465
-1
-1
0 0 218
0 0 12990
-1
0 0 3216
0 0 12929
1 18087 18087
-1
0 0 2175
0 0 16225
-1
0 0 9817
-1
1 31939 31939
1 30659 30659
1 11816 11816
-1
-1
1 23998 23998
0 0 15239
0 0 15426
-1
-1
-1
0 0 10258
0 0 5374
0 0 11510
1 9233 9233
-1
0 0 5476
1 6782 6782
0 0 7107
0 0 11036
0 0 4040
1 26121 26121
0 0 3856
1 23 23
0 0 8795
1 15638 15638
1 17844 17844
0 0 11193
1 19750 19750
1 27346 27346
1 23519 23519
0 0 9181
-1
0 0 6088
0 0 9791
0 0 1633
0 0 15753
0 0 15778
-1
-1
-1
0 0 7173
-1
-1
-1
-1
0 0 7457
0 0 1148
-1
-1
-1
0 0 13129
0 0 12609
0 0 7982
-1
1 363 363
0 0 1493
1 7861 7861
1 32750 32750
1 23597 23597
-1
1 14906 14906
-1
0 0 5556
1 862 862
-1
1 31190 31190
1 18448 18448
0 0 3779
0 0 14874
0 0 7425
-1
0 0 13823
-1
-1
1 8807 8807
-1
1 651 651
1 22382 22382
1 11891 11891
0 0 14497
0 0 4084
0 0 13891
0 0 15569
0 0 15333
1 1464 1464
0 0 1799
1 30811 30811
0 0 14222
-1
1 29210 29210
-1
-1
1 30842 30842
0 0 15171
1 30081 30081
1 16833 16833
1 13675 13675
1 8048 8048
0 0 5080
0 0 8313
1 32717 32717
-1
1 27122 27122
1 5544 5544
-1
1 5519 5519
0 0 11600
0 0 1293
-1
-1
-1
-1
0 0 9831
-1
1 25253 25253
1 19625 19625
0 0 2478
1 31028 31028
1 39 39
-1
-1
1 13688 13688
1 28013 28013
0 0 13786
0 0 1641
-1
1 20806 20806
0 0 3225
0 0 4348
0 0 13126
0 0 3955
1 29332 29332
1 5453 5453
0 0 8783
0 0 3122
0 0 12759
1 4682 4682
-1
0 0 12446
-1
0 0 10885
-1
0 0 4198
0 0 6330
1 5331 5331
1 29969 29969
1 13532 13532
1 3677 3677
-1
0 0 1042
-1
0 0 4157
-1
-1
0 0 58
0 0 10649
-1
-1
0 0 5372
-1
1 10566 10566
-1
-1
-1
0 0 13819
0 0 1014
1 14482 14482
0 0 5546
0 0 7828
-1
-1
0 0 3121
0 0 3088
0 0 4775
0 0 8726
-1
-1
-1
1 17288 17288
0 0 5396
0 0 3902
-1
-1
0 0 3187
-1
-1
-1
-1
0 0 2661
1 2054 2054
-1
0 0 13344
1 31381 31381
-1
1 24845 24845
-1
1 31494 31494
0 0 4210
-1
0 0 235
1 14298 14298
0 0 9258
0 0 4944
1 16880 16880
1 2924 2924
0 0 13682
1 32089 32089
1 5472 5472
1 29504 29504
-1
0 0 4340
-1
1 2682 2682
0 0 2866
0 0 9882
1 720 720
-1
0 0 4512
0 0 5574
0 0 16078
0 0 2934
-1
1 16159 16159
1 10844 10844
-1
1 24945 24945
1 21119 21119
0 0 4255
-1
1 200 200
0 0 15762
1 15481 15481
0 0 205
1 15034 15034
0 0 5621
1 16068 16068
1 30257 30257
0 0 7897
1 22417 22417
-1
1 26662 26662
0 0 9264
-1
0 0 12928
-1
-1
0 0 5241
1 21369 21369
1 2404 2404
0 0 5108
0 0 9488
-1
0 0 1554
0 0 12026
1 4630 4630
0 0 3395
-1
-1
1 10374 10374
0 0 2076
-1
-1
-1
0 0 14396
0 0 11477
1 18418 18418
-1
-1
-1
-1
1 7701 7701
0 0 9090
0 0 6806
0 0 5215
0 0 11618
1 7823 7823
-1
1 17102 17102
0 0 12006
0 0 8208
-1
-1
-1
0 0 10192
0 0 3547
-1
-1
1 32255 32255
1 17153 17153
0 0 12863
0 0 2864
0 0 2005
-1
1 6731 6731
0 0 1491
0 0 14731
-1
-1
0 0 1524
0 0 13215
-1
0 0 10239
-1
0 0 6414
-1
0 0 8896
-1
-1
0 0 8081
0 0 953
-1
-1
1 25718 25718
-1
0 0 9418
0 0 15438
1 11488 11488
1 4171 4171
1 24839 24839
0 0 11523
0 0 2664
-1
-1
1 11473 11473
0 0 15918
1 30316 30316
1 23875 23875
0 0 11465
-1
0 0 11245
0 0 5775
1 3429 3429
-1
1 20989 20989
0 0 11905
1 28770 28770
1 21659 21659
-1
1 31090 31090
-1
1 17343 17343
1 5985 5985
1 32724 32724
1 617 617
0 0 9348
0 0 7109
1 12532 12532
-1
0 0 13169
-1
-1
-1
1 23775 23775
1 2966 2966
-1
-1
-1
1 24184 24184
-1
0 0 15511
-1
0 0 1668
-1
0 0 15849
1 7416 7416
1 26165 26165
-1
0 0 13195
-1
1 6441 6441
0 0 9099
1 6845 6845
1 18598 18598
-1
1 25474 25474
-1
1 4425 4425
1 4475 4475
-1
-1
1 12540 12540
1 10506 10506
0 0 14548
-1
1 19055 19055
-1
1 12137 12137
1 13634 13634
-1
-1
0 0 15799
0 0 13203
-1
1 16906 16906
1 8760 8760
-1
0 0 9451
-1
1 5153 5153
-1
0 0 9669
1 8849 8849
-1
-1
1 25876 25876
0 0 3854
1 3404 3404
0 0 14805
-1
-1
-1
0 0 2362
0 0 6455
0 0 7033
0 0 9054
0 0 6904
-1
1 8374 8374
-1
-1
1 12514 12514
-1
0 0 16192
1 30910 30910
-1
-1
0 0 7757
1 26238 26238
-1
-1
0 0 4209
1 21194 21194
0 0 6905
1 3419 3419
0 0 8095
-1
-1
1 30569 30569
1 6259 6259
0 0 9604
0 0 1262
-1
0 0 13910
-1
-1
-1
-1
-1
0 0 2439
0 0 2516
1 8917 8917
-1
-1
1 2711 2711
-1
-1
-1
0 0 10306
1 1505 1505
1 23870 23870
1 21435 21435
-1
0 0 3768
0 0 10532
-1
0 0 4452
-1
1 9332 9332
1 393 393
0 0 12416
1 24630 24630
-1
0 0 7256
-1
1 8862 8862
1 22340 22340
-1
-1
0 0 12628
1 28221 28221
1 3231 3231
0 0 14063
0 0 10740
1 19458 19458
-1
1 3787 3787
0 0 2667
1 7111 7111
0 0 2547
1 23676 23676
-1
1 4420 4420
1 32578 32578
1 18011 18011
0 0 2693
0 0 3995
-1
1 27670 27670
1 7734 7734
0 0 7919
0 0 14344
1 27681 27681
-1
1 16768 16768
0 0 9241
1 16947 16947
0 0 8745
-1
-1
1 13765 13765
0 0 8192
1 3034 3034
0 0 13400
-1
1 913 913
1 12719 12719
-1
1 5418 5418
0 0 12109
0 0 3036
1 17274 17274
1 19782 19782
-1
1 8144 8144
1 25473 25473
-1
0 0 10616
0 0 12136
1 10220 10220
-1
1 15457 15457
-1
1 21280 21280
1 27149 27149
0 0 10568
-1
-1
0 0 12143
0 0 14982
1 27564 27564
1 12970 12970
-1
-1
-1
1 5761 5761
-1
1 25869 25869
-1
-1
0 0 1913
-1
-1
1 31388 31388
-1
-1
0 0 13073
0 0 9180
1 9291 9291
1 25188 25188
0 0 15149
1 15445 15445
1 32602 32602
0 0 16127
-1
-1
0 0 13825
0 0 14804
1 4080 4080
0 0 8996
1 28220 28220
1 6155 6155
0 0 10861
0 0 10955
0 0 7904
1 12726 12726
-1
-1
0 0 8774
0 0 13775
0 0 15573
-1
0 0 5811
-1
0 0 1883
-1
-1
-1
1 379 379
1 13097 13097
0 0 11661
1 3747 3747
-1
0 0 175
1 7120 7120
0 0 15145
1 17951 17951
1 5079 5079
0 0 8609
0 0 7982
-1
1 13147 13147
1 18828 18828
0 0 10310
0 0 7383
0 0 11693
0 0 1858
-1
-1
-1
-1
1 19075 19075
-1
1 16046 16046
0 0 12513
0 0 7850
1 29764 29764
0 0 7753
1 30995 30995
1 9571 9571
1 20250 20250
0 0 13960
-1
-1
0 0 284
1 1608 1608
0 0 2196
1 30873 30873
1 7778 7778
0 0 12287
0 0 135
1 19948 19948
1 24665 24665
0 0 16143
1 2574 2574
0 0 233
1 5992 5992
0 0 5531
1 21540 21540
0 0 9870
0 0 3564
-1
-1
-1
1 21887 21887
0 0 9817
0 0 11941
-1
0 0 10519
-1
-1
1 19523 19523
1 27711 27711
0 0 15960
1 24233 24233
-1
-1
-1
0 0 5200
1 6165 6165
0 0 7101
0 0 16087
1 30371 30371
-1
-1
1 1491 1491
-1
-1
-1
-1
0 0 14318
0 0 14153
0 0 62
1 28743 28743
0 0 1223
0 0 3877
0 0 4605
-1
-1
0 0 447
0 0 16092
1 21451 21451
-1
-1
1 13866 13866
0 0 5284
0 0 14067
-1
1 27856 27856
1 19644 19644
-1
0 0 5122
0 0 16213
-1
0 0 6817
0 0 13392
-1
0 0 13531
-1
-1
1 29326 29326
0 0 795
0 0 376
0 0 13850
-1
-1
-1
-1
0 0 6038
-1
1 11993 11993
-1
0 0 1551
0 0 12991
0 0 7842
1 28209 28209
0 0 9486
1 31258 31258
-1
1 153 153
-1
-1
1 8956 8956
0 0 7636
0 0 4247
0 0 9556
-1
1 27206 27206
0 0 5189
-1
1 26435 26435
0 0 1375
1 10875 10875
1 8156 8156
-1
1 12610 12610
1 13743 13743
0 0 6677
-1
-1
0 0 8747
0 0 10584
0 0 5039
1 3479 3479
-1
-1
-1
0 0 6111
0 0 682
0 0 6961
-1
-1
1 24608 24608
0 0 1240
1 22621 22621
1 9792 9792
0 0 1573
0 0 13369
1 4766 4766
-1
-1
-1
1 14606 14606
0 0 16331
0 0 10279
-1
0 0 10771
0 0 13438
1 20669 20669
-1
1 22182 22182
0 0 10710
-1
0 0 106
-1
-1
0 0 13124
0 0 2220
1 22314 22314
1 175 175
0 0 649
0 0 12978
-1
1 27358 27358
0 0 14615
1 29371 29371
0 0 10864
1 31501 31501
1 27964 27964
0 0 6753
1 5084 5084
-1
1 9634 9634
-1
-1
1 7538 7538
1 8519 8519
0 0 6103
1 5320 5320
-1
1 13082 13082
-1
-1
-1
0 0 196
0 0 8337
0 0 5909
-1
0 0 3717
-1
0 0 4556
0 0 4642
0 0 4939
-1
-1
-1
0 0 788
1 14118 14118
-1
-1
1 12612 12612
-1
-1
1 18271 18271
0 0 181
0 0 8725
1 24635 24635
-1
-1
0 0 6702
1 20933 20933
-1
0 0 12546
-1
-1
1 23805 23805
0 0 522
0 0 1388
-1
-1
0 0 1461
0 0 441
0 0 10413
0 0 3807
1 1825 1825
0 0 15432
1 29385 29385
0 0 8617
-1
-1
-1
0 0 14369
1 1442 1442
-1
1 4534 4534
0 0 6650
1 30642 30642
0 0 1247
1 10269 10269
-1
1 31149 31149
0 0 10993
1 27740 27740
-1
0 0 4446
1 19447 19447
0 0 712
0 0 6594
0 0 8907
1 5430 5430
1 12191 12191
-1
-1
0 0 11900
-1
1 12381 12381
0 0 505
1 11066 11066
0 0 10834
0 0 13952
0 0 1141
0 0 10126
-1
1 30508 30508
0 0 11211
0 0 11444
-1
-1
0 0 16092
1 9989 9989
1 7985 7985
1 3486 3486
1 15257 15257
-1
1 1485 1485
-1
0 0 15682
-1
0 0 9202
1 28576 28576
-1
-1
-1
-1
1 9414 9414
0 0 6887
0 0 15081
0 0 12207
1 14921 14921
1 28060 28060
-1
0 0 12797
-1
-1
0 0 929
-1
1 21601 21601
0 0 9261
1 4537 4537
-1
1 18620 18620
1 31546 31546
0 0 3932
0 0 6149
-1
1 19574 19574
1 32600 32600
0 0 4283
1 11930 11930
0 0 2543
1 29433 29433
1 17551 17551
-1
0 0 1141
-1
1 18315 18315
-1
0 0 1689
1 7946 7946
1 28166 28166
0 0 947
0 0 891
1 20492 20492
1 13183 13183
-1
0 0 9674
1 29232 29232
-1
-1
-1
0 0 725
-1
-1
1 9633 9633
1 16369 16369
1 27579 27579
-1
0 0 6146
1 31294 31294
0 0 2749
-1
1 13363 13363
0 0 6152
0 0 4809
-1
-1
1 3499 3499
0 0 7598
1 23707 23707
0 0 4405
-1
1 24465 24465
0 0 1093
0 0 16196
-1
-1
1 24265 24265
1 32161 32161
1 7105 7105
0 0 12816
-1
1 26072 26072
1 7653 7653
0 0 13747
1 17087 17087
-1
-1
1 25584 25584
1 30530 30530
1 19819 19819
-1
1 10987 10987
0 0 88
0 0 15843
-1
1 17899 17899
1 2617 2617
-1
-1
-1
-1
0 0 14936
0 0 7896
-1
0 0 3450
1 7060 7060
-1
0 0 9367
1 19610 19610
1 9870 9870
-1
-1
0 0 10275
0 0 369
-1
-1
-1
1 14845 14845
0 0 1596
-1
-1
-1
0 0 7307
0 0 1667
-1
1 6620 6620
0 0 8866
0 0 3179
0 0 9893
1 8360 8360
-1
0 0 121
1 23784 23784
0 0 8611
0 0 13007
0 0 7209
0 0 11762
-1
1 10010 10010
-1
1 282 282
-1
-1
1 5833 5833
1 15595 15595
0 0 1083
0 0 8221
0 0 165
-1
1 8820 8820
0 0 5412
0 0 11123
-1
-1
0 0 16326
-1
-1
1 32177 32177
0 0 6129
1 20888 20888
0 0 12136
1 14135 14135
1 30706 30706
-1
0 0 4782
-1
1 32671 32671
1 26123 26123
-1
-1
-1
-1
1 24968 24968
1 23048 23048
-1
-1
-1
1 19922 19922
1 11477 11477
1 549 549
-1
1 24091 24091
0 0 10085
1 22568 22568
0 0 9474
-1
0 0 9773
1 9284 9284
-1
1 22150 22150
1 20868 20868
-1
-1
-1
-1
1 14714 14714
0 0 10199
-1
-1
0 0 467
-1
0 0 11779
0 0 3203
-1
0 0 2450
1 17173 17173
-1
0 0 13217
1 10933 10933
-1
1 697 697
-1
1 22959 22959
0 0 9753
-1
-1
1 29500 29500
-1
-1
0 0 14322
-1
1 5020 5020
-1
1 406 406
0 0 12576
-1
0 0 9221
0 0 1660
-1
-1
-1
0 0 10803
0 0 3373
1 22386 22386
0 0 11482
-1
0 0 15767
1 24578 24578
-1
-1
0 0 9005
-1
1 21287 21287
1 14321 14321
0 0 11603
0 0 1533
1 20708 20708
-1
0 0 13485
-1
1 15878 15878
-1
1 27840 27840
0 0 12824
1 7883 7883
-1
1 11947 11947
0 0 5675
1 24630 24630
-1
1 24302 24302
1 2500 2500
0 0 15175
1 23435 23435
1 14819 14819
-1
-1
1 16510 16510
1 16102 16102
0 0 8
-1
1 28557 28557
0 0 15212
0 0 8843
1 28512 28512
-1
-1
0 0 15961
1 8445 8445
-1
0 0 13519
-1
0 0 12977
0 0 12214
1 16456 16456
1 14215 14215
0 0 11897
1 28645 28645
-1
0 0 3587
0 0 8806
-1
-1
1 15020 15020
1 5464 5464
1 23636 23636
1 23090 23090
1 29363 29363
-1
-1
-1
-1
1 8563 8563
0 0 8288
1 10603 10603
-1
-1
0 0 16151
0 0 3944
1 15770 15770
1 23752 23752
1 23770 23770
-1
0 0 10225
0 0 3085
-1
1 8029 8029
1 15581 15581
-1
0 0 13125
-1
1 11296 11296
0 0 4998
1 27483 27483
-1
1 9060 9060
-1
0 0 11520
0 0 3140
0 0 12420
0 0 1230
1 4121 4121
-1
1 18060 18060
0 0 1674
0 0 9428
1 2900 2900
0 0 10635
0 0 2072
-1
1 3204 3204
0 0 5881
1 23941 23941
0 0 5912
-1
1 16651 16651
-1
1 20388 20388
1 20289 20289
-1
-1
-1
1 7597 7597
1 5089 5089
-1
0 0 3621
-1
1 17197 17197
0 0 16017
0 0 3049
-1
0 0 5994
-1
1 16345 16345
1 25765 25765
1 19323 19323
0 0 1357
1 23941 23941
0 0 1257
1 16228 16228
1 30536 30536
1 11997 11997
0 0 1146
1 27899 27899
1 15476 15476
-1
-1
1 3405 3405
1 25753 25753
0 0 5649
-1
1 23178 23178
-1
-1
0 0 9144
-1
1 27019 27019
-1
1 31448 31448
-1
-1
1 6407 6407
1 9286 9286
-1
-1
0 0 8691
1 2966 2966
0 0 2117
-1
0 0 1994
1 21033 21033
1 20026 20026
1 28457 28457
-1
0 0 9393
-1
1 21205 21205
1 8555 8555
0 0 11415
0 0 11763
0 0 111
0 0 3398
-1
0 0 2224
1 18981 18981
-1
0 0 5332
0 0 942
1 27722 27722
-1
0 0 4767
1 25838 25838
-1
1 8417 8417
-1
1 17880 17880
1 6288 6288
1 10110 10110
0 0 1083
1 9465 9465
1 8266 8266
1 13082 13082
1 20885 20885
1 22231 22231
0 0 1162
1 9212 9212
0 0 8584
1 5149 5149
0 0 7412
-1
-1
1 5144 5144
-1
1 17955 17955
-1
-1
0 0 14443
1 32492 32492
0 0 10443
1 16789 16789
-1
1 8449 8449
-1
-1
1 23834 23834
0 0 6479
1 18205 18205
-1
0 0 9963
0 0 6897
1 132 132
0 0 11268
-1
0 0 11689
1 13655 13655
0 0 14398
1 5708 5708
0 0 8747
0 0 5534
0 0 15707
0 0 9591
1 21943 21943
1 9819 9819
0 0 11920
0 0 9693
0 0 3347
-1
1 15184 15184
-1
0 0 6747
-1
-1
1 11015 11015
-1
0 0 14706
1 6641 6641
-1
1 4480 4480
0 0 2345
1 29115 29115
-1
1 31316 31316
-1
-1
-1
-1
0 0 13656
-1
1 10252 10252
-1
0 0 15251
-1
1 7975 7975
0 0 5169
-1
1 7747 7747
0 0 15975
1 16853 16853
1 29323 29323
1 19687 19687
-1
0 0 523
0 0 13260
1 19265 19265
0 0 1218
1 24126 24126
0 0 83
-1
-1
0 0 8291
-1
1 2466 2466
1 10320 10320
-1
-1
1 5895 5895
0 0 10009
1 18146 18146
0 0 3951
0 0 14832
1 3991 3991
-1
-1
1 2618 2618
-1
0 0 12938
-1
0 0 16223
1 8703 8703
0 0 5176
-1
1 23359 23359
-1
1 8266 8266
-1
-1
1 15980 15980
-1
0 0 11522
0 0 11802
-1
1 945 945
1 11919 11919
0 0 13888
-1
0 0 2349
-1
-1
0 0 15522
1 28855 28855
0 0 8081
-1
1 24108 24108
-1
0 0 10138
-1
-1
0 0 14212
-1
-1
0 0 11844
1 31033 31033
0 0 5894
0 0 2763
-1
-1
-1
0 0 4295
0 0 15743
-1
1 5186 5186
0 0 13367
-1
-1
0 0 15627
0 0 4299
0 0 6873
1 15473 15473
0 0 11461
1 18312 18312
-1
1 27713 27713
0 0 15455
0 0 2355
-1
1 21208 21208
1 1496 1496
-1
0 0 13758
-1
1 32128 32128
1 31419 31419
-1
-1
0 0 4273
0 0 13720
1 25909 25909
1 19502 19502
-1
1 2961 2961
-1
-1
0 0 591
-1
1 28964 28964
-1
0 0 5490
0 0 14355
0 0 3406
0 0 9417
0 0 5151
-1
-1
1 3263 3263
-1
-1
0 0 6842
0 0 4351
0 0 15005
0 0 3588
0 0 9343
0 0 7135
0 0 7156
-1
1 22186 22186
0 0 8998
0 0 2659
-1
0 0 14874
1 606 606
1 24357 24357
-1
1 4129 4129
1 24457 24457
1 16472 16472
0 0 10666
-1
0 0 4453
1 24120 24120
1 24429 24429
0 0 16383
0 0 641
1 4515 4515
0 0 12740
-1
0 0 12985
-1
-1
0 0 4180
-1
1 21148 21148
1 23940 23940
1 10226 10226
-1
0 0 11708
-1
0 0 3169
0 0 11404
1 19834 19834
0 0 12944
-1
1 21091 21091
0 0 12552
0 0 6344
-1
-1
1 7344 7344
0 0 14399
1 13659 13659
1 21702 21702
0 0 14505
1 13997 13997
1 26396 26396
-1
-1
-1
0 0 15922
0 0 9420
1 16918 16918
-1
1 14310 14310
0 0 5745
-1
1 26159 26159
-1
1 7302 7302
-1
1 5389 5389
1 30005 30005
0 0 393
0 0 10333
-1
-1
1 12155 12155
-1
1 7180 7180
-1
1 22425 22425
1 12006 12006
1 15482 15482
0 0 3305
1 10918 10918
-1
1 32036 32036
-1
0 0 14817
0 0 1210
-1
1 8482 8482
-1
-1
-1
1 19566 19566
0 0 12175
-1
1 5450 5450
-1
0 0 7368
-1
1 27097 27097
0 0 9888
1 12151 12151
0 0 12773
1 17172 17172
1 20673 20673
0 0 9844
1 17480 17480
0 0 15000
1 22674 22674
1 22747 22747
0 0 9757
0 0 6979
1 14043 14043
1 26538 26538
1 27610 27610
1 31252 31252
-1
-1
0 0 4401
-1
-1
0 0 8353
1 17556 17556
-1
1 28545 28545
1 15926 15926
1 21301 21301
0 0 1291
1 2554 2554
-1
-1
0 0 14430
0 0 8468
0 0 1220
-1
1 26030 26030
1 24138 24138
-1
-1
0 0 6686
0 0 9905
0 0 13900
1 2542 2542
-1
1 17846 17846
1 3859 3859
0 0 9955
0 0 6750
0 0 14761
1 25270 25270
-1
1 17934 17934
0 0 6977
-1
0 0 9786
-1
1 29277 29277
1 9579 9579
1 32015 32015
-1
1 27447 27447
-1
-1
1 20730 20730
0 0 6805
-1
1 3666 3666
0 0 16259
0 0 6474
1 21951 21951
-1
1 4208 4208
0 0 4430
0 0 1802
0 0 7839
-1
-1
0 0 12815
0 0 573
-1
-1
0 0 5936
0 0 9284
1 14464 14464
1 31144 31144
-1
-1
1 10301 10301
1 26180 26180
-1
0 0 12179
1 446 446
-1
0 0 4387
-1
1 29134 29134
0 0 9154
-1
0 0 14374
-1
0 0 15217
-1
-1
-1
1 2432 2432
0 0 15429
0 0 15799
0 0 14533
-1
-1
-1
0 0 8219
0 0 6188
1 11225 11225
-1
0 0 73
-1
-1
-1
-1
-1
1 14633 14633
-1
0 0 397
-1
1 5602 5602
1 14071 14071
-1
1 23163 23163
0 0 3363
-1
0 0 2430
0 0 2617
-1
-1
1 15698 15698
-1
1 10046 10046
1 6588 6588
-1
-1
1 25637 25637
-1
-1
0 0 7690
0 0 13102
-1
0 0 5826
0 0 12171
1 18698 18698
-1
0 0 3915
0 0 4888
0 0 11801
0 0 12425
-1
1 12826 12826
0 0 15264
-1
0 0 10528
0 0 1957
-1
1 10218 10218
0 0 5643
0 0 6722
1 9913 9913
1 5227 5227
0 0 7743
0 0 2211
-1
-1
0 0 6329
0 0 5677
0 0 10959
1 2490 2490
1 22928 22928
1 21065 21065
1 10542 10542
-1
-1
-1
-1
1 19798 19798
0 0 6136
1 21687 21687
0 0 14891
0 0 5554
-1
0 0 5327
0 0 13522
1 30548 30548
-1
0 0 9114
1 25270 25270
-1
1 30962 30962
1 16472 16472
0 0 15664
1 2056 2056
-1
1 21674 21674
1 32344 32344
0 0 1497
1 12320 12320
0 0 1928
1 444 444
1 14343 14343
1 30097 30097
1 29752 29752
1 32650 32650
1 14595 14595
-1
-1
0 0 1683
-1
0 0 6025
-1
1 7385 7385
-1
-1
1 1495 1495
0 0 10278
1 20859 20859
-1
1 9082 9082
1 23313 23313
1 23746 23746
0 0 5222
1 24878 24878
-1
0 0 2733
1 8338 8338
-1
1 23872 23872
0 0 9453
1 22429 22429
1 31514 31514
1 27582 27582
1 19801 19801
1 15051 15051
1 25378 25378
0 0 6745
1 11765 11765
0 0 13583
1 28638 28638
0 0 7506
1 31564 31564
-1
1 9505 9505
0 0 6267
0 0 3715
1 7150 7150
0 0 4096
-1
1 14665 14665
-1
0 0 684
1 12248 12248
0 0 5537
1 10984 10984
-1
0 0 9493
0 0 1234
0 0 6652
0 0 10327
1 28004 28004
0 0 7824
1 10026 10026
0 0 13530
-1
1 9970 9970
-1
0 0 4131
0 0 10740
-1
-1
0 0 13512
1 29717 29717
-1
-1
0 0 5314
0 0 9720
0 0 14185
0 0 4509
-1
1 18281 18281
-1
1 6471 6471
0 0 1801
1 3147 3147
-1
0 0 5954
0 0 9073
1 27853 27853
0 0 14610
-1
-1
1 27141 27141
-1
-1
-1
-1
1 25105 25105
-1
1 27876 27876
1 10346 10346
0 0 11569
1 3366 3366
-1
1 19642 19642
1 32668 32668
0 0 13268
0 0 3034
-1
0 0 5839
0 0 9404
1 13100 13100
0 0 12078
-1
1 18758 18758
0 0 3954
0 0 11733
0 0 9560
1 8928 8928
0 0 3871
-1
1 7193 7193
-1
1 29019 29019
0 0 10032
1 22537 22537
0 0 15803
-1
-1
0 0 11771
-1
-1
-1
1 7264 7264
0 0 11213
1 8858 8858
0 0 3050
0 0 13730
1 1643 1643
1 237 237
1 17274 17274
0 0 10069
1 11751 11751
-1
1 30358 30358
1 26392 26392
-1
0 0 11401
-1
1 26139 26139
-1
-1
0 0 5096
0 0 2658
1 19099 19099
-1
0 0 10973
1 27178 27178
-1
-1
0 0 16344
1 12770 12770
-1
0 0 15559
1 24145 24145
-1
1 29102 29102
1 13426 13426
-1
1 17476 17476
0 0 923
1 13936 13936
0 0 2884
0 0 921
-1
0 0 5775
0 0 6569
1 27135 27135
-1
0 0 3821
1 16431 16431
-1
1 23256 23256
0 0 12832
-1
1 10600 10600
1 10530 10530
0 0 8281
0 0 15783
0 0 821
-1
1 30424 30424
1 4071 4071
-1
-1
1 31772 31772
0 0 2843
1 12836 12836
1 27298 27298
0 0 6934
-1
0 0 15340
-1
1 18814 18814
1 23924 23924
-1
0 0 14122
0 0 15330
0 0 15338
0 0 13926
-1
0 0 1854
-1
1 3742 3742
-1
0 0 12977
0 0 8210
1 26432 26432
-1
1 27900 27900
1 31328 31328
-1
1 29601 29601
-1
0 0 6337
-1
1 20931 20931
1 4899 4899
0 0 6197
-1
-1
1 28938 28938
1 10330 10330
1 13125 13125
1 19428 19428
1 2902 2902
-1
-1
1 18643 18643
1 22492 22492
-1
0 0 5727
0 0 3545
0 0 1564
-1
0 0 13082
0 0 9833
0 0 3620
1 26477 26477
0 0 3527
0 0 2580
-1
1 20014 20014
1 29252 29252
1 9168 9168
-1
-1
-1
0 0 323
1 16357 16357
-1
0 0 8528
1 30252 30252
1 28233 28233
-1
1 25543 25543
0 0 16164
0 0 1692
1 29663 29663
1 4673 4673
1 24194 24194
0 0 13139
-1
1 10008 10008
0 0 7316
0 0 7207
-1
0 0 11820
-1
-1
0 0 10213
0 0 10698
1 20264 20264
-1
1 12792 12792
1 11358 11358
0 0 15208
1 242 242
1 30182 30182
0 0 5479
1 5762 5762
1 17312 17312
1 30899 30899
-1
1 26434 26434
1 30507 30507
0 0 4850
-1
1 28595 28595
1 8292 8292
-1
1 15683 15683
1 3745 3745
1 32098 32098
0 0 2616
0 0 3212
0 0 2748
1 29696 29696
1 6985 6985
1 13900 13900
1 29388 29388
1 4188 4188
0 0 5693
-1
0 0 13928
0 0 2477
-1
-1
1 27615 27615
1 4383 4383
-1
-1
-1
1 8086 8086
1 32074 32074
0 0 15339
-1
0 0 2679
0 0 14843
-1
0 0 15283
0 0 11021
1 24764 24764
-1
-1
0 0 6824
1 22659 22659
1 32766 32766
0 0 3056
1 24715 24715
-1
1 31054 31054
0 0 5045
0 0 12292
-1
1 17345 17345
1 25697 25697
0 0 4710
0 0 11072
-1
1 16959 16959
-1
1 26330 26330
-1
1 17698 17698
1 5382 5382
0 0 2199
-1
1 27725 27725
1 4308 4308
0 0 15775
-1
-1
1 32667 32667
0 0 8666
-1
0 0 15768
1 26545 26545
-1
-1
0 0 13265
1 24368 24368
0 0 8944
1 27293 27293
1 18120 18120
0 0 1340
1 20442 20442
0 0 11060
-1
1 10923 10923
0 0 9951
1 10851 10851
1 31023 31023
1 15408 15408
0 0 10261
0 0 6785
0 0 5923
1 9521 9521
-1
0 0 15843
-1
0 0 14862
0 0 1917
-1
-1
1 11814 11814
1 32265 32265
0 0 3806
1 13857 13857
1 11715 11715
1 27637 27637
1 24957 24957
0 0 13821
-1
0 0 7399
-1
1 38 38
0 0 7284
-1
0 0 4323
1 32314 32314
0 0 11033
0 0 8445
-1
-1
0 0 1226
-1
1 2081 2081
0 0 3026
-1
0 0 10732
1 99 99
1 6873 6873
0 0 1027
-1
-1
1 15541 15541
0 0 6525
1 27386 27386
0 0 1947
1 2177 2177
1 24776 24776
1 16852 16852
0 0 2891
0 0 9749
0 0 11237
1 4392 4392
1 11559 11559
1 17092 17092
1 21661 21661
1 27530 27530
0 0 14733
0 0 10113
0 0 3155
1 11889 11889
0 0 9556
-1
0 0 1093
1 5305 5305
-1
-1
0 0 11610
1 22817 22817
0 0 15415
1 12240 12240
0 0 10986
0 0 13415
1 1958 1958
-1
-1
1 9671 9671
-1
0 0 2249
1 6656 6656
0 0 7355
1 13717 13717
0 0 14266
-1
0 0 15255
-1
0 0 7921
0 0 873
1 20128 20128
1 22438 22438
1 22196 22196
0 0 4513
0 0 10034
1 32311 32311
-1
1 29266 29266
0 0 6971
-1
0 0 9219
1 17037 17037
0 0 3419
-1
0 0 13939
1 9923 9923
0 0 2739
1 24260 24260
-1
-1
-1
1 19367 19367
1 12435 12435
0 0 6484
1 30238 30238
0 0 15837
-1
-1
-1
1 10218 10218
1 24770 24770
1 14539 14539
0 0 3269
0 0 3667
0 0 9798
-1
1 7444 7444
0 0 10291
-1
1 16429 16429
1 18136 18136
-1
-1
0 0 9488
0 0 4587
1 6095 6095
0 0 12462
-1
-1
1 5367 5367
0 0 1990
-1
0 0 6395
0 0 8334
1 1220 1220
1 17413 17413
-1
0 0 13090
0 0 11815
1 13236 13236
0 0 11807
-1
1 23201 23201
1 5061 5061
0 0 8132
0 0 10159
1 10191 10191
0 0 2813
-1
1 22130 22130
1 6674 6674
0 0 5549
1 18718 18718
-1
0 0 2084
0 0 6487
1 16323 16323
1 18853 18853
0 0 11834
1 14087 14087
0 0 1818
-1
0 0 7965
-1
1 31192 31192
1 19727 19727
1 28005 28005
1 10067 10067
-1
0 0 6459
-1
0 0 3227
1 29130 29130
1 1254 1254
-1
1 258 258
1 29660 29660
0 0 7813
0 0 4060
0 0 4170
1 29607 29607
0 0 13006
1 1188 1188
-1
0 0 68
0 0 8425
1 10111 10111
0 0 16059
1 31164 31164
-1
1 28012 28012
-1
1 16617 16617
1 5026 5026
-1
-1
-1
1 25793 25793
0 0 1243
0 0 15081
1 27310 27310
1 23951 23951
0 0 13893
-1
0 0 8577
1 19801 19801
0 0 10288
-1
-1
0 0 14711
1 11147 11147
1 14427 14427
1 12812 12812
0 0 2450
-1
-1
0 0 14379
-1
1 10861 10861
0 0 13788
-1
1 27612 27612
1 25476 25476
0 0 362
1 18131 18131
0 0 15180
0 0 4567
0 0 5385
1 5489 5489
-1
-1
-1
1 7143 7143
0 0 4710
1 11278 11278
1 30219 30219
0 0 7570
1 28186 28186
1 27328 27328
0 0 15265
-1
-1
1 645 645
0 0 10053
0 0 1558
0 0 6694
1 27383 27383
1 6478 6478
1 23497 23497
-1
1 24660 24660
0 0 16218
1 13523 13523
1 26301 26301
0 0 9982
1 28207 28207
-1
1 28070 28070
-1
-1
0 0 12243
0 0 9775
0 0 3381
-1
-1
0 0 697
0 0 11540
0 0 14318
0 0 698
0 0 13877
0 0 3216
0 0 2402
-1
-1
1 7144 7144
1 5221 5221
1 15689 15689
0 0 12073
0 0 4765
0 0 6946
-1
0 0 6135
-1
-1
-1
0 0 3301
1 31764 31764
-1
0 0 11425
-1
-1
-1
1 13946 13946
-1
1 3405 3405
-1
-1
0 0 7774
1 7707 7707
-1
0 0 1688
0 0 1732
-1
-1
0 0 2745
0 0 1327
0 0 6009
-1
-1
-1
-1
0 0 10086
1 29339 29339
0 0 11970
-1
1 22492 22492
1 12059 12059
-1
0 0 16006
0 0 7941
1 19528 19528
1 3330 3330
1 27868 27868
1 10183 10183
0 0 6804
1 8695 8695
1 12511 12511
0 0 3173
1 15402 15402
-1
1 24358 24358
-1
-1
-1
1 12001 12001
0 0 3177
0 0 10517
1 26012 26012
1 13030 13030
1 13336 13336
1 20856 20856
1 25079 25079
1 9263 9263
-1
-1
1 13729 13729
1 15449 15449
1 24712 24712
1 26642 26642
0 0 16058
1 8230 8230
-1
0 0 12225
1 20434 20434
1 23035 23035
-1
-1
-1
1 25698 25698
1 14854 14854
-1
0 0 12834
0 0 8772
1 23023 23023
-1
0 0 1687
-1
-1
1 4280 4280
0 0 1447
1 24322 24322
-1
-1
1 9751 9751
0 0 5041
1 6035 6035
-1
1 5507 5507
1 1696 1696
-1
-1
1 14478 14478
1 29855 29855
-1
0 0 13081
-1
-1
1 11465 11465
-1
0 0 1987
-1
1 7668 7668
-1
-1
0 0 6850
1 5546 5546
-1
-1
1 2979 2979
-1
1 17496 17496
-1
1 10885 10885
0 0 4282
1 18583 18583
0 0 9227
-1
0 0 15657
-1
0 0 3382
1 10272 10272
0 0 6182
-1
1 16598 16598
0 0 9436
1 12148 12148
-1
0 0 12026
0 0 3945
1 32409 32409
0 0 14448
-1
-1
0 0 3818
-1
0 0 691
-1
-1
1 13147 13147
-1
0 0 4450
-1
0 0 4134
-1
-1
1 30817 30817
-1
0 0 3737
1 29048 29048
-1
0 0 7544
-1
-1
1 14823 14823
1 18750 18750
1 31628 31628
1 11953 11953
1 1371 1371
1 23276 23276
1 17351 17351
-1
0 0 890
-1
1 16144 16144
1 22284 22284
-1
-1
1 17584 17584
1 5957 5957
0 0 3222
0 0 15226
0 0 6778
-1
-1
-1
0 0 16342
1 15557 15557
0 0 13116
1 31911 31911
-1
1 30428 30428
1 6854 6854
-1
-1
0 0 9956
-1
0 0 9715
-1
1 29387 29387
0 0 9906
1 12151 12151
0 0 7479
-1
-1
-1
1 7346 7346
1 720 720
-1
1 13380 13380
0 0 1296
0 0 2884
1 25463 25463
0 0 7613
0 0 10900
-1
-1
-1
0 0 10716
-1
-1
1 2474 2474
1 30150 30150
-1
-1
1 8310 8310
0 0 13797
0 0 4152
1 22217 22217
-1
1 23875 23875
1 9541 9541
-1
0 0 8763
1 12078 12078
-1
-1
0 0 13355
0 0 11593
1 23236 23236
-1
-1
1 21239 21239
0 0 7987
0 0 14989
-1
0 0 15989
1 554 554
0 0 7832
0 0 13139
1 13434 13434
1 9126 9126
0 0 1683
0 0 9172
-1
1 16020 16020
0 0 9154
1 30447 30447
-1
-1
1 11410 11410
1 2073 2073
1 3780 3780
1 5471 5471
0 0 3184
0 0 5781
1 20292 20292
-1
1 21441 21441
1 30987 30987
-1
1 15913 15913
-1
-1
0 0 11834
0 0 6925
-1
0 0 6693
-1
0 0 14694
-1
-1
0 0 14233
-1
1 26685 26685
-1
1 22995 22995
-1
0 0 9423
0 0 5318
1 24085 24085
1 27050 27050
0 0 14794
1 6181 6181
0 0 985
1 21082 21082
1 28369 28369
0 0 7785
1 2031 2031
-1
1 25284 25284
-1
1 3085 3085
1 19517 19517
0 0 14867
1 32748 32748
0 0 4587
0 0 12916
1 13168 13168
-1
1 14360 14360
-1
-1
0 0 9571
-1
1 6441 6441
0 0 4031
-1
0 0 13987
-1
0 0 9541
-1
1 10083 10083
0 0 5982
0 0 13961
1 6270 6270
-1
-1
-1
1 1711 1711
-1
1 19486 19486
0 0 8009
0 0 15780
-1
-1
-1
1 18136 18136
0 0 13104
1 29197 29197
0 0 12625
1 30667 30667
-1
1 18642 18642
1 13182 13182
0 0 9850
1 26502 26502
0 0 9667
1 9256 9256
-1
-1
1 14146 14146
1 17289 17289
-1
1 25207 25207
0 0 16098
0 0 3364
1 5218 5218
1 9436 9436
-1
0 0 13484
1 24064 24064
-1
1 30792 30792
1 30826 30826
1 25427 25427
1 32130 32130
0 0 4795
-1
1 27144 27144
0 0 4264
0 0 8805
1 24111 24111
-1
1 4223 4223
0 0 9818
0 0 1102
1 24120 24120
1 32673 32673
1 22348 22348
-1
0 0 1343
0 0 165
1 27848 27848
1 28122 28122
-1
-1
1 24071 24071
-1
1 22291 22291
-1
0 0 6021
0 0 12344
-1
0 0 9467
0 0 2237
0 0 12486
0 0 3964
-1
-1
0 0 12402
0 0 1630
1 4581 4581
1 1121 1121
-1
0 0 12286
-1
0 0 1388
0 0 510
0 0 6375
-1
0 0 14813
0 0 3422
0 0 15125
-1
0 0 6446
-1
-1
1 25331 25331
1 5825 5825
-1
1 27600 27600
-1
1 14343 14343
0 0 9525
1 16894 16894
1 10619 10619
1 28404 28404
1 2872 2872
0 0 9405
1 22767 22767
0 0 12345
1 19593 19593
1 4660 4660
1 13665 13665
1 6159 6159
1 32599 32599
-1
-1
0 0 6462
0 0 10096
0 0 7549
0 0 13565
0 0 3080
-1
1 13907 13907
1 18885 18885
1 18243 18243
-1
1 15998 15998
0 0 4461
-1
1 9421 9421
1 7642 7642
0 0 13770
1 6690 6690
1 28806 28806
-1
0 0 491
1 10230 10230
0 0 9047
0 0 7949
1 2947 2947
0 0 11356
-1
-1
0 0 9346
-1
0 0 5049
-1
-1
1 13024 13024
-1
1 11514 11514
0 0 2908
-1
1 22010 22010
1 17975 17975
1 28368 28368
0 0 5468
-1
0 0 3866
-1
1 28318 28318
0 0 5814
0 0 15415
-1
1 25758 25758
1 23556 23556
-1
0 0 8995
0 0 2528
0 0 4760
1 6164 6164
0 0 9258
1 30510 30510
1 18024 18024
1 4721 4721
0 0 9478
-1
0 0 4211
-1
-1
0 0 7586
0 0 7190
1 31501 31501
0 0 7446
0 0 2746
-1
-1
1 28858 28858
1 7167 7167
1 15700 15700
0 0 6247
0 0 14877
1 23616 23616
1 12296 12296
-1
-1
-1
-1
-1
0 0 3847
0 0 9417
0 0 15357
-1
0 0 8787
1 6932 6932
-1
-1
0 0 15069
0 0 2581
-1
1 1651 1651
1 22779 22779
1 15081 15081
0 0 13450
1 22645 22645
1 8598 8598
-1
1 24545 24545
-1
1 9409 9409
-1
1 30976 30976
0 0 7367
-1
1 16219 16219
0 0 5870
1 5183 5183
-1
0 0 6107
0 0 13331
1 14957 14957
-1
0 0 4183
1 20561 20561
1 10526 10526
0 0 15066
0 0 12757
1 11281 11281
1 1215 1215
0 0 9384
0 0 93
-1
0 0 15823
1 27915 27915
-1
-1
0 0 7225
1 23095 23095
-1
0 0 12985
-1
-1
1 25852 25852
-1
-1
-1
1 7983 7983
-1
0 0 5629
1 22717 22717
1 3796 3796
-1
0 0 1397
0 0 335
0 0 6185
1 32624 32624
0 0 11095
1 4289 4289
-1
0 0 10040
0 0 1126
1 523 523
-1
-1
1 30904 30904
0 0 8501
1 7410 7410
0 0 2263
1 20034 20034
-1
-1
0 0 8504
1 1060 1060
1 14379 14379
-1
1 17423 17423
-1
1 28923 28923
0 0 8573
-1
-1
1 23738 23738
0 0 2472
1 14547 14547
1 734 734
1 10729 10729
-1
1 5786 5786
1 22170 22170
0 0 1414
-1
-1
1 798 798
-1
0 0 1296
-1
0 0 5246
0 0 12075
0 0 3819
0 0 3568
1 3367 3367
-1
0 0 5905
1 10263 10263
0 0 3515
1 525 525
1 7226 7226
-1
-1
0 0 10276
1 12798 12798
-1
1 10067 10067
-1
1 3182 3182
-1
0 0 6850
0 0 3524
-1
1 26383 26383
0 0 528
-1
1 4624 4624
0 0 14403
1 5876 5876
0 0 11258
0 0 6844
0 0 10270
-1
-1
-1
-1
1 10336 10336
-1
0 0 2665
-1
1 9732 9732
1 21262 21262
1 18258 18258
-1
0 0 15738
-1
-1
-1
0 0 12473
0 0 5824
0 0 1206
-1
-1
0 0 8800
-1
0 0 262
-1
1 12894 12894
-1
0 0 12638
0 0 5063
-1
0 0 14196
1 27664 27664
0 0 2053
1 16091 16091
0 0 13777
1 10823 10823
-1
-1
-1
0 0 2354
-1
1 16493 16493
1 15289 15289
0 0 4183
-1
-1
-1
1 1839 1839
-1
1 1225 1225
1 22921 22921
-1
1 22512 22512
1 21197 21197
-1
-1
0 0 2691
1 2532 2532
-1
0 0 15282
1 22573 22573
-1
0 0 11992
0 0 8446
0 0 11946
-1
-1
1 16638 16638
-1
-1
0 0 12181
1 14730 14730
0 0 8426
0 0 4021
0 0 15448
0 0 5636
-1
0 0 5225
1 19163 19163
-1
1 18134 18134
-1
-1
-1
0 0 5913
1 13040 13040
1 31806 31806
-1
-1
0 0 2772
0 0 14292
-1
0 0 1544
-1
1 26898 26898
0 0 14754
0 0 1381
1 14488 14488
1 17519 17519
0 0 475
0 0 12866
0 0 7862
0 0 14505
-1
0 0 1228
-1
-1
-1
0 0 14815
0 0 2140
0 0 6047
-1
0 0 9292
-1
-1
1 3065 3065
0 0 1557
1 4713 4713
-1
1 32454 32454
0 0 12718
1 2794 2794
1 9232 9232
0 0 5766
0 0 13115
-1
-1
0 0 12435
0 0 470
1 17420 17420
1 8981 8981
-1
-1
1 8586 8586
1 11044 11044
0 0 12554
1 12695 12695
-1
-1
-1
-1
-1
0 0 8590
0 0 858
-1
-1
-1
0 0 5383
0 0 8843
-1
1 28080 28080
0 0 14390
-1
-1
-1
-1
0 0 9553
1 14425 14425
-1
1 11490 11490
-1
-1
0 0 4382
1 29233 29233
-1
-1
0 0 494
-1
0 0 14985
0 0 15691
-1
-1
1 25829 25829
-1
0 0 1752
0 0 10475
-1
1 16313 16313
-1
-1
-1
-1
-1
1 17119 17119
0 0 9361
-1
-1
-1
-1
0 0 7075
1 32581 32581
1 14265 14265
-1
1 4703 4703
-1
-1
-1
-1
1 12991 12991
-1
-1
-1
-1
-1
-1
1 16655 16655
-1
-1
1 20783 20783
1 24617 24617
1 7874 7874
0 0 14447
1 21708 21708
-1
1 26947 26947
-1
1 12528 12528
-1
1 13930 13930
0 0 2960
-1
1 666 666
-1
1 8937 8937
0 0 4525
-1
-1
1 16307 16307
-1
-1
-1
-1
1 31614 31614
1 19041 19041
0 0 10206
0 0 8525
-1
-1
1 9221 9221
0 0 67
-1
-1
1 25057 25057
1 27673 27673
1 4629 4629
1 21164 21164
1 11512 11512
1 3873 3873
-1
0 0 13297
1 8468 8468
1 19639 19639
-1
-1
1 27809 27809
1 20404 20404
-1
-1
-1
-1
-1
-1
1 12282 12282
0 0 8082
0 0 14967
0 0 10410
-1
1 10913 10913
0 0 71
-1
-1
-1
-1
0 0 13289
0 0 4464
0 0 14107
0 0 15273
1 5525 5525
1 10486 10486
-1
1 12960 12960
1 19293 19293
-1
0 0 2751
1 15865 15865
0 0 6586
1 7123 7123
1 24409 24409
0 0 14999
-1
1 21721 21721
0 0 6943
0 0 4152
0 0 11170
0 0 5738
0 0 2073
-1
1 7845 7845
0 0 10784
0 0 1341
0 0 6258
1 27806 27806
-1
0 0 3088
1 10994 10994
-1
-1
0 0 8251
1 6084 6084
-1
1 29821 29821
0 0 14022
0 0 8577
1 6101 6101
-1
-1
1 25530 25530
1 21370 21370
0 0 7470
0 0 6540
-1
1 24496 24496
-1
1 12296 12296
1 22964 22964
-1
-1
0 0 981
0 0 15937
-1
-1
-1
-1
1 2479 2479
-1
1 22118 22118
-1
0 0 795
1 7041 7041
0 0 13836
-1
0 0 14996
1 26315 26315
-1
1 27841 27841
0 0 8517
0 0 8728
0 0 723
0 0 4959
-1
-1
0 0 13849
1 17073 17073
1 25544 25544
1 7593 7593
-1
0 0 4486
1 15935 15935
0 0 7073
-1
-1
1 8545 8545
0 0 4482
-1
0 0 8159
-1
1 24654 24654
0 0 4434
-1
-1
1 12705 12705
0 0 7470
0 0 2977
0 0 5673
1 5922 5922
-1
-1
0 0 95
-1
-1
-1
-1
0 0 4413
1 27622 27622
0 0 5626
1 12974 12974
-1
1 28384 28384
1 12216 12216
0 0 14214
-1
0 0 14188
0 0 8196
1 16717 16717
1 3167 3167
1 30068 30068
0 0 12897
-1
1 29933 29933
0 0 16142
0 0 8914
1 25938 25938
0 0 336
1 13444 13444
1 23762 23762
1 14869 14869
-1
1 17178 17178
-1
1 18354 18354
1 1718 1718
-1
0 0 10442
-1
-1
-1
1 26085 26085
0 0 10449
1 21370 21370
0 0 9016
-1
-1
-1
0 0 135
-1
0 0 15947
1 13833 13833
0 0 14475
-1
1 9737 9737
-1
1 10769 10769
-1
0 0 4386
1 24002 24002
1 9165 9165
1 10900 10900
-1
-1
0 0 1135
1 21159 21159
0 0 9809
1 11329 11329
0 0 2701
-1
-1
-1
0 0 526
-1
0 0 754
1 1379 1379
1 4034 4034
1 8205 8205
0 0 1734
1 11635 11635
1 32432 32432
0 0 3263
-1
0 0 4002
0 0 8549
1 31285 31285
1 21171 21171
-1
-1
0 0 7702
-1
1 21059 21059
1 4472 4472
-1
-1
1 17624 17624
-1
1 29271 29271
0 0 617
0 0 13438
-1
-1
-1
-1
0 0 3983
0 0 7269
0 0 10842
1 28748 28748
1 29719 29719
-1
1 21950 21950
-1
0 0 3197
1 10901 10901
0 0 11554
0 0 936
1 9170 9170
1 12580 12580
0 0 9778
-1
1 14438 14438
1 20739 20739
-1
1 12132 12132
1 18118 18118
0 0 13787
1 28511 28511
0 0 10984
1 22980 22980
0 0 14801
1 9600 9600
-1
0 0 15036
0 0 8011
-1
1 10713 10713
1 1467 1467
-1
0 0 426
1 885 885
1 23725 23725
-1
1 27365 27365
-1
-1
0 0 12659
-1
0 0 14005
-1
0 0 3996
1 28763 28763
1 14108 14108
0 0 11939
0 0 8947
1 3509 3509
0 0 563
1 19701 19701
1 17813 17813
0 0 3580
1 22800 22800
-1
1 29131 29131
-1
0 0 12929
1 25810 25810
0 0 10938
0 0 8298
-1
0 0 11417
0 0 2736
0 0 2945
0 0 14095
1 29382 29382
-1
1 23107 23107
-1
-1
0 0 16090
1 25709 25709
1 4311 4311
-1
1 18353 18353
0 0 11756
0 0 9194
0 0 11218
1 26134 26134
1 27106 27106
0 0 4164
0 0 13987
0 0 14932
-1
0 0 13036
-1
-1
0 0 6826
-1
-1
0 0 8235
-1
-1
0 0 15714
1 11118 11118
1 21757 21757
1 8073 8073
1 8097 8097
1 14249 14249
1 28951 28951
0 0 14921
1 16473 16473
1 30272 30272
-1
1 28883 28883
-1
0 0 14055
1 27675 27675
1 11652 11652
1 10426 10426
-1
1 11004 11004
0 0 2437
0 0 6269
1 19504 19504
1 3313 3313
-1
0 0 8613
1 4528 4528
-1
-1
1 29 29
1 25213 25213
1 10412 10412
0 0 13823
-1
1 21928 21928
1 17031 17031
0 0 9081
0 0 1599
-1
0 0 7760
1 26432 26432
1 14798 14798
-1
0 0 8838
0 0 9807
-1
0 0 2663
-1
1 28525 28525
-1
-1
0 0 15138
-1
1 24914 24914
1 24428 24428
-1
-1
1 13323 13323
-1
0 0 4882
0 0 7451
0 0 3911
0 0 12180
0 0 3448
-1
-1
1 32590 32590
-1
-1
0 0 4431
-1
0 0 1296
0 0 15050
0 0 790
1 11658 11658
1 4843 4843
-1
-1
1 32755 32755
1 12277 12277
1 21710 21710
1 5142 5142
0 0 15735
-1
1 30767 30767
0 0 965
0 0 206
0 0 1440
-1
1 18519 18519
-1
-1
0 0 2346
1 32562 32562
1 6552 6552
0 0 14733
-1
0 0 8266
-1
1 325 325
-1
-1
-1
-1
-1
0 0 11098
1 8905 8905
-1
0 0 6740
-1
-1
-1
-1
1 28891 28891
-1
1 98 98
-1
1 27877 27877
0 0 8960
1 6283 6283
-1
0 0 10422
1 29499 29499
-1
-1
-1
0 0 6789
1 28269 28269
1 9405 9405
-1
0 0 7919
1 7418 7418
1 6579 6579
0 0 6098
-1
0 0 4098
-1
0 0 3667
1 25285 25285
-1
1 32613 32613
1 16641 16641
1 28586 28586
-1
-1
-1
-1
0 0 9434
0 0 5866
0 0 3409
1 32729 32729
0 0 117
1 25213 25213
0 0 12358
-1
-1
-1
1 11279 11279
-1
-1
0 0 3905
-1
0 0 13477
-1
1 29086 29086
0 0 7301
-1
1 17127 17127
-1
1 2372 2372
-1
1 12729 12729
0 0 8569
-1
-1
0 0 4709
-1
1 32468 32468
0 0 5433
0 0 6427
-1
-1
0 0 8499
-1
-1
0 0 9083
1 32251 32251
0 0 10582
-1
1 27337 27337
0 0 11775
-1
0 0 13968
-1
0 0 8336
1 26446 26446
0 0 13796
-1
-1
-1
1 21627 21627
0 0 1766
-1
-1
-1
0 0 12898
1 22258 22258
-1
1 7685 7685
-1
-1
1 7976 7976
1 11771 11771
1 13380 13380
0 0 12403
0 0 11255
0 0 13724
1 5611 5611
-1
-1
-1
-1
1 28159 28159
0 0 11235
1 30679 30679
1 22940 22940
1 28836 28836
0 0 12342
1 14197 14197
-1
-1
1 15056 15056
0 0 13548
-1
-1
1 4549 4549
-1
1 11202 11202
1 18317 18317
1 31906 31906
-1
1 17846 17846
1 17482 17482
1 13766 13766
-1
0 0 14676
0 0 14158
0 0 12424
1 2372 2372
-1
0 0 4630
0 0 12595
1 10486 10486
0 0 7050
1 28163 28163
-1
-1
1 6399 6399
-1
0 0 5869
1 17377 17377
1 4042 4042
0 0 3415
1 27222 27222
1 9824 9824
0 0 12748
1 12046 12046
1 32408 32408
-1
0 0 15337
0 0 10213
0 0 10252
-1
1 31134 31134
0 0 12852
1 23379 23379
0 0 14673
1 7790 7790
1 16070 16070
-1
1 16918 16918
0 0 14649
-1
0 0 7552
-1
-1
-1
0 0 8960
0 0 3910
-1
0 0 8663
1 21718 21718
0 0 8230
-1
0 0 4005
0 0 7241
0 0 167
0 0 11183
0 0 11963
1 28745 28745
0 0 7461
1 563 563
-1
1 20371 20371
0 0 11854
0 0 10176
1 24658 24658
1 13582 13582
-1
-1
0 0 12882
-1
0 0 5752
1 25222 25222
0 0 8166
1 31513 31513
0 0 9137
0 0 5395
-1
-1
-1
1 25876 25876
1 32183 32183
-1
0 0 3580
-1
-1
0 0 14690
0 0 6386
-1
1 31259 31259
-1
1 20136 20136
0 0 8724
0 0 14874
-1
1 25279 25279
-1
-1
1 10295 10295
-1
0 0 4496
-1
0 0 10495
1 8468 8468
1 36 36
-1
1 6128 6128
0 0 3328
1 10588 10588
-1
1 16084 16084
-1
0 0 14883
-1
-1
1 1574 1574
-1
-1
1 9773 9773
-1
-1
-1
-1
0 0 2987
1 30446 30446
1 22241 22241
-1
-1
-1
1 22666 22666
0 0 11527
1 3313 3313
1 20110 20110
-1
0 0 5501
0 0 6879
0 0 3653
-1
-1
0 0 11336
1 3588 3588
1 15168 15168
-1
-1
1 24722 24722
1 27404 27404
-1
-1
1 4117 4117
0 0 779
-1
1 12556 12556
-1
1 11034 11034
1 30483 30483
0 0 2507
-1
0 0 12056
0 0 7510
0 0 12855
-1
0 0 5548
1 12244 12244
1 12662 12662
1 3165 3165
0 0 11387
1 18700 18700
0 0 8473
0 0 9342
1 10836 10836
1 31960 31960
0 0 4391
-1
0 0 6413
0 0 5664
-1
-1
0 0 6764
-1
-1
1 3726 3726
1 7044 7044
-1
0 0 5902
-1
0 0 15098
0 0 10334
0 0 338
-1
0 0 1714
0 0 1888
0 0 5948
-1
1 1780 1780
1 20168 20168
-1
1 9679 9679
1 5670 5670
-1
1 23983 23983
-1
0 0 8114
1 28521 28521
1 22143 22143
-1
1 10872 10872
1 12241 12241
0 0 6972
0 0 2749
0 0 649
0 0 1899
0 0 6679
0 0 4772
-1
0 0 11798
0 0 12010
-1
0 0 3589
1 22918 22918
0 0 12770
1 12463 12463
-1
0 0 12429
0 0 14718
0 0 13100
0 0 15181
1 7210 7210
1 8096 8096
0 0 4625
-1
1 18802 18802
-1
0 0 11136
-1
1 5049 5049
-1
-1
-1
1 30791 30791
1 9969 9969
1 24725 24725
0 0 891
0 0 7860
-1
0 0 16066
0 0 845
0 0 15479
0 0 7098
1 10491 10491
0 0 11342
1 9900 9900
0 0 15130
-1
0 0 6204
-1
1 14650 14650
0 0 12588
-1
-1
-1
1 20632 20632
0 0 720
1 17991 17991
-1
1 6929 6929
0 0 11180
0 0 3971
-1
-1
1 27840 27840
1 17123 17123
1 13505 13505
-1
0 0 4836
-1
1 26697 26697
-1
-1
1 4390 4390
-1
1 29033 29033
-1
1 3441 3441
-1
0 0 12912
0 0 13676
1 13732 13732
0 0 9271
0 0 9353
-1
-1
-1
0 0 6712
-1
0 0 7833
0 0 6506
0 0 6678
-1
0 0 841
0 0 13591
1 10939 10939
1 15659 15659
-1
0 0 9109
0 0 7981
0 0 1635
-1
0 0 1243
0 0 11202
-1
1 12820 12820
1 1389 1389
-1
0 0 8475
-1
-1
0 0 14185
1 23070 23070
0 0 6440
-1
-1
0 0 14125
0 0 10163
1 18034 18034
-1
-1
-1
-1
1 29585 29585
1 19646 19646
1 32670 32670
1 159 159
1 16976 16976
-1
-1
-1
0 0 10689
1 10032 10032
1 5106 5106
0 0 563
1 27593 27593
-1
1 10488 10488
-1
1 21635 21635
0 0 4830
0 0 7787
1 3557 3557
-1
-1
1 8773 8773
0 0 3936
0 0 3547
0 0 3929
-1
1 31609 31609
1 1863 1863
-1
1 3659 3659
0 0 15146
-1
1 26267 26267
0 0 16307
1 7615 7615
0 0 6155
-1
1 21533 21533
0 0 11105
-1
0 0 4131
1 23356 23356
0 0 970
1 26255 26255
0 0 7261
1 787 787
1 20999 20999
1 4528 4528
0 0 1632
1 28662 28662
-1
-1
-1
0 0 4447
0 0 6702
1 18975 18975
1 23382 23382
-1
-1
0 0 9315
-1
0 0 380
0 0 10785
1 27194 27194
0 0 15562
0 0 7575
-1
0 0 9896
-1
-1
-1
-1
1 25417 25417
0 0 6890
0 0 321
-1
-1
0 0 1746
1 14832 14832
1 22599 22599
0 0 14656
-1
0 0 11755
1 15133 15133
0 0 8931
1 4352 4352
1 12275 12275
0 0 13345
-1
0 0 12481
1 23847 23847
1 26280 26280
0 0 12179
0 0 4958
-1
1 1022 1022
0 0 4213
1 10291 10291
-1
-1
1 12416 12416
0 0 7159
0 0 2015
1 31518 31518
0 0 3516
1 10491 10491
1 9330 9330
-1
1 13251 13251
1 21995 21995
1 22338 22338
-1
0 0 2334
1 14161 14161
0 0 9012
-1
-1
1 2630 2630
0 0 3168
0 0 7088
1 26244 26244
0 0 884
0 0 13351
0 0 5397
-1
-1
0 0 7771
1 2316 2316
-1
-1
-1
0 0 7565
1 10752 10752
0 0 2776
1 1504 1504
0 0 14232
1 13331 13331
-1
1 23714 23714
1 6766 6766
-1
-1
1 24892 24892
-1
0 0 13210
0 0 6917
1 7433 7433
1 28969 28969
1 4502 4502
0 0 13801
0 0 6915
1 14520 14520
-1
0 0 606
1 22870 22870
1 7313 7313
0 0 16222
-1
0 0 6878
0 0 1362
-1
1 11000 11000
0 0 786
-1
1 8773 8773
-1
0 0 5645
-1
0 0 11309
-1
-1
1 19388 19388
-1
-1
0 0 10127
-1
-1
1 8996 8996
1 7931 7931
-1
-1
-1
1 3845 3845
1 11658 11658
0 0 13553
1 63 63
0 0 16318
-1
-1
1 12558 12558
-1
-1
-1
-1
1 22902 22902
-1
1 15501 15501
1 6950 6950
1 10669 10669
1 22821 22821
0 0 14790
1 2629 2629
0 0 1632
0 0 14566
-1
1 25989 25989
0 0 11284
-1
-1
1 21467 21467
1 19325 19325
1 26238 26238
1 16119 16119
1 7360 7360
-1
-1
0 0 1634
-1
1 27141 27141
1 29443 29443
1 27427 27427
0 0 10965
0 0 4816
-1
0 0 13678
1 12726 12726
1 12024 12024
0 0 11633
0 0 11789
0 0 16045
0 0 13035
1 20871 20871
1 12525 12525
1 5157 5157
0 0 4504
0 0 6896
0 0 14308
-1
0 0 14797
1 16947 16947
-1
0 0 11960
-1
-1
-1
0 0 13135
1 20778 20778
1 13981 13981
1 16242 16242
1 17742 17742
0 0 13335
1 10639 10639
1 9797 9797
1 2974 2974
-1
-1
-1
-1
-1
0 0 13188
-1
-1
1 2010 2010
-1
-1
0 0 2153
-1
-1
-1
-1
0 0 11355
-1
-1
0 0 2706
0 0 12440
0 0 12942
-1
1 3525 3525
-1
1 3422 3422
1 3372 3372
0 0 3245
1 2358 2358
0 0 6655
0 0 7981
1 16423 16423
-1
0 0 950
1 11902 11902
0 0 13110
0 0 3782
-1
0 0 15360
-1
-1
-1
-1
-1
0 0 15497
1 32014 32014
-1
0 0 16068
-1
0 0 15235
0 0 1066
1 4150 4150
-1
0 0 1923
1 6872 6872
0 0 6072
1 6448 6448
1 23705 23705
1 16690 16690
-1
-1
1 23439 23439
1 18085 18085
-1
-1
-1
-1
0 0 16275
-1
0 0 7319
1 31449 31449
-1
1 23145 23145
0 0 2980
1 9878 9878
0 0 7117
-1
1 4776 4776
1 98 98
0 0 13413
0 0 3698
-1
0 0 7290
0 0 4595
0 0 11283
0 0 7041
-1
1 10468 10468
0 0 9412
-1
1 26309 26309
1 24257 24257
-1
-1
1 4708 4708
-1
1 18382 18382
1 4495 4495
0 0 16200
1 29470 29470
0 0 9713
-1
1 4087 4087
0 0 5781
0 0 3258
0 0 2249
0 0 3731
-1
-1
-1
0 0 12425
1 31684 31684
1 10873 10873
1 14722 14722
-1
-1
-1
-1
-1
1 5980 5980
1 8471 8471
1 10622 10622
0 0 9362
0 0 11596
0 0 2824
-1
1 13527 13527
-1
1 11726 11726
-1
0 0 13234
1 30611 30611
0 0 8331
0 0 2830
-1
0 0 6799
1 23384 23384
0 0 16316
-1
-1
-1
-1
0 0 7436
1 948 948
1 24245 24245
1 13055 13055
1 20845 20845
-1
1 10846 10846
1 9779 9779
1 5248 5248
1 22555 22555
1 26399 26399
-1
-1
1 22751 22751
-1
1 7567 7567
0 0 159
-1
0 0 14091
1 12505 12505
1 13589 13589
-1
-1
-1
-1
1 22009 22009
0 0 938
1 567 567
-1
-1
0 0 6636
-1
0 0 16216
-1
-1
-1
0 0 14306
-1
0 0 13800
-1
-1
1 2144 2144
-1
0 0 5030
-1
0 0 16233
1 20292 20292
0 0 2836
-1
0 0 4274
-1
-1
-1
1 18169 18169
0 0 486
-1
0 0 11957
1 19705 19705
1 17577 17577
-1
-1
0 0 1769
1 12617 12617
0 0 12755
-1
-1
1 22565 22565
0 0 9820
0 0 10731
-1
0 0 10474
0 0 15958
0 0 9746
-1
0 0 3532
0 0 12757
0 0 1733
0 0 6363
1 462 462
1 23077 23077
1 9449 9449
1 17331 17331
1 6782 6782
-1
1 11274 11274
-1
0 0 10217
-1
1 7193 7193
0 0 2992
1 31381 31381
0 0 1442
1 12324 12324
1 16676 16676
1 3260 3260
0 0 12902
0 0 11216
0 0 3811
-1
1 3956 3956
-1
-1
0 0 3541
1 30147 30147
0 0 8663
-1
0 0 11332
1 24580 24580
-1
-1
-1
-1
-1
1 24920 24920
1 29983 29983
-1
-1
-1
1 30534 30534
-1
0 0 3750
-1
1 20570 20570
0 0 2569
1 31570 31570
-1
-1
-1
0 0 2363
-1
-1
-1
1 6704 6704
1 17666 17666
0 0 9287
0 0 567
1 26459 26459
1 6869 6869
-1
1 7575 7575
1 3766 3766
1 4934 4934
0 0 3969
-1
0 0 2994
0 0 13258
0 0 900
-1
-1
0 0 9858
-1
-1
-1
0 0 11696
1 11575 11575
-1
-1
1 883 883
-1
1 1054 1054
0 0 752
-1
1 13692 13692
0 0 7029
0 0 6523
-1
1 6083 6083
-1
-1
1 11700 11700
-1
-1
0 0 1295
0 0 9785
1 26670 26670
1 1767 1767
1 22097 22097
1 934 934
0 0 13245
-1
0 0 11799
1 4783 4783
1 5503 5503
1 20891 20891
-1
-1
-1
-1
0 0 6777
0 0 11895
-1
0 0 6757
-1
1 12675 12675
0 0 11508
0 0 7955
0 0 16189
0 0 5844
1 2184 2184
-1
0 0 17
-1
1 12588 12588
0 0 4277
0 0 10377
0 0 5063
-1
1 21741 21741
-1
1 8910 8910
1 28083 28083
0 0 14552
1 17223 17223
1 23960 23960
1 2756 2756
1 11435 11435
-1
1 3064 3064
0 0 11421
-1
0 0 7411
1 8954 8954
1 6023 6023
-1
0 0 4537
1 24366 24366
1 10175 10175
1 5131 5131
-1
0 0 11668
-1
-1
-1
0 0 6913
0 0 9151
0 0 5398
1 11988 11988
0 0 9452
1 15332 15332
1 23700 23700
0 0 16355
-1
0 0 6266
-1
1 19965 19965
1 25344 25344
0 0 11325
1 15789 15789
0 0 7713
0 0 1807
1 14048 14048
1 17999 17999
-1
-1
0 0 9949
0 0 4916
-1
1 27599 27599
-1
1 10715 10715
1 23223 23223
0 0 6883
-1
0 0 10214
-1
-1
-1
-1
1 11937 11937
-1
1 9456 9456
-1
1 20688 20688
1 24416 24416
-1
-1
-1
1 6182 6182
1 7647 7647
-1
1 23242 23242
-1
-1
0 0 3696
0 0 5672
1 18874 18874
1 15726 15726
-1
0 0 9514
-1
1 23715 23715
-1
0 0 4343
0 0 10594
-1
1 9490 9490
-1
1 28523 28523
1 29898 29898
0 0 10191
-1
-1
0 0 7054
-1
-1
1 5963 5963
-1
-1
0 0 15775
-1
-1
-1
-1
1 22621 22621
1 1461 1461
0 0 14790
-1
1 29936 29936
1 21986 21986
-1
1 22884 22884
-1
1 29234 29234
0 0 3356
0 0 1138
-1
1 19518 19518
0 0 5045
0 0 2353
0 0 14292
0 0 11554
-1
1 352 352
-1
1 424 424
1 27096 27096
0 0 9695
1 1868 1868
0 0 2230
0 0 13403
0 0 2596
0 0 4950
0 0 9821
1 28896 28896
0 0 16019
0 0 11642
0 0 689
1 27537 27537
1 2667 2667
-1
0 0 9003
1 25672 25672
1 5256 5256
1 4089 4089
1 3624 3624
0 0 2979
-1
-1
1 6548 6548
-1
-1
-1
-1
0 0 11261
0 0 5481
0 0 8679
-1
-1
1 23589 23589
-1
1 12623 12623
-1
-1
0 0 5446
-1
-1
1 1916 1916
0 0 11290
-1
0 0 13080
0 0 4861
0 0 2723
-1
0 0 1760
0 0 6016
-1
1 26567 26567
0 0 3231
-1
1 19568 19568
-1
-1
1 16348 16348
-1
1 26403 26403
1 19551 19551
0 0 4520
-1
1 15584 15584
1 26395 26395
0 0 16063
1 1168 1168
-1
0 0 11387
0 0 2489
1 13099 13099
0 0 2220
0 0 14292
0 0 10443
1 19801 19801
0 0 15556
1 1195 1195
-1
0 0 10867
-1
1 31677 31677
1 7180 7180
-1
0 0 15143
0 0 10416
1 3243 3243
-1
1 2737 2737
-1
-1
-1
1 23814 23814
0 0 9887
0 0 6925
-1
1 3085 3085
0 0 9576
1 17166 17166
-1
-1
1 25254 25254
-1
-1
0 0 8439
0 0 2892
0 0 16217
1 30628 30628
-1
1 10303 10303
-1
0 0 4842
0 0 8218
1 6011 6011
1 3821 3821
0 0 13285
0 0 14463
1 12526 12526
0 0 8584
0 0 6013
-1
1 11390 11390
1 21223 21223
-1
1 26337 26337
0 0 11755
1 28273 28273
-1
1 20634 20634
0 0 13427
0 0 8
1 16686 16686
-1
1 9312 9312
1 28430 28430
1 26531 26531
1 26038 26038
1 25658 25658
0 0 14602
-1
0 0 10120
0 0 14615
1 29109 29109
1 3409 3409
1 26921 26921
0 0 1309
0 0 15728
1 39 39
-1
-1
-1
1 6252 6252
-1
1 27377 27377
1 12963 12963
1 26169 26169
1 3061 3061
0 0 7349
1 6036 6036
0 0 10836
1 22983 22983
-1
-1
-1
0 0 8982
1 28516 28516
0 0 13779
1 15869 15869
-1
1 12750 12750
1 20219 20219
1 8365 8365
1 6264 6264
0 0 8667
0 0 8635
0 0 10318
1 5726 5726
-1
-1
-1
1 18389 18389
0 0 13731
-1
1 22781 22781
-1
0 0 14075
0 0 12993
1 21852 21852
0 0 2496
-1
-1
0 0 8681
1 14037 14037
-1
1 28018 28018
1 10021 10021
-1
1 21747 21747
-1
-1
0 0 8682
-1
-1
-1
0 0 8188
-1
-1
1 29942 29942
-1
1 22979 22979
0 0 9604
1 6404 6404
0 0 10559
1 26770 26770
0 0 8597
-1
0 0 14551
0 0 14183
-1
1 2053 2053
-1
0 0 4928
-1
0 0 5974
1 14083 14083
-1
0 0 553
1 4801 4801
-1
1 9804 9804
-1
1 11563 11563
1 31917 31917
0 0 14566
0 0 2345
-1
0 0 13928
0 0 8523
1 7996 7996
-1
1 31370 31370
0 0 9349
-1
-1
0 0 4903
-1
0 0 16000
1 29817 29817
-1
1 26295 26295
-1
-1
1 9986 9986
-1
-1
-1
0 0 13512
1 8730 8730
1 24486 24486
0 0 4154
-1
1 29871 29871
-1
0 0 14399
0 0 4826
-1
1 32582 32582
-1
0 0 800
1 29294 29294
0 0 8161
-1
-1
0 0 6697
0 0 4927
1 32698 32698
-1
-1
-1
1 14820 14820
1 23439 23439
1 3827 3827
-1
-1
1 375 375
0 0 3904
-1
-1
-1
-1
0 0 2390
0 0 16063
1 16270 16270
0 0 2222
1 10016 10016
1 27985 27985
1 7725 7725
-1
1 25277 25277
-1
1 13194 13194
0 0 6000
-1
-1
0 0 13147
-1
1 28825 28825
1 2407 2407
-1
0 0 14329
1 2787 2787
-1
0 0 10683
1 24769 24769
0 0 14519
1 6566 6566
0 0 11698
1 6583 6583
1 19194 19194
0 0 1253
1 25294 25294
1 28033 28033
1 28842 28842
-1
0 0 4093
1 3475 3475
0 0 6210
-1
-1
1 26787 26787
0 0 4092
-1
-1
1 6444 6444
0 0 16169
-1
1 28141 28141
-1
1 10055 10055
1 7753 7753
-1
0 0 9011
1 5486 5486
-1
-1
0 0 2737
0 0 14946
0 0 16244
-1
1 11112 11112
1 17702 17702
0 0 11246
0 0 1022
1 10056 10056
0 0 1645
0 0 3401
0 0 8568
1 14997 14997
0 0 3459
1 10353 10353
-1
0 0 1042
-1
-1
0 0 4946
0 0 2377
0 0 6510
0 0 2341
-1
-1
0 0 16101
-1
0 0 12561
-1
-1
-1
1 1401 1401
1 9748 9748
0 0 3934
0 0 15608
0 0 13651
1 21716 21716
0 0 8047
0 0 3566
0 0 3653
0 0 12984
0 0 7487
0 0 14991
-1
1 10657 10657
-1
0 0 2207
-1
1 6233 6233
0 0 14942
-1
-1
-1
0 0 8778
-1
0 0 9581
0 0 6471
1 26465 26465
1 24241 24241
0 0 4158
1 14543 14543
0 0 3325
1 7488 7488
0 0 16137
-1
1 29339 29339
0 0 5119
-1
-1
1 868 868
0 0 15748
1 28603 28603
0 0 14494
1 3288 3288
-1
0 0 14010
1 11255 11255
1 16478 16478
0 0 1093
-1
0 0 14655
1 4804 4804
1 27852 27852
1 32 32
-1
-1
0 0 9467
0 0 8073
0 0 6737
1 5964 5964
-1
1 13182 13182
0 0 15265
-1
1 5059 5059
-1
-1
0 0 6606
0 0 13098
0 0 1893
-1
1 7669 7669
1 23206 23206
0 0 2149
1 21483 21483
-1
1 9337 9337
1 25474 25474
0 0 10604
1 29109 29109
1 915 915
1 9691 9691
-1
0 0 3016
-1
-1
-1
-1
0 0 6624
1 24778 24778
1 27194 27194
-1
-1
-1
0 0 7536
1 21366 21366
0 0 4178
1 10933 10933
1 32026 32026
0 0 12929
-1
0 0 10600
-1
-1
-1
0 0 10109
-1
1 11430 11430
-1
-1
1 28546 28546
0 0 14483
0 0 7117
-1
0 0 5328
1 9824 9824
-1
0 0 15614
-1
0 0 3233
0 0 14061
-1
-1
-1
0 0 16210
-1
0 0 14964
-1
1 6435 6435
1 7487 7487
1 14997 14997
0 0 9479
0 0 9320
-1
1 16584 16584
0 0 8478
-1
1 14730 14730
1 749 749
0 0 12366
1 3885 3885
1 1399 1399
-1
-1
0 0 3313
0 0 11615
-1
1 8821 8821
1 24271 24271
0 0 16023
1 8156 8156
0 0 10260
1 32130 32130
0 0 5341
1 21743 21743
1 3462 3462
-1
1 20725 20725
0 0 11085
1 7140 7140
-1
0 0 12493
-1
1 26109 26109
0 0 13244
1 8965 8965
-1
1 8818 8818
-1
-1
0 0 4320
1 1606 1606
0 0 8692
1 8157 8157
0 0 1947
0 0 944
-1
-1
0 0 15302
-1
1 4210 4210
0 0 10013
0 0 14095
1 31869 31869
-1
0 0 14265
0 0 3654
-1
0 0 8629
1 24344 24344
-1
0 0 2282
0 0 12542
0 0 15234
1 7619 7619
0 0 15880
-1
1 32180 32180
-1
-1
0 0 818
0 0 2149
1 15480 15480
0 0 14450
-1
0 0 4038
0 0 14944
1 5288 5288
1 32297 32297
1 30051 30051
0 0 7959
1 12139 12139
-1
0 0 10798
-1
-1
-1
-1
-1
1 10131 10131
1 3839 3839
0 0 2833
-1
1 19778 19778
1 7382 7382
-1
1 30198 30198
-1
0 0 10477
0 0 3214
1 30754 30754
0 0 7073
1 5864 5864
-1
1 7249 7249
1 13238 13238
0 0 10032
1 7108 7108
0 0 2698
-1
-1
-1
1 9794 9794
0 0 9062
1 5290 5290
1 14040 14040
0 0 2491
1 8810 8810
-1
1 10660 10660
1 7822 7822
0 0 6363
-1
-1
-1
0 0 9398
-1
-1
1 29754 29754
1 25507 25507
-1
1 15483 15483
1 3168 3168
-1
0 0 9133
1 4237 4237
1 19084 19084
1 8701 8701
1 16031 16031
-1
0 0 185
-1
1 23145 23145
0 0 14308
0 0 9348
-1
-1
0 0 11894
0 0 13956
1 12931 12931
-1
1 15517 15517
0 0 13753
0 0 13432
-1
1 7154 7154
1 777 777
0 0 8392
-1
-1
1 20945 20945
1 31651 31651
-1
-1
0 0 459
-1
-1
-1
-1
-1
-1
-1
-1
0 0 9747
-1
0 0 4994
0 0 16352
-1
-1
1 28120 28120
0 0 12570
0 0 12932
1 1759 1759
0 0 9195
1 3225 3225
0 0 62
-1
-1
1 19918 19918
-1
0 0 13068
1 10320 10320
1 2042 2042
1 6855 6855
-1
-1
1 24329 24329
1 21047 21047
1 23816 23816
-1
1 30505 30505
-1
1 22366 22366
-1
-1
0 0 13487
0 0 11345
-1
1 25514 25514
1 14219 14219
0 0 527
0 0 10350
1 5180 5180
1 25913 25913
0 0 782
-1
1 11074 11074
1 27550 27550
0 0 3384
-1
1 10173 10173
0 0 10601
0 0 4469
0 0 998
1 20470 20470
0 0 8743
-1
1 24299 24299
-1
1 11638 11638
0 0 9826
0 0 16256
0 0 9221
-1
1 6751 6751
-1
0 0 15780
-1
1 20892 20892
1 9676 9676
0 0 9987
1 2941 2941
0 0 2547
-1
1 25693 25693
0 0 3883
-1
-1
1 12461 12461
1 23956 23956
0 0 7017
1 23735 23735
-1
-1
1 30045 30045
-1
0 0 4481
0 0 7614
1 14268 14268
0 0 13654
1 1948 1948
0 0 1953
-1
-1
1 3151 3151
-1
-1
0 0 330
1 17488 17488
-1
-1
-1
0 0 11274
-1
0 0 3978
0 0 13590
0 0 14828
-1
0 0 15457
1 21380 21380
0 0 8973
0 0 9423
-1
-1
0 0 1805
-1
0 0 14678
0 0 5594
1 14947 14947
-1
0 0 6603
0 0 4434
-1
1 17114 17114
1 28744 28744
1 22981 22981
0 0 1691
1 14062 14062
-1
0 0 10526
-1
1 24241 24241
1 395 395
1 30036 30036
1 23318 23318
-1
1 25321 25321
-1
-1
1 10326 10326
0 0 6997
1 6207 6207
0 0 10853
0 0 12670
1 19198 19198
0 0 6380
1 15626 15626
-1
0 0 14349
0 0 5968
-1
-1
1 7862 7862
0 0 9994
1 4119 4119
1 21374 21374
-1
1 18136 18136
1 21502 21502
0 0 16151
1 7398 7398
1 16686 16686
-1
0 0 8173
-1
1 24961 24961
1 28745 28745
0 0 16375
1 23716 23716
-1
1 5599 5599
1 4025 4025
0 0 8016
0 0 8380
-1
0 0 3703
0 0 3746
1 29990 29990
-1
1 13350 13350
-1
0 0 7662
1 23322 23322
1 21339 21339
0 0 2862
1 29759 29759
1 13165 13165
1 3182 3182
1 20869 20869
1 2059 2059
-1
-1
0 0 9184
0 0 13139
0 0 14609
0 0 6928
-1
0 0 1999
1 28911 28911
1 17521 17521
0 0 9410
1 11548 11548
1 10985 10985
1 23815 23815
1 21989 21989
1 15988 15988
0 0 8568
1 10932 10932
1 7169 7169
1 21147 21147
-1
1 2865 2865
1 80 80
0 0 10581
1 5872 5872
-1
-1
-1
0 0 318
1 30955 30955
-1
0 0 5711
1 6198 6198
-1
0 0 3800
-1
0 0 5609
1 23745 23745
0 0 8594
-1
0 0 15139
-1
1 9933 9933
-1
0 0 551
-1
0 0 219
0 0 7991
1 13542 13542
0 0 16327
1 21620 21620
1 16761 16761
1 18386 18386
0 0 7196
-1
0 0 6436
1 31769 31769
1 19899 19899
-1
1 3514 3514
-1
-1
1 6778 6778
-1
0 0 13331
-1
0 0 9723
-1
-1
-1
1 27731 27731
-1
-1
1 11653 11653
0 0 6365
1 24992 24992
-1
-1
1 1880 1880
-1
0 0 8847
0 0 10079
-1
0 0 15487
0 0 14197
0 0 6974
-1
0 0 11514
1 980 980
0 0 3456
0 0 5754
-1
1 26826 26826
0 0 11460
-1
0 0 3698
0 0 4476
0 0 2268
0 0 8169
0 0 9058
-1
0 0 13325
0 0 13984
1 7702 7702
0 0 6662
1 22677 22677
0 0 13255
1 23142 23142
0 0 9362
0 0 3198
0 0 13828
0 0 8755
-1
1 2946 2946
-1
-1
1 12075 12075
1 16701 16701
0 0 1633
-1
0 0 13233
-1
-1
0 0 5259
0 0 8516
0 0 4629
1 29993 29993
0 0 9100
1 4587 4587
1 21631 21631
0 0 4930
1 11999 11999
-1
0 0 8616
-1
0 0 1594
0 0 12157
0 0 8405
1 1417 1417
0 0 834
0 0 7052
1 11900 11900
-1
-1
1 9558 9558
-1
0 0 3657
1 24323 24323
0 0 15595
1 21434 21434
0 0 1171
0 0 8000
1 8193 8193
-1
-1
0 0 12492
1 19712 19712
0 0 10156
-1
0 0 2262
0 0 7969
-1
0 0 13991
0 0 224
-1
0 0 7665
1 2903 2903
1 22786 22786
-1
-1
1 2281 2281
-1
-1
0 0 275
-1
0 0 9903
-1
-1
0 0 8239
1 15362 15362
1 45 45
-1
-1
0 0 7407
-1
1 10796 10796
1 20804 20804
0 0 41
-1
0 0 4905
0 0 1480
1 19425 19425
-1
0 0 4691
-1
0 0 11094
1 12956 12956
0 0 5769
0 0 10624
0 0 12672
0 0 9623
0 0 3439
-1
-1
-1
1 32575 32575
1 18667 18667
1 24859 24859
0 0 5835
0 0 2530
1 8225 8225
-1
0 0 6582
1 15592 15592
0 0 10979
0 0 15654
1 13687 13687
1 7300 7300
-1
-1
-1
0 0 6700
1 586 586
0 0 634
1 13333 13333
1 6281 6281
-1
-1
-1
0 0 6414
1 18279 18279
0 0 9431
0 0 16250
-1
-1
0 0 952
0 0 16136
-1
1 24147 24147
0 0 10667
0 0 8173
0 0 940
-1
1 24120 24120
0 0 8812
0 0 9484
0 0 2114
1 16140 16140
1 17614 17614
1 16447 16447
-1
0 0 9913
-1
-1
1 1969 1969
1 3114 3114
-1
-1
1 1711 1711
-1
1 20929 20929
-1
-1
-1
1 26668 26668
-1
0 0 3064
1 2416 2416
0 0 11382
1 25268 25268
-1
-1
1 10209 10209
-1
-1
-1
-1
-1
0 0 12272
1 1883 1883
0 0 1819
-1
-1
1 19029 19029
-1
-1
0 0 131
1 28863 28863
0 0 10040
1 30762 30762
0 0 2344
1 2590 2590
1 10435 10435
0 0 4708
0 0 9655
1 27165 27165
-1
-1
1 5482 5482
-1
0 0 273
-1
-1
0 0 10280
-1
-1
-1
-1
-1
1 32240 32240
1 22812 22812
-1
0 0 9592
0 0 13425
0 0 11096
1 19057 19057
-1
0 0 11418
1 5003 5003
0 0 250
0 0 15417
-1
0 0 12324
-1
-1
-1
0 0 712
-1
1 32754 32754
-1
1 10890 10890
0 0 11708
1 23284 23284
-1
-1
0 0 15559
1 24116 24116
-1
-1
1 21207 21207
1 23189 23189
1 23319 23319
0 0 10426
-1
1 29758 29758
0 0 6693
0 0 12622
0 0 2690
-1
0 0 6645
0 0 4670
-1
1 22358 22358
-1
0 0 12011
1 19326 19326
-1
0 0 14066
-1
-1
0 0 4224
0 0 15704
0 0 10824
-1
-1
1 1999 1999
-1
-1
-1
0 0 12346
-1
0 0 1859
1 20777 20777
1 7865 7865
0 0 12053
1 11817 11817
-1
-1
0 0 11526
1 12625 12625
0 0 10709
-1
0 0 11406
0 0 5023
0 0 6702
-1
-1
-1
1 23175 23175
-1
1 13390 13390
-1
0 0 11840
0 0 9331
0 0 10334
0 0 752
-1
0 0 9432
0 0 9977
0 0 1765
1 6800 6800
-1
1 12259 12259
1 31584 31584
-1
0 0 8715
-1
-1
0 0 6343
-1
-1
1 26261 26261
-1
0 0 319
-1
0 0 3306
1 6340 6340
-1
-1
-1
-1
1 26481 26481
1 21354 21354
1 8763 8763
-1
1 21089 21089
0 0 3623
0 0 4908
0 0 1985
-1
0 0 1272
-1
0 0 3344
-1
1 9825 9825
-1
1 11471 11471
-1
1 18868 18868
0 0 1549
0 0 15369
-1
-1
0 0 7689
-1
0 0 9837
-1
-1
0 0 9959
0 0 10167
0 0 15428
0 0 5782
1 22567 22567
0 0 14657
0 0 10754
0 0 15966
0 0 9196
0 0 7472
-1
-1
1 29501 29501
0 0 156
0 0 12126
0 0 9475
1 9973 9973
1 27038 27038
1 17109 17109
1 1417 1417
-1
1 24841 24841
0 0 2434
-1
1 4137 4137
-1
-1
-1
0 0 92
-1
0 0 202
-1
0 0 11869
0 0 8185
-1
1 27297 27297
-1
-1
-1
-1
1 27183 27183
0 0 12818
0 0 11091
0 0 8457
1 11473 11473
1 3423 3423
1 20887 20887
-1
-1
1 26324 26324
0 0 2368
1 20826 20826
1 9246 9246
0 0 1934
-1
0 0 4901
-1
-1
1 29712 29712
1 9396 9396
-1
1 24566 24566
-1
0 0 13356
-1
1 22187 22187
-1
1 21150 21150
-1
0 0 5820
1 3764 3764
0 0 2694
1 3065 3065
0 0 14709
-1
-1
0 0 3775
-1
-1
1 10308 10308
0 0 9905
-1
0 0 12624
0 0 5546
-1
0 0 1526
-1
0 0 14350
-1
0 0 1114
1 31713 31713
-1
-1
-1
1 3893 3893
0 0 11896
-1
-1
0 0 3648
1 15460 15460
1 30788 30788
0 0 10735
0 0 14757
1 20830 20830
0 0 9018
0 0 9467
-1
0 0 9111
1 26248 26248
1 7856 7856
-1
-1
0 0 15550
-1
1 16503 16503
0 0 1370
1 16662 16662
1 4792 4792
0 0 15896
0 0 15198
0 0 7980
0 0 9869
0 0 12123
0 0 4764
0 0 12297
-1
-1
-1
-1
-1
-1
0 0 8088
0 0 15345
-1
0 0 1838
1 16928 16928
-1
1 3207 3207
-1
-1
1 26923 26923
0 0 7469
-1
-1
1 22489 22489
1 6769 6769
0 0 15522
-1
1 4305 4305
0 0 3936
1 27258 27258
0 0 7351
-1
0 0 13138
-1
1 18574 18574
0 0 3069
0 0 12462
1 27023 27023
0 0 9375
0 0 2594
-1
1 12652 12652
1 12871 12871
0 0 8709
-1
-1
1 1681 1681
1 10883 10883
0 0 3821
1 19233 19233
-1
0 0 9044
-1
0 0 14663
1 26691 26691
1 4536 4536
-1
0 0 3364
1 30386 30386
0 0 1755
-1
0 0 2961
1 30576 30576
0 0 12789
1 22675 22675
1 27255 27255
-1
0 0 2478
-1
0 0 15440
-1
1 12124 12124
1 28823 28823
1 20354 20354
1 11494 11494
-1
0 0 14556
0 0 15999
-1
-1
-1
1 30079 30079
0 0 5542
0 0 12319
0 0 14331
0 0 1336
1 12995 12995
1 4185 4185
1 3924 3924
-1
1 12748 12748
-1
1 29573 29573
-1
0 0 6145
-1
1 26149 26149
-1
0 0 15569
1 21369 21369
0 0 5210
-1
-1
-1
-1
-1
0 0 806
1 18170 18170
1 14864 14864
1 31501 31501
-1
-1
-1
-1
-1
-1
1 8293 8293
1 8160 8160
1 12611 12611
0 0 15998
-1
1 2546 2546
0 0 10151
1 5121 5121
1 29378 29378
-1
-1
1 28099 28099
0 0 2382
1 336 336
1 21985 21985
1 6543 6543
1 13938 13938
0 0 10856
-1
1 8947 8947
1 14151 14151
-1
-1
-1
1 12035 12035
-1
1 17031 17031
-1
1 19185 19185
1 13230 13230
-1
0 0 1630
1 11841 11841
-1
0 0 10625
1 16610 16610
1 25735 25735
-1
-1
1 16357 16357
-1
0 0 5097
1 19927 19927
-1
1 8503 8503
1 8710 8710
0 0 10700
1 26336 26336
-1
-1
0 0 3247
-1
1 29805 29805
0 0 11174
0 0 14649
0 0 1417
1 27602 27602
-1
-1
0 0 6397
1 30678 30678
1 511 511
1 4805 4805
-1
0 0 8805
-1
-1
0 0 677
-1
-1
1 20109 20109
-1
-1
-1
-1
1 9702 9702
0 0 2715
-1
0 0 15619
-1
-1
-1
-1
0 0 13065
-1
-1
1 29617 29617
0 0 3159
0 0 9694
1 20269 20269
1 2525 2525
1 23638 23638
0 0 4576
1 375 375
1 29768 29768
-1
0 0 10143
0 0 8962
-1
0 0 6586
-1
0 0 5412
0 0 12132
1 24428 24428
0 0 9585
1 1461 1461
-1
1 31346 31346
1 12762 12762
0 0 4130
-1
-1
1 20213 20213
-1
-1
0 0 14923
-1
0 0 7713
1 12473 12473
-1
-1
-1
1 21680 21680
0 0 13490
1 12781 12781
-1
1 356 356
1 12669 12669
1 30943 30943
-1
0 0 4643
1 29856 29856
0 0 8422
0 0 10600
1 11884 11884
0 0 15047
0 0 15176
0 0 13161
1 24336 24336
1 22097 22097
0 0 15665
1 30797 30797
-1
1 18096 18096
1 19556 19556
1 22619 22619
1 26218 26218
-1
0 0 7436
-1
-1
1 24901 24901
1 8681 8681
-1
-1
-1
-1
-1
-1
-1
0 0 5750
-1
0 0 5571
-1
1 6114 6114
-1
-1
1 4509 4509
0 0 189
-1
0 0 13217
0 0 6497
1 12814 12814
0 0 14670
-1
0 0 7861
0 0 12527
-1
0 0 1474
1 22979 22979
-1
-1
0 0 15760
1 32447 32447
-1
1 10366 10366
0 0 2675
-1
0 0 8459
1 19266 19266
-1
-1
-1
1 4906 4906
1 16969 16969
0 0 2688
-1
-1
0 0 5238
0 0 12906
0 0 4976
1 14251 14251
1 25799 25799
1 18694 18694
1 23582 23582
1 11377 11377
0 0 15867
1 414 414
1 23206 23206
1 21430 21430
1 12222 12222
0 0 374
-1
0 0 13868
0 0 15232
0 0 8706
-1
0 0 10912
-1
-1
1 19088 19088
1 29650 29650
1 30408 30408
1 13994 13994
1 8523 8523
-1
1 22475 22475
0 0 857
1 10761 10761
1 24370 24370
1 584 584
1 24694 24694
1 25090 25090
1 4580 4580
-1
-1
-1
-1
1 6847 6847
-1
-1
1 27176 27176
0 0 12588
-1
-1
-1
0 0 1493
0 0 8489
1 13246 13246
-1
1 18655 18655
1 12689 12689
-1
-1
-1
1 17774 17774
-1
-1
1 6989 6989
0 0 6196
-1
1 27412 27412
1 30733 30733
0 0 6881
0 0 14096
1 16123 16123
1 31935 31935
-1
-1
-1
-1
0 0 7098
1 25370 25370
0 0 356
-1
1 28840 28840
-1
0 0 11190
0 0 10285
-1
0 0 12617
-1
0 0 6705
0 0 13165
-1
0 0 13874
0 0 14157
-1
-1
1 5391 5391
-1
-1
0 0 576
-1
-1
0 0 11004
1 18044 18044
-1
0 0 10969
1 25405 25405
-1
0 0 7627
-1
0 0 13772
1 18758 18758
0 0 364
1 28589 28589
0 0 988
0 0 6907
1 11065 11065
1 7252 7252
0 0 14216
-1
0 0 14589
-1
-1
-1
-1
-1
-1
1 30533 30533
-1
0 0 5289
-1
-1
0 0 16125
0 0 10983
-1
-1
1 9925 9925
-1
1 7498 7498
-1
0 0 3074
-1
-1
0 0 8159
1 3990 3990
0 0 5235
-1
0 0 13562
0 0 12909
-1
0 0 16382
-1
-1
0 0 9566
0 0 11425
-1
-1
0 0 358
1 27222 27222
-1
1 2010 2010
1 4693 4693
0 0 11530
1 16714 16714
0 0 12224
0 0 13862
0 0 15890
-1
1 19447 19447
1 24013 24013
0 0 14260
-1
-1
-1
1 19597 19597
0 0 10465
-1
0 0 5825
0 0 12864
0 0 9650
0 0 14537
0 0 13199
-1
0 0 13214
1 8623 8623
-1
1 2274 2274
-1
1 23201 23201
-1
0 0 12673
-1
-1
-1
1 84 84
-1
1 8891 8891
0 0 15897
-1
0 0 5307
0 0 3203
-1
1 4825 4825
0 0 14429
-1
-1
1 15327 15327
-1
0 0 4622
1 19646 19646
-1
0 0 14020
-1
1 21616 21616
-1
1 16642 16642
1 28327 28327
0 0 8939
0 0 7994
-1
-1
1 27999 27999
-1
-1
0 0 5743
1 5275 5275
-1
-1
0 0 2678
0 0 7776
0 0 11900
-1
0 0 12699
-1
-1
0 0 2884
1 19700 19700
0 0 15592
1 16746 16746
1 13681 13681
-1
0 0 2796
1 10193 10193
-1
-1
0 0 4869
-1
1 10660 10660
-1
1 24397 24397
-1
0 0 13232
1 21747 21747
-1
0 0 12085
0 0 6996
1 18261 18261
-1
-1
-1
0 0 8618
1 9526 9526
1 22146 22146
-1
-1
1 30253 30253
1 29362 29362
-1
-1
0 0 7985
-1
1 23962 23962
-1
0 0 11274
-1
0 0 120
0 0 1888
1 29485 29485
1 7323 7323
0 0 15921
0 0 7816
0 0 4057
0 0 12343
1 17661 17661
1 19381 19381
1 26708 26708
0 0 12755
0 0 11992
1 11803 11803
1 31971 31971
-1
-1
-1
-1
-1
-1
0 0 503
0 0 14561
1 24985 24985
1 19089 19089
-1
1 18924 18924
1 21553 21553
0 0 10024
1 9535 9535
1 8881 8881
0 0 3542
1 22706 22706
0 0 5672
1 4887 4887
-1
-1
-1
0 0 4900
1 16216 16216
1 11230 11230
-1
-1
1 23099 23099
-1
0 0 13111
-1
1 13412 13412
1 29186 29186
1 18885 18885
1 2780 2780
0 0 2314
-1
-1
1 6954 6954
0 0 873
0 0 4006
-1
1 9135 9135
-1
0 0 10601
1 3154 3154
0 0 8822
-1
1 15912 15912
1 32568 32568
1 7434 7434
1 6183 6183
1 3380 3380
1 29811 29811
1 21071 21071
-1
-1
0 0 3926
1 11689 11689
1 9067 9067
-1
-1
-1
1 22125 22125
1 18826 18826
-1
0 0 6981
0 0 15182
0 0 999
1 22559 22559
-1
1 23455 23455
-1
-1
0 0 2421
-1
1 30304 30304
1 1235 1235
0 0 9989
1 2575 2575
0 0 585
1 29877 29877
-1
0 0 718
1 16839 16839
0 0 10833
-1
-1
-1
1 13666 13666
1 30297 30297
-1
1 9424 9424
-1
1 31600 31600
-1
0 0 8659
1 8208 8208
0 0 13201
-1
0 0 15427
-1
0 0 6707
-1
0 0 1847
-1
1 7901 7901
-1
0 0 541
-1
-1
1 24148 24148
1 16176 16176
1 14857 14857
-1
1 27100 27100
1 19830 19830
1 16079 16079
-1
0 0 352
-1
1 20797 20797
-1
1 29337 29337
-1
-1
1 26485 26485
-1
-1
-1
0 0 10736
0 0 8630
-1
-1
0 0 12639
1 14574 14574
1 28502 28502
1 11709 11709
-1
1 31609 31609
-1
0 0 16272
1 4580 4580
0 0 7805
-1
-1
1 24468 24468
1 22054 22054
0 0 9665
1 10298 10298
-1
1 9457 9457
-1
-1
-1
0 0 15756
-1
-1
0 0 7229
-1
-1
0 0 6170
0 0 14852
0 0 10009
-1
0 0 2405
0 0 7666
-1
1 12322 12322
1 24617 24617
1 27116 27116
1 16285 16285
0 0 9706
1 2924 2924
1 11041 11041
-1
-1
0 0 5273
0 0 15636
1 7098 7098
1 5930 5930
-1
1 10699 10699
0 0 2954
1 19201 19201
-1
0 0 16315
-1
-1
0 0 16275
-1
-1
1 16885 16885
1 30488 30488
1 32473 32473
0 0 14706
-1
-1
1 16156 16156
1 17286 17286
0 0 2569
0 0 1134
1 30600 30600
1 9211 9211
-1
-1
1 26686 26686
-1
1 10437 10437
-1
1 13060 13060
0 0 9708
-1
-1
0 0 13025
1 29292 29292
0 0 1757
0 0 13338
-1
-1
0 0 2269
1 3857 3857
1 1669 1669
1 11583 11583
1 18146 18146
0 0 12824
0 0 13768
-1
-1
-1
1 11172 11172
0 0 12407
0 0 3891
-1
0 0 8046
-1
-1
-1
0 0 3134
-1
-1
1 14006 14006
0 0 4276
0 0 7136
1 17487 17487
1 13425 13425
0 0 8533
-1
1 4218 4218
0 0 16020
1 32752 32752
-1
-1
1 5448 5448
0 0 4357
-1
-1
0 0 8800
1 29041 29041
0 0 1923
0 0 15895
-1
0 0 94
-1
-1
1 29205 29205
0 0 916
-1
-1
1 27621 27621
1 19226 19226
-1
0 0 10892
0 0 14588
-1
1 28852 28852
-1
1 12118 12118
0 0 12257
0 0 1239
1 13948 13948
0 0 1217
0 0 5048
1 5528 5528
-1
0 0 2951
-1
-1
-1
-1
0 0 989
-1
-1
1 21123 21123
-1
1 10803 10803
1 29499 29499
0 0 5773
0 0 11223
-1
1 1434 1434
1 29034 29034
-1
1 30144 30144
0 0 11928
1 19602 19602
1 15305 15305
1 18418 18418
-1
1 13240 13240
1 7242 7242
-1
-1
-1
0 0 6500
1 8346 8346
-1
0 0 11473
1 11864 11864
-1
-1
0 0 10913
1 26027 26027
0 0 4328
0 0 5143
1 29597 29597
-1
-1
-1
0 0 10675
-1
-1
1 13962 13962
0 0 6446
-1
0 0 10874
0 0 12318
0 0 6625
0 0 11043
0 0 10076
1 5978 5978
-1
-1
0 0 6749
0 0 7335
0 0 7861
0 0 1181
1 10614 10614
1 19819 19819
-1
0 0 7887
-1
1 30562 30562
1 24502 24502
-1
1 10965 10965
1 31179 31179
-1
1 11237 11237
0 0 3297
-1
0 0 284
-1
-1
1 11207 11207
-1
-1
0 0 16294
-1
0 0 10852
0 0 422
1 22091 22091
1 12523 12523
1 28152 28152
0 0 6230
1 22733 22733
-1
0 0 4028
1 20996 20996
1 4460 4460
1 25861 25861
0 0 15130
1 31909 31909
-1
1 10996 10996
-1
-1
0 0 6818
-1
-1
1 7102 7102
-1
0 0 469
-1
-1
-1
1 28815 28815
0 0 7623
1 7765 7765
1 32261 32261
-1
0 0 3698
-1
1 28647 28647
1 5849 5849
0 0 10026
0 0 898
0 0 7880
0 0 6169
-1
-1
0 0 15582
0 0 5350
0 0 3418
-1
1 18795 18795
0 0 8397
1 31550 31550
1 5615 5615
1 29277 29277
0 0 15931
0 0 10767
-1
-1
0 0 7244
1 11888 11888
1 15603 15603
0 0 10485
-1
1 3660 3660
1 404 404
-1
-1
0 0 7339
-1
0 0 13926
0 0 4657
-1
1 31182 31182
-1
1 5962 5962
0 0 13058
0 0 3023
0 0 8660
0 0 895
1 5377 5377
1 1780 1780
0 0 519
1 28310 28310
1 26323 26323
-1
-1
0 0 12803
-1
0 0 13456
0 0 15712
1 10923 10923
1 9812 9812
-1
-1
0 0 10978
-1
0 0 345
0 0 11983
1 31479 31479
-1
1 8717 8717
0 0 12062
0 0 14948
0 0 4069
1 10312 10312
1 28207 28207
0 0 6803
1 1285 1285
1 8945 8945
0 0 2102
0 0 5103
1 27228 27228
1 28859 28859
1 16950 16950
-1
1 25247 25247
1 31739 31739
1 2446 2446
0 0 14857
-1
-1
1 5050 5050
1 23842 23842
-1
1 32104 32104
-1
-1
0 0 9513
1 28915 28915
-1
1 1417 1417
-1
-1
0 0 2748
1 25419 25419
1 15202 15202
0 0 14553
-1
-1
1 2092 2092
1 15772 15772
1 16716 16716
-1
-1
0 0 9121
0 0 13967
-1
1 15329 15329
-1
-1
-1
-1
-1
1 15813 15813
-1
-1
1 21110 21110
1 20265 20265
-1
0 0 7950
-1
1 15809 15809
0 0 8007
1 3378 3378
-1
1 9149 9149
-1
0 0 10908
1 30028 30028
0 0 2123
0 0 12565
-1
1 20190 20190
0 0 15298
0 0 4305
-1
0 0 7397
1 11786 11786
0 0 7680
1 32729 32729
-1
0 0 15667
1 15008 15008
1 26527 26527
0 0 4631
-1
0 0 10269
-1
0 0 13534
0 0 13380
-1
-1
0 0 2282
-1
0 0 7332
-1
0 0 5708
1 23116 23116
-1
-1
-1
1 29589 29589
1 30676 30676
-1
0 0 16124
1 5209 5209
-1
1 323 323
1 14228 14228
0 0 14108
1 17101 17101
0 0 15843
1 20187 20187
1 22420 22420
0 0 5072
1 26283 26283
0 0 13012
1 27155 27155
0 0 11183
-1
1 2684 2684
0 0 6288
1 2500 2500
-1
1 8948 8948
1 26732 26732
1 18678 18678
1 26718 26718
0 0 13100
1 19046 19046
0 0 6654
0 0 3152
1 26641 26641
1 28358 28358
-1
0 0 1922
0 0 6422
1 14599 14599
-1
0 0 15276
-1
1 22248 22248
-1
-1
1 10230 10230
1 20202 20202
0 0 5391
0 0 4234
0 0 954
0 0 3947
-1
1 25003 25003
0 0 7673
-1
-1
0 0 14277
1 24117 24117
0 0 7274
1 217 217
0 0 6795
0 0 13903
0 0 8869
0 0 5560
1 27825 27825
1 21948 21948
0 0 11701
1 4531 4531
1 1859 1859
1 4792 4792
-1
0 0 5769
-1
-1
0 0 10413
1 1889 1889
0 0 2115
0 0 6301
-1
0 0 7852
-1
0 0 1127
0 0 9429
0 0 2184
1 16757 16757
-1
-1
0 0 1606
1 17293 17293
-1
-1
0 0 6679
-1
1 5807 5807
1 23608 23608
0 0 9375
1 5120 5120
0 0 15691
0 0 10591
0 0 3636
-1
1 1755 1755
0 0 12153
1 28731 28731
-1
-1
1 1742 1742
-1
1 983 983
0 0 12531
1 4374 4374
0 0 3655
-1
-1
0 0 4584
-1
1 3654 3654
0 0 5893
-1
-1
0 0 5726
0 0 10251
-1
1 30266 30266
-1
-1
1 24688 24688
-1
-1
-1
-1
1 5283 5283
-1
-1
1 25263 25263
1 9680 9680
1 28266 28266
0 0 2076
1 24709 24709
1 71 71
1 25631 25631
1 28985 28985
-1
0 0 8576
-1
-1
0 0 4933
1 23125 23125
0 0 4782
-1
1 1227 1227
-1
-1
1 25913 25913
1 17757 17757
-1
0 0 15201
-1
1 25394 25394
0 0 4729
-1
0 0 4975
-1
1 23969 23969
0 0 5555
-1
1 29510 29510
0 0 15496
-1
-1
1 1982 1982
-1
0 0 8014
1 22134 22134
0 0 9589
-1
1 17770 17770
1 705 705
-1
1 1262 1262
1 9210 9210
0 0 15617
-1
-1
0 0 2515
-1
0 0 9063
0 0 6582
1 5971 5971
-1
1 13759 13759
-1
0 0 10481
-1
-1
-1
1 27839 27839
-1
1 29175 29175
-1
0 0 1833
0 0 13893
-1
0 0 9151
1 24720 24720
0 0 9325
0 0 13290
1 4761 4761
1 10091 10091
1 31453 31453
-1
0 0 9877
-1
-1
1 2686 2686
1 9650 9650
0 0 3569
1 21532 21532
0 0 1489
-1
1 32250 32250
-1
-1
-1
0 0 11605
0 0 13170
0 0 10758
-1
1 31101 31101
-1
1 3 3
0 0 13004
1 4861 4861
1 25622 25622
0 0 4571
1 8344 8344
1 22330 22330
-1
0 0 820
0 0 14623
-1
1 3786 3786
0 0 3921
0 0 6949
1 3271 3271
-1
1 16558 16558
-1
0 0 10021
0 0 1583
0 0 11916
0 0 10552
0 0 11260
-1
0 0 10139
0 0 11194
1 16626 16626
1 13426 13426
-1
1 15797 15797
1 3810 3810
-1
0 0 16212
-1
1 11381 11381
0 0 12400
1 10997 10997
1 30470 30470
1 28635 28635
0 0 14606
-1
1 1571 1571
1 12616 12616
1 15814 15814
1 37 37
1 912 912
1 29047 29047
0 0 9646
0 0 6156
1 28686 28686
1 4130 4130
1 6529 6529
-1
1 16065 16065
-1
-1
0 0 15441
-1
-1
1 13486 13486
1 1377 1377
1 10820 10820
1 10797 10797
1 28974 28974
-1
0 0 2024
-1
1 4651 4651
0 0 4699
0 0 7940
0 0 7128
0 0 11196
-1
0 0 1217
1 17316 17316
1 18195 18195
0 0 5181
-1
0 0 6486
-1
-1
-1
0 0 851
-1
0 0 1398
-1
-1
-1
1 14040 14040
-1
-1
-1
0 0 1355
-1
1 2206 2206
0 0 7358
1 4803 4803
0 0 8215
0 0 14695
0 0 13210
0 0 15645
0 0 5231
1 31742 31742
-1
1 6307 6307
1 30621 30621
1 4254 4254
0 0 5368
0 0 2160
0 0 3011
-1
0 0 10979
1 32670 32670
0 0 11725
1 5915 5915
-1
0 0 7397
1 12606 12606
1 7797 7797
-1
-1
1 25270 25270
0 0 15517
1 2616 2616
-1
0 0 13527
-1
1 20321 20321
1 10935 10935
1 20922 20922
0 0 13593
-1
0 0 10849
-1
1 18945 18945
-1
0 0 5424
0 0 1498
-1
1 9629 9629
-1
0 0 4700
-1
0 0 7832
-1
1 25076 25076
0 0 13150
-1
0 0 3365
0 0 3829
0 0 1317
1 22446 22446
1 30370 30370
1 25604 25604
0 0 13565
-1
-1
0 0 8581
-1
1 23071 23071
0 0 7203
0 0 6104
-1
-1
0 0 3781
-1
0 0 14205
1 8578 8578
-1
1 16649 16649
-1
-1
1 18148 18148
0 0 4487
0 0 762
0 0 649
1 779 779
1 16985 16985
-1
1 4046 4046
0 0 6869
0 0 838
0 0 1499
0 0 4904
-1
1 23598 23598
0 0 316
1 24963 24963
0 0 7602
1 1836 1836
1 23383 23383
0 0 8314
1 23727 23727
0 0 682
-1
1 21848 21848
-1
1 220 220
1 30762 30762
1 31488 31488
0 0 4972
1 21210 21210
1 27586 27586
-1
0 0 9089
0 0 2788
0 0 12002
0 0 6742
0 0 12716
1 18443 18443
0 0 3142
0 0 13577
0 0 10903
0 0 16176
-1
0 0 11325
1 6294 6294
1 9844 9844
0 0 15354
1 29681 29681
1 10979 10979
-1
0 0 5489
1 11044 11044
0 0 15513
1 15844 15844
-1
0 0 2290
0 0 12145
1 31619 31619
-1
1 7078 7078
-1
0 0 7731
-1
1 26118 26118
-1
0 0 8212
0 0 12844
0 0 2464
0 0 8753
-1
1 1336 1336
1 13494 13494
-1
-1
0 0 8745
-1
0 0 8383
1 24087 24087
0 0 8151
0 0 6727
-1
-1
-1
1 32746 32746
1 12048 12048
0 0 592
0 0 12070
-1
0 0 13560
1 23103 23103
0 0 5654
-1
-1
-1
1 10375 10375
-1
0 0 14297
-1
1 14069 14069
0 0 5125
-1
1 12370 12370
0 0 8969
1 16122 16122
-1
-1
-1
1 1128 1128
0 0 4953
1 24150 24150
1 3815 3815
0 0 334
0 0 2075
0 0 14931
0 0 5044
-1
0 0 12228
0 0 8804
1 23350 23350
0 0 5406
0 0 1057
0 0 10279
-1
-1
0 0 12645
-1
0 0 10683
0 0 5369
0 0 9571
0 0 1129
-1
-1
-1
-1
1 16476 16476
1 6174 6174
1 26889 26889
-1
1 12872 12872
1 27819 27819
-1
-1
-1
1 32092 32092
-1
0 0 8747
0 0 1907
-1
0 0 5613
0 0 5326
0 0 3607
1 9353 9353
1 25367 25367
1 20723 20723
0 0 10243
-1
0 0 4963
-1
0 0 1762
1 27329 27329
1 13998 13998
1 28061 28061
-1
1 20809 20809
-1
1 29899 29899
0 0 3242
-1
0 0 15051
-1
1 18019 18019
-1
0 0 5499
1 26025 26025
1 22738 22738
1 1035 1035
1 26196 26196
-1
-1
-1
1 30022 30022
0 0 3886
0 0 13114
0 0 7755
-1
0 0 1974
1 21766 21766
-1
-1
1 12531 12531
-1
1 32544 32544
0 0 5715
0 0 2950
0 0 11702
0 0 6686
0 0 5221
-1
1 13881 13881
-1
-1
-1
0 0 8138
-1
-1
1 25404 25404
-1
1 13802 13802
0 0 14694
0 0 3075
-1
0 0 9979
1 23821 23821
1 20041 20041
-1
-1
-1
0 0 16252
0 0 9949
0 0 15361
-1
1 18925 18925
0 0 8893
-1
0 0 13048
0 0 1072
0 0 337
1 27240 27240
-1
-1
-1
1 21837 21837
0 0 14219
0 0 8533
1 19230 19230
1 17829 17829
0 0 6066
0 0 2870
-1
-1
0 0 15260
0 0 4418
0 0 1185
0 0 571
0 0 8758
-1
0 0 13814
-1
1 15136 15136
1 21210 21210
-1
-1
-1
-1
-1
0 0 12231
-1
1 1241 1241
-1
1 15116 15116
0 0 12270
0 0 6813
-1
0 0 313
1 11914 11914
0 0 8183
-1
-1
-1
-1
0 0 10643
0 0 11292
-1
0 0 6371
1 5337 5337
0 0 10375
0 0 9812
-1
-1
1 20414 20414
-1
0 0 16167
-1
-1
1 7511 7511
-1
-1
0 0 13583
-1
-1
0 0 9359
0 0 5812
0 0 13438
0 0 15655
1 22784 22784
-1
0 0 7696
1 26213 26213
1 3633 3633
-1
1 15868 15868
0 0 9552
0 0 5834
1 18217 18217
1 3304 3304
1 26893 26893
0 0 8522
-1
1 22270 22270
0 0 6348
-1
-1
1 22684 22684
0 0 6732
0 0 6479
1 2179 2179
-1
0 0 4770
0 0 16327
0 0 8863
1 8767 8767
-1
1 25317 25317
-1
1 31958 31958
0 0 9463
-1
0 0 16047
0 0 4236
1 2385 2385
1 24636 24636
1 22314 22314
1 11319 11319
0 0 8467
0 0 544
1 24137 24137
0 0 2133
0 0 5580
-1
1 2440 2440
-1
1 32439 32439
-1
0 0 5229
-1
1 26870 26870
1 32429 32429
-1
-1
-1
0 0 10793
-1
1 9555 9555
1 7579 7579
1 12979 12979
-1
-1
1 28506 28506
1 6508 6508
1 10661 10661
1 9906 9906
0 0 7672
1 31133 31133
0 0 13747
1 24765 24765
0 0 11811
1 3179 3179
-1
0 0 14512
-1
0 0 7360
-1
-1
0 0 4000
1 3463 3463
-1
1 1568 1568
0 0 10068
0 0 8281
1 26317 26317
1 14399 14399
1 24662 24662
0 0 9882
0 0 5399
-1
0 0 13202
0 0 2787
0 0 11175
1 2490 2490
0 0 15081
1 7207 7207
1 7884 7884
-1
-1
1 18324 18324
0 0 12662
-1
-1
0 0 7594
1 16922 16922
0 0 9251
-1
1 15663 15663
-1
-1
0 0 7995
-1
0 0 4987
1 4614 4614
1 22767 22767
1 1516 1516
-1
-1
1 21881 21881
1 32628 32628
1 29312 29312
0 0 9401
1 19473 19473
-1
1 6412 6412
0 0 8865
-1
-1
0 0 5641
1 30926 30926
-1
-1
0 0 10876
1 8614 8614
1 9565 9565
1 17979 17979
1 3403 3403
-1
-1
1 22532 22532
0 0 7321
0 0 14124
0 0 9164
-1
0 0 10499
-1
-1
1 7069 7069
-1
0 0 4897
-1
0 0 8233
0 0 1072
0 0 3710
-1
-1
0 0 12384
0 0 2115
1 4839 4839
0 0 4212
1 24761 24761
-1
0 0 6469
1 30278 30278
1 6351 6351
0 0 2117
1 19155 19155
1 8800 8800
-1
1 32172 32172
-1
-1
0 0 334
-1
1 26088 26088
1 2033 2033
-1
1 8793 8793
0 0 13340
-1
1 16937 16937
0 0 9810
0 0 11162
1 9486 9486
0 0 5513
0 0 16108
0 0 6796
0 0 2964
-1
0 0 5730
1 4 4
-1
0 0 1536
-1
-1
1 29056 29056
1 17837 17837
1 2744 2744
0 0 16370
0 0 642
1 29309 29309
0 0 10069
1 13069 13069
-1
1 13535 13535
1 1829 1829
-1
1 4102 4102
1 27748 27748
1 14661 14661
-1
-1
-1
0 0 8055
1 6732 6732
1 745 745
0 0 11498
0 0 12964
0 0 16345
1 27605 27605
0 0 12170
-1
-1
1 12898 12898
1 15656 15656
-1
0 0 9008
-1
-1
-1
1 24531 24531
1 25446 25446
-1
-1
1 23921 23921
-1
0 0 7068
0 0 8601
0 0 10117
1 6953 6953
0 0 15642
1 31668 31668
1 12498 12498
-1
1 8773 8773
1 11876 11876
0 0 14064
1 28450 28450
0 0 10738
1 3210 3210
0 0 14680
-1
1 25651 25651
0 0 3735
-1
-1
-1
0 0 15824
-1
-1
-1
1 9715 9715
-1
1 29382 29382
0 0 4920
1 23421 23421
1 18906 18906
0 0 6636
-1
0 0 1452
-1
-1
1 23748 23748
1 21221 21221
0 0 14687
1 24575 24575
-1
-1
-1
0 0 8060
1 6279 6279
-1
0 0 10410
1 25345 25345
1 3146 3146
0 0 6637
1 2212 2212
1 31381 31381
0 0 5900
0 0 13397
-1
1 20916 20916
-1
1 10624 10624
1 19780 19780
-1
0 0 12809
1 2514 2514
1 23430 23430
0 0 3222
0 0 1179
0 0 109
1 21470 21470
-1
1 17236 17236
0 0 13324
1 19646 19646
1 20159 20159
-1
1 2510 2510
1 29566 29566
-1
-1
1 16259 16259
0 0 3949
1 1 1
0 0 12108
1 8321 8321
1 29042 29042
-1
-1
1 16471 16471
1 3145 3145
1 711 711
-1
-1
1 20807 20807
1 14720 14720
-1
0 0 12172
-1
1 17703 17703
0 0 13228
0 0 635
1 9418 9418
-1
0 0 3730
-1
-1
-1
1 14397 14397
1 6211 6211
0 0 11779
-1
0 0 7998
-1
0 0 3906
0 0 3363
-1
1 25698 25698
1 5452 5452
-1
-1
-1
-1
-1
-1
1 12985 12985
0 0 13971
-1
-1
1 29842 29842
0 0 7638
-1
0 0 6474
-1
-1
-1
-1
-1
1 22010 22010
1 22882 22882
0 0 4400
-1
0 0 8454
1 6324 6324
0 0 12071
0 0 12387
0 0 10698
1 20243 20243
1 24287 24287
-1
1 16243 16243
-1
0 0 4200
-1
1 24810 24810
1 28145 28145
1 1677 1677
1 6884 6884
0 0 15889
-1
1 25242 25242
0 0 4543
0 0 2131
1 9743 9743
0 0 2323
1 32252 32252
-1
0 0 7224
0 0 5059
0 0 15392
1 11191 11191
0 0 10210
0 0 4694
-1
1 8398 8398
1 19332 19332
0 0 8921
0 0 12529
-1
-1
1 23382 23382
0 0 7017
1 31525 31525
0 0 11155
-1
1 25514 25514
-1
0 0 8515
-1
0 0 9101
1 6521 6521
-1
1 24957 24957
0 0 653
1 6116 6116
-1
-1
0 0 15027
-1
0 0 8724
0 0 15179
-1
1 26247 26247
1 3550 3550
-1
-1
0 0 6598
0 0 9753
1 13285 13285
0 0 7464
1 10976 10976
-1
-1
1 2018 2018
-1
1 14878 14878
0 0 7522
-1
0 0 429
-1
-1
-1
1 8301 8301
0 0 15600
0 0 12136
0 0 14677
0 0 14931
1 16529 16529
0 0 13739
0 0 54
1 20404 20404
0 0 15319
-1
-1
1 14764 14764
-1
0 0 1885
1 5179 5179
0 0 15043
1 28671 28671
-1
-1
1 5020 5020
1 28957 28957
1 28974 28974
-1
-1
1 16260 16260
1 16365 16365
1 14839 14839
-1
-1
-1
1 28837 28837
0 0 5663
0 0 6554
-1
0 0 695
1 2604 2604
0 0 4677
0 0 14777
1 16459 16459
1 3198 3198
-1
0 0 10845
-1
1 6246 6246
0 0 11033
-1
0 0 11521
-1
0 0 9749
1 25020 25020
0 0 2835
-1
1 13442 13442
-1
-1
-1
1 3225 3225
0 0 2587
0 0 2520
-1
0 0 3495
-1
0 0 10301
1 6186 6186
0 0 9155
1 4552 4552
-1
-1
-1
-1
0 0 2850
0 0 7449
-1
1 588 588
1 19903 19903
0 0 6905
1 15087 15087
-1
1 6196 6196
0 0 6679
-1
-1
1 19467 19467
-1
0 0 12887
0 0 3827
1 26991 26991
0 0 7477
-1
0 0 9072
1 22733 22733
1 12750 12750
0 0 3166
-1
0 0 7340
1 32627 32627
0 0 5643
-1
0 0 8132
1 11397 11397
-1
-1
1 9112 9112
-1
0 0 15053
-1
1 8196 8196
1 1429 1429
1 7265 7265
-1
-1
0 0 13231
0 0 8525
0 0 12522
1 15939 15939
0 0 5269
1 7903 7903
0 0 9083
0 0 6515
-1
-1
-1
-1
-1
-1
0 0 6091
0 0 15937
0 0 7852
1 5669 5669
0 0 15040
-1
1 16344 16344
-1
1 4313 4313
-1
1 21859 21859
-1
0 0 9048
0 0 12741
0 0 7493
-1
-1
-1
0 0 7012
0 0 9136
1 26329 26329
0 0 13062
1 12023 12023
-1
1 7040 7040
0 0 11981
-1
1 22123 22123
1 17494 17494
1 2604 2604
-1
1 21213 21213
1 13727 13727
-1
0 0 13964
1 31474 31474
0 0 8162
-1
-1
1 30321 30321
-1
-1
-1
1 17960 17960
1 31747 31747
0 0 8394
-1
-1
1 31267 31267
0 0 10467
-1
1 22916 22916
1 11821 11821
0 0 15957
0 0 532
-1
1 8898 8898
0 0 5475
0 0 7343
0 0 7004
0 0 14032
0 0 9335
-1
1 10767 10767
1 10800 10800
1 5811 5811
1 27126 27126
1 4029 4029
0 0 509
-1
-1
-1
1 20779 20779
1 9264 9264
0 0 15778
0 0 2914
-1
0 0 4528
0 0 12474
0 0 14526
-1
0 0 12049
0 0 11178
-1
-1
-1
1 27646 27646
-1
0 0 4605
1 7087 7087
0 0 2873
0 0 11386
-1
0 0 3082
-1
0 0 4651
1 25738 25738
-1
1 20272 20272
1 18886 18886
0 0 12463
-1
1 26987 26987
0 0 1701
1 3609 3609
-1
1 26198 26198
0 0 14840
0 0 7316
0 0 6424
0 0 15603
1 19015 19015
-1
-1
1 24307 24307
-1
-1
-1
1 27064 27064
0 0 14962
1 9837 9837
1 29072 29072
0 0 5418
0 0 12591
-1
-1
0 0 4006
-1
-1
1 10509 10509
-1
-1
-1
0 0 12702
1 26447 26447
-1
0 0 5103
0 0 6177
1 1493 1493
0 0 4468
-1
-1
-1
1 8713 8713
0 0 5026
-1
1 28623 28623
-1
1 19085 19085
1 21996 21996
1 16534 16534
1 22517 22517
0 0 14507
-1
-1
1 14391 14391
-1
-1
1 14965 14965
1 30506 30506
0 0 9163
0 0 6453
1 32696 32696
0 0 8521
0 0 4701
-1
1 14327 14327
-1
0 0 734
-1
0 0 640
0 0 5240
0 0 12200
-1
0 0 6788
-1
1 29130 29130
1 8240 8240
1 17704 17704
-1
1 5027 5027
0 0 12841
-1
-1
0 0 1532
1 4418 4418
1 25467 25467
-1
-1
0 0 552
-1
0 0 13594
1 24264 24264
0 0 7880
0 0 8387
1 11223 11223
0 0 1176
1 15959 15959
1 32419 32419
0 0 4487
-1
-1
1 20248 20248
-1
-1
1 18728 18728
1 32313 32313
0 0 8631
1 27512 27512
-1
1 23100 23100
-1
1 6985 6985
0 0 8164
0 0 9055
1 26602 26602
1 15764 15764
0 0 3785
0 0 12192
0 0 3865
-1
-1
1 10660 10660
1 13653 13653
1 6338 6338
-1
-1
1 3930 3930
0 0 491
-1
0 0 3914
1 10439 10439
1 27330 27330
-1
0 0 1966
1 3881 3881
-1
1 10367 10367
0 0 2494
0 0 13257
0 0 1479
1 12514 12514
-1
1 1302 1302
0 0 4191
1 8595 8595
1 15498 15498
0 0 1958
1 3430 3430
1 5085 5085
-1
0 0 7274
0 0 7427
0 0 11944
-1
1 1485 1485
0 0 1634
-1
-1
-1
1 29676 29676
-1
-1
0 0 9362
0 0 52
1 1189 1189
-1
-1
0 0 2086
1 17177 17177
1 10260 10260
1 16301 16301
0 0 1191
