1 28567 28567
1 1490 1490
1 372 372
-1
1 6649 6649
1 14870 14870
-1
-1
1 31148 31148
-1
1 31472 31472
1 17209 17209
0 0 4167
0 0 16363
0 0 9912
0 0 10647
1 5840 5840
0 0 8937
0 0 12329
0 0 4645
-1
1 418 418
-1
-1
0 0 4718
1 6505 6505
-1
0 0 1350
-1
1 29116 29116
0 0 14056
-1
-1
1 18982 18982
0 0 1880
0 0 2070
1 13670 13670
-1
0 0 10474
1 13189 13189
0 0 12967
0 0 3477
-1
0 0 8528
1 14622 14622
-1
0 0 6275
-1
0 0 11987
0 0 1900
1 10456 10456
-1
-1
1 15144 15144
1 19313 19313
1 32301 32301
-1
0 0 15207
0 0 5586
1 1024 1024
1 7469 7469
-1
-1
-1
-1
-1
1 24335 24335
0 0 16135
0 0 2267
0 0 6553
-1
-1
0 0 11405
1 22108 22108
0 0 9759
0 0 3481
-1
0 0 10042
0 0 4234
1 29858 29858
1 6713 6713
1 3444 3444
-1
-1
-1
0 0 357
-1
1 5238 5238
0 0 15363
0 0 11245
-1
0 0 1119
1 18626 18626
0 0 15932
0 0 8254
0 0 4441
1 12188 12188
0 0 439
0 0 8805
1 24136 24136
1 13609 13609
0 0 10109
1 9456 9456
1 6951 6951
0 0 426
1 3410 3410
0 0 11990
-1
0 0 14059
0 0 651
0 0 13292
0 0 6771
1 19142 19142
-1
-1
1 23578 23578
-1
1 12491 12491
0 0 2465
1 29249 29249
-1
1 31947 31947
0 0 5000
-1
-1
1 31577 31577
0 0 314
1 12487 12487
1 23935 23935
1 22754 22754
-1
0 0 10893
0 0 13056
-1
1 29176 29176
-1
0 0 10523
1 8269 8269
1 19786 19786
0 0 13415
-1
1 26183 26183
1 3989 3989
0 0 10222
0 0 5831
0 0 5686
1 9444 9444
1 16338 16338
1 229 229
-1
-1
0 0 8678
1 8541 8541
1 26080 26080
1 28319 28319
0 0 8842
1 12197 12197
0 0 8308
1 8836 8836
1 32685 32685
1 21693 21693
1 21643 21643
0 0 11441
0 0 9060
-1
0 0 3875
1 14759 14759
-1
0 0 14851
1 12173 12173
-1
-1
0 0 4911
-1
0 0 12612
1 25026 25026
0 0 8297
0 0 13987
-1
0 0 9281
0 0 15044
-1
1 28977 28977
0 0 15020
0 0 4349
1 21339 21339
-1
0 0 12951
-1
-1
-1
0 0 9682
1 13206 13206
0 0 852
0 0 13918
0 0 11206
1 18647 18647
1 584 584
0 0 6943
1 18292 18292
0 0 11136
1 6995 6995
0 0 2057
0 0 9993
0 0 2519
-1
0 0 13689
1 18138 18138
0 0 8552
-1
1 41 41
1 14958 14958
-1
0 0 10686
1 8724 8724
1 13095 13095
0 0 2417
0 0 8893
1 23719 23719
1 24977 24977
-1
0 0 135
-1
1 4332 4332
0 0 11301
0 0 8126
1 24181 24181
1 27564 27564
1 18264 18264
-1
-1
-1
1 10598 10598
1 989 989
1 26558 26558
0 0 14873
1 5297 5297
1 7079 7079
0 0 14730
-1
-1
-1
-1
-1
0 0 12812
0 0 1720
1 14141 14141
1 26998 26998
1 16981 16981
1 31873 31873
-1
-1
-1
-1
0 0 3807
-1
1 24859 24859
0 0 1954
0 0 8295
-1
0 0 13854
1 23618 23618
0 0 15248
-1
-1
1 18797 18797
1 9881 9881
-1
1 16296 16296
1 31116 31116
1 1325 1325
0 0 7630
1 19457 19457
0 0 15405
1 6506 6506
-1
1 27271 27271
0 0 4993
-1
-1
-1
-1
0 0 8566
-1
1 27474 27474
0 0 16244
-1
-1
-1
0 0 8993
-1
1 28406 28406
1 15811 15811
0 0 350
0 0 14326
0 0 12437
1 5490 5490
-1
0 0 14193
1 27820 27820
1 27346 27346
1 11071 11071
-1
1 17352 17352
-1
1 13578 13578
-1
0 0 14594
-1
-1
0 0 7091
0 0 6220
-1
1 31291 31291
-1
0 0 1400
-1
-1
1 3310 3310
1 21292 21292
1 22540 22540
0 0 14939
-1
0 0 13136
0 0 278
-1
-1
1 16981 16981
0 0 9676
1 11421 11421
1 8923 8923
-1
0 0 5687
-1
-1
1 4133 4133
1 15134 15134
1 10576 10576
0 0 340
1 13139 13139
-1
-1
0 0 2930
0 0 11509
1 5745 5745
-1
-1
1 17144 17144
-1
-1
1 22729 22729
0 0 11293
-1
1 27359 27359
-1
-1
0 0 8157
0 0 3571
-1
1 28385 28385
-1
0 0 9566
-1
-1
0 0 11615
0 0 13702
0 0 3810
0 0 7801
-1
0 0 8885
1 2791 2791
-1
0 0 8881
1 25578 25578
-1
-1
0 0 10056
-1
-1
1 31881 31881
1 32030 32030
1 6083 6083
0 0 5438
-1
0 0 1333
0 0 7294
0 0 11956
0 0 7073
0 0 7765
-1
0 0 7006
-1
-1
0 0 9073
1 5851 5851
1 24505 24505
1 3075 3075
0 0 9427
0 0 7965
-1
-1
-1
0 0 9970
1 30110 30110
1 20573 20573
-1
0 0 3068
1 21845 21845
0 0 1598
0 0 12517
0 0 8214
-1
1 23604 23604
-1
-1
1 21064 21064
-1
0 0 6056
0 0 8783
1 6328 6328
0 0 16287
1 9989 9989
0 0 595
0 0 3470
-1
-1
-1
1 1423 1423
-1
1 7437 7437
-1
-1
1 23109 23109
-1
-1
1 16153 16153
1 7195 7195
-1
0 0 5895
1 16364 16364
0 0 3897
1 31600 31600
-1
-1
0 0 7118
0 0 2129
0 0 9267
1 32713 32713
-1
1 24088 24088
1 18930 18930
1 15176 15176
-1
1 19440 19440
0 0 11451
1 29515 29515
-1
1 6716 6716
-1
1 30607 30607
-1
-1
1 267 267
0 0 12354
-1
1 11068 11068
-1
-1
0 0 1901
1 26201 26201
1 24618 24618
-1
1 4789 4789
0 0 3549
-1
0 0 7801
-1
1 32437 32437
1 10526 10526
0 0 1101
0 0 16226
0 0 2763
1 16294 16294
1 817 817
0 0 5928
-1
-1
0 0 9198
0 0 2771
1 29169 29169
0 0 12894
1 27129 27129
1 20481 20481
-1
1 30695 30695
0 0 5323
1 10994 10994
-1
1 11735 11735
-1
-1
-1
1 18574 18574
-1
0 0 7105
0 0 372
0 0 5070
0 0 9108
-1
0 0 5915
0 0 7254
1 10495 10495
1 26991 26991
0 0 13060
0 0 7164
1 5299 5299
1 26447 26447
0 0 14047
1 16590 16590
1 9486 9486
1 13329 13329
-1
0 0 5897
1 20747 20747
-1
1 26259 26259
-1
0 0 4141
-1
-1
-1
0 0 6129
1 16999 16999
-1
-1
1 1591 1591
0 0 3469
1 12606 12606
-1
0 0 7188
-1
0 0 946
-1
1 23860 23860
1 2164 2164
-1
-1
0 0 10759
-1
-1
1 2005 2005
-1
0 0 10291
-1
1 4821 4821
1 24839 24839
1 14677 14677
1 24496 24496
0 0 8674
-1
-1
0 0 8262
0 0 13925
-1
-1
1 15630 15630
1 25899 25899
-1
0 0 1503
0 0 13180
0 0 5338
1 25648 25648
0 0 16063
0 0 6463
0 0 9897
0 0 12477
0 0 15626
0 0 10599
1 14716 14716
-1
-1
1 26242 26242
-1
0 0 13610
-1
0 0 14871
0 0 15012
1 3628 3628
-1
1 14041 14041
1 27973 27973
0 0 9211
-1
1 14972 14972
1 12164 12164
0 0 13805
1 7424 7424
0 0 9282
1 3556 3556
0 0 16344
0 0 3030
-1
-1
-1
1 29767 29767
1 6087 6087
0 0 13171
0 0 6408
0 0 3656
0 0 10192
0 0 5014
1 11601 11601
1 8988 8988
0 0 1040
1 24535 24535
1 10987 10987
-1
0 0 1212
0 0 15317
-1
-1
0 0 14888
1 4478 4478
1 29007 29007
0 0 11914
0 0 12064
-1
-1
-1
1 15962 15962
-1
1 22414 22414
-1
-1
0 0 900
0 0 16174
1 27875 27875
-1
-1
1 2873 2873
-1
1 9832 9832
-1
1 20408 20408
1 31782 31782
1 30779 30779
1 9555 9555
1 9506 9506
0 0 5046
-1
-1
0 0 10361
0 0 14122
1 24661 24661
0 0 7511
-1
0 0 15048
0 0 11790
0 0 7001
-1
1 20645 20645
1 14027 14027
1 5996 5996
-1
-1
-1
-1
0 0 10880
0 0 3785
1 29152 29152
1 19414 19414
0 0 13465
-1
0 0 5042
0 0 7125
0 0 6268
0 0 9834
0 0 14217
0 0 1211
0 0 4765
0 0 1271
-1
0 0 4766
-1
0 0 12722
0 0 403
-1
-1
1 8840 8840
-1
0 0 4053
1 1023 1023
-1
1 2586 2586
-1
-1
0 0 5854
0 0 9834
0 0 10445
0 0 7127
0 0 15946
-1
1 11185 11185
-1
1 6054 6054
-1
0 0 8060
-1
1 23398 23398
-1
0 0 9024
1 14195 14195
0 0 2254
1 19061 19061
1 21741 21741
0 0 7598
0 0 15604
1 9477 9477
-1
0 0 11071
1 8763 8763
0 0 13192
-1
-1
1 3928 3928
-1
0 0 6152
1 7856 7856
1 13656 13656
0 0 5540
0 0 3773
1 15013 15013
1 16426 16426
-1
1 8739 8739
1 25755 25755
1 11279 11279
1 10495 10495
0 0 9299
1 261 261
0 0 5901
1 4603 4603
0 0 11097
-1
-1
0 0 4266
-1
0 0 1288
0 0 1040
-1
1 31369 31369
-1
0 0 14708
0 0 2645
-1
1 17524 17524
0 0 3387
0 0 12583
0 0 15831
0 0 12170
0 0 12223
-1
0 0 3508
1 12837 12837
-1
0 0 7628
1 6509 6509
-1
-1
1 2587 2587
1 26355 26355
-1
-1
1 28299 28299
0 0 14886
0 0 421
1 2427 2427
0 0 11420
0 0 2221
0 0 14262
1 9291 9291
0 0 9077
1 7702 7702
1 361 361
0 0 10601
1 23898 23898
1 2825 2825
0 0 6546
-1
0 0 11227
0 0 5353
0 0 1052
0 0 7481
1 17184 17184
-1
1 12910 12910
-1
1 2863 2863
-1
0 0 803
-1
1 22125 22125
1 27679 27679
0 0 8123
0 0 15478
0 0 6508
0 0 3270
1 5479 5479
-1
0 0 2353
-1
1 8114 8114
1 9385 9385
1 6000 6000
0 0 7405
-1
0 0 8219
0 0 6319
0 0 13118
-1
1 1916 1916
0 0 1149
-1
-1
-1
0 0 7810
-1
-1
-1
1 28341 28341
-1
-1
-1
0 0 3866
1 27242 27242
1 31414 31414
0 0 7877
0 0 11153
0 0 90
0 0 13650
1 262 262
0 0 5768
-1
-1
-1
0 0 1026
0 0 11275
0 0 3596
0 0 15531
1 16632 16632
1 31792 31792
0 0 8537
-1
1 3675 3675
0 0 11097
0 0 738
-1
0 0 8262
-1
0 0 12078
-1
-1
1 27348 27348
1 12344 12344
0 0 7841
1 12721 12721
-1
-1
1 24397 24397
1 5034 5034
0 0 4609
1 20293 20293
-1
-1
1 5730 5730
1 29177 29177
1 27390 27390
1 8421 8421
1 17160 17160
-1
1 31859 31859
0 0 15923
0 0 7985
0 0 5639
1 31887 31887
-1
0 0 9462
1 29357 29357
1 16012 16012
1 3580 3580
0 0 14942
1 29313 29313
-1
1 21126 21126
0 0 1533
0 0 9077
-1
0 0 4241
0 0 11695
0 0 3903
-1
1 24751 24751
0 0 7900
0 0 10179
-1
-1
1 32109 32109
1 15483 15483
0 0 3771
-1
-1
-1
-1
1 5100 5100
-1
1 7205 7205
0 0 222
1 13940 13940
1 2223 2223
-1
-1
0 0 4808
1 3769 3769
0 0 12343
0 0 14816
1 25427 25427
-1
-1
0 0 6591
0 0 7781
-1
0 0 1988
1 4922 4922
-1
0 0 9227
0 0 7124
0 0 653
0 0 9309
-1
-1
0 0 1680
0 0 5703
-1
-1
0 0 3277
1 30661 30661
-1
1 5940 5940
-1
0 0 9430
-1
-1
1 20438 20438
1 18312 18312
-1
1 31846 31846
-1
-1
0 0 6758
-1
0 0 7667
-1
-1
1 1453 1453
1 29157 29157
1 19760 19760
1 32091 32091
1 5099 5099
-1
-1
0 0 10377
1 6521 6521
0 0 10271
0 0 14315
0 0 15190
-1
-1
0 0 11290
1 18035 18035
1 24956 24956
1 24740 24740
0 0 2305
0 0 2276
1 17645 17645
-1
0 0 14867
0 0 8654
0 0 11603
1 28557 28557
-1
1 20729 20729
-1
0 0 12308
-1
-1
-1
0 0 9049
0 0 3734
1 22471 22471
1 12432 12432
0 0 5963
-1
1 16939 16939
0 0 10811
-1
1 31853 31853
0 0 15741
-1
-1
-1
0 0 6289
0 0 16287
0 0 9070
0 0 13275
-1
0 0 4397
-1
-1
0 0 4482
1 20337 20337
0 0 712
-1
1 16380 16380
0 0 8240
-1
-1
-1
-1
1 22501 22501
1 24231 24231
-1
-1
1 22966 22966
-1
0 0 10298
-1
0 0 13546
1 6801 6801
1 32578 32578
-1
-1
0 0 2025
0 0 8648
-1
-1
1 25351 25351
0 0 8703
1 19081 19081
1 7321 7321
0 0 5929
-1
1 28420 28420
0 0 12115
0 0 1317
-1
0 0 6613
1 13631 13631
1 27258 27258
-1
0 0 6296
-1
0 0 9455
-1
1 7165 7165
1 26303 26303
-1
0 0 3861
-1
-1
1 21121 21121
1 19904 19904
0 0 8264
1 16050 16050
0 0 960
1 28670 28670
-1
0 0 11
-1
1 1572 1572
0 0 5340
0 0 14328
1 31841 31841
-1
-1
0 0 14472
-1
0 0 16324
0 0 7554
1 25236 25236
1 22251 22251
-1
0 0 4892
1 2162 2162
1 22291 22291
0 0 9787
1 17221 17221
0 0 8698
0 0 11169
1 3474 3474
1 27238 27238
0 0 3612
-1
-1
-1
1 5804 5804
0 0 7778
1 26795 26795
1 14298 14298
-1
1 27520 27520
1 29009 29009
1 27690 27690
1 17043 17043
1 22036 22036
1 12316 12316
-1
-1
1 8279 8279
0 0 12872
1 21168 21168
0 0 4705
-1
1 10445 10445
0 0 2765
1 29774 29774
-1
1 511 511
-1
1 8085 8085
1 2783 2783
0 0 8308
1 16776 16776
0 0 1835
0 0 14437
0 0 6449
-1
-1
1 8157 8157
1 8151 8151
0 0 9984
-1
-1
0 0 4067
1 32284 32284
1 25281 25281
0 0 15830
0 0 6944
-1
-1
1 28896 28896
1 17777 17777
0 0 7030
-1
-1
1 19985 19985
0 0 4555
1 13709 13709
0 0 15417
-1
-1
1 26593 26593
1 8834 8834
0 0 3383
1 8788 8788
0 0 3251
0 0 5073
1 7430 7430
1 5141 5141
0 0 7273
1 24844 24844
1 18370 18370
-1
0 0 12754
-1
1 27585 27585
1 3023 3023
-1
1 28010 28010
0 0 1499
-1
1 24255 24255
1 4119 4119
-1
0 0 12797
-1
-1
1 13620 13620
1 13418 13418
0 0 10551
0 0 7823
0 0 8259
1 21093 21093
-1
0 0 7989
0 0 7729
-1
1 5036 5036
0 0 3235
-1
-1
0 0 8127
1 28815 28815
-1
1 30906 30906
0 0 2648
0 0 10312
-1
1 388 388
0 0 607
0 0 13766
0 0 14685
1 21358 21358
-1
1 9787 9787
1 25528 25528
1 5657 5657
-1
0 0 14882
0 0 14395
1 27736 27736
0 0 2202
-1
-1
-1
0 0 7101
-1
1 2311 2311
0 0 2291
-1
1 3578 3578
1 22068 22068
-1
-1
-1
-1
0 0 10982
-1
1 10960 10960
0 0 679
-1
1 25359 25359
-1
1 28047 28047
1 7417 7417
1 21440 21440
-1
1 13726 13726
0 0 9412
1 6930 6930
0 0 992
-1
1 12191 12191
-1
0 0 983
-1
1 24929 24929
-1
-1
-1
1 18734 18734
0 0 14184
-1
0 0 15519
1 24084 24084
-1
0 0 15819
-1
0 0 5164
1 21522 21522
0 0 10807
0 0 9136
0 0 2808
-1
1 19971 19971
1 15985 15985
1 7949 7949
-1
-1
-1
1 14987 14987
0 0 1445
-1
-1
0 0 4415
-1
0 0 7945
-1
-1
0 0 4704
-1
-1
1 23326 23326
-1
-1
0 0 14111
-1
0 0 10866
1 6042 6042
-1
-1
1 28391 28391
-1
1 4089 4089
0 0 9877
0 0 8392
0 0 14698
1 26532 26532
1 28138 28138
0 0 518
1 1207 1207
0 0 14616
0 0 12975
0 0 750
1 23511 23511
-1
0 0 5276
1 5975 5975
1 24628 24628
0 0 5430
-1
0 0 8466
-1
1 1422 1422
0 0 15868
1 20928 20928
-1
1 32631 32631
-1
0 0 5630
0 0 8569
0 0 1192
1 32474 32474
-1
-1
1 31065 31065
0 0 3761
0 0 3873
1 9485 9485
0 0 5554
-1
0 0 264
0 0 1160
0 0 14509
-1
1 10508 10508
1 31986 31986
0 0 10715
1 26635 26635
-1
-1
-1
1 29749 29749
0 0 4313
1 29379 29379
0 0 10679
-1
-1
1 25673 25673
-1
-1
0 0 6504
0 0 5872
-1
0 0 9641
1 23068 23068
-1
0 0 12000
0 0 6511
0 0 13855
-1
1 3062 3062
0 0 384
1 8615 8615
0 0 1739
1 21534 21534
-1
1 21269 21269
-1
-1
0 0 8603
-1
1 2222 2222
0 0 15589
-1
1 29101 29101
-1
1 30528 30528
-1
1 28285 28285
1 25598 25598
0 0 12230
0 0 3106
1 26528 26528
-1
-1
0 0 3873
0 0 7037
0 0 7363
0 0 11191
-1
1 31175 31175
1 29357 29357
-1
1 12729 12729
-1
-1
-1
1 23357 23357
-1
-1
1 14483 14483
0 0 12158
0 0 6076
0 0 8131
0 0 13818
1 3389 3389
0 0 4137
0 0 1836
0 0 10655
-1
-1
-1
-1
0 0 11765
-1
0 0 8637
0 0 14337
0 0 7670
-1
0 0 11739
-1
0 0 3916
1 21786 21786
1 20116 20116
1 27781 27781
0 0 16157
1 24206 24206
0 0 15381
1 11626 11626
0 0 9194
-1
0 0 8130
0 0 8152
0 0 4045
-1
1 17181 17181
1 29382 29382
1 30067 30067
-1
0 0 10933
0 0 1239
0 0 13502
1 30472 30472
0 0 9384
-1
1 132 132
1 5169 5169
0 0 1876
0 0 4595
0 0 5191
1 16003 16003
1 7875 7875
-1
-1
1 19577 19577
1 14561 14561
0 0 6273
-1
-1
-1
-1
0 0 3519
1 26838 26838
-1
-1
-1
1 14675 14675
1 2993 2993
-1
-1
-1
-1
0 0 15974
0 0 4690
0 0 8621
1 32621 32621
1 9100 9100
-1
-1
1 23148 23148
0 0 16261
-1
0 0 15062
1 6894 6894
0 0 1362
-1
0 0 14097
1 12756 12756
-1
0 0 205
1 27842 27842
-1
-1
0 0 10556
-1
0 0 10636
0 0 10564
0 0 12337
0 0 8491
1 20866 20866
-1
1 14979 14979
-1
1 14175 14175
0 0 10092
-1
1 7519 7519
0 0 363
0 0 15016
-1
-1
-1
1 29613 29613
1 16321 16321
-1
-1
-1
1 14808 14808
-1
-1
0 0 14038
0 0 4220
-1
-1
-1
-1
-1
1 17972 17972
0 0 8545
0 0 13446
0 0 13789
-1
-1
-1
0 0 13645
0 0 10592
1 25110 25110
-1
-1
-1
0 0 13701
1 3700 3700
1 25637 25637
-1
1 13328 13328
0 0 6504
1 2568 2568
-1
-1
1 4123 4123
1 10584 10584
-1
-1
-1
1 32323 32323
-1
0 0 1804
1 7009 7009
0 0 16037
0 0 5442
0 0 10222
0 0 5064
1 15300 15300
-1
1 10644 10644
-1
1 10328 10328
-1
0 0 11360
1 6547 6547
1 4996 4996
0 0 10569
-1
1 20818 20818
1 2072 2072
0 0 12762
0 0 6456
-1
1 29626 29626
-1
1 11870 11870
1 24926 24926
-1
-1
-1
-1
-1
-1
0 0 9343
0 0 13031
0 0 4906
-1
0 0 1547
1 16430 16430
0 0 15448
0 0 625
0 0 180
0 0 16058
1 6721 6721
-1
-1
1 12256 12256
0 0 3601
-1
0 0 5555
0 0 8496
-1
0 0 2598
0 0 4233
1 32025 32025
-1
1 27578 27578
1 7167 7167
0 0 11505
0 0 15453
-1
-1
1 10442 10442
0 0 8841
1 5670 5670
0 0 7358
0 0 583
0 0 9243
1 18372 18372
0 0 9431
0 0 2961
-1
1 29225 29225
0 0 1459
-1
1 28310 28310
-1
1 14695 14695
-1
-1
1 31363 31363
-1
-1
1 13167 13167
-1
0 0 14617
-1
1 1385 1385
-1
0 0 14451
0 0 13044
1 924 924
0 0 14718
-1
1 31949 31949
0 0 11786
-1
1 18896 18896
1 13279 13279
-1
0 0 12442
1 6886 6886
-1
1 4659 4659
-1
0 0 229
1 8337 8337
-1
0 0 1470
0 0 5104
-1
1 30651 30651
-1
1 13983 13983
-1
0 0 15274
1 15163 15163
1 22545 22545
0 0 5284
-1
-1
0 0 939
-1
1 20042 20042
0 0 9351
-1
0 0 2124
-1
0 0 3527
-1
-1
-1
-1
1 20989 20989
1 20763 20763
1 15177 15177
0 0 1078
-1
-1
0 0 7104
0 0 1757
-1
-1
0 0 7066
0 0 7764
-1
-1
0 0 3033
0 0 10505
0 0 8824
-1
1 10533 10533
0 0 6691
-1
1 10618 10618
0 0 4993
-1
0 0 12685
0 0 7223
-1
0 0 323
-1
1 30004 30004
1 29061 29061
0 0 7545
1 307 307
1 15517 15517
0 0 13601
-1
-1
1 15154 15154
-1
0 0 15421
1 11361 11361
1 20913 20913
1 24608 24608
0 0 8727
-1
-1
1 21198 21198
1 27520 27520
-1
0 0 11437
-1
1 25179 25179
-1
0 0 15554
-1
1 9890 9890
0 0 9841
1 2189 2189
-1
1 19628 19628
-1
1 16312 16312
1 9558 9558
0 0 11745
0 0 15716
-1
1 9567 9567
0 0 15698
-1
-1
1 29976 29976
0 0 13825
1 18152 18152
0 0 6342
1 18623 18623
-1
0 0 14233
-1
1 9957 9957
1 30658 30658
-1
1 17787 17787
-1
1 25548 25548
-1
1 3599 3599
-1
0 0 14161
-1
0 0 10906
1 5990 5990
0 0 4383
-1
1 3021 3021
0 0 13473
0 0 4035
0 0 10366
-1
0 0 6511
1 19164 19164
0 0 12849
-1
0 0 5538
0 0 9287
0 0 6735
0 0 6152
1 1874 1874
1 18789 18789
-1
1 24771 24771
0 0 10523
1 10009 10009
1 27655 27655
-1
-1
-1
0 0 7855
1 4955 4955
1 21487 21487
-1
1 4320 4320
1 12966 12966
1 19786 19786
-1
-1
-1
-1
-1
-1
0 0 5660
-1
1 2769 2769
0 0 4421
0 0 12495
-1
1 11871 11871
1 6084 6084
0 0 191
-1
-1
1 15443 15443
1 11306 11306
0 0 10625
1 27078 27078
-1
1 6950 6950
-1
-1
-1
-1
1 29525 29525
1 12886 12886
-1
0 0 14992
0 0 10560
0 0 10325
1 1650 1650
0 0 11478
1 23147 23147
1 4336 4336
-1
1 11936 11936
1 7688 7688
-1
1 27291 27291
1 24324 24324
-1
-1
-1
-1
-1
-1
1 19831 19831
1 1987 1987
0 0 13253
-1
-1
1 19761 19761
0 0 202
1 3791 3791
1 11278 11278
0 0 12444
0 0 13315
-1
-1
0 0 6258
0 0 11942
-1
0 0 2644
0 0 2554
-1
0 0 3978
-1
0 0 2224
-1
1 31475 31475
1 14034 14034
1 29644 29644
-1
-1
1 1886 1886
1 11797 11797
-1
1 13400 13400
1 29521 29521
1 4045 4045
1 3598 3598
0 0 5391
-1
-1
-1
-1
1 27696 27696
-1
-1
0 0 15951
-1
0 0 7448
-1
-1
0 0 2651
-1
1 14082 14082
0 0 2199
1 29960 29960
-1
1 23998 23998
1 23456 23456
0 0 8376
0 0 5658
-1
-1
-1
0 0 6367
1 23068 23068
1 21358 21358
0 0 7185
1 8328 8328
-1
0 0 9253
-1
0 0 10873
0 0 5919
0 0 12060
0 0 8173
1 17690 17690
0 0 9508
0 0 11884
1 22929 22929
0 0 4771
1 7323 7323
1 31298 31298
0 0 6254
-1
-1
1 14206 14206
0 0 13836
-1
-1
-1
0 0 602
1 21631 21631
1 24045 24045
0 0 13228
1 10164 10164
-1
0 0 10775
-1
-1
1 22068 22068
1 18950 18950
-1
1 13769 13769
-1
-1
0 0 2189
-1
-1
-1
-1
0 0 1153
0 0 9011
0 0 16080
1 24996 24996
1 21338 21338
0 0 4508
1 28933 28933
1 8770 8770
-1
-1
-1
1 1905 1905
1 15074 15074
-1
-1
-1
1 6086 6086
-1
0 0 13530
1 23618 23618
1 1965 1965
0 0 1673
0 0 3581
0 0 6386
1 14049 14049
-1
-1
1 280 280
-1
-1
1 27833 27833
0 0 10848
-1
-1
-1
-1
1 9838 9838
1 4423 4423
1 29872 29872
0 0 4317
0 0 9580
-1
1 8504 8504
-1
0 0 12059
1 26039 26039
0 0 12572
-1
0 0 1379
-1
1 28911 28911
0 0 2880
1 26340 26340
-1
1 30956 30956
0 0 3816
0 0 15036
1 14724 14724
0 0 8266
0 0 825
-1
1 4758 4758
0 0 4305
1 11500 11500
-1
1 15297 15297
0 0 10449
1 18480 18480
-1
-1
-1
1 17962 17962
0 0 2948
0 0 11405
1 8914 8914
1 30776 30776
-1
1 10021 10021
0 0 13151
-1
1 25336 25336
0 0 14593
1 27 27
-1
0 0 1801
-1
1 7959 7959
1 11985 11985
1 9167 9167
-1
-1
0 0 7350
-1
1 22252 22252
-1
-1
-1
1 30844 30844
1 28961 28961
1 22490 22490
0 0 9133
1 5207 5207
-1
-1
1 9238 9238
-1
0 0 6023
0 0 3979
-1
-1
1 5425 5425
0 0 9299
-1
0 0 6620
1 28027 28027
-1
0 0 9148
1 4946 4946
0 0 1631
1 21800 21800
-1
-1
-1
-1
1 24023 24023
-1
-1
0 0 2937
0 0 16306
1 15425 15425
0 0 2297
-1
1 10677 10677
0 0 12525
0 0 8873
1 32487 32487
-1
0 0 6577
-1
-1
-1
0 0 3186
0 0 11751
0 0 13971
1 3046 3046
0 0 12109
-1
1 16266 16266
1 7511 7511
-1
0 0 16
-1
0 0 11356
0 0 7628
0 0 5956
1 18741 18741
1 3564 3564
1 18653 18653
0 0 7440
1 26958 26958
0 0 6962
1 6990 6990
1 27223 27223
0 0 15514
0 0 13011
1 18349 18349
-1
1 29622 29622
-1
0 0 6390
0 0 8249
-1
1 31758 31758
1 8630 8630
0 0 13419
-1
1 24869 24869
-1
0 0 15850
-1
-1
-1
-1
-1
-1
1 9447 9447
1 1205 1205
-1
1 18761 18761
0 0 1915
1 28599 28599
1 3982 3982
-1
-1
-1
-1
0 0 12983
1 529 529
0 0 8655
1 20089 20089
-1
0 0 11144
0 0 2316
0 0 6226
1 10982 10982
1 12329 12329
1 10890 10890
1 14776 14776
1 9362 9362
-1
0 0 1191
0 0 3838
-1
-1
0 0 6282
1 27307 27307
-1
0 0 8055
0 0 10675
0 0 14649
-1
0 0 11369
0 0 9356
-1
-1
1 15429 15429
1 23258 23258
-1
0 0 10663
1 3399 3399
0 0 11478
0 0 12217
-1
1 1804 1804
-1
1 20728 20728
-1
-1
1 20265 20265
1 25161 25161
-1
-1
0 0 9981
0 0 13989
-1
1 29572 29572
-1
1 18647 18647
0 0 15161
0 0 1784
-1
1 13629 13629
-1
1 4783 4783
-1
-1
1 8891 8891
1 26287 26287
1 8056 8056
-1
-1
1 9614 9614
0 0 13226
-1
1 28976 28976
0 0 13073
0 0 13128
0 0 15908
-1
1 20210 20210
-1
1 30558 30558
0 0 8061
0 0 15709
1 24603 24603
1 18341 18341
-1
1 11500 11500
-1
-1
0 0 12610
-1
0 0 6568
-1
0 0 709
0 0 13414
-1
-1
0 0 7611
0 0 16048
0 0 14933
1 27403 27403
1 25171 25171
0 0 9107
1 19162 19162
1 9476 9476
1 17081 17081
-1
-1
1 27352 27352
0 0 4140
-1
1 14889 14889
1 6457 6457
0 0 3387
1 17194 17194
1 5614 5614
0 0 6822
-1
-1
0 0 3297
1 2350 2350
0 0 3851
1 7134 7134
-1
1 4202 4202
1 29827 29827
1 18284 18284
-1
0 0 6722
1 29250 29250
-1
1 20655 20655
1 22898 22898
0 0 3068
1 11856 11856
1 8826 8826
0 0 7438
1 5346 5346
-1
1 15253 15253
1 5348 5348
0 0 11175
-1
-1
-1
-1
-1
1 1461 1461
0 0 16193
0 0 6695
0 0 15655
0 0 9572
1 3033 3033
0 0 11699
-1
0 0 36
1 6477 6477
1 12804 12804
0 0 11622
1 29070 29070
1 511 511
-1
1 162 162
1 27079 27079
-1
0 0 12890
1 22347 22347
1 19573 19573
1 18027 18027
1 14826 14826
0 0 9277
-1
-1
-1
-1
1 7125 7125
-1
0 0 11421
0 0 6178
-1
1 11140 11140
-1
1 1739 1739
1 13641 13641
-1
1 3254 3254
1 28849 28849
0 0 13220
1 27149 27149
0 0 11302
-1
1 5032 5032
0 0 12911
0 0 386
-1
0 0 6937
0 0 8899
1 13000 13000
-1
1 26379 26379
-1
1 17425 17425
1 20085 20085
-1
1 15476 15476
-1
1 11028 11028
0 0 4710
1 19945 19945
0 0 8321
0 0 16055
0 0 5646
1 1172 1172
-1
-1
1 6021 6021
-1
-1
-1
-1
1 6890 6890
1 16795 16795
-1
1 28428 28428
-1
-1
0 0 13316
-1
-1
-1
-1
0 0 10302
0 0 8915
0 0 716
0 0 15460
0 0 2242
1 27255 27255
0 0 11660
1 14320 14320
0 0 13079
0 0 12972
0 0 9054
0 0 1282
1 20284 20284
0 0 2296
-1
0 0 7242
-1
-1
-1
1 11881 11881
-1
1 1060 1060
-1
-1
0 0 10494
-1
1 26374 26374
0 0 1524
0 0 257
0 0 2344
-1
-1
1 9994 9994
-1
1 4285 4285
-1
-1
0 0 6780
1 15915 15915
0 0 5686
-1
1 27342 27342
0 0 9809
1 19009 19009
-1
-1
1 9372 9372
0 0 11058
1 31790 31790
-1
0 0 1936
-1
0 0 5295
0 0 7934
1 1615 1615
0 0 13933
1 19128 19128
-1
0 0 10990
-1
1 11753 11753
-1
-1
-1
0 0 9337
-1
-1
-1
-1
1 21558 21558
-1
0 0 10853
0 0 1435
-1
1 29946 29946
1 29288 29288
0 0 4683
-1
1 22553 22553
0 0 11922
0 0 7566
0 0 15896
1 1773 1773
0 0 15235
1 28140 28140
-1
1 22068 22068
0 0 12257
1 10110 10110
1 2899 2899
0 0 6177
1 6471 6471
1 26145 26145
-1
0 0 704
-1
-1
1 30928 30928
0 0 1651
1 31837 31837
0 0 6392
1 16498 16498
0 0 10818
-1
1 2906 2906
0 0 100
1 8704 8704
0 0 15196
-1
1 1624 1624
0 0 4486
-1
1 27333 27333
1 24220 24220
0 0 14076
1 8714 8714
1 27005 27005
1 17538 17538
-1
1 20714 20714
0 0 15176
1 23789 23789
-1
1 27459 27459
-1
-1
-1
0 0 12459
0 0 5098
1 26013 26013
1 25194 25194
0 0 4426
0 0 12717
0 0 6389
1 15437 15437
-1
1 31977 31977
1 4556 4556
1 30197 30197
1 2929 2929
-1
0 0 7093
-1
1 22137 22137
-1
1 14812 14812
-1
-1
0 0 8488
1 434 434
0 0 2602
0 0 5705
0 0 790
-1
-1
-1
0 0 2630
0 0 11009
-1
-1
0 0 12455
0 0 15792
1 19085 19085
0 0 4404
0 0 16020
0 0 4208
1 28540 28540
0 0 8150
-1
0 0 2283
0 0 10637
1 9428 9428
0 0 3087
-1
-1
-1
1 21833 21833
-1
-1
0 0 3423
0 0 12116
1 28798 28798
-1
1 7934 7934
1 25749 25749
1 1297 1297
-1
0 0 9612
0 0 7071
-1
0 0 11247
1 7822 7822
1 24355 24355
0 0 1324
-1
0 0 12297
0 0 716
1 17811 17811
0 0 13353
0 0 6407
0 0 5797
0 0 4243
1 23469 23469
0 0 15247
-1
1 31349 31349
1 14134 14134
0 0 841
-1
0 0 11758
0 0 14987
0 0 6263
-1
0 0 13460
-1
-1
0 0 12292
0 0 3597
-1
0 0 8376
1 16195 16195
1 20716 20716
-1
0 0 6034
0 0 8137
-1
0 0 11736
-1
1 17133 17133
-1
-1
-1
1 2203 2203
1 8186 8186
1 29168 29168
-1
-1
1 23791 23791
1 18055 18055
0 0 229
1 11705 11705
0 0 8590
1 4000 4000
0 0 14764
-1
-1
-1
1 14614 14614
0 0 868
-1
1 20584 20584
-1
-1
-1
-1
1 7179 7179
1 24799 24799
1 5352 5352
0 0 13464
-1
0 0 7602
0 0 10392
-1
1 13945 13945
1 3671 3671
-1
0 0 7185
0 0 11193
1 24436 24436
-1
0 0 12360
0 0 10169
1 30411 30411
0 0 12824
1 21672 21672
-1
-1
1 6419 6419
-1
1 31045 31045
1 10002 10002
1 20831 20831
-1
1 8253 8253
0 0 3108
-1
1 6221 6221
0 0 4290
0 0 12451
-1
0 0 10536
0 0 6998
-1
-1
1 31553 31553
-1
-1
0 0 5785
1 4228 4228
-1
-1
-1
-1
0 0 9701
1 26135 26135
1 28507 28507
1 30319 30319
-1
0 0 6163
1 16597 16597
1 5186 5186
1 308 308
1 20263 20263
-1
-1
-1
1 5575 5575
0 0 15646
-1
-1
0 0 3972
0 0 934
-1
0 0 11038
1 14014 14014
0 0 2914
-1
1 8552 8552
1 4626 4626
1 15383 15383
-1
0 0 10037
0 0 11265
1 11052 11052
1 7623 7623
-1
0 0 15599
-1
0 0 13211
0 0 5941
0 0 11751
-1
0 0 4528
-1
-1
1 10040 10040
1 12699 12699
0 0 12055
0 0 10445
0 0 8558
1 5963 5963
0 0 5012
0 0 7218
1 26639 26639
-1
1 26855 26855
0 0 783
-1
1 4111 4111
1 17394 17394
-1
0 0 7616
1 16597 16597
1 3333 3333
-1
0 0 3117
0 0 2746
0 0 200
0 0 14385
1 17648 17648
1 22844 22844
1 19513 19513
-1
0 0 13464
0 0 6211
-1
-1
1 14076 14076
1 14667 14667
-1
-1
1 30379 30379
1 31629 31629
0 0 12266
-1
1 25478 25478
0 0 5365
0 0 10613
0 0 5329
0 0 11302
1 12817 12817
1 21724 21724
-1
1 19376 19376
-1
-1
-1
1 7382 7382
-1
1 13182 13182
1 18400 18400
1 12250 12250
-1
1 11137 11137
-1
0 0 11556
0 0 11002
0 0 8453
0 0 8789
1 8101 8101
0 0 389
0 0 3746
1 7480 7480
1 15845 15845
1 28839 28839
0 0 4361
0 0 7032
0 0 1273
-1
1 14470 14470
1 26507 26507
1 7212 7212
0 0 14525
1 24680 24680
0 0 15623
0 0 9842
0 0 2673
-1
1 14168 14168
1 223 223
-1
0 0 654
0 0 8013
0 0 8940
1 18949 18949
0 0 2113
1 11736 11736
0 0 8063
1 28137 28137
-1
0 0 3382
-1
1 4376 4376
-1
-1
1 205 205
-1
1 27169 27169
-1
-1
1 15619 15619
0 0 16126
1 17942 17942
-1
-1
0 0 6506
-1
1 24413 24413
-1
-1
-1
1 19638 19638
-1
0 0 2389
1 21198 21198
0 0 15255
-1
1 32636 32636
0 0 12678
1 28563 28563
-1
1 27124 27124
-1
0 0 7764
1 9653 9653
-1
0 0 5778
1 26530 26530
0 0 15151
1 29761 29761
0 0 10101
-1
0 0 9615
-1
0 0 1474
0 0 434
-1
0 0 11314
1 1849 1849
1 25436 25436
0 0 3926
1 18953 18953
-1
0 0 9293
0 0 4076
0 0 7222
0 0 8543
1 29720 29720
-1
-1
1 6725 6725
0 0 546
-1
-1
1 339 339
-1
0 0 8593
0 0 5174
0 0 10027
0 0 11602
1 7038 7038
1 15539 15539
0 0 7176
-1
1 13465 13465
-1
1 15894 15894
-1
-1
0 0 3753
0 0 12456
0 0 15504
1 13658 13658
-1
0 0 5693
0 0 15973
1 154 154
1 4766 4766
-1
0 0 5739
1 1230 1230
1 19548 19548
1 31168 31168
0 0 10921
1 11123 11123
0 0 2930
1 28407 28407
0 0 31
-1
1 9953 9953
0 0 6574
0 0 266
-1
0 0 16346
1 29265 29265
1 22074 22074
-1
1 14324 14324
0 0 4613
1 19344 19344
-1
0 0 1778
1 17937 17937
-1
0 0 14362
0 0 9729
0 0 12769
-1
-1
0 0 16064
0 0 14184
1 20907 20907
-1
1 29378 29378
0 0 13279
-1
0 0 2562
1 5597 5597
-1
1 10531 10531
-1
-1
-1
-1
0 0 7873
-1
1 23534 23534
0 0 920
1 8875 8875
-1
-1
-1
0 0 12074
1 30294 30294
-1
-1
0 0 14528
-1
-1
0 0 14218
0 0 8354
0 0 2730
-1
0 0 10602
-1
-1
-1
1 19847 19847
0 0 14639
-1
1 1505 1505
0 0 13878
1 9923 9923
0 0 6835
1 25058 25058
-1
0 0 10099
1 9838 9838
1 4901 4901
1 1182 1182
-1
0 0 5601
1 25374 25374
1 14002 14002
0 0 2740
0 0 12661
0 0 5195
1 10122 10122
0 0 3517
1 15778 15778
1 20524 20524
-1
-1
-1
-1
-1
0 0 4647
1 21689 21689
-1
0 0 12950
1 8382 8382
0 0 266
0 0 1491
1 19034 19034
0 0 16118
0 0 5883
1 22498 22498
-1
1 22755 22755
-1
0 0 15132
0 0 3935
-1
-1
1 2236 2236
-1
-1
-1
0 0 8557
0 0 9073
-1
-1
1 29133 29133
1 26003 26003
0 0 6118
0 0 15977
-1
0 0 13716
1 14030 14030
-1
-1
1 6704 6704
0 0 7346
-1
-1
1 814 814
-1
-1
1 27317 27317
0 0 2187
1 17846 17846
1 19052 19052
0 0 4530
1 26070 26070
-1
1 17653 17653
0 0 15711
0 0 868
1 23880 23880
0 0 7354
0 0 4196
1 22849 22849
-1
-1
0 0 12721
1 28422 28422
-1
1 17658 17658
-1
1 8913 8913
1 269 269
-1
0 0 14060
-1
0 0 2890
-1
1 4884 4884
0 0 2963
0 0 5463
0 0 4986
-1
-1
1 16288 16288
0 0 7426
0 0 15479
1 10786 10786
-1
1 8756 8756
-1
-1
1 8850 8850
1 31723 31723
0 0 14417
-1
0 0 4609
0 0 12771
1 31529 31529
0 0 4387
1 7730 7730
1 11028 11028
-1
1 30672 30672
-1
-1
0 0 12563
0 0 16039
0 0 10565
1 4047 4047
0 0 14494
0 0 9026
0 0 8802
1 4065 4065
1 32725 32725
-1
0 0 6257
-1
1 5395 5395
0 0 15857
1 4701 4701
1 9613 9613
-1
1 32212 32212
-1
-1
1 8360 8360
0 0 3078
0 0 9117
1 30671 30671
0 0 10162
-1
-1
-1
1 22163 22163
0 0 3378
1 17863 17863
-1
-1
-1
0 0 9155
-1
0 0 12119
-1
0 0 15574
0 0 3595
-1
1 1812 1812
0 0 8669
0 0 213
-1
-1
0 0 13288
1 13119 13119
1 6551 6551
-1
0 0 2446
1 27773 27773
0 0 12172
1 17659 17659
1 15969 15969
0 0 6304
1 13907 13907
0 0 13207
1 24180 24180
0 0 269
0 0 6316
1 31437 31437
1 25795 25795
1 24781 24781
1 3342 3342
-1
0 0 2022
-1
0 0 5334
-1
0 0 1489
1 8149 8149
0 0 10656
0 0 15735
0 0 12598
-1
0 0 11542
1 18629 18629
0 0 7794
0 0 14277
-1
0 0 12010
1 29405 29405
1 29464 29464
0 0 3354
0 0 13047
0 0 13787
1 1116 1116
0 0 8986
0 0 9387
1 20200 20200
0 0 13763
0 0 2860
1 18763 18763
1 1150 1150
1 22013 22013
0 0 10259
-1
-1
0 0 5483
-1
-1
0 0 15987
-1
-1
1 19829 19829
-1
1 31636 31636
1 32675 32675
-1
0 0 12780
1 16047 16047
1 18776 18776
0 0 11496
1 9540 9540
0 0 10698
1 59 59
-1
0 0 14525
1 9569 9569
1 21833 21833
-1
0 0 8522
-1
0 0 490
0 0 15119
0 0 2972
0 0 1043
0 0 15617
-1
-1
1 10459 10459
-1
1 23280 23280
-1
0 0 3959
0 0 2941
1 9961 9961
-1
-1
1 25781 25781
0 0 10046
1 28394 28394
-1
-1
1 26826 26826
-1
-1
1 32621 32621
-1
0 0 6391
1 2191 2191
-1
1 13904 13904
0 0 8667
1 18293 18293
0 0 7174
-1
0 0 10137
1 15241 15241
-1
1 14458 14458
0 0 4450
0 0 9616
1 2666 2666
0 0 2948
-1
-1
-1
1 28554 28554
0 0 13828
1 2500 2500
1 26529 26529
1 5960 5960
0 0 6189
-1
1 166 166
1 17153 17153
1 11017 11017
0 0 2456
0 0 8965
1 871 871
-1
-1
1 2573 2573
-1
1 7312 7312
1 12918 12918
0 0 6303
1 27590 27590
0 0 3926
1 29796 29796
-1
-1
0 0 8019
0 0 16116
-1
1 12294 12294
0 0 12681
0 0 6038
1 32002 32002
-1
1 24725 24725
-1
1 9897 9897
1 3849 3849
1 14956 14956
0 0 9177
0 0 7008
0 0 12378
1 13030 13030
0 0 9576
-1
1 14063 14063
1 11237 11237
0 0 4915
-1
-1
1 22369 22369
-1
0 0 5845
1 21785 21785
0 0 7154
-1
-1
1 16882 16882
-1
1 28016 28016
-1
-1
0 0 13322
-1
0 0 3649
0 0 6058
1 13370 13370
1 3640 3640
-1
-1
1 24412 24412
0 0 9822
-1
-1
0 0 15157
1 3409 3409
1 8839 8839
0 0 16350
0 0 13555
0 0 1224
-1
-1
1 15977 15977
1 20428 20428
0 0 5578
-1
-1
-1
0 0 12552
1 4697 4697
-1
1 1530 1530
0 0 6918
0 0 7384
0 0 3026
0 0 14664
0 0 7082
1 14077 14077
1 20789 20789
-1
0 0 2309
-1
-1
-1
0 0 15249
-1
1 12246 12246
0 0 13177
1 21734 21734
-1
-1
-1
0 0 12217
-1
-1
1 31393 31393
-1
0 0 6912
1 20627 20627
1 10830 10830
0 0 1470
0 0 9583
-1
1 29637 29637
-1
1 27358 27358
-1
1 29201 29201
0 0 478
1 20180 20180
1 25033 25033
0 0 13688
-1
1 29322 29322
1 730 730
0 0 2477
-1
0 0 8352
0 0 11444
1 9207 9207
1 1969 1969
0 0 2323
1 21304 21304
0 0 7888
-1
1 29924 29924
-1
0 0 3827
-1
0 0 9993
0 0 14916
0 0 4551
0 0 8342
0 0 8672
-1
1 8977 8977
1 22322 22322
0 0 15608
0 0 8123
1 2841 2841
0 0 15355
0 0 3979
1 20531 20531
1 22792 22792
0 0 3180
0 0 9296
-1
0 0 11960
1 15377 15377
-1
1 11619 11619
0 0 10318
1 10534 10534
1 23619 23619
1 775 775
-1
0 0 15035
1 5238 5238
-1
1 5598 5598
1 23730 23730
0 0 11037
0 0 5535
-1
-1
0 0 2720
0 0 13437
-1
-1
0 0 13204
-1
-1
-1
0 0 2052
1 18100 18100
-1
0 0 1300
0 0 12149
-1
1 23647 23647
1 18397 18397
1 23119 23119
-1
-1
-1
-1
1 7494 7494
1 8276 8276
-1
0 0 8299
1 8626 8626
-1
0 0 10116
1 16057 16057
0 0 13177
1 10876 10876
1 10836 10836
-1
-1
-1
-1
-1
-1
1 6855 6855
1 28900 28900
-1
-1
-1
1 11541 11541
1 17835 17835
1 27105 27105
0 0 6707
0 0 7110
1 27186 27186
0 0 16070
0 0 13540
1 12563 12563
-1
0 0 538
1 28108 28108
1 4167 4167
0 0 8481
1 32654 32654
1 13536 13536
0 0 15628
1 14284 14284
0 0 11507
-1
1 27213 27213
0 0 12683
0 0 6989
1 13437 13437
1 11262 11262
1 7431 7431
-1
1 31212 31212
1 8727 8727
1 13554 13554
1 13565 13565
0 0 6809
-1
1 19745 19745
1 28492 28492
-1
-1
0 0 937
0 0 5918
0 0 5993
-1
1 314 314
-1
-1
1 7964 7964
1 8444 8444
1 1826 1826
-1
1 23589 23589
0 0 6362
-1
0 0 16167
1 20361 20361
0 0 10231
0 0 13019
1 9295 9295
1 12547 12547
1 9775 9775
-1
1 17306 17306
1 21534 21534
1 31082 31082
1 16708 16708
0 0 15367
1 16573 16573
0 0 710
1 20311 20311
1 16578 16578
-1
-1
0 0 14633
1 5244 5244
0 0 12118
0 0 13046
1 286 286
0 0 8988
0 0 12530
1 9540 9540
0 0 8534
0 0 7379
-1
-1
1 28300 28300
-1
0 0 8228
0 0 15153
-1
0 0 6512
0 0 9833
1 3707 3707
0 0 9381
0 0 1544
0 0 7836
0 0 16328
0 0 16209
-1
-1
-1
1 23617 23617
-1
-1
0 0 1318
-1
-1
0 0 12189
0 0 12530
-1
-1
-1
0 0 11180
-1
-1
0 0 16151
0 0 5250
-1
-1
-1
0 0 5978
0 0 3042
1 19573 19573
1 19886 19886
-1
1 7765 7765
-1
-1
1 28579 28579
-1
-1
0 0 8937
1 2625 2625
-1
0 0 4673
0 0 3349
0 0 4178
1 23991 23991
1 12979 12979
0 0 4602
0 0 10928
1 3012 3012
0 0 12580
1 7248 7248
0 0 16317
-1
0 0 793
1 31405 31405
-1
-1
0 0 10059
1 7505 7505
1 4388 4388
1 3893 3893
-1
0 0 8426
0 0 7874
-1
-1
-1
-1
0 0 15059
1 30857 30857
1 26246 26246
-1
1 1458 1458
0 0 3300
0 0 11652
1 9530 9530
-1
-1
1 23321 23321
0 0 12369
0 0 14831
-1
0 0 57
-1
1 21401 21401
0 0 13057
0 0 5011
-1
0 0 6671
1 5280 5280
-1
0 0 15096
1 32237 32237
0 0 2256
1 30599 30599
-1
-1
-1
-1
-1
1 17354 17354
0 0 10772
0 0 5930
0 0 10981
1 1722 1722
0 0 211
0 0 12966
1 4173 4173
1 4536 4536
0 0 4920
-1
0 0 12788
-1
0 0 12799
0 0 14532
1 4837 4837
0 0 8896
1 31876 31876
1 16859 16859
1 30843 30843
0 0 2278
0 0 11186
-1
1 30041 30041
1 15917 15917
-1
0 0 16002
-1
-1
-1
-1
1 3564 3564
1 27654 27654
1 19611 19611
-1
1 14016 14016
-1
1 16480 16480
0 0 8089
0 0 3342
-1
0 0 4992
0 0 3281
-1
0 0 14960
0 0 4811
1 17873 17873
1 20142 20142
-1
1 26102 26102
0 0 9349
0 0 5713
-1
0 0 3472
1 7030 7030
-1
-1
1 21968 21968
1 8333 8333
0 0 6644
0 0 7821
1 10479 10479
1 28572 28572
-1
1 22680 22680
0 0 3855
0 0 13858
-1
0 0 15955
0 0 15640
-1
0 0 7541
-1
0 0 10456
1 15754 15754
0 0 2499
0 0 2340
0 0 13996
1 5005 5005
1 8581 8581
0 0 5275
-1
0 0 15738
0 0 14767
0 0 8757
0 0 4620
-1
-1
1 23618 23618
0 0 7957
0 0 14384
1 23638 23638
1 25267 25267
1 4958 4958
0 0 2869
0 0 10964
-1
0 0 8825
0 0 12146
0 0 8229
0 0 11014
0 0 2478
-1
0 0 5498
0 0 1440
0 0 14690
1 3291 3291
-1
1 12448 12448
-1
0 0 6270
0 0 2516
1 28548 28548
0 0 12631
0 0 10990
-1
1 15831 15831
0 0 15171
1 9439 9439
1 17862 17862
-1
0 0 15746
1 15040 15040
1 26023 26023
-1
-1
1 28683 28683
-1
0 0 13282
-1
0 0 14544
-1
-1
1 12321 12321
1 10552 10552
1 25213 25213
0 0 3528
0 0 2875
-1
-1
-1
1 8281 8281
1 13407 13407
0 0 13997
-1
0 0 14138
1 6141 6141
1 14745 14745
0 0 4737
0 0 11096
0 0 10588
-1
1 15220 15220
0 0 7249
0 0 1781
0 0 10255
1 20048 20048
1 8727 8727
-1
0 0 9614
1 7900 7900
-1
1 696 696
1 21929 21929
1 8437 8437
1 13502 13502
1 43 43
-1
0 0 1476
0 0 1158
-1
1 9563 9563
-1
-1
1 29684 29684
0 0 7020
1 22597 22597
0 0 7958
-1
1 22934 22934
0 0 13847
0 0 9321
1 25685 25685
-1
-1
0 0 12704
1 14368 14368
-1
1 22741 22741
-1
1 21703 21703
0 0 6604
1 17228 17228
0 0 10731
1 12395 12395
0 0 15028
0 0 15228
0 0 8890
1 1537 1537
-1
1 5481 5481
-1
0 0 1769
0 0 12033
-1
0 0 3967
1 1533 1533
0 0 7218
-1
-1
0 0 1401
0 0 9875
-1
0 0 2198
1 16373 16373
-1
0 0 5858
0 0 5007
-1
1 2427 2427
0 0 6677
-1
-1
0 0 6177
1 32595 32595
0 0 5432
-1
0 0 15470
-1
-1
0 0 8317
0 0 5186
-1
1 19419 19419
-1
-1
1 8278 8278
-1
-1
-1
0 0 13681
1 23151 23151
0 0 15394
1 1167 1167
1 9092 9092
-1
0 0 1516
0 0 10167
-1
-1
0 0 1366
-1
-1
1 14482 14482
-1
0 0 13485
-1
1 923 923
1 6817 6817
1 28742 28742
0 0 4014
-1
0 0 15275
0 0 6208
0 0 4079
0 0 14921
1 30587 30587
-1
0 0 652
0 0 1444
0 0 7476
1 17572 17572
1 13701 13701
-1
0 0 8938
1 12299 12299
-1
-1
-1
-1
1 1328 1328
0 0 13776
1 3972 3972
-1
-1
0 0 3836
0 0 10920
-1
1 10023 10023
1 23446 23446
1 21413 21413
1 11237 11237
-1
1 27312 27312
0 0 6059
0 0 3229
0 0 10873
-1
1 5776 5776
-1
-1
0 0 6805
1 18764 18764
-1
0 0 15535
0 0 3259
1 29149 29149
1 16349 16349
1 30166 30166
1 23063 23063
0 0 9908
-1
-1
-1
1 9319 9319
-1
-1
-1
1 4901 4901
-1
0 0 5050
1 28323 28323
0 0 4386
1 15353 15353
1 10046 10046
0 0 2854
0 0 6045
-1
-1
-1
0 0 4712
-1
-1
-1
-1
-1
-1
1 9380 9380
-1
0 0 12833
-1
-1
-1
-1
-1
0 0 13331
0 0 11210
-1
1 13973 13973
0 0 10128
0 0 8134
1 20913 20913
0 0 13356
-1
-1
1 28867 28867
0 0 12878
0 0 8608
0 0 16032
-1
1 16916 16916
-1
1 20603 20603
1 16593 16593
-1
-1
-1
1 27046 27046
0 0 10971
-1
-1
-1
-1
-1
0 0 11650
0 0 4470
-1
-1
0 0 15270
-1
1 1974 1974
-1
0 0 10340
1 3838 3838
1 21523 21523
0 0 15224
1 14677 14677
0 0 11585
0 0 4174
-1
1 24491 24491
-1
0 0 5967
0 0 10337
-1
0 0 7147
-1
0 0 6757
1 5032 5032
0 0 5216
-1
-1
1 23390 23390
1 27601 27601
1 23371 23371
1 17412 17412
0 0 11004
0 0 8858
0 0 5551
1 32435 32435
0 0 2281
1 27408 27408
-1
0 0 15670
0 0 16011
1 4599 4599
0 0 2674
-1
-1
1 18806 18806
-1
-1
-1
-1
-1
0 0 14769
0 0 15498
1 18978 18978
0 0 8503
-1
-1
1 6569 6569
-1
1 2005 2005
0 0 14314
0 0 14268
-1
0 0 12152
0 0 13143
0 0 16045
1 25661 25661
1 19034 19034
-1
1 2838 2838
1 18213 18213
-1
0 0 7515
1 735 735
1 5391 5391
-1
-1
0 0 9967
0 0 3771
1 31927 31927
-1
0 0 90
1 22251 22251
1 21283 21283
0 0 2368
1 22515 22515
0 0 8135
-1
-1
-1
0 0 1740
1 29256 29256
1 6663 6663
-1
0 0 6122
0 0 14602
-1
0 0 12751
0 0 3857
-1
1 12348 12348
0 0 10080
1 31220 31220
0 0 8431
1 16364 16364
-1
-1
1 167 167
0 0 2333
0 0 7166
1 17107 17107
1 6545 6545
-1
-1
1 18220 18220
-1
-1
0 0 196
-1
0 0 12366
0 0 7912
-1
-1
0 0 15765
1 22580 22580
0 0 13282
-1
0 0 218
1 8807 8807
0 0 10271
-1
-1
-1
-1
1 20946 20946
0 0 15715
1 756 756
0 0 1978
0 0 7732
-1
1 23997 23997
0 0 3080
0 0 6119
1 27908 27908
1 29234 29234
-1
-1
1 15111 15111
0 0 7022
-1
1 28634 28634
0 0 5744
0 0 10253
1 10674 10674
-1
-1
0 0 13390
-1
1 7772 7772
0 0 10501
0 0 11507
-1
1 15875 15875
-1
1 9427 9427
0 0 259
1 20735 20735
-1
-1
1 15267 15267
0 0 15372
1 12002 12002
0 0 2381
0 0 7981
0 0 6997
0 0 11688
-1
0 0 11221
0 0 401
-1
-1
0 0 13442
0 0 5059
1 20237 20237
-1
-1
1 29165 29165
1 6471 6471
-1
0 0 15411
0 0 6783
0 0 13230
-1
-1
-1
-1
1 15120 15120
1 12834 12834
1 14779 14779
0 0 15895
-1
-1
1 7199 7199
-1
-1
0 0 7564
1 27044 27044
1 2231 2231
-1
1 19019 19019
0 0 429
-1
1 26342 26342
-1
-1
0 0 7601
1 24712 24712
1 23034 23034
0 0 8955
-1
0 0 7311
1 2679 2679
1 14561 14561
0 0 755
-1
1 28367 28367
0 0 11904
0 0 6458
1 24984 24984
1 1762 1762
1 3655 3655
0 0 5785
-1
1 10505 10505
-1
-1
0 0 14516
0 0 12102
1 6909 6909
0 0 11450
0 0 11317
-1
0 0 10588
1 29591 29591
0 0 16246
-1
1 16686 16686
1 9763 9763
0 0 9621
-1
-1
-1
0 0 6876
1 9054 9054
0 0 3617
1 12778 12778
0 0 14590
1 26468 26468
1 9673 9673
-1
1 26283 26283
-1
0 0 2161
1 11966 11966
-1
0 0 15711
-1
0 0 12909
0 0 3052
1 14581 14581
0 0 11899
0 0 14567
-1
-1
-1
1 17247 17247
-1
1 23237 23237
1 10153 10153
-1
0 0 16353
1 22392 22392
1 22386 22386
1 19714 19714
-1
1 29529 29529
0 0 2225
0 0 6099
-1
-1
1 19738 19738
1 1300 1300
-1
0 0 12201
-1
-1
0 0 3614
1 21539 21539
1 24767 24767
-1
1 8356 8356
0 0 3401
0 0 231
1 13823 13823
0 0 14602
0 0 6991
1 2025 2025
0 0 4868
0 0 11036
-1
-1
0 0 1006
-1
-1
1 26978 26978
0 0 12006
0 0 1904
-1
-1
1 861 861
1 27098 27098
-1
0 0 13977
-1
-1
1 9090 9090
-1
-1
-1
0 0 11962
-1
1 15745 15745
-1
1 5030 5030
-1
1 19018 19018
1 14367 14367
0 0 9178
0 0 4382
1 10195 10195
1 12800 12800
1 17204 17204
0 0 10645
1 10072 10072
1 24521 24521
0 0 12821
1 31177 31177
1 21194 21194
1 10220 10220
1 14735 14735
1 14817 14817
-1
-1
1 28627 28627
-1
1 23480 23480
1 31655 31655
0 0 1708
-1
1 8473 8473
1 26694 26694
0 0 16249
1 29726 29726
1 31535 31535
0 0 2342
0 0 14903
1 32028 32028
1 4846 4846
-1
0 0 1668
-1
1 5374 5374
0 0 11033
1 21492 21492
-1
-1
0 0 15324
0 0 1643
0 0 10612
1 18488 18488
0 0 9081
-1
-1
-1
1 22981 22981
1 30814 30814
0 0 8284
0 0 16278
0 0 1203
1 23826 23826
-1
-1
1 15080 15080
0 0 12399
1 16752 16752
1 32621 32621
-1
0 0 9878
0 0 7176
1 13355 13355
0 0 10990
-1
1 14746 14746
1 31179 31179
-1
1 25273 25273
1 30315 30315
0 0 9317
-1
0 0 8456
1 32510 32510
1 6743 6743
-1
0 0 12173
0 0 8750
1 27863 27863
0 0 6959
1 24965 24965
-1
1 6242 6242
-1
0 0 2425
1 24461 24461
-1
-1
1 27511 27511
-1
-1
-1
0 0 14095
-1
0 0 2336
0 0 15624
0 0 10932
-1
1 8825 8825
-1
1 4036 4036
1 658 658
-1
1 26291 26291
1 3096 3096
1 18507 18507
0 0 12979
1 20467 20467
-1
-1
-1
0 0 14814
-1
-1
1 5017 5017
0 0 12868
-1
1 26051 26051
-1
1 18598 18598
0 0 9086
0 0 6989
-1
1 29364 29364
1 26503 26503
1 17371 17371
-1
1 18985 18985
1 2291 2291
-1
0 0 3492
1 973 973
1 15187 15187
0 0 4532
-1
1 10814 10814
0 0 6550
0 0 7303
1 1449 1449
0 0 15158
0 0 13053
1 17108 17108
1 17478 17478
1 30750 30750
-1
0 0 7179
-1
-1
-1
0 0 13540
-1
-1
0 0 11736
0 0 14713
0 0 9992
1 1251 1251
1 2469 2469
0 0 15511
-1
0 0 9777
1 20924 20924
0 0 7829
-1
0 0 3094
0 0 724
0 0 15766
1 16618 16618
-1
1 16271 16271
1 7051 7051
0 0 2990
1 7136 7136
1 32395 32395
1 13103 13103
1 29972 29972
0 0 13537
0 0 2453
0 0 10765
1 8458 8458
1 2264 2264
0 0 11768
0 0 5871
-1
-1
1 20945 20945
1 32289 32289
1 18196 18196
1 3373 3373
1 25783 25783
1 20769 20769
1 17436 17436
1 18177 18177
-1
0 0 2325
0 0 14117
-1
-1
1 27682 27682
0 0 1614
0 0 15445
0 0 15551
0 0 15615
1 30400 30400
0 0 16200
1 20529 20529
0 0 9125
1 6555 6555
1 12009 12009
1 29000 29000
0 0 4178
1 19396 19396
0 0 12552
-1
1 13378 13378
-1
1 4147 4147
-1
-1
0 0 14836
-1
0 0 9343
-1
0 0 12
0 0 8225
1 17413 17413
1 15569 15569
1 8446 8446
1 15917 15917
-1
-1
0 0 4252
-1
0 0 13469
1 7848 7848
1 16406 16406
-1
0 0 9621
-1
-1
1 28116 28116
0 0 13472
-1
0 0 1216
0 0 13354
-1
-1
0 0 6488
-1
1 17242 17242
0 0 13571
-1
1 14610 14610
-1
1 29156 29156
0 0 5910
1 32358 32358
1 7685 7685
0 0 15279
0 0 10857
0 0 13863
1 8134 8134
1 25240 25240
-1
1 20454 20454
-1
-1
1 20380 20380
-1
1 8123 8123
1 25532 25532
1 3796 3796
0 0 1633
1 4952 4952
0 0 14888
1 1661 1661
-1
-1
1 20728 20728
1 25251 25251
1 1393 1393
-1
-1
0 0 3331
-1
-1
-1
1 12954 12954
1 1966 1966
1 28227 28227
-1
0 0 11012
0 0 10861
-1
-1
-1
1 28273 28273
1 19227 19227
1 9122 9122
-1
0 0 8769
0 0 7952
1 4244 4244
-1
1 12787 12787
1 18381 18381
0 0 14328
-1
0 0 14974
0 0 9873
1 11210 11210
-1
0 0 15318
1 23960 23960
0 0 9763
0 0 9703
-1
-1
1 14372 14372
0 0 6353
-1
-1
0 0 8855
-1
0 0 13065
1 12191 12191
1 6348 6348
-1
1 25070 25070
0 0 1760
1 22642 22642
-1
-1
-1
1 10796 10796
0 0 8953
0 0 8659
-1
0 0 652
-1
-1
-1
0 0 10485
0 0 4273
-1
0 0 11085
0 0 11701
-1
1 17655 17655
1 15156 15156
-1
0 0 1985
1 21671 21671
0 0 2363
1 3315 3315
-1
0 0 10010
1 22483 22483
0 0 1206
-1
-1
0 0 5016
0 0 15932
0 0 16108
0 0 667
-1
-1
-1
-1
-1
-1
0 0 14781
0 0 4201
-1
1 1435 1435
0 0 3159
-1
0 0 12613
-1
0 0 11529
0 0 1682
1 16710 16710
1 13793 13793
-1
1 25816 25816
1 5867 5867
1 19869 19869
1 25712 25712
-1
-1
-1
-1
-1
0 0 12248
0 0 3324
1 16547 16547
1 29321 29321
0 0 15207
0 0 5708
-1
0 0 717
0 0 10988
-1
0 0 5118
-1
-1
1 18715 18715
0 0 10275
-1
-1
-1
0 0 14216
1 7981 7981
1 29198 29198
0 0 16279
1 14543 14543
1 22828 22828
0 0 14671
0 0 183
0 0 2773
1 7229 7229
-1
1 252 252
1 1537 1537
1 22683 22683
-1
0 0 15766
0 0 11120
1 20695 20695
0 0 3972
1 14829 14829
-1
1 16984 16984
-1
1 9275 9275
0 0 7296
0 0 12011
1 16553 16553
0 0 12117
1 7270 7270
1 4061 4061
0 0 2585
0 0 7664
1 7581 7581
1 6481 6481
1 24010 24010
0 0 16013
1 3259 3259
-1
-1
0 0 12628
0 0 10435
-1
1 5263 5263
0 0 1589
1 20477 20477
-1
-1
0 0 5421
-1
1 24161 24161
-1
0 0 16000
-1
-1
0 0 15652
0 0 4863
-1
1 11880 11880
1 21447 21447
1 18568 18568
0 0 2215
1 22778 22778
-1
0 0 15600
0 0 12542
1 22992 22992
1 21692 21692
-1
1 20608 20608
0 0 9119
1 20667 20667
0 0 13764
0 0 12834
0 0 6264
-1
0 0 12964
-1
0 0 5169
1 22011 22011
-1
1 11950 11950
1 6501 6501
1 4349 4349
0 0 13322
1 30504 30504
-1
1 10797 10797
0 0 8773
-1
0 0 3842
-1
-1
0 0 416
0 0 9396
-1
0 0 13980
-1
-1
0 0 13202
0 0 4073
0 0 5167
-1
1 933 933
1 22096 22096
1 23074 23074
0 0 8374
0 0 14035
-1
1 6386 6386
0 0 13930
1 23855 23855
0 0 11725
0 0 13407
0 0 8210
0 0 15771
0 0 5812
1 19116 19116
0 0 14675
0 0 10007
1 23071 23071
0 0 2249
1 15086 15086
-1
-1
-1
1 5996 5996
0 0 7537
0 0 8212
0 0 11926
1 26336 26336
0 0 12960
-1
1 30871 30871
-1
0 0 14182
1 7487 7487
1 32610 32610
1 32339 32339
1 31931 31931
0 0 9257
-1
0 0 4348
1 11440 11440
0 0 6422
0 0 13216
-1
0 0 6307
-1
-1
-1
0 0 8006
1 249 249
0 0 10125
1 21346 21346
1 18051 18051
0 0 11071
-1
-1
1 1442 1442
1 23790 23790
-1
0 0 6136
-1
1 12294 12294
0 0 12980
1 22436 22436
0 0 1337
-1
0 0 12321
0 0 10994
-1
-1
0 0 14278
-1
1 3262 3262
-1
-1
1 2519 2519
-1
-1
1 23902 23902
0 0 223
1 4999 4999
0 0 2477
1 18020 18020
1 30114 30114
-1
-1
1 20944 20944
-1
1 32014 32014
-1
-1
-1
-1
0 0 871
-1
-1
1 3796 3796
0 0 13385
1 18693 18693
-1
-1
0 0 7692
1 23191 23191
-1
0 0 717
-1
1 25240 25240
0 0 13476
-1
1 20828 20828
0 0 12934
1 7505 7505
-1
0 0 5570
-1
-1
0 0 12968
-1
0 0 307
1 4455 4455
-1
0 0 11904
0 0 15852
0 0 3890
0 0 9258
0 0 8156
0 0 13035
-1
-1
0 0 4283
-1
1 19978 19978
-1
-1
0 0 15077
1 1049 1049
0 0 12225
1 26800 26800
1 22510 22510
1 11638 11638
-1
0 0 15125
-1
-1
1 3158 3158
-1
-1
-1
0 0 14919
1 11325 11325
-1
1 29751 29751
1 21232 21232
1 21709 21709
1 29791 29791
0 0 8227
0 0 3043
1 11519 11519
-1
-1
-1
0 0 4033
0 0 4502
0 0 1422
-1
0 0 10573
-1
0 0 11589
0 0 4444
1 22687 22687
1 693 693
-1
0 0 619
-1
1 18007 18007
0 0 15839
-1
-1
0 0 164
0 0 13009
0 0 14168
1 9030 9030
0 0 12121
0 0 493
1 16868 16868
0 0 8120
0 0 13371
-1
-1
0 0 12403
0 0 9684
1 20887 20887
-1
0 0 3707
0 0 13961
0 0 3566
0 0 5558
-1
-1
0 0 2167
0 0 3006
-1
0 0 8086
1 7426 7426
-1
-1
1 26738 26738
0 0 9612
-1
1 23850 23850
0 0 3339
1 15759 15759
-1
0 0 79
1 29413 29413
1 30352 30352
-1
0 0 9109
0 0 10799
-1
0 0 7908
1 11692 11692
1 10041 10041
1 1804 1804
-1
0 0 2568
0 0 14317
1 11910 11910
0 0 5424
-1
0 0 6511
-1
-1
-1
0 0 5323
-1
0 0 7695
0 0 14155
0 0 9027
-1
0 0 14644
0 0 2424
1 2534 2534
-1
1 25768 25768
1 1669 1669
1 9761 9761
-1
0 0 6282
0 0 11038
0 0 14892
-1
0 0 14957
-1
0 0 7281
1 25957 25957
0 0 15435
1 16146 16146
0 0 7137
-1
-1
1 29923 29923
-1
-1
-1
-1
0 0 3864
0 0 9533
1 19459 19459
-1
1 9427 9427
-1
-1
1 4541 4541
0 0 15995
-1
-1
1 14140 14140
-1
0 0 3867
0 0 8425
-1
0 0 8786
-1
-1
-1
0 0 12913
0 0 14704
-1
-1
1 4364 4364
0 0 10573
1 21271 21271
1 12249 12249
1 13561 13561
1 4688 4688
-1
-1
1 14653 14653
0 0 13832
-1
0 0 3799
-1
-1
-1
1 29650 29650
0 0 12228
0 0 4684
1 18739 18739
0 0 10881
0 0 15707
-1
0 0 11389
1 29542 29542
1 385 385
0 0 10022
0 0 7726
1 8121 8121
1 20351 20351
0 0 15071
-1
-1
1 2039 2039
1 135 135
1 32090 32090
0 0 6271
1 31333 31333
-1
-1
-1
1 22266 22266
0 0 5104
0 0 709
0 0 6813
1 13082 13082
1 28839 28839
0 0 8128
1 4974 4974
0 0 12014
-1
0 0 11976
-1
1 1166 1166
0 0 3733
-1
1 5629 5629
-1
1 4754 4754
1 11598 11598
-1
0 0 11897
0 0 14880
-1
1 32258 32258
0 0 13409
-1
1 19426 19426
0 0 3401
0 0 3805
0 0 9587
-1
-1
0 0 2516
-1
1 20398 20398
-1
0 0 5577
1 4947 4947
-1
0 0 1384
-1
0 0 10474
1 7764 7764
0 0 4189
-1
-1
0 0 15819
-1
0 0 14583
1 9844 9844
1 31924 31924
0 0 12463
-1
1 13478 13478
-1
1 16161 16161
0 0 8152
1 31584 31584
0 0 3959
0 0 10091
1 4920 4920
-1
0 0 6482
-1
-1
-1
0 0 7219
-1
1 13637 13637
-1
1 6691 6691
-1
1 7879 7879
-1
0 0 1502
1 4911 4911
0 0 15949
-1
-1
0 0 2873
1 24062 24062
1 26672 26672
0 0 15720
-1
1 12648 12648
-1
-1
1 5991 5991
0 0 11391
0 0 12902
1 5826 5826
1 28682 28682
0 0 1935
-1
-1
0 0 6641
0 0 3436
0 0 5018
1 12277 12277
1 5848 5848
1 21617 21617
0 0 2810
1 609 609
-1
0 0 15599
0 0 4128
1 26122 26122
1 31666 31666
1 21326 21326
-1
-1
-1
-1
-1
0 0 7152
-1
1 232 232
1 21530 21530
0 0 11179
0 0 8330
-1
0 0 2547
1 5018 5018
0 0 12342
0 0 727
1 12360 12360
1 4978 4978
1 13443 13443
1 24027 24027
1 14962 14962
0 0 13132
1 26592 26592
0 0 9898
0 0 309
0 0 14621
-1
0 0 4315
1 3975 3975
0 0 5822
1 23684 23684
0 0 2917
0 0 13435
0 0 5881
1 27204 27204
0 0 9609
0 0 5917
1 1062 1062
0 0 4256
-1
1 32681 32681
0 0 13323
0 0 6964
0 0 8672
1 14058 14058
0 0 6876
0 0 8479
1 11049 11049
-1
0 0 7350
-1
1 12494 12494
1 24363 24363
-1
1 1256 1256
0 0 4634
-1
0 0 8441
0 0 4498
-1
-1
0 0 4394
1 30693 30693
-1
0 0 4173
1 14571 14571
-1
-1
1 12042 12042
0 0 14321
1 799 799
-1
-1
0 0 15979
-1
1 28082 28082
0 0 7692
1 23898 23898
1 30656 30656
1 29644 29644
0 0 5775
-1
0 0 14933
-1
0 0 10703
-1
1 8239 8239
0 0 3749
1 28894 28894
0 0 1252
-1
0 0 9302
0 0 698
0 0 8808
-1
-1
0 0 3304
1 25617 25617
0 0 12729
0 0 10294
-1
1 19282 19282
-1
1 30592 30592
1 28081 28081
0 0 9961
1 11526 11526
-1
-1
1 10946 10946
0 0 4504
-1
0 0 8124
-1
-1
0 0 7108
-1
0 0 5057
-1
-1
0 0 16302
0 0 4349
1 18555 18555
1 24648 24648
1 26781 26781
1 21812 21812
-1
-1
-1
1 22437 22437
-1
0 0 13673
1 17272 17272
1 9912 9912
0 0 925
1 28645 28645
-1
-1
1 25297 25297
0 0 5117
-1
-1
-1
-1
-1
1 9388 9388
0 0 7127
1 25552 25552
1 25785 25785
1 15611 15611
0 0 11581
-1
1 4192 4192
-1
0 0 680
0 0 15058
-1
0 0 10718
1 32741 32741
1 14748 14748
1 27128 27128
-1
0 0 10751
1 20490 20490
-1
-1
0 0 1788
0 0 5778
0 0 7331
-1
1 19778 19778
-1
1 10026 10026
-1
1 9438 9438
0 0 13718
-1
0 0 1581
0 0 9714
-1
0 0 7919
0 0 8548
0 0 3839
0 0 8244
-1
-1
0 0 13814
-1
-1
0 0 84
0 0 3585
0 0 1636
0 0 14004
-1
0 0 3411
1 15443 15443
-1
0 0 12081
1 6869 6869
0 0 10685
0 0 13538
0 0 3674
-1
-1
1 902 902
0 0 15372
0 0 16334
1 19189 19189
-1
1 22808 22808
1 20368 20368
1 7026 7026
1 24512 24512
1 26923 26923
-1
1 27877 27877
0 0 2423
1 32577 32577
0 0 11081
0 0 1362
1 7641 7641
-1
-1
-1
0 0 1462
-1
-1
1 11246 11246
1 5866 5866
1 6953 6953
1 16 16
-1
0 0 2612
1 4389 4389
0 0 13453
1 14112 14112
0 0 5287
0 0 3979
-1
0 0 10643
1 21721 21721
-1
1 3316 3316
-1
-1
1 8291 8291
0 0 13954
0 0 10349
1 4346 4346
1 19304 19304
-1
0 0 4450
0 0 1751
1 9906 9906
-1
0 0 15645
-1
1 24376 24376
0 0 3071
0 0 11660
0 0 9038
-1
-1
-1
0 0 16311
0 0 3465
-1
1 19738 19738
-1
1 19736 19736
1 5158 5158
-1
-1
1 697 697
-1
0 0 15468
1 14003 14003
1 6321 6321
0 0 3716
1 12425 12425
-1
1 24876 24876
0 0 12408
0 0 13524
1 9294 9294
0 0 12327
0 0 11805
0 0 16000
0 0 6167
1 22702 22702
1 25389 25389
-1
-1
-1
1 23717 23717
-1
0 0 6283
1 29374 29374
-1
-1
1 18974 18974
1 8799 8799
1 21106 21106
0 0 14050
1 32318 32318
1 12318 12318
-1
-1
-1
-1
-1
-1
0 0 750
0 0 3175
0 0 14997
-1
0 0 6141
0 0 9384
1 7445 7445
0 0 12649
0 0 12725
0 0 9736
-1
1 10532 10532
-1
0 0 11292
1 14462 14462
1 7383 7383
0 0 14289
1 4198 4198
0 0 5890
1 31730 31730
-1
0 0 16278
0 0 15158
-1
0 0 10302
-1
1 17898 17898
1 24069 24069
1 23444 23444
0 0 9925
-1
0 0 6665
-1
1 2701 2701
-1
0 0 14936
-1
0 0 12540
1 11456 11456
0 0 8181
0 0 1310
0 0 4304
0 0 4840
1 131 131
0 0 7274
1 31315 31315
-1
1 12397 12397
-1
-1
-1
-1
-1
-1
0 0 4395
1 23816 23816
0 0 5303
1 9550 9550
0 0 10325
-1
1 20189 20189
0 0 5452
0 0 13573
0 0 4150
0 0 11621
1 3754 3754
-1
-1
-1
0 0 13634
-1
0 0 13383
0 0 3440
-1
0 0 6370
-1
0 0 1978
0 0 3889
0 0 13127
-1
-1
-1
0 0 2771
-1
1 1596 1596
-1
0 0 7224
0 0 16259
0 0 4010
0 0 7885
-1
-1
0 0 8241
0 0 1245
0 0 8133
-1
1 24808 24808
-1
1 26883 26883
0 0 1759
-1
0 0 12699
-1
-1
0 0 9675
1 21577 21577
-1
1 15670 15670
1 31598 31598
0 0 2644
1 7493 7493
-1
-1
-1
1 22098 22098
0 0 8343
-1
0 0 8856
-1
-1
-1
-1
-1
1 23225 23225
-1
1 23346 23346
-1
1 9102 9102
0 0 8419
-1
0 0 10093
-1
1 19992 19992
0 0 1574
1 2843 2843
1 11632 11632
-1
0 0 8433
0 0 14617
1 23305 23305
0 0 3458
0 0 14001
-1
-1
0 0 5082
-1
-1
0 0 15896
0 0 13118
1 658 658
1 27697 27697
0 0 3713
1 31482 31482
1 21211 21211
-1
0 0 9174
0 0 11150
-1
-1
1 724 724
-1
1 15278 15278
0 0 1372
-1
1 30908 30908
1 26121 26121
0 0 13889
0 0 6423
1 9791 9791
-1
1 15148 15148
-1
1 19572 19572
1 30929 30929
-1
0 0 8608
-1
0 0 6051
0 0 2639
0 0 7881
1 22686 22686
1 26809 26809
1 3672 3672
1 16765 16765
-1
0 0 4135
-1
-1
1 14547 14547
1 22049 22049
1 13059 13059
1 15252 15252
1 27856 27856
0 0 15839
0 0 7023
0 0 15870
1 11755 11755
1 12459 12459
0 0 13309
-1
0 0 15960
0 0 10093
-1
0 0 369
-1
-1
0 0 11666
1 20053 20053
-1
-1
-1
-1
0 0 14901
1 22501 22501
-1
-1
0 0 2742
0 0 12968
0 0 15093
-1
-1
0 0 4108
0 0 10495
0 0 2310
0 0 8637
0 0 9143
1 11658 11658
-1
1 31717 31717
1 27761 27761
0 0 16352
1 9607 9607
0 0 9754
0 0 16220
-1
-1
-1
0 0 5224
1 24537 24537
0 0 10401
-1
-1
1 26760 26760
1 17531 17531
0 0 13329
1 28759 28759
0 0 10042
-1
-1
0 0 5391
1 26679 26679
0 0 12823
0 0 12312
1 7525 7525
-1
-1
-1
0 0 15228
0 0 1151
0 0 12907
-1
0 0 11470
-1
-1
1 2828 2828
0 0 13635
0 0 14867
1 25089 25089
-1
1 11743 11743
-1
0 0 14372
-1
1 13126 13126
1 13367 13367
-1
-1
1 4685 4685
-1
0 0 7155
-1
0 0 7037
-1
1 26728 26728
0 0 12588
0 0 16163
0 0 2331
0 0 13461
-1
-1
0 0 4541
1 261 261
-1
0 0 15415
1 19770 19770
0 0 13954
1 28534 28534
-1
-1
0 0 10869
0 0 12515
-1
0 0 12143
0 0 2004
0 0 14049
1 10774 10774
-1
1 14313 14313
-1
0 0 12036
1 11598 11598
0 0 2115
0 0 10267
-1
-1
0 0 7305
-1
1 13054 13054
1 22512 22512
-1
1 22281 22281
-1
1 5948 5948
0 0 6490
0 0 9356
1 2341 2341
1 18286 18286
-1
1 28596 28596
0 0 11124
1 22955 22955
-1
0 0 6432
-1
-1
1 21410 21410
0 0 8824
1 22883 22883
-1
0 0 10361
-1
-1
-1
1 30928 30928
0 0 10075
0 0 1260
0 0 4979
-1
1 15067 15067
0 0 13797
-1
-1
0 0 12576
-1
0 0 8003
-1
1 2239 2239
1 3072 3072
-1
1 10920 10920
-1
-1
1 4465 4465
1 28337 28337
0 0 1290
-1
1 13409 13409
-1
1 11712 11712
1 31085 31085
1 6449 6449
1 31196 31196
0 0 409
1 13264 13264
0 0 7794
-1
1 29289 29289
-1
1 144 144
-1
-1
-1
-1
0 0 10881
1 31289 31289
-1
0 0 6603
1 18330 18330
-1
-1
-1
0 0 12340
0 0 11861
-1
0 0 14279
1 19982 19982
-1
-1
-1
0 0 3376
-1
-1
-1
-1
-1
-1
0 0 2635
0 0 1199
1 20879 20879
1 8173 8173
-1
1 20535 20535
1 3401 3401
0 0 13649
-1
-1
1 1334 1334
-1
-1
-1
1 30319 30319
1 10536 10536
0 0 12146
0 0 56
0 0 15089
1 2351 2351
-1
-1
0 0 1127
1 5066 5066
1 29281 29281
0 0 4818
1 3402 3402
0 0 5724
1 6642 6642
-1
1 29375 29375
0 0 14806
0 0 1947
0 0 11538
-1
1 4299 4299
-1
0 0 13971
0 0 15341
-1
0 0 13416
-1
-1
1 4966 4966
-1
1 1411 1411
1 248 248
-1
1 31702 31702
-1
-1
0 0 5349
0 0 998
1 7932 7932
-1
0 0 8556
-1
1 26244 26244
1 20612 20612
1 28795 28795
-1
1 3682 3682
1 23781 23781
1 13315 13315
-1
-1
1 23349 23349
1 15158 15158
0 0 13739
1 9158 9158
1 19365 19365
1 31952 31952
0 0 867
1 29152 29152
-1
-1
1 11253 11253
-1
0 0 2854
-1
0 0 9099
-1
-1
1 8213 8213
-1
1 18701 18701
1 20469 20469
-1
-1
0 0 8349
1 15969 15969
1 1530 1530
-1
0 0 14504
1 4343 4343
0 0 4047
-1
-1
-1
1 10095 10095
1 20574 20574
1 4183 4183
1 1772 1772
0 0 12003
1 9916 9916
0 0 2446
0 0 2912
-1
1 24227 24227
1 20081 20081
0 0 598
0 0 10653
-1
-1
0 0 3006
0 0 2598
0 0 14900
0 0 6039
-1
1 28886 28886
-1
-1
-1
-1
0 0 8732
0 0 4272
1 32052 32052
1 5823 5823
0 0 13211
0 0 4277
-1
1 7605 7605
1 29147 29147
-1
0 0 13303
-1
0 0 15736
-1
1 27722 27722
1 21000 21000
-1
-1
1 23127 23127
1 2101 2101
-1
0 0 15927
0 0 9408
1 28336 28336
-1
1 19874 19874
-1
1 20549 20549
0 0 14315
1 5430 5430
0 0 14722
1 18224 18224
1 1610 1610
-1
1 20445 20445
0 0 7378
0 0 8714
-1
0 0 6631
1 9800 9800
1 6672 6672
-1
1 27883 27883
-1
-1
1 29312 29312
1 29720 29720
1 24056 24056
0 0 2218
0 0 562
-1
-1
0 0 2713
-1
1 18777 18777
-1
0 0 945
-1
1 11228 11228
-1
-1
0 0 2940
-1
1 9063 9063
-1
0 0 11507
0 0 15256
1 26767 26767
0 0 6033
0 0 13940
-1
-1
1 21307 21307
1 29747 29747
-1
1 25386 25386
1 18713 18713
-1
-1
0 0 3138
1 1497 1497
0 0 8048
0 0 6727
1 19995 19995
1 12335 12335
0 0 13139
0 0 9890
-1
-1
1 25724 25724
1 32650 32650
1 28994 28994
0 0 10663
-1
0 0 11930
-1
0 0 2800
1 15066 15066
0 0 4279
1 17344 17344
0 0 9551
0 0 2227
1 14645 14645
0 0 10154
-1
1 21258 21258
-1
0 0 15867
-1
0 0 10852
0 0 14782
-1
0 0 3346
-1
1 5531 5531
1 8070 8070
-1
0 0 4824
0 0 9665
-1
1 4793 4793
-1
0 0 13673
-1
0 0 11020
1 16203 16203
0 0 7937
0 0 13862
1 6120 6120
0 0 3319
0 0 7788
-1
-1
1 4108 4108
1 5365 5365
0 0 8232
-1
-1
0 0 291
1 15191 15191
-1
-1
-1
1 14968 14968
1 10358 10358
1 4122 4122
0 0 2937
1 9622 9622
-1
1 28930 28930
-1
1 15110 15110
-1
1 28572 28572
1 19448 19448
1 27667 27667
0 0 13217
0 0 14125
-1
-1
-1
-1
1 30639 30639
1 16368 16368
1 23526 23526
0 0 3725
0 0 6708
1 25752 25752
0 0 1413
-1
-1
0 0 2246
1 3694 3694
1 23543 23543
0 0 9078
1 4702 4702
-1
1 16218 16218
1 1750 1750
0 0 4165
-1
-1
-1
1 28685 28685
0 0 13366
0 0 6066
0 0 8348
-1
-1
0 0 14977
-1
-1
1 29611 29611
0 0 8639
0 0 8216
0 0 12472
0 0 11032
-1
0 0 5863
1 1133 1133
1 28308 28308
0 0 6618
-1
1 11992 11992
1 15198 15198
-1
-1
0 0 15600
1 23600 23600
1 17242 17242
-1
0 0 2131
0 0 6430
0 0 7873
1 689 689
-1
-1
-1
-1
1 17082 17082
0 0 7897
1 14212 14212
-1
-1
0 0 243
-1
0 0 8782
0 0 6170
-1
1 29557 29557
0 0 11188
1 10256 10256
0 0 11050
-1
1 7287 7287
-1
1 31822 31822
1 10762 10762
0 0 4149
0 0 9376
1 30232 30232
1 2140 2140
-1
0 0 6931
-1
0 0 5017
0 0 1118
1 18786 18786
-1
0 0 2134
1 8457 8457
1 8477 8477
-1
0 0 11535
0 0 12428
-1
-1
1 14481 14481
0 0 14745
0 0 1600
0 0 11434
-1
1 18294 18294
-1
1 19595 19595
1 21020 21020
0 0 13865
-1
0 0 446
-1
-1
0 0 3166
-1
0 0 7503
0 0 7713
-1
0 0 11471
0 0 14100
-1
1 32304 32304
0 0 6116
1 27305 27305
-1
1 30518 30518
0 0 13392
0 0 8329
-1
0 0 461
0 0 299
1 1549 1549
0 0 15642
1 5776 5776
-1
-1
1 21558 21558
0 0 11742
1 7034 7034
0 0 13805
1 21034 21034
-1
0 0 8597
-1
1 12790 12790
-1
1 27966 27966
0 0 9009
1 29907 29907
0 0 12587
-1
-1
1 10190 10190
-1
0 0 7541
0 0 3484
1 31816 31816
0 0 10914
1 21350 21350
-1
0 0 6203
0 0 3677
0 0 5252
-1
1 18403 18403
0 0 5970
-1
-1
0 0 2549
0 0 7715
0 0 9904
-1
0 0 1566
-1
0 0 14028
1 1652 1652
-1
1 22799 22799
0 0 8061
0 0 11252
-1
0 0 5314
-1
1 9460 9460
0 0 13993
0 0 8362
0 0 4881
1 7832 7832
0 0 11752
1 2951 2951
0 0 15621
0 0 5763
0 0 701
0 0 5452
0 0 9776
0 0 532
-1
-1
-1
0 0 1036
1 23761 23761
1 16798 16798
0 0 5694
1 426 426
1 6346 6346
0 0 552
0 0 14978
-1
0 0 5831
-1
0 0 320
0 0 11703
0 0 10954
0 0 5005
0 0 1953
-1
0 0 12181
0 0 12309
-1
0 0 6276
0 0 8825
1 10815 10815
-1
0 0 7491
-1
0 0 4794
-1
1 3399 3399
1 12352 12352
-1
0 0 3176
-1
-1
-1
-1
0 0 15134
-1
0 0 8365
1 2992 2992
-1
1 15039 15039
-1
0 0 2310
1 32055 32055
0 0 11555
0 0 11690
1 20249 20249
1 996 996
-1
-1
-1
-1
1 5618 5618
0 0 214
-1
0 0 3759
0 0 13494
1 17805 17805
0 0 6404
0 0 8548
1 26479 26479
1 19843 19843
-1
1 2658 2658
-1
0 0 3546
-1
0 0 13855
0 0 12587
0 0 2973
0 0 4590
1 4513 4513
0 0 8857
1 30885 30885
1 2016 2016
0 0 5312
-1
1 1652 1652
1 24318 24318
0 0 1669
1 24790 24790
-1
-1
-1
0 0 13958
0 0 4359
0 0 9690
0 0 15592
1 17626 17626
0 0 401
0 0 5228
1 12522 12522
-1
-1
-1
0 0 1074
1 3385 3385
-1
1 32672 32672
-1
1 23511 23511
-1
-1
-1
1 13098 13098
0 0 8968
1 15931 15931
1 3211 3211
0 0 2502
0 0 5212
-1
0 0 5756
1 7464 7464
0 0 10846
0 0 4217
0 0 11937
0 0 5184
0 0 11731
0 0 3115
-1
1 12011 12011
0 0 2875
1 1359 1359
0 0 4598
-1
1 8733 8733
1 18782 18782
1 24401 24401
-1
0 0 5632
0 0 15629
-1
1 8402 8402
1 3707 3707
1 25007 25007
-1
1 10981 10981
-1
-1
1 4759 4759
-1
1 610 610
1 14325 14325
0 0 7161
-1
-1
-1
0 0 828
1 26257 26257
1 16052 16052
1 31768 31768
0 0 14400
-1
1 30663 30663
1 428 428
0 0 5128
1 1025 1025
0 0 14792
1 18241 18241
1 870 870
1 7699 7699
-1
-1
1 12655 12655
1 28552 28552
0 0 10285
0 0 5612
0 0 7976
-1
-1
-1
1 26596 26596
1 254 254
0 0 2521
1 17800 17800
0 0 8474
-1
-1
1 18789 18789
-1
-1
-1
0 0 9372
0 0 2463
-1
-1
-1
0 0 1227
-1
0 0 14949
-1
0 0 5234
1 12654 12654
0 0 6720
1 23220 23220
1 18359 18359
1 17977 17977
-1
-1
0 0 16105
1 4260 4260
0 0 9539
1 10998 10998
1 30898 30898
0 0 15220
-1
0 0 5653
0 0 4095
-1
0 0 11602
-1
1 2585 2585
1 9092 9092
0 0 279
0 0 2300
0 0 8267
-1
-1
1 797 797
0 0 10846
0 0 10674
-1
0 0 2698
0 0 8709
1 10683 10683
0 0 4410
1 5460 5460
0 0 5720
1 25381 25381
0 0 2285
-1
1 21007 21007
-1
-1
1 27118 27118
0 0 14496
0 0 2638
1 7744 7744
1 28187 28187
0 0 13001
0 0 4376
0 0 892
-1
1 7427 7427
-1
-1
1 10391 10391
1 23751 23751
0 0 4936
0 0 12564
0 0 7768
1 21958 21958
-1
-1
-1
1 2332 2332
0 0 11934
-1
1 20267 20267
-1
0 0 8774
0 0 6397
0 0 10535
0 0 8098
0 0 5176
1 25127 25127
1 27821 27821
0 0 7913
0 0 5167
-1
-1
-1
0 0 3026
0 0 11036
1 19071 19071
-1
0 0 2801
-1
0 0 4010
-1
0 0 15304
0 0 5878
0 0 16277
1 6383 6383
1 32374 32374
0 0 3276
1 29861 29861
-1
-1
1 31493 31493
-1
-1
1 10416 10416
1 31919 31919
1 29684 29684
0 0 1241
-1
0 0 2881
1 3443 3443
0 0 1362
0 0 8245
1 19043 19043
1 19691 19691
0 0 7307
1 8618 8618
1 12454 12454
0 0 1328
1 4682 4682
-1
0 0 10826
0 0 9273
-1
1 15541 15541
-1
1 17613 17613
1 27257 27257
-1
0 0 3635
1 22708 22708
-1
1 3800 3800
0 0 6928
1 10623 10623
1 3651 3651
-1
-1
0 0 5260
1 13722 13722
0 0 4644
1 17980 17980
-1
1 17399 17399
0 0 5504
0 0 6870
0 0 5925
1 12166 12166
0 0 6977
0 0 8000
1 31515 31515
1 11560 11560
1 12208 12208
-1
-1
1 29935 29935
-1
1 29552 29552
1 18390 18390
0 0 11090
1 30516 30516
1 12347 12347
0 0 15353
-1
1 31090 31090
1 28875 28875
1 7804 7804
1 18561 18561
-1
0 0 2412
-1
0 0 925
-1
1 2450 2450
1 21013 21013
1 5644 5644
-1
1 6683 6683
1 29688 29688
-1
-1
-1
1 18155 18155
0 0 14059
0 0 10111
0 0 10482
0 0 7525
0 0 7042
-1
1 7597 7597
1 647 647
0 0 5337
-1
-1
-1
0 0 2750
-1
0 0 6560
1 15280 15280
0 0 12120
1 5117 5117
-1
1 22241 22241
1 725 725
-1
0 0 7267
1 27249 27249
0 0 13968
1 28880 28880
0 0 7159
1 24629 24629
1 6914 6914
1 6574 6574
1 21885 21885
-1
0 0 2123
-1
1 18843 18843
-1
1 7475 7475
1 17270 17270
0 0 11251
-1
1 28641 28641
1 12191 12191
-1
1 12542 12542
1 31707 31707
1 8577 8577
-1
1 2908 2908
-1
0 0 14534
1 22103 22103
0 0 14850
1 27816 27816
-1
1 27671 27671
0 0 1258
0 0 15036
1 10377 10377
0 0 1972
0 0 15009
0 0 15431
1 5249 5249
-1
0 0 11369
1 4520 4520
-1
0 0 7812
1 4513 4513
-1
1 6056 6056
0 0 11567
-1
-1
-1
0 0 10795
0 0 10149
0 0 721
0 0 9658
1 12438 12438
-1
1 20451 20451
1 18712 18712
0 0 1243
1 28070 28070
0 0 9338
0 0 2065
-1
1 19071 19071
-1
-1
1 24775 24775
0 0 15023
1 19362 19362
1 29479 29479
0 0 11927
0 0 6580
-1
1 8592 8592
0 0 7732
-1
1 9949 9949
0 0 8094
0 0 3754
1 1795 1795
1 18081 18081
-1
1 28352 28352
0 0 6370
0 0 5002
-1
0 0 7674
-1
1 9062 9062
-1
0 0 9365
-1
1 23547 23547
1 20416 20416
1 17 17
1 1713 1713
0 0 1397
-1
0 0 5669
0 0 12644
0 0 5184
-1
-1
-1
-1
1 18636 18636
-1
-1
0 0 10603
0 0 8250
1 22790 22790
-1
1 12211 12211
1 15620 15620
0 0 7607
1 31408 31408
-1
-1
1 28703 28703
-1
-1
1 7968 7968
0 0 634
1 32616 32616
0 0 5373
-1
0 0 10397
1 22698 22698
1 12421 12421
-1
-1
1 32707 32707
0 0 12724
-1
1 6038 6038
0 0 12173
0 0 12961
0 0 11985
-1
1 26540 26540
0 0 6645
1 24976 24976
1 1461 1461
1 8581 8581
1 15591 15591
1 10109 10109
-1
0 0 1573
1 16883 16883
-1
0 0 2732
1 20402 20402
-1
-1
-1
1 15367 15367
0 0 15257
1 13191 13191
1 1920 1920
1 6826 6826
1 14433 14433
-1
1 29377 29377
0 0 10054
0 0 2124
0 0 8774
1 29805 29805
0 0 8795
0 0 7437
1 15958 15958
1 25806 25806
-1
0 0 5932
-1
-1
0 0 6320
0 0 7485
1 1888 1888
-1
1 2259 2259
1 25568 25568
-1
0 0 6639
1 30065 30065
1 7319 7319
0 0 1034
-1
1 7719 7719
1 18404 18404
1 25647 25647
1 31523 31523
-1
0 0 1887
1 18766 18766
0 0 5914
1 4454 4454
-1
1 20735 20735
0 0 9049
-1
0 0 3392
0 0 1170
0 0 6978
0 0 11325
0 0 13103
0 0 11832
-1
0 0 10322
-1
0 0 9591
0 0 10444
0 0 10566
0 0 14139
-1
-1
1 19240 19240
1 19807 19807
1 26441 26441
0 0 8808
0 0 11266
0 0 12327
1 23642 23642
0 0 8754
0 0 3040
1 24541 24541
1 7178 7178
0 0 12902
0 0 9543
1 21206 21206
-1
0 0 15186
1 17077 17077
-1
1 7245 7245
0 0 4792
1 9488 9488
-1
1 693 693
1 9267 9267
1 31118 31118
0 0 15332
0 0 4148
-1
1 2996 2996
0 0 2811
-1
-1
0 0 3467
1 15385 15385
1 30199 30199
1 21615 21615
0 0 11761
-1
-1
1 15233 15233
-1
-1
0 0 2025
1 22219 22219
1 15429 15429
0 0 10289
1 14687 14687
1 11395 11395
1 28566 28566
0 0 6018
0 0 2824
-1
0 0 5730
1 24630 24630
1 25054 25054
1 18263 18263
1 26208 26208
0 0 2048
1 30222 30222
0 0 2770
-1
-1
0 0 10463
-1
1 28540 28540
1 17667 17667
-1
0 0 10449
-1
1 14672 14672
0 0 15901
-1
0 0 10233
-1
-1
0 0 567
-1
0 0 2204
-1
0 0 10311
-1
0 0 3535
0 0 10840
0 0 11764
-1
0 0 5444
1 41 41
-1
0 0 2220
0 0 9421
-1
1 13618 13618
0 0 2728
0 0 9817
1 8781 8781
-1
-1
1 1119 1119
-1
-1
1 19099 19099
0 0 8499
1 12400 12400
0 0 10794
-1
1 11839 11839
-1
-1
-1
0 0 13515
0 0 12293
1 2825 2825
-1
-1
-1
0 0 506
-1
1 17267 17267
0 0 4588
0 0 4684
0 0 6748
0 0 6250
-1
0 0 13410
0 0 13603
0 0 566
1 15311 15311
1 2243 2243
-1
0 0 11062
-1
-1
-1
0 0 4635
-1
-1
1 5444 5444
0 0 4721
0 0 16374
1 21413 21413
1 15175 15175
0 0 14047
0 0 9519
-1
-1
-1
0 0 11457
0 0 1306
-1
0 0 1948
1 21290 21290
0 0 1946
-1
-1
0 0 832
1 20637 20637
1 14251 14251
1 10770 10770
1 29827 29827
-1
-1
1 22379 22379
-1
1 32062 32062
1 31825 31825
1 25343 25343
0 0 12370
1 1949 1949
-1
-1
1 1633 1633
1 13752 13752
0 0 4829
-1
-1
1 9284 9284
1 6534 6534
0 0 16108
-1
1 32492 32492
0 0 9193
-1
-1
-1
-1
-1
-1
1 19707 19707
0 0 12255
0 0 6384
-1
-1
0 0 15709
-1
-1
1 4935 4935
0 0 12789
-1
1 26915 26915
1 20429 20429
1 14769 14769
1 1646 1646
1 29984 29984
-1
-1
1 2667 2667
0 0 3615
-1
0 0 6766
1 17977 17977
1 7360 7360
-1
-1
0 0 2086
0 0 5852
0 0 6866
1 30661 30661
0 0 6502
0 0 7112
-1
-1
1 20503 20503
1 23687 23687
-1
-1
-1
1 20780 20780
1 18469 18469
1 772 772
1 18557 18557
1 1253 1253
0 0 2989
1 2354 2354
0 0 1258
-1
-1
1 2130 2130
0 0 1463
0 0 6182
-1
1 9481 9481
1 31786 31786
1 31079 31079
1 13496 13496
1 12948 12948
-1
0 0 4793
0 0 4348
-1
-1
-1
1 17478 17478
1 2293 2293
1 30968 30968
0 0 15402
1 10856 10856
1 1445 1445
1 20110 20110
-1
-1
1 3036 3036
-1
1 6699 6699
-1
-1
-1
0 0 577
-1
1 17652 17652
0 0 1182
1 26988 26988
1 144 144
1 5198 5198
0 0 3574
1 4202 4202
-1
-1
0 0 10211
-1
-1
-1
0 0 1815
0 0 16294
1 16307 16307
1 3735 3735
0 0 12385
1 3159 3159
-1
1 6221 6221
0 0 4840
-1
-1
-1
-1
0 0 10137
-1
-1
0 0 2451
1 419 419
0 0 12156
0 0 9746
0 0 11273
-1
0 0 1900
-1
-1
0 0 4
0 0 5036
-1
0 0 7364
-1
0 0 8971
-1
-1
0 0 11174
-1
1 30696 30696
0 0 15834
1 11980 11980
0 0 8325
0 0 182
-1
-1
-1
0 0 12773
0 0 4643
-1
-1
-1
1 12690 12690
-1
0 0 14690
1 8230 8230
1 3122 3122
-1
1 19791 19791
1 22813 22813
0 0 9459
0 0 4929
-1
0 0 11505
-1
0 0 8381
1 11875 11875
1 29861 29861
1 1556 1556
1 20407 20407
0 0 2991
1 26408 26408
-1
0 0 6906
1 4783 4783
0 0 1441
-1
0 0 15778
-1
-1
0 0 13588
0 0 14535
-1
-1
0 0 6335
0 0 5892
0 0 571
-1
1 31195 31195
-1
0 0 12825
1 17191 17191
-1
0 0 4363
-1
1 7312 7312
-1
0 0 14497
-1
-1
-1
0 0 11110
-1
0 0 8011
0 0 11787
1 14352 14352
0 0 1136
1 16401 16401
-1
1 8384 8384
1 30650 30650
0 0 16091
0 0 5473
-1
-1
1 5542 5542
-1
1 14795 14795
0 0 2599
-1
-1
1 15789 15789
-1
1 21832 21832
1 12837 12837
0 0 10371
-1
0 0 12686
1 4584 4584
1 24239 24239
0 0 601
-1
-1
1 6861 6861
0 0 910
0 0 4155
1 18949 18949
1 2911 2911
1 11233 11233
-1
1 14155 14155
-1
0 0 3436
-1
1 27221 27221
-1
0 0 680
1 13843 13843
0 0 9069
1 4506 4506
-1
0 0 8129
-1
-1
1 31809 31809
-1
-1
0 0 10441
-1
-1
1 1680 1680
1 20478 20478
0 0 4507
1 17321 17321
0 0 9955
1 2553 2553
0 0 6226
-1
0 0 7694
-1
-1
-1
1 5637 5637
1 31079 31079
-1
-1
1 27937 27937
0 0 14279
1 28522 28522
-1
0 0 14949
1 17332 17332
-1
0 0 11936
1 9869 9869
-1
-1
0 0 11624
-1
0 0 252
0 0 7832
0 0 618
0 0 11336
-1
-1
-1
0 0 10679
1 21137 21137
1 4337 4337
-1
1 26271 26271
-1
-1
0 0 867
0 0 16152
1 26899 26899
-1
0 0 11225
0 0 7091
0 0 821
1 6881 6881
-1
-1
-1
1 31542 31542
0 0 2439
0 0 8813
0 0 10804
0 0 3202
-1
0 0 10514
0 0 61
0 0 29
-1
0 0 5653
0 0 2979
0 0 12314
1 8112 8112
1 6585 6585
1 25299 25299
0 0 1057
-1
-1
-1
-1
0 0 9976
-1
0 0 14077
0 0 5208
1 16260 16260
0 0 1715
-1
0 0 4091
1 14470 14470
1 13422 13422
1 12233 12233
1 1570 1570
-1
1 498 498
0 0 11153
-1
1 15287 15287
-1
0 0 5548
-1
1 20745 20745
0 0 13007
-1
-1
-1
-1
0 0 13440
1 14043 14043
-1
1 30173 30173
1 411 411
1 23779 23779
0 0 6569
1 7129 7129
-1
1 12195 12195
0 0 2730
0 0 14767
0 0 11894
-1
-1
0 0 12113
-1
-1
1 4053 4053
-1
1 10032 10032
1 31870 31870
-1
-1
1 8401 8401
1 31280 31280
-1
-1
0 0 15502
1 21544 21544
0 0 14633
0 0 11416
1 21339 21339
-1
0 0 10890
0 0 397
0 0 7253
-1
1 16684 16684
0 0 9452
1 28795 28795
-1
-1
-1
1 10515 10515
-1
1 20897 20897
1 24599 24599
0 0 14341
0 0 11573
1 6992 6992
1 27004 27004
-1
1 25951 25951
1 18938 18938
-1
1 16164 16164
-1
0 0 11485
0 0 11656
-1
0 0 942
1 29120 29120
-1
-1
1 31449 31449
0 0 8807
1 6592 6592
1 1644 1644
0 0 15450
1 16829 16829
0 0 14628
1 10900 10900
-1
0 0 2555
1 16442 16442
1 21372 21372
-1
-1
-1
-1
-1
-1
1 31855 31855
0 0 9250
-1
-1
-1
1 9363 9363
-1
0 0 7473
-1
1 10110 10110
-1
-1
-1
0 0 9927
-1
1 11960 11960
1 11792 11792
-1
1 15440 15440
1 16197 16197
0 0 14516
0 0 14708
1 28410 28410
1 24902 24902
0 0 14286
1 17001 17001
-1
0 0 1004
1 22981 22981
0 0 15165
-1
1 6067 6067
1 32555 32555
1 17868 17868
-1
-1
-1
0 0 6062
0 0 9031
1 12521 12521
0 0 11636
0 0 12674
-1
0 0 8200
-1
0 0 15605
0 0 12150
1 13585 13585
1 29768 29768
-1
1 28345 28345
1 1028 1028
1 25468 25468
1 18361 18361
-1
1 26004 26004
-1
0 0 3596
1 19027 19027
-1
1 27261 27261
-1
1 14512 14512
1 19739 19739
1 17904 17904
1 27046 27046
0 0 4039
0 0 16358
0 0 5625
1 32195 32195
-1
1 20367 20367
0 0 6317
1 21613 21613
-1
0 0 8633
-1
1 17264 17264
0 0 8911
-1
0 0 12373
-1
-1
0 0 3357
0 0 4703
-1
0 0 16271
1 21282 21282
1 30097 30097
1 18123 18123
-1
-1
-1
0 0 6795
-1
0 0 13609
0 0 12927
1 27156 27156
1 25508 25508
1 13975 13975
0 0 1459
-1
1 1369 1369
1 26773 26773
1 1829 1829
1 506 506
1 1944 1944
0 0 2302
0 0 3632
0 0 11312
-1
0 0 12296
1 10102 10102
-1
0 0 122
-1
-1
1 20426 20426
1 17233 17233
0 0 3607
1 5280 5280
-1
0 0 732
-1
1 4339 4339
1 21782 21782
1 20398 20398
0 0 6349
1 12439 12439
1 15701 15701
1 25383 25383
1 26168 26168
1 7277 7277
0 0 3887
-1
1 3641 3641
1 138 138
0 0 6389
-1
0 0 13046
1 8373 8373
-1
-1
0 0 1179
0 0 7797
-1
0 0 6306
0 0 4614
-1
1 16267 16267
1 23192 23192
1 29435 29435
0 0 12468
1 26683 26683
0 0 8283
1 5025 5025
1 16175 16175
1 7648 7648
-1
0 0 4760
1 15608 15608
0 0 3284
0 0 811
-1
-1
1 27926 27926
1 20472 20472
-1
0 0 227
1 27261 27261
0 0 6610
-1
-1
0 0 11971
1 3922 3922
0 0 11238
1 21832 21832
0 0 2519
-1
1 27689 27689
-1
-1
0 0 6810
0 0 9443
0 0 12309
0 0 13755
1 28563 28563
0 0 13426
1 31341 31341
-1
-1
1 1877 1877
1 24162 24162
1 30033 30033
0 0 15034
-1
0 0 534
1 30825 30825
0 0 7467
-1
1 12062 12062
0 0 14585
0 0 14532
1 18181 18181
0 0 288
-1
-1
-1
-1
0 0 14252
-1
1 11965 11965
0 0 7005
1 28096 28096
-1
1 21202 21202
-1
1 22711 22711
1 10892 10892
-1
-1
-1
0 0 7601
1 23114 23114
-1
1 1675 1675
0 0 3167
-1
-1
1 7830 7830
0 0 5173
1 16739 16739
1 27854 27854
0 0 10054
0 0 16339
1 2220 2220
0 0 7164
-1
-1
0 0 5923
0 0 4063
0 0 2522
1 520 520
1 13831 13831
1 11188 11188
1 26803 26803
0 0 6839
-1
0 0 8781
0 0 11037
0 0 9457
0 0 3425
-1
0 0 7617
1 19816 19816
-1
1 29011 29011
-1
-1
1 27173 27173
1 17712 17712
-1
0 0 5434
1 20485 20485
0 0 12171
1 18057 18057
-1
1 14522 14522
0 0 8360
0 0 16272
-1
1 15017 15017
0 0 15660
-1
1 8975 8975
1 3145 3145
1 22879 22879
0 0 12785
1 31626 31626
-1
0 0 14692
1 19009 19009
0 0 13035
1 27612 27612
-1
0 0 6909
0 0 12490
1 7073 7073
1 19289 19289
1 25275 25275
0 0 11885
-1
0 0 2789
1 29827 29827
-1
0 0 834
1 27193 27193
-1
1 11679 11679
0 0 10423
0 0 13637
0 0 4587
1 22540 22540
0 0 15038
1 10459 10459
-1
1 29922 29922
1 31682 31682
0 0 11774
1 23947 23947
-1
-1
0 0 12792
1 23307 23307
0 0 11091
1 6845 6845
1 7792 7792
-1
1 14373 14373
-1
1 2920 2920
0 0 11543
-1
-1
-1
1 8387 8387
1 27496 27496
1 30502 30502
1 12917 12917
1 25005 25005
-1
-1
-1
-1
0 0 1523
1 16638 16638
0 0 4035
1 21372 21372
0 0 8161
-1
0 0 2021
0 0 2552
-1
-1
-1
0 0 14187
-1
1 421 421
0 0 6458
0 0 9381
1 20827 20827
-1
1 17857 17857
0 0 12315
-1
1 18476 18476
0 0 8763
0 0 12398
1 2770 2770
-1
1 7178 7178
1 20819 20819
1 32651 32651
0 0 13032
-1
-1
0 0 15684
1 16239 16239
0 0 2382
1 31014 31014
1 3057 3057
0 0 1965
-1
-1
-1
0 0 10302
-1
0 0 5620
0 0 11248
-1
0 0 3708
1 16036 16036
1 28023 28023
0 0 12795
0 0 10065
0 0 13705
1 6297 6297
-1
0 0 11651
-1
-1
1 4036 4036
1 19256 19256
1 30045 30045
-1
-1
-1
0 0 13052
-1
1 21264 21264
-1
0 0 11105
-1
-1
-1
0 0 14326
0 0 12520
1 9795 9795
-1
0 0 15421
0 0 11364
1 8331 8331
-1
-1
0 0 1627
-1
-1
1 12544 12544
0 0 281
1 3066 3066
0 0 179
0 0 10962
0 0 3170
1 7234 7234
1 9280 9280
1 21514 21514
0 0 7094
-1
-1
0 0 11885
-1
-1
1 32515 32515
0 0 8521
-1
1 17104 17104
1 11482 11482
-1
0 0 4107
0 0 1796
1 23369 23369
1 31442 31442
0 0 1991
1 19721 19721
1 26248 26248
-1
1 28509 28509
0 0 6482
-1
1 10305 10305
0 0 15581
-1
1 29657 29657
1 1745 1745
1 26574 26574
-1
1 19296 19296
1 13210 13210
0 0 3868
-1
0 0 464
-1
-1
-1
1 8404 8404
-1
1 2762 2762
0 0 9486
0 0 8182
-1
0 0 10745
1 14861 14861
0 0 3463
0 0 3222
-1
0 0 3399
0 0 12040
-1
1 5544 5544
1 23828 23828
0 0 9600
1 1814 1814
1 26478 26478
-1
0 0 5966
0 0 8812
-1
-1
1 9434 9434
0 0 3367
1 5954 5954
0 0 7348
1 11617 11617
1 20832 20832
-1
1 9101 9101
1 4110 4110
0 0 12006
0 0 5974
-1
-1
-1
0 0 14034
-1
0 0 15270
1 31177 31177
0 0 8152
1 9051 9051
1 23835 23835
1 28280 28280
-1
-1
1 22663 22663
-1
-1
0 0 9006
1 28145 28145
1 11771 11771
1 10048 10048
0 0 11963
1 21741 21741
0 0 10034
1 6857 6857
-1
1 3268 3268
0 0 13761
1 32251 32251
0 0 12597
-1
-1
1 15645 15645
0 0 5007
-1
-1
0 0 3765
0 0 13290
0 0 6690
-1
-1
1 16815 16815
1 4070 4070
0 0 15397
0 0 14103
0 0 431
0 0 3307
1 5241 5241
0 0 815
1 7596 7596
0 0 5899
1 8313 8313
0 0 15380
1 25586 25586
0 0 8173
1 22046 22046
-1
-1
0 0 14084
-1
0 0 14653
-1
0 0 13279
1 31954 31954
0 0 7981
-1
-1
1 8750 8750
0 0 10691
0 0 1803
0 0 11035
1 23245 23245
1 10826 10826
-1
0 0 12633
0 0 4627
1 24809 24809
1 17339 17339
-1
1 28552 28552
1 18459 18459
0 0 16041
1 11086 11086
1 14994 14994
1 16263 16263
1 13964 13964
1 2528 2528
-1
1 25166 25166
0 0 4155
0 0 11959
1 18125 18125
-1
-1
0 0 15450
0 0 16049
0 0 15699
-1
-1
0 0 16310
0 0 8219
1 16793 16793
0 0 4272
-1
1 23074 23074
0 0 13302
0 0 224
0 0 39
1 6218 6218
1 4071 4071
-1
1 2857 2857
0 0 4226
1 3985 3985
0 0 12523
0 0 11587
1 19867 19867
0 0 5059
0 0 2975
1 14716 14716
0 0 11110
1 4980 4980
0 0 5018
-1
1 20812 20812
0 0 13647
0 0 5130
1 20901 20901
1 31294 31294
-1
1 15597 15597
0 0 1236
0 0 10718
-1
0 0 3330
1 20446 20446
1 4439 4439
-1
-1
1 23297 23297
1 21647 21647
0 0 5393
-1
0 0 11983
1 14682 14682
-1
-1
-1
-1
0 0 9359
-1
-1
-1
1 12249 12249
0 0 11214
-1
-1
1 30905 30905
1 27164 27164
0 0 2030
1 1379 1379
-1
0 0 5939
-1
0 0 7980
0 0 11437
-1
-1
-1
1 24390 24390
-1
0 0 8511
1 5626 5626
-1
1 31220 31220
-1
-1
0 0 6761
1 11226 11226
1 25858 25858
1 16098 16098
1 28054 28054
0 0 9860
0 0 15155
0 0 7489
-1
0 0 7538
1 26367 26367
0 0 12824
0 0 10273
0 0 14727
-1
1 9301 9301
0 0 7075
1 18386 18386
0 0 12039
1 28745 28745
0 0 12557
1 25782 25782
1 2812 2812
0 0 7020
1 29438 29438
1 8946 8946
-1
-1
0 0 2274
0 0 5881
1 16386 16386
0 0 1191
-1
1 30679 30679
0 0 9732
-1
1 10029 10029
-1
1 15889 15889
-1
0 0 1772
1 23888 23888
0 0 13363
1 10700 10700
-1
-1
1 25379 25379
0 0 4010
-1
0 0 12983
-1
1 6606 6606
0 0 8332
-1
0 0 13624
-1
0 0 15582
1 11653 11653
1 12510 12510
1 26943 26943
-1
1 20282 20282
1 31857 31857
-1
-1
-1
-1
1 19965 19965
1 18468 18468
0 0 411
-1
-1
1 1012 1012
1 2843 2843
0 0 10524
-1
1 9380 9380
1 27309 27309
1 25779 25779
1 32418 32418
0 0 11270
1 9085 9085
0 0 2224
-1
-1
0 0 11303
1 15911 15911
-1
0 0 1762
0 0 4301
-1
1 15257 15257
1 3238 3238
0 0 6405
1 18611 18611
-1
1 10340 10340
0 0 9601
0 0 6771
1 12635 12635
1 25274 25274
1 276 276
1 16144 16144
-1
1 3190 3190
1 20616 20616
1 4790 4790
0 0 10056
0 0 4861
0 0 237
-1
0 0 1342
1 4034 4034
-1
0 0 4386
1 21658 21658
0 0 1386
-1
-1
-1
1 2385 2385
0 0 5559
1 15721 15721
0 0 2572
1 20205 20205
1 27301 27301
0 0 11652
0 0 13721
0 0 12470
-1
1 13119 13119
-1
1 18735 18735
0 0 11749
0 0 8818
0 0 10725
0 0 4303
0 0 15595
0 0 11279
1 11835 11835
0 0 15585
-1
-1
1 19236 19236
0 0 599
0 0 6390
1 5537 5537
0 0 816
0 0 3336
1 5835 5835
-1
0 0 8862
1 1702 1702
-1
1 31391 31391
0 0 6527
1 11459 11459
1 19784 19784
0 0 5336
1 19800 19800
0 0 14951
-1
-1
1 16630 16630
-1
-1
-1
-1
0 0 16088
1 4934 4934
-1
0 0 5685
0 0 284
1 27698 27698
1 5144 5144
0 0 1132
0 0 8329
0 0 15719
1 10682 10682
0 0 14429
-1
0 0 8800
0 0 6320
1 22271 22271
-1
-1
-1
1 6280 6280
1 10345 10345
-1
-1
1 2220 2220
0 0 1635
-1
-1
1 19892 19892
1 694 694
1 30915 30915
0 0 7482
0 0 1711
-1
-1
1 27314 27314
-1
0 0 12494
1 26587 26587
0 0 4986
1 19418 19418
1 3887 3887
1 21793 21793
0 0 11879
1 1003 1003
-1
1 16941 16941
0 0 10834
1 12830 12830
0 0 6099
1 17911 17911
0 0 5399
-1
0 0 527
0 0 4309
-1
-1
0 0 2507
1 13609 13609
-1
0 0 6579
0 0 7460
-1
1 30387 30387
0 0 6434
-1
-1
1 21597 21597
1 17753 17753
1 31282 31282
-1
-1
1 23657 23657
0 0 15521
1 7461 7461
1 27934 27934
1 28720 28720
1 3138 3138
0 0 10666
0 0 13749
0 0 14189
-1
1 24913 24913
0 0 15491
0 0 15430
-1
-1
-1
0 0 13805
1 13180 13180
1 23198 23198
0 0 3480
-1
0 0 861
1 31777 31777
0 0 10442
0 0 7796
0 0 8422
-1
0 0 15865
0 0 12364
-1
0 0 6324
0 0 15204
0 0 8547
1 18828 18828
-1
1 22761 22761
0 0 4837
1 17915 17915
0 0 15930
0 0 3579
0 0 12986
0 0 11617
0 0 6102
1 5354 5354
0 0 6595
0 0 4698
1 20786 20786
1 15507 15507
1 9269 9269
1 22202 22202
-1
0 0 9224
0 0 1366
-1
1 18133 18133
1 4440 4440
-1
1 32762 32762
0 0 1960
1 20404 20404
1 7005 7005
1 8169 8169
1 10190 10190
1 8256 8256
-1
0 0 1319
1 10049 10049
-1
-1
0 0 13306
0 0 230
1 19588 19588
-1
0 0 5470
0 0 11941
1 3097 3097
1 13861 13861
0 0 5900
-1
1 26267 26267
1 22205 22205
0 0 5063
1 20987 20987
0 0 13030
1 23742 23742
0 0 13214
0 0 1009
0 0 7712
0 0 4659
0 0 13351
1 20773 20773
-1
0 0 2803
-1
1 12188 12188
1 10347 10347
1 29159 29159
0 0 739
0 0 12524
1 31728 31728
1 28160 28160
1 25708 25708
0 0 13264
1 9045 9045
0 0 4256
1 23036 23036
1 22120 22120
1 11475 11475
1 16554 16554
0 0 4165
-1
0 0 10555
-1
1 4155 4155
0 0 11826
-1
-1
-1
-1
0 0 3141
0 0 6368
0 0 6789
1 3228 3228
-1
0 0 6203
1 1372 1372
1 15636 15636
0 0 4804
-1
0 0 8987
0 0 15761
0 0 14294
1 8474 8474
0 0 14034
1 29228 29228
1 1705 1705
1 22257 22257
-1
0 0 9124
-1
0 0 10665
1 32331 32331
-1
1 13926 13926
-1
0 0 7551
0 0 5582
-1
1 7939 7939
1 13883 13883
1 15883 15883
-1
0 0 748
-1
-1
0 0 12605
1 2890 2890
1 15773 15773
-1
0 0 14060
1 6972 6972
0 0 2798
-1
-1
-1
1 30170 30170
1 9649 9649
0 0 3680
1 10112 10112
1 32595 32595
0 0 3604
0 0 12788
1 11874 11874
0 0 1229
1 18864 18864
-1
0 0 3827
1 4634 4634
1 31720 31720
0 0 10577
-1
0 0 15972
-1
-1
1 6383 6383
1 9401 9401
-1
-1
-1
1 15501 15501
0 0 15615
1 6045 6045
-1
0 0 16254
0 0 15716
1 4823 4823
1 22158 22158
0 0 6056
0 0 9015
0 0 9710
0 0 5526
1 27113 27113
1 331 331
1 22213 22213
0 0 10507
1 17595 17595
0 0 6899
-1
0 0 9681
-1
-1
0 0 12581
-1
0 0 731
1 16536 16536
1 21567 21567
1 9025 9025
-1
-1
-1
1 17090 17090
1 9324 9324
0 0 10489
-1
1 199 199
1 19409 19409
0 0 11474
0 0 16226
0 0 15540
0 0 1570
0 0 11347
0 0 7453
0 0 7450
-1
1 25326 25326
-1
1 32432 32432
1 29162 29162
-1
-1
-1
0 0 5930
0 0 10329
0 0 15623
1 378 378
0 0 12705
0 0 14482
1 13462 13462
0 0 3720
1 8452 8452
0 0 14306
1 967 967
1 8167 8167
0 0 11197
-1
-1
1 9920 9920
-1
-1
1 14831 14831
1 30552 30552
1 16121 16121
1 8343 8343
0 0 9997
1 27868 27868
0 0 14614
1 27986 27986
0 0 14639
0 0 6711
0 0 2484
0 0 8216
1 29668 29668
1 22950 22950
1 2037 2037
0 0 1752
1 30766 30766
-1
1 26543 26543
1 12681 12681
0 0 13000
-1
1 3461 3461
1 801 801
-1
0 0 7976
1 30713 30713
0 0 7434
-1
1 25735 25735
0 0 15569
1 8883 8883
-1
0 0 8270
0 0 7382
1 8834 8834
1 11712 11712
0 0 3504
0 0 556
0 0 1628
1 30620 30620
-1
0 0 13754
0 0 9057
0 0 3833
1 19051 19051
1 14061 14061
0 0 7776
0 0 15732
1 19 19
0 0 4765
1 9736 9736
0 0 5816
0 0 20
0 0 15862
1 6559 6559
-1
-1
0 0 13331
-1
0 0 1303
0 0 301
1 12062 12062
-1
0 0 11130
-1
1 11936 11936
0 0 4434
1 16232 16232
1 24065 24065
-1
-1
-1
0 0 15918
1 31826 31826
0 0 16207
0 0 8907
1 30557 30557
0 0 12990
1 23074 23074
0 0 12351
1 26831 26831
-1
1 13024 13024
0 0 2360
1 6640 6640
1 26235 26235
0 0 16319
1 21593 21593
1 32754 32754
0 0 9505
0 0 12141
-1
0 0 1085
-1
-1
-1
-1
1 4114 4114
-1
0 0 5289
-1
1 2053 2053
0 0 15811
1 14392 14392
1 20234 20234
-1
0 0 7681
-1
0 0 1118
0 0 16113
0 0 4362
1 18223 18223
-1
0 0 10839
1 31825 31825
1 23254 23254
1 1077 1077
-1
-1
-1
1 9131 9131
-1
1 29341 29341
-1
-1
1 19066 19066
1 21593 21593
-1
1 746 746
0 0 2081
1 28311 28311
-1
0 0 8269
0 0 14083
1 25457 25457
0 0 10252
-1
0 0 2236
-1
-1
0 0 13157
0 0 5424
0 0 2156
-1
0 0 12084
1 11032 11032
0 0 13134
0 0 1647
0 0 15259
-1
0 0 5425
-1
0 0 1237
1 11592 11592
1 25160 25160
1 12693 12693
1 11941 11941
0 0 621
1 14621 14621
-1
0 0 11777
-1
1 742 742
0 0 12153
0 0 10377
-1
0 0 2221
1 24578 24578
0 0 10635
1 23107 23107
-1
0 0 1593
-1
1 21813 21813
0 0 12631
-1
1 19396 19396
0 0 464
1 5631 5631
0 0 14180
-1
0 0 2761
1 18405 18405
1 13552 13552
0 0 2326
0 0 6489
1 8732 8732
1 2035 2035
1 7982 7982
-1
-1
-1
0 0 14553
1 30180 30180
1 9839 9839
-1
-1
-1
-1
0 0 15132
0 0 8826
0 0 12910
-1
-1
-1
0 0 5200
1 5076 5076
0 0 14386
1 1494 1494
-1
-1
1 1752 1752
-1
1 14143 14143
0 0 13029
1 14243 14243
-1
-1
0 0 13100
0 0 9218
-1
1 1604 1604
-1
-1
-1
0 0 16361
0 0 11960
-1
1 10653 10653
-1
0 0 6170
1 24825 24825
-1
-1
-1
1 21028 21028
0 0 4032
1 3812 3812
-1
0 0 1281
-1
-1
0 0 2697
-1
1 30509 30509
-1
-1
1 11778 11778
0 0 9698
-1
0 0 4511
0 0 1028
0 0 12851
-1
1 28562 28562
0 0 13000
0 0 10728
-1
-1
0 0 4302
-1
0 0 9003
1 14755 14755
-1
0 0 9424
1 2174 2174
0 0 9059
-1
-1
0 0 6431
1 17684 17684
1 31740 31740
0 0 12428
1 4212 4212
-1
-1
1 16292 16292
-1
0 0 2523
1 17996 17996
0 0 16043
1 28044 28044
1 3343 3343
-1
1 2455 2455
1 18313 18313
0 0 12621
1 6926 6926
1 16574 16574
1 15662 15662
1 22239 22239
1 16474 16474
-1
1 28604 28604
1 14867 14867
-1
1 7407 7407
0 0 13058
0 0 1873
1 25636 25636
-1
0 0 15992
1 32174 32174
1 25744 25744
1 25290 25290
-1
-1
1 4695 4695
0 0 13580
0 0 215
1 31807 31807
1 28353 28353
1 21104 21104
0 0 5657
1 6152 6152
-1
-1
-1
0 0 16363
-1
-1
-1
1 25036 25036
-1
-1
0 0 277
1 24004 24004
0 0 13696
-1
0 0 1838
1 10696 10696
-1
-1
1 6457 6457
0 0 845
0 0 4352
0 0 14616
0 0 11886
-1
0 0 8377
0 0 5989
1 32375 32375
-1
-1
-1
1 28361 28361
0 0 15413
0 0 13093
0 0 8496
1 6827 6827
-1
-1
0 0 461
0 0 13763
1 4403 4403
1 20513 20513
-1
1 6110 6110
1 4342 4342
-1
0 0 13149
0 0 8673
1 27767 27767
0 0 14904
-1
1 29018 29018
-1
1 21131 21131
-1
-1
1 19304 19304
0 0 760
-1
-1
-1
-1
1 10289 10289
-1
1 8822 8822
0 0 590
0 0 4924
-1
0 0 13551
1 26350 26350
0 0 15621
1 29363 29363
-1
0 0 9941
0 0 12490
0 0 1421
0 0 16373
1 7591 7591
-1
1 2167 2167
1 27375 27375
-1
-1
1 12177 12177
0 0 7474
-1
-1
-1
-1
1 26131 26131
-1
0 0 1471
1 20256 20256
-1
0 0 5292
0 0 9313
1 19051 19051
-1
0 0 687
1 20906 20906
-1
1 2266 2266
1 32461 32461
0 0 3694
-1
-1
-1
0 0 15118
0 0 2927
0 0 14198
1 8475 8475
-1
-1
1 13578 13578
-1
-1
1 7619 7619
1 17906 17906
0 0 10897
1 8774 8774
0 0 9045
1 10264 10264
0 0 1639
-1
-1
-1
-1
-1
1 25737 25737
0 0 12940
1 10064 10064
-1
-1
-1
1 16934 16934
1 7239 7239
-1
-1
-1
-1
0 0 266
0 0 7229
0 0 14481
0 0 1127
0 0 5661
0 0 9098
-1
-1
1 17011 17011
0 0 679
1 15839 15839
1 808 808
1 817 817
0 0 10528
1 27894 27894
0 0 9745
1 8348 8348
-1
0 0 7356
-1
1 9488 9488
0 0 2530
1 5264 5264
-1
0 0 5071
-1
0 0 6698
-1
1 20618 20618
-1
0 0 42
1 23672 23672
0 0 5861
-1
1 19985 19985
-1
0 0 11207
0 0 11256
-1
-1
0 0 12890
0 0 6243
-1
0 0 11860
-1
0 0 5478
1 16537 16537
-1
1 26924 26924
1 21260 21260
1 18673 18673
0 0 4798
-1
1 29794 29794
1 5470 5470
-1
0 0 10656
0 0 14336
0 0 716
1 9176 9176
1 13839 13839
1 26092 26092
1 20174 20174
1 19537 19537
0 0 8994
1 11645 11645
1 14371 14371
0 0 4274
-1
1 7649 7649
1 10029 10029
-1
0 0 100
-1
1 31861 31861
-1
-1
1 14332 14332
1 16379 16379
1 4708 4708
1 27805 27805
-1
-1
0 0 10103
1 10842 10842
-1
0 0 6396
-1
-1
0 0 12588
0 0 4888
1 20608 20608
0 0 3270
-1
1 7462 7462
-1
1 14270 14270
1 13678 13678
1 28571 28571
0 0 2610
0 0 5225
0 0 1938
1 14534 14534
1 10436 10436
-1
-1
0 0 6504
-1
1 10077 10077
0 0 8199
-1
-1
-1
-1
1 6129 6129
-1
-1
-1
-1
1 558 558
1 5784 5784
1 17517 17517
-1
-1
0 0 8098
0 0 11216
0 0 461
1 10392 10392
1 11897 11897
-1
0 0 14940
-1
-1
-1
-1
1 17095 17095
1 22369 22369
-1
-1
-1
0 0 15844
1 18755 18755
-1
0 0 6177
0 0 2705
-1
-1
-1
1 31818 31818
-1
1 8085 8085
0 0 234
-1
-1
-1
0 0 15206
1 11125 11125
0 0 3039
1 23149 23149
-1
-1
0 0 5049
0 0 989
-1
1 3899 3899
-1
1 17600 17600
0 0 13648
-1
1 13494 13494
0 0 12147
0 0 4850
1 20686 20686
-1
1 14094 14094
-1
0 0 2395
-1
-1
1 19039 19039
-1
-1
1 16663 16663
1 15475 15475
1 15285 15285
1 4295 4295
1 1658 1658
0 0 2681
0 0 4399
1 31330 31330
1 14813 14813
-1
-1
-1
1 10467 10467
1 25413 25413
0 0 8830
1 17762 17762
1 20385 20385
0 0 9545
-1
1 631 631
-1
0 0 5664
0 0 1366
-1
-1
0 0 15327
0 0 15895
0 0 8504
-1
1 4110 4110
1 15582 15582
1 20348 20348
-1
1 31816 31816
1 29070 29070
0 0 7110
0 0 9075
0 0 13323
0 0 5152
1 9671 9671
0 0 15637
1 29753 29753
-1
0 0 2130
0 0 3128
-1
1 11465 11465
1 627 627
-1
1 19675 19675
1 11560 11560
1 12754 12754
-1
0 0 11358
-1
1 27191 27191
1 32183 32183
0 0 10843
-1
1 17516 17516
-1
0 0 10550
-1
-1
1 707 707
-1
0 0 4683
0 0 9095
0 0 9205
0 0 4413
1 350 350
-1
0 0 6602
-1
0 0 14712
0 0 3783
-1
1 12433 12433
-1
1 31254 31254
0 0 7221
0 0 3549
-1
1 8456 8456
-1
-1
1 32245 32245
1 13946 13946
0 0 4196
1 15062 15062
-1
1 12244 12244
0 0 11110
1 13241 13241
-1
0 0 11818
1 29549 29549
1 29848 29848
0 0 14473
-1
1 31170 31170
-1
0 0 6393
1 12252 12252
0 0 7981
1 12041 12041
-1
1 25348 25348
0 0 4572
1 12846 12846
-1
1 8845 8845
1 9939 9939
0 0 4281
-1
0 0 14125
1 15250 15250
1 11539 11539
0 0 8176
1 25376 25376
-1
0 0 12847
1 31319 31319
1 29415 29415
-1
0 0 2843
1 6034 6034
0 0 14022
0 0 7378
0 0 201
0 0 6559
1 22849 22849
0 0 1624
0 0 11008
-1
-1
0 0 6496
1 1052 1052
-1
1 28484 28484
1 32758 32758
0 0 12045
1 6882 6882
-1
1 1769 1769
1 2113 2113
1 16587 16587
0 0 15363
1 29986 29986
-1
1 30627 30627
-1
-1
0 0 9670
-1
1 15332 15332
0 0 4011
1 7202 7202
0 0 2298
0 0 7292
0 0 11988
1 15557 15557
-1
1 6260 6260
-1
0 0 14800
0 0 13637
0 0 13311
0 0 13440
0 0 1531
0 0 732
0 0 2120
-1
0 0 15178
0 0 2729
0 0 3962
1 236 236
-1
-1
1 23632 23632
0 0 14356
-1
1 18816 18816
0 0 6986
-1
1 10914 10914
-1
1 30990 30990
1 20163 20163
0 0 5086
1 29058 29058
0 0 10859
1 10170 10170
0 0 6199
1 18859 18859
1 14690 14690
0 0 11109
1 16770 16770
0 0 7558
0 0 15994
1 31072 31072
1 8407 8407
0 0 12222
0 0 10899
-1
1 32224 32224
1 9996 9996
1 8038 8038
1 32028 32028
1 25124 25124
-1
-1
1 31970 31970
1 29118 29118
-1
-1
1 13935 13935
-1
1 31852 31852
1 22690 22690
-1
-1
0 0 13628
0 0 2996
0 0 4108
0 0 4967
0 0 2869
1 14923 14923
1 11895 11895
1 12770 12770
-1
-1
1 15389 15389
0 0 11903
1 3268 3268
0 0 1444
0 0 6405
-1
1 9295 9295
1 10666 10666
1 9146 9146
-1
-1
0 0 14041
1 11154 11154
-1
1 3205 3205
1 5783 5783
-1
-1
1 12299 12299
0 0 9329
-1
-1
-1
-1
-1
0 0 5395
0 0 9454
1 22896 22896
-1
-1
-1
0 0 11253
-1
1 6831 6831
-1
-1
0 0 9902
-1
0 0 4269
0 0 14848
0 0 11906
-1
0 0 11573
1 5964 5964
1 19575 19575
1 14477 14477
0 0 790
0 0 374
1 18226 18226
0 0 3815
1 12683 12683
1 30733 30733
-1
-1
-1
-1
1 31935 31935
1 1206 1206
1 62 62
1 5392 5392
-1
-1
-1
1 10857 10857
1 31149 31149
1 29734 29734
0 0 10602
-1
0 0 7306
-1
-1
-1
-1
0 0 179
1 4318 4318
1 5250 5250
1 28625 28625
0 0 4993
-1
0 0 6803
1 15855 15855
0 0 4480
0 0 1686
-1
0 0 11860
1 31745 31745
-1
-1
0 0 6339
-1
1 5586 5586
0 0 5557
1 766 766
-1
1 31821 31821
-1
1 25857 25857
-1
0 0 527
0 0 4793
1 30064 30064
0 0 11793
0 0 5607
0 0 12532
0 0 13393
1 9729 9729
-1
0 0 8649
1 26081 26081
1 8153 8153
1 24330 24330
1 13187 13187
1 13290 13290
0 0 429
0 0 1943
0 0 1554
0 0 6840
0 0 4836
0 0 4279
0 0 4313
-1
0 0 5181
1 9943 9943
0 0 3424
-1
-1
0 0 214
-1
-1
-1
1 14825 14825
1 12353 12353
0 0 8537
-1
-1
-1
0 0 9658
-1
-1
0 0 8543
-1
0 0 6822
0 0 9055
0 0 8737
1 8546 8546
1 31003 31003
-1
-1
-1
0 0 12639
-1
-1
1 20795 20795
0 0 8983
1 3981 3981
