0 0 3012
1 32208 32208
1 16078 16078
-1
1 14824 14824
-1
-1
-1
0 0 3272
0 0 5513
1 27859 27859
-1
-1
0 0 162
-1
0 0 3768
0 0 5206
0 0 6288
0 0 6923
1 12631 12631
0 0 1540
1 17438 17438
-1
1 21893 21893
0 0 706
1 32233 32233
0 0 12298
1 7540 7540
-1
1 20707 20707
1 16476 16476
-1
-1
0 0 4431
0 0 14016
-1
0 0 3270
-1
-1
-1
-1
0 0 12761
-1
1 29120 29120
1 12977 12977
-1
0 0 5773
-1
-1
1 18644 18644
0 0 10218
0 0 2136
-1
0 0 12690
0 0 8880
1 727 727
0 0 2454
-1
0 0 13877
1 10431 10431
1 13550 13550
0 0 14370
1 27638 27638
0 0 11064
0 0 4395
-1
1 7127 7127
1 14188 14188
-1
-1
0 0 7835
-1
-1
0 0 12061
0 0 393
0 0 6332
0 0 14240
0 0 10124
0 0 13661
1 18251 18251
0 0 7925
-1
0 0 12841
1 4839 4839
-1
1 28206 28206
0 0 9644
1 142 142
0 0 2866
0 0 6149
0 0 6026
-1
-1
0 0 3164
1 27436 27436
0 0 1509
-1
0 0 4740
-1
0 0 20
-1
-1
1 7053 7053
-1
0 0 4133
-1
1 318 318
-1
-1
-1
1 789 789
-1
0 0 12964
0 0 10163
-1
-1
-1
0 0 2236
0 0 5838
0 0 10101
1 4461 4461
0 0 3508
0 0 12073
1 22620 22620
1 9099 9099
0 0 9022
0 0 3614
0 0 2541
-1
1 2852 2852
0 0 10294
1 18468 18468
1 18788 18788
0 0 2756
0 0 10919
1 22506 22506
1 27666 27666
0 0 5380
0 0 16270
0 0 1834
0 0 11138
1 22961 22961
-1
-1
1 30757 30757
-1
1 22173 22173
0 0 4214
1 23156 23156
1 14659 14659
1 14955 14955
-1
-1
1 17233 17233
-1
0 0 1687
1 13052 13052
0 0 6889
0 0 3764
1 32479 32479
1 1303 1303
0 0 4716
0 0 4502
-1
1 8485 8485
-1
-1
0 0 13787
-1
1 9165 9165
1 4848 4848
-1
-1
-1
1 31996 31996
-1
1 10433 10433
1 31712 31712
0 0 8307
1 7483 7483
0 0 864
1 4560 4560
1 5 5
-1
0 0 7157
1 15362 15362
-1
-1
1 30084 30084
-1
-1
-1
1 11115 11115
-1
0 0 1864
0 0 15208
-1
1 25010 25010
-1
-1
0 0 12215
0 0 6205
-1
-1
1 22181 22181
-1
1 6921 6921
0 0 15871
-1
-1
0 0 8057
1 7527 7527
-1
0 0 942
-1
1 24670 24670
0 0 5103
1 22973 22973
-1
-1
1 21860 21860
0 0 1304
-1
-1
0 0 10607
0 0 8710
-1
0 0 1793
1 14813 14813
-1
0 0 6859
1 20318 20318
0 0 1474
-1
1 5487 5487
-1
-1
0 0 4339
1 3281 3281
0 0 9408
0 0 13852
0 0 14366
1 14082 14082
0 0 7384
-1
-1
0 0 5966
-1
0 0 3154
-1
1 22026 22026
-1
-1
1 10170 10170
-1
1 29741 29741
1 19889 19889
0 0 10502
0 0 1056
1 1395 1395
1 12116 12116
0 0 3376
1 11140 11140
1 8122 8122
0 0 14532
-1
1 28827 28827
1 25768 25768
-1
-1
1 20628 20628
1 2775 2775
1 9106 9106
-1
-1
1 19030 19030
1 20818 20818
0 0 7486
0 0 14860
0 0 3219
1 19576 19576
0 0 2726
-1
-1
0 0 11029
0 0 15338
1 24616 24616
-1
1 11811 11811
0 0 4690
-1
1 21856 21856
-1
0 0 772
-1
-1
1 29627 29627
-1
1 15035 15035
0 0 383
0 0 16154
1 300 300
-1
-1
1 16811 16811
1 20096 20096
0 0 14102
1 26521 26521
1 11836 11836
-1
0 0 5551
0 0 10321
0 0 8909
1 7075 7075
-1
1 370 370
1 2959 2959
1 30400 30400
-1
-1
1 18036 18036
1 8216 8216
0 0 14270
-1
0 0 2012
1 8595 8595
-1
-1
-1
1 30030 30030
-1
-1
-1
1 14872 14872
-1
1 27141 27141
-1
0 0 7163
1 14790 14790
0 0 13533
0 0 15478
0 0 6736
0 0 4441
1 23170 23170
-1
-1
0 0 11023
0 0 9226
-1
0 0 12382
-1
1 11546 11546
0 0 5234
-1
1 29648 29648
1 8113 8113
-1
-1
1 5715 5715
-1
0 0 2776
1 12362 12362
-1
1 19026 19026
0 0 31
0 0 6683
1 13890 13890
0 0 5166
0 0 7566
-1
1 6243 6243
1 26872 26872
0 0 1490
1 21237 21237
0 0 13352
0 0 7044
-1
-1
0 0 1403
1 29668 29668
0 0 14800
1 12811 12811
1 21910 21910
-1
1 10163 10163
-1
-1
-1
-1
-1
-1
0 0 1007
1 14833 14833
-1
1 20813 20813
1 17360 17360
-1
1 3013 3013
1 12402 12402
-1
-1
1 21713 21713
1 12355 12355
-1
0 0 82
0 0 11237
0 0 9532
0 0 4922
0 0 5040
-1
-1
0 0 5776
0 0 7525
0 0 4981
-1
-1
0 0 10897
-1
0 0 7824
0 0 6012
0 0 6105
0 0 9980
-1
1 27860 27860
1 866 866
1 16318 16318
1 13753 13753
0 0 2926
0 0 7314
1 7429 7429
-1
-1
-1
0 0 10329
-1
0 0 16358
0 0 6421
0 0 14256
0 0 11190
0 0 5250
1 19520 19520
1 23512 23512
1 26975 26975
0 0 11781
0 0 903
0 0 7630
-1
0 0 12339
0 0 440
-1
1 20125 20125
1 1303 1303
0 0 8874
1 9096 9096
-1
0 0 3719
0 0 2593
0 0 7771
-1
0 0 9690
0 0 5606
0 0 539
1 16068 16068
-1
0 0 7695
1 12431 12431
-1
0 0 1009
1 14969 14969
0 0 764
-1
-1
0 0 215
-1
-1
-1
-1
1 11358 11358
-1
0 0 4960
1 17629 17629
1 8911 8911
1 28925 28925
1 17716 17716
1 30431 30431
-1
-1
0 0 15464
1 20177 20177
1 25303 25303
1 28524 28524
1 10906 10906
0 0 15732
0 0 3788
1 3942 3942
-1
1 25075 25075
1 14501 14501
0 0 1787
-1
1 29647 29647
0 0 9192
0 0 13659
0 0 5195
0 0 9463
1 29994 29994
1 3349 3349
0 0 15859
-1
1 30065 30065
-1
0 0 359
-1
0 0 9804
-1
0 0 5062
0 0 8008
0 0 12581
1 26637 26637
1 8277 8277
0 0 10919
-1
-1
0 0 7654
-1
-1
1 9219 9219
1 32141 32141
-1
0 0 13977
-1
1 2725 2725
1 30827 30827
0 0 4245
-1
1 26134 26134
-1
1 7937 7937
0 0 9286
1 32087 32087
0 0 14448
1 21270 21270
0 0 11106
0 0 617
1 2581 2581
-1
-1
-1
-1
1 9213 9213
0 0 15232
1 29664 29664
0 0 1278
0 0 7626
-1
0 0 9158
0 0 3013
1 6130 6130
1 15068 15068
1 19620 19620
1 13147 13147
1 4731 4731
1 15700 15700
1 30163 30163
0 0 4423
-1
0 0 2583
1 14268 14268
0 0 11756
-1
0 0 5132
1 5494 5494
1 30720 30720
0 0 8389
0 0 13577
1 32011 32011
0 0 14640
1 14392 14392
1 15346 15346
0 0 14844
-1
-1
1 10463 10463
-1
0 0 1932
-1
-1
0 0 11021
1 14733 14733
-1
1 21039 21039
0 0 6407
1 877 877
1 11452 11452
1 20488 20488
0 0 1006
-1
1 2916 2916
1 3291 3291
0 0 12003
1 27141 27141
0 0 2341
1 8695 8695
1 27778 27778
0 0 3003
1 32018 32018
0 0 6782
0 0 15836
0 0 7013
-1
-1
0 0 1861
0 0 4231
0 0 13475
-1
1 24582 24582
0 0 9074
0 0 13819
0 0 10908
0 0 6106
1 24839 24839
-1
-1
-1
0 0 14431
0 0 27
1 10175 10175
1 22789 22789
0 0 2102
0 0 6753
0 0 8937
-1
-1
0 0 8735
-1
1 27323 27323
-1
-1
-1
-1
-1
-1
1 13551 13551
-1
1 2012 2012
1 17757 17757
1 28255 28255
1 31009 31009
0 0 10704
1 28582 28582
-1
-1
-1
-1
1 15177 15177
-1
1 28048 28048
0 0 2197
1 27321 27321
0 0 8389
-1
-1
-1
1 26637 26637
0 0 3590
0 0 15196
1 32173 32173
1 14434 14434
1 2154 2154
0 0 1578
-1
1 3445 3445
-1
-1
0 0 16369
0 0 8914
-1
-1
-1
1 16193 16193
1 6027 6027
0 0 2815
-1
-1
-1
1 499 499
0 0 9415
1 2770 2770
-1
0 0 4587
0 0 16283
0 0 11478
0 0 1971
1 3393 3393
0 0 14546
0 0 1635
0 0 563
1 15871 15871
1 3078 3078
-1
0 0 14131
1 6287 6287
0 0 10477
0 0 129
1 9028 9028
0 0 4947
1 18298 18298
0 0 2390
-1
1 11694 11694
-1
1 21159 21159
1 13541 13541
1 4929 4929
-1
-1
1 7874 7874
0 0 2263
1 20815 20815
-1
1 7856 7856
1 15485 15485
1 2935 2935
-1
1 32494 32494
1 21731 21731
1 16638 16638
0 0 883
-1
0 0 14118
1 3505 3505
0 0 4475
0 0 2781
0 0 12653
0 0 5336
1 15366 15366
-1
0 0 3056
1 20980 20980
-1
0 0 7896
-1
1 195 195
1 5009 5009
-1
0 0 11734
1 30266 30266
-1
1 17049 17049
0 0 6862
0 0 2149
1 21736 21736
-1
0 0 4014
1 30139 30139
-1
0 0 14526
1 10694 10694
0 0 1233
0 0 11094
0 0 8068
-1
0 0 7288
0 0 10290
-1
1 26488 26488
-1
1 3775 3775
1 29042 29042
0 0 14010
-1
0 0 13435
-1
0 0 2370
0 0 10162
1 8769 8769
0 0 8819
1 9088 9088
1 11930 11930
-1
-1
-1
1 1602 1602
-1
1 10445 10445
1 20661 20661
-1
-1
-1
-1
-1
1 15447 15447
0 0 10984
-1
1 1026 1026
-1
-1
0 0 12627
-1
-1
0 0 12012
0 0 9681
-1
0 0 4444
1 13294 13294
1 14913 14913
1 1203 1203
1 24310 24310
0 0 7686
0 0 12158
0 0 7415
0 0 8118
0 0 16215
0 0 13700
1 28661 28661
0 0 7978
1 25818 25818
1 5319 5319
1 15692 15692
0 0 7598
-1
1 27728 27728
1 32718 32718
1 14374 14374
0 0 10995
-1
1 9511 9511
-1
-1
0 0 10323
1 17240 17240
-1
-1
0 0 2900
0 0 155
1 28982 28982
1 7399 7399
1 21983 21983
0 0 10102
-1
-1
1 16996 16996
-1
1 3427 3427
0 0 13749
0 0 14980
1 19490 19490
0 0 4020
0 0 3827
1 28626 28626
-1
1 27985 27985
0 0 4331
0 0 14651
0 0 1258
0 0 1325
-1
0 0 3953
-1
-1
1 19826 19826
-1
0 0 1549
-1
1 23681 23681
-1
0 0 10975
-1
0 0 11876
1 29086 29086
0 0 3624
-1
0 0 6645
-1
0 0 12599
1 26728 26728
-1
-1
1 22795 22795
1 18708 18708
0 0 793
-1
-1
-1
0 0 4993
1 14046 14046
0 0 8979
0 0 6555
-1
-1
-1
0 0 7793
1 13626 13626
-1
1 23738 23738
1 19381 19381
0 0 10658
1 17474 17474
1 3176 3176
0 0 14005
0 0 14056
0 0 11487
-1
0 0 5594
0 0 7311
0 0 2294
1 27676 27676
1 22714 22714
-1
0 0 6767
1 5360 5360
1 11156 11156
-1
0 0 7658
1 1535 1535
0 0 5737
1 12918 12918
1 9672 9672
0 0 385
0 0 14714
-1
0 0 3570
1 27530 27530
-1
1 7130 7130
1 26126 26126
1 21364 21364
0 0 1116
1 7335 7335
-1
-1
0 0 9680
-1
1 6785 6785
1 14746 14746
-1
-1
0 0 4936
0 0 4318
0 0 4940
1 10094 10094
-1
1 15887 15887
-1
0 0 14020
-1
-1
0 0 5487
0 0 3896
0 0 13753
0 0 10070
0 0 9453
-1
1 25205 25205
-1
1 6834 6834
1 11152 11152
-1
-1
-1
0 0 1396
0 0 3103
1 31015 31015
1 8084 8084
1 11349 11349
1 36 36
-1
-1
0 0 8364
1 13340 13340
1 22928 22928
-1
-1
0 0 5563
-1
0 0 3594
0 0 2185
1 22203 22203
-1
-1
0 0 665
0 0 14863
1 30559 30559
1 30756 30756
-1
1 13325 13325
-1
-1
0 0 10063
1 11688 11688
1 27705 27705
-1
0 0 6181
-1
0 0 15837
1 24964 24964
1 3667 3667
0 0 2932
1 20113 20113
1 8099 8099
0 0 9325
-1
-1
-1
-1
-1
0 0 2176
0 0 9546
1 11482 11482
1 9316 9316
1 28239 28239
0 0 3687
-1
1 27659 27659
-1
0 0 16137
-1
0 0 4727
1 22938 22938
1 16437 16437
1 12099 12099
-1
0 0 1378
-1
-1
0 0 6737
1 31091 31091
-1
0 0 5435
1 11022 11022
1 24974 24974
-1
0 0 8230
-1
-1
1 21510 21510
0 0 1457
0 0 7531
-1
0 0 14708
1 13090 13090
0 0 12611
1 24560 24560
1 307 307
1 27661 27661
-1
0 0 11380
-1
-1
-1
0 0 8739
1 2683 2683
0 0 7135
1 9864 9864
1 18540 18540
-1
1 10602 10602
0 0 14412
0 0 7239
-1
1 15107 15107
1 18645 18645
1 19765 19765
0 0 11693
0 0 1271
1 31926 31926
1 11455 11455
-1
0 0 6609
-1
1 17373 17373
-1
-1
0 0 10929
0 0 14090
-1
1 24740 24740
1 6824 6824
1 28221 28221
-1
0 0 6626
-1
0 0 7042
0 0 14262
0 0 2345
-1
-1
-1
-1
0 0 7605
0 0 8102
1 11717 11717
1 14903 14903
0 0 7742
1 16328 16328
1 24960 24960
0 0 9215
0 0 15411
0 0 9712
1 2044 2044
0 0 15756
1 17657 17657
0 0 14962
0 0 6409
1 2096 2096
1 311 311
-1
0 0 3338
1 14595 14595
0 0 13548
1 6558 6558
1 24640 24640
0 0 1650
1 15819 15819
1 10264 10264
0 0 2982
1 10558 10558
0 0 6486
0 0 11525
0 0 4211
-1
1 14675 14675
1 21485 21485
0 0 11541
1 25169 25169
1 4678 4678
-1
1 6185 6185
1 23743 23743
-1
1 23668 23668
1 29803 29803
0 0 13828
1 30389 30389
1 18600 18600
-1
1 31606 31606
-1
0 0 7283
-1
-1
1 22859 22859
0 0 13477
1 18244 18244
0 0 4842
-1
1 19902 19902
1 27227 27227
-1
-1
1 10884 10884
-1
1 9413 9413
0 0 10059
1 31922 31922
-1
-1
1 5745 5745
0 0 6488
-1
-1
0 0 12098
1 13500 13500
0 0 7187
-1
0 0 5617
0 0 7859
1 23442 23442
-1
1 21709 21709
1 533 533
0 0 16308
-1
1 21822 21822
1 11137 11137
0 0 9110
-1
1 29538 29538
1 7735 7735
1 4309 4309
0 0 14988
0 0 6667
1 4888 4888
1 20811 20811
1 5153 5153
1 8050 8050
1 32729 32729
0 0 8310
0 0 11038
-1
1 20356 20356
0 0 11270
1 21325 21325
0 0 14520
1 27382 27382
-1
0 0 6565
0 0 8288
0 0 2224
1 14545 14545
-1
-1
-1
-1
-1
1 2547 2547
0 0 14145
0 0 12318
1 24610 24610
-1
1 20419 20419
-1
1 16009 16009
-1
0 0 14595
-1
1 14941 14941
1 4136 4136
0 0 12754
0 0 5605
1 22157 22157
1 6890 6890
-1
1 25029 25029
1 14747 14747
1 8007 8007
1 21860 21860
1 9862 9862
0 0 12047
0 0 10440
0 0 8554
0 0 14515
0 0 2465
-1
1 23355 23355
0 0 14745
0 0 9892
1 25513 25513
-1
1 21168 21168
-1
-1
1 22690 22690
1 14610 14610
0 0 13992
1 3270 3270
0 0 13000
0 0 5954
1 10681 10681
1 17655 17655
0 0 14121
0 0 9042
1 26820 26820
1 29624 29624
1 14128 14128
0 0 3714
0 0 16332
-1
1 2629 2629
0 0 4309
1 23402 23402
1 14992 14992
0 0 2050
0 0 6856
0 0 259
0 0 9181
-1
0 0 2962
1 25163 25163
-1
1 28649 28649
1 7881 7881
0 0 14934
1 4169 4169
-1
-1
0 0 5592
0 0 7227
1 19447 19447
-1
-1
0 0 4367
1 9764 9764
0 0 9438
-1
1 11240 11240
1 7814 7814
0 0 5380
0 0 9154
1 23726 23726
-1
0 0 2701
0 0 15030
1 6146 6146
-1
1 30095 30095
1 27976 27976
1 8872 8872
0 0 15927
1 14195 14195
-1
-1
-1
1 1224 1224
0 0 5940
-1
0 0 1197
1 20996 20996
-1
1 7866 7866
0 0 8636
0 0 7497
-1
1 19424 19424
0 0 10412
-1
-1
1 20408 20408
0 0 10308
0 0 13448
0 0 14799
1 5312 5312
0 0 13872
0 0 9356
0 0 6963
1 17957 17957
1 13974 13974
-1
0 0 932
1 21582 21582
0 0 10198
-1
0 0 5427
-1
1 24445 24445
0 0 629
-1
0 0 14014
-1
0 0 6832
-1
-1
0 0 5418
1 21194 21194
1 9478 9478
-1
1 30257 30257
0 0 5329
1 4439 4439
0 0 5557
1 31605 31605
0 0 15663
0 0 4885
-1
1 1564 1564
0 0 8946
0 0 13388
-1
-1
1 27149 27149
1 16970 16970
0 0 12406
0 0 3031
0 0 1811
-1
0 0 14534
-1
-1
0 0 1542
-1
1 25185 25185
0 0 3797
1 10969 10969
1 19442 19442
0 0 3941
-1
1 28510 28510
0 0 11031
1 23276 23276
1 14066 14066
0 0 6357
-1
0 0 1734
1 15923 15923
-1
1 15582 15582
-1
0 0 10718
0 0 2848
-1
0 0 15242
1 16140 16140
0 0 10309
-1
1 15027 15027
-1
0 0 1232
1 7176 7176
-1
0 0 2641
1 29815 29815
1 724 724
-1
-1
1 19989 19989
1 19305 19305
-1
0 0 15467
1 7701 7701
-1
-1
-1
-1
-1
0 0 6792
0 0 10854
0 0 13254
1 21868 21868
-1
1 31459 31459
1 2464 2464
1 3894 3894
-1
-1
0 0 4644
-1
-1
1 14672 14672
0 0 13764
0 0 6786
1 1742 1742
-1
-1
-1
1 5555 5555
-1
-1
-1
-1
0 0 13207
1 17260 17260
-1
1 15628 15628
0 0 4804
-1
-1
0 0 12319
-1
-1
-1
-1
0 0 459
1 19703 19703
-1
0 0 8640
0 0 10212
-1
0 0 2449
1 27335 27335
1 13105 13105
1 20982 20982
-1
-1
-1
0 0 476
1 29265 29265
-1
-1
0 0 5033
0 0 9380
-1
0 0 2397
1 12706 12706
1 3680 3680
-1
-1
-1
1 32255 32255
-1
0 0 7590
1 7598 7598
-1
-1
1 30231 30231
1 10885 10885
0 0 508
1 8656 8656
-1
0 0 4770
-1
1 1109 1109
-1
0 0 11158
0 0 4545
1 23698 23698
1 5772 5772
1 28431 28431
1 13949 13949
-1
0 0 10892
1 29140 29140
1 51 51
1 5561 5561
0 0 1501
1 31479 31479
1 31993 31993
1 10682 10682
-1
1 19718 19718
0 0 5228
0 0 7503
0 0 1498
1 12837 12837
0 0 12805
1 6019 6019
0 0 3410
0 0 5701
0 0 5057
1 3546 3546
1 5596 5596
-1
1 2403 2403
0 0 2291
1 10442 10442
-1
0 0 2242
-1
1 14544 14544
-1
-1
0 0 15536
-1
0 0 3831
1 5998 5998
0 0 10748
1 8818 8818
1 29099 29099
0 0 6901
1 11173 11173
0 0 13451
0 0 16079
1 5393 5393
-1
1 12259 12259
0 0 11589
-1
-1
-1
-1
1 8574 8574
-1
-1
1 22333 22333
0 0 2189
-1
0 0 2689
-1
1 7943 7943
0 0 6081
1 30456 30456
-1
-1
1 21312 21312
0 0 8815
1 5598 5598
-1
1 5460 5460
-1
1 10239 10239
0 0 11963
1 21236 21236
1 14741 14741
0 0 9039
1 20204 20204
0 0 1877
1 2070 2070
0 0 15504
1 10009 10009
0 0 15465
-1
0 0 893
-1
1 18463 18463
-1
1 30777 30777
-1
1 25109 25109
1 22487 22487
-1
0 0 15397
1 21388 21388
1 20806 20806
-1
-1
1 6451 6451
-1
0 0 498
-1
1 14346 14346
-1
-1
0 0 11245
-1
1 25809 25809
-1
1 8872 8872
0 0 248
1 13455 13455
1 12325 12325
0 0 430
0 0 3732
1 18205 18205
1 13286 13286
1 18890 18890
-1
1 18263 18263
-1
-1
0 0 6296
-1
0 0 13926
0 0 1223
1 29089 29089
-1
-1
1 12939 12939
-1
0 0 14252
-1
1 14728 14728
0 0 11565
1 31573 31573
-1
-1
-1
0 0 12677
1 19157 19157
0 0 3651
1 20067 20067
-1
0 0 12524
1 25035 25035
0 0 2936
1 1632 1632
1 11848 11848
0 0 14413
0 0 12841
0 0 9472
0 0 694
0 0 9930
1 3407 3407
0 0 301
-1
1 32533 32533
-1
1 6993 6993
1 18153 18153
1 12710 12710
0 0 297
1 22330 22330
1 11066 11066
1 11400 11400
1 23176 23176
0 0 5552
1 16182 16182
-1
0 0 5082
-1
0 0 7493
-1
0 0 4384
0 0 9639
1 12412 12412
-1
-1
0 0 4216
0 0 8241
0 0 12141
0 0 15714
-1
0 0 2835
1 20912 20912
0 0 3672
0 0 11587
0 0 7524
0 0 8846
0 0 2677
1 19342 19342
-1
-1
0 0 10496
0 0 2884
0 0 15491
0 0 5773
1 22224 22224
0 0 9520
-1
-1
-1
-1
-1
0 0 14802
0 0 13796
1 13847 13847
1 32335 32335
0 0 6929
-1
-1
1 29811 29811
1 28877 28877
1 21618 21618
0 0 7688
-1
-1
1 17815 17815
0 0 13609
1 30321 30321
0 0 1010
1 30370 30370
-1
0 0 9615
1 23991 23991
-1
1 5509 5509
-1
-1
0 0 5817
1 10391 10391
-1
0 0 2420
1 25359 25359
0 0 8467
-1
-1
-1
0 0 15122
0 0 14024
1 21645 21645
1 9083 9083
0 0 9340
0 0 2653
0 0 8536
-1
1 19450 19450
1 18198 18198
1 31571 31571
-1
1 2554 2554
-1
0 0 6615
1 2915 2915
0 0 8668
1 19439 19439
-1
0 0 7018
1 31854 31854
1 23592 23592
-1
-1
1 22082 22082
0 0 4611
1 19276 19276
-1
0 0 8042
-1
1 13896 13896
1 22748 22748
0 0 13787
-1
1 17952 17952
0 0 10440
1 9967 9967
0 0 5565
0 0 6242
-1
1 27512 27512
0 0 1510
-1
1 15595 15595
1 20927 20927
-1
1 29881 29881
0 0 12472
-1
-1
0 0 1782
1 30842 30842
0 0 6594
0 0 765
0 0 3419
0 0 4453
-1
-1
0 0 14340
1 2550 2550
-1
-1
-1
-1
1 14095 14095
-1
-1
1 1113 1113
0 0 154
0 0 376
1 22347 22347
1 9054 9054
1 2763 2763
-1
0 0 5869
1 6106 6106
0 0 3312
-1
-1
-1
1 29305 29305
1 22080 22080
0 0 283
1 8692 8692
0 0 12676
1 19877 19877
1 11276 11276
0 0 7935
1 8440 8440
-1
0 0 4782
0 0 7855
1 29993 29993
-1
-1
-1
1 14444 14444
0 0 3384
-1
0 0 10506
0 0 4099
-1
1 4738 4738
1 30840 30840
-1
0 0 5244
1 3349 3349
-1
0 0 15696
-1
0 0 5065
-1
1 14064 14064
-1
-1
1 27009 27009
0 0 14748
0 0 11955
-1
0 0 5704
-1
-1
0 0 10181
1 20075 20075
-1
1 27910 27910
1 8758 8758
-1
0 0 2055
1 26096 26096
1 22608 22608
-1
-1
-1
0 0 16213
1 2062 2062
0 0 9464
0 0 4854
0 0 1444
1 2946 2946
-1
1 2409 2409
1 12770 12770
-1
0 0 11494
-1
-1
-1
-1
1 8063 8063
-1
-1
0 0 5698
-1
0 0 2409
-1
1 24179 24179
-1
0 0 782
-1
0 0 3867
1 15902 15902
-1
1 22373 22373
1 3155 3155
-1
-1
1 4191 4191
1 2628 2628
1 6689 6689
1 27828 27828
-1
0 0 4987
1 13182 13182
1 626 626
1 9108 9108
0 0 11687
-1
0 0 356
-1
0 0 2897
0 0 7959
0 0 14587
0 0 7777
-1
-1
-1
-1
1 10963 10963
0 0 991
0 0 7987
0 0 15648
1 802 802
1 17723 17723
-1
1 31611 31611
-1
0 0 14970
0 0 3431
0 0 2005
1 2924 2924
-1
-1
-1
-1
-1
1 1411 1411
1 21977 21977
-1
-1
-1
-1
1 14938 14938
-1
1 22547 22547
0 0 11633
1 31460 31460
-1
1 13742 13742
1 12771 12771
-1
0 0 6795
1 22352 22352
0 0 14610
-1
1 23944 23944
0 0 6138
-1
1 11732 11732
1 10687 10687
1 17227 17227
0 0 8729
0 0 16084
1 28998 28998
-1
0 0 2203
0 0 3169
-1
0 0 13226
1 24297 24297
-1
-1
1 2925 2925
0 0 6331
-1
-1
0 0 5376
-1
0 0 3554
0 0 15309
0 0 3809
1 30716 30716
0 0 9766
1 12308 12308
-1
1 32754 32754
-1
-1
1 7848 7848
-1
1 7976 7976
1 7361 7361
0 0 1756
1 11317 11317
1 20796 20796
0 0 15452
0 0 10088
1 22777 22777
0 0 4138
0 0 6195
-1
-1
-1
-1
-1
0 0 16018
0 0 6025
-1
-1
1 6777 6777
-1
-1
0 0 6135
0 0 15740
1 20965 20965
0 0 6525
-1
-1
1 15624 15624
1 2735 2735
1 645 645
1 14446 14446
0 0 9029
-1
0 0 11051
-1
-1
0 0 8244
1 26530 26530
1 30911 30911
1 4612 4612
1 12567 12567
0 0 7199
0 0 14134
-1
1 442 442
1 8247 8247
1 27749 27749
0 0 2122
1 25560 25560
-1
-1
0 0 4370
1 9100 9100
1 20596 20596
-1
-1
1 14342 14342
1 8277 8277
0 0 11047
-1
0 0 4612
0 0 2021
1 12752 12752
1 11321 11321
-1
1 14695 14695
-1
-1
0 0 7500
0 0 15478
1 5833 5833
0 0 8968
1 26896 26896
1 16340 16340
0 0 10415
-1
1 26596 26596
1 14794 14794
0 0 15036
0 0 5696
1 2876 2876
0 0 8343
-1
0 0 13329
1 1492 1492
1 9107 9107
0 0 2125
-1
-1
0 0 6946
1 15199 15199
0 0 15624
0 0 11209
-1
1 30758 30758
-1
1 4499 4499
0 0 2452
-1
1 13939 13939
0 0 3268
-1
0 0 3242
0 0 10845
-1
1 22316 22316
-1
0 0 6901
1 4445 4445
-1
0 0 10064
-1
1 19640 19640
0 0 3695
1 2021 2021
1 12376 12376
0 0 3837
-1
1 28608 28608
1 6429 6429
-1
-1
-1
0 0 1646
1 18315 18315
-1
-1
-1
0 0 12793
0 0 16365
-1
-1
0 0 10171
1 21998 21998
0 0 4946
0 0 2848
0 0 5099
0 0 13634
1 5347 5347
0 0 10873
1 16485 16485
1 28811 28811
1 28186 28186
-1
0 0 2373
1 4514 4514
1 13803 13803
-1
-1
-1
1 9418 9418
-1
-1
-1
-1
0 0 11287
0 0 11033
0 0 15690
0 0 597
-1
-1
-1
1 31548 31548
0 0 16364
-1
-1
0 0 4731
-1
0 0 4498
0 0 4879
1 20983 20983
-1
1 30525 30525
1 30266 30266
1 2600 2600
1 12634 12634
-1
0 0 3547
1 9675 9675
-1
0 0 15475
0 0 15236
1 13814 13814
0 0 9275
1 11970 11970
-1
0 0 7816
-1
1 9674 9674
1 14337 14337
0 0 7085
0 0 2940
0 0 5035
-1
-1
0 0 10325
1 18769 18769
-1
-1
1 21222 21222
-1
1 30266 30266
-1
0 0 14999
0 0 15378
0 0 9273
-1
0 0 9406
-1
0 0 15278
1 30151 30151
-1
-1
0 0 16262
-1
1 28477 28477
0 0 5161
1 29516 29516
-1
1 22882 22882
-1
1 25621 25621
1 4093 4093
1 28650 28650
0 0 13933
0 0 2316
-1
1 5265 5265
1 12733 12733
0 0 14750
0 0 9939
0 0 8002
0 0 10859
-1
1 2561 2561
0 0 7027
-1
-1
1 20733 20733
-1
-1
1 8403 8403
0 0 527
1 27713 27713
1 17999 17999
-1
1 17849 17849
0 0 10977
0 0 8390
0 0 11408
1 12662 12662
-1
0 0 10339
-1
0 0 12905
1 30889 30889
1 17047 17047
1 25873 25873
-1
1 15310 15310
1 14889 14889
1 12446 12446
-1
0 0 7936
1 32699 32699
1 17652 17652
1 24950 24950
-1
1 8479 8479
1 25469 25469
-1
1 27913 27913
1 25150 25150
0 0 10797
-1
-1
1 32147 32147
0 0 5488
0 0 2151
1 29765 29765
1 13483 13483
0 0 11531
0 0 13028
0 0 16341
-1
-1
1 19484 19484
1 31093 31093
1 13003 13003
0 0 3100
-1
1 30368 30368
1 5332 5332
-1
0 0 8882
0 0 13516
-1
-1
0 0 12059
0 0 12129
0 0 1754
1 5329 5329
-1
-1
0 0 7106
-1
1 5342 5342
1 7669 7669
1 6197 6197
1 22321 22321
1 20745 20745
1 773 773
1 31730 31730
1 17007 17007
1 16008 16008
1 18774 18774
0 0 11584
1 19146 19146
1 7192 7192
1 31374 31374
1 1974 1974
1 18387 18387
-1
0 0 6819
1 13310 13310
0 0 14631
1 13959 13959
1 6543 6543
0 0 7788
0 0 7257
0 0 10049
0 0 692
-1
0 0 12759
0 0 9958
0 0 4261
0 0 10066
1 2719 2719
1 5063 5063
1 15518 15518
0 0 5179
0 0 11277
0 0 9810
-1
-1
1 7784 7784
1 10737 10737
1 19719 19719
1 12419 12419
0 0 7682
1 27400 27400
1 17460 17460
-1
-1
0 0 6861
-1
-1
0 0 8078
1 15917 15917
1 26147 26147
0 0 8649
0 0 906
0 0 8269
0 0 10010
0 0 12581
1 25684 25684
-1
0 0 3880
1 20953 20953
0 0 8941
-1
0 0 12222
1 152 152
0 0 2286
-1
-1
0 0 6139
-1
0 0 11043
0 0 5502
-1
0 0 4243
-1
-1
1 18609 18609
-1
1 32484 32484
1 16149 16149
0 0 9320
-1
1 663 663
-1
1 18451 18451
1 13175 13175
-1
0 0 15539
-1
0 0 13697
-1
-1
0 0 5555
1 31784 31784
-1
1 5842 5842
1 13016 13016
1 10424 10424
1 20233 20233
1 17203 17203
-1
0 0 4382
-1
1 17272 17272
0 0 5388
-1
-1
-1
0 0 1184
0 0 3556
1 9449 9449
-1
0 0 12668
0 0 8946
1 27140 27140
1 30242 30242
1 9371 9371
1 27163 27163
1 9003 9003
1 1852 1852
1 21791 21791
0 0 1534
0 0 11941
1 10081 10081
1 1418 1418
-1
0 0 2770
0 0 6509
-1
0 0 118
-1
-1
-1
1 8858 8858
1 27314 27314
1 14009 14009
-1
1 22568 22568
1 28682 28682
-1
0 0 11204
-1
0 0 4852
1 23352 23352
-1
-1
1 6836 6836
0 0 5382
-1
0 0 2976
-1
-1
1 30592 30592
1 7038 7038
-1
-1
-1
1 2805 2805
1 10107 10107
-1
-1
1 16059 16059
0 0 9468
0 0 2189
0 0 688
-1
0 0 14244
0 0 12927
0 0 6069
1 21126 21126
-1
-1
-1
0 0 11932
1 16420 16420
-1
1 29189 29189
1 14992 14992
1 31463 31463
1 23446 23446
-1
1 26407 26407
0 0 15348
1 3032 3032
1 30768 30768
1 11721 11721
0 0 8874
1 26152 26152
0 0 4684
0 0 3579
1 27052 27052
1 6670 6670
0 0 11882
-1
1 19526 19526
0 0 12100
0 0 9833
1 23927 23927
0 0 14053
0 0 14149
0 0 12813
-1
-1
1 21882 21882
0 0 799
0 0 9308
0 0 14573
0 0 1496
0 0 1461
0 0 4190
1 12510 12510
0 0 12669
1 4319 4319
0 0 8967
-1
1 17182 17182
1 6511 6511
1 5917 5917
1 14389 14389
-1
0 0 16129
0 0 3204
0 0 15676
-1
0 0 5896
1 15395 15395
1 28534 28534
1 9717 9717
0 0 8214
0 0 14395
-1
1 13211 13211
-1
0 0 1311
1 3225 3225
0 0 8151
1 15147 15147
-1
-1
-1
1 2319 2319
1 16161 16161
-1
-1
-1
0 0 12316
0 0 6249
0 0 12036
1 23934 23934
-1
1 12970 12970
0 0 3665
0 0 129
1 32364 32364
-1
0 0 2955
1 29869 29869
1 1085 1085
-1
0 0 4047
0 0 11479
-1
-1
-1
0 0 3683
0 0 14348
0 0 8600
-1
1 9936 9936
-1
-1
0 0 10558
0 0 11929
1 6656 6656
1 30485 30485
-1
0 0 14648
-1
-1
1 7386 7386
0 0 846
0 0 16369
0 0 5497
1 16741 16741
0 0 3053
0 0 1072
1 16611 16611
1 7785 7785
0 0 8564
1 17137 17137
0 0 14528
1 17350 17350
1 21398 21398
0 0 16237
1 21332 21332
1 12620 12620
-1
0 0 7118
1 10937 10937
-1
1 21356 21356
1 18789 18789
-1
0 0 6001
1 14871 14871
1 30104 30104
-1
1 11996 11996
0 0 9010
1 14157 14157
0 0 8181
0 0 16360
0 0 2948
0 0 13289
0 0 11174
0 0 1642
1 27850 27850
1 13094 13094
1 29441 29441
0 0 5625
-1
-1
0 0 3693
1 19114 19114
0 0 5138
0 0 10592
1 2050 2050
0 0 13622
-1
0 0 2693
-1
0 0 13968
0 0 1439
0 0 13205
0 0 8259
1 12703 12703
0 0 2300
0 0 11028
0 0 4012
-1
0 0 13584
1 3258 3258
0 0 435
1 18218 18218
0 0 10370
0 0 15333
1 11772 11772
-1
1 27153 27153
-1
0 0 13917
1 20465 20465
1 32574 32574
0 0 14993
-1
1 11403 11403
1 4508 4508
0 0 10850
1 24029 24029
1 24594 24594
0 0 7398
0 0 15952
0 0 4819
1 4619 4619
1 22665 22665
-1
0 0 1714
-1
1 5915 5915
0 0 16377
-1
1 8367 8367
1 14306 14306
0 0 10036
0 0 2967
1 29483 29483
0 0 7016
0 0 8711
0 0 12958
0 0 15452
-1
1 7205 7205
1 3151 3151
1 23204 23204
1 20952 20952
1 28962 28962
0 0 5052
1 8618 8618
0 0 1309
0 0 10390
0 0 401
-1
0 0 9516
1 8863 8863
1 9610 9610
-1
1 1419 1419
1 22668 22668
1 10048 10048
1 11030 11030
-1
0 0 15259
-1
-1
0 0 9461
0 0 13387
-1
0 0 8712
1 2732 2732
0 0 4205
0 0 14761
1 10672 10672
-1
0 0 2415
0 0 14335
-1
0 0 14984
1 29882 29882
1 21308 21308
0 0 4387
1 19519 19519
0 0 10777
1 26131 26131
1 16877 16877
0 0 4361
0 0 15779
1 12128 12128
1 19976 19976
-1
0 0 4691
-1
0 0 8488
-1
1 51 51
0 0 3195
1 28663 28663
-1
1 1928 1928
-1
0 0 7437
1 20182 20182
0 0 4407
0 0 1853
-1
0 0 7480
-1
1 30218 30218
1 9515 9515
0 0 7572
0 0 12821
-1
-1
1 20971 20971
-1
1 13551 13551
0 0 5969
0 0 12702
0 0 7532
-1
0 0 6861
1 26548 26548
1 14513 14513
1 31462 31462
0 0 8305
0 0 13886
0 0 3989
1 24072 24072
-1
0 0 12778
-1
0 0 356
-1
-1
1 7437 7437
-1
1 2789 2789
0 0 16330
-1
-1
1 17790 17790
0 0 6960
1 25526 25526
1 5869 5869
1 26357 26357
-1
-1
0 0 12027
1 22749 22749
0 0 14347
0 0 10954
-1
0 0 3229
-1
1 28910 28910
1 28978 28978
-1
1 7451 7451
-1
0 0 2190
1 24244 24244
0 0 12313
0 0 8790
0 0 13087
1 22176 22176
1 28952 28952
-1
0 0 642
0 0 9681
1 16464 16464
1 4851 4851
0 0 4377
-1
-1
0 0 11213
0 0 15789
-1
-1
-1
-1
1 24796 24796
0 0 13679
-1
-1
0 0 147
0 0 477
-1
1 11641 11641
1 29955 29955
-1
1 28673 28673
-1
1 13950 13950
0 0 1261
-1
0 0 4255
0 0 7885
-1
0 0 1843
0 0 1651
1 3278 3278
1 26338 26338
0 0 7480
1 17615 17615
0 0 1730
-1
0 0 12811
0 0 16278
0 0 7757
-1
1 22431 22431
1 14214 14214
0 0 4977
1 13781 13781
1 11654 11654
1 14139 14139
1 13729 13729
-1
0 0 16253
-1
1 19219 19219
1 27158 27158
-1
0 0 3366
0 0 6002
-1
1 26582 26582
0 0 8452
1 19130 19130
1 12183 12183
0 0 14032
-1
0 0 6995
1 7564 7564
0 0 12896
-1
-1
1 23873 23873
1 28014 28014
1 10400 10400
1 17000 17000
-1
0 0 14790
-1
0 0 9622
0 0 14750
-1
-1
1 16105 16105
-1
1 19788 19788
-1
1 18809 18809
1 10995 10995
-1
1 31979 31979
0 0 4117
0 0 1790
-1
-1
0 0 7967
1 1805 1805
0 0 2930
0 0 8850
1 29037 29037
0 0 10054
0 0 10001
-1
0 0 6959
0 0 12730
1 6109 6109
-1
0 0 12953
-1
1 8093 8093
0 0 12897
1 11771 11771
1 1362 1362
-1
-1
-1
1 5538 5538
-1
0 0 6745
1 8308 8308
0 0 5511
1 6227 6227
0 0 13126
0 0 4422
-1
1 21253 21253
0 0 5888
0 0 3124
-1
0 0 3896
-1
0 0 4784
0 0 4626
1 29397 29397
1 2505 2505
0 0 8158
1 14856 14856
1 18342 18342
-1
-1
-1
1 10253 10253
0 0 817
-1
-1
1 5990 5990
-1
-1
1 12637 12637
0 0 8928
1 30567 30567
1 16452 16452
1 23722 23722
-1
1 32112 32112
-1
1 16956 16956
-1
0 0 10967
1 6521 6521
0 0 6356
1 22662 22662
-1
1 31425 31425
1 2196 2196
1 3864 3864
0 0 10153
0 0 8456
-1
0 0 4228
-1
1 8898 8898
1 31981 31981
-1
0 0 11222
-1
0 0 14406
-1
-1
1 27151 27151
1 2320 2320
1 26724 26724
1 14166 14166
-1
-1
1 17447 17447
0 0 5099
-1
-1
0 0 13340
0 0 3603
-1
0 0 9382
0 0 11442
1 11377 11377
-1
-1
0 0 3990
1 10552 10552
0 0 1740
1 24909 24909
1 2116 2116
-1
1 28165 28165
-1
0 0 8073
0 0 881
0 0 10245
1 20016 20016
1 11828 11828
-1
1 6411 6411
0 0 13181
0 0 6781
0 0 14688
0 0 11698
0 0 11951
-1
-1
1 17122 17122
0 0 15436
0 0 7322
-1
-1
1 9599 9599
1 30030 30030
0 0 835
-1
-1
0 0 12201
-1
-1
0 0 2879
0 0 4300
-1
-1
1 29857 29857
1 9767 9767
1 580 580
0 0 14263
1 2435 2435
-1
-1
-1
-1
1 1984 1984
1 26599 26599
0 0 15258
0 0 10363
0 0 2032
-1
1 31801 31801
0 0 7961
1 2417 2417
1 32377 32377
0 0 9283
-1
-1
-1
-1
0 0 15030
0 0 9701
-1
0 0 163
-1
0 0 10403
1 5564 5564
1 14019 14019
0 0 12618
-1
0 0 15368
-1
0 0 8802
1 31143 31143
1 18383 18383
0 0 7350
-1
1 31992 31992
0 0 2692
0 0 3692
0 0 8071
0 0 14889
0 0 11600
-1
0 0 393
1 17712 17712
-1
1 26539 26539
0 0 14922
0 0 1949
0 0 14805
-1
0 0 7644
0 0 4201
1 8075 8075
0 0 1271
0 0 12191
1 15246 15246
-1
-1
1 21746 21746
-1
1 22152 22152
0 0 5859
1 25143 25143
1 7615 7615
-1
0 0 15784
0 0 9794
-1
1 14437 14437
1 31891 31891
0 0 11507
-1
1 20885 20885
1 26175 26175
-1
0 0 3159
-1
0 0 6010
1 11253 11253
1 30142 30142
0 0 6557
1 7115 7115
-1
0 0 11606
1 31069 31069
1 7372 7372
1 22349 22349
-1
-1
0 0 15547
0 0 8954
0 0 3669
0 0 9717
-1
-1
0 0 3552
1 17533 17533
-1
1 10699 10699
0 0 16350
-1
1 1699 1699
0 0 2526
1 4004 4004
1 6989 6989
0 0 950
1 13225 13225
-1
-1
0 0 12113
0 0 6258
-1
-1
1 1787 1787
-1
1 13720 13720
-1
0 0 9487
1 24443 24443
1 4328 4328
1 678 678
0 0 13974
-1
-1
1 18041 18041
0 0 5786
0 0 1619
0 0 13301
1 31201 31201
-1
0 0 8261
-1
0 0 3431
0 0 13732
-1
-1
1 7688 7688
-1
1 5087 5087
0 0 15353
0 0 13266
-1
0 0 722
0 0 3473
0 0 2505
-1
1 17450 17450
0 0 5866
1 3603 3603
0 0 12563
-1
-1
-1
-1
0 0 9848
0 0 5023
0 0 14905
0 0 14074
0 0 3859
1 13949 13949
0 0 892
1 10956 10956
0 0 11647
0 0 4002
0 0 2862
0 0 3425
1 28007 28007
0 0 4077
0 0 3
0 0 3505
0 0 11822
0 0 3610
0 0 2646
1 14385 14385
1 27764 27764
1 17026 17026
0 0 12398
0 0 7057
0 0 2089
-1
0 0 8891
0 0 14993
0 0 5274
-1
0 0 12313
-1
1 5994 5994
1 5723 5723
0 0 8716
1 28600 28600
1 6869 6869
0 0 15837
-1
-1
1 876 876
-1
-1
1 17745 17745
0 0 6366
1 1643 1643
-1
1 32425 32425
1 26466 26466
-1
-1
0 0 4424
1 26514 26514
0 0 10581
1 7992 7992
1 3227 3227
1 26515 26515
-1
1 822 822
0 0 10666
-1
1 12972 12972
1 13517 13517
-1
-1
0 0 3628
1 25511 25511
1 21185 21185
1 9459 9459
-1
0 0 8352
1 32716 32716
1 1040 1040
1 15762 15762
1 22892 22892
-1
1 24079 24079
0 0 9082
0 0 7526
1 32205 32205
-1
1 11071 11071
0 0 14254
1 30292 30292
1 14655 14655
0 0 4079
1 17639 17639
1 22016 22016
1 13355 13355
0 0 12408
1 26000 26000
0 0 1662
-1
-1
-1
-1
-1
1 17782 17782
1 16739 16739
1 30544 30544
0 0 3936
1 31534 31534
0 0 11641
-1
0 0 13206
-1
0 0 11958
-1
0 0 4689
1 9656 9656
-1
-1
1 28161 28161
-1
-1
-1
1 25532 25532
0 0 7980
1 2090 2090
0 0 15817
1 8282 8282
1 10482 10482
1 19142 19142
-1
-1
-1
-1
1 12621 12621
0 0 1760
1 24054 24054
1 2953 2953
0 0 16081
0 0 5438
1 24039 24039
0 0 4779
0 0 2688
-1
1 15525 15525
1 2919 2919
0 0 9471
0 0 15322
1 9973 9973
1 32159 32159
0 0 14422
-1
0 0 16295
0 0 8092
0 0 3461
0 0 5284
0 0 303
0 0 12192
0 0 4809
0 0 2864
0 0 7618
-1
0 0 2517
0 0 12432
1 18772 18772
1 21746 21746
0 0 7705
1 21591 21591
-1
1 12379 12379
1 17916 17916
-1
1 2120 2120
1 13998 13998
0 0 14887
0 0 7908
0 0 3980
1 8605 8605
1 17251 17251
0 0 1218
0 0 1909
-1
0 0 10868
-1
1 18904 18904
1 20152 20152
-1
0 0 1553
0 0 22
0 0 52
1 15423 15423
-1
0 0 2676
-1
1 16689 16689
-1
-1
-1
-1
-1
0 0 9996
1 24088 24088
1 28827 28827
-1
-1
1 25913 25913
-1
-1
0 0 16190
0 0 3879
-1
0 0 9771
0 0 12524
1 31359 31359
1 13824 13824
1 23334 23334
-1
0 0 15137
1 10328 10328
0 0 10054
-1
0 0 12531
0 0 13292
0 0 1145
0 0 14510
-1
1 2861 2861
-1
1 24642 24642
-1
1 17524 17524
1 3513 3513
-1
0 0 384
-1
-1
-1
0 0 9115
-1
0 0 11425
0 0 7049
-1
1 27499 27499
-1
0 0 12801
1 9812 9812
-1
0 0 11851
0 0 7831
-1
-1
0 0 14691
0 0 7442
-1
1 4256 4256
0 0 3327
0 0 9873
-1
0 0 8431
1 473 473
-1
0 0 9706
1 29264 29264
-1
1 20161 20161
-1
-1
0 0 15587
-1
-1
1 2057 2057
1 626 626
-1
1 1060 1060
0 0 7496
-1
0 0 3281
1 25452 25452
1 4042 4042
-1
1 32380 32380
1 1657 1657
1 8249 8249
-1
0 0 12135
0 0 16236
0 0 12138
0 0 12017
0 0 12861
1 21099 21099
0 0 15043
-1
1 23702 23702
1 25574 25574
0 0 14549
0 0 3548
1 19431 19431
0 0 5545
1 16533 16533
0 0 4215
0 0 10677
-1
0 0 15878
-1
0 0 12904
0 0 5348
-1
0 0 14497
-1
1 6152 6152
1 30970 30970
-1
1 27274 27274
-1
1 23746 23746
0 0 5332
1 3649 3649
0 0 13159
0 0 7515
1 32477 32477
0 0 6610
0 0 514
0 0 15153
-1
0 0 12722
0 0 3917
1 31426 31426
1 15379 15379
-1
-1
0 0 7012
0 0 13251
1 29658 29658
0 0 8242
-1
0 0 8059
-1
0 0 6003
0 0 8236
0 0 14152
1 28754 28754
0 0 13619
0 0 8196
1 26514 26514
0 0 14029
-1
-1
-1
-1
0 0 13324
1 19590 19590
0 0 13207
-1
1 19512 19512
1 21683 21683
0 0 12053
-1
0 0 8473
0 0 747
1 20564 20564
1 15638 15638
-1
1 28801 28801
-1
1 21875 21875
1 20144 20144
-1
-1
-1
1 20929 20929
1 6011 6011
1 6173 6173
0 0 11504
1 16584 16584
-1
0 0 14288
-1
1 22368 22368
-1
-1
0 0 3905
0 0 7290
-1
0 0 8332
0 0 5428
0 0 1188
0 0 12380
-1
1 14224 14224
-1
0 0 9620
1 21181 21181
1 2464 2464
-1
0 0 1791
-1
0 0 5691
-1
-1
1 3417 3417
1 10401 10401
1 4246 4246
-1
-1
1 2022 2022
-1
-1
-1
-1
-1
-1
1 12748 12748
1 26578 26578
-1
0 0 14710
-1
-1
-1
1 10933 10933
-1
0 0 1717
-1
1 17142 17142
1 32141 32141
-1
-1
0 0 14273
-1
0 0 13968
0 0 5328
1 8349 8349
-1
1 2462 2462
0 0 5331
-1
0 0 15482
0 0 8019
1 21142 21142
0 0 15728
0 0 8680
0 0 15784
0 0 11427
0 0 8620
1 20513 20513
-1
1 25192 25192
0 0 3073
1 12975 12975
-1
0 0 3452
-1
0 0 12651
1 17951 17951
0 0 4199
1 9603 9603
-1
0 0 1003
1 15124 15124
1 13642 13642
-1
-1
-1
0 0 9233
-1
1 18829 18829
-1
0 0 14451
1 21695 21695
0 0 303
-1
1 11236 11236
-1
1 5349 5349
1 16940 16940
-1
-1
1 25100 25100
-1
0 0 2563
1 24286 24286
-1
1 27674 27674
0 0 15558
-1
0 0 758
0 0 4922
-1
-1
0 0 2306
1 6742 6742
1 16280 16280
-1
-1
1 349 349
1 21173 21173
-1
0 0 8790
0 0 4540
0 0 4207
1 9673 9673
0 0 2984
1 32624 32624
1 13316 13316
1 14109 14109
-1
1 17244 17244
1 24580 24580
-1
1 31606 31606
0 0 2708
0 0 10140
0 0 4818
1 20675 20675
0 0 5515
0 0 12148
1 24954 24954
1 12564 12564
-1
0 0 9705
0 0 15220
-1
-1
-1
0 0 4250
-1
0 0 11732
0 0 9290
-1
1 5949 5949
1 16571 16571
1 8110 8110
0 0 12073
-1
1 10146 10146
0 0 13760
-1
-1
1 11031 11031
1 20882 20882
-1
0 0 5813
1 24997 24997
-1
0 0 14496
1 15780 15780
0 0 15127
-1
1 15514 15514
0 0 13802
1 4201 4201
-1
-1
1 14787 14787
1 3420 3420
0 0 12641
0 0 363
1 25964 25964
1 2023 2023
-1
0 0 4298
-1
0 0 6300
0 0 3784
0 0 6221
-1
1 31064 31064
-1
1 7047 7047
0 0 1557
1 1949 1949
1 28741 28741
1 3982 3982
0 0 1555
-1
0 0 12817
0 0 13819
0 0 8747
0 0 5585
-1
1 666 666
-1
1 16696 16696
1 24 24
1 10346 10346
1 12244 12244
-1
-1
0 0 2804
0 0 8978
1 23640 23640
-1
-1
-1
1 29489 29489
0 0 1381
-1
0 0 5120
-1
-1
1 16839 16839
0 0 34
1 10030 10030
0 0 15918
1 31791 31791
1 27630 27630
-1
0 0 10029
1 2 2
1 8475 8475
1 27056 27056
0 0 1245
-1
1 24864 24864
-1
1 1046 1046
-1
1 3334 3334
-1
1 23298 23298
-1
1 2568 2568
1 28478 28478
1 16517 16517
0 0 2590
1 30231 30231
1 17637 17637
-1
-1
-1
-1
1 24744 24744
-1
1 6560 6560
1 6155 6155
1 30234 30234
1 26016 26016
0 0 12414
-1
1 6338 6338
0 0 11218
1 20528 20528
1 3738 3738
-1
1 22584 22584
1 9260 9260
1 31167 31167
1 1106 1106
-1
1 7578 7578
0 0 6517
-1
1 6490 6490
-1
-1
1 13850 13850
1 24963 24963
1 16621 16621
1 9365 9365
1 13371 13371
-1
0 0 2964
-1
0 0 9229
0 0 7374
-1
0 0 5177
0 0 3806
1 3616 3616
0 0 8139
1 17625 17625
1 27541 27541
0 0 11919
0 0 1771
0 0 7247
1 20240 20240
0 0 9771
-1
0 0 9980
1 30987 30987
0 0 10313
1 28111 28111
0 0 2615
-1
1 3642 3642
0 0 9765
-1
1 60 60
-1
-1
0 0 10303
-1
-1
-1
0 0 3623
0 0 11285
1 32691 32691
-1
-1
-1
0 0 15351
0 0 3580
-1
1 12054 12054
-1
-1
1 17919 17919
0 0 12533
-1
0 0 14376
0 0 2026
-1
0 0 12834
1 18917 18917
0 0 12656
-1
0 0 7876
-1
0 0 7824
-1
0 0 11163
-1
-1
0 0 3840
-1
1 28981 28981
1 31571 31571
0 0 13451
0 0 6088
-1
0 0 4210
1 14257 14257
0 0 12966
1 19044 19044
1 4583 4583
-1
1 23193 23193
-1
1 21754 21754
0 0 2717
1 25199 25199
0 0 244
-1
1 24820 24820
1 9949 9949
0 0 7950
1 3197 3197
1 21185 21185
0 0 1219
0 0 10008
0 0 5161
1 29480 29480
-1
1 11927 11927
0 0 8963
1 2979 2979
1 14589 14589
1 10481 10481
1 10588 10588
0 0 2448
0 0 4538
-1
-1
0 0 13633
1 22651 22651
1 24344 24344
-1
0 0 13455
-1
-1
0 0 8680
0 0 7328
1 26858 26858
0 0 4204
1 13686 13686
0 0 594
-1
0 0 2906
-1
-1
-1
1 4514 4514
1 312 312
-1
-1
1 13745 13745
-1
0 0 9485
0 0 8000
1 22566 22566
1 19625 19625
0 0 5956
0 0 15055
-1
-1
1 19514 19514
1 5048 5048
0 0 5931
0 0 1185
-1
-1
-1
0 0 6241
0 0 12062
1 6661 6661
1 29027 29027
1 26044 26044
-1
0 0 12514
0 0 12279
-1
-1
-1
0 0 6366
-1
1 23369 23369
-1
0 0 10559
-1
-1
-1
0 0 8586
-1
1 21389 21389
0 0 41
-1
-1
0 0 11915
1 6468 6468
0 0 9774
-1
-1
1 11999 11999
1 22874 22874
-1
-1
0 0 9215
0 0 11235
1 7333 7333
1 1214 1214
1 3730 3730
-1
1 15061 15061
-1
1 12316 12316
1 25281 25281
-1
1 18414 18414
0 0 1817
0 0 4253
0 0 4902
-1
-1
1 28157 28157
1 19467 19467
-1
1 24012 24012
1 25408 25408
-1
1 23897 23897
-1
0 0 1719
1 23785 23785
1 23425 23425
0 0 16210
-1
1 15864 15864
1 11281 11281
-1
-1
-1
-1
0 0 10660
0 0 6819
0 0 4047
-1
1 17751 17751
1 6382 6382
-1
1 31391 31391
-1
0 0 16149
0 0 7021
1 3331 3331
0 0 12098
1 7455 7455
1 13472 13472
-1
-1
1 24485 24485
0 0 7619
0 0 9888
1 19530 19530
0 0 739
-1
1 20561 20561
0 0 12801
-1
1 23228 23228
0 0 6837
0 0 4552
1 14105 14105
0 0 15280
-1
0 0 5394
1 6628 6628
1 18130 18130
1 12966 12966
-1
0 0 1090
1 10957 10957
0 0 15823
-1
0 0 709
1 18276 18276
0 0 14504
1 16516 16516
0 0 10844
1 11130 11130
0 0 5989
0 0 7435
-1
0 0 9380
0 0 13958
0 0 7970
-1
-1
-1
-1
-1
0 0 14157
1 187 187
-1
0 0 7236
-1
-1
1 19817 19817
1 8226 8226
1 7858 7858
0 0 15166
1 10715 10715
-1
1 30195 30195
1 4907 4907
-1
-1
1 5672 5672
1 6067 6067
0 0 2978
-1
1 5846 5846
0 0 13921
-1
0 0 12185
-1
1 15614 15614
-1
1 11607 11607
1 25813 25813
-1
-1
-1
-1
-1
0 0 1743
-1
-1
-1
0 0 7082
0 0 2593
-1
1 8857 8857
-1
1 9452 9452
-1
1 18820 18820
1 19620 19620
-1
1 8552 8552
1 28778 28778
1 21762 21762
1 11866 11866
-1
-1
-1
0 0 15725
1 4718 4718
-1
-1
-1
-1
1 20050 20050
1 31781 31781
1 7821 7821
0 0 6741
1 24122 24122
1 15797 15797
-1
-1
-1
1 8743 8743
0 0 322
-1
0 0 2973
-1
-1
1 15384 15384
0 0 13173
0 0 6949
1 29905 29905
0 0 5041
0 0 5595
1 11264 11264
-1
-1
1 18830 18830
0 0 4301
0 0 10082
0 0 5417
0 0 5928
0 0 10374
0 0 12933
0 0 13566
1 24151 24151
-1
-1
1 25434 25434
-1
1 6187 6187
0 0 15222
1 20351 20351
0 0 3683
0 0 1040
1 14118 14118
-1
0 0 14928
0 0 10689
0 0 11516
1 9111 9111
-1
0 0 13780
-1
1 9817 9817
-1
0 0 1854
1 7392 7392
0 0 10559
-1
0 0 2944
0 0 9112
-1
1 4147 4147
0 0 3810
-1
-1
-1
1 26992 26992
-1
0 0 275
0 0 9031
0 0 6047
-1
1 25567 25567
1 10975 10975
1 9089 9089
-1
-1
-1
-1
-1
-1
1 14304 14304
0 0 15230
1 972 972
1 23690 23690
-1
0 0 5981
0 0 16204
-1
0 0 6631
1 5869 5869
0 0 2094
0 0 9214
-1
1 18122 18122
-1
-1
1 10474 10474
0 0 9164
0 0 14679
0 0 14246
0 0 1972
-1
0 0 3511
1 12514 12514
0 0 1114
-1
0 0 12871
-1
0 0 5471
0 0 6927
-1
0 0 13656
1 15342 15342
1 8842 8842
-1
-1
1 20381 20381
-1
1 16971 16971
1 32277 32277
0 0 6477
1 15265 15265
0 0 2885
1 10817 10817
-1
-1
1 318 318
-1
1 29687 29687
-1
0 0 6467
-1
1 15288 15288
1 7239 7239
1 9653 9653
0 0 15972
1 11911 11911
1 9081 9081
0 0 6891
-1
1 1013 1013
-1
1 547 547
-1
-1
0 0 15430
-1
0 0 5071
-1
-1
1 11318 11318
-1
1 28035 28035
-1
1 1529 1529
0 0 8425
-1
0 0 15202
-1
-1
-1
0 0 13079
0 0 1111
1 28077 28077
0 0 3550
1 22201 22201
0 0 14378
-1
0 0 10827
0 0 7752
0 0 16190
1 1419 1419
0 0 9080
-1
1 5635 5635
1 31637 31637
-1
1 17224 17224
0 0 15163
0 0 15489
1 13238 13238
0 0 7221
-1
1 20920 20920
1 15561 15561
-1
-1
-1
-1
1 16952 16952
1 17934 17934
-1
1 24281 24281
0 0 7567
0 0 6324
-1
1 16310 16310
1 5835 5835
-1
1 27198 27198
-1
0 0 14855
1 19142 19142
0 0 12770
0 0 10745
-1
0 0 15558
1 20309 20309
1 22889 22889
0 0 1660
-1
-1
1 13251 13251
-1
0 0 8668
0 0 8471
-1
-1
1 4507 4507
-1
-1
0 0 14717
-1
-1
1 3885 3885
-1
0 0 5242
-1
0 0 15346
-1
-1
-1
-1
0 0 8730
0 0 13176
0 0 2420
0 0 9628
-1
0 0 12415
1 2120 2120
-1
-1
-1
0 0 5469
-1
0 0 9838
1 14800 14800
-1
1 14701 14701
0 0 1436
0 0 8999
0 0 2916
0 0 13861
-1
1 20996 20996
1 21800 21800
-1
-1
0 0 5577
0 0 1429
-1
0 0 6246
1 31949 31949
1 24130 24130
0 0 7514
-1
0 0 12190
1 313 313
0 0 1666
0 0 6464
1 16539 16539
1 15534 15534
0 0 5887
0 0 801
1 5979 5979
-1
-1
0 0 16234
-1
-1
-1
-1
0 0 2721
-1
0 0 5560
0 0 9911
0 0 1702
-1
-1
0 0 1466
0 0 6848
0 0 1242
-1
1 28475 28475
-1
1 600 600
-1
0 0 11194
1 32744 32744
1 23797 23797
0 0 7370
-1
1 19616 19616
1 17095 17095
0 0 12046
0 0 1325
-1
1 20320 20320
0 0 14195
0 0 10021
1 20458 20458
0 0 7314
0 0 13635
0 0 11544
0 0 13659
1 18895 18895
-1
0 0 7632
0 0 9103
-1
0 0 5981
1 20031 20031
-1
1 27226 27226
1 31793 31793
0 0 15909
0 0 12216
0 0 1385
0 0 9117
0 0 10119
-1
-1
-1
0 0 10169
1 31055 31055
-1
0 0 995
-1
1 12650 12650
1 107 107
0 0 12516
-1
-1
0 0 8468
1 2911 2911
-1
0 0 14711
1 19555 19555
-1
1 6176 6176
1 5050 5050
0 0 10916
1 17477 17477
-1
0 0 2088
1 2907 2907
-1
-1
0 0 12979
0 0 16119
-1
0 0 9257
1 11109 11109
-1
0 0 2563
0 0 5113
-1
1 23827 23827
-1
0 0 10840
1 8508 8508
0 0 11385
0 0 9471
0 0 10075
0 0 4724
0 0 6263
1 4629 4629
-1
1 6693 6693
0 0 13313
0 0 11681
-1
-1
1 25850 25850
1 6076 6076
1 11612 11612
-1
1 2808 2808
-1
0 0 1442
-1
-1
0 0 11611
-1
1 3766 3766
-1
-1
1 18977 18977
0 0 8916
0 0 12003
0 0 5218
-1
1 25406 25406
0 0 2970
1 22475 22475
-1
1 22942 22942
0 0 13788
-1
1 10299 10299
1 3230 3230
-1
0 0 13246
0 0 12935
0 0 15142
1 3135 3135
0 0 2224
0 0 12054
0 0 3507
-1
0 0 16302
0 0 14553
1 20450 20450
1 32019 32019
0 0 13784
-1
1 19303 19303
1 28435 28435
0 0 11846
1 22591 22591
1 3538 3538
1 2349 2349
0 0 14412
-1
0 0 2521
0 0 7352
1 31596 31596
1 24607 24607
1 23244 23244
0 0 3171
0 0 14604
-1
0 0 6988
1 25443 25443
0 0 5070
-1
1 29891 29891
-1
1 22898 22898
1 13013 13013
-1
0 0 12161
0 0 1536
-1
1 15589 15589
0 0 10957
-1
-1
0 0 14045
1 25511 25511
-1
0 0 6726
1 18341 18341
0 0 15043
-1
-1
0 0 1899
-1
0 0 12945
0 0 6761
-1
-1
-1
0 0 12061
1 17492 17492
1 8101 8101
0 0 3569
-1
-1
-1
1 22577 22577
-1
-1
-1
0 0 5997
0 0 11220
-1
0 0 6370
-1
-1
-1
0 0 3475
-1
0 0 164
-1
-1
1 22566 22566
0 0 10360
0 0 14455
0 0 12655
-1
-1
0 0 2506
1 8874 8874
0 0 9800
-1
1 8721 8721
-1
-1
-1
-1
0 0 14080
-1
0 0 6229
1 3304 3304
0 0 11325
0 0 15380
-1
1 31671 31671
-1
-1
0 0 15125
0 0 10785
1 976 976
0 0 6670
1 8373 8373
0 0 4260
-1
0 0 9264
0 0 8709
1 5686 5686
0 0 4934
1 3023 3023
0 0 6331
-1
0 0 1536
-1
1 21336 21336
-1
0 0 3652
-1
-1
-1
0 0 2313
1 23223 23223
-1
0 0 9520
0 0 7023
0 0 7190
0 0 14094
1 22022 22022
0 0 9984
1 27387 27387
-1
0 0 14461
-1
-1
0 0 6792
-1
-1
1 11240 11240
0 0 4974
1 6894 6894
0 0 9115
1 26949 26949
0 0 16116
1 28995 28995
0 0 77
-1
-1
-1
-1
-1
-1
-1
-1
0 0 14206
1 30943 30943
1 11625 11625
0 0 13487
1 32548 32548
1 292 292
-1
0 0 11594
-1
1 25709 25709
1 9298 9298
-1
-1
-1
0 0 14920
0 0 5814
0 0 9598
1 934 934
-1
-1
0 0 9960
0 0 5644
-1
0 0 13148
1 23104 23104
1 22930 22930
-1
-1
0 0 7607
-1
0 0 3440
-1
-1
-1
0 0 6434
0 0 10012
-1
-1
-1
1 972 972
0 0 1864
0 0 3572
0 0 7493
0 0 14761
1 24222 24222
1 1429 1429
0 0 15161
1 27719 27719
1 11744 11744
-1
0 0 14810
1 22653 22653
1 10673 10673
-1
0 0 2795
1 25753 25753
-1
-1
1 28176 28176
-1
-1
0 0 14311
0 0 12263
0 0 29
0 0 9065
1 23919 23919
-1
-1
0 0 4475
-1
1 17291 17291
1 4070 4070
0 0 2843
0 0 12454
0 0 8178
-1
-1
1 17982 17982
1 25469 25469
0 0 6346
-1
-1
-1
-1
1 11559 11559
1 14007 14007
0 0 4778
0 0 12350
1 22429 22429
1 17129 17129
1 29587 29587
0 0 15212
-1
1 5928 5928
0 0 8451
-1
0 0 3440
0 0 9725
1 21101 21101
0 0 13312
0 0 12327
-1
1 21951 21951
1 1316 1316
0 0 4365
0 0 5996
1 161 161
0 0 437
0 0 14780
-1
-1
-1
-1
-1
0 0 11935
0 0 1112
-1
1 14245 14245
1 9038 9038
-1
-1
-1
1 4759 4759
-1
-1
1 17808 17808
0 0 2787
0 0 9446
0 0 16302
-1
1 9788 9788
1 6510 6510
0 0 13006
1 16512 16512
0 0 2118
0 0 5346
-1
0 0 8037
1 2302 2302
-1
-1
-1
-1
0 0 13380
-1
0 0 9145
1 9966 9966
1 8195 8195
-1
1 25426 25426
1 21504 21504
1 11086 11086
-1
0 0 12463
1 30557 30557
0 0 7202
-1
1 32071 32071
1 28497 28497
0 0 584
1 23685 23685
0 0 6763
1 3292 3292
1 30262 30262
0 0 399
-1
1 22578 22578
-1
0 0 13261
-1
0 0 4766
-1
1 103 103
1 17620 17620
0 0 15370
0 0 9047
-1
-1
-1
1 18896 18896
1 18312 18312
-1
0 0 7637
0 0 862
0 0 4994
-1
0 0 1809
1 22507 22507
0 0 8977
-1
0 0 4466
0 0 5588
-1
1 17318 17318
-1
0 0 3661
-1
-1
-1
-1
-1
0 0 10098
-1
0 0 12443
0 0 1603
0 0 9565
-1
1 1097 1097
1 13843 13843
-1
1 29024 29024
0 0 8748
0 0 9705
1 17387 17387
1 7823 7823
0 0 15510
1 30902 30902
0 0 887
0 0 405
0 0 9454
1 20893 20893
0 0 10449
-1
-1
0 0 12527
1 1806 1806
0 0 8647
0 0 13676
-1
0 0 2662
-1
1 12923 12923
0 0 4231
1 908 908
0 0 1326
1 9638 9638
1 1900 1900
-1
0 0 6255
-1
1 23813 23813
-1
1 27299 27299
1 3550 3550
-1
0 0 3755
1 237 237
-1
1 17349 17349
0 0 8961
-1
1 23641 23641
1 5116 5116
-1
1 10535 10535
1 22484 22484
-1
-1
1 19491 19491
0 0 16281
1 20327 20327
-1
0 0 4958
-1
0 0 9970
0 0 12749
1 11198 11198
-1
1 20822 20822
-1
-1
0 0 7019
1 388 388
1 24242 24242
0 0 203
0 0 12878
0 0 1940
1 27264 27264
0 0 4994
1 31768 31768
0 0 4152
-1
1 30975 30975
-1
1 3457 3457
-1
1 25686 25686
1 2406 2406
1 27885 27885
-1
1 22663 22663
1 14311 14311
-1
0 0 5592
0 0 1572
-1
1 4215 4215
1 26961 26961
-1
0 0 3555
-1
-1
1 15437 15437
-1
1 11217 11217
-1
1 21116 21116
1 18136 18136
1 28339 28339
0 0 3797
-1
-1
1 26363 26363
1 24575 24575
-1
1 23541 23541
1 32363 32363
0 0 14111
0 0 9543
1 76 76
-1
1 29522 29522
0 0 4735
-1
-1
1 28850 28850
0 0 6646
-1
1 24839 24839
1 20207 20207
0 0 9394
0 0 13563
0 0 2461
0 0 7957
0 0 11729
1 12850 12850
1 9258 9258
1 26270 26270
-1
-1
1 30675 30675
1 26898 26898
1 3933 3933
0 0 13064
-1
1 12136 12136
-1
0 0 4810
-1
1 3346 3346
0 0 14344
1 29380 29380
-1
-1
1 11717 11717
0 0 10161
0 0 8007
-1
0 0 245
0 0 13058
-1
1 3764 3764
-1
1 17044 17044
0 0 1497
0 0 7838
0 0 7728
0 0 11622
0 0 14696
1 9606 9606
1 21275 21275
1 26303 26303
0 0 3428
-1
-1
1 2386 2386
1 21159 21159
0 0 1804
-1
-1
-1
0 0 8826
0 0 5261
1 22288 22288
0 0 10315
0 0 6617
0 0 6030
1 10922 10922
0 0 9795
1 2322 2322
1 6786 6786
1 26304 26304
-1
-1
-1
1 5083 5083
1 21555 21555
-1
1 21192 21192
0 0 5165
0 0 12290
1 22886 22886
1 31572 31572
-1
-1
1 20898 20898
0 0 15565
-1
-1
0 0 11048
-1
1 21427 21427
-1
1 6181 6181
0 0 1271
1 25456 25456
-1
0 0 5363
0 0 4771
1 9036 9036
1 29876 29876
1 16625 16625
1 25075 25075
1 20254 20254
-1
-1
0 0 2157
1 3086 3086
-1
-1
1 21272 21272
-1
-1
0 0 9790
1 20095 20095
-1
1 12082 12082
0 0 2468
1 12816 12816
1 11166 11166
0 0 9315
1 8783 8783
-1
0 0 2650
0 0 6275
1 18661 18661
0 0 13158
1 3618 3618
-1
-1
0 0 9793
1 22409 22409
0 0 9131
1 6383 6383
0 0 15934
0 0 12975
-1
0 0 14519
1 1859 1859
1 6509 6509
0 0 2848
0 0 6215
-1
1 19279 19279
-1
0 0 1158
-1
1 8438 8438
1 16679 16679
1 13870 13870
1 1983 1983
0 0 7060
0 0 1585
1 19542 19542
0 0 5452
1 6656 6656
0 0 15701
0 0 11450
1 21491 21491
-1
0 0 8747
1 21908 21908
0 0 4231
-1
0 0 2646
-1
-1
1 12228 12228
-1
-1
0 0 9735
-1
0 0 2087
0 0 8943
-1
0 0 1691
0 0 14521
0 0 11432
0 0 4947
-1
0 0 5880
-1
-1
-1
0 0 1454
0 0 14161
0 0 15254
1 12759 12759
0 0 16026
-1
0 0 4817
1 22401 22401
-1
0 0 4038
1 24364 24364
-1
-1
1 12874 12874
1 31708 31708
0 0 14917
1 14384 14384
0 0 9804
1 27514 27514
1 27819 27819
0 0 11697
1 22109 22109
0 0 3329
0 0 9864
0 0 5549
-1
1 9253 9253
0 0 4727
-1
0 0 5212
-1
1 585 585
1 24051 24051
0 0 12732
-1
1 27257 27257
0 0 7281
0 0 12673
1 28700 28700
1 8877 8877
-1
0 0 591
-1
0 0 9266
-1
0 0 11282
-1
0 0 7419
-1
-1
0 0 6371
-1
1 6077 6077
0 0 549
-1
-1
1 11537 11537
-1
0 0 7882
0 0 4609
1 6405 6405
1 7387 7387
-1
-1
1 23654 23654
1 17684 17684
-1
0 0 2323
1 28151 28151
0 0 4159
0 0 975
1 25900 25900
0 0 9078
0 0 14210
0 0 9357
0 0 3271
1 16243 16243
1 26401 26401
-1
0 0 8994
0 0 7571
0 0 9008
-1
0 0 16331
-1
-1
-1
1 24479 24479
-1
-1
1 20277 20277
-1
1 14287 14287
1 15166 15166
1 6069 6069
1 31861 31861
0 0 3963
0 0 14043
1 25197 25197
1 14111 14111
-1
-1
1 106 106
0 0 10911
0 0 16360
0 0 1154
-1
-1
-1
-1
1 21608 21608
0 0 4059
-1
-1
1 9221 9221
0 0 5702
0 0 4767
0 0 186
-1
0 0 3946
-1
0 0 13896
1 30023 30023
1 21406 21406
0 0 14647
0 0 15120
1 16193 16193
0 0 6504
1 32230 32230
-1
1 7045 7045
0 0 5074
0 0 679
1 6184 6184
1 11967 11967
0 0 13458
1 19743 19743
0 0 7789
0 0 13863
-1
-1
-1
0 0 11620
0 0 1605
-1
0 0 6242
-1
-1
-1
0 0 10904
-1
-1
0 0 14786
0 0 7317
1 3082 3082
0 0 8274
0 0 15505
1 32705 32705
1 23943 23943
1 22447 22447
0 0 2232
1 15635 15635
-1
0 0 14585
-1
0 0 2921
0 0 4974
-1
1 5916 5916
0 0 6756
-1
1 14130 14130
0 0 460
0 0 167
-1
1 4867 4867
0 0 1283
1 14803 14803
1 1224 1224
-1
0 0 7531
-1
1 14443 14443
-1
-1
1 5884 5884
1 12223 12223
0 0 4627
-1
-1
-1
1 4432 4432
-1
1 22604 22604
1 5945 5945
0 0 12838
1 17723 17723
-1
1 15620 15620
-1
1 1542 1542
1 23309 23309
0 0 5475
-1
1 29413 29413
1 27462 27462
0 0 16171
-1
-1
0 0 12003
-1
1 11379 11379
0 0 10405
0 0 10522
0 0 12439
1 32548 32548
-1
-1
0 0 7762
-1
1 27595 27595
-1
-1
-1
-1
0 0 4550
0 0 14634
1 3315 3315
-1
0 0 12939
0 0 698
1 23114 23114
1 542 542
1 23017 23017
0 0 12655
-1
-1
-1
1 9220 9220
-1
0 0 5521
1 5859 5859
0 0 6920
1 6550 6550
1 23171 23171
-1
0 0 7982
-1
0 0 13463
1 28484 28484
1 20219 20219
0 0 973
-1
1 11169 11169
-1
1 7133 7133
-1
1 14612 14612
0 0 11769
0 0 7442
0 0 6110
-1
0 0 10807
1 7165 7165
1 13218 13218
0 0 3534
0 0 13122
1 28490 28490
0 0 11246
0 0 12106
0 0 9125
0 0 8031
-1
1 8038 8038
0 0 12738
1 10853 10853
1 14017 14017
0 0 7547
1 17459 17459
-1
0 0 9280
1 15931 15931
-1
-1
0 0 2276
1 26303 26303
1 3803 3803
1 31049 31049
-1
0 0 14737
1 81 81
1 31265 31265
0 0 7883
1 17304 17304
0 0 7961
1 4292 4292
1 724 724
-1
1 12798 12798
1 32691 32691
0 0 5892
1 19562 19562
-1
1 27204 27204
0 0 2329
1 29073 29073
-1
-1
0 0 802
0 0 4783
0 0 4985
1 18114 18114
-1
-1
0 0 6782
0 0 14335
1 10407 10407
1 11229 11229
-1
-1
0 0 11409
0 0 13820
1 19377 19377
-1
0 0 9066
1 1679 1679
0 0 2943
0 0 5998
0 0 3065
1 20617 20617
-1
1 14007 14007
0 0 14549
0 0 6831
-1
1 3756 3756
-1
0 0 9169
0 0 12970
1 12292 12292
0 0 5286
0 0 4282
-1
-1
-1
-1
1 296 296
1 18856 18856
0 0 13965
-1
1 15964 15964
-1
-1
0 0 16107
-1
1 11131 11131
-1
1 17494 17494
1 29460 29460
0 0 5701
1 23359 23359
1 22594 22594
0 0 10417
0 0 14667
-1
0 0 13786
1 19764 19764
1 12855 12855
1 313 313
-1
-1
-1
1 16410 16410
0 0 10429
1 5166 5166
0 0 4053
0 0 293
-1
0 0 8674
1 20301 20301
1 20324 20324
-1
1 4787 4787
0 0 16015
1 20597 20597
-1
-1
0 0 15532
0 0 1599
-1
0 0 4953
-1
1 29945 29945
1 19410 19410
1 24016 24016
-1
1 16973 16973
1 423 423
0 0 10415
0 0 3475
1 8280 8280
0 0 5181
-1
-1
1 10989 10989
0 0 3032
1 18218 18218
-1
0 0 7465
-1
0 0 11400
0 0 8086
1 32706 32706
0 0 14040
1 32707 32707
0 0 15243
1 29162 29162
1 5542 5542
-1
1 4866 4866
0 0 1206
1 31057 31057
0 0 8973
-1
1 19808 19808
0 0 10940
1 8974 8974
1 12776 12776
1 12238 12238
0 0 9405
0 0 9266
1 20408 20408
1 14900 14900
0 0 13281
0 0 130
0 0 5147
0 0 1283
1 5717 5717
-1
-1
1 7464 7464
0 0 8101
1 23887 23887
0 0 3012
1 28278 28278
-1
-1
1 14290 14290
1 25149 25149
0 0 2060
-1
0 0 9051
-1
1 13573 13573
1 9612 9612
0 0 8385
-1
-1
1 23901 23901
0 0 6380
-1
0 0 10934
1 22146 22146
0 0 2838
-1
-1
0 0 3521
1 6729 6729
0 0 7889
-1
1 11036 11036
0 0 4069
-1
1 1356 1356
0 0 5727
0 0 2896
-1
-1
1 29966 29966
-1
1 14765 14765
-1
0 0 11569
-1
1 30904 30904
0 0 14916
-1
-1
1 6965 6965
-1
-1
-1
-1
0 0 15327
1 24569 24569
1 29894 29894
0 0 16274
0 0 5027
1 18529 18529
1 13255 13255
0 0 13059
0 0 758
-1
1 12005 12005
1 17467 17467
1 774 774
1 25504 25504
1 15026 15026
1 2013 2013
1 6782 6782
0 0 8932
-1
-1
0 0 4778
1 28937 28937
-1
-1
0 0 15630
-1
1 9546 9546
0 0 4242
-1
0 0 12567
-1
-1
-1
1 2313 2313
0 0 6369
1 23224 23224
1 23556 23556
0 0 2544
0 0 12663
-1
-1
0 0 5210
-1
1 22776 22776
1 17079 17079
0 0 12057
1 16896 16896
1 21264 21264
1 9367 9367
0 0 8223
1 24857 24857
-1
1 13469 13469
-1
0 0 9804
1 7064 7064
-1
-1
1 21418 21418
0 0 864
0 0 13056
1 25905 25905
0 0 12008
1 6374 6374
0 0 1087
-1
1 21345 21345
-1
0 0 5684
0 0 9505
-1
1 22043 22043
-1
-1
1 18742 18742
0 0 7361
0 0 1871
1 14517 14517
0 0 5476
1 7577 7577
1 19118 19118
-1
-1
1 23853 23853
1 21677 21677
-1
-1
1 2304 2304
1 8303 8303
0 0 15447
-1
1 29769 29769
0 0 3054
0 0 10018
1 2735 2735
0 0 2200
-1
-1
1 8163 8163
-1
-1
-1
0 0 15777
1 7758 7758
0 0 1641
0 0 12536
1 16619 16619
0 0 5901
1 28926 28926
1 20330 20330
1 13133 13133
-1
-1
-1
0 0 11734
-1
1 24516 24516
-1
0 0 339
0 0 14854
-1
-1
-1
-1
0 0 3751
-1
1 11881 11881
-1
-1
0 0 13864
-1
1 13539 13539
1 18727 18727
1 26792 26792
-1
0 0 11811
1 11602 11602
1 8077 8077
1 23891 23891
1 16127 16127
1 13333 13333
0 0 8008
1 22988 22988
1 12714 12714
1 29659 29659
0 0 2618
1 26685 26685
0 0 9514
0 0 14353
-1
-1
1 7424 7424
1 14848 14848
0 0 2171
0 0 3551
-1
0 0 12364
-1
1 26430 26430
-1
-1
0 0 16163
1 4753 4753
0 0 10358
0 0 9472
0 0 5270
1 21827 21827
0 0 14369
0 0 15105
1 30931 30931
0 0 6743
0 0 6713
-1
-1
0 0 11843
-1
-1
1 24654 24654
-1
-1
0 0 12292
-1
-1
-1
-1
-1
-1
1 16116 16116
-1
0 0 1076
1 4974 4974
-1
1 6519 6519
0 0 4746
0 0 670
1 10674 10674
1 20354 20354
-1
0 0 4929
1 31365 31365
1 2336 2336
0 0 4353
0 0 3742
1 5809 5809
-1
-1
-1
-1
-1
1 27425 27425
0 0 3986
0 0 11512
0 0 9435
-1
-1
-1
-1
1 8292 8292
1 4716 4716
-1
1 2483 2483
1 25666 25666
1 20793 20793
-1
-1
-1
1 15309 15309
0 0 7099
0 0 2549
1 2587 2587
-1
1 23373 23373
1 18670 18670
0 0 1965
-1
-1
-1
-1
-1
1 24835 24835
1 19417 19417
-1
-1
-1
0 0 949
0 0 12639
1 23370 23370
0 0 9947
1 1995 1995
1 20329 20329
0 0 2368
-1
0 0 514
-1
0 0 16240
-1
-1
1 573 573
1 15487 15487
1 12918 12918
1 4475 4475
-1
-1
1 13018 13018
-1
0 0 14989
-1
0 0 332
-1
0 0 12874
1 15513 15513
1 23755 23755
-1
1 3763 3763
0 0 2317
1 19970 19970
-1
-1
1 25391 25391
1 28862 28862
1 3800 3800
1 18679 18679
0 0 14771
1 31222 31222
1 25899 25899
-1
-1
-1
-1
-1
0 0 9930
-1
-1
0 0 15942
1 5706 5706
1 24940 24940
-1
0 0 9154
1 23709 23709
0 0 11871
0 0 10881
-1
1 7873 7873
1 27048 27048
1 25150 25150
1 28658 28658
-1
0 0 12587
0 0 5108
-1
-1
-1
-1
0 0 4263
1 27489 27489
-1
-1
1 7349 7349
0 0 12639
1 24851 24851
1 3171 3171
1 9675 9675
0 0 15015
0 0 2199
-1
1 17144 17144
-1
1 1859 1859
-1
1 15065 15065
1 26745 26745
0 0 8793
0 0 14802
-1
-1
-1
-1
-1
1 29468 29468
0 0 13380
0 0 16281
-1
1 9627 9627
-1
1 28191 28191
-1
0 0 14423
1 23535 23535
-1
1 12115 12115
-1
0 0 3844
-1
-1
1 31210 31210
-1
1 26518 26518
1 25221 25221
0 0 12456
0 0 591
1 29695 29695
0 0 8619
0 0 14948
1 693 693
1 31423 31423
1 14844 14844
0 0 3552
1 14243 14243
-1
-1
0 0 4672
1 30935 30935
0 0 2497
1 6923 6923
1 15522 15522
-1
1 2778 2778
0 0 16300
0 0 7367
1 25615 25615
-1
1 1602 1602
0 0 6277
-1
-1
1 12733 12733
-1
0 0 1007
1 4163 4163
0 0 5049
-1
-1
1 5369 5369
-1
1 22475 22475
1 7940 7940
-1
0 0 13014
0 0 14733
1 6464 6464
-1
-1
1 29739 29739
0 0 13761
0 0 16270
0 0 14752
-1
1 14032 14032
1 2212 2212
1 28043 28043
-1
0 0 9038
0 0 15768
1 24003 24003
1 21433 21433
-1
0 0 11454
-1
1 29388 29388
0 0 6248
0 0 2731
1 7681 7681
-1
0 0 9076
0 0 14353
0 0 4710
0 0 5088
0 0 12528
1 11095 11095
1 10253 10253
1 6319 6319
-1
-1
1 32554 32554
0 0 9259
1 22733 22733
0 0 3613
1 31545 31545
-1
0 0 3081
0 0 13534
0 0 1475
0 0 6021
0 0 13803
1 22604 22604
-1
1 23492 23492
1 24616 24616
-1
-1
0 0 6601
0 0 11328
0 0 14473
0 0 2360
-1
1 3157 3157
-1
-1
-1
-1
1 10582 10582
-1
0 0 1375
0 0 8573
0 0 10055
0 0 3427
1 18247 18247
0 0 3194
1 1314 1314
0 0 3993
-1
1 31161 31161
-1
0 0 5830
0 0 1042
0 0 15871
1 22975 22975
1 16247 16247
1 26473 26473
-1
0 0 14484
1 2503 2503
0 0 13598
-1
1 23989 23989
0 0 2177
0 0 819
1 10822 10822
1 7683 7683
0 0 1779
-1
-1
1 14541 14541
0 0 4337
1 1930 1930
0 0 5579
1 15708 15708
1 23453 23453
-1
0 0 8732
0 0 2568
1 2924 2924
-1
0 0 11778
1 7901 7901
-1
-1
-1
-1
1 556 556
-1
-1
0 0 5559
-1
-1
-1
0 0 10943
0 0 13050
0 0 5195
-1
0 0 15005
0 0 2041
-1
0 0 4642
1 9211 9211
0 0 10476
0 0 1704
0 0 15236
-1
-1
1 7792 7792
1 13017 13017
0 0 12707
-1
1 1004 1004
1 32566 32566
-1
-1
1 1619 1619
0 0 7947
-1
0 0 6968
0 0 8514
0 0 13363
0 0 6442
1 28534 28534
1 4664 4664
-1
1 4784 4784
-1
0 0 8762
1 12473 12473
-1
-1
1 9751 9751
1 21462 21462
0 0 14991
-1
-1
-1
0 0 4059
-1
1 809 809
-1
0 0 9857
-1
0 0 7419
0 0 12742
1 15418 15418
1 13908 13908
1 22503 22503
-1
-1
-1
-1
-1
1 22551 22551
1 7155 7155
1 20491 20491
0 0 2003
-1
0 0 511
-1
0 0 3293
0 0 1979
1 29764 29764
1 9357 9357
1 21300 21300
1 30332 30332
-1
0 0 13927
1 14189 14189
1 14273 14273
-1
0 0 5587
-1
1 27527 27527
1 31777 31777
0 0 4998
-1
-1
1 13054 13054
1 26831 26831
-1
0 0 11257
1 9392 9392
1 22287 22287
0 0 3095
-1
0 0 6725
-1
-1
-1
0 0 4810
1 25135 25135
0 0 11808
1 22268 22268
-1
-1
1 27296 27296
0 0 6439
0 0 8303
0 0 387
1 19679 19679
-1
-1
1 32294 32294
0 0 8886
0 0 3209
1 17376 17376
-1
0 0 6229
1 21460 21460
1 6386 6386
-1
1 4463 4463
0 0 1132
0 0 2964
0 0 15678
-1
0 0 1182
0 0 3773
-1
1 31272 31272
1 28974 28974
1 20108 20108
1 142 142
1 6285 6285
1 2160 2160
-1
1 3858 3858
-1
-1
1 14617 14617
1 6970 6970
1 1574 1574
1 12502 12502
-1
-1
0 0 6657
-1
1 28960 28960
0 0 4012
0 0 11512
1 11032 11032
1 15471 15471
0 0 12492
-1
1 7064 7064
-1
-1
1 5837 5837
-1
-1
-1
0 0 8194
0 0 1342
-1
0 0 10443
0 0 5999
-1
0 0 9610
-1
-1
0 0 8494
-1
0 0 14804
1 4994 4994
-1
-1
-1
-1
1 19006 19006
1 12322 12322
-1
1 17756 17756
1 30635 30635
0 0 6362
1 30201 30201
0 0 10757
0 0 7478
1 8208 8208
1 2793 2793
-1
1 20704 20704
0 0 6323
0 0 11612
0 0 9039
0 0 9785
-1
-1
-1
0 0 14611
0 0 6764
0 0 6834
0 0 10713
1 27413 27413
-1
-1
0 0 12954
-1
1 6332 6332
0 0 6172
0 0 4003
-1
0 0 13970
-1
1 13101 13101
-1
-1
1 8877 8877
1 25757 25757
0 0 10189
1 28413 28413
1 29801 29801
-1
0 0 4448
-1
-1
1 1590 1590
0 0 14503
0 0 6173
0 0 598
1 10896 10896
0 0 6004
0 0 4962
0 0 1869
-1
1 30533 30533
-1
-1
-1
-1
1 7261 7261
0 0 5283
-1
1 12935 12935
-1
0 0 6768
0 0 4561
-1
-1
1 7669 7669
0 0 1326
-1
1 21819 21819
0 0 6369
1 27882 27882
1 16639 16639
0 0 15579
0 0 2864
0 0 7045
1 29522 29522
0 0 14491
-1
0 0 2104
0 0 12109
1 21785 21785
1 18820 18820
0 0 5280
0 0 6294
-1
0 0 5739
1 22167 22167
1 1527 1527
1 27510 27510
0 0 1483
0 0 16256
-1
0 0 10519
0 0 11197
1 22271 22271
0 0 14816
0 0 863
0 0 12040
-1
-1
-1
1 24889 24889
1 2185 2185
0 0 7919
0 0 2578
-1
-1
1 3261 3261
0 0 15210
1 28015 28015
1 20822 20822
1 25466 25466
-1
-1
-1
0 0 4486
0 0 3278
1 29874 29874
0 0 2916
0 0 11902
0 0 9508
-1
0 0 1940
0 0 4599
0 0 2394
-1
-1
1 11280 11280
1 3498 3498
1 6462 6462
1 30307 30307
-1
0 0 3157
0 0 12421
0 0 1198
0 0 13774
0 0 3126
0 0 12748
1 3436 3436
-1
1 3412 3412
1 29072 29072
0 0 1729
-1
0 0 15359
-1
-1
-1
-1
1 29705 29705
0 0 11815
0 0 769
-1
-1
-1
0 0 3286
1 572 572
0 0 15783
-1
0 0 4727
-1
0 0 8928
0 0 9877
1 20662 20662
1 11869 11869
0 0 10171
0 0 16339
0 0 11836
1 10957 10957
0 0 1076
-1
1 11977 11977
1 16628 16628
-1
0 0 4761
-1
1 5392 5392
1 25331 25331
0 0 13037
-1
1 25617 25617
1 26907 26907
1 22379 22379
-1
0 0 1037
1 26778 26778
-1
-1
1 19717 19717
1 22792 22792
1 17649 17649
0 0 12367
-1
0 0 3306
1 23070 23070
-1
1 19553 19553
0 0 1375
-1
0 0 12635
1 12167 12167
-1
1 3010 3010
-1
1 24054 24054
0 0 8267
0 0 7252
0 0 987
-1
0 0 405
0 0 9342
1 28404 28404
-1
-1
1 30812 30812
0 0 11142
1 12185 12185
-1
-1
1 17021 17021
-1
-1
1 1633 1633
1 8540 8540
0 0 16081
-1
0 0 8896
1 16847 16847
1 12021 12021
0 0 6288
1 19864 19864
0 0 2120
0 0 9581
0 0 14041
1 32393 32393
-1
-1
1 10234 10234
1 10275 10275
0 0 7146
-1
0 0 14889
0 0 11095
0 0 5016
1 26698 26698
1 28017 28017
-1
1 9103 9103
-1
0 0 11883
-1
1 27153 27153
0 0 12973
-1
1 3063 3063
1 26985 26985
-1
-1
1 30607 30607
0 0 6447
1 21083 21083
1 8415 8415
1 1473 1473
1 14412 14412
-1
0 0 15702
1 29709 29709
1 24993 24993
-1
0 0 12580
-1
1 26721 26721
0 0 9949
-1
0 0 2965
1 2723 2723
-1
-1
0 0 5727
1 2833 2833
0 0 12929
1 23035 23035
-1
1 364 364
-1
0 0 1598
-1
-1
1 32461 32461
1 25094 25094
-1
-1
0 0 14697
0 0 15388
1 29792 29792
-1
0 0 2854
-1
1 25742 25742
0 0 10076
-1
0 0 12001
0 0 11796
-1
0 0 11512
0 0 12608
-1
1 9101 9101
0 0 1060
-1
1 24751 24751
1 16339 16339
1 15212 15212
-1
-1
-1
0 0 7898
-1
-1
1 22641 22641
0 0 16343
0 0 14708
-1
-1
0 0 1613
-1
1 27059 27059
0 0 16176
1 20203 20203
-1
0 0 1062
0 0 13691
0 0 4708
-1
1 8500 8500
-1
-1
-1
0 0 2247
0 0 7703
0 0 14504
-1
0 0 15802
-1
-1
0 0 11462
0 0 6459
-1
-1
-1
-1
-1
0 0 6285
0 0 15694
1 2123 2123
-1
1 23540 23540
1 5821 5821
-1
-1
-1
0 0 2807
0 0 11204
0 0 14413
-1
0 0 2204
1 17220 17220
0 0 2449
1 473 473
-1
0 0 3577
-1
1 9739 9739
0 0 14065
0 0 5800
0 0 3338
1 29933 29933
0 0 13372
0 0 3141
-1
-1
1 12949 12949
-1
0 0 8155
0 0 5032
0 0 6066
0 0 13255
0 0 5954
-1
1 23144 23144
1 27002 27002
1 18160 18160
-1
1 12277 12277
-1
0 0 11507
0 0 12157
0 0 13018
-1
-1
0 0 8965
-1
-1
1 21912 21912
1 17079 17079
-1
1 26241 26241
0 0 12810
1 8323 8323
-1
0 0 6973
-1
-1
0 0 4399
1 11986 11986
0 0 1799
1 13967 13967
0 0 960
0 0 11104
-1
-1
1 32431 32431
-1
0 0 12516
0 0 7087
0 0 7792
0 0 3260
1 24859 24859
1 13476 13476
-1
1 24436 24436
1 4198 4198
1 1381 1381
1 7489 7489
0 0 14898
1 10976 10976
0 0 4553
0 0 9984
-1
0 0 8745
1 18002 18002
-1
0 0 4675
0 0 3279
0 0 6973
-1
-1
0 0 6300
0 0 14731
-1
0 0 7951
0 0 9682
1 9704 9704
-1
-1
-1
0 0 13297
0 0 8566
-1
1 118 118
-1
-1
0 0 11530
0 0 2407
0 0 14869
-1
1 4850 4850
-1
-1
-1
0 0 14321
1 11537 11537
1 27291 27291
0 0 11882
0 0 7544
0 0 15219
1 15822 15822
1 19476 19476
1 15393 15393
1 27504 27504
-1
1 15025 15025
-1
1 28118 28118
1 9735 9735
1 8717 8717
1 4531 4531
0 0 4074
0 0 10368
0 0 1071
0 0 13870
1 29240 29240
0 0 10030
-1
1 12985 12985
1 1382 1382
0 0 843
1 19925 19925
0 0 3846
-1
1 25312 25312
-1
0 0 12361
0 0 10311
0 0 10446
0 0 14375
0 0 2300
0 0 15834
-1
0 0 12607
0 0 13808
-1
1 1281 1281
0 0 8483
-1
0 0 8208
1 18678 18678
1 7589 7589
1 17542 17542
-1
0 0 11131
0 0 2489
0 0 12389
-1
1 27371 27371
-1
1 2467 2467
-1
1 28910 28910
-1
-1
-1
-1
-1
-1
0 0 4229
0 0 16331
0 0 8774
1 477 477
-1
-1
-1
1 8710 8710
0 0 14086
-1
1 17966 17966
1 6088 6088
-1
-1
1 29401 29401
0 0 6119
0 0 9902
1 7686 7686
0 0 5428
-1
0 0 15097
-1
0 0 2260
1 16146 16146
1 1058 1058
0 0 5047
0 0 4507
-1
-1
1 17906 17906
1 2048 2048
0 0 9625
-1
1 14540 14540
1 16334 16334
0 0 4463
-1
-1
-1
1 24272 24272
1 31475 31475
-1
1 31914 31914
1 29276 29276
1 24057 24057
-1
1 32743 32743
-1
0 0 12744
1 2671 2671
-1
-1
1 15466 15466
1 170 170
0 0 15476
0 0 14755
0 0 2660
-1
-1
-1
1 17665 17665
1 9093 9093
1 22613 22613
0 0 13009
1 20994 20994
-1
1 2130 2130
-1
1 15816 15816
-1
-1
-1
0 0 5108
0 0 1763
-1
0 0 1838
1 15880 15880
1 7469 7469
0 0 12680
0 0 6239
1 31843 31843
-1
-1
1 19717 19717
1 15945 15945
1 21084 21084
-1
0 0 832
1 7836 7836
0 0 1269
0 0 10162
0 0 13949
-1
0 0 5988
1 17892 17892
-1
-1
-1
-1
-1
0 0 13209
-1
1 21277 21277
0 0 5802
1 30508 30508
-1
0 0 3373
1 21514 21514
-1
0 0 4849
1 31382 31382
-1
1 27157 27157
1 9293 9293
0 0 6801
-1
-1
-1
1 25769 25769
1 6401 6401
0 0 8688
-1
0 0 724
0 0 2379
-1
0 0 511
1 20207 20207
0 0 11009
1 20982 20982
0 0 2336
1 23076 23076
0 0 12170
0 0 7602
0 0 16304
-1
-1
1 11007 11007
0 0 6631
0 0 5896
-1
1 29612 29612
1 32424 32424
0 0 12891
1 5764 5764
-1
-1
0 0 7443
1 24265 24265
0 0 3742
-1
1 1450 1450
1 2821 2821
0 0 13161
-1
0 0 559
1 5696 5696
0 0 13808
0 0 16307
1 12725 12725
1 19571 19571
-1
0 0 4461
-1
1 14092 14092
1 5278 5278
1 62 62
0 0 87
-1
1 17826 17826
1 13216 13216
0 0 9901
0 0 7863
-1
1 9151 9151
1 32690 32690
1 20439 20439
1 19735 19735
-1
1 27214 27214
-1
-1
-1
-1
1 31951 31951
1 10677 10677
-1
1 8649 8649
-1
-1
0 0 7838
0 0 13883
0 0 13916
1 13031 13031
-1
-1
0 0 15536
-1
0 0 1614
-1
-1
0 0 1194
0 0 11133
-1
-1
1 8109 8109
0 0 10420
1 27081 27081
0 0 12687
-1
0 0 1723
0 0 1516
-1
1 25806 25806
1 9328 9328
1 1326 1326
-1
-1
1 7120 7120
1 29735 29735
1 6331 6331
1 23112 23112
-1
-1
0 0 13193
-1
0 0 13532
1 13464 13464
-1
-1
-1
0 0 2615
1 25884 25884
0 0 15402
1 12831 12831
0 0 9170
1 28806 28806
1 25521 25521
0 0 497
0 0 157
-1
1 7829 7829
1 4919 4919
0 0 4739
-1
-1
-1
-1
-1
0 0 11299
-1
1 20919 20919
1 26636 26636
-1
0 0 6304
1 8938 8938
-1
-1
0 0 13374
1 28655 28655
0 0 12048
1 1269 1269
0 0 7278
1 8255 8255
0 0 11189
-1
1 6477 6477
-1
1 25174 25174
0 0 2566
1 30573 30573
-1
1 6286 6286
0 0 9009
0 0 15880
1 31768 31768
-1
1 26364 26364
-1
-1
0 0 10662
-1
0 0 1949
-1
1 13931 13931
1 17806 17806
0 0 12278
0 0 11662
-1
0 0 8389
-1
-1
-1
-1
-1
1 91 91
0 0 10543
0 0 4258
0 0 4193
1 15165 15165
0 0 6058
-1
0 0 5156
1 28977 28977
1 6965 6965
0 0 14408
0 0 5666
1 5965 5965
-1
1 26541 26541
-1
1 5113 5113
0 0 853
1 24983 24983
-1
-1
0 0 1547
0 0 9682
1 16906 16906
0 0 12838
1 5409 5409
1 24511 24511
-1
1 6120 6120
-1
1 29929 29929
0 0 13073
0 0 385
0 0 2844
-1
-1
-1
1 32702 32702
0 0 4451
0 0 10587
-1
0 0 7273
0 0 6063
0 0 9224
-1
-1
0 0 15075
0 0 10828
1 18750 18750
0 0 3463
-1
0 0 9765
0 0 9742
0 0 6312
0 0 16344
1 13272 13272
1 31925 31925
0 0 11560
0 0 2522
1 17700 17700
-1
0 0 2206
1 21390 21390
0 0 8675
0 0 6970
0 0 4507
0 0 10553
-1
-1
-1
-1
0 0 14714
0 0 8394
0 0 8402
-1
0 0 6619
1 29472 29472
0 0 335
-1
1 23349 23349
-1
1 12472 12472
1 22435 22435
1 16656 16656
0 0 6781
0 0 5931
1 11253 11253
0 0 10443
-1
-1
-1
-1
1 5614 5614
0 0 1920
0 0 6013
-1
1 26866 26866
-1
1 31679 31679
-1
0 0 7352
1 3035 3035
0 0 3823
1 17733 17733
-1
0 0 8949
1 29653 29653
0 0 2490
0 0 31
0 0 6580
-1
1 9460 9460
-1
-1
1 14608 14608
1 29951 29951
1 6220 6220
0 0 9653
-1
-1
-1
-1
-1
0 0 3800
0 0 1643
-1
-1
0 0 5417
1 10427 10427
0 0 11474
1 7644 7644
-1
0 0 11050
1 22541 22541
-1
1 17895 17895
-1
0 0 2804
-1
-1
0 0 13631
1 31857 31857
1 30461 30461
1 32275 32275
1 399 399
1 8410 8410
-1
1 7256 7256
1 19537 19537
0 0 2149
1 22051 22051
0 0 8437
0 0 10218
-1
1 26764 26764
-1
1 7169 7169
1 24351 24351
1 1319 1319
-1
-1
-1
0 0 15748
1 28447 28447
-1
-1
-1
-1
0 0 1066
0 0 8428
0 0 4836
0 0 30
1 30756 30756
0 0 11002
0 0 153
0 0 14698
1 3073 3073
-1
0 0 14844
0 0 5548
-1
-1
0 0 5190
-1
1 5036 5036
-1
0 0 13566
-1
-1
0 0 4349
1 29801 29801
0 0 882
-1
0 0 15315
0 0 2753
1 24973 24973
-1
0 0 8957
1 7442 7442
1 797 797
0 0 9680
1 6656 6656
1 7538 7538
0 0 2788
0 0 6070
1 30776 30776
-1
-1
1 16222 16222
1 22802 22802
1 20978 20978
1 22084 22084
0 0 8121
0 0 15034
-1
0 0 14976
0 0 12030
1 25404 25404
1 15470 15470
0 0 4057
-1
0 0 218
1 18802 18802
-1
0 0 812
1 13855 13855
0 0 6086
-1
1 31984 31984
1 30772 30772
1 8487 8487
-1
-1
-1
-1
0 0 6198
1 22167 22167
0 0 11707
1 8661 8661
0 0 4125
1 2534 2534
-1
-1
0 0 2220
1 27409 27409
0 0 12959
0 0 7587
-1
0 0 13957
1 16427 16427
-1
0 0 10045
0 0 3275
-1
0 0 12097
-1
1 2510 2510
-1
-1
-1
-1
1 18331 18331
0 0 1769
1 3224 3224
1 26955 26955
1 20462 20462
1 9569 9569
-1
-1
0 0 7162
1 27841 27841
1 12638 12638
-1
0 0 11695
1 31286 31286
1 4309 4309
-1
1 7764 7764
0 0 10251
0 0 9839
1 16146 16146
1 2543 2543
-1
0 0 10334
-1
0 0 7262
-1
1 19817 19817
-1
0 0 2464
-1
-1
0 0 13969
0 0 11832
-1
1 31888 31888
1 16425 16425
1 3637 3637
-1
-1
1 19864 19864
0 0 759
0 0 2954
1 3876 3876
1 23928 23928
0 0 118
-1
0 0 9342
1 21927 21927
0 0 13435
-1
0 0 6811
0 0 2347
-1
-1
0 0 13659
0 0 1861
-1
-1
-1
0 0 11854
1 29289 29289
0 0 10436
0 0 273
0 0 14172
-1
-1
-1
0 0 6065
1 14769 14769
0 0 999
-1
1 27117 27117
-1
1 6927 6927
0 0 741
-1
-1
0 0 11163
-1
-1
0 0 9908
1 17371 17371
-1
0 0 12938
-1
1 23849 23849
1 8363 8363
-1
0 0 8989
1 25695 25695
0 0 7907
-1
0 0 11899
1 79 79
1 9535 9535
-1
-1
-1
0 0 4121
1 21814 21814
1 25250 25250
0 0 73
1 25335 25335
0 0 1938
-1
-1
-1
-1
-1
-1
-1
0 0 11397
-1
-1
-1
0 0 15047
1 5819 5819
-1
0 0 7020
1 14986 14986
0 0 4355
0 0 6
1 13496 13496
0 0 6603
-1
-1
0 0 11730
0 0 10767
1 3581 3581
-1
-1
-1
0 0 11428
1 22200 22200
-1
-1
1 2891 2891
-1
-1
1 27864 27864
1 17974 17974
1 31475 31475
0 0 2035
-1
1 17584 17584
-1
0 0 14707
1 16900 16900
1 30292 30292
1 19970 19970
1 12671 12671
0 0 13927
1 27695 27695
1 24320 24320
1 31530 31530
-1
1 5443 5443
1 16524 16524
-1
0 0 12855
1 19207 19207
1 5324 5324
-1
-1
0 0 5874
0 0 3645
1 10580 10580
1 19775 19775
0 0 10461
1 18281 18281
1 14728 14728
-1
0 0 7468
0 0 2684
-1
-1
0 0 5124
0 0 8784
-1
-1
1 13314 13314
1 22125 22125
-1
0 0 10188
1 15604 15604
-1
0 0 7855
0 0 94
-1
0 0 2880
0 0 2469
0 0 2153
1 22205 22205
1 27716 27716
0 0 9044
-1
1 12469 12469
0 0 4623
0 0 12116
0 0 6480
-1
-1
-1
1 18778 18778
1 12993 12993
-1
1 6247 6247
1 2559 2559
1 17966 17966
-1
1 1298 1298
1 18400 18400
-1
-1
0 0 4764
-1
0 0 13899
0 0 2015
0 0 13257
-1
-1
0 0 16130
-1
-1
0 0 11441
0 0 10761
1 19783 19783
1 11160 11160
0 0 14589
1 32736 32736
0 0 7563
-1
1 30479 30479
-1
-1
-1
1 4015 4015
0 0 584
1 11717 11717
1 29239 29239
0 0 13232
-1
0 0 5224
0 0 7907
0 0 9551
1 17025 17025
0 0 13157
-1
1 4951 4951
0 0 11012
-1
-1
1 25964 25964
-1
0 0 9612
1 22226 22226
-1
0 0 15164
-1
0 0 13338
-1
0 0 257
-1
0 0 13479
1 1654 1654
0 0 9682
-1
1 2698 2698
1 29026 29026
1 24229 24229
1 10636 10636
1 13858 13858
-1
1 21080 21080
1 17410 17410
0 0 13396
1 17421 17421
-1
0 0 3819
-1
-1
1 18587 18587
0 0 12928
1 29549 29549
1 22937 22937
1 19132 19132
-1
-1
1 9329 9329
-1
0 0 3420
-1
0 0 6260
1 15555 15555
-1
-1
1 18778 18778
0 0 4377
-1
-1
-1
0 0 13299
1 32765 32765
-1
0 0 2551
1 22489 22489
-1
1 1735 1735
0 0 11848
1 3219 3219
1 3739 3739
0 0 15981
0 0 13207
0 0 8409
1 20664 20664
0 0 8905
0 0 3446
0 0 14903
0 0 4740
0 0 11279
0 0 16046
0 0 10757
0 0 3334
-1
-1
0 0 305
1 25975 25975
0 0 3269
1 30715 30715
0 0 4659
-1
0 0 4403
0 0 523
0 0 8524
-1
0 0 13577
0 0 14308
1 31121 31121
1 4536 4536
0 0 2864
1 1129 1129
-1
-1
-1
-1
0 0 11721
1 21874 21874
-1
1 27044 27044
-1
0 0 3255
1 32419 32419
0 0 14107
1 9142 9142
1 3952 3952
-1
1 27817 27817
0 0 12945
1 18633 18633
1 26332 26332
1 2713 2713
-1
1 30339 30339
-1
0 0 6861
1 20730 20730
-1
0 0 9036
1 28592 28592
1 16833 16833
0 0 7774
1 21940 21940
-1
-1
1 28240 28240
1 30990 30990
-1
1 28795 28795
1 8045 8045
-1
0 0 8960
1 6592 6592
0 0 8591
1 18105 18105
0 0 12190
0 0 11132
1 30501 30501
-1
0 0 3324
-1
0 0 9274
0 0 15017
0 0 7354
1 21701 21701
1 18359 18359
1 752 752
0 0 13936
0 0 6821
1 28102 28102
0 0 11240
-1
-1
-1
-1
0 0 397
0 0 12707
1 9665 9665
-1
-1
0 0 3412
0 0 3444
0 0 932
-1
-1
-1
1 9891 9891
1 30896 30896
0 0 11273
1 3436 3436
1 18909 18909
1 10047 10047
1 2814 2814
-1
-1
0 0 15975
0 0 7095
-1
0 0 9483
-1
1 20938 20938
0 0 7341
0 0 6654
0 0 7763
-1
1 10330 10330
0 0 3654
-1
-1
-1
1 9808 9808
-1
1 13407 13407
0 0 14867
1 15133 15133
0 0 13397
1 31567 31567
1 18266 18266
-1
1 8913 8913
1 20805 20805
0 0 10050
1 5341 5341
-1
0 0 6477
-1
1 11942 11942
1 3300 3300
-1
0 0 10913
-1
-1
1 18616 18616
1 25818 25818
1 12634 12634
1 23095 23095
-1
-1
-1
0 0 8464
0 0 2952
0 0 15495
-1
-1
-1
1 5989 5989
-1
0 0 14268
0 0 8230
0 0 1330
0 0 9080
1 1503 1503
1 11470 11470
-1
-1
1 25258 25258
-1
0 0 3592
0 0 4867
-1
0 0 14972
1 27161 27161
0 0 14001
-1
0 0 15915
-1
1 26156 26156
1 15571 15571
0 0 14355
-1
-1
0 0 1329
-1
0 0 11957
0 0 6991
-1
0 0 12208
-1
1 1317 1317
0 0 629
-1
1 21434 21434
-1
1 2587 2587
0 0 2679
-1
1 28143 28143
1 29008 29008
-1
-1
1 30600 30600
-1
0 0 556
-1
-1
0 0 9306
-1
-1
0 0 5209
0 0 13918
-1
1 10103 10103
-1
0 0 8637
1 10200 10200
-1
0 0 1477
0 0 8381
1 25899 25899
1 11495 11495
0 0 15341
1 26945 26945
0 0 16124
1 30615 30615
0 0 2246
0 0 11233
1 29669 29669
1 11571 11571
-1
0 0 4213
-1
0 0 4710
-1
0 0 15883
0 0 2960
0 0 5782
0 0 15150
1 16535 16535
-1
-1
1 3882 3882
0 0 6426
-1
1 11491 11491
0 0 11524
0 0 3796
0 0 9309
0 0 6247
0 0 11773
-1
-1
0 0 7124
-1
-1
1 15140 15140
1 2623 2623
0 0 2859
0 0 11148
1 29683 29683
1 29711 29711
-1
-1
1 17607 17607
1 1999 1999
-1
1 29089 29089
-1
0 0 6643
-1
1 16318 16318
-1
1 9970 9970
1 28630 28630
0 0 2748
0 0 9867
-1
1 13946 13946
0 0 1173
-1
1 26711 26711
-1
-1
0 0 2636
-1
-1
1 24480 24480
0 0 4719
0 0 12279
0 0 7225
0 0 6190
-1
-1
-1
1 25600 25600
0 0 4288
0 0 8822
0 0 945
-1
-1
-1
1 22276 22276
0 0 4917
1 5799 5799
0 0 223
-1
1 24267 24267
-1
1 2511 2511
-1
0 0 6945
-1
-1
1 18531 18531
-1
1 12985 12985
1 27250 27250
1 29117 29117
0 0 6419
0 0 7861
-1
-1
0 0 9702
1 16470 16470
1 1597 1597
1 15194 15194
-1
-1
0 0 8241
0 0 16377
0 0 887
1 27233 27233
1 18689 18689
0 0 8684
1 5341 5341
-1
0 0 6906
0 0 7268
-1
1 27041 27041
1 22991 22991
1 21202 21202
-1
-1
-1
1 28892 28892
0 0 15902
1 14370 14370
1 11000 11000
-1
0 0 10826
1 18180 18180
-1
0 0 14036
1 20906 20906
-1
-1
1 27865 27865
1 11754 11754
-1
0 0 3896
1 12773 12773
0 0 11161
1 20805 20805
1 12256 12256
1 344 344
-1
1 10859 10859
1 14292 14292
-1
1 1174 1174
1 26169 26169
1 20608 20608
0 0 10139
1 22066 22066
0 0 14174
-1
-1
-1
0 0 16264
1 11071 11071
-1
0 0 9106
1 17389 17389
1 32184 32184
0 0 5791
-1
1 19478 19478
1 6831 6831
0 0 2521
1 13839 13839
-1
0 0 8621
-1
0 0 6937
-1
0 0 4688
-1
-1
1 17875 17875
1 15261 15261
1 13702 13702
1 12687 12687
1 31241 31241
1 2594 2594
0 0 5131
1 27018 27018
0 0 7693
0 0 3481
-1
0 0 3110
-1
1 22408 22408
0 0 5314
0 0 9486
-1
0 0 5382
0 0 12693
1 32173 32173
0 0 5548
1 29794 29794
-1
1 169 169
0 0 3150
-1
-1
-1
-1
-1
1 26457 26457
0 0 2217
-1
-1
0 0 9081
0 0 13003
-1
0 0 12667
0 0 3544
1 32630 32630
0 0 8540
0 0 6445
1 15963 15963
1 4833 4833
-1
-1
-1
-1
1 24749 24749
0 0 16214
-1
1 13394 13394
1 26931 26931
-1
1 31353 31353
-1
1 12979 12979
-1
0 0 3912
-1
1 5852 5852
0 0 5218
1 11355 11355
-1
0 0 1401
1 23018 23018
0 0 3080
-1
0 0 10278
0 0 15261
-1
0 0 1052
-1
1 761 761
-1
0 0 12393
-1
0 0 4750
1 12055 12055
-1
0 0 8834
1 20436 20436
0 0 9596
1 30309 30309
1 28644 28644
1 13308 13308
1 14052 14052
0 0 12063
-1
0 0 725
1 29841 29841
-1
-1
-1
-1
1 6757 6757
0 0 7316
1 7407 7407
-1
0 0 8677
1 26433 26433
1 9009 9009
-1
1 13328 13328
0 0 601
1 20818 20818
-1
0 0 3376
0 0 15244
0 0 12149
0 0 12281
1 30689 30689
0 0 4821
0 0 6370
-1
1 11301 11301
1 27053 27053
-1
1 25004 25004
-1
1 20220 20220
1 12408 12408
1 9012 9012
1 27287 27287
0 0 4675
-1
0 0 207
-1
-1
-1
0 0 2357
0 0 7997
1 15982 15982
1 793 793
-1
0 0 14750
0 0 12870
1 8612 8612
1 3383 3383
0 0 3046
0 0 1974
0 0 15068
-1
1 16109 16109
-1
0 0 15455
1 22292 22292
1 32210 32210
1 16588 16588
1 10971 10971
-1
-1
1 13743 13743
1 22367 22367
1 28858 28858
1 7946 7946
1 23830 23830
-1
1 11874 11874
1 2188 2188
0 0 11282
1 4084 4084
-1
1 24885 24885
-1
-1
0 0 2358
-1
0 0 9044
0 0 7191
1 10375 10375
-1
1 18120 18120
1 5575 5575
0 0 4740
0 0 3023
1 9444 9444
0 0 7297
-1
0 0 10710
0 0 4033
-1
-1
0 0 2469
1 12225 12225
-1
1 25444 25444
0 0 14812
0 0 3302
-1
0 0 6088
1 15912 15912
1 19816 19816
1 26740 26740
-1
1 13374 13374
0 0 2870
-1
0 0 14520
0 0 5707
1 7490 7490
1 6452 6452
1 9242 9242
-1
1 14187 14187
1 11095 11095
-1
1 16948 16948
-1
1 18128 18128
0 0 7358
1 22004 22004
-1
1 15103 15103
1 26276 26276
1 16869 16869
1 20339 20339
0 0 13628
-1
0 0 12403
0 0 2677
1 24451 24451
1 29546 29546
0 0 12004
-1
0 0 6222
-1
-1
1 27582 27582
-1
1 8367 8367
0 0 9121
0 0 3405
-1
1 26160 26160
-1
0 0 7626
-1
1 14411 14411
0 0 8056
1 28763 28763
1 13926 13926
1 6830 6830
1 27881 27881
0 0 11867
1 11050 11050
0 0 15532
0 0 4698
1 26372 26372
0 0 12181
0 0 2192
-1
0 0 9304
0 0 15910
-1
-1
0 0 14175
0 0 3672
-1
-1
1 10823 10823
1 32547 32547
0 0 3892
0 0 6946
0 0 6266
-1
0 0 2693
1 22816 22816
1 28037 28037
1 10235 10235
1 23262 23262
0 0 9992
0 0 4135
0 0 11778
0 0 4633
1 16587 16587
1 20404 20404
0 0 9011
0 0 2260
1 19448 19448
0 0 1114
0 0 12411
0 0 3162
1 9656 9656
0 0 14254
1 5433 5433
0 0 7695
1 7195 7195
0 0 4008
1 8428 8428
1 5256 5256
1 25001 25001
-1
0 0 9536
0 0 5231
1 10714 10714
1 4748 4748
1 26009 26009
0 0 2931
0 0 2767
-1
1 10127 10127
-1
-1
-1
-1
-1
1 14810 14810
0 0 14756
0 0 1147
-1
1 2034 2034
-1
0 0 10765
-1
0 0 5870
1 816 816
0 0 15170
1 23931 23931
1 15180 15180
-1
1 29074 29074
0 0 544
-1
0 0 9727
-1
1 15950 15950
1 4678 4678
0 0 6353
0 0 3457
1 4615 4615
0 0 13245
-1
-1
0 0 3218
-1
0 0 4080
0 0 11568
1 18741 18741
-1
0 0 6361
-1
1 3096 3096
0 0 13424
-1
0 0 11884
1 10372 10372
1 12158 12158
1 15979 15979
0 0 5689
-1
1 17794 17794
1 27522 27522
1 736 736
0 0 15863
0 0 9305
-1
1 5583 5583
1 7417 7417
-1
-1
0 0 14355
0 0 13909
-1
1 23684 23684
-1
1 4441 4441
-1
-1
-1
1 4403 4403
-1
-1
-1
0 0 13660
1 16133 16133
-1
1 24432 24432
1 32065 32065
1 25309 25309
-1
0 0 417
0 0 8377
0 0 11646
1 2978 2978
0 0 1164
-1
1 27338 27338
-1
1 3649 3649
1 17184 17184
1 17054 17054
-1
0 0 13473
1 19729 19729
-1
0 0 9737
0 0 16169
-1
0 0 964
0 0 3160
1 25567 25567
-1
1 22168 22168
1 26640 26640
0 0 11140
0 0 9211
0 0 3407
-1
0 0 16
-1
1 16442 16442
1 21527 21527
-1
1 8337 8337
-1
0 0 2744
0 0 15420
-1
0 0 15224
0 0 6648
-1
-1
0 0 5509
-1
0 0 9547
0 0 3261
0 0 2013
0 0 5715
0 0 4277
1 15139 15139
1 30308 30308
-1
-1
1 23401 23401
1 30428 30428
-1
0 0 2221
-1
-1
1 18362 18362
-1
0 0 4050
1 32723 32723
-1
0 0 578
0 0 8972
0 0 13410
0 0 5527
-1
1 12583 12583
-1
-1
1 29175 29175
0 0 3951
0 0 9381
-1
1 6246 6246
0 0 15380
-1
0 0 3137
-1
0 0 9373
1 14629 14629
-1
-1
1 2593 2593
-1
1 17609 17609
-1
1 14144 14144
1 25392 25392
-1
-1
-1
0 0 3317
1 608 608
-1
0 0 4134
1 24975 24975
1 12061 12061
0 0 4571
-1
0 0 5937
1 16146 16146
1 21949 21949
1 4344 4344
-1
1 1611 1611
0 0 2934
1 20312 20312
1 20985 20985
1 27111 27111
0 0 3376
1 31515 31515
0 0 10245
1 153 153
0 0 14514
1 7404 7404
1 27372 27372
0 0 404
0 0 16379
1 17870 17870
1 12457 12457
0 0 1656
1 16715 16715
1 30614 30614
-1
-1
0 0 11813
0 0 11958
0 0 13135
0 0 8636
1 2067 2067
-1
-1
1 14421 14421
-1
-1
-1
-1
0 0 9527
0 0 8870
1 24900 24900
-1
-1
-1
0 0 15786
1 15878 15878
1 8269 8269
0 0 1285
1 20280 20280
-1
0 0 13918
-1
1 17559 17559
0 0 2125
-1
1 8003 8003
0 0 16200
-1
0 0 1952
-1
1 22581 22581
0 0 9538
0 0 4940
-1
0 0 6277
0 0 15239
1 3675 3675
0 0 14957
-1
0 0 8471
0 0 15252
0 0 8225
-1
1 26180 26180
-1
1 17215 17215
-1
-1
1 15232 15232
1 1981 1981
1 6834 6834
-1
-1
0 0 5118
-1
-1
1 23503 23503
-1
1 31135 31135
-1
0 0 13899
-1
1 22159 22159
-1
0 0 6596
0 0 13984
-1
-1
0 0 11738
1 8997 8997
0 0 12498
1 24128 24128
1 8540 8540
0 0 13118
0 0 10936
0 0 735
1 9851 9851
-1
0 0 10253
0 0 1862
-1
0 0 1569
-1
1 14675 14675
-1
1 30748 30748
1 16595 16595
0 0 15014
-1
1 1351 1351
-1
0 0 14436
1 143 143
-1
-1
0 0 15573
0 0 4496
0 0 8899
0 0 8308
-1
-1
1 3242 3242
1 24784 24784
1 31761 31761
0 0 1700
-1
0 0 5481
1 29630 29630
-1
0 0 712
0 0 7434
1 26150 26150
-1
1 19930 19930
1 18476 18476
1 22159 22159
1 7161 7161
1 6807 6807
1 2465 2465
-1
1 5305 5305
1 4126 4126
0 0 11578
1 3045 3045
1 5992 5992
-1
-1
1 9797 9797
-1
0 0 5888
1 6763 6763
-1
0 0 4828
-1
-1
1 3552 3552
0 0 8087
1 3515 3515
0 0 9225
0 0 9539
0 0 11166
1 42 42
-1
-1
-1
0 0 8546
1 15021 15021
-1
0 0 3010
0 0 5847
1 23013 23013
0 0 12990
0 0 8090
1 7641 7641
0 0 14429
1 21737 21737
0 0 7857
-1
0 0 4191
-1
1 15182 15182
-1
0 0 4093
0 0 6865
1 6886 6886
-1
1 21862 21862
-1
-1
-1
-1
0 0 12843
0 0 1712
0 0 6663
1 20091 20091
1 16200 16200
0 0 7187
1 8516 8516
1 13660 13660
-1
-1
-1
0 0 238
-1
-1
0 0 6747
-1
1 17940 17940
1 16062 16062
-1
0 0 2647
0 0 2659
0 0 1585
1 18575 18575
1 23000 23000
0 0 5304
0 0 66
1 23326 23326
1 27473 27473
-1
0 0 8947
1 27910 27910
-1
-1
0 0 16002
1 28543 28543
0 0 7346
0 0 680
1 24712 24712
1 24470 24470
-1
0 0 4008
-1
0 0 12118
0 0 2277
0 0 14740
-1
0 0 3451
-1
-1
-1
-1
-1
0 0 11671
1 4384 4384
0 0 13201
-1
1 24630 24630
0 0 6505
0 0 4104
-1
1 12746 12746
0 0 12700
-1
1 386 386
-1
-1
1 16570 16570
0 0 15674
1 29863 29863
-1
0 0 6653
0 0 4640
-1
-1
-1
-1
1 15021 15021
1 27067 27067
1 22235 22235
0 0 5886
0 0 9455
0 0 8780
1 23928 23928
-1
0 0 8706
-1
0 0 14196
0 0 9660
1 9267 9267
1 19987 19987
-1
-1
1 2583 2583
-1
-1
-1
1 2671 2671
1 31185 31185
-1
-1
0 0 10183
1 30437 30437
0 0 2650
0 0 5243
0 0 1261
1 26466 26466
1 32024 32024
-1
-1
1 32539 32539
0 0 5969
1 9912 9912
-1
1 8600 8600
-1
1 17822 17822
-1
0 0 9035
-1
-1
0 0 16340
0 0 5954
1 32680 32680
-1
-1
-1
0 0 7479
-1
1 14043 14043
1 8057 8057
-1
-1
-1
0 0 9905
1 14335 14335
1 22233 22233
-1
0 0 4226
0 0 9339
-1
1 9812 9812
-1
1 10381 10381
1 9393 9393
1 26952 26952
0 0 1404
1 44 44
0 0 6545
0 0 8960
-1
1 21264 21264
1 12624 12624
0 0 7785
1 28776 28776
-1
1 30290 30290
-1
1 5638 5638
-1
0 0 5468
0 0 5319
0 0 6097
-1
1 1283 1283
1 4360 4360
-1
1 5150 5150
1 22058 22058
1 1730 1730
-1
0 0 15736
-1
-1
1 28198 28198
0 0 1389
-1
0 0 1659
1 3323 3323
1 27110 27110
1 4013 4013
1 25508 25508
0 0 16089
0 0 3576
-1
-1
-1
0 0 11669
1 30504 30504
1 14200 14200
-1
0 0 8269
-1
-1
1 22156 22156
1 15512 15512
1 8488 8488
-1
0 0 6939
-1
1 3880 3880
-1
1 1853 1853
0 0 14498
1 12686 12686
-1
-1
1 23499 23499
0 0 10413
0 0 15142
-1
-1
0 0 15806
1 11448 11448
-1
0 0 4994
0 0 9902
0 0 8872
-1
-1
0 0 2217
1 31298 31298
0 0 4534
0 0 10138
1 11054 11054
1 2763 2763
-1
0 0 2117
1 21682 21682
-1
0 0 6279
0 0 2027
0 0 5385
0 0 13315
-1
-1
1 1660 1660
1 282 282
-1
-1
-1
0 0 12229
-1
-1
1 22225 22225
1 891 891
1 22643 22643
1 2700 2700
0 0 11818
1 25890 25890
1 22840 22840
1 9372 9372
-1
1 30027 30027
1 19030 19030
1 11731 11731
-1
1 28116 28116
0 0 11474
-1
1 8161 8161
1 29234 29234
0 0 1432
0 0 11767
0 0 1941
0 0 16373
-1
0 0 12800
-1
0 0 6029
1 7988 7988
0 0 4427
-1
1 17136 17136
1 24904 24904
-1
-1
-1
0 0 16104
-1
-1
1 4010 4010
-1
1 9773 9773
1 4775 4775
-1
0 0 4316
-1
0 0 14861
1 37 37
-1
1 2196 2196
-1
0 0 8410
0 0 3182
0 0 7405
0 0 13144
1 32680 32680
0 0 985
-1
1 19894 19894
1 14522 14522
1 5227 5227
1 25842 25842
0 0 3313
0 0 11614
0 0 8231
-1
1 7434 7434
1 8975 8975
0 0 15468
1 29684 29684
0 0 4792
0 0 10133
0 0 9756
-1
-1
0 0 3725
1 28117 28117
-1
1 26715 26715
0 0 3582
0 0 1377
1 2346 2346
0 0 7959
1 19589 19589
0 0 14120
0 0 12269
1 6372 6372
1 4475 4475
0 0 15166
0 0 2453
0 0 4161
0 0 14364
-1
0 0 6008
0 0 10821
1 8495 8495
1 13623 13623
1 10324 10324
-1
-1
-1
1 26197 26197
-1
1 28130 28130
-1
-1
1 31825 31825
0 0 14128
-1
0 0 13344
0 0 9149
0 0 11725
-1
1 24522 24522
0 0 10471
0 0 10867
-1
0 0 8726
1 19972 19972
1 8102 8102
0 0 6955
1 9480 9480
0 0 7906
0 0 13292
1 4006 4006
0 0 9064
-1
0 0 10309
1 19520 19520
-1
-1
1 21599 21599
-1
1 2601 2601
-1
1 30224 30224
1 11007 11007
1 18756 18756
1 26854 26854
1 16614 16614
-1
0 0 693
0 0 5339
0 0 3233
0 0 9714
0 0 3419
1 32274 32274
0 0 11914
1 404 404
0 0 3721
1 28241 28241
1 21608 21608
-1
0 0 14432
-1
-1
1 7721 7721
0 0 6507
-1
1 25356 25356
0 0 10453
-1
0 0 10371
-1
-1
1 13744 13744
1 31421 31421
-1
1 29036 29036
1 22851 22851
0 0 10280
0 0 885
0 0 15487
0 0 6380
-1
0 0 14231
1 26905 26905
0 0 1046
1 828 828
1 10068 10068
1 10212 10212
-1
0 0 4358
1 6657 6657
-1
0 0 2634
0 0 11348
1 8306 8306
-1
1 14654 14654
-1
1 4853 4853
0 0 10459
1 22993 22993
0 0 5981
1 10605 10605
0 0 2377
-1
0 0 1443
1 11219 11219
1 22410 22410
-1
1 25296 25296
0 0 14680
-1
1 21451 21451
0 0 3139
-1
-1
1 13935 13935
0 0 12485
-1
0 0 13182
-1
1 20852 20852
1 6834 6834
-1
0 0 14177
1 14027 14027
0 0 8951
0 0 2333
-1
-1
0 0 11586
1 6308 6308
0 0 8424
-1
0 0 3965
-1
-1
1 924 924
0 0 5875
-1
0 0 10904
0 0 2130
0 0 15161
0 0 2813
1 4479 4479
0 0 2765
1 3296 3296
0 0 15617
1 29629 29629
0 0 11423
1 19200 19200
1 4895 4895
1 16822 16822
1 9417 9417
1 16569 16569
0 0 10936
-1
0 0 4145
-1
1 73 73
-1
-1
-1
0 0 6489
0 0 3070
0 0 16153
1 13368 13368
0 0 10228
1 1273 1273
0 0 5632
0 0 8505
1 13274 13274
1 32161 32161
0 0 1287
1 17526 17526
-1
-1
-1
-1
0 0 797
0 0 10027
0 0 13643
-1
1 16523 16523
-1
1 1099 1099
-1
0 0 14640
1 32563 32563
-1
1 32387 32387
0 0 11096
-1
-1
-1
0 0 13841
0 0 1353
0 0 14395
0 0 1458
0 0 11464
0 0 5863
1 3249 3249
0 0 6618
1 8844 8844
0 0 6
-1
-1
-1
0 0 7321
1 5209 5209
0 0 855
1 4082 4082
1 5242 5242
-1
0 0 10484
0 0 8640
1 6383 6383
0 0 3101
0 0 13031
-1
1 12788 12788
-1
1 30237 30237
-1
1 6077 6077
1 24791 24791
1 17825 17825
-1
0 0 1002
-1
0 0 864
-1
0 0 9930
0 0 14071
-1
0 0 4344
0 0 3417
1 24738 24738
1 18489 18489
1 14016 14016
1 12209 12209
0 0 834
0 0 4063
-1
1 21609 21609
-1
1 2099 2099
1 12350 12350
-1
1 18647 18647
1 31068 31068
0 0 3100
1 5136 5136
1 1128 1128
-1
0 0 1734
-1
0 0 7476
0 0 6439
-1
0 0 7936
1 19277 19277
0 0 9285
-1
1 14992 14992
0 0 11261
-1
-1
1 19412 19412
-1
0 0 4413
0 0 11855
-1
-1
0 0 5964
-1
1 23652 23652
-1
-1
0 0 11650
0 0 3130
1 15969 15969
1 23361 23361
1 22941 22941
1 17351 17351
1 15956 15956
-1
1 30336 30336
-1
1 25849 25849
-1
-1
1 7001 7001
1 13409 13409
-1
1 21889 21889
1 2814 2814
1 4883 4883
0 0 11556
-1
0 0 10456
-1
1 4090 4090
-1
-1
1 2483 2483
0 0 1724
-1
1 15017 15017
-1
1 9655 9655
-1
0 0 7034
-1
0 0 6878
1 19027 19027
0 0 4013
1 5366 5366
-1
-1
-1
1 6341 6341
1 13983 13983
-1
-1
0 0 6173
-1
-1
0 0 2704
0 0 5052
1 9448 9448
0 0 12128
1 10890 10890
-1
0 0 380
1 19017 19017
1 10431 10431
-1
1 22176 22176
1 21215 21215
1 15738 15738
0 0 9570
-1
-1
0 0 14627
-1
0 0 14728
-1
-1
1 6284 6284
-1
0 0 11353
-1
0 0 9991
0 0 353
1 20163 20163
-1
0 0 3980
0 0 9603
1 25028 25028
0 0 14234
1 23917 23917
0 0 16319
0 0 7604
-1
0 0 4580
0 0 5851
0 0 11594
0 0 11237
-1
1 25679 25679
-1
-1
-1
1 21368 21368
-1
1 174 174
-1
0 0 7869
-1
0 0 2440
-1
1 14130 14130
-1
1 7574 7574
1 15638 15638
0 0 7238
-1
0 0 5746
0 0 4253
1 32014 32014
1 18724 18724
0 0 14270
0 0 7830
0 0 6694
-1
1 3628 3628
0 0 15011
1 629 629
0 0 2924
-1
1 1877 1877
0 0 10338
-1
0 0 5343
0 0 9101
0 0 14088
0 0 9151
1 22631 22631
1 10958 10958
1 32573 32573
0 0 10606
0 0 5082
0 0 5069
-1
0 0 293
1 17310 17310
1 24091 24091
1 4670 4670
1 29138 29138
1 30058 30058
0 0 2930
1 24773 24773
-1
-1
-1
1 19858 19858
-1
0 0 10939
1 5210 5210
0 0 6585
1 17237 17237
1 1387 1387
0 0 14648
0 0 15137
1 4895 4895
-1
-1
-1
-1
1 12212 12212
1 5307 5307
-1
1 23385 23385
1 24885 24885
0 0 2504
1 13756 13756
0 0 6718
1 2250 2250
-1
0 0 1291
1 24396 24396
-1
-1
0 0 3125
0 0 4047
0 0 15826
-1
1 5519 5519
1 13833 13833
1 26811 26811
1 28995 28995
0 0 6519
1 25676 25676
1 4224 4224
1 23528 23528
0 0 14211
1 16865 16865
1 4911 4911
0 0 14595
0 0 6902
0 0 12346
0 0 15978
1 29972 29972
0 0 10467
0 0 8242
0 0 12008
0 0 14014
1 11087 11087
0 0 2724
1 13144 13144
0 0 11149
-1
0 0 11571
1 8182 8182
0 0 3810
0 0 800
1 14139 14139
1 29703 29703
0 0 13535
0 0 2881
0 0 6651
0 0 797
1 15426 15426
0 0 6548
0 0 7934
0 0 11788
-1
0 0 2729
1 31844 31844
1 8824 8824
0 0 2250
0 0 5080
0 0 14910
0 0 15107
0 0 6669
0 0 15239
1 32323 32323
-1
-1
1 29378 29378
1 2285 2285
0 0 9413
1 24471 24471
0 0 16031
0 0 6065
-1
0 0 6078
0 0 9794
0 0 3680
-1
-1
-1
-1
0 0 5659
-1
0 0 4914
-1
1 3701 3701
-1
-1
0 0 6004
-1
0 0 9923
-1
-1
0 0 2246
1 31247 31247
1 15532 15532
1 20786 20786
1 22871 22871
-1
1 7765 7765
1 13227 13227
-1
-1
1 11533 11533
-1
-1
1 13754 13754
1 19833 19833
1 17518 17518
1 30884 30884
1 12214 12214
0 0 5672
1 14564 14564
0 0 3191
-1
-1
0 0 13891
-1
-1
0 0 2495
0 0 727
-1
1 9759 9759
1 29225 29225
0 0 10356
1 1447 1447
-1
1 19682 19682
0 0 6841
-1
1 29055 29055
-1
1 31170 31170
-1
1 25031 25031
0 0 12801
0 0 11263
0 0 2726
0 0 10334
0 0 5550
-1
-1
-1
-1
0 0 7218
1 19104 19104
0 0 10782
1 28374 28374
1 2531 2531
0 0 59
0 0 2871
0 0 12272
1 27894 27894
1 9624 9624
0 0 11726
0 0 1966
-1
0 0 9290
0 0 15839
0 0 2296
-1
-1
0 0 4831
-1
1 32626 32626
-1
0 0 1533
-1
1 1054 1054
-1
0 0 12386
-1
1 27461 27461
0 0 13831
1 8931 8931
-1
1 7063 7063
0 0 16327
-1
1 26767 26767
0 0 14459
-1
0 0 12732
1 17097 17097
-1
0 0 14663
-1
0 0 2671
-1
1 4244 4244
0 0 9213
1 13844 13844
0 0 12659
1 24111 24111
1 22837 22837
1 28743 28743
1 10491 10491
1 5043 5043
0 0 6390
-1
0 0 7567
1 8905 8905
1 1555 1555
1 18161 18161
-1
0 0 8056
1 31246 31246
0 0 11329
0 0 16221
0 0 6907
1 16184 16184
0 0 3875
1 9734 9734
1 6276 6276
0 0 48
-1
1 24072 24072
-1
0 0 3875
0 0 8824
-1
0 0 10740
-1
1 9104 9104
0 0 12877
1 26797 26797
-1
1 25302 25302
-1
1 25045 25045
0 0 9709
-1
0 0 1185
-1
0 0 4210
1 2338 2338
1 19906 19906
0 0 34
-1
1 1667 1667
0 0 7943
0 0 5645
0 0 2555
1 16957 16957
-1
1 19055 19055
-1
-1
-1
0 0 14830
-1
0 0 4328
0 0 10519
1 18638 18638
0 0 8253
1 1187 1187
1 26784 26784
0 0 1283
1 16065 16065
-1
-1
0 0 141
1 4614 4614
-1
1 15045 15045
-1
0 0 10430
1 12610 12610
0 0 10239
-1
1 19658 19658
0 0 6812
-1
-1
-1
