-1
0 0 11751
-1
1 30522 30522
-1
0 0 7545
0 0 11575
0 0 12820
1 24970 24970
0 0 891
1 10572 10572
-1
0 0 15430
1 16800 16800
-1
1 28674 28674
1 3363 3363
0 0 5626
1 27529 27529
0 0 10829
0 0 10007
-1
-1
-1
-1
0 0 15236
1 11079 11079
-1
1 19272 19272
0 0 1110
-1
0 0 4920
1 7878 7878
0 0 11358
-1
-1
1 29334 29334
-1
-1
1 6446 6446
1 7754 7754
1 21972 21972
1 19519 19519
1 7559 7559
1 28950 28950
0 0 10478
1 11295 11295
-1
-1
1 22355 22355
-1
1 10295 10295
0 0 14082
0 0 1682
0 0 8686
0 0 8705
-1
0 0 15679
1 23708 23708
0 0 10487
1 23262 23262
0 0 10922
-1
0 0 2784
-1
1 24797 24797
1 19209 19209
-1
1 17248 17248
1 23570 23570
1 13937 13937
-1
-1
0 0 25
-1
1 22283 22283
0 0 3780
0 0 1952
0 0 7825
-1
0 0 13163
0 0 14658
1 8193 8193
0 0 10413
-1
-1
1 16833 16833
0 0 11722
0 0 3838
1 17943 17943
-1
0 0 9282
-1
1 16328 16328
1 21976 21976
-1
1 13210 13210
1 19824 19824
0 0 4465
1 26786 26786
0 0 7617
1 5674 5674
0 0 3226
-1
1 18313 18313
1 28500 28500
0 0 5393
1 17925 17925
0 0 6801
-1
1 2531 2531
1 1213 1213
1 19433 19433
-1
1 16916 16916
-1
-1
1 2467 2467
-1
-1
-1
0 0 12680
-1
-1
-1
0 0 11426
1 8878 8878
-1
-1
0 0 7130
0 0 10239
1 17638 17638
-1
-1
-1
0 0 8137
1 21129 21129
1 19575 19575
-1
0 0 15322
-1
1 5771 5771
-1
-1
-1
-1
0 0 389
0 0 11417
1 28888 28888
0 0 6173
0 0 9016
-1
0 0 14310
-1
1 12501 12501
-1
-1
-1
-1
0 0 8022
-1
0 0 15478
-1
0 0 3048
-1
0 0 467
-1
1 24656 24656
0 0 101
-1
1 26710 26710
1 14683 14683
0 0 8552
1 751 751
-1
-1
1 17085 17085
0 0 12227
0 0 4883
0 0 6452
1 27407 27407
-1
1 9147 9147
-1
-1
1 30252 30252
-1
0 0 11495
0 0 1668
-1
1 23920 23920
1 29047 29047
0 0 1200
0 0 5418
1 30469 30469
-1
0 0 11325
0 0 7366
-1
0 0 9358
-1
-1
0 0 6615
0 0 3100
0 0 13233
-1
-1
0 0 1187
1 4864 4864
0 0 15168
0 0 5970
-1
0 0 1791
0 0 10795
-1
0 0 13782
1 19743 19743
-1
0 0 10795
0 0 6175
-1
-1
1 16860 16860
1 23104 23104
0 0 14529
1 9520 9520
-1
-1
-1
0 0 6214
1 2685 2685
-1
-1
0 0 10807
-1
1 24970 24970
-1
-1
1 29504 29504
1 21768 21768
1 23251 23251
-1
-1
0 0 4307
0 0 4210
0 0 2605
1 3188 3188
0 0 15155
0 0 14108
1 32208 32208
0 0 3282
-1
1 1104 1104
1 11935 11935
-1
1 28231 28231
1 10454 10454
0 0 351
-1
1 31991 31991
-1
0 0 1268
-1
1 18400 18400
0 0 15302
0 0 781
-1
1 8852 8852
1 66 66
0 0 15629
1 25454 25454
1 7846 7846
0 0 11451
0 0 9206
1 15568 15568
0 0 6424
-1
-1
0 0 14129
-1
0 0 6136
-1
1 1448 1448
-1
1 12511 12511
0 0 15111
1 8456 8456
-1
0 0 1869
1 7230 7230
-1
-1
1 23694 23694
1 9948 9948
0 0 6293
0 0 5163
1 2894 2894
0 0 6660
0 0 14040
0 0 5193
0 0 4487
-1
0 0 6508
1 15203 15203
0 0 1813
0 0 6766
1 2301 2301
1 25855 25855
1 29597 29597
0 0 6986
0 0 13359
-1
0 0 4293
1 17405 17405
-1
-1
-1
-1
-1
0 0 5768
0 0 8454
1 2800 2800
-1
0 0 1266
1 13082 13082
0 0 5205
0 0 8114
1 26076 26076
0 0 5959
-1
0 0 14829
1 200 200
-1
0 0 13615
0 0 3679
1 16509 16509
-1
0 0 11728
0 0 9158
-1
1 493 493
0 0 11684
0 0 8914
-1
-1
-1
0 0 12133
1 10588 10588
-1
-1
1 5028 5028
0 0 297
1 8817 8817
0 0 5130
1 28735 28735
-1
1 27391 27391
0 0 14410
0 0 14148
1 17840 17840
0 0 10312
0 0 13526
1 26839 26839
1 30836 30836
0 0 13519
1 9857 9857
1 7265 7265
-1
0 0 11104
1 13686 13686
-1
1 26223 26223
-1
0 0 10075
-1
0 0 3277
1 4446 4446
0 0 2394
1 12906 12906
0 0 10461
-1
-1
-1
-1
-1
1 3307 3307
-1
1 28523 28523
0 0 13757
0 0 4076
-1
-1
0 0 4169
-1
0 0 8180
0 0 3691
1 15332 15332
-1
-1
0 0 3175
0 0 5266
0 0 15823
-1
-1
1 19639 19639
1 21024 21024
1 5912 5912
0 0 7518
-1
0 0 13873
0 0 15583
1 17776 17776
-1
-1
-1
0 0 12648
1 9994 9994
0 0 2394
1 6976 6976
-1
0 0 11752
0 0 3035
1 7321 7321
1 16706 16706
0 0 1771
-1
1 11343 11343
-1
0 0 12520
1 7427 7427
0 0 1261
-1
-1
1 10072 10072
1 4631 4631
1 4089 4089
0 0 11224
0 0 13153
-1
1 17227 17227
-1
-1
1 2054 2054
1 29115 29115
1 6890 6890
1 1626 1626
0 0 9329
1 6286 6286
0 0 9439
-1
0 0 14308
1 6027 6027
0 0 4510
1 31086 31086
1 12803 12803
0 0 5056
-1
0 0 8874
-1
1 24765 24765
-1
-1
0 0 5913
-1
-1
-1
1 15033 15033
1 9447 9447
1 17761 17761
-1
0 0 7774
0 0 11332
0 0 7863
0 0 6483
-1
1 989 989
0 0 4341
0 0 3044
1 6960 6960
0 0 5924
-1
1 9757 9757
-1
1 13748 13748
0 0 13441
-1
1 5466 5466
0 0 8838
0 0 7821
0 0 16264
0 0 10508
1 23234 23234
-1
1 17455 17455
1 21830 21830
1 24393 24393
1 4020 4020
1 21635 21635
1 9726 9726
0 0 9677
-1
0 0 1115
-1
0 0 12250
1 3721 3721
0 0 14557
1 1651 1651
-1
1 7861 7861
1 10048 10048
-1
1 6466 6466
-1
-1
0 0 9105
1 27716 27716
0 0 2608
0 0 8118
0 0 14574
1 7975 7975
-1
0 0 2791
-1
0 0 6974
0 0 6404
0 0 5778
1 14934 14934
1 5338 5338
1 10713 10713
0 0 1082
0 0 11156
1 8534 8534
1 9708 9708
0 0 11332
1 4242 4242
-1
1 31300 31300
0 0 7481
1 23832 23832
-1
1 10375 10375
-1
1 25632 25632
1 3769 3769
0 0 13630
0 0 5671
0 0 10299
-1
-1
1 9780 9780
0 0 6501
0 0 15752
-1
1 29391 29391
0 0 14873
1 16686 16686
-1
0 0 4865
0 0 11345
-1
1 29710 29710
0 0 891
0 0 2235
1 855 855
0 0 13219
0 0 8010
1 24560 24560
-1
0 0 2032
1 5644 5644
0 0 9176
0 0 4323
0 0 2896
-1
0 0 10401
-1
-1
1 20883 20883
0 0 11847
-1
0 0 15474
0 0 15850
-1
-1
-1
0 0 8105
1 3069 3069
1 2070 2070
1 5133 5133
0 0 12294
0 0 13749
-1
0 0 5834
0 0 1190
0 0 11284
1 3806 3806
0 0 5164
1 31771 31771
0 0 13900
1 21837 21837
0 0 3917
-1
1 22910 22910
-1
-1
-1
0 0 5184
0 0 5905
0 0 3756
-1
1 3755 3755
1 18136 18136
-1
0 0 4296
0 0 10103
1 3405 3405
1 22953 22953
1 25751 25751
0 0 5710
0 0 11322
-1
0 0 9792
-1
1 14656 14656
1 21930 21930
1 2228 2228
0 0 14143
0 0 4245
-1
1 4699 4699
-1
0 0 3160
1 13751 13751
1 27366 27366
1 26048 26048
-1
1 15534 15534
-1
0 0 653
-1
-1
0 0 3929
1 18956 18956
0 0 8640
1 2761 2761
1 14502 14502
1 16546 16546
0 0 1808
0 0 8023
1 3038 3038
1 18769 18769
-1
1 12978 12978
-1
-1
0 0 12645
1 11152 11152
-1
-1
-1
1 1701 1701
0 0 8523
-1
0 0 1058
1 9332 9332
0 0 6995
-1
1 12602 12602
0 0 12688
1 13041 13041
1 16978 16978
1 13958 13958
-1
0 0 7302
0 0 6392
0 0 1383
1 32480 32480
0 0 4394
0 0 8673
1 9667 9667
-1
1 7784 7784
1 5465 5465
-1
1 15073 15073
1 16807 16807
-1
-1
0 0 5955
0 0 4573
0 0 11148
0 0 1932
-1
1 3595 3595
0 0 6511
1 2373 2373
1 31248 31248
0 0 7460
-1
-1
1 19163 19163
1 8423 8423
0 0 15795
1 16180 16180
0 0 790
-1
-1
1 6660 6660
1 1039 1039
-1
1 910 910
0 0 11449
1 32183 32183
-1
0 0 506
1 18131 18131
1 18424 18424
1 27865 27865
-1
1 16759 16759
1 7629 7629
-1
0 0 14318
-1
0 0 15722
-1
0 0 4764
1 16629 16629
1 1485 1485
1 16142 16142
1 27071 27071
1 7435 7435
0 0 1423
0 0 723
-1
1 20961 20961
0 0 937
-1
0 0 10788
0 0 5935
0 0 8395
1 12932 12932
0 0 13731
-1
1 30267 30267
1 27201 27201
1 18533 18533
1 16778 16778
-1
-1
1 13915 13915
-1
-1
0 0 4356
0 0 12962
0 0 7055
1 26431 26431
-1
1 3360 3360
0 0 2633
0 0 11125
1 20021 20021
-1
1 30709 30709
0 0 15765
-1
0 0 1808
0 0 12774
0 0 9685
-1
1 5434 5434
0 0 8848
-1
0 0 11713
-1
0 0 13567
1 21441 21441
1 13842 13842
-1
0 0 1019
0 0 1775
-1
0 0 12326
-1
-1
1 28044 28044
-1
1 8716 8716
-1
1 24647 24647
1 13778 13778
0 0 5295
0 0 7763
-1
1 12696 12696
0 0 7835
-1
-1
-1
0 0 5403
-1
0 0 1144
-1
1 7049 7049
0 0 8535
0 0 11789
-1
0 0 2221
-1
0 0 2322
0 0 12257
0 0 13229
0 0 14999
0 0 8183
-1
1 27454 27454
0 0 5889
1 19873 19873
0 0 6528
1 831 831
0 0 9343
1 9509 9509
1 10898 10898
-1
0 0 8994
1 28842 28842
1 28883 28883
-1
1 1946 1946
-1
1 5965 5965
-1
0 0 11636
1 13510 13510
-1
0 0 5995
-1
-1
-1
0 0 13537
-1
0 0 5084
1 22832 22832
1 27892 27892
-1
-1
-1
-1
-1
1 31624 31624
0 0 10474
1 30712 30712
1 3283 3283
1 19325 19325
0 0 6990
-1
0 0 8577
-1
-1
-1
0 0 2367
1 21900 21900
1 5229 5229
0 0 13506
-1
-1
-1
-1
1 15398 15398
1 10523 10523
-1
0 0 7229
0 0 12649
1 24592 24592
1 30066 30066
-1
1 8392 8392
0 0 11912
1 32396 32396
-1
-1
0 0 14401
0 0 11558
-1
-1
0 0 10824
0 0 12954
0 0 4524
-1
1 27561 27561
1 1574 1574
1 3964 3964
1 10795 10795
-1
-1
1 3304 3304
0 0 5876
-1
1 30891 30891
1 16677 16677
0 0 4115
-1
0 0 14652
0 0 352
1 11480 11480
1 25705 25705
-1
1 24522 24522
-1
1 14208 14208
1 22767 22767
-1
1 29195 29195
0 0 13031
0 0 10197
-1
1 7844 7844
-1
1 409 409
1 12637 12637
1 4831 4831
-1
0 0 8543
1 17045 17045
0 0 13040
1 26300 26300
1 2051 2051
-1
-1
0 0 13819
1 14770 14770
0 0 15699
1 26624 26624
-1
0 0 2813
1 3540 3540
-1
1 7685 7685
0 0 4537
0 0 5059
-1
0 0 14445
0 0 6599
1 15855 15855
1 17027 17027
1 21676 21676
-1
-1
-1
0 0 10737
-1
0 0 15720
1 17533 17533
0 0 1176
1 31306 31306
1 580 580
0 0 3694
0 0 14082
1 29944 29944
1 25963 25963
0 0 8021
0 0 7307
0 0 4670
0 0 13062
0 0 15736
-1
-1
0 0 12155
0 0 4594
1 13859 13859
-1
-1
-1
1 14943 14943
1 18857 18857
0 0 11379
-1
0 0 15150
1 19984 19984
-1
1 11863 11863
1 3236 3236
0 0 14434
0 0 4728
0 0 4894
0 0 12803
1 16395 16395
-1
-1
-1
1 4874 4874
0 0 8837
1 17490 17490
0 0 5843
0 0 11814
1 16538 16538
-1
1 21847 21847
1 3140 3140
0 0 7603
0 0 14262
1 5635 5635
-1
0 0 2800
1 14044 14044
1 1358 1358
0 0 2880
0 0 11582
1 5541 5541
0 0 8719
-1
0 0 12825
-1
0 0 5776
1 6670 6670
-1
-1
-1
-1
0 0 3635
1 6576 6576
0 0 2072
1 32119 32119
1 19944 19944
-1
1 25323 25323
-1
-1
0 0 12174
1 24103 24103
0 0 15045
-1
1 6643 6643
0 0 13170
1 3817 3817
1 5888 5888
0 0 2531
0 0 371
0 0 10922
1 22513 22513
-1
1 30516 30516
0 0 13188
0 0 6697
0 0 15093
0 0 15178
1 24099 24099
-1
-1
-1
0 0 404
-1
1 19974 19974
1 3479 3479
0 0 1984
0 0 6817
1 26229 26229
0 0 6416
-1
0 0 15380
0 0 8043
-1
-1
-1
0 0 2397
0 0 2309
1 12388 12388
1 6934 6934
0 0 2732
-1
1 357 357
0 0 4930
1 15368 15368
-1
-1
1 25783 25783
-1
-1
0 0 9250
1 7147 7147
-1
0 0 10732
1 26374 26374
-1
0 0 11602
-1
0 0 12851
1 28765 28765
0 0 183
1 13449 13449
-1
0 0 2004
1 1704 1704
-1
-1
0 0 1159
1 2306 2306
0 0 8280
1 23412 23412
1 12129 12129
1 13010 13010
1 6936 6936
-1
1 23413 23413
0 0 584
-1
1 13456 13456
0 0 2385
-1
-1
0 0 4568
1 15685 15685
1 32634 32634
-1
-1
0 0 13983
0 0 11109
1 14147 14147
-1
1 13429 13429
0 0 7084
1 17252 17252
-1
0 0 1447
-1
1 1846 1846
0 0 6260
-1
1 27658 27658
0 0 11789
-1
0 0 4241
1 9076 9076
-1
1 20026 20026
-1
-1
0 0 13936
1 32555 32555
1 6995 6995
1 237 237
1 5460 5460
-1
0 0 7367
0 0 6989
1 5371 5371
0 0 2510
1 28340 28340
-1
-1
-1
0 0 15205
1 10098 10098
1 30704 30704
1 18522 18522
0 0 13357
0 0 5578
-1
1 32608 32608
1 10992 10992
-1
-1
0 0 11687
-1
-1
0 0 1657
0 0 4799
-1
0 0 15946
-1
-1
-1
-1
0 0 1945
-1
1 13829 13829
1 14682 14682
1 13535 13535
0 0 8555
-1
0 0 7511
-1
0 0 8801
-1
1 12541 12541
1 11119 11119
0 0 6465
-1
0 0 2968
-1
-1
0 0 15547
0 0 15021
0 0 7961
-1
1 4617 4617
0 0 3481
1 10910 10910
-1
1 29949 29949
-1
1 14894 14894
-1
1 29193 29193
0 0 6393
-1
-1
1 6122 6122
-1
0 0 4179
-1
-1
-1
1 28080 28080
1 13723 13723
-1
-1
1 30497 30497
0 0 12344
1 31654 31654
1 2019 2019
1 24690 24690
0 0 3050
0 0 7173
0 0 7441
0 0 2993
0 0 5181
1 27566 27566
1 20685 20685
-1
-1
1 6119 6119
0 0 7277
1 32624 32624
1 21844 21844
-1
0 0 12277
0 0 10479
0 0 4016
-1
1 7867 7867
1 8591 8591
1 29543 29543
-1
-1
1 26900 26900
0 0 6343
-1
1 19810 19810
0 0 6690
1 30049 30049
1 27750 27750
-1
1 3770 3770
1 30801 30801
-1
0 0 5206
0 0 298
-1
1 22473 22473
-1
-1
1 30134 30134
-1
-1
0 0 7522
-1
0 0 10604
0 0 13036
1 23852 23852
-1
-1
-1
0 0 8301
0 0 11679
-1
0 0 15650
0 0 65
0 0 10735
0 0 11209
1 24253 24253
-1
-1
0 0 6597
1 21906 21906
-1
-1
-1
-1
1 10313 10313
1 23801 23801
-1
0 0 8670
0 0 4816
0 0 3254
0 0 4714
1 13153 13153
-1
0 0 11848
1 22568 22568
-1
0 0 3514
0 0 1217
0 0 10583
-1
1 18376 18376
0 0 10468
0 0 9605
1 31709 31709
0 0 669
0 0 15333
-1
-1
0 0 5105
0 0 4264
1 3671 3671
0 0 8327
1 27545 27545
1 14863 14863
-1
1 32766 32766
1 29311 29311
-1
0 0 11824
-1
-1
-1
1 31066 31066
0 0 3854
0 0 7250
-1
0 0 5087
1 22177 22177
1 3574 3574
0 0 7299
-1
0 0 1439
0 0 8139
1 10824 10824
0 0 13730
0 0 2014
-1
0 0 7241
0 0 758
-1
1 20700 20700
1 16079 16079
1 31241 31241
0 0 10065
1 7344 7344
-1
1 15338 15338
-1
1 2616 2616
-1
-1
-1
-1
0 0 14566
-1
1 26152 26152
-1
0 0 46
-1
-1
-1
1 13269 13269
1 19098 19098
-1
1 29065 29065
-1
1 25686 25686
1 19749 19749
1 23433 23433
-1
-1
0 0 11064
-1
0 0 10281
0 0 6640
-1
-1
1 12925 12925
-1
0 0 15017
1 22707 22707
-1
-1
-1
0 0 7920
0 0 11899
-1
1 2756 2756
1 32206 32206
0 0 11916
1 23232 23232
1 15945 15945
0 0 10836
1 1329 1329
-1
-1
-1
-1
0 0 4542
0 0 1451
0 0 2000
1 15799 15799
-1
-1
-1
0 0 7308
-1
0 0 5769
1 27245 27245
-1
-1
-1
1 1840 1840
1 25574 25574
0 0 3198
1 4989 4989
-1
1 286 286
-1
0 0 9624
0 0 12575
1 23225 23225
-1
1 26834 26834
-1
1 30809 30809
0 0 2846
1 6117 6117
1 26836 26836
-1
1 22010 22010
0 0 12487
0 0 15105
1 30868 30868
0 0 10114
1 14104 14104
1 30584 30584
-1
0 0 9090
0 0 1592
0 0 1225
0 0 7630
1 26791 26791
-1
1 32496 32496
1 11988 11988
-1
1 8818 8818
1 28402 28402
0 0 11456
-1
-1
1 21568 21568
-1
-1
-1
1 15172 15172
-1
1 24724 24724
-1
0 0 86
0 0 4199
0 0 13447
1 10000 10000
1 8173 8173
-1
-1
1 9173 9173
0 0 2270
0 0 11961
1 23247 23247
-1
0 0 7497
-1
-1
1 16497 16497
0 0 13465
0 0 13611
0 0 5434
0 0 12839
0 0 12941
-1
1 32375 32375
1 23673 23673
1 3348 3348
1 1448 1448
0 0 10183
0 0 1990
1 1449 1449
0 0 6278
-1
0 0 14245
0 0 15316
0 0 489
1 2551 2551
-1
-1
1 26403 26403
0 0 3334
1 8834 8834
1 26481 26481
-1
0 0 6368
0 0 6105
0 0 12118
-1
1 16386 16386
0 0 4350
0 0 6043
-1
-1
1 4181 4181
0 0 14422
-1
0 0 6648
0 0 13803
0 0 765
-1
1 780 780
-1
-1
0 0 9869
1 30862 30862
-1
0 0 11138
0 0 15910
-1
1 7403 7403
0 0 8625
-1
0 0 102
-1
0 0 2284
1 17886 17886
-1
0 0 268
1 5922 5922
-1
-1
-1
1 31292 31292
0 0 8204
1 28100 28100
0 0 3809
-1
-1
1 14665 14665
-1
-1
-1
-1
0 0 7956
1 20194 20194
1 14323 14323
-1
-1
-1
0 0 3772
-1
1 15300 15300
1 8045 8045
1 5922 5922
1 6669 6669
0 0 2390
1 27187 27187
0 0 14813
1 24086 24086
1 18774 18774
1 17713 17713
1 26608 26608
1 27030 27030
0 0 9897
-1
-1
1 11069 11069
0 0 8684
0 0 9865
0 0 4916
1 25536 25536
1 21569 21569
0 0 11903
-1
-1
-1
-1
0 0 15980
-1
1 6612 6612
0 0 6643
1 15002 15002
0 0 8733
0 0 4979
1 1025 1025
-1
1 23306 23306
0 0 341
-1
1 3162 3162
-1
1 27820 27820
0 0 1293
-1
0 0 298
1 13726 13726
0 0 552
1 32554 32554
1 19692 19692
1 31191 31191
-1
1 31928 31928
1 18581 18581
0 0 13799
-1
1 13624 13624
-1
0 0 5970
1 20740 20740
-1
1 4990 4990
0 0 8268
-1
1 26352 26352
0 0 12414
0 0 15048
0 0 8496
-1
1 30982 30982
1 408 408
1 18878 18878
1 13055 13055
-1
1 4954 4954
1 18205 18205
-1
1 3939 3939
-1
0 0 10990
-1
0 0 4105
1 30461 30461
-1
-1
-1
0 0 11510
0 0 4518
-1
1 7100 7100
1 2486 2486
1 4748 4748
0 0 227
1 2219 2219
1 22460 22460
1 24912 24912
0 0 15068
1 11734 11734
1 32515 32515
0 0 13796
1 7862 7862
0 0 13472
-1
-1
0 0 9587
0 0 6586
0 0 4688
1 7546 7546
-1
0 0 2815
0 0 11227
0 0 10422
1 16782 16782
0 0 6391
-1
1 26501 26501
0 0 13799
1 22105 22105
0 0 12013
-1
1 28121 28121
1 9943 9943
0 0 3456
0 0 2823
1 6225 6225
0 0 10499
-1
-1
1 31287 31287
1 22533 22533
0 0 11583
0 0 10430
0 0 4538
-1
1 26948 26948
1 20497 20497
1 30548 30548
-1
0 0 9184
1 28274 28274
1 3846 3846
-1
1 12291 12291
-1
1 11294 11294
0 0 10208
1 25539 25539
0 0 7915
-1
0 0 13540
1 30425 30425
-1
0 0 13024
-1
1 10692 10692
-1
0 0 6899
-1
1 21541 21541
0 0 5281
-1
0 0 9829
-1
0 0 605
0 0 1544
0 0 10936
1 20611 20611
1 2279 2279
1 7046 7046
0 0 452
0 0 12795
0 0 11682
-1
0 0 12912
0 0 7015
0 0 5576
1 8514 8514
0 0 868
-1
1 16976 16976
0 0 10730
-1
1 25640 25640
1 8008 8008
-1
-1
1 15679 15679
-1
0 0 4836
1 13894 13894
0 0 3061
0 0 13096
-1
0 0 7347
1 9356 9356
-1
-1
0 0 15858
0 0 8664
0 0 9111
0 0 11613
0 0 2134
-1
0 0 8856
-1
0 0 15315
0 0 11694
1 7335 7335
0 0 10781
0 0 4644
1 17449 17449
-1
-1
1 5123 5123
1 9479 9479
0 0 4832
-1
-1
-1
1 30965 30965
-1
1 23468 23468
0 0 1159
0 0 10975
0 0 9525
-1
-1
0 0 11369
1 13787 13787
1 18840 18840
0 0 12552
1 9256 9256
0 0 3098
1 18485 18485
0 0 12887
1 19831 19831
0 0 772
0 0 3198
1 19689 19689
-1
1 14407 14407
-1
1 8665 8665
1 23236 23236
-1
-1
0 0 15451
0 0 14278
0 0 4455
1 21636 21636
1 20319 20319
0 0 2160
1 26995 26995
1 27200 27200
1 30420 30420
-1
1 26169 26169
0 0 14224
-1
1 23600 23600
1 28043 28043
-1
-1
0 0 15498
1 30515 30515
0 0 13234
0 0 11223
-1
0 0 112
1 3615 3615
-1
-1
-1
0 0 980
1 21041 21041
-1
1 26497 26497
0 0 13019
1 24182 24182
0 0 15092
-1
0 0 10559
1 7299 7299
-1
1 5050 5050
1 18242 18242
-1
0 0 6242
0 0 3070
1 21182 21182
1 8224 8224
0 0 14603
0 0 15115
0 0 14300
0 0 11951
0 0 12185
0 0 11642
0 0 13757
0 0 12387
0 0 16137
0 0 9907
-1
1 5124 5124
1 12023 12023
1 8350 8350
0 0 5125
1 19569 19569
0 0 7536
0 0 15194
0 0 3390
0 0 2754
1 29208 29208
-1
0 0 1536
-1
1 23206 23206
1 15693 15693
-1
0 0 8863
1 28378 28378
-1
0 0 12697
0 0 10246
-1
0 0 5471
-1
0 0 7271
1 12227 12227
-1
-1
0 0 5019
-1
1 22231 22231
0 0 9320
-1
0 0 10699
0 0 9651
1 25570 25570
-1
1 18671 18671
0 0 7121
-1
-1
0 0 11949
1 17444 17444
-1
0 0 12697
1 20225 20225
0 0 14518
1 16785 16785
1 1125 1125
0 0 553
1 19040 19040
0 0 1759
0 0 14944
0 0 11585
0 0 4962
1 29139 29139
1 15471 15471
1 1029 1029
0 0 16099
0 0 11181
-1
-1
0 0 9274
1 22750 22750
0 0 784
0 0 13851
1 29765 29765
1 18544 18544
1 15274 15274
0 0 13907
1 25997 25997
0 0 8978
-1
1 28910 28910
-1
1 26261 26261
-1
1 3925 3925
1 31577 31577
1 26974 26974
0 0 16022
0 0 7478
0 0 6335
0 0 16335
0 0 4799
0 0 1987
0 0 8882
-1
0 0 9152
1 13626 13626
0 0 8618
-1
1 18720 18720
-1
0 0 1727
0 0 10461
1 32111 32111
-1
-1
0 0 4474
1 24355 24355
-1
-1
0 0 5059
1 23318 23318
-1
0 0 13321
1 553 553
0 0 5474
1 7396 7396
-1
-1
-1
1 6762 6762
-1
1 9751 9751
-1
-1
1 8674 8674
0 0 15603
0 0 15520
0 0 11857
1 6824 6824
-1
0 0 6540
0 0 8514
-1
-1
0 0 3742
-1
-1
1 175 175
0 0 5314
-1
-1
-1
1 20455 20455
0 0 6918
1 24960 24960
0 0 10017
1 26882 26882
0 0 7286
0 0 16074
-1
-1
-1
0 0 7662
-1
1 18448 18448
0 0 10424
1 6012 6012
-1
0 0 6264
0 0 10685
0 0 4992
1 2343 2343
1 30570 30570
-1
1 32472 32472
-1
-1
1 19113 19113
1 9176 9176
-1
-1
0 0 806
-1
1 27557 27557
0 0 2340
1 6679 6679
1 14737 14737
1 10276 10276
0 0 5788
1 25777 25777
-1
-1
0 0 3296
0 0 7813
1 17817 17817
0 0 740
0 0 5170
1 16596 16596
-1
-1
1 3538 3538
0 0 6531
-1
0 0 6257
1 32084 32084
1 27228 27228
-1
1 9635 9635
1 21339 21339
-1
1 17799 17799
1 15047 15047
1 20479 20479
1 27950 27950
0 0 8201
0 0 7280
-1
0 0 1466
-1
0 0 5765
0 0 16210
1 24942 24942
1 7683 7683
0 0 4016
1 4487 4487
1 21037 21037
0 0 5637
1 22915 22915
0 0 14561
1 15234 15234
0 0 15745
-1
-1
1 21637 21637
0 0 5597
-1
-1
-1
0 0 625
0 0 15132
1 2091 2091
-1
-1
1 29092 29092
-1
0 0 4092
0 0 9173
1 32571 32571
-1
-1
-1
1 14903 14903
1 9355 9355
0 0 6195
0 0 16086
1 11476 11476
1 3887 3887
0 0 6937
1 17007 17007
-1
0 0 15796
-1
0 0 12217
1 17400 17400
-1
-1
0 0 5456
-1
0 0 5496
1 30876 30876
1 29641 29641
-1
1 8826 8826
0 0 1303
1 30497 30497
1 24760 24760
1 26907 26907
1 20463 20463
1 24511 24511
-1
-1
-1
1 23071 23071
0 0 13941
0 0 4885
-1
0 0 6992
-1
1 25078 25078
1 12891 12891
1 7176 7176
1 27386 27386
1 23704 23704
-1
0 0 9470
0 0 15852
-1
-1
0 0 13764
1 18170 18170
1 24866 24866
0 0 12449
0 0 15566
1 26061 26061
0 0 2245
1 20960 20960
1 11660 11660
-1
1 12998 12998
0 0 14119
-1
0 0 1573
-1
-1
-1
1 8804 8804
0 0 9568
-1
0 0 10769
0 0 771
-1
-1
-1
-1
-1
0 0 11749
1 21987 21987
1 23030 23030
-1
-1
-1
-1
0 0 15094
1 30533 30533
0 0 8398
0 0 10150
-1
0 0 11209
1 31756 31756
0 0 11841
0 0 5996
0 0 5676
1 28253 28253
1 15745 15745
-1
0 0 1935
0 0 6052
0 0 15346
1 6543 6543
1 22315 22315
1 8561 8561
-1
0 0 499
-1
1 9688 9688
-1
-1
0 0 6161
0 0 12083
1 5011 5011
0 0 10469
-1
1 102 102
0 0 9381
1 4239 4239
0 0 3568
0 0 7044
-1
-1
1 1160 1160
1 5600 5600
1 17336 17336
0 0 2633
0 0 15782
0 0 3507
0 0 7786
-1
1 24022 24022
-1
1 19113 19113
0 0 11499
1 31628 31628
-1
0 0 8186
-1
-1
-1
-1
-1
0 0 13057
-1
1 7662 7662
-1
1 3309 3309
1 23259 23259
1 12715 12715
0 0 3109
-1
0 0 656
-1
-1
1 512 512
1 28233 28233
-1
-1
-1
-1
1 8070 8070
-1
-1
0 0 1665
-1
1 4821 4821
0 0 7220
-1
1 22095 22095
0 0 14508
0 0 1704
1 25464 25464
0 0 13433
0 0 11985
-1
1 4672 4672
-1
1 27201 27201
1 3160 3160
-1
1 6962 6962
0 0 6703
-1
0 0 2962
-1
0 0 1830
0 0 7325
-1
1 9991 9991
0 0 7425
0 0 10362
0 0 13462
1 15062 15062
-1
-1
-1
0 0 3716
0 0 1510
0 0 1918
0 0 11346
0 0 588
1 21121 21121
-1
1 28119 28119
1 5641 5641
1 4411 4411
0 0 15794
1 13336 13336
1 14814 14814
0 0 10962
-1
1 24594 24594
0 0 399
0 0 9733
-1
1 6230 6230
0 0 4845
-1
0 0 10683
0 0 13291
1 32160 32160
1 10294 10294
-1
-1
-1
-1
-1
1 3407 3407
0 0 2960
1 19452 19452
1 16525 16525
-1
0 0 14344
0 0 4645
-1
1 28394 28394
-1
0 0 13293
0 0 7858
1 16268 16268
-1
1 16247 16247
-1
1 4436 4436
0 0 4953
-1
0 0 3243
-1
-1
1 30127 30127
-1
0 0 6077
0 0 13464
1 23826 23826
1 31045 31045
0 0 9074
-1
1 28431 28431
1 1389 1389
0 0 1349
0 0 447
0 0 3410
1 20055 20055
0 0 7511
1 32247 32247
-1
0 0 8728
-1
-1
-1
1 9712 9712
1 20444 20444
0 0 11235
0 0 9085
-1
0 0 15789
0 0 406
-1
0 0 15578
0 0 10910
0 0 9595
-1
0 0 2811
0 0 346
-1
-1
-1
1 14299 14299
0 0 14974
0 0 10897
0 0 9312
0 0 9493
0 0 16306
0 0 16258
1 31131 31131
0 0 10626
1 21387 21387
0 0 2911
1 20075 20075
0 0 12566
0 0 15400
0 0 3481
0 0 802
-1
1 5273 5273
0 0 9655
-1
1 16741 16741
0 0 10983
-1
1 28719 28719
-1
1 26203 26203
0 0 3465
0 0 10332
0 0 2657
0 0 14872
-1
0 0 16159
-1
0 0 9122
-1
-1
-1
1 26640 26640
-1
1 17305 17305
1 10729 10729
-1
0 0 2804
-1
1 15068 15068
-1
-1
1 28579 28579
0 0 5640
-1
-1
-1
1 18100 18100
1 7124 7124
0 0 10197
1 7682 7682
-1
0 0 15526
0 0 10642
1 4990 4990
-1
0 0 14097
-1
0 0 4941
-1
0 0 7734
1 11835 11835
-1
0 0 11980
0 0 11617
1 26094 26094
-1
0 0 1356
-1
-1
0 0 14115
0 0 11168
0 0 8130
-1
1 13132 13132
-1
-1
-1
1 9532 9532
-1
-1
-1
-1
-1
-1
1 30839 30839
0 0 9155
-1
0 0 6405
1 1044 1044
1 27105 27105
-1
1 10674 10674
-1
-1
-1
-1
0 0 7035
-1
0 0 42
1 14046 14046
0 0 5678
1 22119 22119
-1
1 14688 14688
0 0 10778
-1
0 0 4443
1 16772 16772
0 0 8054
0 0 3300
-1
0 0 7050
-1
0 0 12892
0 0 6670
-1
-1
0 0 2824
0 0 562
-1
-1
-1
0 0 711
1 9302 9302
-1
-1
0 0 12491
-1
0 0 7516
-1
1 22109 22109
0 0 4053
0 0 4371
-1
-1
0 0 13449
-1
0 0 10047
0 0 4618
1 32463 32463
0 0 14288
-1
0 0 14684
0 0 9062
0 0 11185
-1
1 31362 31362
-1
-1
0 0 13358
-1
-1
0 0 15875
-1
1 17330 17330
1 408 408
1 2297 2297
1 115 115
0 0 12022
-1
-1
0 0 15340
1 6130 6130
0 0 9523
-1
0 0 8871
1 17189 17189
-1
0 0 7696
-1
-1
-1
0 0 7362
1 18037 18037
-1
1 16109 16109
1 20687 20687
0 0 11243
-1
-1
0 0 2104
1 26538 26538
-1
0 0 16133
1 10876 10876
1 433 433
-1
0 0 11100
0 0 8087
-1
1 28711 28711
0 0 2403
0 0 7089
0 0 5917
1 4179 4179
-1
0 0 6030
-1
0 0 5997
1 24312 24312
0 0 14337
-1
1 15140 15140
-1
1 31707 31707
0 0 14475
0 0 5118
-1
0 0 5002
1 19758 19758
0 0 9994
0 0 2189
0 0 8609
0 0 16029
1 24188 24188
-1
0 0 11469
0 0 3728
0 0 12951
-1
0 0 15034
-1
0 0 11714
-1
0 0 16230
1 19159 19159
-1
1 15017 15017
0 0 4708
1 23232 23232
0 0 16193
1 16300 16300
0 0 11286
-1
0 0 9131
1 11046 11046
0 0 10992
1 2795 2795
-1
0 0 3759
1 16755 16755
-1
0 0 14559
-1
0 0 10187
1 21069 21069
0 0 8620
1 27331 27331
1 160 160
-1
0 0 16259
0 0 16074
-1
0 0 3446
1 9031 9031
-1
0 0 2808
1 3821 3821
-1
-1
0 0 12746
-1
-1
1 2871 2871
1 3038 3038
1 30555 30555
-1
1 15594 15594
1 9942 9942
-1
0 0 13353
1 15921 15921
0 0 9109
1 21930 21930
-1
0 0 9532
1 9387 9387
1 20515 20515
1 263 263
1 16561 16561
0 0 11111
-1
-1
1 14799 14799
0 0 3991
0 0 882
0 0 1367
1 12108 12108
-1
-1
1 29375 29375
0 0 6354
0 0 15712
-1
1 22194 22194
0 0 5996
-1
0 0 2822
1 10576 10576
-1
-1
1 12586 12586
1 23746 23746
-1
-1
-1
-1
0 0 11118
1 29119 29119
-1
-1
1 32085 32085
1 21349 21349
1 23404 23404
-1
-1
-1
1 31021 31021
0 0 2684
-1
0 0 2094
0 0 10564
-1
1 21703 21703
-1
0 0 16005
-1
0 0 11239
-1
-1
0 0 15051
0 0 566
0 0 13641
-1
-1
0 0 10916
1 29087 29087
0 0 4551
-1
-1
-1
0 0 5513
1 5091 5091
0 0 14071
0 0 5842
-1
0 0 15356
1 28192 28192
1 44 44
-1
-1
-1
1 16936 16936
0 0 2630
1 27119 27119
-1
0 0 6045
0 0 4254
-1
1 29533 29533
1 5287 5287
0 0 2246
0 0 1757
-1
-1
-1
1 7793 7793
-1
0 0 4719
0 0 4052
1 24103 24103
1 10574 10574
-1
-1
0 0 1991
-1
1 23755 23755
0 0 8291
-1
-1
0 0 13761
-1
1 24379 24379
-1
-1
1 780 780
-1
1 25752 25752
-1
0 0 2889
0 0 9456
-1
1 24314 24314
-1
1 19705 19705
-1
-1
0 0 481
-1
0 0 1532
-1
0 0 8302
1 10479 10479
0 0 7406
-1
1 22541 22541
1 12560 12560
0 0 12291
0 0 3085
-1
0 0 3748
0 0 8181
-1
-1
1 26034 26034
0 0 9664
1 13095 13095
-1
1 2640 2640
1 23493 23493
-1
-1
0 0 8898
1 30522 30522
0 0 5259
1 26678 26678
-1
1 10339 10339
0 0 7355
0 0 9602
1 11312 11312
-1
0 0 1490
1 10348 10348
0 0 2930
1 250 250
0 0 9097
0 0 1591
1 27556 27556
1 15364 15364
1 22227 22227
-1
0 0 5924
0 0 10366
-1
1 14987 14987
1 7182 7182
1 8189 8189
0 0 8301
1 10873 10873
0 0 9993
0 0 12816
0 0 6400
0 0 11473
1 27610 27610
0 0 15621
1 2617 2617
1 10459 10459
1 28109 28109
-1
1 9294 9294
-1
1 28598 28598
1 19521 19521
1 19885 19885
0 0 7114
1 4933 4933
1 17381 17381
1 28903 28903
1 8464 8464
-1
-1
1 20530 20530
-1
-1
0 0 11414
0 0 10228
0 0 13208
0 0 8903
0 0 7520
1 20742 20742
0 0 4851
0 0 5873
0 0 12661
-1
-1
-1
-1
0 0 11475
0 0 4612
1 17889 17889
1 15893 15893
-1
1 21150 21150
-1
1 16671 16671
1 3533 3533
1 3992 3992
0 0 9385
1 2014 2014
0 0 14110
-1
1 14603 14603
-1
-1
-1
-1
-1
-1
-1
-1
1 14601 14601
-1
-1
0 0 14974
-1
1 18556 18556
0 0 2078
1 17829 17829
1 9134 9134
-1
-1
1 12818 12818
-1
1 3662 3662
0 0 699
-1
0 0 18
-1
0 0 2266
1 9292 9292
-1
0 0 5929
-1
-1
-1
1 4075 4075
-1
1 25016 25016
0 0 12788
-1
-1
1 16123 16123
0 0 15372
1 21959 21959
1 12914 12914
-1
0 0 3173
0 0 9173
1 9724 9724
-1
1 25857 25857
1 24662 24662
1 20229 20229
-1
0 0 10207
0 0 1531
1 25601 25601
1 5089 5089
1 1678 1678
0 0 12971
1 24365 24365
-1
0 0 13309
-1
0 0 16002
-1
1 2582 2582
1 1220 1220
1 19150 19150
-1
1 20724 20724
-1
-1
-1
0 0 2711
0 0 3182
1 1550 1550
1 9753 9753
-1
1 26744 26744
0 0 559
1 28993 28993
1 5546 5546
-1
0 0 12457
1 29639 29639
0 0 536
0 0 15495
0 0 9151
-1
0 0 2255
-1
-1
0 0 6913
-1
1 29631 29631
0 0 6040
0 0 9534
1 30563 30563
0 0 2210
0 0 13148
-1
1 2590 2590
0 0 6740
1 16508 16508
1 27641 27641
1 28042 28042
-1
0 0 10098
1 26265 26265
1 10083 10083
0 0 7443
0 0 6737
-1
1 8937 8937
1 30504 30504
0 0 14740
1 16332 16332
1 1890 1890
1 29911 29911
-1
-1
1 7830 7830
0 0 9760
1 8490 8490
-1
0 0 9641
0 0 3019
-1
1 4042 4042
1 4069 4069
-1
1 25293 25293
-1
-1
1 26497 26497
1 16060 16060
1 1519 1519
1 7788 7788
1 1198 1198
0 0 10011
1 15205 15205
0 0 4746
-1
-1
0 0 1110
-1
-1
1 21963 21963
-1
-1
1 24208 24208
0 0 8487
-1
-1
1 20378 20378
-1
0 0 4406
1 9042 9042
0 0 7574
0 0 1063
-1
-1
1 3647 3647
0 0 6182
1 30189 30189
-1
1 20458 20458
1 14607 14607
1 26248 26248
-1
1 31723 31723
0 0 673
-1
0 0 7258
-1
-1
1 29938 29938
1 18475 18475
-1
1 6775 6775
-1
-1
-1
1 19491 19491
1 25559 25559
0 0 14747
1 31883 31883
-1
1 16067 16067
-1
1 3524 3524
-1
-1
1 14221 14221
1 11577 11577
1 117 117
-1
-1
1 11555 11555
1 26803 26803
0 0 2179
-1
0 0 13360
0 0 6819
-1
0 0 961
1 11508 11508
0 0 9887
0 0 4853
1 31405 31405
0 0 6976
0 0 2358
1 22405 22405
0 0 7925
0 0 7273
1 16361 16361
-1
-1
-1
1 22668 22668
0 0 8643
1 14910 14910
0 0 16205
1 9590 9590
-1
-1
0 0 8301
0 0 8772
1 32497 32497
-1
1 32365 32365
0 0 9077
-1
-1
0 0 2215
1 24455 24455
-1
1 30398 30398
1 23203 23203
1 8589 8589
1 28376 28376
-1
0 0 7831
-1
1 19324 19324
-1
0 0 5102
-1
-1
-1
-1
0 0 4656
1 23541 23541
1 17321 17321
1 15603 15603
0 0 11862
0 0 12775
-1
1 16485 16485
-1
-1
1 17780 17780
1 775 775
1 3316 3316
1 4271 4271
0 0 12313
-1
1 17729 17729
0 0 15688
1 11176 11176
0 0 8889
0 0 6910
0 0 12668
0 0 8410
1 869 869
1 8504 8504
0 0 5831
0 0 7710
0 0 235
0 0 1317
1 10587 10587
-1
0 0 8889
0 0 4648
1 29521 29521
0 0 7857
-1
-1
0 0 13409
0 0 12592
1 25367 25367
0 0 5815
-1
1 17811 17811
1 14897 14897
0 0 6664
1 11353 11353
0 0 8506
0 0 15050
-1
-1
0 0 1472
0 0 15953
0 0 2535
-1
-1
1 24676 24676
-1
0 0 3198
1 13858 13858
0 0 13056
1 21352 21352
1 27664 27664
0 0 15649
-1
1 31130 31130
1 13528 13528
-1
1 7971 7971
1 10913 10913
1 28105 28105
-1
1 8242 8242
-1
1 10299 10299
-1
0 0 12693
-1
-1
-1
1 32619 32619
1 2084 2084
0 0 11320
1 15240 15240
0 0 10169
0 0 545
-1
1 30996 30996
-1
-1
-1
0 0 6595
0 0 6605
-1
-1
-1
-1
-1
-1
1 22209 22209
0 0 12478
0 0 10735
0 0 4882
-1
1 12021 12021
1 29948 29948
-1
-1
1 32053 32053
-1
0 0 5581
1 15434 15434
0 0 12637
-1
0 0 15145
-1
1 19748 19748
0 0 2125
1 17175 17175
-1
1 31674 31674
0 0 939
1 14575 14575
1 10665 10665
-1
-1
0 0 13091
-1
0 0 1241
0 0 13470
0 0 4534
1 16613 16613
1 11860 11860
0 0 15055
0 0 651
1 7579 7579
-1
0 0 12209
-1
-1
-1
0 0 13864
1 21938 21938
-1
-1
0 0 1016
0 0 320
-1
-1
-1
0 0 4676
-1
1 10385 10385
-1
-1
1 19914 19914
1 18463 18463
0 0 5814
-1
0 0 12671
-1
1 1556 1556
1 26361 26361
1 12375 12375
-1
-1
1 15834 15834
-1
-1
-1
1 19875 19875
0 0 4511
0 0 8381
0 0 10778
1 24686 24686
-1
1 4800 4800
0 0 5351
0 0 1054
-1
0 0 8979
1 25070 25070
-1
-1
0 0 9368
1 8008 8008
0 0 681
-1
1 3466 3466
1 18898 18898
0 0 15942
-1
-1
1 32070 32070
0 0 217
1 10840 10840
1 25734 25734
-1
1 17331 17331
0 0 14419
1 11695 11695
-1
-1
-1
1 10806 10806
-1
1 20238 20238
1 28441 28441
0 0 5884
1 20134 20134
1 21187 21187
-1
1 8183 8183
-1
-1
1 24800 24800
-1
-1
0 0 15399
0 0 6787
0 0 7347
0 0 3349
-1
1 22544 22544
-1
1 12307 12307
-1
1 29735 29735
0 0 13872
0 0 1333
0 0 9456
1 20222 20222
1 11155 11155
1 18452 18452
1 31339 31339
1 24649 24649
1 258 258
0 0 3482
0 0 12905
1 30784 30784
0 0 8148
1 30647 30647
1 27990 27990
0 0 15120
1 25000 25000
-1
-1
-1
-1
-1
-1
-1
-1
-1
0 0 9331
1 9554 9554
-1
-1
-1
-1
0 0 7644
-1
-1
1 30604 30604
1 20319 20319
-1
0 0 14196
-1
-1
-1
0 0 4733
0 0 7286
1 20240 20240
0 0 13090
1 9013 9013
0 0 2750
1 23162 23162
0 0 6694
1 7518 7518
1 25931 25931
0 0 1312
1 23039 23039
1 27 27
-1
0 0 182
1 31664 31664
0 0 8636
0 0 2141
-1
-1
0 0 9907
0 0 9752
0 0 8425
1 20927 20927
1 25655 25655
1 14223 14223
0 0 10282
-1
0 0 6289
1 24269 24269
1 13769 13769
-1
-1
-1
-1
1 7050 7050
0 0 16336
1 2503 2503
1 6572 6572
0 0 5400
0 0 7242
0 0 10497
-1
-1
-1
0 0 15882
0 0 3596
1 32607 32607
1 25935 25935
-1
0 0 10657
1 14999 14999
0 0 15015
1 9450 9450
0 0 5878
-1
1 7905 7905
-1
1 9649 9649
0 0 11425
1 31834 31834
-1
1 21061 21061
0 0 1342
0 0 14524
1 5594 5594
-1
0 0 11365
1 19929 19929
-1
0 0 14143
1 31928 31928
1 32641 32641
-1
-1
-1
-1
0 0 2357
1 6710 6710
0 0 3584
-1
-1
1 4271 4271
0 0 5158
1 3237 3237
-1
1 28488 28488
-1
0 0 4975
0 0 14717
-1
0 0 1768
-1
0 0 9317
0 0 11497
-1
-1
-1
0 0 15373
0 0 4003
1 6429 6429
1 17959 17959
-1
1 13600 13600
0 0 8880
-1
-1
1 19987 19987
1 31009 31009
0 0 9664
-1
1 27347 27347
-1
0 0 5676
1 23860 23860
-1
0 0 8020
0 0 1284
0 0 6801
-1
1 28529 28529
1 18656 18656
0 0 13649
0 0 6980
-1
-1
1 2991 2991
1 7796 7796
1 20102 20102
1 28640 28640
1 18148 18148
0 0 6173
-1
-1
1 22020 22020
-1
-1
0 0 4246
-1
0 0 13228
-1
0 0 11849
1 32191 32191
0 0 8844
0 0 11126
1 29913 29913
1 24593 24593
1 2695 2695
-1
0 0 12406
1 28349 28349
0 0 5441
1 11224 11224
1 27453 27453
-1
0 0 8789
1 9320 9320
-1
0 0 13198
0 0 8693
-1
-1
0 0 15314
1 3306 3306
0 0 2533
-1
0 0 9115
0 0 7756
0 0 11647
-1
1 31830 31830
0 0 15188
-1
-1
-1
-1
1 30292 30292
0 0 9952
0 0 67
0 0 198
0 0 12248
0 0 13872
1 19288 19288
1 24088 24088
1 20306 20306
0 0 13224
1 22582 22582
0 0 13500
1 25616 25616
1 27944 27944
0 0 5548
1 12979 12979
-1
1 12543 12543
1 4511 4511
0 0 15178
0 0 3289
0 0 4217
-1
1 24104 24104
1 4411 4411
-1
1 17728 17728
-1
1 20519 20519
-1
1 9737 9737
1 16635 16635
0 0 13984
0 0 14887
1 26069 26069
-1
-1
-1
1 14900 14900
1 20465 20465
0 0 1680
0 0 1325
-1
1 5680 5680
1 5364 5364
1 1839 1839
1 22438 22438
0 0 12807
-1
0 0 5292
0 0 11784
-1
1 18856 18856
0 0 12425
1 12478 12478
1 2714 2714
0 0 2486
-1
-1
1 31847 31847
1 27617 27617
-1
0 0 13579
-1
-1
0 0 13025
0 0 15261
0 0 12497
0 0 6453
1 30192 30192
-1
1 10571 10571
0 0 11330
1 24985 24985
-1
0 0 15880
1 29268 29268
-1
1 11076 11076
-1
-1
0 0 8603
0 0 12061
-1
0 0 14196
0 0 7536
0 0 968
1 2862 2862
0 0 14953
0 0 1848
-1
1 21846 21846
-1
0 0 15590
1 3349 3349
1 22949 22949
0 0 5970
-1
-1
-1
-1
0 0 8006
-1
-1
-1
0 0 7463
-1
0 0 1582
1 30577 30577
0 0 6091
1 9586 9586
-1
1 12869 12869
1 23517 23517
-1
1 19950 19950
-1
1 5022 5022
1 7877 7877
-1
0 0 1110
1 2266 2266
-1
0 0 13479
1 9450 9450
-1
-1
0 0 13299
1 32670 32670
-1
1 31568 31568
-1
1 4310 4310
0 0 10332
0 0 1636
1 30600 30600
0 0 4740
-1
0 0 2719
-1
1 24458 24458
0 0 5180
-1
0 0 518
1 19736 19736
0 0 2116
-1
1 30721 30721
1 1617 1617
0 0 2116
-1
1 28092 28092
0 0 12572
0 0 6221
1 11321 11321
1 2450 2450
0 0 7260
0 0 4208
-1
0 0 11404
-1
1 8196 8196
1 31871 31871
-1
-1
0 0 14553
0 0 3730
1 32489 32489
-1
0 0 12942
1 6278 6278
1 12596 12596
0 0 4847
-1
-1
1 31794 31794
1 13839 13839
0 0 7997
1 15243 15243
1 13646 13646
0 0 10107
0 0 2929
1 2894 2894
0 0 4379
0 0 10846
-1
1 27404 27404
1 18272 18272
-1
0 0 13939
1 10288 10288
1 18046 18046
-1
0 0 4296
-1
1 19726 19726
0 0 10873
0 0 4958
-1
1 4813 4813
-1
1 4534 4534
-1
1 26686 26686
-1
-1
-1
-1
0 0 14389
1 754 754
0 0 12939
1 18197 18197
1 14825 14825
0 0 9716
-1
-1
-1
0 0 16013
0 0 7476
0 0 14843
-1
0 0 7542
1 32623 32623
0 0 1195
-1
0 0 4130
1 357 357
-1
-1
-1
0 0 5198
-1
0 0 12146
-1
0 0 1670
1 3763 3763
0 0 15647
-1
1 16588 16588
-1
1 16234 16234
1 15153 15153
-1
0 0 5963
1 21096 21096
-1
1 28760 28760
1 32723 32723
1 4509 4509
1 15453 15453
-1
1 8345 8345
-1
-1
1 20958 20958
1 15072 15072
0 0 10389
-1
1 5021 5021
1 27745 27745
0 0 11360
0 0 4347
-1
0 0 8845
-1
0 0 3525
0 0 5734
-1
-1
0 0 726
-1
-1
0 0 4902
0 0 570
-1
1 11538 11538
0 0 12761
0 0 2945
0 0 14102
1 31604 31604
-1
1 24053 24053
1 10167 10167
1 7813 7813
1 24335 24335
0 0 14584
1 32445 32445
0 0 6702
-1
0 0 9487
0 0 4694
-1
1 22185 22185
-1
0 0 13324
0 0 15107
-1
1 21317 21317
1 28468 28468
0 0 5997
-1
0 0 8914
1 603 603
-1
-1
-1
0 0 13125
-1
-1
-1
-1
1 19448 19448
0 0 11431
-1
1 13355 13355
1 32508 32508
-1
1 1392 1392
-1
-1
-1
-1
-1
0 0 1294
0 0 15135
-1
-1
0 0 11321
0 0 4412
1 10551 10551
1 19332 19332
-1
1 25808 25808
0 0 7421
1 30075 30075
-1
1 2242 2242
1 32529 32529
-1
1 13304 13304
-1
1 7125 7125
1 19641 19641
-1
1 26966 26966
0 0 7828
-1
-1
-1
-1
-1
0 0 4629
1 27362 27362
1 1936 1936
-1
-1
-1
-1
1 21908 21908
0 0 10961
0 0 13608
1 27295 27295
-1
1 7085 7085
0 0 15975
1 14320 14320
0 0 1173
0 0 2309
1 19155 19155
-1
0 0 5293
1 32482 32482
1 7389 7389
1 10500 10500
-1
-1
1 17874 17874
-1
0 0 13942
0 0 13892
1 25976 25976
0 0 4949
1 7293 7293
0 0 1662
1 15100 15100
-1
-1
1 12353 12353
0 0 951
0 0 6156
0 0 7641
-1
-1
-1
0 0 14190
1 20981 20981
1 20937 20937
1 21700 21700
-1
1 25133 25133
1 12743 12743
-1
1 26487 26487
0 0 13027
-1
0 0 560
0 0 10850
0 0 11176
-1
-1
1 1977 1977
-1
0 0 2452
1 24293 24293
-1
1 8898 8898
-1
0 0 8525
0 0 5935
-1
0 0 1988
1 1157 1157
-1
1 1351 1351
1 6017 6017
0 0 4712
1 25702 25702
0 0 12179
0 0 12160
0 0 13018
1 20283 20283
-1
-1
0 0 14581
0 0 5766
-1
-1
1 4908 4908
1 13947 13947
-1
-1
1 30908 30908
-1
1 29500 29500
0 0 10075
1 3550 3550
-1
-1
1 14847 14847
1 24666 24666
0 0 9012
0 0 13415
-1
0 0 2943
0 0 2423
-1
-1
1 30748 30748
1 20695 20695
1 29828 29828
-1
0 0 2
1 16412 16412
1 4204 4204
1 15198 15198
1 1940 1940
-1
-1
0 0 5402
0 0 15698
1 82 82
0 0 3526
0 0 4927
1 7833 7833
0 0 14133
-1
1 29536 29536
1 26837 26837
-1
1 31267 31267
0 0 14259
1 25920 25920
1 2249 2249
0 0 11151
-1
0 0 5731
1 8846 8846
0 0 10106
-1
0 0 13806
0 0 13752
0 0 421
0 0 10129
-1
1 20109 20109
0 0 4227
-1
0 0 15746
0 0 5583
1 3795 3795
-1
1 8205 8205
1 16777 16777
1 11166 11166
0 0 15013
0 0 12742
0 0 5224
1 7450 7450
1 7270 7270
0 0 12933
-1
0 0 5919
-1
1 20107 20107
-1
-1
1 27871 27871
0 0 9615
-1
-1
-1
-1
-1
1 15548 15548
0 0 13383
-1
1 14798 14798
1 3827 3827
0 0 8130
0 0 13501
-1
-1
0 0 6241
-1
1 18784 18784
-1
-1
0 0 14955
-1
1 4696 4696
0 0 4740
-1
-1
0 0 14886
1 13890 13890
-1
0 0 13514
1 32265 32265
0 0 6549
0 0 7073
1 30220 30220
-1
0 0 8554
-1
-1
1 4631 4631
0 0 5019
1 7082 7082
-1
-1
1 20399 20399
-1
-1
-1
0 0 15806
-1
0 0 5004
-1
1 27713 27713
1 16312 16312
-1
1 29729 29729
-1
1 22063 22063
-1
1 25997 25997
1 20022 20022
0 0 426
-1
0 0 7315
0 0 14992
0 0 15163
0 0 11318
1 14378 14378
0 0 4285
1 20068 20068
1 14511 14511
1 13469 13469
-1
1 12275 12275
1 25537 25537
1 10180 10180
0 0 11295
0 0 13885
0 0 7008
-1
1 28546 28546
0 0 7213
-1
-1
1 31466 31466
0 0 14519
-1
-1
1 544 544
1 30111 30111
1 18580 18580
1 23359 23359
0 0 15383
0 0 1193
-1
1 20573 20573
-1
0 0 9980
0 0 12230
0 0 11317
1 29943 29943
-1
-1
1 5517 5517
-1
1 30682 30682
1 24819 24819
-1
0 0 3640
0 0 15810
0 0 180
-1
1 6163 6163
0 0 9469
1 24872 24872
1 24761 24761
1 28680 28680
0 0 15262
1 30009 30009
-1
-1
-1
1 26310 26310
1 28324 28324
-1
1 26808 26808
-1
1 25839 25839
0 0 11402
0 0 8580
0 0 7510
-1
1 12423 12423
-1
0 0 6470
-1
-1
-1
1 14325 14325
1 9437 9437
1 8071 8071
0 0 15690
1 17990 17990
1 8733 8733
-1
1 21449 21449
1 7168 7168
1 14709 14709
1 24282 24282
0 0 16175
-1
1 4408 4408
1 25770 25770
1 19578 19578
1 22121 22121
-1
-1
-1
0 0 4903
0 0 11277
-1
1 6886 6886
1 22796 22796
-1
-1
1 12821 12821
0 0 13611
1 6059 6059
0 0 15257
-1
-1
0 0 18
-1
-1
1 19613 19613
1 15630 15630
-1
1 15110 15110
1 27065 27065
-1
0 0 3408
-1
0 0 12623
-1
1 25625 25625
0 0 5938
0 0 7005
-1
1 689 689
1 26804 26804
-1
-1
1 29369 29369
-1
0 0 13558
1 29244 29244
0 0 13937
-1
0 0 10629
0 0 11693
-1
1 6597 6597
0 0 6197
1 20544 20544
0 0 6065
0 0 16099
-1
-1
0 0 16073
0 0 4729
1 6545 6545
-1
1 13979 13979
0 0 724
1 5247 5247
0 0 2674
1 9893 9893
-1
0 0 13183
-1
0 0 10909
1 17355 17355
1 30269 30269
0 0 4000
0 0 13286
0 0 9222
0 0 11847
-1
-1
0 0 10306
1 9189 9189
1 8818 8818
1 8985 8985
-1
-1
-1
-1
-1
0 0 15706
-1
-1
0 0 15205
1 15050 15050
1 16376 16376
-1
-1
-1
1 27691 27691
1 18316 18316
-1
-1
1 7726 7726
0 0 5380
0 0 13988
0 0 11772
0 0 15069
0 0 3591
0 0 13291
1 24623 24623
-1
1 28816 28816
-1
-1
1 7734 7734
0 0 12467
-1
-1
1 29675 29675
-1
0 0 12296
0 0 14458
1 17854 17854
-1
1 21971 21971
-1
0 0 12254
0 0 3606
0 0 14501
-1
0 0 5213
0 0 4360
-1
-1
0 0 103
0 0 4653
0 0 4406
-1
1 12240 12240
0 0 15709
1 32621 32621
0 0 12808
1 25569 25569
1 13637 13637
0 0 1766
1 6933 6933
0 0 8177
0 0 3960
-1
1 21492 21492
1 31228 31228
1 20505 20505
-1
1 17836 17836
0 0 1292
-1
1 10058 10058
-1
1 26725 26725
-1
0 0 13038
-1
0 0 11754
-1
1 26238 26238
0 0 10228
-1
1 10097 10097
-1
1 26425 26425
1 28351 28351
0 0 6026
1 5138 5138
0 0 3001
1 18546 18546
0 0 10951
0 0 10385
0 0 14324
-1
1 5879 5879
0 0 1725
0 0 15116
-1
0 0 2149
1 2933 2933
-1
1 15340 15340
1 9318 9318
0 0 2103
1 7991 7991
0 0 4503
1 10639 10639
-1
-1
-1
0 0 6262
0 0 1392
0 0 15414
0 0 16242
-1
0 0 12883
1 6973 6973
1 5064 5064
1 9306 9306
-1
-1
-1
0 0 598
1 21486 21486
0 0 1267
1 31228 31228
0 0 8797
1 28500 28500
-1
0 0 1642
1 10014 10014
-1
1 26500 26500
-1
-1
-1
0 0 3896
0 0 3245
1 1870 1870
-1
1 32663 32663
1 10921 10921
-1
-1
1 3360 3360
1 3291 3291
-1
0 0 5662
1 14298 14298
0 0 8214
-1
-1
0 0 1243
-1
-1
-1
1 24650 24650
-1
0 0 12732
-1
0 0 7080
1 19485 19485
0 0 2859
1 27122 27122
0 0 402
-1
1 16921 16921
0 0 16225
-1
-1
0 0 15457
1 7577 7577
-1
0 0 5233
-1
0 0 13519
0 0 13986
0 0 11746
0 0 742
0 0 14909
-1
1 21802 21802
1 16042 16042
-1
0 0 13196
1 29618 29618
0 0 3634
-1
0 0 5419
0 0 11615
0 0 14138
1 24801 24801
-1
-1
-1
-1
0 0 3359
0 0 5987
0 0 12658
-1
0 0 4739
0 0 3693
1 20779 20779
-1
-1
1 25254 25254
-1
-1
-1
1 1247 1247
1 3188 3188
-1
1 2012 2012
-1
0 0 15642
1 29238 29238
-1
-1
1 11134 11134
1 7575 7575
-1
1 7359 7359
1 8427 8427
1 23317 23317
1 1225 1225
-1
-1
-1
0 0 6663
1 8964 8964
1 13310 13310
-1
1 2784 2784
-1
-1
0 0 6435
1 11426 11426
1 10547 10547
0 0 14460
0 0 6571
-1
1 24941 24941
1 19488 19488
-1
-1
-1
-1
0 0 881
1 22174 22174
0 0 15060
-1
1 8892 8892
1 13930 13930
-1
-1
-1
-1
1 20578 20578
-1
-1
1 6105 6105
-1
0 0 8273
-1
1 23579 23579
-1
-1
-1
1 23948 23948
0 0 1765
0 0 11489
-1
-1
-1
0 0 5127
0 0 15050
1 4415 4415
0 0 2592
1 26189 26189
0 0 15374
-1
1 23942 23942
0 0 10295
0 0 5323
-1
0 0 15647
-1
0 0 15947
1 22659 22659
0 0 16057
0 0 9874
1 26680 26680
0 0 9837
-1
-1
-1
-1
1 9914 9914
0 0 8782
-1
1 15229 15229
-1
1 22057 22057
-1
1 4408 4408
0 0 11503
-1
-1
1 1429 1429
-1
0 0 5806
0 0 1427
-1
0 0 5587
0 0 1635
0 0 16308
-1
1 14399 14399
0 0 6877
-1
-1
-1
0 0 13513
0 0 7852
-1
-1
-1
-1
-1
0 0 8634
-1
1 16785 16785
-1
1 13850 13850
-1
1 13917 13917
-1
1 26691 26691
0 0 222
1 18215 18215
1 3587 3587
0 0 5492
-1
-1
-1
0 0 1188
0 0 8025
-1
1 28980 28980
0 0 11188
0 0 11089
-1
-1
0 0 10310
0 0 6450
0 0 11776
1 1927 1927
-1
1 31834 31834
1 9234 9234
-1
1 23632 23632
1 30019 30019
1 27308 27308
1 7034 7034
-1
1 14025 14025
0 0 6104
1 13396 13396
1 3865 3865
-1
-1
0 0 10468
1 11716 11716
0 0 6879
-1
0 0 14806
1 24494 24494
0 0 3256
1 3309 3309
0 0 15545
-1
1 1863 1863
0 0 3887
1 27829 27829
1 10515 10515
1 27356 27356
0 0 4278
0 0 11736
0 0 1167
-1
0 0 5963
0 0 8677
0 0 15687
0 0 1490
1 15325 15325
-1
1 26002 26002
0 0 2242
-1
-1
-1
0 0 6588
1 6482 6482
1 14376 14376
-1
-1
1 919 919
0 0 5224
0 0 11275
1 4165 4165
0 0 3985
0 0 15372
0 0 7965
0 0 372
1 1799 1799
0 0 15709
1 22509 22509
1 5687 5687
0 0 5488
-1
0 0 829
1 1745 1745
1 1354 1354
-1
1 26478 26478
0 0 10205
1 25188 25188
1 1687 1687
0 0 4494
0 0 13933
0 0 6953
1 12336 12336
1 19229 19229
-1
-1
0 0 13359
0 0 9316
-1
1 21081 21081
0 0 2714
-1
0 0 11062
0 0 6822
0 0 4660
-1
1 17605 17605
-1
-1
-1
-1
0 0 10957
-1
0 0 8071
-1
1 3435 3435
0 0 13361
-1
1 5317 5317
-1
-1
1 9778 9778
1 25614 25614
1 28194 28194
-1
0 0 10597
0 0 11171
0 0 11019
0 0 9431
0 0 12729
1 31935 31935
0 0 11924
1 26649 26649
-1
1 24361 24361
-1
1 30111 30111
1 14517 14517
-1
0 0 8698
-1
0 0 11980
0 0 2380
1 16091 16091
-1
0 0 14863
0 0 9917
1 27706 27706
0 0 10784
1 4630 4630
0 0 14081
-1
0 0 7018
0 0 8201
-1
0 0 10231
1 32461 32461
0 0 11253
0 0 10762
-1
0 0 426
-1
-1
1 26952 26952
1 4286 4286
1 27097 27097
-1
1 25219 25219
1 8958 8958
-1
-1
-1
-1
0 0 13172
-1
-1
1 782 782
-1
0 0 9664
-1
1 9597 9597
0 0 4398
-1
1 23167 23167
0 0 11648
0 0 254
1 21257 21257
0 0 10365
-1
1 29628 29628
-1
-1
-1
0 0 3243
-1
0 0 15866
1 15971 15971
-1
0 0 8879
1 21520 21520
0 0 4579
0 0 10348
1 16454 16454
-1
0 0 14075
1 11147 11147
0 0 8390
-1
-1
1 6315 6315
0 0 5417
-1
-1
0 0 4899
0 0 13582
0 0 3439
1 26165 26165
1 15664 15664
1 16721 16721
-1
-1
-1
-1
-1
0 0 11862
-1
1 19213 19213
1 23151 23151
1 24649 24649
-1
1 18776 18776
-1
1 12086 12086
-1
1 27540 27540
1 11036 11036
0 0 15079
-1
1 7197 7197
1 22080 22080
1 23822 23822
-1
-1
0 0 8863
0 0 14987
0 0 5001
-1
0 0 10603
1 12209 12209
1 751 751
-1
-1
0 0 13665
-1
1 23830 23830
-1
-1
0 0 14033
1 21546 21546
0 0 1276
0 0 4823
1 31409 31409
-1
1 28493 28493
-1
1 4262 4262
-1
-1
0 0 890
0 0 1508
0 0 7816
1 24090 24090
0 0 9857
0 0 16144
1 30558 30558
-1
-1
1 28160 28160
0 0 12035
0 0 6097
-1
-1
0 0 2523
0 0 12808
0 0 15909
-1
1 1653 1653
0 0 5118
-1
1 7759 7759
1 21044 21044
0 0 10216
1 32212 32212
-1
0 0 6563
1 29565 29565
-1
1 652 652
0 0 1138
0 0 636
1 8365 8365
1 23009 23009
0 0 13269
-1
-1
-1
0 0 7690
1 29245 29245
-1
0 0 552
1 32011 32011
0 0 3906
-1
0 0 6533
1 28243 28243
1 30358 30358
1 28163 28163
1 32505 32505
1 29464 29464
0 0 6139
-1
1 27222 27222
0 0 14389
0 0 6299
-1
-1
-1
1 6243 6243
0 0 15611
-1
0 0 6324
0 0 10441
1 565 565
1 18509 18509
-1
0 0 7855
-1
1 11904 11904
0 0 1868
0 0 13233
-1
0 0 6561
1 25539 25539
-1
0 0 5419
-1
0 0 4550
0 0 6476
-1
1 18182 18182
-1
-1
-1
0 0 6524
1 6668 6668
1 29546 29546
1 25441 25441
-1
-1
-1
-1
0 0 75
-1
-1
-1
-1
1 9928 9928
1 3915 3915
1 16304 16304
0 0 14067
1 31273 31273
1 14325 14325
0 0 6632
1 1047 1047
-1
-1
0 0 10938
1 7247 7247
0 0 10064
-1
0 0 6018
0 0 16034
1 25386 25386
0 0 7567
-1
-1
0 0 15661
0 0 3542
-1
0 0 1741
0 0 1010
-1
1 5633 5633
0 0 6045
0 0 3889
1 21605 21605
0 0 11483
-1
-1
1 2493 2493
-1
-1
0 0 9475
0 0 1179
1 30127 30127
-1
0 0 2727
-1
1 13081 13081
0 0 11456
-1
1 15384 15384
-1
0 0 15739
1 27929 27929
0 0 15462
0 0 4476
0 0 16261
0 0 15946
0 0 14238
1 2798 2798
0 0 3917
-1
1 4059 4059
-1
1 32586 32586
0 0 3244
-1
-1
-1
1 29559 29559
1 2549 2549
0 0 7721
0 0 177
0 0 1207
-1
-1
0 0 14387
0 0 9042
0 0 11256
0 0 3395
-1
0 0 6576
0 0 6666
1 10182 10182
1 22875 22875
1 18253 18253
1 17120 17120
0 0 3837
0 0 637
1 19451 19451
1 29532 29532
-1
-1
0 0 10159
-1
-1
0 0 4353
0 0 4902
1 12719 12719
1 1913 1913
0 0 16153
1 32516 32516
0 0 5786
1 24280 24280
1 6137 6137
0 0 465
0 0 354
1 26317 26317
1 24163 24163
0 0 1622
0 0 9217
-1
-1
1 25482 25482
-1
-1
0 0 14552
-1
1 22169 22169
0 0 7402
0 0 1603
-1
-1
0 0 14142
0 0 11888
1 27385 27385
1 2895 2895
0 0 14383
0 0 1107
0 0 8254
0 0 12209
0 0 8809
0 0 5245
1 26551 26551
1 20665 20665
1 3542 3542
0 0 15460
1 17380 17380
0 0 6856
-1
-1
-1
-1
-1
1 16980 16980
0 0 15176
1 5322 5322
0 0 10532
1 23865 23865
1 14721 14721
-1
-1
0 0 7029
1 16205 16205
0 0 12578
0 0 14962
1 7336 7336
1 12328 12328
0 0 1373
-1
1 25716 25716
-1
1 4979 4979
1 1404 1404
0 0 1482
0 0 6246
0 0 2274
0 0 10310
-1
-1
0 0 16133
1 3948 3948
1 22592 22592
0 0 12782
0 0 15636
1 13313 13313
0 0 6039
-1
-1
-1
1 30003 30003
1 22530 22530
-1
-1
-1
1 31161 31161
1 6030 6030
0 0 1030
-1
1 21036 21036
0 0 974
0 0 4957
1 9900 9900
0 0 9417
-1
0 0 9307
-1
-1
0 0 9930
0 0 14109
0 0 12044
0 0 453
-1
-1
-1
0 0 11712
0 0 11103
1 11023 11023
0 0 2441
0 0 14616
0 0 11452
0 0 5190
0 0 10608
0 0 10723
1 28716 28716
0 0 3450
0 0 7330
0 0 5928
-1
1 22324 22324
0 0 13790
-1
1 3893 3893
-1
1 142 142
0 0 14203
-1
0 0 9952
1 7485 7485
0 0 6291
-1
-1
1 9494 9494
1 22897 22897
0 0 4741
-1
1 30631 30631
0 0 6765
1 23721 23721
0 0 4115
0 0 8097
-1
0 0 12086
-1
-1
-1
0 0 1919
-1
1 5047 5047
-1
1 6155 6155
1 20893 20893
1 3466 3466
0 0 7384
0 0 14177
1 18104 18104
1 25434 25434
1 3736 3736
1 27227 27227
0 0 2541
0 0 16230
-1
0 0 13637
0 0 3008
0 0 7591
-1
0 0 1800
1 1869 1869
1 9358 9358
-1
0 0 15509
0 0 13634
0 0 8830
1 67 67
1 11296 11296
0 0 4681
1 1104 1104
-1
1 27064 27064
-1
0 0 2818
-1
0 0 5856
-1
0 0 15341
-1
-1
1 16500 16500
1 81 81
-1
1 3172 3172
0 0 11554
0 0 16024
-1
1 17967 17967
0 0 14540
-1
-1
1 8643 8643
0 0 14231
-1
-1
1 22914 22914
1 8556 8556
1 30080 30080
0 0 11563
1 30673 30673
-1
1 19092 19092
0 0 2967
1 15767 15767
1 10413 10413
-1
-1
1 6338 6338
0 0 8855
-1
-1
1 10946 10946
-1
-1
1 27023 27023
1 24333 24333
0 0 4128
0 0 2258
0 0 6894
-1
0 0 8660
-1
1 31340 31340
1 17765 17765
-1
0 0 4993
1 2978 2978
-1
-1
0 0 12551
0 0 15715
1 14016 14016
1 16472 16472
0 0 7621
-1
1 2013 2013
0 0 15032
-1
1 26474 26474
-1
0 0 11884
0 0 1408
1 28269 28269
1 25012 25012
1 7075 7075
0 0 14046
1 23397 23397
1 30611 30611
1 9483 9483
0 0 15029
0 0 710
-1
-1
-1
0 0 12289
-1
-1
0 0 10119
0 0 5670
-1
0 0 14570
0 0 11763
0 0 7785
-1
-1
1 12402 12402
-1
0 0 740
1 7436 7436
1 6285 6285
0 0 9167
-1
1 23745 23745
-1
-1
1 9627 9627
0 0 5579
0 0 12377
0 0 6715
-1
0 0 13299
0 0 4322
0 0 9776
0 0 5728
0 0 5719
1 1401 1401
0 0 13011
0 0 2233
1 15378 15378
1 2047 2047
-1
1 5647 5647
0 0 15594
-1
-1
-1
0 0 15087
-1
-1
1 13466 13466
-1
0 0 866
1 25984 25984
0 0 9999
0 0 14869
0 0 14232
0 0 7230
-1
0 0 6329
0 0 10600
-1
0 0 1949
-1
1 20464 20464
0 0 1740
-1
0 0 2324
1 31381 31381
1 22166 22166
1 17503 17503
-1
-1
0 0 864
-1
0 0 9646
1 31861 31861
1 21183 21183
-1
0 0 6197
1 19224 19224
0 0 15695
0 0 10441
-1
1 789 789
1 11342 11342
-1
-1
1 28363 28363
1 30241 30241
-1
0 0 12859
-1
1 18768 18768
-1
-1
0 0 15510
-1
0 0 4864
-1
-1
-1
1 7226 7226
-1
0 0 2242
0 0 4996
-1
1 15789 15789
-1
-1
1 7147 7147
-1
-1
-1
1 23025 23025
1 32113 32113
1 11969 11969
0 0 9124
-1
-1
0 0 14132
1 7643 7643
0 0 459
-1
0 0 7367
1 15255 15255
0 0 16045
1 23899 23899
1 22205 22205
-1
0 0 11141
1 9025 9025
1 27196 27196
1 26457 26457
1 15939 15939
0 0 9356
1 13468 13468
1 17155 17155
0 0 2322
1 26629 26629
1 24877 24877
0 0 15118
0 0 7401
0 0 169
-1
-1
0 0 1403
-1
-1
0 0 4311
1 16445 16445
-1
0 0 11172
1 25321 25321
-1
1 28409 28409
1 20654 20654
0 0 269
-1
-1
-1
0 0 2061
0 0 13229
-1
-1
-1
1 4026 4026
-1
0 0 1738
-1
1 16471 16471
0 0 4307
1 8249 8249
1 30966 30966
1 19063 19063
1 5680 5680
0 0 13301
1 15903 15903
1 25057 25057
1 4995 4995
-1
1 26304 26304
1 4963 4963
1 11732 11732
0 0 10580
0 0 7237
1 19277 19277
-1
0 0 5627
-1
1 27636 27636
1 16100 16100
1 21460 21460
1 23397 23397
1 29745 29745
-1
0 0 16230
1 27726 27726
0 0 6896
-1
-1
1 31512 31512
1 7265 7265
1 464 464
0 0 2567
-1
0 0 397
0 0 11902
1 18113 18113
-1
-1
-1
-1
1 447 447
0 0 13036
1 16255 16255
-1
1 20994 20994
1 13114 13114
1 1307 1307
1 15529 15529
1 14549 14549
0 0 8263
1 26209 26209
-1
-1
1 23245 23245
-1
0 0 14598
-1
1 5619 5619
1 29184 29184
0 0 8982
1 32177 32177
-1
1 24513 24513
1 19950 19950
-1
0 0 11389
0 0 14972
1 6729 6729
1 27339 27339
1 13930 13930
0 0 379
0 0 2042
0 0 3828
-1
1 17450 17450
1 26100 26100
-1
-1
1 5801 5801
-1
-1
-1
-1
1 4403 4403
-1
1 14448 14448
0 0 13451
-1
1 16243 16243
0 0 10906
0 0 8945
0 0 15398
-1
0 0 10619
-1
0 0 3980
1 19755 19755
-1
1 15719 15719
1 15299 15299
0 0 5475
1 28296 28296
-1
1 23332 23332
0 0 4928
-1
-1
-1
0 0 11958
-1
-1
-1
1 18304 18304
-1
-1
-1
0 0 9485
-1
-1
-1
-1
-1
0 0 9683
1 1357 1357
0 0 6175
1 18435 18435
1 12797 12797
1 6349 6349
-1
-1
-1
-1
1 30087 30087
0 0 8390
1 1482 1482
1 23853 23853
0 0 9058
1 19851 19851
-1
0 0 14627
0 0 15087
0 0 11555
-1
1 23487 23487
0 0 5624
0 0 14665
-1
0 0 11374
-1
-1
-1
0 0 8020
0 0 7525
-1
0 0 10565
1 13937 13937
1 18100 18100
1 8166 8166
1 5319 5319
1 3148 3148
0 0 6766
-1
-1
1 3469 3469
-1
-1
1 10393 10393
0 0 15272
0 0 13561
-1
-1
0 0 14970
-1
0 0 7238
0 0 7714
1 11931 11931
1 2077 2077
0 0 786
1 29943 29943
-1
0 0 6713
-1
-1
1 11600 11600
-1
-1
0 0 13543
0 0 2684
-1
-1
1 21082 21082
1 2773 2773
0 0 14223
0 0 7927
0 0 6376
1 12382 12382
-1
0 0 13987
1 22015 22015
0 0 9575
0 0 7591
1 28532 28532
1 17881 17881
-1
0 0 9793
0 0 15044
1 31730 31730
-1
0 0 2979
-1
-1
0 0 14950
1 28758 28758
1 24121 24121
0 0 6968
0 0 16121
1 14417 14417
0 0 6533
0 0 12377
-1
1 3644 3644
0 0 13975
1 501 501
1 26024 26024
-1
0 0 8803
0 0 14911
1 1569 1569
0 0 7024
0 0 62
1 13630 13630
1 14566 14566
0 0 4875
0 0 13823
-1
0 0 8394
1 12594 12594
1 24186 24186
0 0 10404
1 18577 18577
0 0 10837
1 20774 20774
1 8740 8740
0 0 15552
1 19037 19037
0 0 733
0 0 10409
1 12752 12752
1 11271 11271
-1
-1
-1
-1
0 0 16010
0 0 15724
1 11781 11781
-1
1 26717 26717
1 989 989
1 10262 10262
1 3378 3378
1 9114 9114
1 11669 11669
0 0 12652
1 21899 21899
1 19606 19606
1 9522 9522
1 7689 7689
1 16503 16503
0 0 81
0 0 6596
1 12844 12844
0 0 15814
-1
1 1939 1939
0 0 6020
1 17864 17864
-1
-1
0 0 1299
-1
-1
-1
0 0 11948
1 14740 14740
0 0 4711
-1
0 0 6806
0 0 8008
-1
0 0 8086
1 28542 28542
0 0 3908
0 0 2542
-1
-1
-1
-1
0 0 15599
1 16447 16447
1 11663 11663
-1
0 0 11512
-1
-1
1 6560 6560
1 24722 24722
0 0 1872
1 9688 9688
0 0 13000
1 15489 15489
-1
1 30104 30104
0 0 6409
0 0 11728
0 0 9971
0 0 3687
1 20897 20897
-1
1 3167 3167
-1
1 6854 6854
1 17835 17835
0 0 15051
1 20001 20001
1 20103 20103
1 18060 18060
1 12107 12107
1 28536 28536
0 0 1913
0 0 7622
1 20855 20855
-1
1 26007 26007
0 0 7648
0 0 14960
0 0 6498
1 23051 23051
0 0 13872
1 20875 20875
-1
-1
0 0 11686
0 0 13986
1 8691 8691
0 0 5090
1 27015 27015
1 23064 23064
0 0 12639
1 12490 12490
1 17842 17842
-1
-1
0 0 10763
0 0 15181
0 0 2513
1 16191 16191
-1
-1
1 21579 21579
1 28785 28785
1 15157 15157
0 0 11452
1 15090 15090
0 0 5918
1 738 738
0 0 2075
0 0 14396
-1
0 0 1225
-1
1 28936 28936
1 24804 24804
1 2433 2433
0 0 6728
-1
0 0 4397
0 0 1524
0 0 4518
0 0 1430
1 24225 24225
1 12168 12168
0 0 9755
1 12258 12258
1 23360 23360
0 0 16275
-1
-1
-1
1 22541 22541
0 0 11634
0 0 7443
-1
0 0 12355
0 0 371
-1
1 26706 26706
1 3684 3684
-1
-1
1 5868 5868
-1
1 22896 22896
0 0 4908
-1
1 22050 22050
-1
-1
1 16910 16910
1 952 952
0 0 11289
0 0 5425
0 0 4572
1 31517 31517
-1
1 24242 24242
-1
1 20789 20789
0 0 2661
-1
0 0 6532
1 24937 24937
-1
0 0 8462
0 0 6484
-1
0 0 5002
1 31662 31662
0 0 9886
-1
1 11808 11808
0 0 2357
1 1531 1531
0 0 9599
-1
0 0 13660
-1
1 23433 23433
1 29570 29570
1 21188 21188
0 0 1574
-1
0 0 3004
1 16634 16634
-1
-1
0 0 13451
-1
-1
1 16257 16257
-1
0 0 7418
1 15411 15411
-1
-1
-1
1 2662 2662
0 0 13737
-1
1 25967 25967
1 20538 20538
0 0 12933
1 9745 9745
1 23363 23363
0 0 259
1 18275 18275
1 18624 18624
0 0 15286
1 7558 7558
1 14071 14071
0 0 5079
-1
-1
1 868 868
-1
0 0 3098
0 0 2882
0 0 14052
0 0 14074
-1
-1
1 32588 32588
1 5050 5050
-1
-1
0 0 14282
0 0 3023
-1
-1
1 6991 6991
-1
0 0 9785
0 0 4678
-1
-1
1 19205 19205
-1
1 2020 2020
-1
1 17843 17843
0 0 11991
0 0 8917
0 0 6570
1 23272 23272
1 3441 3441
-1
1 12837 12837
0 0 7336
-1
-1
-1
-1
1 16267 16267
-1
1 28059 28059
0 0 8808
-1
-1
0 0 11995
1 13081 13081
1 16230 16230
-1
-1
0 0 11516
1 15730 15730
0 0 10692
-1
0 0 2425
1 19984 19984
1 8644 8644
1 13393 13393
-1
-1
0 0 4722
0 0 3800
-1
1 6870 6870
0 0 10340
0 0 13829
1 28048 28048
0 0 10896
1 29390 29390
-1
-1
-1
0 0 1069
1 28012 28012
1 17611 17611
-1
0 0 4780
-1
1 4087 4087
1 13097 13097
-1
0 0 14887
-1
0 0 10006
0 0 1644
-1
0 0 4644
0 0 10824
1 27202 27202
-1
0 0 9723
1 21358 21358
0 0 6386
-1
-1
-1
-1
1 27986 27986
1 15921 15921
-1
-1
0 0 5790
-1
1 15194 15194
0 0 15888
0 0 6454
-1
0 0 2372
0 0 10266
0 0 8217
-1
-1
0 0 10828
1 17150 17150
-1
1 18939 18939
1 17376 17376
0 0 1395
1 12362 12362
-1
1 30367 30367
1 5667 5667
0 0 6969
0 0 10178
-1
1 27540 27540
0 0 4969
-1
0 0 2803
-1
0 0 14906
0 0 15559
0 0 14870
-1
1 3374 3374
-1
-1
1 7134 7134
1 14356 14356
0 0 612
0 0 13915
-1
1 1027 1027
1 9586 9586
1 23630 23630
-1
1 17943 17943
-1
0 0 8943
0 0 7376
-1
-1
-1
-1
0 0 9153
0 0 2143
0 0 1308
0 0 3789
-1
1 15692 15692
1 10874 10874
0 0 8576
0 0 3277
-1
1 19613 19613
0 0 9280
-1
1 13722 13722
-1
-1
-1
-1
0 0 15375
1 1550 1550
1 7600 7600
1 14970 14970
1 1809 1809
1 4701 4701
1 2598 2598
-1
1 8209 8209
1 3138 3138
1 15691 15691
0 0 14460
1 28658 28658
-1
0 0 7218
-1
0 0 10246
1 19288 19288
-1
0 0 13873
0 0 15966
-1
0 0 15217
1 7629 7629
0 0 11761
1 15822 15822
1 29609 29609
1 32325 32325
1 21350 21350
1 6418 6418
0 0 11283
0 0 9322
-1
1 14433 14433
1 25463 25463
1 1645 1645
1 6691 6691
1 12685 12685
0 0 379
1 97 97
0 0 4061
-1
1 24778 24778
0 0 8564
0 0 9140
1 29049 29049
0 0 299
-1
1 14502 14502
-1
-1
1 8195 8195
-1
-1
1 5517 5517
0 0 3069
-1
1 485 485
0 0 9835
0 0 1061
-1
1 11092 11092
1 28 28
0 0 4241
1 4257 4257
1 26955 26955
1 30361 30361
1 13453 13453
0 0 3425
-1
1 22986 22986
1 10497 10497
-1
1 14911 14911
1 17396 17396
1 31701 31701
-1
0 0 4677
-1
0 0 10722
1 24901 24901
0 0 15231
0 0 2183
0 0 4536
0 0 6054
-1
-1
0 0 11758
1 5108 5108
-1
-1
1 12014 12014
0 0 13488
0 0 12163
0 0 14209
-1
1 22587 22587
-1
-1
-1
-1
0 0 9623
0 0 15344
1 15605 15605
0 0 568
0 0 8717
0 0 11268
-1
-1
0 0 86
0 0 9018
0 0 9480
1 10027 10027
-1
-1
1 491 491
1 6681 6681
0 0 4849
0 0 15876
0 0 7769
-1
1 4971 4971
1 24911 24911
1 3437 3437
-1
1 21353 21353
1 15900 15900
-1
0 0 478
0 0 4596
1 18922 18922
-1
1 14765 14765
0 0 12815
1 1656 1656
1 12157 12157
0 0 8703
-1
1 20039 20039
1 20388 20388
1 30724 30724
-1
0 0 14736
-1
-1
0 0 5186
-1
1 1714 1714
1 22421 22421
-1
1 5721 5721
1 19901 19901
-1
-1
0 0 16269
0 0 16260
-1
0 0 13277
-1
1 27169 27169
-1
0 0 7694
1 3227 3227
-1
1 8824 8824
1 11983 11983
-1
-1
-1
-1
-1
-1
1 12916 12916
0 0 14481
1 24028 24028
0 0 15626
1 16330 16330
-1
1 28737 28737
0 0 7810
0 0 9855
0 0 5002
-1
0 0 12574
0 0 1865
1 14097 14097
0 0 120
0 0 3968
-1
0 0 7583
-1
0 0 7167
-1
-1
1 8613 8613
1 25542 25542
1 3536 3536
0 0 11584
1 23086 23086
1 15691 15691
-1
1 1052 1052
-1
1 18019 18019
1 23234 23234
1 17398 17398
0 0 8181
0 0 15653
1 3330 3330
1 6635 6635
1 28400 28400
1 28707 28707
-1
-1
-1
1 3439 3439
1 7455 7455
0 0 12520
0 0 7176
-1
-1
-1
1 10517 10517
1 31585 31585
-1
-1
0 0 13605
1 17795 17795
1 16631 16631
-1
0 0 6374
-1
1 5737 5737
0 0 11916
-1
1 15101 15101
-1
-1
0 0 2374
-1
1 27777 27777
0 0 14937
-1
0 0 5543
-1
-1
0 0 6220
-1
0 0 4000
-1
-1
1 5893 5893
1 22837 22837
1 23765 23765
1 30072 30072
1 6023 6023
1 8639 8639
1 1864 1864
1 1993 1993
-1
0 0 8342
0 0 10481
-1
1 27753 27753
0 0 1959
1 5116 5116
1 5608 5608
1 14867 14867
-1
0 0 3462
-1
-1
1 31622 31622
1 1331 1331
1 8766 8766
1 14790 14790
0 0 6312
0 0 5592
-1
1 13553 13553
-1
0 0 3765
1 19248 19248
1 26001 26001
1 25895 25895
-1
1 24652 24652
1 12210 12210
-1
0 0 15534
1 23394 23394
0 0 12961
-1
1 15381 15381
-1
-1
1 6059 6059
1 24585 24585
-1
1 16102 16102
1 31587 31587
0 0 12008
1 11909 11909
0 0 358
1 5970 5970
0 0 2390
0 0 3246
-1
1 31475 31475
-1
0 0 2391
1 6081 6081
0 0 14756
0 0 3681
0 0 1239
0 0 10173
-1
1 12845 12845
-1
-1
-1
1 9225 9225
1 1622 1622
1 14788 14788
-1
0 0 8739
1 7862 7862
0 0 11116
1 15549 15549
0 0 7231
-1
-1
0 0 6101
1 17509 17509
-1
1 4885 4885
1 23843 23843
1 9308 9308
-1
-1
1 14020 14020
1 30692 30692
0 0 12038
0 0 12066
0 0 12247
-1
-1
1 12287 12287
0 0 386
1 22114 22114
-1
-1
1 14962 14962
-1
1 27108 27108
-1
1 1186 1186
-1
-1
-1
1 19397 19397
0 0 10829
0 0 14286
0 0 864
-1
0 0 9989
1 31687 31687
0 0 1985
-1
1 389 389
1 2248 2248
-1
1 18948 18948
0 0 4311
0 0 935
-1
1 29866 29866
1 21196 21196
-1
0 0 4400
1 16242 16242
-1
0 0 2555
0 0 101
0 0 4370
0 0 21
0 0 5030
0 0 550
1 28048 28048
-1
0 0 4547
1 5784 5784
1 20996 20996
-1
-1
1 71 71
-1
0 0 7423
-1
0 0 15786
-1
0 0 6323
-1
-1
1 23025 23025
0 0 15309
-1
0 0 4532
0 0 12221
-1
1 10217 10217
0 0 238
-1
-1
0 0 14986
0 0 13507
-1
0 0 8208
-1
-1
1 32205 32205
-1
1 9971 9971
1 24215 24215
0 0 3676
0 0 14950
0 0 6932
-1
0 0 14619
0 0 962
1 17490 17490
1 6601 6601
0 0 1951
0 0 15776
-1
0 0 5801
1 19405 19405
0 0 1138
0 0 11323
0 0 1093
-1
0 0 379
-1
1 27063 27063
0 0 3779
0 0 12304
1 29412 29412
1 16006 16006
-1
0 0 10967
0 0 14933
-1
0 0 7500
1 530 530
1 30562 30562
1 17834 17834
0 0 7314
1 10083 10083
-1
0 0 869
0 0 827
0 0 15084
1 28147 28147
1 28195 28195
-1
-1
0 0 8911
-1
-1
-1
0 0 10607
-1
1 11169 11169
1 2809 2809
-1
-1
-1
0 0 5450
-1
1 8970 8970
0 0 10386
0 0 13322
-1
1 20644 20644
-1
1 9478 9478
1 32274 32274
1 32529 32529
-1
0 0 15696
1 30556 30556
0 0 9507
0 0 1002
1 1086 1086
0 0 10515
0 0 7632
1 12377 12377
1 14812 14812
-1
0 0 13872
1 10831 10831
0 0 11598
-1
1 14376 14376
0 0 5051
-1
-1
1 32639 32639
0 0 4809
0 0 5725
1 27035 27035
-1
0 0 10872
0 0 12105
1 30834 30834
1 6768 6768
0 0 1900
-1
0 0 12834
1 32268 32268
1 23580 23580
0 0 13027
0 0 1163
1 29247 29247
0 0 1481
1 29172 29172
1 10796 10796
-1
-1
0 0 16015
-1
1 10810 10810
-1
1 31111 31111
1 6547 6547
1 26917 26917
0 0 5904
0 0 6026
-1
1 9198 9198
1 1655 1655
0 0 8936
1 21761 21761
-1
0 0 11377
1 24680 24680
0 0 5358
-1
0 0 14439
0 0 9046
1 4922 4922
1 30172 30172
0 0 7829
-1
0 0 7837
1 31219 31219
-1
1 15930 15930
-1
1 3850 3850
1 30606 30606
0 0 15276
-1
0 0 4176
0 0 1989
0 0 2153
1 14434 14434
0 0 587
1 11490 11490
0 0 7384
-1
1 15800 15800
-1
1 5399 5399
1 16922 16922
1 20015 20015
1 23099 23099
1 21719 21719
0 0 7761
0 0 3333
0 0 2600
0 0 12784
1 13361 13361
1 22975 22975
-1
1 8396 8396
1 17672 17672
1 7332 7332
0 0 6035
0 0 5160
1 23213 23213
1 23413 23413
-1
1 12235 12235
-1
-1
-1
-1
0 0 15081
1 7613 7613
1 20729 20729
-1
1 20787 20787
0 0 5135
0 0 9757
-1
0 0 1298
-1
-1
0 0 12687
0 0 2305
-1
1 16036 16036
-1
1 12395 12395
0 0 11899
-1
1 7979 7979
1 4544 4544
0 0 10952
1 14718 14718
-1
-1
1 11780 11780
-1
1 28086 28086
1 3472 3472
0 0 4616
-1
0 0 4806
-1
-1
0 0 979
1 13373 13373
0 0 12140
0 0 16177
0 0 11724
1 4916 4916
1 18018 18018
0 0 10766
0 0 1295
-1
0 0 9630
1 24407 24407
1 29956 29956
1 25419 25419
0 0 6291
0 0 14690
1 32153 32153
-1
0 0 10833
0 0 12285
0 0 3482
1 4845 4845
1 18808 18808
-1
-1
-1
0 0 1176
1 1946 1946
1 22493 22493
-1
-1
-1
-1
-1
1 21320 21320
-1
1 25846 25846
0 0 8261
1 20498 20498
-1
-1
-1
0 0 9416
0 0 14368
1 31922 31922
1 25599 25599
1 8101 8101
0 0 10034
0 0 9344
-1
1 32496 32496
-1
0 0 5316
-1
1 32600 32600
0 0 6471
1 8258 8258
0 0 11130
-1
-1
0 0 2837
0 0 2403
-1
-1
0 0 4322
1 4332 4332
1 16322 16322
0 0 3519
-1
-1
0 0 8249
1 9757 9757
-1
-1
-1
-1
-1
0 0 7386
-1
1 25369 25369
-1
-1
0 0 8435
0 0 2849
1 31162 31162
1 11211 11211
1 16523 16523
-1
1 18398 18398
1 20681 20681
1 10973 10973
0 0 9545
1 1447 1447
1 10419 10419
0 0 2933
0 0 5679
0 0 4058
0 0 8984
-1
1 22742 22742
0 0 15701
0 0 2564
1 28871 28871
-1
0 0 11481
-1
1 23176 23176
-1
-1
1 21418 21418
0 0 5492
0 0 12817
-1
0 0 2332
0 0 1892
-1
0 0 12421
-1
0 0 808
0 0 6997
-1
1 27925 27925
0 0 2485
-1
-1
0 0 10560
-1
1 6858 6858
1 25915 25915
-1
0 0 746
1 28426 28426
1 12674 12674
1 14513 14513
-1
-1
1 4529 4529
1 3052 3052
0 0 14293
1 8963 8963
1 28691 28691
1 24864 24864
-1
0 0 8799
1 1658 1658
1 417 417
1 5844 5844
0 0 3261
0 0 14941
0 0 13941
1 2536 2536
0 0 11351
1 26410 26410
-1
1 19827 19827
-1
-1
1 24431 24431
-1
0 0 7477
1 8087 8087
-1
1 16877 16877
0 0 7341
0 0 7084
1 28232 28232
1 13894 13894
1 28827 28827
0 0 6634
1 28036 28036
-1
0 0 8718
1 29051 29051
1 20821 20821
-1
1 14385 14385
0 0 2077
-1
0 0 9637
-1
-1
1 4787 4787
1 17553 17553
1 21592 21592
1 22874 22874
0 0 13579
1 23093 23093
1 3462 3462
0 0 6104
0 0 12126
0 0 850
0 0 12094
1 15370 15370
-1
1 15120 15120
0 0 10627
0 0 182
-1
1 15857 15857
0 0 2855
0 0 7856
1 31669 31669
-1
0 0 10929
-1
-1
0 0 3358
-1
1 2736 2736
-1
0 0 11957
0 0 8658
1 13874 13874
0 0 10277
0 0 14278
0 0 5746
0 0 9415
0 0 3237
1 31474 31474
-1
0 0 11314
0 0 4053
-1
-1
-1
-1
1 17022 17022
0 0 2984
-1
-1
1 27278 27278
-1
1 27537 27537
0 0 11999
1 12466 12466
-1
1 31797 31797
1 22274 22274
-1
1 25745 25745
1 17180 17180
0 0 4581
1 15988 15988
-1
0 0 10046
1 9459 9459
-1
1 9622 9622
0 0 2693
0 0 1019
0 0 6260
1 20922 20922
0 0 5700
-1
-1
1 16641 16641
1 4147 4147
0 0 7135
1 26997 26997
0 0 4282
0 0 15272
-1
1 21853 21853
0 0 13376
-1
1 31455 31455
-1
0 0 6841
0 0 10243
-1
0 0 6059
0 0 8703
1 18111 18111
-1
0 0 4052
0 0 14175
0 0 13329
0 0 10230
1 15228 15228
1 16811 16811
0 0 11398
0 0 7854
1 15706 15706
1 7334 7334
-1
-1
-1
1 26098 26098
-1
1 8052 8052
0 0 155
1 19638 19638
1 19871 19871
-1
0 0 11215
1 7040 7040
0 0 13682
-1
-1
1 6845 6845
-1
1 24240 24240
-1
-1
1 25304 25304
1 18694 18694
-1
-1
0 0 11317
-1
1 3822 3822
1 17509 17509
1 29398 29398
0 0 93
0 0 4290
-1
0 0 5644
0 0 8795
0 0 2685
1 23638 23638
1 19380 19380
-1
1 6915 6915
0 0 6698
0 0 7830
-1
1 2706 2706
0 0 14177
0 0 15172
-1
0 0 10034
0 0 3737
-1
1 359 359
-1
0 0 2764
1 9383 9383
-1
1 26513 26513
-1
-1
-1
-1
-1
1 32677 32677
0 0 11432
1 7851 7851
-1
-1
-1
-1
-1
-1
-1
0 0 1036
-1
0 0 15771
1 27021 27021
1 18296 18296
-1
1 7122 7122
-1
-1
0 0 5131
0 0 554
0 0 12591
-1
1 11843 11843
-1
0 0 4592
1 28868 28868
-1
-1
1 3896 3896
-1
-1
0 0 11868
0 0 1839
1 13835 13835
-1
-1
-1
0 0 5242
-1
0 0 11335
0 0 1827
1 22969 22969
-1
0 0 16000
1 182 182
-1
0 0 8587
0 0 11265
-1
0 0 14010
-1
0 0 12911
-1
-1
1 16515 16515
0 0 1844
0 0 13254
0 0 8080
0 0 6115
1 17777 17777
0 0 1528
-1
-1
0 0 5034
1 10020 10020
0 0 5234
1 29778 29778
-1
1 23910 23910
1 7812 7812
1 10430 10430
-1
0 0 13390
0 0 12434
0 0 4843
1 30665 30665
1 8912 8912
0 0 525
0 0 9556
1 26712 26712
-1
0 0 9538
1 17441 17441
1 21944 21944
1 23566 23566
1 9661 9661
0 0 16331
-1
1 28254 28254
0 0 8692
-1
-1
0 0 11677
-1
0 0 10587
0 0 7771
-1
1 30841 30841
1 28028 28028
1 23398 23398
0 0 2651
1 32118 32118
-1
-1
0 0 15581
1 12185 12185
-1
-1
0 0 14221
0 0 15148
0 0 16318
1 18965 18965
0 0 3153
0 0 3702
1 27593 27593
1 23584 23584
-1
0 0 10348
-1
0 0 14081
0 0 6092
1 12379 12379
1 31155 31155
-1
1 15445 15445
-1
-1
-1
0 0 12396
0 0 13060
0 0 3896
1 29325 29325
-1
0 0 1925
-1
1 9278 9278
1 22753 22753
0 0 2860
1 32144 32144
0 0 13994
1 17621 17621
-1
-1
1 14968 14968
0 0 3895
1 17905 17905
0 0 9326
0 0 7851
-1
-1
0 0 2205
1 29472 29472
0 0 12606
1 30136 30136
0 0 2098
1 15113 15113
-1
-1
1 30264 30264
0 0 15973
1 20552 20552
0 0 14696
1 4724 4724
0 0 12177
0 0 8891
1 23682 23682
-1
1 3663 3663
-1
0 0 4945
0 0 1484
0 0 2379
0 0 8607
0 0 8308
1 15859 15859
1 14017 14017
0 0 3240
0 0 13159
1 1693 1693
1 32411 32411
-1
-1
1 2634 2634
-1
1 32327 32327
1 17726 17726
-1
0 0 11857
1 28923 28923
-1
1 8815 8815
1 8704 8704
1 16495 16495
0 0 12298
-1
0 0 9011
-1
0 0 6029
0 0 10599
0 0 1563
0 0 3876
0 0 6362
0 0 2653
-1
1 18842 18842
1 3004 3004
1 19988 19988
0 0 15896
0 0 6214
-1
-1
0 0 12950
1 6512 6512
0 0 10588
1 32047 32047
0 0 13599
0 0 7453
0 0 2071
-1
1 32475 32475
-1
0 0 14730
1 20299 20299
-1
-1
0 0 6024
-1
-1
0 0 3932
1 4118 4118
1 2517 2517
0 0 1434
0 0 14723
0 0 9321
0 0 6685
1 15447 15447
1 30501 30501
0 0 10400
-1
1 2054 2054
-1
0 0 10893
1 4387 4387
-1
0 0 11412
0 0 6446
0 0 11924
-1
-1
-1
-1
-1
0 0 4592
1 21355 21355
-1
0 0 9341
0 0 16371
0 0 4228
-1
0 0 11516
-1
-1
-1
1 14473 14473
0 0 14695
-1
0 0 8875
1 27476 27476
0 0 5520
0 0 13660
-1
1 6017 6017
-1
1 9479 9479
1 29800 29800
0 0 15262
0 0 10385
1 9795 9795
1 23925 23925
0 0 12316
0 0 6093
0 0 3752
0 0 6465
0 0 11539
1 21196 21196
0 0 9770
-1
-1
0 0 3803
0 0 7069
0 0 4347
0 0 2147
-1
-1
1 18239 18239
1 372 372
0 0 14959
-1
1 25423 25423
-1
0 0 614
1 29028 29028
1 10514 10514
-1
1 26832 26832
1 29134 29134
0 0 12972
-1
1 12444 12444
1 22444 22444
1 29014 29014
0 0 14834
-1
-1
0 0 6801
0 0 16092
0 0 10116
1 5904 5904
1 14903 14903
-1
-1
-1
0 0 9979
-1
1 29549 29549
1 9685 9685
0 0 6673
-1
-1
1 17131 17131
0 0 13489
1 18378 18378
1 25448 25448
-1
1 30149 30149
-1
1 31212 31212
0 0 3671
0 0 10139
0 0 3779
1 26326 26326
0 0 6123
1 19468 19468
-1
0 0 15949
-1
0 0 4798
-1
-1
1 11485 11485
0 0 1298
1 8610 8610
0 0 15583
-1
-1
1 4781 4781
0 0 6495
1 7385 7385
1 22906 22906
0 0 11653
1 7384 7384
0 0 7001
0 0 14698
1 8130 8130
-1
0 0 13735
-1
-1
-1
1 18155 18155
0 0 11936
1 3424 3424
1 8976 8976
1 22532 22532
0 0 12394
-1
1 22039 22039
-1
-1
1 23290 23290
0 0 13880
1 18173 18173
0 0 13690
0 0 15902
1 1656 1656
0 0 4055
0 0 8813
1 26694 26694
-1
1 4223 4223
-1
-1
-1
1 19651 19651
1 23265 23265
0 0 8860
1 27760 27760
1 20752 20752
0 0 1051
0 0 375
-1
1 20928 20928
1 31414 31414
-1
1 21642 21642
1 14707 14707
-1
0 0 14426
-1
-1
0 0 15923
-1
0 0 9742
1 24239 24239
1 8170 8170
1 1564 1564
1 18089 18089
0 0 10660
-1
-1
0 0 12482
-1
0 0 11587
0 0 254
1 9458 9458
1 5726 5726
1 15562 15562
1 11629 11629
-1
-1
1 21622 21622
1 31594 31594
-1
0 0 12088
-1
1 190 190
-1
0 0 16050
-1
0 0 6365
-1
1 17764 17764
0 0 3258
1 30899 30899
0 0 15116
1 11572 11572
-1
0 0 11841
-1
0 0 14511
1 28654 28654
1 14082 14082
0 0 6075
-1
0 0 3677
1 31638 31638
1 3883 3883
-1
1 29648 29648
0 0 1744
1 16442 16442
-1
-1
1 9995 9995
0 0 9832
1 20027 20027
0 0 10355
0 0 10081
0 0 2592
1 3353 3353
1 15404 15404
1 24375 24375
-1
-1
1 4417 4417
-1
-1
-1
0 0 10656
-1
-1
-1
-1
-1
-1
0 0 14816
-1
0 0 12323
0 0 9110
1 18740 18740
-1
0 0 11657
1 3143 3143
0 0 2624
-1
0 0 393
1 2406 2406
1 16991 16991
-1
0 0 14506
1 16635 16635
1 4560 4560
-1
-1
0 0 11406
1 8852 8852
0 0 3972
1 230 230
-1
-1
0 0 3089
0 0 4592
-1
-1
0 0 5274
-1
1 1213 1213
-1
-1
1 23884 23884
-1
1 5358 5358
-1
-1
1 22724 22724
1 23178 23178
-1
-1
1 10964 10964
1 7198 7198
-1
-1
0 0 4091
-1
-1
0 0 14921
-1
-1
-1
0 0 15622
1 27249 27249
-1
0 0 7956
1 3930 3930
1 6944 6944
-1
0 0 6052
0 0 6748
-1
1 9217 9217
-1
0 0 12276
1 15752 15752
1 22835 22835
0 0 13316
-1
1 17650 17650
1 22471 22471
0 0 2062
0 0 170
1 6234 6234
1 31927 31927
1 7964 7964
0 0 1171
0 0 12345
-1
1 22329 22329
1 14067 14067
-1
-1
-1
0 0 3784
1 13871 13871
0 0 8766
0 0 9289
0 0 7724
-1
1 27513 27513
0 0 9557
-1
0 0 4290
-1
0 0 11851
1 5467 5467
0 0 13617
-1
1 1024 1024
1 10075 10075
1 12303 12303
1 25973 25973
0 0 14585
-1
1 31032 31032
-1
0 0 12973
1 18659 18659
-1
0 0 7488
0 0 3784
-1
-1
0 0 14956
0 0 11877
-1
-1
0 0 8173
-1
0 0 1039
-1
-1
1 1688 1688
0 0 10945
1 14552 14552
1 25803 25803
0 0 15688
1 27364 27364
0 0 8450
1 20571 20571
1 32083 32083
0 0 7970
0 0 7343
-1
-1
1 24623 24623
0 0 6743
1 6008 6008
0 0 5347
-1
0 0 373
1 12223 12223
0 0 7166
-1
1 26278 26278
1 1519 1519
1 4866 4866
-1
1 24731 24731
0 0 1222
0 0 11210
1 4074 4074
1 2599 2599
0 0 5106
1 11858 11858
0 0 7367
1 32716 32716
0 0 1346
-1
1 3523 3523
0 0 11736
-1
0 0 6048
-1
0 0 8206
0 0 11156
-1
1 17654 17654
0 0 14591
0 0 10768
-1
-1
0 0 435
-1
1 22973 22973
0 0 7659
1 3597 3597
0 0 503
1 18296 18296
1 6869 6869
1 32201 32201
0 0 3432
-1
0 0 6270
0 0 13709
-1
0 0 9868
0 0 9091
-1
1 31 31
1 15072 15072
-1
1 3747 3747
0 0 7253
0 0 6790
-1
-1
-1
1 11272 11272
1 2467 2467
-1
1 7330 7330
0 0 3345
0 0 11064
-1
1 19781 19781
1 30225 30225
1 21392 21392
0 0 2350
1 8218 8218
-1
0 0 7721
-1
1 11496 11496
1 24359 24359
0 0 1098
0 0 8290
-1
-1
1 9007 9007
1 6550 6550
1 3803 3803
-1
1 12420 12420
-1
1 6755 6755
-1
0 0 12924
1 745 745
-1
-1
1 27510 27510
-1
1 21054 21054
0 0 11850
-1
1 20256 20256
1 2059 2059
-1
0 0 8415
0 0 5481
1 19375 19375
1 22550 22550
1 12911 12911
-1
1 14608 14608
1 20550 20550
-1
-1
0 0 749
-1
-1
-1
-1
0 0 13824
1 19174 19174
1 23906 23906
1 7205 7205
0 0 13468
-1
0 0 7868
-1
0 0 1932
-1
0 0 16062
1 5684 5684
0 0 9496
0 0 12278
1 14557 14557
1 467 467
1 11126 11126
0 0 2514
0 0 10073
-1
-1
0 0 2356
0 0 5659
1 30859 30859
-1
-1
0 0 5026
1 20854 20854
1 9268 9268
0 0 3652
0 0 13424
-1
0 0 9088
-1
0 0 13271
0 0 1944
1 3608 3608
1 6718 6718
0 0 14652
1 5867 5867
0 0 9379
-1
-1
1 18885 18885
1 20026 20026
-1
0 0 10093
-1
0 0 13699
0 0 2879
1 13627 13627
0 0 11019
1 26790 26790
-1
1 22053 22053
-1
-1
0 0 7553
1 1689 1689
-1
0 0 2005
-1
0 0 346
1 28256 28256
0 0 5113
-1
-1
1 1224 1224
0 0 14826
0 0 11887
1 16679 16679
1 23226 23226
-1
1 25686 25686
-1
0 0 1816
1 5103 5103
1 14497 14497
0 0 8236
-1
0 0 14614
-1
1 21931 21931
1 22379 22379
1 3337 3337
1 9465 9465
1 16741 16741
1 13944 13944
0 0 8191
-1
0 0 15314
0 0 10574
1 27246 27246
-1
-1
1 15910 15910
0 0 4365
-1
-1
-1
1 30124 30124
1 5756 5756
-1
1 30970 30970
0 0 8087
-1
1 7828 7828
0 0 8795
0 0 840
0 0 11240
-1
1 17850 17850
-1
1 9240 9240
0 0 13217
-1
0 0 10643
1 16910 16910
-1
0 0 13236
0 0 4631
0 0 14357
-1
1 19110 19110
0 0 8159
1 9194 9194
1 9985 9985
1 21838 21838
0 0 1115
0 0 10278
0 0 13473
-1
-1
1 15448 15448
1 26775 26775
0 0 1398
0 0 180
1 27028 27028
1 13261 13261
-1
1 20830 20830
1 2702 2702
-1
0 0 11269
-1
1 2390 2390
0 0 12450
-1
-1
-1
0 0 3178
-1
1 19780 19780
-1
1 27622 27622
1 32427 32427
1 23258 23258
0 0 13107
-1
-1
-1
0 0 7535
-1
1 24904 24904
1 31410 31410
0 0 473
0 0 8172
-1
1 25128 25128
-1
0 0 622
-1
1 24472 24472
0 0 2829
0 0 10537
1 14238 14238
0 0 15051
-1
1 31469 31469
1 23267 23267
-1
1 3603 3603
-1
1 2947 2947
-1
-1
-1
-1
1 18178 18178
1 31826 31826
-1
0 0 8034
-1
0 0 9474
1 6757 6757
0 0 1732
-1
0 0 12517
0 0 5860
0 0 6004
0 0 8789
0 0 12470
1 30983 30983
-1
0 0 11839
0 0 16346
0 0 1320
0 0 1754
0 0 3526
1 4853 4853
-1
-1
1 108 108
1 10115 10115
1 11399 11399
1 12587 12587
0 0 7565
0 0 4891
-1
1 24483 24483
0 0 10171
0 0 1397
-1
1 25492 25492
1 18371 18371
0 0 5505
0 0 9105
1 21138 21138
1 30505 30505
1 3042 3042
0 0 2260
1 13171 13171
1 19507 19507
1 18801 18801
1 14216 14216
0 0 13928
1 13137 13137
1 3229 3229
-1
-1
0 0 1195
0 0 2283
-1
-1
1 7676 7676
-1
-1
-1
1 18012 18012
0 0 9827
0 0 6711
1 20246 20246
-1
1 30579 30579
1 7452 7452
1 29893 29893
0 0 4184
1 19223 19223
1 13735 13735
-1
0 0 3879
-1
-1
-1
1 23550 23550
1 13789 13789
1 10146 10146
1 20634 20634
1 3920 3920
1 16916 16916
0 0 8295
-1
-1
1 24173 24173
1 28249 28249
0 0 9195
-1
1 27517 27517
0 0 15164
-1
0 0 4545
1 3677 3677
-1
1 32644 32644
-1
0 0 13204
1 17683 17683
1 15257 15257
1 18001 18001
-1
-1
-1
-1
-1
-1
0 0 4078
-1
1 25583 25583
-1
-1
-1
1 25945 25945
0 0 12007
1 13187 13187
0 0 9396
0 0 8957
0 0 6033
0 0 12585
0 0 6440
0 0 68
-1
-1
0 0 2790
1 18490 18490
-1
-1
-1
1 16205 16205
-1
0 0 8359
1 3046 3046
0 0 7873
-1
0 0 4470
1 1710 1710
-1
-1
0 0 15646
1 24931 24931
1 20711 20711
0 0 15567
0 0 4893
0 0 8681
1 31660 31660
0 0 10279
-1
1 16944 16944
1 21950 21950
-1
1 27128 27128
-1
0 0 2552
1 28844 28844
0 0 13953
1 8314 8314
-1
-1
0 0 13351
-1
-1
0 0 8945
-1
-1
0 0 5420
-1
-1
1 15977 15977
0 0 2710
-1
1 30991 30991
1 23931 23931
-1
1 27136 27136
-1
1 13013 13013
1 19022 19022
0 0 967
0 0 10433
1 20427 20427
0 0 11644
-1
0 0 10244
-1
1 31480 31480
-1
-1
0 0 870
1 22982 22982
1 31414 31414
-1
0 0 13818
1 32224 32224
0 0 16029
0 0 14128
-1
1 2885 2885
1 4752 4752
0 0 7598
-1
1 6651 6651
-1
1 13716 13716
1 28376 28376
0 0 3652
1 10490 10490
-1
0 0 10754
-1
1 13006 13006
0 0 10355
-1
0 0 12660
0 0 8953
-1
-1
1 19165 19165
1 5408 5408
1 15453 15453
0 0 9730
0 0 5627
1 11189 11189
-1
0 0 9529
0 0 14183
-1
1 26685 26685
1 7391 7391
1 3464 3464
0 0 4959
1 16227 16227
-1
-1
1 27555 27555
0 0 1157
0 0 7260
1 13748 13748
1 24013 24013
0 0 7751
1 4769 4769
1 25980 25980
-1
1 26508 26508
1 13951 13951
1 15054 15054
-1
1 15463 15463
1 31435 31435
-1
-1
-1
0 0 6575
-1
1 15916 15916
1 11282 11282
0 0 10750
-1
-1
-1
0 0 4450
0 0 3889
0 0 9243
0 0 2682
0 0 15713
0 0 15785
-1
0 0 1626
0 0 3887
-1
0 0 14300
-1
1 6633 6633
1 31880 31880
0 0 12584
1 16052 16052
-1
1 28651 28651
1 20145 20145
0 0 12954
-1
1 14915 14915
-1
0 0 7423
1 16414 16414
1 13672 13672
-1
-1
0 0 10729
1 28215 28215
1 30212 30212
0 0 10350
0 0 5231
1 27410 27410
1 3637 3637
0 0 1704
0 0 3510
0 0 301
-1
1 6608 6608
-1
-1
-1
0 0 3834
1 21790 21790
-1
0 0 648
0 0 8143
1 6020 6020
1 20350 20350
0 0 470
1 12654 12654
-1
-1
1 21992 21992
0 0 10406
0 0 6849
1 26410 26410
1 25731 25731
-1
-1
-1
0 0 2990
0 0 2320
1 622 622
-1
-1
0 0 7387
1 14965 14965
-1
-1
-1
-1
1 28058 28058
-1
1 29071 29071
0 0 14271
0 0 3045
-1
1 5002 5002
1 19973 19973
1 26311 26311
0 0 7176
1 21073 21073
-1
1 3105 3105
0 0 8805
1 12267 12267
0 0 2917
0 0 3833
0 0 9073
-1
0 0 4530
-1
0 0 3243
-1
1 17073 17073
1 11508 11508
-1
-1
1 13081 13081
-1
0 0 13575
0 0 15022
1 5735 5735
1 17886 17886
1 7307 7307
-1
1 21580 21580
0 0 13121
0 0 9833
-1
0 0 1645
1 774 774
-1
1 14623 14623
0 0 3460
0 0 13199
1 10687 10687
-1
1 10038 10038
0 0 7041
-1
-1
0 0 9423
0 0 4855
-1
-1
0 0 7796
0 0 7763
-1
0 0 6608
0 0 4172
0 0 6133
-1
0 0 6951
-1
1 18184 18184
1 11095 11095
1 17619 17619
1 11973 11973
-1
1 4181 4181
1 6505 6505
0 0 9121
-1
0 0 7688
-1
0 0 4248
-1
0 0 8705
0 0 13327
-1
-1
0 0 1829
1 11408 11408
1 4902 4902
-1
-1
1 14519 14519
1 1107 1107
-1
1 9349 9349
-1
1 24117 24117
1 9069 9069
0 0 12083
-1
0 0 9836
1 11864 11864
0 0 11710
0 0 9086
1 27178 27178
1 8283 8283
0 0 2379
0 0 12014
1 12417 12417
0 0 8116
1 14892 14892
1 23928 23928
-1
0 0 13753
-1
0 0 14874
0 0 4413
0 0 8825
-1
1 31295 31295
1 2874 2874
0 0 12723
1 15236 15236
1 12291 12291
-1
-1
1 15853 15853
0 0 1626
1 1838 1838
0 0 11159
-1
0 0 3685
0 0 16043
-1
1 5176 5176
0 0 14400
-1
0 0 11006
0 0 364
-1
1 15314 15314
1 14858 14858
1 5297 5297
-1
-1
0 0 16292
0 0 10941
0 0 5710
-1
0 0 6698
0 0 9418
-1
0 0 16013
-1
0 0 11327
0 0 9720
1 1991 1991
0 0 737
-1
1 14 14
0 0 15201
1 108 108
-1
-1
1 90 90
1 25707 25707
1 31949 31949
-1
1 28858 28858
1 14445 14445
0 0 10285
-1
0 0 3644
1 28322 28322
0 0 367
-1
0 0 12678
0 0 15775
1 2863 2863
-1
-1
-1
1 27853 27853
-1
1 29702 29702
0 0 13515
0 0 4396
-1
-1
0 0 13351
-1
1 20209 20209
0 0 9242
-1
-1
-1
-1
0 0 14039
0 0 15933
0 0 16202
-1
-1
-1
0 0 12321
-1
1 27248 27248
-1
-1
1 9123 9123
0 0 14921
-1
1 18275 18275
0 0 14105
0 0 6933
0 0 6495
-1
1 15166 15166
1 19732 19732
-1
1 22197 22197
1 26380 26380
-1
1 18265 18265
0 0 9551
1 22210 22210
-1
1 4952 4952
1 11452 11452
0 0 9590
-1
1 14976 14976
0 0 13012
0 0 8445
1 22712 22712
0 0 16
1 31807 31807
-1
-1
0 0 7064
1 9254 9254
-1
0 0 8258
1 3273 3273
1 23618 23618
1 7608 7608
-1
0 0 12628
1 7487 7487
-1
0 0 12607
1 14766 14766
0 0 3077
0 0 2206
1 3112 3112
1 11362 11362
0 0 555
-1
1 4509 4509
0 0 15542
0 0 16270
1 6396 6396
-1
0 0 3854
1 30996 30996
-1
0 0 12425
0 0 114
1 13630 13630
1 32484 32484
0 0 5720
-1
1 22363 22363
1 10311 10311
-1
1 5934 5934
1 627 627
0 0 10640
1 16153 16153
-1
0 0 936
0 0 5066
-1
0 0 13012
-1
0 0 7696
1 26614 26614
-1
-1
1 22577 22577
-1
-1
-1
1 18064 18064
0 0 12462
-1
0 0 3341
1 14317 14317
1 11068 11068
0 0 3571
1 29822 29822
1 13659 13659
1 19874 19874
0 0 2194
0 0 11581
-1
-1
0 0 2257
0 0 6555
1 20912 20912
0 0 941
1 23907 23907
1 18332 18332
1 9009 9009
-1
0 0 15810
-1
0 0 7549
1 29019 29019
1 13518 13518
1 14054 14054
1 16788 16788
-1
-1
-1
0 0 7028
-1
1 13089 13089
-1
0 0 10852
0 0 7737
0 0 53
1 25409 25409
0 0 179
-1
0 0 12077
1 24260 24260
0 0 10477
1 10384 10384
1 15209 15209
-1
0 0 3665
-1
-1
-1
0 0 3597
0 0 364
0 0 9536
-1
1 8456 8456
0 0 10954
1 18096 18096
-1
0 0 10889
-1
1 23374 23374
0 0 8052
-1
1 31803 31803
-1
-1
0 0 5703
0 0 11516
0 0 3799
-1
0 0 2851
-1
-1
0 0 10940
1 12448 12448
-1
1 5055 5055
-1
-1
0 0 6359
-1
0 0 2033
0 0 3784
0 0 10814
1 25053 25053
0 0 3354
0 0 8388
0 0 243
1 27483 27483
1 28829 28829
1 11757 11757
0 0 14840
1 7844 7844
-1
1 11493 11493
-1
1 30086 30086
0 0 11686
0 0 13633
1 2316 2316
-1
-1
0 0 13213
1 3771 3771
1 19839 19839
0 0 14315
1 31329 31329
0 0 7586
1 23013 23013
1 365 365
0 0 12889
1 3650 3650
1 17795 17795
-1
0 0 14697
0 0 2344
1 4313 4313
1 10294 10294
-1
1 9102 9102
0 0 7431
1 9033 9033
0 0 5042
-1
-1
-1
-1
-1
-1
0 0 16286
-1
0 0 1911
1 32631 32631
0 0 5259
-1
1 28678 28678
0 0 3831
1 7966 7966
0 0 5423
1 29997 29997
1 3356 3356
0 0 3196
-1
1 11292 11292
1 18814 18814
1 18 18
-1
0 0 4296
1 26293 26293
1 11800 11800
-1
0 0 5093
0 0 1284
-1
0 0 11867
0 0 5768
-1
1 24058 24058
-1
0 0 4371
0 0 4006
0 0 11139
0 0 760
0 0 14447
1 25212 25212
0 0 14641
1 19038 19038
1 646 646
-1
1 5265 5265
1 31703 31703
0 0 11065
-1
1 22871 22871
1 17750 17750
-1
-1
0 0 8480
-1
-1
0 0 6489
1 29981 29981
0 0 292
0 0 7663
0 0 14662
-1
-1
1 24061 24061
0 0 804
0 0 13852
0 0 12784
0 0 15969
1 21780 21780
-1
0 0 15604
-1
1 15169 15169
1 31089 31089
-1
1 4989 4989
-1
1 16750 16750
1 27149 27149
0 0 6699
1 30649 30649
-1
1 32509 32509
0 0 12369
1 11996 11996
-1
1 6625 6625
0 0 1199
-1
1 1669 1669
0 0 9869
-1
-1
-1
0 0 5113
-1
1 6879 6879
-1
1 2323 2323
-1
0 0 13625
-1
-1
1 7658 7658
1 14598 14598
-1
0 0 8809
1 12330 12330
1 18860 18860
0 0 11130
1 12350 12350
1 9241 9241
-1
0 0 15557
1 22665 22665
0 0 14567
1 24256 24256
1 24847 24847
0 0 5994
1 27754 27754
-1
1 11150 11150
1 12961 12961
0 0 1092
1 10795 10795
0 0 10478
0 0 6701
1 13009 13009
1 4582 4582
-1
0 0 5092
1 13932 13932
1 1707 1707
-1
-1
0 0 6594
0 0 9605
1 9684 9684
1 17132 17132
1 9677 9677
0 0 15518
-1
-1
1 31481 31481
-1
-1
0 0 2716
1 14658 14658
-1
1 44 44
1 20435 20435
1 13796 13796
0 0 6645
0 0 14013
0 0 782
1 23455 23455
1 26567 26567
-1
-1
0 0 156
0 0 1359
0 0 530
0 0 4513
-1
1 4347 4347
1 5557 5557
1 13787 13787
1 14894 14894
1 8337 8337
1 23976 23976
0 0 14413
-1
1 19125 19125
0 0 8321
-1
1 20024 20024
-1
0 0 5635
1 14414 14414
-1
-1
0 0 8290
0 0 9231
1 2828 2828
-1
0 0 2756
0 0 11622
1 29580 29580
-1
1 867 867
-1
0 0 14159
1 25670 25670
0 0 599
1 7873 7873
1 9134 9134
1 12452 12452
-1
-1
1 30502 30502
1 10455 10455
-1
-1
0 0 2171
0 0 15018
0 0 7171
0 0 4510
0 0 14730
1 2232 2232
1 21313 21313
1 1286 1286
1 8187 8187
0 0 15646
-1
-1
-1
0 0 14371
-1
1 1008 1008
-1
-1
0 0 13195
-1
1 28739 28739
-1
0 0 4212
-1
1 11977 11977
0 0 9842
-1
-1
1 28588 28588
-1
-1
0 0 13272
1 24829 24829
-1
1 23735 23735
-1
0 0 16232
0 0 4400
0 0 7526
1 32419 32419
1 14784 14784
-1
1 27492 27492
1 11162 11162
0 0 5812
-1
-1
-1
1 26344 26344
1 32461 32461
1 10515 10515
-1
1 15206 15206
1 30566 30566
-1
0 0 12645
1 11913 11913
1 3325 3325
0 0 10550
1 11804 11804
-1
-1
0 0 7514
0 0 11213
-1
1 29455 29455
-1
-1
0 0 9045
-1
1 23531 23531
0 0 13362
-1
-1
0 0 3061
0 0 13989
-1
-1
-1
-1
-1
-1
-1
0 0 7204
0 0 8867
1 12127 12127
1 20853 20853
0 0 6379
0 0 4120
-1
0 0 15108
1 13451 13451
-1
1 2730 2730
0 0 14985
0 0 8716
-1
0 0 14932
0 0 6667
-1
-1
-1
0 0 14317
0 0 8901
0 0 1583
-1
0 0 13686
-1
0 0 16062
0 0 10896
0 0 5643
1 31380 31380
0 0 9806
1 4047 4047
-1
0 0 2381
-1
-1
-1
-1
0 0 8319
1 21944 21944
-1
1 31973 31973
-1
0 0 6968
0 0 7065
1 24684 24684
-1
1 11369 11369
0 0 1186
-1
-1
0 0 2909
-1
-1
-1
0 0 9360
0 0 13011
-1
1 31692 31692
1 30336 30336
-1
1 13833 13833
1 9081 9081
0 0 5550
-1
-1
-1
-1
1 24522 24522
-1
0 0 1816
0 0 13932
0 0 7655
1 12908 12908
-1
-1
0 0 5418
-1
-1
1 4499 4499
0 0 10383
-1
-1
1 18467 18467
0 0 2713
-1
1 13845 13845
1 22471 22471
1 18781 18781
1 14628 14628
0 0 4773
0 0 13120
-1
-1
1 3755 3755
-1
0 0 15479
0 0 9161
1 12254 12254
-1
0 0 8352
-1
-1
1 17619 17619
1 24697 24697
-1
-1
-1
1 14265 14265
1 13710 13710
0 0 1476
0 0 11698
1 31970 31970
-1
-1
0 0 11982
1 22810 22810
1 29139 29139
1 19642 19642
-1
0 0 2982
0 0 10178
-1
0 0 6703
0 0 12628
-1
1 31604 31604
0 0 15976
1 5407 5407
-1
-1
-1
-1
1 4270 4270
1 25291 25291
0 0 8818
0 0 9215
1 20990 20990
1 19322 19322
0 0 14435
0 0 1104
-1
0 0 15114
-1
0 0 7911
0 0 49
-1
0 0 2867
-1
0 0 7813
-1
1 443 443
-1
0 0 2969
1 20177 20177
1 12127 12127
0 0 1124
0 0 6352
1 5907 5907
0 0 4251
0 0 7053
1 18427 18427
-1
-1
1 14083 14083
0 0 167
1 9393 9393
-1
0 0 10703
0 0 10565
-1
0 0 6663
1 1609 1609
-1
-1
0 0 7424
-1
1 21739 21739
1 2623 2623
0 0 14560
1 24991 24991
0 0 9714
0 0 2027
0 0 13765
0 0 7021
1 7020 7020
0 0 11436
1 26303 26303
-1
-1
0 0 10084
1 19558 19558
-1
-1
0 0 9747
1 14760 14760
0 0 7912
-1
0 0 1023
1 6738 6738
1 9367 9367
-1
0 0 1261
1 21335 21335
1 23028 23028
1 15672 15672
0 0 6247
-1
1 1065 1065
-1
-1
0 0 6005
1 22717 22717
-1
-1
1 22417 22417
0 0 9597
-1
-1
0 0 5343
0 0 9527
-1
0 0 10217
-1
0 0 2231
0 0 14058
0 0 12317
1 21362 21362
-1
1 32156 32156
0 0 9464
-1
1 7211 7211
0 0 1714
-1
-1
0 0 13937
0 0 5730
-1
0 0 287
1 11286 11286
0 0 11032
0 0 14300
-1
1 21357 21357
1 390 390
1 29452 29452
1 3344 3344
0 0 10025
1 18052 18052
-1
0 0 976
0 0 7226
-1
-1
0 0 10766
0 0 5668
0 0 11638
0 0 11910
0 0 13046
-1
1 4041 4041
-1
-1
1 23449 23449
0 0 12059
-1
-1
-1
0 0 6514
1 2913 2913
1 16410 16410
0 0 5910
0 0 7351
1 4322 4322
-1
-1
0 0 14182
0 0 12520
-1
-1
0 0 8689
0 0 10116
0 0 10192
1 31646 31646
1 20464 20464
0 0 4470
-1
1 4587 4587
-1
-1
0 0 10283
-1
1 18683 18683
-1
1 15467 15467
-1
-1
-1
0 0 14552
0 0 6850
1 729 729
-1
0 0 14095
-1
-1
-1
1 27083 27083
0 0 15426
-1
-1
1 12662 12662
1 26547 26547
-1
1 14794 14794
1 4354 4354
0 0 3733
-1
1 3962 3962
0 0 9977
1 21401 21401
1 12719 12719
-1
0 0 6393
0 0 1404
1 3184 3184
0 0 13847
1 9551 9551
1 30468 30468
-1
-1
0 0 11453
0 0 16092
1 4066 4066
1 28621 28621
-1
0 0 8940
0 0 5806
1 23121 23121
1 9910 9910
-1
1 16009 16009
-1
0 0 14191
1 16443 16443
0 0 9026
1 31162 31162
0 0 3457
1 26199 26199
1 5842 5842
-1
1 30666 30666
1 17041 17041
-1
0 0 3645
-1
-1
0 0 16053
0 0 1693
0 0 1157
1 21889 21889
0 0 12952
1 3784 3784
0 0 9410
0 0 5399
1 3391 3391
-1
-1
0 0 16118
-1
0 0 13962
-1
0 0 3442
1 26493 26493
0 0 8417
-1
-1
1 8775 8775
0 0 14860
-1
1 24679 24679
0 0 456
-1
-1
-1
1 20195 20195
-1
0 0 3036
0 0 8733
0 0 16276
-1
0 0 10095
0 0 108
1 10545 10545
1 28757 28757
0 0 14470
-1
0 0 14104
0 0 9225
0 0 204
-1
0 0 16159
0 0 10268
0 0 15614
-1
1 10965 10965
-1
0 0 4651
1 3897 3897
-1
-1
0 0 755
0 0 10828
-1
-1
-1
1 11617 11617
1 17416 17416
-1
1 6757 6757
0 0 10996
-1
-1
0 0 3845
1 23113 23113
0 0 6927
1 23601 23601
-1
-1
0 0 13051
0 0 3171
0 0 3167
-1
1 17832 17832
1 22777 22777
-1
0 0 582
-1
1 323 323
-1
0 0 9239
-1
-1
0 0 8868
1 19501 19501
0 0 10230
1 13712 13712
-1
-1
0 0 1604
-1
1 4417 4417
1 5959 5959
1 498 498
1 2755 2755
-1
1 788 788
1 14136 14136
0 0 11213
1 25505 25505
0 0 13008
1 26576 26576
1 32304 32304
-1
0 0 13077
0 0 775
0 0 3660
1 32645 32645
-1
-1
-1
1 28079 28079
-1
-1
0 0 15140
-1
1 4195 4195
-1
-1
0 0 16190
1 23641 23641
-1
0 0 6736
1 23438 23438
0 0 12492
0 0 1214
0 0 12148
0 0 6838
-1
-1
1 10194 10194
-1
0 0 8143
1 9982 9982
1 17808 17808
-1
0 0 8500
0 0 7513
-1
0 0 1441
-1
1 29624 29624
-1
-1
1 9035 9035
0 0 6503
-1
1 25645 25645
1 10876 10876
-1
-1
0 0 5662
1 12420 12420
0 0 8783
-1
1 6282 6282
1 19995 19995
0 0 5990
-1
0 0 1553
1 1978 1978
1 753 753
0 0 10508
0 0 5531
0 0 9744
0 0 2912
-1
0 0 2766
-1
-1
1 26994 26994
0 0 6311
-1
1 16673 16673
-1
1 1258 1258
-1
-1
-1
1 8752 8752
1 25527 25527
-1
0 0 8037
-1
1 22906 22906
0 0 5466
1 31783 31783
1 10103 10103
-1
-1
-1
1 2351 2351
-1
-1
0 0 3542
0 0 13952
1 29797 29797
0 0 13611
1 28468 28468
1 2530 2530
-1
0 0 5846
1 23852 23852
0 0 14453
-1
1 31023 31023
-1
0 0 13293
-1
-1
0 0 8620
-1
0 0 8874
-1
-1
0 0 6476
0 0 13373
-1
-1
0 0 5066
-1
1 8119 8119
1 13243 13243
1 5077 5077
-1
1 26202 26202
1 2512 2512
-1
1 25003 25003
-1
0 0 5627
-1
1 13602 13602
1 8837 8837
0 0 12386
0 0 1196
-1
1 7969 7969
-1
1 9221 9221
0 0 8916
1 22260 22260
1 27067 27067
1 18326 18326
0 0 3145
1 1154 1154
1 19361 19361
0 0 15577
0 0 5986
0 0 2457
0 0 15444
-1
-1
1 29139 29139
1 3833 3833
-1
-1
-1
0 0 12512
0 0 3180
0 0 16026
0 0 9472
0 0 16344
-1
1 18825 18825
0 0 15436
0 0 9405
1 31190 31190
0 0 10399
-1
1 6234 6234
-1
1 24893 24893
0 0 9228
-1
0 0 1725
1 26293 26293
-1
0 0 11750
0 0 9866
0 0 7884
-1
-1
1 14431 14431
-1
-1
0 0 4750
-1
-1
-1
1 10432 10432
1 8547 8547
1 28735 28735
-1
0 0 15312
0 0 9746
-1
1 27433 27433
0 0 5704
-1
-1
-1
0 0 10101
1 1281 1281
0 0 7717
0 0 3909
-1
0 0 14910
-1
1 13945 13945
-1
0 0 8703
0 0 13083
0 0 2962
1 21538 21538
-1
1 24925 24925
1 14744 14744
0 0 6579
-1
1 14212 14212
-1
1 9230 9230
0 0 9559
1 9228 9228
1 24571 24571
1 24838 24838
0 0 2245
1 24343 24343
-1
-1
0 0 4097
0 0 7685
0 0 616
1 29759 29759
-1
-1
-1
0 0 1595
-1
0 0 11343
0 0 11457
1 29161 29161
0 0 6872
1 14816 14816
0 0 10179
-1
1 17643 17643
0 0 5799
0 0 6880
0 0 7052
0 0 2991
0 0 1041
0 0 11807
-1
1 17403 17403
1 16859 16859
1 26487 26487
-1
0 0 10924
1 701 701
0 0 10591
0 0 15210
1 5168 5168
0 0 8486
1 723 723
0 0 4813
1 25054 25054
-1
1 26706 26706
0 0 4616
-1
1 20200 20200
0 0 6432
1 4696 4696
0 0 7349
0 0 1258
1 4230 4230
1 14484 14484
1 4025 4025
-1
1 1646 1646
0 0 14007
1 12989 12989
0 0 2476
-1
1 3220 3220
0 0 15940
1 13037 13037
1 17991 17991
1 32052 32052
-1
-1
-1
0 0 9282
-1
1 24609 24609
-1
-1
0 0 1136
0 0 2921
1 12840 12840
0 0 6797
0 0 9317
1 25874 25874
1 5107 5107
-1
-1
-1
1 30049 30049
0 0 1445
0 0 9116
-1
0 0 1903
-1
0 0 922
-1
1 8892 8892
0 0 8742
1 9108 9108
1 8321 8321
1 28587 28587
-1
0 0 14999
1 12808 12808
1 13125 13125
1 27026 27026
-1
1 20167 20167
-1
-1
-1
1 31818 31818
-1
1 25810 25810
1 19663 19663
-1
1 4569 4569
0 0 4124
-1
-1
1 22872 22872
-1
0 0 9555
-1
1 29268 29268
0 0 4999
0 0 7681
1 7832 7832
0 0 9246
0 0 8873
1 10337 10337
0 0 14827
0 0 2930
1 15931 15931
-1
-1
0 0 13953
-1
-1
-1
1 16053 16053
-1
0 0 13864
-1
0 0 1020
-1
0 0 7962
-1
1 32564 32564
1 10283 10283
0 0 11430
1 20459 20459
0 0 11222
-1
1 14662 14662
1 22279 22279
-1
1 25817 25817
0 0 7221
-1
0 0 13428
-1
-1
1 22063 22063
0 0 6040
-1
1 26022 26022
0 0 3966
1 26301 26301
1 11976 11976
