-1
0 0 3047
1 27859 27859
-1
0 0 14574
1 15179 15179
-1
1 27549 27549
-1
-1
-1
-1
1 20210 20210
1 16984 16984
0 0 15724
-1
-1
1 8603 8603
0 0 11061
0 0 3472
0 0 10556
1 22010 22010
1 21218 21218
0 0 8614
0 0 1793
-1
0 0 8407
1 11170 11170
1 24403 24403
1 30784 30784
1 15940 15940
0 0 5659
1 18514 18514
0 0 8828
-1
1 12747 12747
-1
-1
-1
0 0 5151
-1
0 0 7435
0 0 1030
0 0 14987
1 28128 28128
1 10279 10279
1 10792 10792
-1
-1
0 0 14888
-1
-1
0 0 14669
0 0 12433
1 16595 16595
1 18006 18006
0 0 9659
-1
-1
-1
0 0 4959
-1
1 14123 14123
-1
0 0 5436
1 1545 1545
1 10606 10606
1 25202 25202
0 0 1336
1 27756 27756
-1
0 0 14015
1 18101 18101
0 0 8721
-1
-1
0 0 15628
0 0 1993
0 0 12538
1 1354 1354
-1
0 0 6725
1 5980 5980
-1
-1
-1
1 11922 11922
0 0 2256
0 0 5782
1 29231 29231
0 0 4771
-1
0 0 3594
-1
0 0 5527
-1
-1
0 0 3870
0 0 9282
1 14738 14738
0 0 4665
0 0 16311
0 0 2625
0 0 9552
1 5637 5637
0 0 6160
-1
1 24975 24975
1 1242 1242
1 5083 5083
-1
1 15942 15942
0 0 3221
0 0 8900
1 4750 4750
-1
1 5870 5870
-1
1 8543 8543
-1
1 23654 23654
-1
-1
1 10462 10462
0 0 14409
1 32470 32470
-1
1 32297 32297
0 0 4319
-1
-1
1 15978 15978
-1
1 23999 23999
-1
0 0 1905
-1
1 4437 4437
1 9339 9339
1 19063 19063
-1
1 4160 4160
1 11 11
0 0 1560
-1
1 19083 19083
-1
0 0 9440
0 0 3791
0 0 3859
0 0 12093
0 0 16121
1 16993 16993
0 0 9395
-1
0 0 12705
1 5501 5501
-1
1 6547 6547
0 0 7970
0 0 13485
1 8466 8466
-1
0 0 7197
-1
0 0 2381
0 0 6149
-1
-1
-1
-1
1 13351 13351
0 0 3455
0 0 4096
-1
1 3661 3661
1 30389 30389
1 9938 9938
0 0 14418
0 0 11874
0 0 6613
1 30337 30337
-1
0 0 7871
0 0 1071
1 27264 27264
0 0 6193
-1
0 0 7688
1 5415 5415
1 32371 32371
1 6706 6706
-1
1 21043 21043
-1
1 11844 11844
1 30806 30806
1 26946 26946
1 27251 27251
-1
1 17857 17857
0 0 8236
0 0 14992
0 0 6896
0 0 1135
1 7773 7773
0 0 16269
0 0 4589
-1
-1
0 0 1797
-1
-1
0 0 14115
1 3229 3229
0 0 292
0 0 3022
-1
0 0 10369
0 0 3650
0 0 10952
-1
-1
-1
-1
-1
1 13471 13471
1 26565 26565
-1
0 0 13947
1 13386 13386
-1
0 0 6797
1 29865 29865
0 0 7129
0 0 4976
1 14923 14923
0 0 4939
1 16415 16415
0 0 13835
-1
0 0 6422
0 0 6314
-1
1 21201 21201
0 0 6236
1 18467 18467
1 31635 31635
0 0 3247
1 6128 6128
1 8409 8409
0 0 9456
0 0 2460
0 0 7733
0 0 9958
0 0 12605
1 24354 24354
0 0 12816
1 32213 32213
1 27646 27646
-1
0 0 13435
0 0 6503
0 0 3094
0 0 458
-1
1 2077 2077
0 0 3893
1 128 128
1 5100 5100
-1
0 0 8993
0 0 8863
1 26560 26560
1 6086 6086
1 484 484
1 24171 24171
1 10519 10519
0 0 12667
-1
1 30435 30435
-1
-1
-1
-1
1 29317 29317
-1
1 3416 3416
0 0 10180
1 2927 2927
1 209 209
0 0 279
0 0 10147
0 0 13377
0 0 9633
0 0 8807
1 14962 14962
-1
-1
1 29628 29628
0 0 13920
1 414 414
-1
1 20896 20896
-1
1 407 407
1 16030 16030
0 0 12260
0 0 16175
1 674 674
-1
1 2217 2217
1 22890 22890
0 0 2649
1 17193 17193
-1
1 8 8
0 0 10062
-1
0 0 10370
1 14657 14657
0 0 12368
1 23252 23252
0 0 6348
1 31199 31199
0 0 7022
1 8933 8933
1 29714 29714
0 0 4473
-1
-1
0 0 7947
1 20554 20554
0 0 9590
0 0 9233
-1
0 0 7040
0 0 4473
-1
-1
-1
0 0 5196
1 2955 2955
0 0 7546
-1
1 10481 10481
-1
-1
-1
1 19441 19441
1 4501 4501
0 0 5729
1 5516 5516
1 9975 9975
-1
0 0 8381
-1
1 24385 24385
0 0 3962
0 0 6811
1 18003 18003
1 23668 23668
1 20703 20703
0 0 10844
1 15455 15455
1 2838 2838
-1
1 14571 14571
0 0 1798
1 12052 12052
-1
-1
0 0 8235
0 0 8990
0 0 12773
-1
1 4733 4733
0 0 15714
1 338 338
-1
-1
-1
1 5610 5610
1 24528 24528
-1
0 0 12504
0 0 9334
0 0 7306
-1
1 11507 11507
0 0 12890
-1
-1
-1
0 0 3729
0 0 10097
-1
1 7516 7516
0 0 13070
1 4953 4953
-1
-1
0 0 11525
-1
0 0 12909
-1
0 0 6188
1 25420 25420
0 0 15813
-1
1 17400 17400
-1
-1
0 0 11175
1 10717 10717
0 0 13495
-1
0 0 10760
1 22401 22401
0 0 12244
-1
-1
0 0 11440
0 0 13583
0 0 4446
1 16019 16019
0 0 3261
-1
1 13095 13095
0 0 3711
0 0 6891
0 0 3579
-1
-1
1 26362 26362
0 0 6185
0 0 4444
0 0 10948
0 0 15162
0 0 15340
1 3737 3737
0 0 12819
1 17748 17748
0 0 3726
0 0 8529
-1
1 25263 25263
1 2268 2268
1 22107 22107
-1
1 12829 12829
-1
0 0 12166
-1
0 0 4381
1 15458 15458
0 0 5923
1 22161 22161
1 29482 29482
1 2768 2768
1 8282 8282
-1
0 0 1671
-1
1 31455 31455
0 0 14919
0 0 13128
0 0 12152
0 0 11672
0 0 11992
0 0 15791
-1
0 0 6773
-1
-1
0 0 7402
0 0 12345
-1
-1
1 15707 15707
1 14703 14703
1 11450 11450
0 0 6911
-1
-1
0 0 4904
0 0 4674
1 23942 23942
-1
0 0 7105
-1
1 15123 15123
0 0 11659
1 4441 4441
-1
-1
0 0 13722
-1
-1
1 1704 1704
-1
0 0 1346
0 0 8747
-1
0 0 3039
-1
1 31023 31023
1 17267 17267
1 11374 11374
1 2781 2781
0 0 11254
-1
1 11606 11606
0 0 11458
1 103 103
0 0 15064
1 16385 16385
0 0 15577
1 1404 1404
1 7371 7371
1 11838 11838
0 0 14932
-1
0 0 5615
-1
0 0 15944
-1
0 0 8633
0 0 12414
1 16117 16117
1 29361 29361
-1
-1
1 18244 18244
1 5789 5789
-1
-1
-1
1 1582 1582
0 0 14493
1 6099 6099
0 0 13805
1 32472 32472
1 8840 8840
-1
-1
-1
-1
0 0 7225
1 10913 10913
-1
-1
0 0 14998
1 24900 24900
-1
-1
-1
-1
-1
0 0 7849
-1
1 28654 28654
0 0 7389
0 0 3887
1 28853 28853
0 0 8088
-1
0 0 11653
-1
0 0 5232
-1
-1
1 21474 21474
0 0 9834
-1
-1
0 0 13900
-1
0 0 3813
0 0 3944
1 30686 30686
0 0 558
1 14453 14453
0 0 14682
1 14270 14270
1 4243 4243
0 0 9251
1 27661 27661
-1
1 15700 15700
0 0 3823
0 0 8400
0 0 240
1 17004 17004
1 26731 26731
0 0 3695
1 24597 24597
1 23946 23946
1 11285 11285
1 17496 17496
1 1992 1992
1 17602 17602
-1
1 22082 22082
1 20955 20955
0 0 5253
-1
0 0 2427
1 27254 27254
0 0 9312
0 0 13730
-1
1 32644 32644
-1
-1
-1
1 32562 32562
-1
0 0 11698
1 10737 10737
-1
1 2400 2400
0 0 15527
1 28577 28577
1 8064 8064
1 6574 6574
1 31745 31745
0 0 6331
0 0 14376
0 0 9927
0 0 7395
0 0 3219
0 0 15506
0 0 7195
1 22640 22640
1 15362 15362
1 17151 17151
0 0 7646
0 0 12777
-1
0 0 12051
0 0 3534
1 29766 29766
-1
-1
1 7991 7991
0 0 12948
1 14369 14369
-1
1 17485 17485
1 7001 7001
0 0 687
0 0 13266
1 393 393
1 23485 23485
-1
1 10128 10128
-1
1 12733 12733
0 0 436
0 0 339
1 31361 31361
0 0 13026
1 18612 18612
-1
0 0 6976
-1
1 8939 8939
1 6285 6285
1 44 44
0 0 14555
-1
-1
0 0 8207
1 5645 5645
0 0 2706
-1
-1
-1
-1
0 0 224
1 12089 12089
-1
-1
0 0 12015
-1
0 0 7476
-1
1 13139 13139
-1
-1
1 31216 31216
-1
-1
1 13651 13651
0 0 289
-1
1 13022 13022
-1
-1
-1
0 0 6347
-1
1 15255 15255
0 0 9725
-1
0 0 14061
1 10418 10418
-1
0 0 4641
0 0 6858
-1
0 0 1965
0 0 5356
0 0 2914
1 12751 12751
1 6757 6757
1 9007 9007
1 19091 19091
0 0 13856
0 0 3588
0 0 11847
0 0 7252
1 15441 15441
0 0 14671
1 30761 30761
1 28079 28079
-1
0 0 14692
0 0 12360
1 8666 8666
1 4405 4405
-1
0 0 9631
0 0 10158
0 0 16075
-1
-1
0 0 11383
1 29623 29623
-1
0 0 14685
0 0 8231
-1
1 18135 18135
1 1901 1901
0 0 13918
-1
0 0 5946
1 17196 17196
1 380 380
1 31106 31106
1 31471 31471
1 10082 10082
0 0 8747
0 0 6373
1 21187 21187
1 24415 24415
1 5146 5146
0 0 2095
1 1710 1710
0 0 6507
1 28436 28436
-1
0 0 4122
1 2145 2145
0 0 1230
-1
1 26 26
-1
0 0 14916
1 32116 32116
-1
0 0 14015
1 21432 21432
-1
1 29046 29046
0 0 11675
-1
-1
1 27470 27470
1 31813 31813
1 5219 5219
-1
1 10569 10569
-1
1 26412 26412
-1
1 14849 14849
0 0 6208
-1
1 878 878
1 2646 2646
-1
-1
-1
-1
1 25664 25664
1 21114 21114
-1
0 0 11730
-1
-1
1 3369 3369
-1
1 8143 8143
-1
-1
1 6263 6263
1 30834 30834
1 11118 11118
-1
1 25138 25138
1 27067 27067
0 0 15428
-1
0 0 8234
0 0 8106
0 0 3892
-1
0 0 9421
1 5840 5840
0 0 12
1 15741 15741
1 9985 9985
1 21024 21024
-1
0 0 8776
1 8780 8780
-1
0 0 8091
1 22138 22138
1 17537 17537
-1
-1
-1
1 1132 1132
1 21740 21740
-1
0 0 13492
-1
1 29283 29283
-1
-1
1 25696 25696
0 0 13158
0 0 12694
1 485 485
1 6482 6482
1 4853 4853
-1
-1
1 25293 25293
-1
1 4142 4142
-1
-1
1 17827 17827
1 11914 11914
-1
1 7319 7319
1 9524 9524
0 0 4744
-1
0 0 6648
1 923 923
0 0 10110
0 0 3518
1 31460 31460
-1
-1
0 0 12616
1 16544 16544
1 7240 7240
-1
0 0 12445
1 792 792
1 3771 3771
0 0 9415
-1
0 0 9921
1 1369 1369
0 0 16265
-1
-1
1 4082 4082
-1
1 924 924
-1
-1
-1
0 0 6742
-1
0 0 8292
0 0 3237
1 3917 3917
0 0 12697
1 16025 16025
-1
1 26779 26779
0 0 619
1 13451 13451
-1
1 12504 12504
0 0 2596
0 0 1201
1 7967 7967
0 0 14068
1 3995 3995
-1
-1
0 0 8940
0 0 6930
1 14786 14786
0 0 12672
0 0 3241
0 0 15232
-1
1 32451 32451
-1
-1
1 13478 13478
-1
1 27095 27095
-1
-1
-1
-1
1 19333 19333
0 0 12958
0 0 11028
1 22706 22706
-1
1 13708 13708
-1
0 0 12736
-1
0 0 1655
1 9948 9948
1 10592 10592
0 0 3476
-1
-1
0 0 9661
1 27770 27770
1 4974 4974
-1
-1
-1
-1
0 0 5089
0 0 11870
1 3264 3264
0 0 11091
0 0 13299
0 0 10421
-1
-1
-1
1 12898 12898
-1
1 31426 31426
1 31529 31529
1 29440 29440
0 0 3092
-1
-1
-1
0 0 13439
-1
-1
-1
1 30463 30463
1 22575 22575
-1
1 21133 21133
1 18881 18881
-1
0 0 551
0 0 12256
1 158 158
-1
1 25489 25489
1 32396 32396
-1
0 0 8701
-1
0 0 4434
1 5611 5611
0 0 887
1 24746 24746
-1
1 27747 27747
-1
-1
1 32455 32455
1 25610 25610
1 21044 21044
0 0 980
-1
1 15502 15502
0 0 12851
1 14233 14233
1 18853 18853
1 13409 13409
1 15374 15374
-1
1 31311 31311
1 26426 26426
-1
1 31792 31792
0 0 14718
1 15508 15508
0 0 6053
-1
1 17117 17117
1 26158 26158
0 0 14321
0 0 325
-1
0 0 14148
1 13556 13556
1 25308 25308
0 0 7387
-1
0 0 8126
1 23099 23099
0 0 419
1 18533 18533
1 17499 17499
0 0 3778
0 0 5916
0 0 9887
0 0 3945
-1
1 7413 7413
0 0 4678
1 4874 4874
1 4444 4444
-1
-1
1 8334 8334
-1
1 6799 6799
-1
0 0 12903
1 26776 26776
-1
0 0 6772
-1
0 0 118
-1
0 0 15689
-1
0 0 3798
0 0 13453
1 24714 24714
0 0 6808
0 0 1894
-1
0 0 9021
-1
-1
-1
1 9298 9298
1 15536 15536
-1
-1
0 0 11361
0 0 15408
-1
0 0 13426
-1
-1
-1
-1
0 0 1159
1 2431 2431
1 31824 31824
1 12287 12287
1 26276 26276
-1
0 0 9091
0 0 15459
-1
1 13940 13940
0 0 4909
1 8013 8013
0 0 8316
-1
0 0 11315
0 0 10679
0 0 4037
0 0 5190
-1
1 22572 22572
1 2823 2823
0 0 10401
-1
0 0 16150
1 8771 8771
0 0 9130
1 6153 6153
-1
0 0 16041
1 5262 5262
0 0 4060
0 0 479
1 7188 7188
-1
1 14295 14295
-1
1 25763 25763
1 11156 11156
-1
1 6435 6435
0 0 6385
1 16494 16494
-1
-1
1 29178 29178
-1
-1
0 0 14027
-1
1 28951 28951
1 17324 17324
0 0 4778
0 0 1359
-1
1 4381 4381
0 0 15690
0 0 2342
-1
0 0 11438
1 4412 4412
1 6166 6166
0 0 14602
0 0 1497
0 0 10733
1 25587 25587
-1
1 8301 8301
0 0 3857
0 0 11281
1 21070 21070
1 8027 8027
-1
0 0 16341
0 0 6770
1 13906 13906
1 23844 23844
0 0 5735
1 19109 19109
-1
1 7542 7542
-1
0 0 13943
-1
-1
-1
-1
0 0 5179
0 0 1090
-1
0 0 10121
-1
0 0 14488
-1
0 0 5583
0 0 14057
-1
1 16876 16876
-1
1 31568 31568
1 5044 5044
0 0 5427
0 0 7149
0 0 1547
-1
0 0 8942
-1
-1
0 0 4516
-1
1 17257 17257
0 0 3051
1 10831 10831
0 0 3211
-1
1 6851 6851
-1
0 0 7354
1 22454 22454
1 11749 11749
1 32573 32573
-1
-1
0 0 12575
1 27988 27988
1 25137 25137
0 0 4662
-1
0 0 14254
-1
0 0 2686
1 19906 19906
-1
1 1196 1196
0 0 10174
1 30089 30089
-1
-1
-1
1 15554 15554
1 27964 27964
0 0 12917
-1
-1
1 7007 7007
0 0 13639
1 27522 27522
1 28404 28404
1 25747 25747
0 0 7577
-1
-1
1 30206 30206
0 0 6933
-1
-1
0 0 12916
-1
0 0 16352
-1
1 18753 18753
0 0 662
-1
1 23810 23810
0 0 13324
1 20531 20531
0 0 9785
1 10481 10481
-1
0 0 8255
1 8625 8625
1 18824 18824
0 0 7456
1 5301 5301
-1
-1
0 0 7156
1 7490 7490
-1
0 0 15689
0 0 9439
-1
0 0 10041
-1
-1
1 27869 27869
1 31745 31745
-1
1 30509 30509
0 0 6154
0 0 4203
0 0 16076
0 0 9503
1 27893 27893
0 0 15650
0 0 5928
1 25963 25963
0 0 6942
-1
-1
1 27787 27787
-1
1 4248 4248
0 0 12758
0 0 9418
-1
1 12305 12305
1 12669 12669
0 0 917
0 0 14647
0 0 16163
0 0 12656
1 15113 15113
0 0 8395
-1
0 0 11163
-1
1 24667 24667
1 16606 16606
1 24037 24037
0 0 433
1 16275 16275
0 0 5497
-1
0 0 3273
0 0 14316
0 0 12822
0 0 886
-1
1 8201 8201
1 860 860
-1
0 0 7820
-1
-1
0 0 12343
0 0 3389
-1
0 0 12275
0 0 8353
0 0 10289
0 0 13739
0 0 4525
1 3356 3356
1 18356 18356
1 6332 6332
1 11775 11775
1 22911 22911
0 0 377
0 0 4337
1 28184 28184
0 0 4087
0 0 5219
1 19394 19394
1 339 339
1 9330 9330
0 0 3904
0 0 6026
1 5950 5950
1 27672 27672
-1
0 0 7020
-1
1 17263 17263
-1
1 11983 11983
1 8667 8667
-1
1 27696 27696
1 25089 25089
0 0 4816
-1
1 6869 6869
1 18744 18744
0 0 16286
0 0 3907
0 0 8063
-1
1 11572 11572
1 11293 11293
1 25172 25172
1 693 693
1 24302 24302
-1
-1
1 11748 11748
1 18231 18231
-1
1 71 71
1 3051 3051
1 32445 32445
0 0 4488
-1
1 25576 25576
0 0 15179
-1
1 29100 29100
1 4542 4542
1 31415 31415
1 5837 5837
0 0 7930
-1
0 0 8767
1 15133 15133
0 0 5855
-1
-1
0 0 15919
1 12330 12330
0 0 11926
0 0 2094
1 15442 15442
-1
-1
1 11936 11936
1 10427 10427
0 0 15889
0 0 16284
-1
1 8676 8676
-1
1 10140 10140
-1
0 0 6284
1 26808 26808
1 20603 20603
1 12017 12017
0 0 1940
-1
-1
1 6160 6160
1 15082 15082
-1
-1
-1
1 8116 8116
0 0 2096
-1
1 18531 18531
-1
-1
0 0 3708
0 0 13661
-1
1 21808 21808
-1
0 0 7223
1 6655 6655
1 10392 10392
-1
1 28299 28299
1 21046 21046
0 0 7085
-1
1 22528 22528
0 0 11703
0 0 15526
1 26064 26064
-1
0 0 10827
-1
1 31836 31836
-1
1 5797 5797
-1
-1
0 0 11603
0 0 11657
-1
1 3387 3387
0 0 1556
-1
-1
0 0 2323
0 0 1990
1 2685 2685
1 22314 22314
-1
1 6041 6041
1 1410 1410
1 27454 27454
-1
0 0 11070
-1
0 0 3477
0 0 12358
0 0 12322
1 10065 10065
0 0 240
-1
-1
1 186 186
-1
0 0 4933
-1
1 16190 16190
1 27687 27687
-1
-1
0 0 1338
1 8654 8654
0 0 1474
-1
0 0 2686
0 0 7095
0 0 764
0 0 2313
-1
0 0 2454
1 22501 22501
0 0 5040
0 0 4161
1 9044 9044
0 0 9585
-1
0 0 1062
1 30929 30929
1 77 77
-1
1 23043 23043
1 29109 29109
1 28609 28609
0 0 15614
-1
-1
1 30114 30114
1 7042 7042
0 0 1275
-1
1 29079 29079
-1
0 0 1423
-1
-1
-1
0 0 3207
-1
-1
-1
1 11778 11778
1 24696 24696
0 0 11253
-1
1 24641 24641
1 28699 28699
-1
0 0 16277
1 18578 18578
0 0 7112
1 25575 25575
1 16464 16464
1 30916 30916
0 0 15364
-1
0 0 9364
-1
-1
0 0 3442
0 0 3494
1 3083 3083
1 15748 15748
1 5061 5061
0 0 9434
1 31311 31311
-1
-1
-1
1 9165 9165
1 8168 8168
-1
1 15674 15674
1 6374 6374
0 0 11046
-1
1 1475 1475
0 0 15615
-1
-1
0 0 9012
-1
1 32423 32423
0 0 13901
-1
1 18642 18642
1 1054 1054
-1
1 15913 15913
1 12780 12780
0 0 6806
-1
0 0 9192
-1
-1
0 0 13315
1 940 940
1 13638 13638
-1
1 20163 20163
0 0 6364
1 6779 6779
0 0 5706
-1
-1
-1
-1
-1
0 0 9583
-1
1 1209 1209
0 0 1576
-1
1 17871 17871
-1
1 15273 15273
0 0 8198
1 20335 20335
-1
-1
1 19518 19518
-1
0 0 12210
-1
-1
0 0 9641
1 15650 15650
0 0 5068
-1
0 0 11425
1 76 76
1 375 375
0 0 11390
-1
-1
0 0 8264
1 1588 1588
-1
-1
-1
0 0 5835
0 0 10297
0 0 9608
-1
1 10991 10991
0 0 7843
1 735 735
0 0 6441
-1
1 20954 20954
0 0 5444
0 0 8671
1 9895 9895
1 12764 12764
0 0 8738
-1
0 0 10760
0 0 14721
-1
0 0 9695
0 0 9540
1 17285 17285
1 23544 23544
1 9316 9316
1 7243 7243
1 8353 8353
-1
0 0 7206
1 15871 15871
1 7446 7446
0 0 10683
-1
1 18731 18731
-1
1 8984 8984
1 748 748
1 20154 20154
0 0 8402
1 20095 20095
1 29141 29141
1 14716 14716
-1
1 25438 25438
1 31074 31074
-1
1 23686 23686
0 0 11654
1 9878 9878
-1
0 0 5000
1 25857 25857
1 3509 3509
-1
0 0 2215
1 16732 16732
1 30925 30925
0 0 9075
-1
1 11101 11101
1 9770 9770
1 1791 1791
0 0 9705
0 0 10741
-1
-1
0 0 9968
1 27663 27663
0 0 13986
-1
1 4137 4137
0 0 8123
-1
1 14325 14325
1 7963 7963
1 24308 24308
-1
1 19830 19830
-1
0 0 11646
0 0 3765
-1
1 15551 15551
0 0 1812
0 0 13151
1 10997 10997
0 0 4079
1 30648 30648
0 0 16375
1 25614 25614
-1
-1
1 4970 4970
1 13426 13426
-1
-1
0 0 8497
0 0 11252
1 2132 2132
-1
-1
1 10651 10651
-1
0 0 7812
1 4202 4202
-1
-1
0 0 9797
-1
1 16476 16476
-1
-1
1 20972 20972
0 0 3994
1 18762 18762
0 0 6033
1 4123 4123
-1
-1
0 0 806
1 31500 31500
-1
1 5781 5781
0 0 8493
0 0 9382
-1
-1
-1
0 0 11799
0 0 8392
0 0 3619
1 3536 3536
-1
1 26418 26418
0 0 8274
-1
1 29180 29180
1 4269 4269
1 23189 23189
1 7009 7009
1 12254 12254
1 19606 19606
0 0 13092
1 13142 13142
-1
0 0 14898
1 8691 8691
0 0 9109
0 0 388
-1
-1
0 0 6701
-1
1 25346 25346
0 0 12684
-1
0 0 10376
1 18870 18870
1 22927 22927
1 7930 7930
1 30087 30087
-1
1 32504 32504
-1
-1
-1
1 23836 23836
0 0 7545
-1
-1
1 5831 5831
-1
1 10252 10252
1 25956 25956
0 0 14117
1 14911 14911
1 30954 30954
0 0 10887
0 0 11773
-1
0 0 15460
-1
0 0 6744
1 2335 2335
0 0 2330
1 6991 6991
-1
0 0 11883
-1
1 6151 6151
1 8228 8228
1 7695 7695
1 24489 24489
0 0 12507
-1
1 10833 10833
1 2076 2076
0 0 14710
-1
0 0 9445
-1
1 17430 17430
1 11848 11848
0 0 11495
0 0 7166
-1
1 28356 28356
0 0 936
0 0 1780
1 15479 15479
0 0 9808
0 0 3254
0 0 13646
0 0 4161
0 0 13677
-1
1 28863 28863
-1
1 29545 29545
0 0 7363
0 0 7584
1 6091 6091
-1
0 0 11126
1 11221 11221
1 3765 3765
1 17812 17812
0 0 15965
-1
1 18320 18320
1 20668 20668
-1
0 0 5991
-1
0 0 4907
1 26598 26598
1 2287 2287
-1
-1
0 0 2277
0 0 4809
-1
1 2342 2342
1 4645 4645
0 0 2272
-1
0 0 14852
-1
1 18501 18501
-1
1 16823 16823
1 29909 29909
1 28717 28717
1 23620 23620
-1
0 0 12393
0 0 5541
-1
-1
1 15252 15252
1 29878 29878
-1
-1
0 0 1475
1 3913 3913
-1
1 17459 17459
-1
0 0 529
-1
0 0 9996
-1
1 12582 12582
-1
0 0 13156
-1
-1
1 27042 27042
0 0 5822
0 0 15392
0 0 3330
0 0 14142
-1
-1
0 0 3581
1 14513 14513
1 13163 13163
-1
0 0 14245
1 27333 27333
0 0 788
1 1565 1565
-1
0 0 8018
-1
0 0 9844
0 0 8527
1 26655 26655
-1
1 3605 3605
-1
1 1896 1896
-1
-1
0 0 12529
0 0 5579
-1
1 7944 7944
0 0 4736
-1
0 0 6716
0 0 6195
0 0 5023
-1
-1
0 0 554
1 2026 2026
0 0 8233
1 26074 26074
1 1207 1207
-1
0 0 2092
-1
-1
0 0 5900
0 0 13258
1 10156 10156
-1
0 0 5383
1 8954 8954
1 18008 18008
0 0 8790
0 0 12073
1 24539 24539
-1
1 2601 2601
0 0 5253
0 0 16183
-1
-1
0 0 8654
0 0 6697
0 0 13085
1 29573 29573
-1
0 0 6018
0 0 8731
0 0 7042
0 0 7838
1 18024 18024
0 0 8751
-1
1 18923 18923
-1
-1
1 31553 31553
-1
0 0 3813
-1
1 21750 21750
0 0 13163
-1
1 29984 29984
-1
0 0 10215
0 0 7217
-1
1 12996 12996
1 14301 14301
1 68 68
-1
0 0 6934
-1
-1
1 24577 24577
1 18652 18652
0 0 7313
0 0 1709
1 29629 29629
0 0 682
1 1329 1329
0 0 12057
1 31802 31802
0 0 8670
1 17162 17162
0 0 10600
1 18332 18332
0 0 4653
1 32325 32325
-1
-1
1 10785 10785
0 0 11549
0 0 315
0 0 12123
1 25885 25885
0 0 2118
-1
-1
-1
0 0 16333
-1
-1
-1
0 0 9349
-1
1 32527 32527
1 30635 30635
-1
-1
-1
-1
-1
1 23281 23281
-1
0 0 16325
-1
-1
1 7486 7486
1 22054 22054
-1
-1
1 15157 15157
1 21604 21604
0 0 4796
0 0 7883
0 0 1069
1 28022 28022
1 18892 18892
0 0 15191
0 0 15360
1 28722 28722
1 12672 12672
0 0 7921
-1
1 20881 20881
1 25181 25181
-1
-1
0 0 921
1 2030 2030
0 0 16181
0 0 3115
-1
1 12800 12800
1 20451 20451
1 27891 27891
-1
0 0 4499
0 0 10846
-1
1 28641 28641
1 12089 12089
0 0 6208
0 0 5762
0 0 15743
-1
1 9379 9379
1 14157 14157
0 0 14279
0 0 12903
-1
1 6443 6443
0 0 6594
-1
0 0 6166
-1
0 0 13182
0 0 8417
-1
-1
0 0 8025
1 20811 20811
-1
0 0 3060
0 0 14147
0 0 13486
-1
0 0 8232
1 9218 9218
-1
-1
-1
0 0 2150
1 799 799
1 31815 31815
1 17721 17721
-1
0 0 1090
1 25307 25307
1 28878 28878
0 0 3412
-1
0 0 11814
0 0 5382
0 0 14112
0 0 11366
-1
1 3722 3722
-1
-1
1 22663 22663
0 0 4143
1 9578 9578
-1
1 5548 5548
0 0 15955
0 0 8684
1 22617 22617
0 0 6066
0 0 4354
0 0 15765
1 29550 29550
0 0 14348
1 18204 18204
0 0 3091
-1
-1
-1
1 6719 6719
0 0 4456
-1
0 0 15630
1 24065 24065
0 0 4748
1 13818 13818
0 0 15346
1 22437 22437
0 0 14424
1 25588 25588
-1
-1
1 30658 30658
0 0 4326
-1
-1
0 0 14106
0 0 2528
-1
1 266 266
1 2105 2105
0 0 58
-1
-1
0 0 9312
0 0 2488
-1
-1
-1
1 12191 12191
0 0 3819
0 0 4273
1 6648 6648
0 0 10473
0 0 11325
0 0 13421
1 23777 23777
1 827 827
-1
1 26353 26353
1 14273 14273
0 0 11769
1 13841 13841
1 32031 32031
0 0 110
0 0 2746
-1
0 0 11969
-1
-1
0 0 9561
1 30044 30044
-1
1 5815 5815
0 0 696
0 0 13257
0 0 7918
0 0 16242
1 25682 25682
1 5935 5935
1 23422 23422
-1
1 6335 6335
1 16863 16863
-1
-1
-1
1 10869 10869
1 7020 7020
-1
0 0 8122
0 0 10674
-1
-1
0 0 6097
1 18763 18763
-1
0 0 15200
0 0 5907
0 0 16049
0 0 12419
0 0 13957
0 0 7998
1 12302 12302
1 3999 3999
0 0 8887
-1
0 0 13737
1 25604 25604
0 0 9946
-1
0 0 1709
0 0 2902
1 13064 13064
1 12046 12046
1 25332 25332
1 25557 25557
1 25721 25721
0 0 13487
1 21007 21007
1 2554 2554
0 0 701
0 0 2519
1 5186 5186
-1
-1
0 0 14857
0 0 163
0 0 9925
1 18673 18673
-1
0 0 13501
-1
-1
0 0 5691
-1
-1
0 0 4077
1 308 308
1 22299 22299
1 3189 3189
0 0 11665
1 8833 8833
0 0 13179
0 0 13671
1 4835 4835
1 7683 7683
-1
-1
-1
1 26215 26215
0 0 10100
0 0 2276
-1
1 23007 23007
-1
1 21613 21613
-1
1 22687 22687
1 9299 9299
1 17309 17309
0 0 10147
0 0 13743
1 26892 26892
0 0 6625
-1
-1
0 0 15049
1 18830 18830
0 0 15517
-1
1 557 557
0 0 9272
1 17003 17003
-1
-1
0 0 14480
1 8323 8323
1 25310 25310
-1
0 0 14349
1 29905 29905
0 0 9919
-1
1 23579 23579
1 32011 32011
-1
0 0 6170
0 0 8787
-1
0 0 14661
-1
-1
0 0 1664
-1
-1
-1
-1
-1
-1
1 2201 2201
-1
-1
1 966 966
-1
-1
1 11176 11176
1 385 385
0 0 371
1 32550 32550
0 0 7535
-1
0 0 13602
-1
-1
0 0 8879
0 0 10519
0 0 1656
1 12579 12579
1 14794 14794
1 6729 6729
-1
1 5909 5909
0 0 13390
0 0 14012
1 17757 17757
1 6834 6834
-1
1 28776 28776
-1
-1
1 19352 19352
1 6 6
-1
-1
1 13095 13095
-1
-1
0 0 13501
0 0 8311
-1
-1
0 0 4515
-1
1 18633 18633
0 0 11885
1 11989 11989
0 0 11965
-1
0 0 502
-1
0 0 14947
-1
1 26138 26138
0 0 11710
-1
-1
-1
0 0 12066
1 25872 25872
1 401 401
1 30876 30876
1 21288 21288
1 2796 2796
1 30997 30997
0 0 16330
1 27080 27080
0 0 5064
-1
0 0 12792
-1
0 0 12389
0 0 14052
-1
0 0 11434
1 12038 12038
0 0 13940
0 0 752
1 29590 29590
-1
0 0 4943
-1
1 12095 12095
0 0 3126
-1
-1
0 0 2690
1 4136 4136
1 31900 31900
1 29445 29445
-1
-1
-1
0 0 1545
-1
1 11295 11295
-1
1 5446 5446
0 0 98
1 14403 14403
1 5317 5317
1 17194 17194
1 25047 25047
1 89 89
-1
1 8618 8618
-1
0 0 9718
-1
-1
-1
0 0 14808
0 0 3004
1 13342 13342
1 30207 30207
-1
0 0 5143
1 31582 31582
0 0 11380
-1
1 8521 8521
0 0 5992
0 0 1982
-1
-1
-1
1 27670 27670
0 0 16185
1 21787 21787
-1
0 0 5451
-1
0 0 15001
-1
1 18147 18147
-1
1 30067 30067
1 9438 9438
-1
-1
-1
1 6708 6708
-1
1 4173 4173
-1
0 0 2539
0 0 7962
1 14002 14002
1 32763 32763
0 0 509
0 0 15926
-1
0 0 7556
-1
0 0 15313
1 5455 5455
-1
1 7713 7713
0 0 8745
1 4391 4391
0 0 1352
1 12677 12677
-1
-1
0 0 2134
1 819 819
-1
-1
0 0 7578
-1
1 29155 29155
-1
0 0 945
0 0 3584
0 0 2199
0 0 1652
1 5301 5301
0 0 5072
1 5409 5409
-1
1 13169 13169
1 28563 28563
0 0 2662
-1
-1
1 16529 16529
0 0 15847
1 26666 26666
-1
0 0 14749
-1
1 13179 13179
0 0 13141
-1
0 0 5599
-1
1 14448 14448
-1
0 0 5754
0 0 10961
0 0 12787
0 0 2346
1 17162 17162
1 29616 29616
1 3690 3690
-1
0 0 14548
0 0 11362
-1
0 0 4449
0 0 9217
0 0 10059
0 0 6632
0 0 7348
1 30541 30541
-1
0 0 14687
-1
1 31040 31040
-1
1 1483 1483
-1
-1
-1
0 0 14674
-1
-1
-1
0 0 16094
-1
0 0 11326
0 0 5688
1 2252 2252
1 789 789
1 21527 21527
0 0 9404
0 0 166
1 10012 10012
1 26161 26161
-1
1 24315 24315
1 30838 30838
-1
1 31303 31303
1 12892 12892
-1
-1
-1
1 17205 17205
1 19172 19172
0 0 1692
1 32136 32136
1 16146 16146
0 0 14057
0 0 15759
-1
1 30657 30657
0 0 11110
0 0 11168
-1
0 0 6378
-1
0 0 768
1 24368 24368
-1
0 0 12141
0 0 12581
1 3991 3991
1 16712 16712
-1
-1
0 0 11679
-1
-1
0 0 6997
0 0 3343
1 8273 8273
-1
-1
1 7758 7758
-1
1 19811 19811
-1
0 0 1862
1 19988 19988
0 0 13545
1 17300 17300
-1
-1
-1
0 0 8961
0 0 558
1 26103 26103
-1
0 0 5474
-1
-1
1 2277 2277
-1
0 0 5799
0 0 14287
0 0 14580
0 0 12342
-1
1 16457 16457
-1
0 0 9847
-1
-1
0 0 11880
0 0 14336
1 10637 10637
1 11161 11161
1 26567 26567
-1
0 0 8547
1 29711 29711
-1
1 17720 17720
1 18959 18959
1 21090 21090
1 19669 19669
1 5914 5914
1 26121 26121
0 0 13745
0 0 1900
0 0 15875
1 5503 5503
-1
1 9331 9331
1 11043 11043
-1
0 0 14023
-1
1 12447 12447
1 4537 4537
-1
0 0 11462
0 0 14869
-1
-1
1 28695 28695
-1
0 0 2926
1 30214 30214
0 0 11943
1 13510 13510
0 0 12477
-1
0 0 11194
0 0 12965
0 0 4002
1 31334 31334
0 0 15252
1 14281 14281
-1
0 0 10668
-1
0 0 14211
0 0 3015
-1
1 5317 5317
-1
-1
-1
0 0 11060
-1
1 11927 11927
0 0 336
0 0 3336
1 14748 14748
-1
1 13101 13101
-1
1 25425 25425
-1
-1
1 12603 12603
0 0 9131
0 0 14580
-1
-1
-1
0 0 4045
-1
1 6832 6832
0 0 10918
1 17273 17273
0 0 14221
0 0 12438
0 0 7298
0 0 14663
-1
-1
1 1942 1942
-1
0 0 3743
-1
-1
0 0 15130
1 5967 5967
1 13675 13675
-1
-1
1 19274 19274
-1
1 198 198
-1
0 0 10955
0 0 4966
-1
-1
1 15456 15456
0 0 8483
-1
0 0 11560
-1
1 2731 2731
-1
1 11710 11710
1 20453 20453
-1
1 20288 20288
1 17854 17854
1 7243 7243
1 16566 16566
0 0 12068
0 0 12431
0 0 10431
0 0 5963
-1
0 0 3049
-1
-1
1 5154 5154
-1
1 18706 18706
-1
-1
1 25516 25516
0 0 3741
0 0 8352
0 0 8710
1 17641 17641
1 19141 19141
-1
1 12438 12438
-1
-1
1 23131 23131
-1
1 29706 29706
1 18170 18170
1 20723 20723
1 26362 26362
0 0 14383
0 0 13512
0 0 362
1 24993 24993
0 0 200
1 23129 23129
0 0 11544
-1
0 0 345
0 0 15098
1 2459 2459
0 0 475
-1
0 0 3810
1 3722 3722
1 28043 28043
0 0 10462
0 0 11064
1 17370 17370
1 10416 10416
1 22014 22014
-1
0 0 549
-1
0 0 15854
0 0 12837
0 0 11903
-1
0 0 14031
0 0 13005
0 0 10240
0 0 15033
0 0 2263
0 0 16003
-1
1 3808 3808
0 0 4748
-1
1 21623 21623
1 21108 21108
1 26128 26128
0 0 10549
0 0 13432
1 18049 18049
0 0 10036
1 31393 31393
1 4797 4797
1 10075 10075
0 0 12046
0 0 7484
0 0 6379
1 3546 3546
0 0 15077
0 0 62
-1
0 0 4845
0 0 8346
0 0 16317
0 0 4844
-1
-1
0 0 16002
-1
-1
-1
0 0 6136
1 20384 20384
0 0 4514
0 0 14717
1 11995 11995
0 0 1109
-1
1 12591 12591
-1
-1
0 0 5345
0 0 10817
1 20712 20712
-1
0 0 8164
1 2062 2062
1 17044 17044
0 0 10044
1 20682 20682
1 27537 27537
-1
-1
-1
-1
-1
0 0 1042
0 0 13465
1 6050 6050
1 7799 7799
0 0 4695
0 0 1487
1 30049 30049
-1
0 0 12389
-1
-1
0 0 16002
1 8713 8713
0 0 714
-1
0 0 14830
1 4698 4698
0 0 7516
1 4 4
-1
1 8857 8857
-1
-1
1 10241 10241
0 0 3711
-1
1 16014 16014
1 29982 29982
1 18348 18348
-1
0 0 161
1 25662 25662
-1
0 0 5374
-1
0 0 3483
-1
1 15827 15827
-1
-1
-1
1 13954 13954
0 0 13667
0 0 4707
0 0 1514
-1
0 0 15831
1 19289 19289
0 0 374
-1
1 2094 2094
0 0 14170
0 0 12896
-1
-1
-1
0 0 12372
0 0 4735
-1
0 0 4371
0 0 15091
1 9053 9053
0 0 11580
0 0 42
1 9755 9755
-1
-1
1 1150 1150
1 14287 14287
-1
0 0 13674
1 16858 16858
0 0 1144
0 0 14317
1 9008 9008
-1
1 29003 29003
0 0 6134
0 0 3270
0 0 3884
1 13589 13589
-1
1 25664 25664
1 22714 22714
1 1893 1893
1 21833 21833
-1
1 12241 12241
1 7351 7351
1 12481 12481
-1
0 0 6484
1 19819 19819
-1
1 22737 22737
1 1164 1164
0 0 9250
1 1428 1428
0 0 7746
0 0 5576
-1
-1
1 29270 29270
0 0 14214
1 9832 9832
-1
0 0 4473
-1
-1
0 0 9079
-1
-1
0 0 11784
1 17508 17508
-1
1 298 298
1 1478 1478
0 0 7768
-1
1 1205 1205
1 5226 5226
-1
-1
1 10212 10212
-1
0 0 14680
-1
-1
-1
-1
1 4619 4619
0 0 4311
-1
0 0 6129
0 0 13828
0 0 7417
0 0 7314
0 0 14878
0 0 10406
1 16940 16940
0 0 3615
0 0 15806
-1
1 7132 7132
1 27424 27424
1 4276 4276
1 13597 13597
-1
1 6946 6946
-1
1 31479 31479
1 7147 7147
1 19201 19201
0 0 12013
0 0 16348
-1
0 0 12973
-1
0 0 8433
0 0 5425
0 0 10650
1 29060 29060
-1
0 0 7178
1 15987 15987
0 0 10311
0 0 7061
-1
-1
1 31176 31176
-1
0 0 3692
0 0 15389
1 4827 4827
0 0 9815
-1
0 0 2754
1 3322 3322
0 0 11316
0 0 2340
0 0 8541
-1
-1
1 28339 28339
-1
0 0 15576
0 0 10439
1 1420 1420
-1
-1
-1
1 7809 7809
-1
0 0 2911
0 0 11064
1 7 7
-1
0 0 2301
0 0 14718
1 19922 19922
-1
1 4921 4921
-1
1 30558 30558
-1
-1
-1
-1
-1
0 0 9019
0 0 5709
0 0 3771
-1
-1
-1
1 13901 13901
-1
0 0 6
-1
-1
0 0 13501
0 0 9747
0 0 6969
1 8130 8130
-1
-1
-1
-1
-1
-1
0 0 16224
1 2381 2381
-1
1 32208 32208
0 0 7735
0 0 6527
1 5495 5495
1 16130 16130
-1
0 0 3802
-1
0 0 1333
1 26871 26871
1 11280 11280
0 0 15057
1 18299 18299
0 0 4847
0 0 13821
-1
1 20014 20014
1 5797 5797
0 0 8846
-1
1 7553 7553
0 0 10646
0 0 7090
-1
-1
1 27896 27896
0 0 5316
1 27606 27606
1 3082 3082
0 0 15577
1 18299 18299
0 0 3297
1 14030 14030
0 0 5845
-1
-1
-1
1 1616 1616
0 0 7168
-1
0 0 13065
1 1211 1211
1 28499 28499
-1
0 0 14300
0 0 15377
-1
0 0 3491
0 0 171
-1
0 0 606
-1
-1
1 12421 12421
1 11947 11947
-1
-1
-1
1 28056 28056
0 0 1261
-1
0 0 8587
0 0 12493
1 1940 1940
0 0 15801
-1
-1
0 0 14258
0 0 15025
1 17842 17842
1 28302 28302
1 4447 4447
-1
1 14118 14118
-1
1 30842 30842
-1
0 0 4155
0 0 9029
-1
0 0 15203
1 30877 30877
1 28822 28822
0 0 13236
0 0 9855
-1
1 3795 3795
1 8733 8733
1 18050 18050
0 0 2000
0 0 5145
-1
1 18451 18451
-1
1 28909 28909
1 32298 32298
1 18684 18684
0 0 10229
-1
0 0 9119
-1
-1
-1
1 1320 1320
0 0 11460
1 30587 30587
1 6360 6360
0 0 14848
0 0 5992
1 24089 24089
0 0 3830
0 0 14497
-1
-1
1 18922 18922
-1
0 0 6865
-1
1 8477 8477
-1
-1
1 26528 26528
-1
0 0 4059
1 19445 19445
-1
0 0 10073
-1
-1
-1
0 0 8899
1 24579 24579
0 0 12285
-1
-1
-1
1 19411 19411
-1
0 0 4301
-1
1 12330 12330
0 0 6182
1 18531 18531
-1
1 23926 23926
0 0 6331
1 4600 4600
-1
1 6966 6966
0 0 4713
-1
0 0 532
-1
-1
-1
0 0 1799
1 28694 28694
-1
0 0 2580
0 0 10578
0 0 6625
0 0 7109
0 0 11444
0 0 12922
-1
0 0 3820
1 6216 6216
1 3191 3191
1 2773 2773
1 16092 16092
1 9222 9222
-1
0 0 4656
1 22098 22098
-1
0 0 12008
-1
-1
1 2561 2561
1 771 771
0 0 4475
0 0 3734
1 16663 16663
-1
1 3263 3263
0 0 11420
0 0 1504
-1
1 27060 27060
1 10758 10758
0 0 3401
1 14086 14086
1 2943 2943
0 0 14272
-1
-1
1 10445 10445
1 14010 14010
1 23647 23647
-1
0 0 12775
1 29801 29801
-1
-1
0 0 12379
-1
0 0 7618
0 0 3671
-1
1 31536 31536
1 13124 13124
1 1871 1871
0 0 6419
1 8807 8807
1 8520 8520
-1
1 938 938
1 24914 24914
0 0 9857
1 31189 31189
1 11793 11793
1 20570 20570
0 0 15766
-1
1 24866 24866
1 7821 7821
0 0 11807
1 8285 8285
1 9643 9643
-1
1 2809 2809
-1
0 0 12798
1 5342 5342
1 6877 6877
0 0 1530
-1
0 0 11621
1 14001 14001
0 0 15735
0 0 12775
1 24705 24705
1 20225 20225
-1
1 28164 28164
1 962 962
1 22683 22683
0 0 11664
1 108 108
1 10228 10228
-1
1 28099 28099
-1
0 0 8271
-1
0 0 12844
0 0 14581
1 27635 27635
0 0 9945
-1
1 31192 31192
1 7487 7487
0 0 1706
0 0 13251
1 22689 22689
1 22395 22395
-1
-1
1 18109 18109
-1
-1
-1
0 0 1681
-1
1 24184 24184
0 0 5638
-1
-1
0 0 14376
-1
1 28740 28740
1 1117 1117
0 0 916
1 6668 6668
0 0 5634
-1
-1
1 13257 13257
0 0 7565
-1
-1
1 21367 21367
0 0 5449
-1
0 0 1625
-1
0 0 10110
-1
1 1885 1885
-1
1 23277 23277
0 0 12994
-1
-1
1 1405 1405
1 4172 4172
1 8938 8938
1 8957 8957
0 0 8292
1 22488 22488
-1
1 8950 8950
0 0 57
1 3535 3535
1 25227 25227
-1
-1
0 0 7677
0 0 15190
1 17085 17085
-1
0 0 8035
-1
0 0 7939
0 0 16014
0 0 14307
1 29268 29268
1 1248 1248
0 0 2599
-1
0 0 1646
1 11076 11076
0 0 1566
0 0 4525
1 7588 7588
-1
-1
0 0 5283
0 0 3787
1 11258 11258
0 0 12568
-1
1 9697 9697
-1
-1
0 0 3524
0 0 7996
0 0 9306
0 0 2553
-1
-1
1 29813 29813
1 11181 11181
0 0 10586
1 12582 12582
0 0 11296
-1
-1
0 0 13243
-1
-1
-1
-1
1 20396 20396
-1
1 28800 28800
0 0 10316
-1
1 6213 6213
1 25080 25080
1 4028 4028
0 0 2337
0 0 8868
0 0 2488
1 5693 5693
0 0 15694
1 30417 30417
0 0 8805
1 27694 27694
1 16787 16787
1 27846 27846
1 5653 5653
1 6887 6887
0 0 13849
0 0 1735
1 8699 8699
-1
1 3432 3432
0 0 11852
0 0 5159
0 0 10926
0 0 7237
0 0 105
-1
1 11418 11418
-1
0 0 11673
0 0 9755
0 0 4176
-1
0 0 5785
-1
0 0 15694
0 0 12428
1 20300 20300
1 9772 9772
0 0 1533
0 0 4671
1 30594 30594
1 24790 24790
0 0 15991
0 0 12263
1 4056 4056
1 19659 19659
-1
1 3378 3378
-1
-1
1 5943 5943
0 0 1118
-1
0 0 3193
-1
1 735 735
0 0 323
-1
1 26968 26968
-1
0 0 12718
-1
0 0 9085
0 0 15576
1 1574 1574
0 0 1987
0 0 4027
1 25531 25531
1 9599 9599
-1
1 20572 20572
1 31764 31764
1 19849 19849
-1
0 0 8445
1 32420 32420
1 12905 12905
0 0 9336
-1
0 0 15707
-1
-1
1 1414 1414
1 13692 13692
-1
1 16598 16598
1 109 109
1 7303 7303
1 2097 2097
0 0 9532
0 0 3456
0 0 9255
1 23972 23972
-1
0 0 7795
1 3759 3759
0 0 48
-1
-1
-1
0 0 5776
0 0 8418
0 0 13903
-1
0 0 13075
0 0 1826
1 19600 19600
1 14680 14680
0 0 9436
0 0 5348
0 0 652
1 6144 6144
1 30875 30875
-1
1 1968 1968
1 16104 16104
1 3230 3230
1 20283 20283
0 0 10252
-1
-1
1 1840 1840
-1
0 0 1940
0 0 12197
1 28473 28473
1 15269 15269
-1
-1
-1
-1
1 29027 29027
1 2928 2928
-1
-1
-1
-1
1 3623 3623
-1
-1
0 0 1410
-1
-1
-1
1 32662 32662
0 0 195
0 0 16250
0 0 2080
0 0 11294
1 13152 13152
-1
1 19156 19156
1 5225 5225
-1
1 25103 25103
-1
-1
-1
0 0 7739
-1
0 0 1747
-1
-1
-1
1 9646 9646
1 30174 30174
1 4554 4554
0 0 2759
1 21541 21541
-1
1 14170 14170
1 12115 12115
1 27536 27536
1 22150 22150
0 0 2692
0 0 6000
-1
-1
0 0 1609
0 0 10851
-1
1 7301 7301
0 0 14587
1 1528 1528
-1
-1
0 0 3323
0 0 10023
1 3505 3505
0 0 11132
0 0 15436
1 29446 29446
-1
-1
0 0 10196
0 0 2718
-1
1 30523 30523
0 0 13978
-1
-1
1 5254 5254
-1
1 24859 24859
-1
0 0 4214
0 0 11302
0 0 6011
0 0 6400
0 0 14575
0 0 2278
0 0 15323
1 18533 18533
-1
-1
1 23921 23921
0 0 1980
1 839 839
-1
1 32029 32029
-1
1 31311 31311
0 0 13479
-1
0 0 8067
0 0 9215
-1
1 17308 17308
1 25332 25332
1 15481 15481
-1
0 0 168
-1
0 0 1217
-1
1 7103 7103
0 0 4016
0 0 9858
-1
1 27600 27600
-1
1 11150 11150
0 0 6127
-1
0 0 7095
0 0 15720
-1
0 0 8767
0 0 14297
0 0 15887
0 0 13409
1 6760 6760
0 0 3144
1 9975 9975
1 18389 18389
-1
0 0 2863
1 883 883
-1
0 0 5283
0 0 2110
1 5335 5335
1 25581 25581
-1
0 0 7140
1 21511 21511
1 28757 28757
1 14975 14975
1 7463 7463
1 14861 14861
0 0 10710
1 2222 2222
-1
0 0 11595
1 18444 18444
0 0 8942
0 0 7779
1 3702 3702
0 0 2794
1 28256 28256
0 0 12721
1 11808 11808
1 8745 8745
1 8558 8558
0 0 7910
1 23599 23599
1 3439 3439
1 13219 13219
0 0 16191
-1
-1
0 0 10431
1 3827 3827
1 3989 3989
0 0 10463
-1
0 0 11029
-1
0 0 820
-1
1 3883 3883
0 0 930
-1
0 0 13416
-1
1 26167 26167
1 31636 31636
0 0 969
0 0 11989
-1
-1
1 20054 20054
-1
1 4233 4233
1 26937 26937
1 19825 19825
1 10729 10729
0 0 11419
1 29531 29531
-1
1 5284 5284
0 0 12866
-1
0 0 961
1 920 920
0 0 15865
-1
0 0 5646
1 13284 13284
-1
1 23237 23237
0 0 10410
-1
-1
-1
-1
0 0 3534
0 0 15064
1 11190 11190
0 0 10842
0 0 12208
-1
-1
1 6048 6048
0 0 15634
1 23193 23193
-1
-1
-1
-1
1 29401 29401
0 0 11488
-1
1 22689 22689
-1
-1
0 0 10709
1 26930 26930
-1
-1
1 15923 15923
1 23877 23877
-1
1 16362 16362
-1
1 32582 32582
1 27539 27539
1 16355 16355
1 22948 22948
-1
-1
0 0 11329
0 0 9105
0 0 10548
0 0 740
0 0 7871
0 0 15324
0 0 457
0 0 4780
1 16747 16747
1 27578 27578
1 26552 26552
-1
1 26694 26694
1 2 2
-1
0 0 11235
1 2543 2543
-1
0 0 4936
1 5116 5116
0 0 596
0 0 4396
0 0 13109
-1
0 0 16334
-1
-1
1 8388 8388
1 15699 15699
0 0 4969
0 0 16021
0 0 9060
0 0 16159
1 23090 23090
1 2448 2448
-1
1 29489 29489
-1
1 17076 17076
-1
-1
0 0 5624
0 0 7128
1 25484 25484
1 3440 3440
1 20411 20411
0 0 13858
-1
1 11480 11480
-1
1 17231 17231
1 7125 7125
1 18814 18814
1 19861 19861
1 31064 31064
-1
0 0 5588
-1
-1
1 13992 13992
0 0 1411
0 0 50
-1
1 13368 13368
1 28965 28965
-1
0 0 8155
0 0 13285
-1
1 22911 22911
-1
1 10016 10016
1 20567 20567
-1
-1
0 0 928
-1
0 0 8508
-1
-1
1 2701 2701
1 7418 7418
0 0 1879
-1
0 0 4483
1 27943 27943
-1
0 0 6672
-1
0 0 4179
0 0 14584
-1
1 19518 19518
-1
1 11014 11014
0 0 4513
1 7288 7288
0 0 11167
0 0 12815
0 0 3527
-1
0 0 3098
1 8304 8304
1 21828 21828
-1
0 0 10907
1 9556 9556
0 0 5316
1 26800 26800
0 0 6847
0 0 10852
-1
1 11854 11854
1 20294 20294
-1
-1
1 25732 25732
0 0 14120
0 0 11462
1 17073 17073
-1
0 0 13616
0 0 2117
0 0 5315
-1
0 0 1759
1 23160 23160
-1
-1
-1
-1
0 0 14699
0 0 6625
-1
-1
-1
0 0 10777
1 10440 10440
0 0 190
-1
-1
-1
-1
-1
-1
-1
-1
-1
1 8501 8501
0 0 16167
1 5458 5458
1 14092 14092
1 2684 2684
0 0 11916
0 0 13578
1 30977 30977
0 0 15133
0 0 15874
-1
-1
-1
0 0 65
0 0 14935
1 22239 22239
1 10565 10565
1 29570 29570
0 0 5862
-1
0 0 16142
-1
0 0 12315
1 3789 3789
-1
-1
1 19501 19501
1 18325 18325
-1
0 0 11540
0 0 12423
0 0 8200
-1
0 0 1329
0 0 7152
0 0 4408
1 30843 30843
0 0 14087
1 7630 7630
1 3630 3630
0 0 12992
1 27570 27570
-1
-1
0 0 12477
-1
1 32598 32598
0 0 14453
0 0 14190
0 0 13645
1 22647 22647
-1
0 0 4992
0 0 15362
1 194 194
1 1099 1099
1 19616 19616
1 29874 29874
-1
1 13844 13844
0 0 14125
0 0 7840
0 0 16311
1 22677 22677
1 6453 6453
1 16335 16335
-1
0 0 11024
-1
-1
-1
-1
-1
-1
1 25056 25056
1 18549 18549
0 0 3967
0 0 0
-1
1 10808 10808
1 14281 14281
0 0 7380
-1
0 0 9979
0 0 9489
1 24112 24112
0 0 12590
0 0 11949
0 0 16113
-1
0 0 1593
0 0 14822
1 6861 6861
0 0 4834
0 0 3159
0 0 11901
1 15107 15107
1 3024 3024
-1
1 25433 25433
-1
0 0 16346
-1
-1
1 10454 10454
0 0 542
0 0 7449
-1
-1
1 21813 21813
1 17831 17831
-1
0 0 15269
1 28141 28141
1 2565 2565
0 0 6455
0 0 4447
1 8122 8122
1 17479 17479
0 0 10654
-1
1 14452 14452
-1
-1
-1
1 14585 14585
0 0 15879
-1
-1
-1
1 12478 12478
-1
1 11040 11040
-1
-1
0 0 5680
0 0 436
-1
-1
-1
0 0 7077
0 0 16348
0 0 4072
-1
1 24734 24734
0 0 10836
1 16232 16232
-1
-1
1 4578 4578
-1
-1
1 27606 27606
1 21343 21343
-1
0 0 4342
0 0 7403
-1
-1
1 3695 3695
-1
0 0 11851
1 22253 22253
1 3947 3947
-1
-1
-1
-1
0 0 9246
-1
1 14114 14114
0 0 8503
0 0 5194
-1
0 0 14716
1 28206 28206
-1
1 31513 31513
-1
-1
1 8558 8558
-1
-1
1 14969 14969
-1
1 31567 31567
-1
0 0 10858
0 0 374
0 0 6709
0 0 3865
1 3581 3581
1 24231 24231
-1
1 22565 22565
1 4291 4291
0 0 2638
1 4163 4163
1 12037 12037
-1
1 6807 6807
-1
-1
1 27467 27467
1 11337 11337
0 0 5332
-1
0 0 8322
-1
0 0 5952
-1
-1
0 0 16128
-1
-1
0 0 12073
1 26970 26970
1 3462 3462
0 0 10192
0 0 11771
0 0 13832
1 10024 10024
1 15219 15219
1 7789 7789
-1
0 0 13146
1 2981 2981
1 12454 12454
0 0 11138
0 0 14967
-1
1 19161 19161
-1
0 0 1680
1 24434 24434
-1
0 0 14037
1 29589 29589
1 332 332
1 349 349
-1
0 0 15887
1 10500 10500
1 8943 8943
1 32015 32015
1 8336 8336
-1
1 1021 1021
0 0 12041
1 10051 10051
-1
1 30867 30867
-1
1 22933 22933
-1
1 2302 2302
-1
1 19045 19045
0 0 1110
1 16467 16467
1 12680 12680
0 0 5708
1 9772 9772
1 2790 2790
1 13528 13528
0 0 7372
0 0 7935
-1
1 22519 22519
-1
0 0 11643
0 0 3132
-1
-1
0 0 9156
0 0 9852
-1
-1
0 0 11304
-1
1 4207 4207
0 0 4835
1 18058 18058
0 0 5620
-1
-1
1 6807 6807
-1
1 5089 5089
-1
-1
-1
0 0 8116
-1
1 4200 4200
-1
-1
-1
-1
0 0 7167
0 0 2872
1 19354 19354
-1
1 12182 12182
-1
-1
-1
-1
0 0 2000
0 0 9944
1 27740 27740
-1
0 0 472
1 9808 9808
-1
0 0 7069
-1
1 21112 21112
1 15097 15097
0 0 10436
-1
1 29001 29001
-1
-1
0 0 11763
-1
0 0 5898
1 4950 4950
1 27690 27690
0 0 2302
1 5152 5152
-1
0 0 2603
-1
-1
-1
-1
1 18108 18108
1 10506 10506
1 30539 30539
1 22947 22947
-1
1 15225 15225
0 0 15926
-1
1 1568 1568
0 0 14121
-1
0 0 14603
0 0 4536
1 20540 20540
0 0 257
0 0 8422
1 20221 20221
-1
-1
0 0 4383
0 0 3334
1 7793 7793
0 0 10012
-1
1 30823 30823
1 6709 6709
0 0 6322
0 0 15989
-1
1 10485 10485
-1
-1
1 435 435
-1
1 6676 6676
1 13090 13090
1 31562 31562
0 0 626
-1
1 31198 31198
1 25206 25206
0 0 3926
-1
1 25655 25655
-1
0 0 5327
-1
0 0 4409
0 0 11587
1 27937 27937
0 0 15094
1 28085 28085
1 12847 12847
-1
1 25742 25742
-1
-1
0 0 4945
0 0 3343
-1
-1
1 30240 30240
0 0 10429
0 0 2445
-1
1 5677 5677
-1
0 0 2991
1 28516 28516
1 18402 18402
-1
-1
0 0 3145
-1
1 13705 13705
-1
1 10409 10409
0 0 11057
0 0 13517
-1
-1
0 0 15177
0 0 7078
1 22918 22918
1 26512 26512
0 0 6685
0 0 14283
0 0 13122
0 0 13815
1 8360 8360
1 14131 14131
1 31507 31507
-1
-1
0 0 656
1 14118 14118
1 23107 23107
1 4923 4923
1 12580 12580
0 0 8395
1 21340 21340
0 0 8664
0 0 2336
-1
1 17845 17845
1 7304 7304
-1
0 0 16174
0 0 13237
1 9669 9669
-1
1 5975 5975
-1
1 5389 5389
0 0 2043
0 0 8314
-1
-1
-1
-1
1 13197 13197
0 0 6083
0 0 13553
0 0 5013
1 16289 16289
1 22711 22711
0 0 9093
1 17797 17797
1 21084 21084
-1
1 18411 18411
0 0 5765
1 31859 31859
-1
1 1964 1964
0 0 394
-1
1 14474 14474
0 0 411
-1
0 0 13645
0 0 4996
0 0 11229
1 4632 4632
-1
1 8143 8143
-1
1 16191 16191
0 0 8071
-1
1 2236 2236
0 0 11296
0 0 2824
-1
1 21355 21355
0 0 13686
0 0 14208
-1
0 0 8250
1 12664 12664
-1
0 0 5959
-1
0 0 2685
1 32744 32744
1 8891 8891
1 18665 18665
1 16366 16366
0 0 7430
1 23620 23620
1 30885 30885
0 0 8281
-1
0 0 5302
-1
-1
-1
-1
1 3113 3113
-1
0 0 1493
1 28244 28244
-1
0 0 8770
1 20667 20667
0 0 13413
-1
-1
0 0 6487
0 0 8359
-1
0 0 5920
-1
-1
-1
0 0 14931
-1
-1
-1
1 21613 21613
1 31683 31683
-1
-1
0 0 10888
0 0 2467
0 0 7704
0 0 2866
-1
1 29573 29573
0 0 2965
-1
1 11624 11624
0 0 9538
-1
-1
1 16909 16909
-1
-1
0 0 2054
-1
-1
1 9722 9722
0 0 8040
1 12060 12060
0 0 9334
1 9860 9860
1 18495 18495
0 0 936
-1
-1
0 0 10733
1 17359 17359
0 0 5311
0 0 3056
0 0 888
-1
-1
0 0 5962
1 17166 17166
1 10901 10901
1 18516 18516
0 0 14627
1 29829 29829
0 0 2531
0 0 6254
-1
-1
0 0 14861
1 899 899
1 3184 3184
0 0 13009
-1
-1
1 10727 10727
-1
-1
0 0 4272
1 26459 26459
0 0 5527
1 18485 18485
-1
1 10405 10405
1 20495 20495
-1
0 0 4160
1 32324 32324
0 0 12582
1 23665 23665
1 19626 19626
-1
0 0 14284
-1
-1
1 5801 5801
0 0 8753
0 0 16129
0 0 6649
-1
1 19044 19044
-1
-1
1 4167 4167
1 30485 30485
1 1973 1973
1 27660 27660
1 31827 31827
0 0 9499
-1
-1
1 13594 13594
-1
-1
1 32362 32362
1 10644 10644
1 32021 32021
-1
-1
1 2399 2399
1 25124 25124
-1
1 21697 21697
1 12094 12094
0 0 12962
-1
-1
1 7061 7061
-1
-1
0 0 1156
-1
1 18763 18763
-1
-1
1 21622 21622
0 0 4817
-1
0 0 6841
-1
-1
0 0 1364
-1
-1
1 19662 19662
0 0 218
-1
-1
-1
0 0 2536
1 8023 8023
0 0 57
-1
1 27906 27906
1 16583 16583
1 7171 7171
1 11604 11604
1 29609 29609
-1
0 0 11300
-1
0 0 1414
-1
0 0 12406
-1
1 26075 26075
1 12 12
-1
0 0 2372
-1
-1
-1
-1
1 7253 7253
-1
-1
0 0 5886
-1
0 0 4656
-1
1 3737 3737
0 0 1954
0 0 4310
0 0 13663
0 0 2592
1 31965 31965
-1
0 0 4788
1 4358 4358
0 0 9867
-1
-1
-1
0 0 4654
1 15917 15917
0 0 13998
0 0 11832
-1
-1
0 0 15727
1 7945 7945
1 3355 3355
0 0 3221
-1
0 0 5839
-1
1 968 968
1 21577 21577
0 0 14475
1 31523 31523
-1
-1
1 9622 9622
0 0 6894
-1
1 3971 3971
-1
1 24772 24772
-1
1 23214 23214
1 6553 6553
0 0 11837
1 30766 30766
-1
0 0 12831
0 0 5956
-1
-1
0 0 12695
-1
1 10386 10386
1 27542 27542
-1
-1
-1
-1
-1
1 16364 16364
-1
1 32297 32297
1 18266 18266
1 7158 7158
0 0 9064
0 0 13496
1 21093 21093
0 0 1389
1 32360 32360
1 30207 30207
1 10055 10055
0 0 12795
0 0 2167
1 2835 2835
-1
0 0 6793
1 29506 29506
-1
0 0 3400
0 0 617
0 0 15653
-1
0 0 14896
1 9538 9538
0 0 8375
1 14758 14758
0 0 11756
-1
1 8475 8475
-1
1 7515 7515
1 30805 30805
-1
1 18738 18738
1 8712 8712
1 3716 3716
1 29653 29653
-1
1 3655 3655
1 20858 20858
0 0 10663
-1
0 0 14369
1 4535 4535
-1
1 17881 17881
1 32360 32360
0 0 5391
-1
-1
-1
1 17014 17014
0 0 9227
-1
0 0 5281
-1
0 0 3288
-1
-1
1 4495 4495
1 1993 1993
-1
1 7837 7837
0 0 10089
-1
0 0 5713
-1
-1
-1
0 0 2017
0 0 2365
-1
1 32317 32317
1 25888 25888
1 9526 9526
-1
-1
0 0 11552
1 11554 11554
1 20190 20190
0 0 8823
1 14918 14918
1 6032 6032
0 0 8539
1 26465 26465
-1
0 0 11659
1 27931 27931
-1
0 0 9576
-1
-1
1 30533 30533
0 0 10793
0 0 3728
0 0 15186
1 18835 18835
1 24507 24507
1 27043 27043
-1
-1
1 10722 10722
0 0 11296
0 0 84
1 23664 23664
-1
1 18277 18277
-1
0 0 4282
0 0 11203
1 9663 9663
1 30354 30354
1 13830 13830
-1
1 16576 16576
0 0 4202
0 0 9909
1 11740 11740
1 8991 8991
-1
0 0 7860
1 7273 7273
1 855 855
1 3472 3472
0 0 14951
1 16322 16322
-1
1 25355 25355
-1
1 22972 22972
1 30991 30991
-1
-1
-1
-1
-1
1 2859 2859
1 29218 29218
1 6158 6158
-1
-1
1 3309 3309
-1
0 0 6717
-1
1 15384 15384
1 12985 12985
0 0 7175
0 0 6072
-1
0 0 11596
1 15366 15366
0 0 8623
0 0 13357
0 0 9178
1 9426 9426
0 0 8916
0 0 12664
-1
0 0 9123
0 0 5471
0 0 10483
0 0 10483
0 0 13708
-1
-1
-1
1 23911 23911
-1
-1
0 0 3129
0 0 2456
-1
0 0 1242
-1
0 0 11755
1 2808 2808
-1
-1
-1
1 694 694
1 10670 10670
-1
-1
1 32186 32186
0 0 2802
1 21613 21613
-1
1 28431 28431
0 0 13968
-1
-1
0 0 10403
0 0 8123
0 0 4787
0 0 14218
1 15604 15604
0 0 9618
0 0 6080
-1
0 0 1945
0 0 11139
1 2512 2512
0 0 16182
0 0 4109
1 7451 7451
0 0 13233
-1
0 0 1193
0 0 8837
-1
-1
-1
1 28320 28320
0 0 7793
1 11266 11266
-1
1 19526 19526
0 0 1376
0 0 12046
0 0 6946
0 0 9927
1 29893 29893
0 0 540
0 0 8545
0 0 11480
1 25810 25810
0 0 13350
0 0 247
1 6662 6662
0 0 7176
-1
0 0 12159
-1
0 0 14003
0 0 3035
1 13359 13359
-1
-1
1 29677 29677
1 4418 4418
0 0 14120
-1
0 0 4722
-1
1 30529 30529
-1
1 20614 20614
1 17571 17571
0 0 14688
-1
0 0 2897
1 8327 8327
-1
0 0 10282
1 879 879
1 3191 3191
0 0 3050
0 0 8372
0 0 2304
1 30023 30023
1 21560 21560
-1
1 16086 16086
-1
1 19914 19914
-1
1 10827 10827
0 0 761
1 1227 1227
0 0 3176
0 0 9619
-1
1 3872 3872
0 0 13763
0 0 6279
-1
-1
0 0 9722
1 22286 22286
-1
-1
1 14644 14644
0 0 779
0 0 14732
0 0 1815
0 0 12370
1 18299 18299
-1
0 0 6287
-1
1 26482 26482
-1
1 30970 30970
1 25061 25061
-1
-1
-1
0 0 10275
-1
0 0 15697
1 14227 14227
-1
1 22740 22740
1 13030 13030
-1
-1
1 32405 32405
1 9529 9529
0 0 2122
1 11113 11113
1 8923 8923
1 31782 31782
1 27901 27901
1 13270 13270
-1
1 13112 13112
-1
-1
-1
-1
-1
-1
-1
-1
-1
0 0 6869
0 0 12191
1 9355 9355
1 4207 4207
-1
0 0 5165
0 0 7104
-1
0 0 2019
0 0 6171
0 0 13196
-1
0 0 3733
-1
-1
-1
-1
-1
1 21313 21313
1 20288 20288
1 23826 23826
0 0 15201
0 0 4883
-1
-1
-1
0 0 8107
1 4652 4652
0 0 6483
0 0 8516
1 31240 31240
-1
1 5379 5379
-1
0 0 7416
1 10326 10326
1 19214 19214
1 27221 27221
1 8655 8655
0 0 5025
1 9333 9333
0 0 4678
-1
-1
-1
1 2743 2743
1 26225 26225
0 0 14293
-1
-1
-1
1 16027 16027
1 22056 22056
-1
0 0 10385
-1
1 10917 10917
-1
1 28260 28260
-1
0 0 14386
-1
1 31577 31577
-1
0 0 7318
-1
0 0 1262
0 0 11386
-1
1 21147 21147
1 24266 24266
-1
-1
1 18710 18710
-1
1 20139 20139
1 5368 5368
-1
1 9578 9578
1 24445 24445
-1
1 18011 18011
0 0 13620
-1
1 88 88
1 2591 2591
-1
0 0 15544
0 0 5439
1 18675 18675
0 0 15347
1 14042 14042
-1
0 0 10695
1 21834 21834
1 26276 26276
-1
0 0 4102
1 29071 29071
1 27021 27021
1 26558 26558
1 27758 27758
-1
0 0 4026
-1
0 0 14474
-1
1 25059 25059
0 0 3879
-1
1 32673 32673
1 3712 3712
-1
0 0 988
0 0 12923
0 0 4301
0 0 15985
-1
-1
-1
-1
0 0 4850
1 26911 26911
-1
0 0 2992
-1
0 0 3724
1 21752 21752
1 29945 29945
1 21445 21445
1 3656 3656
-1
0 0 1783
-1
0 0 4838
1 3294 3294
1 30287 30287
0 0 6116
0 0 5922
1 14371 14371
0 0 11895
1 4190 4190
-1
-1
0 0 13553
0 0 8013
-1
0 0 4575
-1
1 6701 6701
0 0 2934
0 0 3081
1 7290 7290
-1
-1
-1
-1
-1
0 0 5122
0 0 13485
-1
0 0 13136
1 15687 15687
-1
-1
0 0 4316
0 0 7465
0 0 3348
-1
-1
-1
1 10411 10411
0 0 12556
-1
0 0 3429
1 26391 26391
0 0 14050
1 20033 20033
-1
0 0 10237
-1
0 0 8843
0 0 11089
1 20229 20229
0 0 4237
1 31746 31746
1 30644 30644
1 31630 31630
-1
0 0 15246
1 2895 2895
1 25359 25359
1 13069 13069
-1
-1
0 0 12754
0 0 2078
0 0 2519
0 0 6979
1 5778 5778
1 31200 31200
-1
-1
-1
-1
1 13403 13403
1 1596 1596
0 0 1941
0 0 2061
0 0 11509
1 12165 12165
-1
-1
0 0 118
-1
0 0 14939
1 9342 9342
0 0 3544
1 28560 28560
0 0 6541
1 8536 8536
0 0 16311
1 7224 7224
-1
1 18963 18963
-1
1 1815 1815
-1
-1
-1
-1
-1
0 0 9230
0 0 14925
-1
0 0 15050
0 0 8838
-1
1 25068 25068
0 0 14775
0 0 13584
1 17626 17626
0 0 1045
0 0 477
-1
0 0 15478
1 4664 4664
-1
0 0 10225
1 3442 3442
-1
1 30479 30479
0 0 6954
0 0 9311
0 0 14336
-1
1 15723 15723
-1
0 0 3636
-1
1 19827 19827
-1
-1
1 22982 22982
-1
-1
-1
1 16500 16500
1 1366 1366
-1
-1
0 0 14737
1 21785 21785
1 12877 12877
1 12664 12664
0 0 3295
0 0 9552
1 6235 6235
1 22680 22680
1 2395 2395
1 3211 3211
1 1160 1160
1 683 683
1 32428 32428
-1
0 0 10020
-1
-1
-1
1 27260 27260
0 0 7296
1 17015 17015
1 27974 27974
1 3551 3551
0 0 9948
0 0 16264
-1
-1
1 29519 29519
0 0 335
-1
1 15273 15273
0 0 16260
-1
0 0 13602
1 1412 1412
-1
0 0 15214
0 0 14276
1 2678 2678
1 262 262
0 0 2919
-1
0 0 14873
-1
0 0 8344
-1
0 0 9640
-1
0 0 14336
-1
-1
1 31263 31263
-1
-1
1 15751 15751
-1
0 0 10301
-1
-1
0 0 1744
-1
0 0 15587
0 0 12115
1 27379 27379
0 0 238
0 0 369
1 25023 25023
-1
-1
0 0 10181
0 0 7486
0 0 10337
-1
0 0 3920
0 0 2008
1 12958 12958
-1
0 0 11746
0 0 7562
-1
0 0 11394
1 15840 15840
0 0 11745
0 0 7809
1 21298 21298
1 30106 30106
0 0 15454
1 20098 20098
1 23878 23878
0 0 13810
0 0 6577
0 0 13700
0 0 1252
0 0 2103
0 0 1280
0 0 3598
1 3938 3938
0 0 7193
-1
1 13764 13764
1 25440 25440
-1
0 0 10711
-1
-1
1 1679 1679
0 0 9505
-1
1 5108 5108
1 1003 1003
0 0 11370
1 17612 17612
1 25306 25306
0 0 12160
0 0 12750
1 7918 7918
0 0 1249
0 0 4174
0 0 1374
-1
1 29874 29874
0 0 7909
0 0 11868
-1
-1
1 26209 26209
0 0 3195
-1
1 13655 13655
-1
0 0 289
0 0 788
-1
0 0 751
-1
1 15142 15142
1 17063 17063
-1
-1
1 26986 26986
1 21170 21170
-1
1 8144 8144
0 0 13013
-1
1 15028 15028
0 0 12877
1 32031 32031
0 0 5222
1 20952 20952
-1
0 0 5634
-1
-1
-1
1 25627 25627
0 0 8842
1 3293 3293
0 0 4964
1 25385 25385
1 4861 4861
-1
1 19723 19723
0 0 3258
1 836 836
1 24240 24240
0 0 5964
1 8270 8270
1 6811 6811
0 0 4409
0 0 5331
-1
0 0 5292
-1
0 0 9636
1 2279 2279
1 5621 5621
0 0 1308
0 0 12542
1 29910 29910
1 14224 14224
0 0 9543
-1
1 8875 8875
0 0 8244
0 0 6592
-1
1 6726 6726
1 14439 14439
-1
0 0 1883
-1
0 0 969
-1
-1
1 11496 11496
-1
0 0 15309
1 1745 1745
0 0 8417
-1
0 0 13428
-1
0 0 2184
0 0 10131
-1
1 22141 22141
-1
-1
-1
1 7940 7940
1 25427 25427
1 32074 32074
0 0 1535
-1
1 4159 4159
1 21301 21301
0 0 5351
0 0 16056
1 18567 18567
0 0 14144
0 0 10298
-1
0 0 16151
0 0 6444
0 0 12979
0 0 1012
-1
-1
0 0 14576
-1
0 0 4707
-1
1 8543 8543
1 11353 11353
1 26708 26708
1 15197 15197
0 0 10258
1 31918 31918
1 27516 27516
0 0 425
1 10683 10683
-1
0 0 13035
-1
1 22377 22377
0 0 11229
-1
-1
1 16063 16063
1 10774 10774
1 7198 7198
1 32420 32420
0 0 10248
1 6633 6633
-1
0 0 14663
0 0 12921
1 32382 32382
-1
0 0 5415
0 0 5984
-1
0 0 1868
0 0 2555
0 0 6796
0 0 392
0 0 2503
1 9532 9532
1 25694 25694
1 14619 14619
0 0 2729
1 9720 9720
1 11319 11319
0 0 4735
0 0 11472
1 2728 2728
1 11790 11790
1 17529 17529
0 0 4761
1 24302 24302
0 0 15817
1 10161 10161
1 588 588
-1
0 0 12955
-1
-1
1 26485 26485
0 0 11352
-1
0 0 1618
0 0 8855
0 0 10173
0 0 192
-1
-1
1 19796 19796
0 0 13870
-1
0 0 514
1 28352 28352
1 18180 18180
-1
0 0 4727
1 1925 1925
0 0 6712
1 23537 23537
0 0 4197
0 0 10390
1 2947 2947
-1
0 0 6957
1 10631 10631
-1
-1
0 0 9473
-1
1 5259 5259
0 0 5
-1
-1
0 0 1818
0 0 663
0 0 1075
-1
1 13801 13801
-1
1 26273 26273
-1
-1
0 0 11635
0 0 1913
0 0 12358
1 8618 8618
0 0 8750
-1
0 0 6771
0 0 2116
1 18951 18951
0 0 1395
-1
-1
0 0 2672
-1
-1
1 8898 8898
0 0 15796
0 0 14815
0 0 10895
0 0 11235
-1
-1
0 0 8416
1 11734 11734
1 28705 28705
0 0 11674
-1
0 0 5823
1 26981 26981
0 0 15339
1 28755 28755
-1
-1
-1
0 0 13698
-1
1 13328 13328
1 29901 29901
1 28057 28057
1 15492 15492
1 16676 16676
0 0 10269
-1
0 0 2750
0 0 494
-1
-1
-1
-1
0 0 10817
-1
1 22687 22687
0 0 10848
0 0 15717
1 10645 10645
1 30460 30460
-1
-1
1 5446 5446
-1
-1
-1
1 3477 3477
0 0 11294
1 20758 20758
0 0 8997
0 0 16307
0 0 13589
0 0 7536
0 0 538
1 10974 10974
1 31653 31653
0 0 3907
0 0 7171
0 0 10484
0 0 6006
-1
-1
-1
1 2212 2212
0 0 3824
-1
0 0 5401
-1
1 27416 27416
1 31474 31474
0 0 13645
0 0 9843
-1
0 0 1614
1 4585 4585
0 0 10646
1 32137 32137
0 0 2848
1 21594 21594
0 0 1580
-1
0 0 4249
1 20209 20209
1 3716 3716
1 28175 28175
0 0 13942
0 0 4858
1 20777 20777
1 32624 32624
-1
0 0 6584
1 20391 20391
0 0 9519
-1
1 17841 17841
1 15299 15299
1 1981 1981
0 0 11281
-1
-1
1 20590 20590
1 3082 3082
-1
0 0 10602
0 0 493
-1
-1
0 0 3043
1 15985 15985
1 16887 16887
0 0 5872
-1
1 24607 24607
1 1347 1347
0 0 9587
0 0 13901
1 8924 8924
-1
-1
-1
0 0 8335
0 0 9731
-1
-1
1 11366 11366
0 0 16015
0 0 6664
1 29527 29527
1 21424 21424
-1
1 28270 28270
-1
1 31234 31234
1 19794 19794
-1
0 0 13827
0 0 3698
0 0 2483
1 2750 2750
0 0 9797
1 27366 27366
-1
1 17258 17258
1 8272 8272
-1
0 0 13534
1 9351 9351
1 16301 16301
-1
0 0 934
1 31387 31387
-1
1 213 213
1 18108 18108
0 0 6135
1 5123 5123
0 0 10829
-1
1 2836 2836
-1
1 12025 12025
1 3811 3811
-1
1 9497 9497
1 7445 7445
0 0 3845
1 347 347
0 0 7647
0 0 11595
1 239 239
0 0 1207
-1
-1
1 16036 16036
-1
0 0 4949
-1
-1
0 0 9865
0 0 382
0 0 4904
1 30581 30581
1 1705 1705
0 0 7239
0 0 3560
0 0 116
1 3430 3430
-1
0 0 5151
0 0 9069
1 21497 21497
-1
0 0 876
-1
0 0 5609
0 0 14687
1 12005 12005
0 0 3769
0 0 4565
-1
0 0 7446
0 0 5320
0 0 15102
1 29596 29596
1 23421 23421
1 11802 11802
-1
1 22937 22937
1 25892 25892
0 0 10355
0 0 15075
-1
1 24441 24441
1 15853 15853
1 13705 13705
0 0 1042
1 12115 12115
0 0 231
1 16727 16727
-1
1 19599 19599
0 0 14885
0 0 11264
-1
-1
0 0 6499
-1
1 24960 24960
-1
0 0 5478
1 23916 23916
1 19385 19385
1 30954 30954
-1
-1
1 31846 31846
-1
0 0 7848
-1
0 0 13869
1 28861 28861
1 535 535
1 4069 4069
1 1871 1871
0 0 14239
-1
-1
-1
1 6299 6299
-1
0 0 9857
0 0 5444
1 9935 9935
-1
1 8297 8297
0 0 8088
1 8538 8538
1 8131 8131
0 0 13872
0 0 1615
-1
1 25941 25941
1 18400 18400
1 4733 4733
1 5134 5134
0 0 1165
0 0 11985
1 8797 8797
1 31052 31052
-1
-1
0 0 10521
0 0 4358
1 4273 4273
-1
-1
-1
1 2768 2768
0 0 4192
0 0 12094
-1
0 0 6752
-1
-1
-1
0 0 5700
0 0 15162
-1
-1
0 0 16100
0 0 12411
0 0 10156
-1
0 0 5671
0 0 7715
1 7365 7365
-1
-1
0 0 11678
1 20672 20672
-1
0 0 7168
-1
1 15965 15965
-1
-1
1 7521 7521
1 21395 21395
-1
1 20409 20409
1 3992 3992
0 0 5599
1 8575 8575
1 13647 13647
0 0 6212
0 0 6415
-1
0 0 2795
1 25442 25442
-1
-1
1 9239 9239
-1
0 0 8823
-1
0 0 3964
-1
-1
1 5256 5256
1 27655 27655
1 19378 19378
-1
-1
-1
0 0 7017
0 0 4622
0 0 13670
1 25373 25373
1 13119 13119
1 16591 16591
0 0 7523
-1
1 1601 1601
-1
-1
1 6550 6550
1 19170 19170
-1
0 0 5841
0 0 11811
1 12402 12402
0 0 8971
0 0 15713
0 0 5366
1 18690 18690
1 18592 18592
1 3295 3295
-1
0 0 13300
-1
-1
1 2274 2274
0 0 2080
0 0 6629
-1
1 10415 10415
1 29547 29547
-1
1 23743 23743
-1
-1
0 0 8420
-1
0 0 10590
1 32253 32253
0 0 3415
0 0 4157
1 10452 10452
1 16887 16887
0 0 16242
0 0 10766
1 3863 3863
1 26340 26340
1 22093 22093
0 0 6708
0 0 13126
-1
1 30127 30127
1 21861 21861
0 0 8750
-1
-1
0 0 4813
0 0 1578
1 18987 18987
-1
1 25750 25750
-1
1 13830 13830
0 0 13484
1 10599 10599
1 554 554
0 0 6588
-1
1 31011 31011
1 20311 20311
1 12299 12299
-1
0 0 14001
-1
-1
1 4955 4955
0 0 13665
0 0 16067
-1
1 6199 6199
-1
0 0 14489
-1
-1
-1
1 30102 30102
-1
1 27151 27151
-1
-1
-1
0 0 16323
0 0 678
1 2400 2400
1 26595 26595
0 0 14250
-1
1 8333 8333
1 16469 16469
-1
1 3807 3807
-1
0 0 2773
-1
1 32657 32657
0 0 4765
0 0 1447
-1
0 0 11116
-1
0 0 14967
-1
-1
-1
-1
0 0 15472
0 0 8982
1 20353 20353
0 0 9627
-1
0 0 6307
-1
1 25357 25357
-1
1 1552 1552
0 0 4332
-1
0 0 7666
1 18394 18394
1 10200 10200
1 22364 22364
0 0 9677
1 20473 20473
-1
1 26653 26653
-1
1 29765 29765
-1
0 0 4105
-1
1 15771 15771
1 2633 2633
0 0 3972
-1
0 0 5934
1 3481 3481
-1
1 17797 17797
0 0 3190
-1
1 19849 19849
-1
1 1590 1590
-1
-1
1 3571 3571
1 11299 11299
1 21521 21521
0 0 16178
0 0 292
-1
0 0 10150
0 0 13542
-1
-1
1 26759 26759
0 0 4177
-1
-1
1 25728 25728
1 5775 5775
1 20486 20486
0 0 550
0 0 909
0 0 11201
1 2222 2222
-1
1 3545 3545
0 0 11032
-1
-1
0 0 7475
1 19087 19087
0 0 11290
0 0 4293
-1
0 0 4140
1 12876 12876
-1
0 0 10149
0 0 15045
-1
1 12326 12326
1 3623 3623
-1
-1
0 0 13475
-1
0 0 15420
1 18820 18820
0 0 7456
1 14168 14168
-1
1 13357 13357
1 20525 20525
-1
-1
0 0 10484
1 14767 14767
1 14624 14624
0 0 10508
0 0 16016
1 15722 15722
0 0 9457
-1
1 29598 29598
1 16519 16519
0 0 7966
1 22468 22468
1 14609 14609
-1
-1
-1
0 0 1223
1 18717 18717
0 0 3541
0 0 758
1 23565 23565
0 0 5630
-1
-1
1 29928 29928
1 1543 1543
-1
0 0 14044
0 0 1072
1 1659 1659
-1
-1
1 27928 27928
0 0 6412
0 0 13144
1 15500 15500
1 24216 24216
0 0 7379
-1
0 0 11480
0 0 10214
0 0 12340
0 0 4288
0 0 1541
-1
1 29360 29360
0 0 3806
1 18905 18905
1 28912 28912
0 0 9765
1 28440 28440
-1
0 0 12565
0 0 14215
-1
-1
-1
-1
0 0 5080
1 4325 4325
0 0 3056
1 19576 19576
-1
1 29634 29634
-1
0 0 14765
0 0 5860
1 26312 26312
0 0 5142
1 22751 22751
-1
1 24142 24142
-1
-1
0 0 7951
1 7789 7789
1 23264 23264
1 25211 25211
1 3959 3959
0 0 7362
1 7973 7973
0 0 887
0 0 8150
1 7863 7863
-1
1 1984 1984
-1
1 14443 14443
1 28189 28189
-1
0 0 2520
0 0 3429
1 28139 28139
1 1890 1890
1 2336 2336
-1
0 0 4905
-1
1 26025 26025
1 25103 25103
-1
0 0 2092
-1
1 17052 17052
0 0 3002
-1
0 0 15785
-1
-1
1 4565 4565
0 0 920
0 0 15512
-1
1 1609 1609
0 0 596
1 31995 31995
0 0 14702
1 2895 2895
-1
1 18955 18955
0 0 311
1 11137 11137
-1
1 19628 19628
-1
-1
-1
1 3437 3437
-1
-1
0 0 4809
0 0 16336
0 0 4181
-1
0 0 15513
-1
0 0 1208
-1
1 95 95
-1
1 19808 19808
0 0 8958
1 29740 29740
-1
0 0 11910
-1
0 0 15015
-1
0 0 6647
0 0 10110
-1
-1
0 0 13681
0 0 624
-1
0 0 5091
-1
-1
1 12005 12005
1 24182 24182
0 0 10031
-1
1 17603 17603
-1
-1
0 0 11905
-1
-1
-1
-1
0 0 6722
1 5806 5806
1 18690 18690
0 0 537
-1
0 0 9929
1 4927 4927
-1
0 0 1133
1 4994 4994
-1
1 26633 26633
-1
0 0 4000
1 10940 10940
0 0 5475
1 15876 15876
0 0 13998
0 0 9196
1 10808 10808
0 0 15404
-1
-1
1 6587 6587
-1
0 0 4945
0 0 8268
0 0 3675
0 0 509
-1
-1
1 11537 11537
0 0 8065
1 28152 28152
1 27280 27280
0 0 2268
-1
0 0 14947
0 0 11939
1 25884 25884
1 30352 30352
-1
0 0 10213
-1
0 0 5524
-1
1 1338 1338
-1
0 0 818
-1
0 0 5194
-1
-1
-1
-1
-1
1 15870 15870
-1
1 11131 11131
1 18855 18855
-1
1 18894 18894
-1
1 6296 6296
1 1815 1815
0 0 9422
0 0 11941
0 0 14821
0 0 2446
1 4349 4349
0 0 5936
0 0 15847
0 0 6871
0 0 16344
0 0 12425
-1
0 0 8578
-1
-1
-1
0 0 11263
1 31989 31989
1 18461 18461
0 0 12246
-1
1 4445 4445
0 0 14732
1 23153 23153
1 1672 1672
-1
1 25081 25081
-1
1 21382 21382
1 18264 18264
1 31622 31622
1 29126 29126
1 13317 13317
1 2780 2780
1 3186 3186
-1
-1
0 0 1467
0 0 7400
1 22905 22905
-1
1 14601 14601
0 0 459
0 0 9201
0 0 12665
0 0 7006
0 0 11153
0 0 9743
0 0 15624
0 0 1212
0 0 6361
-1
-1
1 22127 22127
0 0 10613
-1
1 2906 2906
0 0 6344
-1
-1
-1
1 31764 31764
-1
1 13786 13786
0 0 5765
-1
1 9029 9029
0 0 1357
0 0 5322
0 0 1720
1 29395 29395
-1
-1
1 19338 19338
1 29335 29335
0 0 1395
-1
1 5257 5257
1 5388 5388
1 18590 18590
1 29659 29659
1 1399 1399
0 0 6218
0 0 4974
-1
0 0 2001
0 0 6392
-1
1 25524 25524
1 18207 18207
-1
1 13424 13424
0 0 12520
0 0 8353
-1
-1
-1
1 808 808
0 0 1666
0 0 1260
-1
1 46 46
0 0 1621
-1
0 0 8700
0 0 5179
0 0 5289
-1
-1
0 0 948
0 0 15693
0 0 12786
0 0 1615
1 29231 29231
0 0 10240
0 0 8988
-1
-1
-1
1 30345 30345
0 0 13163
1 14264 14264
0 0 3534
-1
-1
-1
-1
0 0 6618
1 24672 24672
1 15541 15541
-1
1 29348 29348
1 17164 17164
0 0 1654
1 31382 31382
-1
1 28983 28983
1 268 268
-1
-1
0 0 5582
0 0 9293
1 2830 2830
1 15151 15151
1 19353 19353
1 4322 4322
-1
0 0 5346
1 11694 11694
0 0 8632
0 0 15692
0 0 9332
1 11266 11266
1 21659 21659
-1
-1
-1
0 0 4347
0 0 3312
-1
1 10543 10543
1 24797 24797
-1
1 2622 2622
1 32520 32520
0 0 3703
0 0 14315
-1
1 1054 1054
0 0 9030
-1
0 0 13141
0 0 12837
0 0 10415
0 0 1234
-1
0 0 15366
-1
-1
-1
0 0 6017
0 0 2118
-1
0 0 10991
0 0 1338
0 0 6020
1 23126 23126
-1
1 10188 10188
0 0 6142
-1
0 0 15892
1 23318 23318
1 4319 4319
1 11341 11341
0 0 10995
1 22917 22917
-1
-1
1 26101 26101
-1
0 0 5403
-1
-1
0 0 12452
1 23285 23285
0 0 15568
0 0 10604
0 0 3227
1 10550 10550
-1
-1
1 15991 15991
-1
-1
-1
1 6512 6512
-1
1 21182 21182
-1
-1
1 13171 13171
1 27303 27303
-1
-1
0 0 5885
1 4669 4669
1 6877 6877
1 16834 16834
-1
1 32083 32083
0 0 8658
0 0 15346
1 7500 7500
-1
1 15685 15685
-1
0 0 12111
-1
0 0 1756
-1
-1
1 13362 13362
-1
1 27468 27468
-1
0 0 4461
1 5260 5260
1 12339 12339
-1
-1
-1
0 0 7261
-1
-1
1 31029 31029
-1
-1
-1
-1
0 0 13183
-1
0 0 7688
1 1289 1289
-1
0 0 10373
-1
-1
0 0 12956
-1
-1
0 0 15566
1 5814 5814
0 0 11321
0 0 12174
0 0 1375
-1
1 29610 29610
1 4442 4442
0 0 12386
-1
0 0 3591
1 32225 32225
-1
-1
1 16313 16313
1 13439 13439
-1
1 12253 12253
-1
1 19171 19171
-1
1 14460 14460
1 30347 30347
1 20257 20257
1 30564 30564
1 22860 22860
0 0 7002
0 0 9496
-1
0 0 5459
-1
1 21100 21100
1 29639 29639
-1
0 0 484
-1
1 12784 12784
-1
0 0 11878
1 1485 1485
0 0 3657
0 0 2313
0 0 3218
-1
-1
0 0 14772
1 15111 15111
1 22257 22257
-1
-1
-1
0 0 6668
0 0 6923
1 25978 25978
0 0 204
-1
1 10230 10230
-1
-1
1 29202 29202
1 3662 3662
1 12647 12647
1 17029 17029
1 10360 10360
-1
1 32278 32278
1 10393 10393
1 27736 27736
1 15568 15568
1 31373 31373
-1
1 4980 4980
-1
1 19376 19376
1 27142 27142
0 0 13883
-1
1 5769 5769
-1
1 4456 4456
-1
-1
0 0 7993
0 0 9501
0 0 2659
-1
-1
0 0 16288
0 0 12799
-1
1 7366 7366
-1
-1
1 30903 30903
1 27383 27383
0 0 8212
0 0 9208
0 0 2509
-1
0 0 4755
1 4255 4255
0 0 6833
0 0 14685
-1
0 0 11257
1 27156 27156
0 0 4088
0 0 13461
1 9453 9453
0 0 10476
0 0 11549
0 0 9105
-1
-1
0 0 14313
-1
-1
0 0 10107
1 28984 28984
1 17101 17101
1 14524 14524
0 0 9195
1 16302 16302
1 25163 25163
-1
0 0 8171
0 0 5597
1 7358 7358
0 0 3638
1 2391 2391
-1
1 9155 9155
0 0 10574
1 6617 6617
0 0 14595
-1
-1
1 1153 1153
-1
1 30843 30843
-1
0 0 588
0 0 14415
-1
-1
-1
0 0 2790
-1
0 0 10504
1 10740 10740
1 26700 26700
0 0 5079
-1
1 19710 19710
0 0 11456
0 0 12433
1 21992 21992
1 1543 1543
1 32273 32273
0 0 187
0 0 14872
-1
1 15463 15463
1 29547 29547
-1
0 0 7063
0 0 1433
-1
-1
0 0 14619
1 16357 16357
-1
1 2401 2401
-1
-1
1 29029 29029
1 20466 20466
0 0 3036
0 0 10448
0 0 1364
-1
0 0 3769
1 21986 21986
0 0 4243
1 8539 8539
0 0 13448
0 0 3518
1 29558 29558
-1
-1
1 6969 6969
0 0 14538
0 0 13885
0 0 14653
1 21408 21408
-1
1 30241 30241
0 0 11859
1 1921 1921
0 0 910
0 0 8340
0 0 9529
-1
1 31730 31730
0 0 2428
0 0 1717
0 0 5280
1 27756 27756
1 18295 18295
-1
0 0 583
1 1274 1274
-1
-1
-1
1 25200 25200
-1
1 21321 21321
0 0 15218
-1
1 18022 18022
1 19609 19609
0 0 15930
1 12374 12374
0 0 12614
1 13407 13407
0 0 13642
0 0 14704
-1
1 6525 6525
1 28723 28723
-1
-1
0 0 12860
-1
-1
1 24013 24013
-1
1 15868 15868
-1
1 17250 17250
1 23891 23891
0 0 10219
0 0 572
0 0 7748
-1
1 31124 31124
0 0 12135
0 0 9705
1 747 747
0 0 3706
-1
0 0 2281
0 0 1469
-1
0 0 8317
1 29602 29602
-1
1 17025 17025
-1
0 0 10415
1 15605 15605
1 3718 3718
1 11434 11434
-1
-1
1 29921 29921
0 0 10349
1 7968 7968
0 0 5502
1 1194 1194
1 7816 7816
1 244 244
-1
-1
0 0 14898
-1
1 9072 9072
1 16945 16945
0 0 9409
0 0 4464
0 0 6042
1 32496 32496
0 0 6124
0 0 9006
1 18028 18028
1 12320 12320
1 26310 26310
-1
-1
1 23721 23721
-1
0 0 5249
1 22092 22092
1 27580 27580
-1
0 0 12563
-1
-1
1 22008 22008
-1
0 0 983
0 0 2885
-1
0 0 16054
-1
1 29815 29815
1 32763 32763
1 29986 29986
0 0 10424
1 9807 9807
0 0 2788
-1
1 20327 20327
-1
1 24734 24734
1 31046 31046
0 0 7766
1 13585 13585
0 0 4730
1 7138 7138
0 0 9008
0 0 15653
0 0 9622
0 0 1834
1 13508 13508
-1
-1
1 32382 32382
-1
-1
1 20786 20786
1 6722 6722
-1
-1
-1
-1
-1
-1
-1
0 0 417
1 17456 17456
-1
0 0 15218
1 5853 5853
-1
1 31654 31654
-1
0 0 16358
0 0 14015
1 25365 25365
0 0 8035
-1
0 0 5204
-1
-1
0 0 13130
1 26524 26524
-1
0 0 4707
-1
0 0 14257
0 0 3420
-1
1 32400 32400
0 0 7313
-1
0 0 10312
1 26639 26639
-1
1 18816 18816
0 0 11159
1 20211 20211
1 10992 10992
0 0 4874
0 0 12298
0 0 1830
0 0 1090
-1
1 28827 28827
-1
-1
-1
1 14205 14205
-1
-1
-1
1 12123 12123
1 22276 22276
1 15892 15892
1 6442 6442
-1
-1
1 12048 12048
-1
-1
0 0 5934
1 3173 3173
1 19416 19416
1 3570 3570
0 0 2141
1 19711 19711
1 16716 16716
0 0 7333
-1
0 0 14968
-1
1 1177 1177
0 0 10970
-1
1 30468 30468
1 1620 1620
0 0 3675
-1
0 0 12201
-1
0 0 12056
-1
1 13455 13455
0 0 3634
0 0 8816
-1
1 20073 20073
-1
0 0 131
0 0 15875
-1
1 22539 22539
0 0 3955
0 0 14379
0 0 897
1 26392 26392
1 27979 27979
0 0 13621
1 22770 22770
0 0 12809
1 29693 29693
-1
1 17121 17121
0 0 11224
-1
-1
0 0 13225
1 2441 2441
1 7576 7576
1 6103 6103
1 24589 24589
-1
-1
1 18893 18893
-1
-1
-1
1 21221 21221
0 0 6245
1 1081 1081
0 0 16027
-1
0 0 407
-1
1 1392 1392
1 17466 17466
0 0 9678
-1
1 15106 15106
0 0 1558
0 0 14553
1 17095 17095
0 0 3052
-1
0 0 11685
0 0 1615
1 18787 18787
0 0 1118
1 31500 31500
1 30075 30075
-1
0 0 5557
1 28378 28378
-1
1 30960 30960
-1
1 11872 11872
-1
1 28135 28135
-1
1 18829 18829
-1
0 0 4414
1 23246 23246
0 0 7050
-1
-1
-1
1 13035 13035
-1
-1
0 0 3268
1 11468 11468
0 0 84
1 3649 3649
0 0 8057
1 18104 18104
-1
-1
1 10401 10401
-1
1 1385 1385
0 0 5947
0 0 6886
-1
1 20547 20547
1 32569 32569
0 0 14122
0 0 7568
0 0 2854
1 13198 13198
0 0 13980
-1
-1
0 0 3852
0 0 11663
-1
1 23266 23266
1 18813 18813
1 30929 30929
0 0 2837
0 0 7376
0 0 12145
1 14781 14781
1 27521 27521
-1
1 7288 7288
-1
1 28262 28262
0 0 5241
1 23532 23532
-1
-1
0 0 6729
0 0 5241
1 13888 13888
1 23466 23466
1 5167 5167
-1
0 0 3414
1 5145 5145
1 8200 8200
0 0 1490
-1
-1
-1
0 0 11942
1 17846 17846
-1
1 3042 3042
1 20865 20865
-1
-1
0 0 12587
1 28557 28557
1 21513 21513
1 20240 20240
-1
0 0 9182
1 28022 28022
-1
0 0 7022
1 31201 31201
1 929 929
0 0 7066
0 0 7964
-1
-1
-1
0 0 1344
-1
-1
-1
-1
1 7017 7017
-1
1 30372 30372
-1
-1
0 0 6379
1 30595 30595
0 0 1663
-1
1 9256 9256
-1
1 22289 22289
0 0 13102
1 4013 4013
1 14522 14522
-1
-1
-1
1 22410 22410
-1
0 0 15270
0 0 13983
0 0 8842
0 0 3790
0 0 13859
1 22104 22104
0 0 14305
1 30324 30324
-1
1 19397 19397
1 28604 28604
0 0 5201
1 18460 18460
0 0 242
1 17776 17776
1 10509 10509
-1
1 30399 30399
0 0 5129
0 0 15548
-1
1 31868 31868
1 25624 25624
-1
-1
0 0 10741
-1
1 20710 20710
0 0 9529
-1
0 0 5567
-1
1 24943 24943
-1
0 0 13905
-1
1 8095 8095
-1
-1
0 0 11686
-1
-1
1 13541 13541
-1
1 14077 14077
1 6751 6751
0 0 7279
1 22560 22560
1 13544 13544
-1
0 0 4469
1 11405 11405
1 16514 16514
-1
-1
0 0 14537
1 15217 15217
0 0 9215
-1
-1
1 27746 27746
0 0 12286
0 0 12379
0 0 841
-1
-1
1 7960 7960
0 0 1355
-1
1 1457 1457
1 29989 29989
0 0 15909
1 27073 27073
1 3518 3518
1 19272 19272
0 0 11319
0 0 9894
0 0 12253
-1
-1
0 0 9082
0 0 5108
1 31055 31055
-1
1 13310 13310
0 0 1882
-1
-1
-1
-1
-1
1 14478 14478
0 0 8240
0 0 15039
0 0 4152
0 0 422
-1
0 0 14530
-1
0 0 10070
-1
0 0 1178
0 0 5304
-1
0 0 14904
1 7984 7984
0 0 14866
-1
0 0 6180
0 0 4250
-1
-1
-1
-1
0 0 15934
0 0 2501
0 0 9148
-1
1 6794 6794
-1
0 0 9230
1 7345 7345
0 0 15026
-1
0 0 1494
1 1730 1730
1 21485 21485
-1
-1
0 0 3105
0 0 5345
1 21889 21889
1 16218 16218
1 15946 15946
1 13776 13776
-1
-1
-1
1 12476 12476
-1
1 17717 17717
1 28176 28176
1 2936 2936
0 0 3595
-1
0 0 2458
-1
-1
-1
0 0 1111
1 9322 9322
-1
0 0 2614
1 3023 3023
-1
-1
-1
-1
-1
-1
-1
0 0 15412
1 9336 9336
1 23120 23120
-1
-1
0 0 10688
0 0 5197
0 0 3631
1 1851 1851
0 0 8487
0 0 6974
1 12623 12623
0 0 2757
-1
-1
-1
-1
-1
1 7163 7163
0 0 12725
0 0 6490
-1
0 0 741
0 0 15153
1 18373 18373
-1
0 0 1099
0 0 11928
0 0 3268
-1
0 0 14010
1 8839 8839
1 18741 18741
1 28440 28440
-1
0 0 4492
1 31269 31269
1 31684 31684
0 0 11604
0 0 6672
0 0 5674
-1
-1
0 0 11499
0 0 4979
0 0 4516
1 27860 27860
1 3584 3584
-1
0 0 16289
0 0 9326
0 0 2864
-1
-1
1 27042 27042
-1
0 0 7145
1 12345 12345
1 18673 18673
-1
-1
0 0 183
1 3328 3328
0 0 6039
1 492 492
1 15073 15073
0 0 1394
1 1510 1510
0 0 8117
1 26585 26585
1 22811 22811
1 13671 13671
0 0 2195
1 10592 10592
-1
1 25613 25613
-1
1 29893 29893
-1
-1
0 0 6145
1 25114 25114
1 8155 8155
0 0 7978
-1
0 0 1371
-1
0 0 6176
-1
0 0 15322
0 0 8732
-1
1 4688 4688
-1
0 0 15023
-1
1 22986 22986
-1
1 27945 27945
-1
0 0 6560
0 0 2176
1 26418 26418
1 32116 32116
-1
-1
1 22265 22265
1 13618 13618
-1
-1
0 0 3377
-1
1 44 44
-1
0 0 7707
-1
1 7142 7142
-1
1 18079 18079
0 0 8532
-1
-1
1 9645 9645
0 0 15553
0 0 10634
1 379 379
0 0 3305
0 0 6416
1 18449 18449
-1
-1
1 22426 22426
0 0 2675
-1
1 2093 2093
-1
1 30452 30452
-1
1 4027 4027
1 29317 29317
-1
0 0 10385
-1
-1
-1
-1
1 31021 31021
1 566 566
0 0 4118
1 10234 10234
1 17988 17988
-1
1 2319 2319
0 0 15869
0 0 11334
1 16100 16100
-1
-1
0 0 5837
1 747 747
1 1024 1024
0 0 10462
0 0 14067
1 12546 12546
0 0 12750
-1
-1
0 0 2929
-1
1 144 144
1 10121 10121
1 326 326
-1
0 0 5955
-1
0 0 312
1 30170 30170
1 8668 8668
1 29184 29184
1 18597 18597
1 10531 10531
0 0 10275
0 0 2774
-1
1 20990 20990
-1
1 2073 2073
1 24660 24660
-1
0 0 14152
1 9208 9208
0 0 630
0 0 619
-1
0 0 8560
-1
0 0 12114
0 0 15282
1 20431 20431
-1
1 29346 29346
-1
-1
0 0 859
0 0 9162
0 0 9861
-1
0 0 8962
0 0 1263
0 0 15405
1 496 496
1 22802 22802
1 5641 5641
-1
1 22555 22555
1 28360 28360
0 0 2466
0 0 2004
1 8082 8082
-1
0 0 3825
-1
0 0 6164
0 0 689
0 0 235
1 779 779
1 13462 13462
0 0 6038
0 0 669
1 20822 20822
1 15607 15607
0 0 13620
1 17102 17102
-1
1 24906 24906
-1
0 0 2616
0 0 6905
-1
1 1710 1710
-1
-1
0 0 8733
1 10429 10429
0 0 784
0 0 2364
0 0 14438
-1
0 0 6674
1 6759 6759
-1
0 0 1583
-1
1 4782 4782
-1
-1
-1
-1
1 32328 32328
0 0 7991
1 5794 5794
0 0 844
0 0 9473
1 19221 19221
-1
-1
0 0 11486
-1
0 0 6903
0 0 6461
0 0 13949
1 29102 29102
-1
0 0 10077
1 5155 5155
1 27879 27879
0 0 11348
0 0 3950
-1
-1
0 0 11758
1 15552 15552
0 0 14755
1 24954 24954
0 0 4694
-1
-1
0 0 15193
-1
1 5891 5891
1 6966 6966
0 0 6759
-1
-1
0 0 7449
-1
-1
1 7850 7850
1 24124 24124
1 5017 5017
1 15180 15180
1 19431 19431
-1
-1
0 0 204
-1
1 3304 3304
0 0 3431
1 11487 11487
1 21619 21619
0 0 14590
-1
1 29101 29101
0 0 3065
-1
1 10148 10148
-1
-1
0 0 3097
1 16908 16908
-1
-1
-1
1 10126 10126
1 14049 14049
0 0 5130
1 4295 4295
-1
-1
-1
-1
0 0 13345
0 0 14820
0 0 9658
0 0 7698
-1
1 24637 24637
0 0 1952
0 0 1252
-1
0 0 12547
-1
1 24827 24827
0 0 10714
0 0 3690
1 3392 3392
1 11694 11694
-1
0 0 15548
0 0 13558
1 31797 31797
-1
0 0 12339
1 6053 6053
-1
0 0 13813
-1
0 0 9063
0 0 2176
1 26560 26560
1 15406 15406
0 0 2250
-1
1 11736 11736
-1
-1
0 0 15460
-1
1 2986 2986
1 31348 31348
-1
-1
0 0 2991
-1
1 13118 13118
0 0 14119
1 17558 17558
1 15848 15848
-1
1 23585 23585
-1
-1
-1
-1
0 0 9079
1 981 981
1 30186 30186
1 5926 5926
-1
0 0 4845
1 15901 15901
-1
-1
1 97 97
0 0 12865
0 0 1230
0 0 15763
0 0 12540
0 0 3728
-1
1 6943 6943
1 17393 17393
1 15582 15582
0 0 14781
0 0 5652
1 10467 10467
-1
0 0 16071
-1
-1
0 0 5219
-1
-1
0 0 11697
0 0 15578
-1
1 13600 13600
-1
1 12361 12361
1 32384 32384
-1
-1
-1
1 26002 26002
-1
1 21608 21608
0 0 1241
0 0 12392
0 0 5186
0 0 9654
1 31853 31853
0 0 6590
0 0 13038
0 0 15996
0 0 13513
-1
0 0 8144
1 32706 32706
1 20112 20112
0 0 16219
1 26336 26336
-1
1 21172 21172
1 21463 21463
0 0 1765
1 11584 11584
1 14771 14771
0 0 6984
0 0 4380
-1
-1
0 0 7068
-1
0 0 9460
0 0 13825
0 0 8530
-1
0 0 10100
1 13104 13104
-1
-1
0 0 8193
1 10734 10734
1 21187 21187
1 801 801
0 0 15205
-1
-1
1 12553 12553
0 0 7946
0 0 3855
1 12035 12035
-1
1 16508 16508
0 0 8007
0 0 12036
1 29970 29970
1 1760 1760
1 10629 10629
-1
1 17787 17787
0 0 881
1 4796 4796
-1
-1
0 0 8374
0 0 6566
-1
0 0 7305
1 28965 28965
0 0 13852
-1
-1
0 0 9342
1 30946 30946
-1
0 0 9495
1 17062 17062
0 0 6345
0 0 108
-1
0 0 16012
0 0 12025
0 0 1499
1 4747 4747
-1
-1
1 14535 14535
0 0 15789
1 4482 4482
0 0 7734
-1
1 5668 5668
0 0 2846
-1
-1
-1
-1
0 0 6717
0 0 1453
-1
1 31834 31834
1 13 13
0 0 16320
-1
-1
-1
-1
0 0 10530
1 12748 12748
0 0 8622
0 0 13050
-1
1 5646 5646
1 12619 12619
1 21008 21008
-1
1 14135 14135
0 0 9348
1 10580 10580
0 0 2032
-1
-1
1 22638 22638
1 19318 19318
-1
1 32031 32031
-1
1 32286 32286
0 0 3284
0 0 6502
-1
-1
1 29130 29130
-1
-1
-1
1 32022 32022
0 0 1044
1 4121 4121
1 29346 29346
0 0 10942
1 22530 22530
0 0 12134
1 12645 12645
0 0 4379
0 0 15795
-1
0 0 203
1 1596 1596
1 32296 32296
1 13551 13551
-1
1 7885 7885
1 22647 22647
-1
1 23728 23728
1 4589 4589
-1
-1
0 0 10548
0 0 5744
1 12675 12675
0 0 2709
-1
-1
0 0 4750
0 0 5123
1 3648 3648
0 0 15707
0 0 6013
1 23352 23352
0 0 8516
-1
1 19141 19141
1 8357 8357
1 21263 21263
0 0 15720
1 24456 24456
-1
0 0 11840
1 31067 31067
0 0 4377
-1
0 0 12376
0 0 6651
1 2074 2074
0 0 5374
-1
-1
0 0 9402
0 0 16266
0 0 9377
0 0 2198
1 29662 29662
0 0 10702
-1
0 0 12332
1 3285 3285
-1
-1
1 12728 12728
0 0 8735
-1
-1
-1
-1
1 8380 8380
0 0 14196
0 0 7310
1 16621 16621
0 0 8641
0 0 14082
-1
-1
-1
0 0 7612
1 7970 7970
0 0 5097
0 0 9754
-1
1 26439 26439
0 0 8252
1 24130 24130
0 0 4342
1 32714 32714
-1
1 18964 18964
-1
1 7159 7159
0 0 15917
-1
0 0 16336
0 0 13742
1 23353 23353
0 0 14716
1 3566 3566
-1
0 0 15311
1 5200 5200
1 25651 25651
1 13916 13916
-1
0 0 2683
0 0 11951
0 0 2164
1 9231 9231
0 0 14155
1 24961 24961
1 18831 18831
0 0 13679
-1
0 0 4136
1 22195 22195
1 20922 20922
1 9102 9102
0 0 11731
0 0 14589
1 4224 4224
-1
1 16897 16897
-1
-1
-1
0 0 11392
0 0 6257
0 0 9107
-1
1 30701 30701
0 0 1362
0 0 5146
0 0 14417
1 21038 21038
1 3021 3021
-1
1 16975 16975
1 4562 4562
-1
1 6239 6239
0 0 3445
0 0 261
0 0 11839
-1
0 0 739
1 18860 18860
0 0 4133
1 14456 14456
-1
-1
-1
0 0 6307
-1
0 0 2524
1 8739 8739
-1
-1
0 0 3649
1 19340 19340
0 0 3493
-1
-1
1 30665 30665
1 9193 9193
1 27380 27380
0 0 3084
-1
0 0 15002
1 2254 2254
-1
-1
0 0 5198
1 15501 15501
1 3155 3155
0 0 8344
1 26611 26611
1 30626 30626
0 0 12695
-1
0 0 14328
0 0 15040
1 12108 12108
-1
1 8883 8883
0 0 12560
0 0 16052
-1
0 0 5403
0 0 2112
1 22883 22883
-1
1 10977 10977
1 16671 16671
0 0 9314
1 16631 16631
0 0 764
-1
0 0 10906
-1
0 0 5653
0 0 13018
-1
1 8769 8769
1 4 4
-1
1 12188 12188
0 0 4210
0 0 9277
-1
0 0 12813
-1
1 13159 13159
1 27814 27814
-1
-1
-1
1 23857 23857
1 1616 1616
-1
1 10605 10605
-1
-1
0 0 12962
0 0 1173
1 23428 23428
1 7708 7708
-1
-1
0 0 10056
1 26815 26815
-1
0 0 2130
0 0 2848
-1
0 0 13343
0 0 1260
0 0 6750
0 0 11666
0 0 12910
-1
1 18362 18362
0 0 471
1 18059 18059
0 0 16140
1 7915 7915
-1
1 6001 6001
1 17526 17526
-1
-1
-1
-1
0 0 9447
0 0 7715
0 0 7018
0 0 1205
1 24958 24958
1 17852 17852
-1
0 0 5398
0 0 12590
-1
0 0 1604
-1
-1
0 0 13256
-1
-1
-1
-1
0 0 6954
-1
-1
-1
-1
0 0 1443
-1
0 0 2303
0 0 15134
1 15183 15183
-1
-1
1 19767 19767
0 0 6560
0 0 4525
0 0 8292
1 646 646
-1
1 79 79
1 22244 22244
0 0 6303
0 0 12648
1 26918 26918
1 20519 20519
1 21941 21941
-1
1 10058 10058
0 0 8478
1 15366 15366
0 0 4324
-1
1 18425 18425
0 0 16200
0 0 3207
1 16555 16555
1 15311 15311
0 0 2618
1 22066 22066
0 0 9447
1 603 603
-1
1 4043 4043
-1
1 25816 25816
0 0 5846
-1
1 16853 16853
-1
0 0 10445
0 0 15971
-1
0 0 5226
-1
1 28370 28370
1 22575 22575
1 8835 8835
0 0 10058
-1
0 0 8484
1 3458 3458
1 19538 19538
1 18018 18018
-1
0 0 5089
0 0 13158
1 28265 28265
0 0 2762
0 0 366
-1
0 0 3340
1 11502 11502
-1
-1
1 17708 17708
-1
1 13089 13089
0 0 783
0 0 11169
0 0 9535
-1
0 0 13992
1 22114 22114
0 0 16057
-1
-1
0 0 5303
0 0 12890
-1
1 20581 20581
-1
0 0 4854
0 0 14415
-1
-1
1 19400 19400
1 19661 19661
1 22605 22605
0 0 139
0 0 9787
-1
1 10503 10503
1 21052 21052
0 0 4118
-1
1 23052 23052
-1
-1
1 1250 1250
0 0 11236
0 0 923
-1
1 4494 4494
-1
0 0 3961
1 30278 30278
0 0 5639
0 0 9585
-1
0 0 509
0 0 12390
0 0 14900
1 901 901
1 20344 20344
1 21204 21204
1 8184 8184
1 22810 22810
-1
1 26200 26200
0 0 15911
0 0 8748
1 29324 29324
-1
0 0 6263
1 14811 14811
0 0 7267
1 14160 14160
1 31905 31905
-1
-1
1 24923 24923
0 0 12791
0 0 14268
-1
1 19217 19217
-1
0 0 13531
1 15600 15600
1 19416 19416
1 31576 31576
0 0 11198
-1
0 0 9628
1 5086 5086
-1
-1
0 0 11696
1 26066 26066
0 0 11996
1 16035 16035
1 25507 25507
1 15379 15379
0 0 13752
1 21785 21785
-1
0 0 1825
1 19511 19511
0 0 9729
-1
1 8007 8007
0 0 1428
1 16468 16468
1 4045 4045
1 11213 11213
-1
1 5646 5646
1 30708 30708
1 10433 10433
-1
1 16048 16048
1 2409 2409
1 4567 4567
1 16751 16751
0 0 2015
-1
-1
0 0 11704
-1
1 29063 29063
1 7 7
0 0 449
0 0 13859
0 0 14839
-1
-1
1 348 348
-1
1 29247 29247
1 17550 17550
-1
1 18010 18010
1 31552 31552
0 0 12877
1 16535 16535
-1
0 0 14419
1 21981 21981
0 0 7672
0 0 13244
-1
0 0 2414
1 10438 10438
0 0 15873
-1
-1
0 0 4958
0 0 10609
1 27168 27168
-1
-1
0 0 7746
0 0 10218
1 13754 13754
0 0 475
-1
1 29665 29665
0 0 14605
-1
-1
0 0 10003
-1
1 30545 30545
1 21080 21080
-1
1 28464 28464
1 13600 13600
0 0 8140
1 13243 13243
0 0 5441
-1
1 10459 10459
-1
1 22461 22461
-1
1 31461 31461
0 0 15099
0 0 435
1 9595 9595
0 0 14160
1 4972 4972
1 4461 4461
0 0 7377
0 0 4557
-1
-1
-1
0 0 9538
0 0 16182
-1
-1
-1
-1
0 0 2585
0 0 15602
1 30117 30117
1 1065 1065
1 11819 11819
0 0 7575
-1
1 13897 13897
1 25716 25716
0 0 11551
0 0 1455
1 25319 25319
1 27602 27602
1 10997 10997
1 7503 7503
1 9749 9749
0 0 10487
1 16695 16695
1 22862 22862
1 7466 7466
-1
-1
1 19977 19977
0 0 10913
1 11373 11373
0 0 8833
-1
1 18873 18873
-1
0 0 629
1 4252 4252
1 29364 29364
-1
-1
1 12163 12163
0 0 12748
-1
1 12292 12292
1 20037 20037
1 31121 31121
1 3825 3825
0 0 11926
-1
-1
-1
0 0 11975
-1
0 0 159
-1
-1
-1
1 8347 8347
1 16250 16250
1 27293 27293
1 8975 8975
0 0 1711
-1
0 0 7343
1 25629 25629
-1
0 0 1288
1 23687 23687
0 0 8181
0 0 12013
0 0 356
-1
1 16178 16178
0 0 12461
0 0 2854
-1
1 848 848
-1
1 30011 30011
-1
-1
0 0 13290
1 3738 3738
1 11645 11645
1 27069 27069
1 22705 22705
0 0 10535
1 25770 25770
-1
0 0 15231
0 0 467
0 0 6202
0 0 9463
0 0 11
1 7121 7121
0 0 5700
-1
1 1946 1946
1 15456 15456
1 25 25
0 0 4720
0 0 757
0 0 6374
-1
0 0 4600
1 30382 30382
0 0 761
0 0 3457
-1
1 1873 1873
-1
1 1232 1232
-1
0 0 10944
-1
0 0 1025
1 576 576
1 15791 15791
1 31402 31402
1 5857 5857
1 27513 27513
-1
-1
1 9777 9777
0 0 5362
0 0 10068
1 5349 5349
1 9154 9154
-1
-1
1 14661 14661
1 31970 31970
0 0 7008
0 0 3602
-1
0 0 6771
-1
1 23765 23765
0 0 7039
0 0 1493
1 11534 11534
-1
-1
1 13319 13319
1 20912 20912
0 0 5670
0 0 2713
0 0 3375
0 0 3493
0 0 187
-1
-1
-1
1 16795 16795
0 0 11079
0 0 1162
-1
1 23125 23125
0 0 12019
-1
0 0 15745
-1
-1
1 8225 8225
0 0 5732
-1
1 10124 10124
1 6675 6675
0 0 5327
-1
-1
-1
0 0 14369
1 26361 26361
-1
0 0 13206
-1
0 0 15038
0 0 2822
1 20945 20945
-1
1 13640 13640
0 0 12795
0 0 9028
0 0 2627
-1
0 0 13795
-1
-1
-1
-1
0 0 14766
1 18512 18512
-1
0 0 4069
-1
-1
0 0 3084
-1
1 14622 14622
-1
-1
1 10818 10818
1 13709 13709
0 0 9046
-1
0 0 686
0 0 8640
-1
1 31309 31309
1 6556 6556
0 0 11724
1 27643 27643
1 10852 10852
0 0 3507
0 0 14141
1 10519 10519
0 0 9088
0 0 12610
1 19278 19278
0 0 13422
1 28157 28157
0 0 9813
-1
-1
0 0 12731
1 12267 12267
-1
-1
1 8274 8274
-1
0 0 13219
-1
-1
-1
-1
-1
1 8843 8843
1 16229 16229
1 11843 11843
0 0 11968
-1
0 0 14735
0 0 4731
-1
0 0 14597
-1
-1
0 0 5035
-1
-1
1 25892 25892
0 0 6874
-1
1 2289 2289
0 0 10520
-1
1 30484 30484
0 0 11216
-1
1 20560 20560
-1
1 3118 3118
1 14797 14797
0 0 16046
0 0 11090
1 2582 2582
1 6281 6281
1 2606 2606
1 19947 19947
0 0 7260
1 19635 19635
0 0 14083
-1
1 13783 13783
-1
0 0 2789
1 23932 23932
0 0 3085
0 0 5228
-1
-1
0 0 8391
-1
-1
0 0 8838
0 0 8465
0 0 13880
-1
-1
1 18986 18986
0 0 15197
0 0 16316
1 15236 15236
1 11485 11485
0 0 761
1 20668 20668
0 0 13779
1 29399 29399
0 0 4168
1 17858 17858
1 17413 17413
0 0 15948
0 0 521
-1
1 2831 2831
0 0 6785
1 27511 27511
0 0 10015
1 32247 32247
1 21471 21471
-1
-1
0 0 6041
1 12377 12377
-1
1 11949 11949
0 0 14974
-1
0 0 13599
1 28807 28807
1 26580 26580
-1
0 0 4228
1 26377 26377
-1
1 31368 31368
0 0 12411
-1
1 26874 26874
0 0 14398
1 7838 7838
1 12687 12687
-1
1 22083 22083
0 0 15567
1 23922 23922
-1
1 994 994
1 792 792
0 0 10590
-1
0 0 14624
0 0 2583
-1
0 0 5395
1 3496 3496
1 13451 13451
0 0 13479
-1
-1
0 0 2157
0 0 459
1 22392 22392
1 7354 7354
1 333 333
1 15938 15938
-1
0 0 14391
0 0 4107
0 0 13078
1 18400 18400
1 17989 17989
-1
0 0 2666
0 0 10932
0 0 10366
-1
-1
0 0 2643
0 0 15067
1 3920 3920
-1
1 25355 25355
1 3709 3709
0 0 5291
-1
1 23374 23374
-1
-1
0 0 2947
-1
-1
1 25989 25989
0 0 16274
1 3486 3486
-1
1 9416 9416
-1
-1
1 18898 18898
-1
1 26301 26301
1 16793 16793
1 30578 30578
-1
1 30417 30417
0 0 6553
1 14336 14336
1 29763 29763
0 0 6192
1 389 389
1 7615 7615
0 0 7854
1 23759 23759
0 0 1298
1 982 982
0 0 11583
0 0 2772
-1
0 0 12393
-1
1 24345 24345
-1
1 10531 10531
-1
1 21107 21107
1 29574 29574
1 16795 16795
1 22712 22712
-1
-1
1 498 498
1 24501 24501
1 29918 29918
0 0 10161
-1
0 0 8374
1 7879 7879
1 24757 24757
1 5777 5777
0 0 493
-1
1 10950 10950
-1
1 31361 31361
-1
0 0 5540
1 28044 28044
-1
0 0 3876
0 0 666
1 23854 23854
-1
1 10434 10434
0 0 14240
-1
1 28164 28164
0 0 5729
0 0 6456
1 27401 27401
-1
0 0 9519
1 14467 14467
-1
0 0 9561
-1
1 10880 10880
-1
1 15379 15379
1 5108 5108
0 0 3993
0 0 7158
0 0 13136
1 24782 24782
0 0 11477
1 7532 7532
0 0 14845
-1
-1
-1
-1
1 27482 27482
-1
0 0 10887
-1
-1
-1
0 0 10070
-1
0 0 16041
-1
-1
-1
-1
-1
1 15206 15206
-1
1 30417 30417
-1
-1
0 0 16256
-1
-1
-1
-1
-1
0 0 3000
-1
-1
-1
0 0 12376
-1
-1
-1
-1
-1
1 6709 6709
0 0 3823
0 0 128
0 0 5802
0 0 5854
-1
1 8267 8267
1 27684 27684
-1
-1
1 32452 32452
0 0 14749
1 24901 24901
1 10531 10531
0 0 14040
-1
0 0 5049
-1
1 5149 5149
-1
-1
0 0 13406
1 11607 11607
0 0 3701
-1
-1
0 0 11193
1 13655 13655
-1
0 0 2023
1 29124 29124
0 0 557
1 17507 17507
0 0 11240
0 0 1460
-1
0 0 15287
1 32305 32305
-1
0 0 13607
0 0 2829
0 0 1074
0 0 14194
0 0 15205
-1
1 26117 26117
1 2116 2116
1 14837 14837
1 4781 4781
1 19279 19279
1 3338 3338
1 23886 23886
1 13960 13960
-1
0 0 4689
-1
-1
0 0 12806
0 0 1695
1 253 253
-1
-1
-1
0 0 8484
0 0 7164
-1
1 810 810
0 0 3411
0 0 10071
-1
0 0 4248
0 0 8263
-1
0 0 15387
0 0 8023
0 0 171
-1
0 0 13915
-1
1 21436 21436
0 0 12022
-1
-1
0 0 15661
-1
0 0 8470
-1
0 0 6941
-1
0 0 1766
1 21335 21335
-1
0 0 14754
0 0 16001
0 0 13552
-1
0 0 6425
1 20158 20158
0 0 9410
1 16339 16339
-1
1 20242 20242
-1
1 8739 8739
-1
-1
1 24418 24418
0 0 1808
-1
1 15481 15481
-1
0 0 12243
1 26226 26226
1 25061 25061
1 16913 16913
0 0 2363
1 19444 19444
1 27542 27542
1 7261 7261
0 0 14936
0 0 1558
0 0 2665
0 0 7548
1 26976 26976
0 0 7599
1 29957 29957
1 22937 22937
-1
-1
-1
1 32699 32699
0 0 16085
-1
-1
-1
0 0 293
1 27197 27197
0 0 9738
0 0 288
0 0 11315
1 9175 9175
1 5260 5260
-1
1 24822 24822
1 18814 18814
-1
-1
-1
1 12304 12304
0 0 13199
1 28494 28494
-1
1 9708 9708
0 0 2097
0 0 2738
-1
-1
-1
1 8901 8901
1 31783 31783
0 0 14285
-1
-1
0 0 8120
1 6723 6723
1 27123 27123
0 0 6155
1 5192 5192
1 32480 32480
-1
0 0 3140
1 23399 23399
0 0 3699
-1
-1
0 0 3445
1 25681 25681
0 0 3501
1 6402 6402
0 0 4199
0 0 13836
1 17416 17416
0 0 9296
0 0 6845
1 14530 14530
1 22458 22458
0 0 14829
0 0 12057
0 0 2407
-1
-1
1 12197 12197
-1
1 5496 5496
0 0 91
-1
-1
0 0 4258
-1
0 0 9644
0 0 3484
1 16532 16532
-1
-1
-1
1 6818 6818
-1
1 4290 4290
0 0 10772
1 32587 32587
-1
1 28045 28045
1 9553 9553
-1
0 0 14539
1 7757 7757
0 0 14583
-1
-1
1 26983 26983
1 19620 19620
1 6574 6574
-1
-1
-1
-1
0 0 9981
1 15294 15294
0 0 769
1 18646 18646
1 25682 25682
-1
-1
1 10544 10544
0 0 4653
-1
-1
1 1830 1830
-1
0 0 735
-1
1 12723 12723
-1
-1
-1
1 7931 7931
0 0 14775
0 0 2186
-1
-1
1 16868 16868
0 0 7355
0 0 13852
0 0 9848
1 21365 21365
1 14957 14957
0 0 11371
0 0 11788
0 0 2061
1 3271 3271
-1
0 0 2035
1 31251 31251
-1
-1
0 0 2010
1 15457 15457
-1
1 28749 28749
1 30969 30969
0 0 9382
-1
-1
0 0 7401
-1
-1
-1
0 0 15810
1 5992 5992
-1
0 0 9764
0 0 3705
-1
-1
1 9930 9930
0 0 7826
1 32489 32489
-1
1 310 310
0 0 10982
-1
0 0 1886
0 0 13053
0 0 13020
1 11926 11926
1 3973 3973
0 0 12677
1 11105 11105
1 3283 3283
1 32712 32712
-1
-1
0 0 7353
-1
0 0 812
-1
-1
0 0 6282
1 29839 29839
0 0 15159
0 0 13154
-1
0 0 1020
0 0 15861
0 0 6028
1 21804 21804
1 29082 29082
1 2441 2441
0 0 264
-1
1 23805 23805
0 0 5132
1 14311 14311
-1
1 26285 26285
0 0 15557
0 0 5517
1 23398 23398
0 0 4446
0 0 14779
0 0 9079
-1
-1
-1
0 0 4853
-1
-1
0 0 5150
1 16470 16470
0 0 12481
1 5887 5887
0 0 12156
-1
-1
0 0 3966
-1
-1
1 5969 5969
0 0 244
-1
1 13865 13865
-1
1 10602 10602
1 31294 31294
0 0 4106
1 4716 4716
0 0 12822
1 15006 15006
0 0 11377
1 19612 19612
-1
0 0 3993
1 23542 23542
0 0 1393
0 0 16161
1 9942 9942
-1
-1
-1
-1
1 19785 19785
0 0 13184
-1
1 17507 17507
0 0 13905
1 187 187
-1
0 0 10394
1 17781 17781
-1
1 19701 19701
-1
-1
0 0 15640
1 25533 25533
0 0 6589
1 541 541
1 10918 10918
-1
-1
1 24876 24876
-1
0 0 9889
-1
1 32038 32038
-1
0 0 2899
1 9835 9835
0 0 3176
0 0 14789
0 0 10592
-1
1 15543 15543
1 3272 3272
-1
0 0 15095
-1
0 0 8963
0 0 10757
0 0 6914
1 9010 9010
1 3184 3184
-1
0 0 2091
-1
-1
0 0 9371
1 31505 31505
-1
1 8397 8397
0 0 5452
0 0 8385
1 11577 11577
0 0 5634
1 4760 4760
-1
0 0 3552
1 13293 13293
1 20905 20905
1 10128 10128
1 20927 20927
1 26527 26527
0 0 9314
1 26112 26112
1 4062 4062
1 24093 24093
-1
1 729 729
1 20235 20235
0 0 9316
0 0 1609
1 8351 8351
0 0 1917
-1
1 10313 10313
0 0 766
-1
0 0 12694
1 22293 22293
-1
0 0 15453
0 0 4112
-1
1 9687 9687
-1
-1
0 0 9425
-1
-1
0 0 4070
1 17545 17545
1 27013 27013
-1
-1
-1
1 2226 2226
0 0 1024
-1
-1
0 0 7474
0 0 8457
0 0 3614
-1
0 0 5152
0 0 11526
-1
0 0 12680
1 13330 13330
1 10500 10500
1 19792 19792
0 0 9549
-1
1 4050 4050
1 5087 5087
1 25404 25404
-1
-1
0 0 9183
0 0 8146
0 0 8668
0 0 11035
0 0 10868
0 0 8772
-1
1 24787 24787
1 5303 5303
-1
0 0 6638
-1
-1
1 27562 27562
0 0 5608
1 22525 22525
1 5030 5030
0 0 3570
0 0 4629
1 5545 5545
-1
1 11671 11671
1 14807 14807
-1
1 19000 19000
1 8455 8455
-1
1 9667 9667
-1
0 0 4033
0 0 11839
1 1130 1130
-1
1 476 476
1 24191 24191
1 5263 5263
-1
-1
1 27872 27872
1 27001 27001
0 0 2589
0 0 11515
0 0 14175
0 0 5657
0 0 1010
0 0 1208
0 0 4909
0 0 11524
-1
1 3376 3376
-1
1 4880 4880
1 29952 29952
0 0 7821
-1
-1
-1
1 6041 6041
-1
0 0 3559
-1
1 14361 14361
0 0 9896
-1
-1
1 23945 23945
0 0 13366
-1
1 18390 18390
-1
0 0 13923
0 0 16280
1 29536 29536
-1
1 153 153
0 0 3425
1 30698 30698
0 0 7954
0 0 7331
-1
0 0 15786
1 5777 5777
1 5592 5592
-1
0 0 10293
1 1757 1757
0 0 1209
1 18007 18007
1 18773 18773
-1
-1
1 4916 4916
0 0 3346
-1
0 0 15123
0 0 715
1 19278 19278
1 24557 24557
0 0 11362
1 2497 2497
1 15398 15398
-1
-1
-1
0 0 6837
0 0 10396
-1
-1
1 3004 3004
-1
-1
-1
0 0 10509
0 0 12964
-1
0 0 11294
0 0 3640
1 16413 16413
0 0 10468
1 3842 3842
-1
-1
1 27598 27598
0 0 13978
-1
1 21295 21295
0 0 8989
0 0 1336
-1
0 0 11044
0 0 13153
0 0 12684
0 0 13145
1 12465 12465
0 0 4769
1 30422 30422
0 0 3789
-1
0 0 795
1 30482 30482
0 0 10061
-1
0 0 4768
0 0 701
1 6613 6613
0 0 13130
0 0 6099
-1
-1
0 0 12046
1 28368 28368
0 0 13807
-1
1 24758 24758
-1
1 19214 19214
1 21169 21169
-1
0 0 13927
0 0 6630
-1
1 19928 19928
-1
0 0 10574
-1
-1
-1
0 0 1442
0 0 6039
1 19859 19859
1 18554 18554
0 0 5032
0 0 1506
-1
-1
1 5263 5263
0 0 13026
-1
1 19897 19897
0 0 6600
1 13140 13140
0 0 2828
-1
1 13871 13871
-1
0 0 7728
-1
1 3586 3586
-1
0 0 12094
-1
-1
0 0 1129
0 0 2543
-1
-1
0 0 1473
-1
-1
1 4549 4549
0 0 5810
0 0 14180
0 0 16218
-1
1 20091 20091
1 8006 8006
-1
1 15878 15878
0 0 1171
0 0 15097
0 0 5578
-1
1 29872 29872
0 0 11946
-1
0 0 920
-1
0 0 5433
1 4372 4372
0 0 11176
1 10991 10991
-1
1 14969 14969
0 0 11397
1 19239 19239
1 13724 13724
-1
1 31008 31008
-1
1 11469 11469
1 15480 15480
0 0 8652
1 7041 7041
0 0 7299
0 0 6164
1 4670 4670
0 0 12543
1 30050 30050
-1
0 0 9615
0 0 2974
-1
0 0 12348
-1
0 0 2516
1 26894 26894
0 0 7490
1 14373 14373
0 0 10628
0 0 13333
0 0 11118
1 2105 2105
-1
0 0 514
-1
1 26477 26477
-1
-1
1 22609 22609
0 0 10576
1 4162 4162
1 4798 4798
-1
0 0 3326
0 0 7776
0 0 1220
0 0 4618
-1
0 0 10438
0 0 246
-1
1 17691 17691
-1
0 0 5973
0 0 8658
0 0 11775
-1
1 11909 11909
1 25293 25293
1 25163 25163
0 0 11657
-1
0 0 11614
1 16893 16893
-1
1 13759 13759
0 0 11410
0 0 8105
-1
1 313 313
1 30553 30553
0 0 934
0 0 8542
-1
-1
-1
0 0 2611
0 0 16073
0 0 12508
0 0 16138
0 0 13364
0 0 13586
-1
0 0 15004
-1
0 0 10707
0 0 13868
1 21687 21687
0 0 2998
-1
-1
0 0 12145
0 0 6544
1 1932 1932
0 0 8698
-1
-1
1 28102 28102
-1
0 0 9468
-1
1 1433 1433
0 0 8133
0 0 1073
0 0 10105
-1
0 0 12063
-1
1 26030 26030
1 29281 29281
-1
1 24438 24438
1 12752 12752
1 4939 4939
-1
0 0 12892
1 16955 16955
1 31417 31417
1 12757 12757
0 0 5436
1 29369 29369
0 0 15832
0 0 12982
-1
0 0 7994
0 0 4571
1 31173 31173
0 0 2696
0 0 4414
0 0 6318
1 17104 17104
1 12450 12450
0 0 2082
0 0 3415
1 10274 10274
1 1827 1827
0 0 14355
-1
0 0 14267
0 0 14989
-1
0 0 667
0 0 2965
-1
0 0 15490
0 0 4432
0 0 8287
1 23772 23772
1 15267 15267
1 20770 20770
0 0 5549
-1
0 0 3153
1 11746 11746
-1
1 29803 29803
-1
1 1160 1160
0 0 4535
1 12515 12515
0 0 7271
-1
1 29158 29158
0 0 11847
-1
-1
0 0 13361
1 29901 29901
1 8597 8597
1 15023 15023
0 0 7135
0 0 3364
1 16940 16940
-1
1 23927 23927
0 0 8117
0 0 9378
-1
0 0 1814
1 26336 26336
0 0 8192
1 17442 17442
1 12327 12327
-1
1 9319 9319
0 0 14185
-1
0 0 16365
1 15334 15334
0 0 5023
1 10287 10287
1 23183 23183
-1
-1
-1
-1
0 0 12006
1 27646 27646
1 30605 30605
-1
0 0 3904
-1
-1
-1
0 0 2544
1 14837 14837
0 0 1342
1 123 123
-1
1 18645 18645
1 7100 7100
0 0 9731
-1
1 248 248
0 0 11198
0 0 9024
0 0 14500
-1
-1
