1 4979 4979
0 0 6374
1 6871 6871
0 0 7942
1 10704 10704
1 15311 15311
-1
1 14027 14027
1 18792 18792
1 21103 21103
0 0 11220
1 21819 21819
0 0 10309
1 875 875
1 27068 27068
1 3286 3286
1 887 887
0 0 2315
-1
-1
1 6374 6374
1 26583 26583
1 6226 6226
1 12565 12565
1 5760 5760
0 0 10837
1 9033 9033
-1
-1
0 0 4046
0 0 7702
-1
0 0 9042
1 26452 26452
1 15289 15289
1 11753 11753
1 12231 12231
0 0 10562
-1
-1
0 0 11170
0 0 2110
-1
1 30830 30830
1 10510 10510
-1
-1
1 23242 23242
-1
1 8141 8141
0 0 1318
-1
-1
0 0 12176
-1
1 2518 2518
-1
1 32303 32303
1 3476 3476
-1
1 6287 6287
1 20135 20135
-1
1 21076 21076
0 0 6477
1 15819 15819
0 0 7042
-1
1 29963 29963
-1
0 0 2633
-1
0 0 1019
1 10762 10762
0 0 10919
0 0 2418
1 1263 1263
1 20494 20494
-1
0 0 8612
1 13173 13173
0 0 11210
-1
0 0 1227
-1
1 20290 20290
0 0 2278
1 8882 8882
1 17396 17396
-1
-1
1 2124 2124
-1
-1
1 27443 27443
0 0 5304
0 0 7115
0 0 3000
1 249 249
0 0 14717
-1
-1
1 3449 3449
-1
-1
-1
-1
0 0 1390
1 31854 31854
-1
1 11246 11246
1 21651 21651
-1
0 0 7637
0 0 9635
1 32364 32364
-1
1 25211 25211
-1
0 0 11508
1 10078 10078
-1
1 12598 12598
0 0 15535
1 15772 15772
1 14128 14128
-1
0 0 13372
-1
1 5767 5767
0 0 9963
-1
1 7802 7802
0 0 4858
0 0 13608
-1
0 0 10605
-1
1 18906 18906
-1
-1
0 0 9063
1 2987 2987
0 0 11892
-1
-1
1 24881 24881
0 0 14665
1 24778 24778
0 0 389
1 650 650
1 19899 19899
1 15933 15933
0 0 10173
1 29452 29452
1 14678 14678
1 30718 30718
0 0 4760
0 0 2783
-1
1 19871 19871
0 0 3750
-1
-1
0 0 10643
-1
-1
-1
1 3469 3469
1 21036 21036
1 4949 4949
-1
0 0 12193
0 0 1485
-1
1 27273 27273
1 17576 17576
1 20932 20932
-1
-1
1 24725 24725
0 0 11673
1 22084 22084
0 0 11828
1 22738 22738
0 0 3198
1 17724 17724
1 20079 20079
-1
-1
0 0 6139
-1
-1
0 0 9984
0 0 167
0 0 13019
1 26655 26655
1 28882 28882
1 211 211
0 0 9571
-1
0 0 10267
1 22346 22346
-1
0 0 7564
-1
1 25386 25386
-1
1 25391 25391
-1
1 23841 23841
1 29148 29148
-1
0 0 10904
0 0 9799
-1
-1
1 14367 14367
0 0 9730
-1
0 0 10973
0 0 11250
-1
1 9108 9108
1 2748 2748
-1
1 4199 4199
0 0 8387
1 9637 9637
0 0 9162
-1
0 0 14138
1 24241 24241
0 0 4736
-1
1 20195 20195
1 5004 5004
1 11078 11078
0 0 14774
-1
-1
1 29723 29723
1 11175 11175
1 10621 10621
0 0 11992
0 0 3490
-1
0 0 427
1 6683 6683
0 0 16272
-1
0 0 10374
0 0 5322
1 20762 20762
1 11145 11145
1 20680 20680
-1
-1
1 29546 29546
1 21129 21129
0 0 2556
0 0 7110
-1
-1
0 0 2769
1 17096 17096
1 8095 8095
1 22573 22573
1 16605 16605
1 31399 31399
1 16815 16815
1 431 431
1 26347 26347
1 6014 6014
0 0 12315
1 14705 14705
1 27523 27523
0 0 3033
0 0 10475
1 6165 6165
1 8527 8527
0 0 32
-1
0 0 1415
0 0 15158
1 27959 27959
0 0 12978
-1
-1
1 29241 29241
0 0 3915
1 12031 12031
-1
0 0 9598
1 29288 29288
1 28547 28547
0 0 148
1 23504 23504
1 27775 27775
1 25722 25722
0 0 11685
0 0 264
0 0 15641
0 0 6526
1 3234 3234
0 0 6743
0 0 1927
1 22521 22521
-1
1 29878 29878
-1
1 16560 16560
0 0 13980
-1
-1
-1
1 29825 29825
1 9850 9850
1 6049 6049
-1
1 11279 11279
-1
1 17963 17963
0 0 5780
1 25607 25607
0 0 9746
0 0 15379
1 2403 2403
0 0 2242
-1
0 0 8812
0 0 3333
-1
-1
1 2360 2360
0 0 14443
-1
1 3568 3568
1 3185 3185
0 0 15786
-1
-1
0 0 14898
0 0 3507
0 0 1803
1 14814 14814
-1
1 4031 4031
-1
1 14118 14118
1 20095 20095
0 0 5685
-1
-1
-1
-1
-1
-1
-1
0 0 3647
1 30455 30455
0 0 1102
0 0 13941
0 0 12174
-1
1 25078 25078
0 0 3455
1 18810 18810
-1
1 9600 9600
0 0 13902
0 0 11489
1 29961 29961
-1
1 24390 24390
0 0 827
0 0 10773
-1
0 0 15319
0 0 4982
0 0 4785
-1
0 0 11039
0 0 5606
0 0 2512
1 24794 24794
1 7057 7057
0 0 5066
-1
0 0 77
1 7417 7417
0 0 5002
-1
1 16611 16611
0 0 13435
-1
0 0 13794
1 12020 12020
-1
0 0 1429
-1
-1
0 0 488
-1
1 18704 18704
0 0 6887
0 0 2844
0 0 4113
1 20404 20404
0 0 15228
0 0 6567
1 16125 16125
1 2223 2223
-1
1 15134 15134
1 29530 29530
0 0 8264
-1
-1
0 0 2092
-1
0 0 1075
-1
-1
1 16921 16921
0 0 7860
1 32061 32061
0 0 14439
1 11560 11560
0 0 3708
-1
-1
0 0 375
0 0 11335
0 0 13095
-1
0 0 2466
1 15279 15279
1 5499 5499
0 0 9045
1 20723 20723
1 27766 27766
-1
0 0 12056
1 32312 32312
1 31762 31762
-1
1 12626 12626
-1
1 18247 18247
0 0 2766
-1
1 30916 30916
-1
1 2703 2703
1 23477 23477
1 18506 18506
0 0 14390
0 0 5885
1 18923 18923
-1
0 0 8994
1 23385 23385
1 17067 17067
0 0 7375
-1
1 26709 26709
1 13824 13824
0 0 15859
-1
0 0 3240
1 6221 6221
-1
1 18834 18834
1 26076 26076
1 19143 19143
1 32319 32319
1 12506 12506
1 3395 3395
0 0 10747
-1
1 13989 13989
1 31488 31488
-1
-1
-1
0 0 15778
0 0 8478
1 25745 25745
1 3119 3119
-1
1 19340 19340
0 0 7586
-1
0 0 6482
0 0 2686
1 29813 29813
-1
0 0 3858
-1
1 27445 27445
0 0 9883
1 7669 7669
0 0 14758
0 0 13000
1 24716 24716
-1
-1
0 0 8321
0 0 4133
-1
-1
-1
0 0 13113
-1
1 17364 17364
0 0 8376
1 4379 4379
1 8939 8939
-1
-1
1 754 754
-1
1 7151 7151
0 0 15424
0 0 14810
1 10737 10737
1 2393 2393
0 0 14808
-1
-1
-1
-1
0 0 13999
-1
0 0 15090
1 22894 22894
1 17319 17319
0 0 8679
1 25886 25886
0 0 8034
0 0 592
-1
1 16447 16447
0 0 9795
1 14574 14574
1 7107 7107
1 7397 7397
0 0 3358
-1
-1
1 7936 7936
1 24669 24669
0 0 889
0 0 10951
0 0 4267
1 25816 25816
-1
-1
1 11776 11776
0 0 7112
1 19809 19809
1 13857 13857
0 0 9078
0 0 8045
1 16412 16412
-1
-1
1 5121 5121
-1
-1
1 24415 24415
-1
1 22558 22558
-1
-1
1 26322 26322
1 20569 20569
-1
0 0 9428
-1
0 0 2195
1 18443 18443
-1
-1
-1
-1
-1
-1
1 2368 2368
0 0 13511
-1
1 85 85
1 22556 22556
0 0 102
1 12769 12769
0 0 6616
1 12209 12209
0 0 9639
-1
-1
0 0 15260
1 28453 28453
0 0 8193
1 3135 3135
1 21763 21763
0 0 13581
-1
0 0 3857
-1
-1
1 24670 24670
-1
0 0 7552
-1
0 0 14296
0 0 7103
-1
0 0 12487
0 0 4631
-1
0 0 4696
1 19039 19039
-1
-1
0 0 6547
-1
1 2537 2537
0 0 10266
0 0 13102
1 11705 11705
1 22997 22997
1 24136 24136
0 0 5656
1 17527 17527
0 0 1701
-1
1 30096 30096
1 12772 12772
-1
1 4791 4791
1 5885 5885
0 0 6606
-1
1 6508 6508
1 30992 30992
1 23537 23537
0 0 15248
0 0 10999
0 0 3194
-1
0 0 5903
0 0 15240
0 0 11380
-1
1 3131 3131
1 24976 24976
0 0 4192
-1
1 17732 17732
1 15526 15526
0 0 10032
0 0 7962
1 10587 10587
1 20091 20091
1 30280 30280
-1
0 0 1722
-1
-1
1 14542 14542
1 984 984
-1
-1
1 11320 11320
0 0 12882
-1
-1
-1
0 0 4902
0 0 13818
-1
-1
-1
-1
0 0 20
-1
1 144 144
-1
-1
1 3721 3721
-1
1 24900 24900
0 0 2302
1 30978 30978
0 0 15326
-1
0 0 5087
0 0 4562
0 0 9056
0 0 3217
-1
-1
1 30251 30251
0 0 14937
0 0 9775
0 0 2590
1 16054 16054
1 11448 11448
-1
0 0 8269
1 31604 31604
1 27088 27088
1 16497 16497
0 0 6526
0 0 10532
0 0 2819
0 0 6743
0 0 8684
-1
-1
-1
0 0 13036
0 0 16250
0 0 13096
-1
1 6753 6753
-1
1 22082 22082
-1
0 0 6913
-1
0 0 11017
1 13216 13216
-1
-1
-1
-1
1 24553 24553
0 0 11740
-1
0 0 10630
0 0 16365
0 0 6763
1 32704 32704
0 0 6551
0 0 12703
1 30980 30980
1 6735 6735
1 20668 20668
0 0 14615
-1
0 0 16175
-1
0 0 2426
-1
-1
0 0 2684
-1
1 18961 18961
0 0 10026
1 18889 18889
-1
0 0 7907
0 0 3040
0 0 5285
0 0 362
0 0 1672
0 0 1888
1 637 637
-1
1 4592 4592
-1
-1
1 22539 22539
1 20660 20660
1 7686 7686
0 0 2421
-1
1 8321 8321
1 30579 30579
-1
1 8836 8836
1 9170 9170
0 0 5346
-1
-1
0 0 2169
0 0 14679
0 0 13420
1 16850 16850
1 19077 19077
1 16093 16093
-1
0 0 2756
-1
1 22125 22125
0 0 13037
0 0 98
-1
-1
0 0 7609
0 0 6560
1 30618 30618
1 3183 3183
1 1374 1374
-1
1 3405 3405
0 0 14960
0 0 2291
1 7406 7406
-1
1 17845 17845
0 0 13366
-1
0 0 9706
1 7118 7118
1 27107 27107
1 32644 32644
1 27310 27310
0 0 1345
1 16721 16721
0 0 50
1 17107 17107
0 0 15373
0 0 4648
0 0 13721
0 0 4652
-1
0 0 12745
0 0 7562
-1
-1
-1
1 25449 25449
-1
0 0 13816
0 0 10749
1 1088 1088
1 26849 26849
0 0 14920
1 8802 8802
1 28380 28380
-1
0 0 11946
0 0 11336
0 0 15642
-1
-1
1 13848 13848
1 10105 10105
1 11581 11581
1 9155 9155
1 2208 2208
0 0 2883
1 20797 20797
-1
1 27747 27747
-1
-1
-1
1 23729 23729
-1
1 8912 8912
0 0 1456
0 0 2614
1 18492 18492
-1
-1
0 0 8006
-1
1 8624 8624
1 19798 19798
1 30364 30364
-1
-1
-1
0 0 3229
1 14864 14864
1 31673 31673
-1
0 0 12878
-1
1 3808 3808
-1
-1
-1
1 21506 21506
0 0 8922
-1
1 6031 6031
-1
-1
1 19319 19319
0 0 10989
0 0 10610
1 29471 29471
-1
-1
1 25548 25548
1 7132 7132
1 3927 3927
1 10041 10041
0 0 6909
-1
-1
1 21026 21026
0 0 396
1 2475 2475
1 17581 17581
1 11500 11500
0 0 12302
1 23629 23629
0 0 7128
1 16385 16385
0 0 746
1 15244 15244
1 19652 19652
0 0 15681
0 0 13489
1 14994 14994
0 0 9907
-1
1 9403 9403
1 22527 22527
-1
-1
-1
1 31331 31331
1 6947 6947
0 0 8302
1 26051 26051
0 0 7779
1 20632 20632
1 25568 25568
1 25601 25601
1 2849 2849
0 0 14759
0 0 5630
0 0 5651
0 0 1905
0 0 6803
-1
1 8139 8139
-1
1 12690 12690
0 0 3209
-1
-1
-1
1 218 218
0 0 14287
1 14629 14629
0 0 9579
1 19538 19538
1 2082 2082
-1
1 13050 13050
1 13604 13604
1 26067 26067
1 16749 16749
1 23877 23877
-1
1 18029 18029
-1
1 19601 19601
-1
-1
1 4262 4262
0 0 8227
0 0 13095
1 31607 31607
1 15990 15990
-1
-1
0 0 1154
-1
1 5252 5252
1 21933 21933
-1
-1
1 1862 1862
-1
0 0 634
1 20909 20909
0 0 10739
-1
1 7405 7405
1 23863 23863
-1
1 21786 21786
1 25899 25899
-1
1 24983 24983
0 0 8081
1 7179 7179
1 14785 14785
0 0 1728
-1
1 17983 17983
1 12352 12352
0 0 3327
0 0 8877
1 22348 22348
1 12456 12456
-1
0 0 6403
-1
0 0 4301
0 0 12642
-1
1 18729 18729
0 0 7190
0 0 14660
0 0 12734
0 0 979
-1
-1
1 11130 11130
-1
-1
0 0 13836
-1
-1
-1
-1
-1
-1
-1
0 0 11988
1 22907 22907
0 0 7035
-1
-1
1 19807 19807
1 26083 26083
1 15799 15799
-1
-1
1 20763 20763
1 2345 2345
1 24214 24214
-1
-1
0 0 5022
-1
1 30791 30791
-1
1 20892 20892
1 4580 4580
1 15763 15763
-1
0 0 7858
0 0 2162
1 29420 29420
-1
-1
1 31176 31176
1 25869 25869
1 16160 16160
1 20977 20977
-1
1 18791 18791
-1
0 0 8026
-1
-1
1 3454 3454
-1
1 30292 30292
1 13577 13577
1 3191 3191
1 14685 14685
1 2613 2613
1 27446 27446
0 0 8608
-1
0 0 15403
-1
1 3613 3613
1 6531 6531
-1
-1
0 0 272
0 0 8732
0 0 9323
-1
0 0 4826
1 8265 8265
-1
-1
0 0 15499
1 1245 1245
0 0 2638
0 0 5730
0 0 10092
-1
1 10784 10784
-1
1 29788 29788
1 18796 18796
0 0 9432
0 0 7574
1 10846 10846
0 0 14651
0 0 5106
0 0 58
0 0 14005
0 0 16274
0 0 5039
0 0 11016
1 3681 3681
1 15456 15456
1 6494 6494
-1
-1
0 0 7492
-1
0 0 9505
0 0 2845
0 0 9462
-1
1 21661 21661
-1
1 18263 18263
1 20457 20457
0 0 12265
0 0 6464
1 14462 14462
-1
-1
0 0 95
0 0 7241
0 0 8139
1 27153 27153
-1
1 13493 13493
0 0 7409
1 24191 24191
0 0 13395
-1
-1
0 0 11208
0 0 14976
-1
1 11850 11850
-1
1 1140 1140
0 0 11338
1 6959 6959
0 0 8464
1 13994 13994
1 13526 13526
1 18099 18099
0 0 8529
1 11552 11552
1 8605 8605
1 17261 17261
0 0 16232
1 25510 25510
1 28227 28227
-1
0 0 3608
0 0 11377
1 9110 9110
-1
1 11767 11767
-1
0 0 8236
0 0 312
0 0 11464
1 11062 11062
-1
0 0 6268
1 19232 19232
-1
-1
1 31829 31829
1 31223 31223
-1
0 0 2895
-1
0 0 7823
0 0 15010
0 0 8354
1 26464 26464
1 12242 12242
1 5041 5041
0 0 11768
-1
0 0 13057
-1
-1
-1
-1
0 0 12677
-1
-1
-1
-1
-1
1 972 972
-1
1 27480 27480
1 20276 20276
0 0 4099
0 0 5760
-1
-1
0 0 10975
0 0 3495
-1
-1
1 13606 13606
-1
1 75 75
1 3961 3961
1 31228 31228
1 20586 20586
0 0 1402
0 0 16201
1 15387 15387
-1
1 26465 26465
0 0 7782
1 28652 28652
-1
1 17782 17782
-1
0 0 7032
1 26054 26054
-1
1 29905 29905
0 0 28
0 0 7145
0 0 4007
0 0 7817
0 0 15478
1 14707 14707
-1
1 23144 23144
1 19657 19657
0 0 15520
0 0 4508
1 5036 5036
-1
-1
1 17917 17917
1 32690 32690
0 0 12388
1 6315 6315
0 0 5270
0 0 10464
-1
0 0 7931
0 0 15164
1 30224 30224
-1
-1
0 0 13106
1 32337 32337
1 15729 15729
1 29231 29231
0 0 7269
1 24100 24100
1 31219 31219
-1
1 32088 32088
0 0 15312
0 0 13045
0 0 13915
0 0 5638
-1
1 13234 13234
1 30730 30730
0 0 1760
0 0 407
0 0 13404
0 0 15792
1 29850 29850
1 12848 12848
-1
1 15574 15574
1 17559 17559
0 0 11997
-1
-1
1 19466 19466
-1
1 8782 8782
0 0 10058
0 0 13835
0 0 9637
1 27066 27066
0 0 8781
0 0 2202
-1
0 0 6559
0 0 7835
0 0 15834
-1
0 0 10399
-1
0 0 11290
-1
-1
1 15342 15342
0 0 5142
0 0 14806
0 0 735
0 0 16050
-1
1 1844 1844
-1
-1
1 29557 29557
1 27332 27332
0 0 15231
1 18865 18865
1 9814 9814
0 0 7916
0 0 9119
0 0 9038
1 15562 15562
1 3424 3424
0 0 2821
-1
1 28651 28651
1 4155 4155
-1
1 31032 31032
0 0 10322
1 13249 13249
1 25899 25899
0 0 15449
1 24631 24631
0 0 15390
-1
1 10539 10539
0 0 15453
1 7530 7530
0 0 1012
0 0 16356
1 1430 1430
1 7932 7932
-1
1 10727 10727
-1
1 282 282
-1
0 0 8396
1 927 927
0 0 13934
-1
0 0 10511
0 0 16225
-1
0 0 11857
1 11379 11379
0 0 4502
-1
0 0 5824
-1
1 29287 29287
1 17878 17878
1 3055 3055
-1
0 0 12586
1 15299 15299
1 32296 32296
0 0 12800
0 0 8918
1 30884 30884
1 10621 10621
1 3790 3790
0 0 570
-1
0 0 6503
1 6990 6990
0 0 4677
-1
-1
1 27440 27440
1 8738 8738
-1
1 25563 25563
-1
0 0 3103
1 4580 4580
0 0 3040
-1
0 0 7324
1 11751 11751
0 0 6524
1 2325 2325
0 0 2974
-1
-1
1 13043 13043
0 0 7783
0 0 5695
0 0 11655
-1
0 0 2720
0 0 7885
-1
1 30389 30389
-1
1 22494 22494
0 0 8227
1 14750 14750
0 0 2465
-1
1 5459 5459
0 0 12637
1 33 33
1 21093 21093
1 9 9
-1
-1
0 0 8808
1 24999 24999
-1
-1
-1
1 256 256
-1
0 0 6835
0 0 11683
1 31483 31483
1 12301 12301
0 0 1777
0 0 11608
0 0 393
0 0 2492
1 11705 11705
1 25743 25743
-1
0 0 8671
-1
-1
1 12141 12141
0 0 15499
0 0 14135
-1
0 0 10244
1 1140 1140
0 0 11757
-1
0 0 5179
-1
-1
-1
0 0 2634
0 0 9153
-1
0 0 7316
1 6614 6614
1 21783 21783
1 803 803
1 28451 28451
-1
1 32120 32120
-1
-1
0 0 9276
0 0 2125
1 5461 5461
-1
1 20769 20769
1 16935 16935
0 0 8906
-1
1 8835 8835
1 3577 3577
1 3149 3149
0 0 3643
0 0 13498
0 0 13904
1 13200 13200
-1
-1
-1
1 12356 12356
-1
-1
1 7989 7989
-1
1 28801 28801
0 0 8158
-1
0 0 15193
-1
0 0 14386
0 0 11194
1 19677 19677
1 28786 28786
-1
-1
-1
-1
1 14033 14033
-1
-1
1 26679 26679
-1
1 27781 27781
0 0 399
1 7439 7439
1 27609 27609
0 0 15295
1 17793 17793
-1
0 0 4998
0 0 8768
1 9804 9804
1 842 842
0 0 12098
-1
1 19034 19034
-1
1 29937 29937
0 0 16287
0 0 9003
-1
-1
-1
-1
-1
0 0 6703
-1
1 10997 10997
-1
1 7977 7977
1 17438 17438
1 22678 22678
-1
-1
1 18681 18681
0 0 5265
1 6260 6260
1 8564 8564
0 0 8358
0 0 2038
0 0 8506
1 8632 8632
-1
0 0 6540
1 8237 8237
0 0 13571
0 0 14094
1 25630 25630
1 17378 17378
-1
0 0 287
0 0 13350
-1
0 0 7957
0 0 12561
-1
1 32522 32522
0 0 8112
-1
1 9595 9595
-1
1 17511 17511
-1
-1
1 10253 10253
-1
-1
-1
0 0 11123
0 0 2627
1 9804 9804
-1
0 0 14630
0 0 14545
1 10477 10477
1 15591 15591
-1
0 0 9160
0 0 16105
0 0 15127
0 0 4149
0 0 11044
1 10634 10634
0 0 2411
0 0 2220
1 2001 2001
-1
0 0 7312
0 0 2594
-1
0 0 12495
0 0 1041
0 0 10998
-1
1 24218 24218
-1
1 24320 24320
-1
-1
1 7110 7110
0 0 12371
0 0 1960
1 17085 17085
0 0 923
0 0 10365
-1
-1
-1
1 22410 22410
1 4451 4451
0 0 9989
-1
-1
1 18156 18156
1 18782 18782
-1
0 0 15340
-1
1 12819 12819
1 19737 19737
0 0 1083
-1
-1
0 0 3223
1 9744 9744
-1
-1
1 28031 28031
1 15096 15096
1 19383 19383
0 0 3623
-1
-1
-1
-1
0 0 14409
0 0 1887
-1
0 0 4510
0 0 4167
-1
0 0 4318
1 2818 2818
1 31791 31791
-1
-1
-1
1 6819 6819
0 0 1794
1 29666 29666
0 0 2387
-1
1 11228 11228
0 0 10193
-1
0 0 12143
-1
-1
1 29595 29595
0 0 3921
1 23605 23605
-1
1 31465 31465
0 0 2843
-1
-1
1 21234 21234
-1
-1
1 5978 5978
1 23355 23355
0 0 883
-1
0 0 2414
0 0 4222
-1
1 17506 17506
1 13152 13152
-1
0 0 4659
0 0 15886
1 10958 10958
0 0 5285
1 29274 29274
0 0 1883
-1
1 17228 17228
-1
0 0 8424
-1
1 8877 8877
-1
-1
0 0 14757
1 7340 7340
1 30204 30204
1 21558 21558
1 21625 21625
0 0 8091
1 5632 5632
-1
0 0 6496
1 21875 21875
0 0 417
1 4178 4178
-1
-1
-1
-1
1 29616 29616
-1
-1
1 10851 10851
1 1361 1361
-1
1 36 36
1 328 328
0 0 4480
-1
0 0 12435
0 0 7925
0 0 886
-1
1 13740 13740
1 12160 12160
0 0 11117
0 0 6892
-1
0 0 11989
0 0 10831
-1
-1
-1
1 24231 24231
-1
-1
-1
1 16497 16497
1 18675 18675
-1
0 0 15040
1 21264 21264
-1
0 0 10612
-1
1 28075 28075
0 0 5347
0 0 14724
0 0 2534
-1
1 5565 5565
1 27199 27199
0 0 1858
1 24791 24791
-1
0 0 7177
-1
1 12954 12954
0 0 7511
-1
-1
1 4029 4029
1 27988 27988
-1
1 16800 16800
0 0 9894
1 24973 24973
1 5892 5892
-1
-1
0 0 14776
-1
-1
1 21439 21439
-1
-1
0 0 5179
0 0 1806
1 19486 19486
-1
-1
1 15579 15579
1 25627 25627
1 16635 16635
-1
-1
-1
1 1891 1891
-1
1 10441 10441
1 24428 24428
0 0 13631
1 5757 5757
-1
0 0 5078
-1
1 28302 28302
1 28913 28913
0 0 7672
-1
1 15456 15456
-1
0 0 5112
0 0 9451
0 0 3995
-1
-1
0 0 15578
1 2246 2246
0 0 10355
-1
0 0 8338
0 0 3292
0 0 15595
-1
-1
1 20014 20014
0 0 9840
1 23363 23363
1 4575 4575
1 31287 31287
1 7079 7079
1 6228 6228
1 8849 8849
1 5722 5722
0 0 4079
0 0 12187
0 0 7504
0 0 11784
0 0 15850
0 0 13510
0 0 1769
-1
1 2792 2792
-1
-1
1 27112 27112
0 0 261
-1
0 0 1260
1 19009 19009
1 24646 24646
-1
1 6363 6363
1 28062 28062
-1
0 0 50
1 12380 12380
0 0 14047
1 4993 4993
1 26044 26044
0 0 739
-1
1 11636 11636
0 0 3283
1 10326 10326
1 9091 9091
1 18787 18787
1 12337 12337
0 0 11470
1 31337 31337
0 0 12316
1 28322 28322
1 13823 13823
-1
1 26612 26612
0 0 4088
1 11574 11574
1 17280 17280
1 29736 29736
0 0 7333
-1
-1
-1
1 20109 20109
1 20141 20141
1 8825 8825
-1
-1
-1
-1
0 0 3780
-1
0 0 10412
1 28021 28021
0 0 8248
0 0 11216
-1
-1
0 0 11118
-1
1 7636 7636
-1
0 0 10285
-1
0 0 3287
1 10870 10870
-1
1 31731 31731
-1
0 0 5662
0 0 2122
0 0 4760
0 0 14701
1 20927 20927
1 19916 19916
0 0 15189
-1
0 0 1092
-1
0 0 4489
1 24907 24907
1 1431 1431
0 0 12955
0 0 7272
1 8919 8919
1 16861 16861
-1
-1
0 0 6909
0 0 9055
0 0 2376
-1
-1
1 19097 19097
1 15996 15996
0 0 10268
-1
-1
1 1504 1504
1 4855 4855
0 0 13793
0 0 12847
1 6544 6544
-1
0 0 15388
1 10306 10306
-1
1 14040 14040
1 3490 3490
0 0 6151
0 0 3072
0 0 1207
1 23031 23031
0 0 5936
-1
0 0 11510
0 0 13376
1 15817 15817
1 13047 13047
0 0 3400
0 0 5421
0 0 5800
0 0 860
0 0 2852
-1
-1
0 0 11886
-1
0 0 13899
1 27159 27159
0 0 7585
-1
1 30937 30937
-1
-1
1 6747 6747
1 4392 4392
1 243 243
0 0 5207
0 0 1451
0 0 2467
1 26953 26953
1 25945 25945
-1
1 1479 1479
-1
-1
0 0 14389
0 0 10314
-1
0 0 2944
1 18439 18439
0 0 8886
-1
-1
1 26505 26505
1 30814 30814
0 0 12431
0 0 3806
0 0 346
1 26704 26704
0 0 13481
-1
1 25346 25346
1 30587 30587
-1
-1
-1
1 13292 13292
-1
1 28867 28867
1 12391 12391
0 0 14338
1 17528 17528
-1
0 0 15033
-1
0 0 10612
0 0 6742
1 2186 2186
-1
-1
-1
1 807 807
-1
0 0 9934
1 370 370
1 8058 8058
0 0 8193
0 0 9136
0 0 6574
1 15592 15592
1 14476 14476
-1
1 30234 30234
1 13450 13450
1 30184 30184
0 0 5586
-1
1 32170 32170
0 0 2913
0 0 3309
1 17134 17134
-1
1 543 543
-1
1 19752 19752
-1
-1
1 32552 32552
0 0 7356
1 28298 28298
1 255 255
-1
-1
0 0 23
-1
-1
0 0 11840
-1
-1
0 0 8188
-1
1 10262 10262
1 908 908
0 0 4081
-1
1 29202 29202
1 16993 16993
0 0 4589
0 0 13323
0 0 8607
0 0 6135
0 0 13641
1 2417 2417
0 0 3742
1 26580 26580
-1
1 19486 19486
1 15582 15582
-1
-1
1 7979 7979
-1
-1
-1
1 18748 18748
-1
0 0 3755
-1
1 6407 6407
0 0 14904
-1
0 0 15762
1 26073 26073
1 2172 2172
1 12175 12175
1 18359 18359
0 0 12295
0 0 9198
-1
-1
1 12701 12701
1 28958 28958
-1
0 0 12092
0 0 14149
0 0 3776
1 32613 32613
-1
-1
0 0 700
-1
1 25824 25824
-1
0 0 2711
-1
-1
-1
-1
0 0 6363
1 18864 18864
-1
0 0 1274
1 31443 31443
1 26919 26919
0 0 5019
-1
-1
-1
1 24660 24660
1 8744 8744
0 0 7994
1 18040 18040
-1
0 0 11715
-1
0 0 3813
-1
1 24406 24406
-1
1 2508 2508
1 31592 31592
1 429 429
0 0 7506
-1
-1
0 0 5929
0 0 6145
0 0 14497
1 4345 4345
0 0 9888
0 0 11780
0 0 232
-1
0 0 15253
1 10725 10725
1 14910 14910
1 1618 1618
-1
1 926 926
0 0 13531
0 0 9616
-1
1 19086 19086
0 0 6319
0 0 14989
-1
-1
-1
1 32133 32133
-1
1 32024 32024
0 0 8515
1 4156 4156
0 0 2781
-1
1 26765 26765
-1
1 18007 18007
0 0 6381
1 2260 2260
-1
-1
0 0 14663
1 22976 22976
-1
1 22611 22611
-1
-1
-1
1 21382 21382
-1
1 21603 21603
0 0 7514
-1
0 0 11994
0 0 14037
-1
0 0 15224
1 12504 12504
0 0 12252
1 15333 15333
1 22709 22709
0 0 12253
0 0 8026
0 0 4887
1 26081 26081
-1
-1
-1
1 27005 27005
0 0 3311
0 0 9461
1 28276 28276
1 29382 29382
-1
1 6588 6588
1 26313 26313
1 2475 2475
0 0 861
0 0 854
1 9928 9928
1 13138 13138
-1
1 23340 23340
1 2384 2384
1 18065 18065
-1
1 31644 31644
0 0 14698
0 0 2106
1 1891 1891
-1
0 0 8430
-1
-1
0 0 10061
-1
-1
-1
0 0 9752
1 16373 16373
-1
0 0 2854
-1
1 25336 25336
1 17542 17542
0 0 16025
-1
1 25700 25700
-1
0 0 14462
-1
-1
0 0 3787
-1
0 0 11049
0 0 10393
0 0 14000
0 0 2320
0 0 3513
0 0 14996
0 0 7105
-1
0 0 14637
0 0 15573
1 27481 27481
-1
-1
1 24179 24179
1 2938 2938
0 0 10818
1 18076 18076
1 12883 12883
0 0 8471
0 0 2739
1 2472 2472
0 0 14806
-1
1 24019 24019
0 0 6509
-1
1 3569 3569
-1
-1
1 22844 22844
0 0 11082
0 0 1394
1 24086 24086
-1
1 30194 30194
0 0 2036
1 19822 19822
1 15563 15563
-1
-1
-1
1 3472 3472
0 0 7778
0 0 8418
-1
-1
1 26988 26988
-1
1 20935 20935
-1
-1
1 17772 17772
1 2254 2254
0 0 8551
1 11074 11074
0 0 467
0 0 11839
0 0 9055
-1
0 0 14906
-1
0 0 16234
-1
-1
1 19127 19127
-1
0 0 9794
1 19898 19898
0 0 10471
0 0 1535
-1
0 0 1403
-1
0 0 13286
-1
-1
-1
0 0 6938
1 5240 5240
0 0 10532
0 0 13047
-1
1 6755 6755
1 5276 5276
-1
-1
1 26814 26814
-1
-1
0 0 16383
1 26107 26107
-1
0 0 10180
0 0 6102
1 1467 1467
-1
1 13429 13429
-1
0 0 3756
1 23000 23000
-1
-1
-1
0 0 2855
0 0 9984
1 12960 12960
1 7440 7440
0 0 13919
1 22592 22592
0 0 4546
-1
1 19263 19263
-1
0 0 812
0 0 13944
0 0 6299
-1
1 25954 25954
0 0 6482
-1
-1
-1
0 0 10244
0 0 13677
0 0 3738
0 0 12033
1 17509 17509
1 28795 28795
0 0 14792
0 0 15682
0 0 10839
1 641 641
-1
0 0 1288
-1
1 13945 13945
0 0 2270
-1
1 25711 25711
0 0 2850
0 0 7991
-1
1 8923 8923
0 0 1100
1 18997 18997
0 0 7274
-1
-1
0 0 9008
0 0 7849
-1
-1
0 0 14428
0 0 15091
-1
0 0 2659
-1
0 0 7692
0 0 12644
1 24159 24159
-1
0 0 13638
0 0 3938
-1
-1
0 0 16056
1 19085 19085
0 0 4315
0 0 9619
1 782 782
-1
-1
-1
0 0 11808
-1
1 4245 4245
-1
0 0 9851
1 7213 7213
1 19376 19376
0 0 6286
0 0 11865
0 0 15957
1 19442 19442
-1
-1
0 0 14013
-1
-1
1 15407 15407
-1
-1
0 0 2415
0 0 6317
-1
1 8821 8821
0 0 12323
-1
1 11281 11281
1 20041 20041
0 0 4415
0 0 3732
1 3810 3810
1 26786 26786
1 15020 15020
0 0 1558
1 22691 22691
1 10614 10614
1 13680 13680
0 0 16000
0 0 10414
1 26125 26125
-1
1 9665 9665
1 9547 9547
-1
1 6518 6518
0 0 14933
1 6494 6494
-1
1 26041 26041
-1
1 4025 4025
0 0 14551
0 0 12744
0 0 5271
0 0 11803
-1
1 1122 1122
1 6174 6174
1 26847 26847
-1
1 2 2
-1
1 10870 10870
0 0 1789
1 12602 12602
1 8570 8570
0 0 12918
0 0 11452
0 0 8485
0 0 8600
-1
0 0 874
0 0 5297
0 0 7519
0 0 5546
0 0 14565
-1
-1
1 5042 5042
0 0 15414
1 26938 26938
-1
1 26312 26312
0 0 4558
0 0 13649
-1
-1
0 0 4043
1 15459 15459
1 1004 1004
1 21814 21814
-1
-1
0 0 1072
0 0 11597
-1
-1
-1
0 0 11240
-1
0 0 13520
1 22984 22984
1 29729 29729
-1
-1
1 32237 32237
1 777 777
1 27397 27397
-1
-1
1 14519 14519
1 13764 13764
-1
0 0 8053
0 0 5960
-1
-1
0 0 10871
0 0 7125
1 11447 11447
0 0 1092
-1
0 0 683
1 14961 14961
1 11923 11923
-1
1 7056 7056
1 26683 26683
1 24695 24695
1 1329 1329
-1
1 22506 22506
0 0 12762
1 15112 15112
0 0 7451
-1
-1
-1
-1
-1
0 0 4667
1 3789 3789
1 9389 9389
-1
1 21180 21180
1 15742 15742
0 0 13736
-1
1 15578 15578
-1
-1
1 27620 27620
0 0 5257
-1
1 19839 19839
0 0 1383
-1
1 27640 27640
-1
0 0 3282
0 0 15570
0 0 7181
-1
-1
-1
1 8494 8494
-1
-1
0 0 3145
0 0 11243
1 14444 14444
1 22866 22866
-1
-1
0 0 6634
-1
0 0 11422
-1
-1
-1
1 30850 30850
-1
1 4902 4902
-1
-1
0 0 3608
-1
1 11201 11201
1 6360 6360
0 0 5699
0 0 119
-1
0 0 13508
0 0 3250
1 17042 17042
0 0 7924
0 0 14474
0 0 830
-1
-1
0 0 13847
0 0 14728
-1
0 0 7538
1 16378 16378
-1
0 0 311
-1
0 0 2889
0 0 592
0 0 2655
-1
0 0 9667
1 13958 13958
1 14213 14213
-1
0 0 5164
1 29372 29372
0 0 7031
0 0 2499
1 28927 28927
-1
1 24025 24025
0 0 11812
1 16482 16482
-1
0 0 7469
-1
-1
1 9521 9521
-1
-1
1 27854 27854
-1
0 0 13241
-1
-1
-1
-1
1 24183 24183
0 0 7551
-1
0 0 9461
1 10735 10735
0 0 10005
1 15303 15303
0 0 10323
-1
1 18324 18324
1 10646 10646
-1
1 30814 30814
1 210 210
-1
1 15508 15508
-1
0 0 10040
-1
0 0 1789
1 15731 15731
-1
1 30606 30606
1 14930 14930
-1
-1
1 29013 29013
1 26421 26421
-1
-1
1 28162 28162
0 0 1913
0 0 1627
1 14015 14015
1 4800 4800
-1
1 27823 27823
0 0 11348
1 27087 27087
1 19143 19143
-1
0 0 7706
-1
-1
-1
1 28819 28819
1 25659 25659
1 22880 22880
1 10330 10330
1 9203 9203
0 0 9470
0 0 12507
1 15981 15981
1 20464 20464
1 14289 14289
0 0 2246
1 19723 19723
1 13854 13854
-1
0 0 6416
1 21586 21586
-1
1 12378 12378
0 0 8880
1 29363 29363
0 0 7434
-1
0 0 1336
1 3443 3443
-1
-1
0 0 10517
0 0 9365
-1
1 312 312
0 0 4556
0 0 10532
1 10370 10370
-1
-1
0 0 15046
1 4395 4395
0 0 3489
1 6602 6602
1 2186 2186
0 0 11226
0 0 12318
-1
1 8750 8750
-1
-1
-1
-1
-1
0 0 13748
1 11326 11326
-1
-1
0 0 15598
1 24137 24137
0 0 6461
1 9793 9793
1 26932 26932
0 0 10631
0 0 4077
1 26275 26275
1 26240 26240
-1
1 29658 29658
-1
-1
0 0 16149
-1
-1
0 0 15124
-1
0 0 12549
0 0 7674
-1
1 7781 7781
0 0 12029
1 30338 30338
0 0 4607
0 0 7481
0 0 8835
0 0 2980
1 10606 10606
1 8141 8141
0 0 3950
-1
1 25707 25707
0 0 8813
-1
0 0 11500
-1
1 31156 31156
0 0 9771
1 23795 23795
-1
-1
1 27519 27519
1 20966 20966
-1
1 16043 16043
0 0 15040
-1
1 11501 11501
1 2046 2046
0 0 10391
-1
1 4744 4744
1 11395 11395
-1
0 0 7678
1 3093 3093
-1
-1
1 12224 12224
1 13484 13484
1 15438 15438
-1
-1
1 19447 19447
1 16998 16998
-1
0 0 15142
1 1719 1719
0 0 6445
1 7389 7389
1 10664 10664
1 12094 12094
1 28183 28183
-1
-1
-1
0 0 5918
-1
0 0 9418
-1
0 0 9038
-1
0 0 7543
1 20712 20712
-1
-1
0 0 6142
-1
0 0 4404
1 6791 6791
-1
1 5984 5984
0 0 12031
0 0 10874
1 6209 6209
1 25283 25283
0 0 3477
1 31139 31139
0 0 2543
0 0 9521
-1
0 0 4055
1 19714 19714
-1
0 0 3818
0 0 15106
-1
-1
-1
-1
0 0 7185
0 0 7050
0 0 15691
-1
0 0 787
-1
0 0 2737
0 0 1012
-1
1 19600 19600
0 0 14961
-1
0 0 2059
-1
0 0 4241
1 14168 14168
-1
0 0 3463
-1
0 0 5915
1 2766 2766
1 5207 5207
0 0 9558
-1
-1
-1
0 0 14349
1 13666 13666
1 15248 15248
-1
1 19346 19346
0 0 7310
-1
0 0 14203
0 0 9236
1 7919 7919
-1
0 0 15791
0 0 9298
0 0 5745
1 25739 25739
-1
0 0 1538
0 0 874
1 10357 10357
0 0 9751
1 25078 25078
-1
1 31574 31574
-1
-1
1 26191 26191
1 29531 29531
0 0 8040
1 17111 17111
-1
-1
-1
-1
-1
1 12750 12750
-1
0 0 6379
-1
0 0 4142
-1
0 0 2506
1 8992 8992
1 3408 3408
0 0 3578
1 8392 8392
0 0 4068
0 0 4813
-1
0 0 3592
0 0 10900
0 0 4945
0 0 14692
0 0 7774
1 16914 16914
1 31425 31425
-1
0 0 6567
-1
0 0 4834
0 0 12809
-1
1 9320 9320
0 0 184
0 0 7224
-1
1 14234 14234
-1
1 4382 4382
0 0 7190
0 0 3953
-1
1 24475 24475
1 281 281
1 7220 7220
1 31168 31168
0 0 15929
-1
0 0 10093
0 0 2839
0 0 997
-1
0 0 7672
-1
0 0 3309
-1
-1
-1
-1
1 9080 9080
1 14855 14855
1 14924 14924
1 24157 24157
0 0 5175
0 0 16243
0 0 239
0 0 5905
1 16547 16547
0 0 4985
-1
-1
0 0 11626
-1
1 28268 28268
1 31963 31963
0 0 14971
0 0 2102
-1
0 0 2956
0 0 6233
0 0 13355
-1
-1
1 14307 14307
0 0 2229
1 13667 13667
-1
1 28954 28954
-1
1 1686 1686
1 30771 30771
1 1051 1051
0 0 12564
0 0 1176
-1
0 0 5934
1 4849 4849
-1
-1
1 26510 26510
1 26655 26655
0 0 8331
1 14144 14144
1 22029 22029
-1
0 0 1570
-1
1 4974 4974
-1
0 0 7884
0 0 4882
0 0 8316
1 23166 23166
-1
0 0 13039
1 27691 27691
1 27608 27608
1 5751 5751
-1
-1
-1
1 13184 13184
1 18874 18874
0 0 3259
0 0 4966
1 10929 10929
0 0 15746
0 0 7686
-1
-1
1 1781 1781
-1
0 0 6319
1 12426 12426
0 0 14377
0 0 4875
1 27030 27030
1 9297 9297
0 0 11837
-1
0 0 8610
-1
-1
0 0 5008
-1
-1
-1
0 0 13614
0 0 4284
-1
0 0 7213
1 8254 8254
0 0 16167
0 0 15712
-1
1 26572 26572
-1
-1
-1
1 15806 15806
1 24742 24742
1 21388 21388
-1
0 0 4224
-1
1 25322 25322
-1
1 1842 1842
-1
0 0 9065
1 856 856
-1
0 0 10035
-1
0 0 9529
-1
-1
0 0 15451
1 21936 21936
-1
1 18573 18573
-1
-1
0 0 12861
-1
-1
0 0 9731
0 0 6573
-1
0 0 838
1 26314 26314
-1
0 0 15209
-1
1 5637 5637
0 0 3587
-1
0 0 8251
0 0 8416
1 30110 30110
1 23980 23980
0 0 8709
1 31893 31893
-1
1 28074 28074
0 0 15684
0 0 2586
1 26133 26133
1 21368 21368
1 15013 15013
0 0 14575
1 21881 21881
1 14164 14164
-1
1 19182 19182
1 11302 11302
-1
0 0 11423
0 0 4262
0 0 49
0 0 12071
1 12646 12646
-1
0 0 1809
0 0 16324
1 12154 12154
-1
-1
1 7183 7183
1 29042 29042
-1
1 11675 11675
0 0 5728
-1
1 23154 23154
1 19527 19527
0 0 13225
0 0 11284
0 0 7598
1 5985 5985
1 30413 30413
0 0 5836
0 0 13470
0 0 13682
0 0 519
1 29004 29004
1 19467 19467
1 21381 21381
0 0 1828
1 4350 4350
-1
0 0 2449
0 0 2495
-1
1 29612 29612
0 0 15019
0 0 1158
1 17161 17161
1 27986 27986
1 29679 29679
0 0 4621
1 24090 24090
-1
1 11114 11114
0 0 14615
0 0 10189
0 0 14231
0 0 4030
0 0 8398
-1
-1
0 0 10183
-1
1 29138 29138
-1
-1
1 1277 1277
0 0 9073
1 5471 5471
1 30420 30420
0 0 13086
1 9235 9235
0 0 14250
-1
-1
0 0 15640
-1
-1
0 0 12492
1 12285 12285
-1
0 0 7337
1 891 891
0 0 5975
0 0 4585
-1
1 19514 19514
1 15985 15985
1 19721 19721
1 14027 14027
0 0 8549
0 0 6512
-1
0 0 3438
-1
-1
0 0 6468
1 23226 23226
-1
1 3206 3206
-1
0 0 14634
0 0 11510
-1
0 0 1611
0 0 11624
0 0 15285
0 0 1104
0 0 14805
0 0 12162
1 6002 6002
0 0 15179
-1
-1
0 0 14390
-1
-1
-1
0 0 3215
-1
1 17987 17987
1 30323 30323
1 28957 28957
0 0 12348
-1
1 17804 17804
1 22862 22862
0 0 6026
-1
1 23970 23970
0 0 7737
-1
0 0 13526
-1
-1
-1
1 9816 9816
-1
-1
0 0 2487
0 0 1083
-1
0 0 15467
1 22292 22292
1 10008 10008
1 23602 23602
0 0 12441
-1
1 22375 22375
1 25150 25150
1 30496 30496
1 32639 32639
0 0 13966
-1
1 4817 4817
1 28301 28301
-1
1 23517 23517
-1
0 0 5198
0 0 8648
1 6196 6196
0 0 12221
-1
0 0 9363
1 8938 8938
-1
1 9168 9168
1 28378 28378
1 11362 11362
0 0 7730
0 0 6509
-1
1 32438 32438
1 5125 5125
1 20920 20920
1 15523 15523
0 0 4376
0 0 1542
-1
1 4661 4661
0 0 10473
-1
0 0 6427
1 5078 5078
-1
0 0 5908
0 0 2735
0 0 14203
-1
-1
1 29804 29804
0 0 589
1 16047 16047
-1
-1
0 0 3308
1 20606 20606
1 2529 2529
1 1722 1722
-1
-1
-1
-1
1 7904 7904
-1
1 14144 14144
1 9921 9921
0 0 4319
-1
0 0 13212
-1
1 23385 23385
-1
0 0 4026
-1
1 19630 19630
1 20994 20994
0 0 1202
1 19759 19759
1 3532 3532
-1
-1
1 29375 29375
-1
-1
1 25443 25443
-1
1 26112 26112
-1
1 23294 23294
-1
0 0 2701
1 10714 10714
-1
1 20617 20617
0 0 2688
1 13932 13932
0 0 14435
0 0 11063
-1
1 15496 15496
1 10489 10489
0 0 3743
1 23829 23829
1 1645 1645
-1
-1
1 27110 27110
1 7567 7567
-1
1 20027 20027
0 0 4324
-1
1 2521 2521
0 0 8684
1 25342 25342
-1
1 12484 12484
1 23104 23104
1 30688 30688
1 9083 9083
0 0 8075
-1
1 5977 5977
0 0 3541
-1
0 0 8102
1 13672 13672
-1
1 3799 3799
-1
0 0 4560
0 0 15537
1 18316 18316
1 4772 4772
0 0 212
0 0 506
-1
1 5659 5659
-1
0 0 9051
-1
1 4293 4293
-1
0 0 3894
1 15239 15239
1 18422 18422
0 0 619
1 1047 1047
1 3608 3608
1 11635 11635
1 22967 22967
-1
1 29801 29801
-1
0 0 2219
0 0 15003
-1
-1
0 0 11563
-1
0 0 4057
0 0 861
0 0 628
0 0 6274
0 0 15513
-1
0 0 14761
-1
1 28797 28797
1 23591 23591
-1
1 12725 12725
-1
1 19724 19724
1 21045 21045
1 18084 18084
-1
-1
1 13854 13854
1 25782 25782
-1
-1
0 0 10978
-1
1 31032 31032
-1
-1
-1
-1
-1
-1
-1
-1
-1
-1
-1
1 13355 13355
-1
-1
-1
1 12386 12386
0 0 14292
0 0 2340
0 0 359
-1
0 0 15784
-1
-1
0 0 4467
1 10818 10818
1 22805 22805
1 30335 30335
1 4507 4507
0 0 11456
0 0 15141
-1
-1
-1
-1
0 0 6204
1 17824 17824
-1
-1
-1
0 0 2406
1 25756 25756
-1
0 0 4307
0 0 5980
1 17889 17889
0 0 4983
0 0 3641
-1
0 0 4207
-1
1 7744 7744
-1
-1
-1
1 17078 17078
0 0 14987
-1
1 4091 4091
1 28082 28082
1 9290 9290
0 0 366
1 1415 1415
1 32707 32707
1 10823 10823
0 0 7320
0 0 551
0 0 11607
1 9205 9205
-1
1 10959 10959
1 13803 13803
1 20875 20875
-1
0 0 654
1 17190 17190
1 24344 24344
0 0 4541
1 32094 32094
-1
0 0 15998
0 0 5
-1
0 0 5157
-1
1 20177 20177
0 0 3295
-1
-1
-1
1 15633 15633
-1
1 8171 8171
0 0 5986
-1
0 0 8056
0 0 2436
-1
0 0 10724
-1
1 717 717
1 29268 29268
-1
1 16815 16815
0 0 7690
1 29202 29202
1 22049 22049
1 12398 12398
1 31627 31627
1 8129 8129
0 0 9459
1 16861 16861
1 1586 1586
-1
1 21251 21251
1 1327 1327
-1
1 9358 9358
1 29671 29671
-1
0 0 16092
0 0 333
0 0 331
0 0 3753
-1
1 25978 25978
-1
0 0 9863
-1
1 14339 14339
0 0 11042
1 7559 7559
1 2153 2153
-1
1 11693 11693
1 1395 1395
1 8361 8361
0 0 4514
1 2230 2230
0 0 7904
1 31314 31314
-1
-1
-1
0 0 1922
1 18753 18753
-1
0 0 11414
1 19764 19764
0 0 9891
1 6901 6901
-1
0 0 10326
-1
-1
0 0 16160
-1
-1
1 29193 29193
0 0 815
0 0 15901
1 5420 5420
1 15870 15870
0 0 16212
-1
-1
0 0 10883
0 0 5820
-1
0 0 6286
1 7961 7961
1 32602 32602
0 0 2261
0 0 10923
0 0 5917
-1
1 30128 30128
0 0 2534
1 32518 32518
0 0 1090
-1
1 318 318
-1
-1
0 0 5508
-1
-1
1 5527 5527
1 9987 9987
1 21580 21580
-1
0 0 911
1 14637 14637
-1
0 0 16027
0 0 4770
-1
0 0 6722
1 30889 30889
0 0 4864
1 20724 20724
1 23515 23515
-1
0 0 9407
0 0 7148
1 7973 7973
1 23176 23176
0 0 10063
-1
-1
1 22743 22743
1 14196 14196
-1
-1
-1
-1
0 0 15753
-1
1 31807 31807
1 22424 22424
0 0 4729
-1
1 30003 30003
1 11153 11153
1 14682 14682
-1
0 0 8983
-1
1 16463 16463
-1
1 29394 29394
0 0 3492
0 0 15509
-1
0 0 8231
0 0 6197
0 0 4492
1 10401 10401
0 0 4854
-1
-1
0 0 8961
0 0 1731
1 19006 19006
0 0 5251
1 11235 11235
-1
-1
-1
1 11825 11825
1 31233 31233
-1
-1
0 0 2218
1 13307 13307
0 0 2042
0 0 15745
0 0 4947
1 2855 2855
1 5096 5096
1 24440 24440
1 14582 14582
0 0 12001
0 0 15561
1 21612 21612
1 18693 18693
0 0 2000
-1
1 18860 18860
1 6666 6666
1 31400 31400
1 20085 20085
-1
1 3631 3631
-1
1 25888 25888
-1
0 0 10632
1 1336 1336
0 0 694
0 0 14994
1 24131 24131
-1
0 0 13898
0 0 16340
-1
0 0 13469
1 4233 4233
-1
0 0 4178
0 0 16174
1 9327 9327
-1
-1
1 5049 5049
-1
1 28921 28921
-1
-1
1 26017 26017
1 25043 25043
-1
0 0 381
1 13242 13242
1 22515 22515
-1
0 0 2114
1 27740 27740
1 15599 15599
-1
1 22155 22155
-1
-1
1 25627 25627
1 8914 8914
0 0 13320
-1
0 0 12104
-1
1 18831 18831
-1
1 6775 6775
-1
-1
-1
-1
0 0 6011
1 25130 25130
0 0 3720
1 27845 27845
0 0 7032
-1
-1
0 0 2770
0 0 5267
-1
1 22952 22952
0 0 1778
-1
-1
-1
1 24166 24166
-1
1 31381 31381
0 0 6258
1 8184 8184
0 0 10545
-1
0 0 5782
0 0 9201
1 8223 8223
1 5958 5958
-1
-1
-1
1 3369 3369
1 31237 31237
1 26909 26909
1 2493 2493
1 1271 1271
1 26356 26356
-1
0 0 10679
1 16636 16636
1 32730 32730
-1
0 0 2995
0 0 15132
0 0 5980
-1
-1
-1
-1
-1
1 12967 12967
-1
0 0 387
-1
0 0 5680
0 0 802
1 668 668
1 32258 32258
0 0 15138
1 5615 5615
1 11638 11638
1 3741 3741
-1
1 11741 11741
0 0 2909
0 0 4765
-1
-1
1 7395 7395
-1
0 0 12735
1 10136 10136
0 0 6429
0 0 10745
0 0 7168
1 3058 3058
0 0 15025
1 20080 20080
-1
0 0 6996
-1
1 7343 7343
0 0 14583
0 0 4001
-1
-1
1 4879 4879
-1
-1
1 18735 18735
0 0 13808
-1
0 0 11811
1 10608 10608
1 18097 18097
0 0 6372
0 0 14650
-1
-1
1 17622 17622
1 19740 19740
-1
0 0 13485
0 0 12862
-1
1 26814 26814
-1
-1
1 3050 3050
-1
1 15351 15351
0 0 11492
-1
-1
0 0 9519
0 0 9477
-1
-1
1 10412 10412
0 0 14991
-1
-1
1 19253 19253
1 22291 22291
0 0 266
-1
1 21220 21220
1 7470 7470
-1
-1
-1
0 0 15667
-1
1 24579 24579
-1
1 19434 19434
-1
-1
1 31031 31031
-1
0 0 2118
-1
1 27585 27585
-1
0 0 6829
0 0 10231
-1
-1
-1
1 28833 28833
-1
0 0 12980
1 18588 18588
-1
1 7808 7808
0 0 2312
0 0 11917
1 20950 20950
0 0 15723
-1
-1
0 0 6304
1 15644 15644
-1
0 0 2745
0 0 3336
1 8068 8068
0 0 14608
1 8655 8655
-1
0 0 5931
1 12804 12804
0 0 12484
1 3376 3376
0 0 1077
0 0 13451
0 0 14586
-1
0 0 14298
-1
-1
1 7768 7768
-1
0 0 11086
-1
-1
-1
-1
-1
0 0 16372
1 12488 12488
1 31589 31589
-1
0 0 4520
1 24390 24390
0 0 14087
0 0 1286
1 13186 13186
0 0 2600
0 0 5553
1 17405 17405
-1
0 0 8037
-1
0 0 3728
1 6662 6662
0 0 4634
1 24003 24003
1 27505 27505
-1
0 0 14477
-1
1 25139 25139
0 0 458
-1
0 0 7804
-1
-1
1 2555 2555
1 18972 18972
1 27612 27612
-1
1 9977 9977
0 0 7003
0 0 2620
0 0 16320
-1
-1
0 0 6394
-1
-1
-1
-1
0 0 1624
-1
-1
1 8597 8597
0 0 9288
1 4445 4445
-1
1 10256 10256
-1
-1
0 0 15100
1 11544 11544
1 16535 16535
0 0 8380
-1
-1
1 23957 23957
0 0 15190
1 16300 16300
-1
0 0 134
1 20393 20393
-1
1 26881 26881
0 0 3846
0 0 2680
1 32441 32441
0 0 11699
1 17813 17813
-1
0 0 13311
1 26961 26961
0 0 6543
0 0 11614
-1
0 0 1682
-1
0 0 12562
0 0 2868
1 28179 28179
0 0 3749
0 0 6733
0 0 16180
0 0 3155
-1
1 899 899
0 0 15639
-1
0 0 2601
-1
0 0 5622
-1
0 0 14928
1 23832 23832
1 23301 23301
-1
0 0 2971
0 0 3704
0 0 9288
0 0 2641
0 0 16219
0 0 6726
1 21466 21466
-1
-1
0 0 15708
1 28388 28388
-1
-1
1 26828 26828
0 0 12656
1 17337 17337
0 0 109
-1
1 25784 25784
0 0 10641
0 0 373
0 0 254
1 31112 31112
0 0 931
1 23003 23003
-1
-1
-1
1 2695 2695
-1
0 0 1601
-1
-1
0 0 10331
1 3689 3689
-1
1 6206 6206
-1
1 9152 9152
-1
1 4161 4161
-1
1 13863 13863
-1
0 0 119
-1
-1
0 0 14241
1 15207 15207
1 4793 4793
-1
0 0 9572
-1
-1
0 0 8069
1 16579 16579
0 0 15161
0 0 10692
0 0 3265
-1
0 0 14722
0 0 6042
1 17208 17208
1 6832 6832
0 0 7472
1 2693 2693
-1
0 0 6080
0 0 2357
-1
0 0 13815
1 385 385
-1
1 29173 29173
1 4795 4795
-1
-1
-1
1 4445 4445
0 0 15223
0 0 665
1 25955 25955
0 0 7678
0 0 5869
0 0 13225
0 0 16029
0 0 16250
0 0 1273
0 0 14635
1 29079 29079
-1
-1
1 7766 7766
-1
-1
-1
-1
1 25754 25754
1 32542 32542
1 28063 28063
1 11644 11644
1 1748 1748
-1
-1
1 31257 31257
-1
1 16609 16609
-1
1 9123 9123
1 13948 13948
0 0 15856
-1
1 22138 22138
0 0 11962
-1
1 27287 27287
-1
0 0 16192
0 0 5829
1 30997 30997
-1
1 21916 21916
-1
-1
1 15550 15550
1 12110 12110
0 0 2216
1 12383 12383
1 11009 11009
-1
0 0 8509
0 0 14916
1 27058 27058
-1
-1
1 30038 30038
-1
1 3215 3215
0 0 7787
0 0 10787
1 12717 12717
0 0 9616
-1
0 0 14808
0 0 13247
-1
-1
1 12094 12094
0 0 14312
0 0 8859
1 32520 32520
0 0 12853
-1
0 0 9452
1 23125 23125
1 19209 19209
-1
0 0 13085
1 28979 28979
-1
-1
1 8859 8859
-1
0 0 2367
0 0 935
-1
0 0 4185
0 0 4494
-1
1 26815 26815
0 0 8559
0 0 4828
1 4909 4909
1 28899 28899
1 27829 27829
-1
1 12417 12417
1 26316 26316
0 0 10398
-1
1 6710 6710
-1
1 26543 26543
1 25140 25140
0 0 6696
1 22667 22667
0 0 4095
1 6689 6689
0 0 10726
1 28516 28516
-1
0 0 2702
0 0 5515
0 0 15747
0 0 15931
1 21951 21951
1 1680 1680
1 2020 2020
0 0 2626
0 0 4924
1 22800 22800
0 0 3651
1 20281 20281
1 12807 12807
-1
-1
0 0 15810
-1
0 0 13536
0 0 5705
-1
-1
-1
-1
1 7103 7103
1 18609 18609
-1
0 0 9723
0 0 12556
0 0 9626
0 0 13945
-1
0 0 15345
1 15551 15551
0 0 8902
-1
1 2968 2968
-1
-1
0 0 2820
1 9698 9698
1 30118 30118
-1
0 0 2322
-1
1 6000 6000
-1
0 0 15459
-1
-1
1 2942 2942
1 193 193
0 0 15686
0 0 7581
0 0 11849
-1
-1
1 11808 11808
-1
0 0 5932
0 0 15985
0 0 3649
1 14896 14896
0 0 188
-1
0 0 15731
1 31903 31903
1 8691 8691
0 0 1596
1 17699 17699
0 0 13697
-1
0 0 13444
1 18151 18151
0 0 438
-1
-1
1 13364 13364
0 0 1909
-1
0 0 15768
1 4574 4574
-1
-1
1 2278 2278
-1
1 29961 29961
1 871 871
0 0 15245
0 0 13409
-1
-1
1 3231 3231
-1
0 0 5600
-1
1 14712 14712
0 0 15079
0 0 5192
0 0 12922
0 0 13742
-1
0 0 2137
1 29822 29822
1 12856 12856
0 0 2110
0 0 3055
0 0 5619
1 13484 13484
-1
1 24766 24766
0 0 12308
1 29837 29837
1 19841 19841
1 10608 10608
0 0 16041
1 25442 25442
-1
0 0 9218
-1
-1
-1
1 30468 30468
-1
-1
0 0 11368
0 0 14580
-1
0 0 6524
0 0 2526
-1
0 0 16382
0 0 10816
0 0 6745
-1
-1
0 0 2776
0 0 1105
1 8574 8574
-1
1 13514 13514
1 19662 19662
1 5960 5960
-1
-1
-1
1 22052 22052
-1
-1
0 0 1981
0 0 15075
-1
1 13084 13084
0 0 15185
1 5714 5714
0 0 2788
-1
-1
-1
1 19887 19887
0 0 11257
-1
0 0 5
1 3403 3403
1 13349 13349
-1
1 17476 17476
0 0 15640
-1
1 9630 9630
1 18570 18570
-1
0 0 13373
0 0 8850
0 0 8547
-1
-1
0 0 6840
0 0 9771
-1
1 28092 28092
-1
1 24204 24204
1 2394 2394
0 0 6141
-1
1 7982 7982
-1
0 0 10750
-1
1 31990 31990
-1
0 0 13906
0 0 2256
-1
0 0 13201
1 13963 13963
0 0 2872
-1
1 18784 18784
-1
1 7596 7596
0 0 15010
1 16536 16536
1 19451 19451
1 28117 28117
0 0 6589
1 21924 21924
0 0 7387
1 11839 11839
0 0 8738
-1
-1
0 0 4041
0 0 4427
1 19594 19594
-1
0 0 4647
1 6614 6614
1 382 382
1 20990 20990
1 6468 6468
1 25180 25180
-1
-1
1 32278 32278
-1
0 0 5088
-1
0 0 14048
1 17515 17515
0 0 7312
1 26706 26706
1 26382 26382
-1
0 0 15425
-1
1 25889 25889
1 31140 31140
-1
-1
1 18415 18415
0 0 6937
-1
-1
-1
0 0 4372
-1
0 0 13914
0 0 11097
1 20108 20108
0 0 10870
-1
0 0 9115
-1
-1
-1
-1
1 28155 28155
0 0 5298
1 5276 5276
-1
-1
-1
1 32624 32624
0 0 7169
1 16576 16576
0 0 11521
0 0 10680
-1
1 25986 25986
1 19070 19070
0 0 7753
0 0 1121
-1
0 0 16167
1 19069 19069
1 4184 4184
-1
-1
1 21774 21774
0 0 4580
1 17807 17807
-1
0 0 6250
-1
0 0 12052
1 23108 23108
-1
0 0 6310
1 5211 5211
0 0 809
0 0 1123
-1
1 4902 4902
0 0 8614
0 0 11019
0 0 869
0 0 14336
0 0 10157
0 0 6130
-1
0 0 939
1 1850 1850
0 0 12002
1 14073 14073
1 10498 10498
1 30391 30391
-1
0 0 3150
-1
1 14645 14645
1 7953 7953
0 0 4329
0 0 9103
0 0 5398
1 2601 2601
-1
1 5392 5392
-1
0 0 6358
-1
1 6489 6489
1 6341 6341
0 0 10329
0 0 15417
0 0 14414
1 8761 8761
1 135 135
1 2470 2470
1 17904 17904
-1
1 11562 11562
0 0 2197
1 12127 12127
0 0 3818
1 22994 22994
0 0 11369
1 23142 23142
1 18886 18886
0 0 6834
-1
0 0 1084
1 12450 12450
0 0 16255
-1
0 0 11710
-1
1 14960 14960
0 0 247
1 29259 29259
1 27658 27658
-1
0 0 9032
1 21811 21811
0 0 15744
0 0 11343
1 623 623
-1
-1
0 0 10624
1 14036 14036
1 27340 27340
1 24210 24210
1 1921 1921
0 0 14513
0 0 14062
0 0 4167
1 21751 21751
1 13456 13456
1 26312 26312
-1
0 0 5364
0 0 6162
1 14494 14494
1 27326 27326
0 0 13450
1 18879 18879
0 0 9587
-1
0 0 3827
1 30030 30030
0 0 4878
-1
1 264 264
0 0 11980
0 0 12309
0 0 929
-1
-1
-1
1 24321 24321
0 0 12513
1 17558 17558
-1
0 0 1656
1 15146 15146
0 0 15292
1 4881 4881
1 25000 25000
0 0 6587
0 0 10296
-1
1 10458 10458
-1
0 0 11765
1 17801 17801
-1
-1
-1
1 7583 7583
-1
0 0 10344
0 0 6868
1 8386 8386
0 0 14694
0 0 3429
1 28642 28642
0 0 2368
1 22476 22476
-1
0 0 10949
1 9309 9309
1 348 348
1 270 270
0 0 5269
-1
0 0 15378
1 1123 1123
1 16808 16808
-1
-1
0 0 3271
-1
0 0 6337
0 0 13487
0 0 1836
1 17755 17755
1 3961 3961
-1
-1
1 121 121
0 0 3570
-1
1 12139 12139
0 0 159
-1
-1
1 17992 17992
0 0 12760
0 0 569
1 18141 18141
-1
-1
0 0 2675
1 5126 5126
-1
1 6867 6867
1 1392 1392
-1
-1
1 11827 11827
-1
-1
0 0 13760
0 0 4302
-1
1 28044 28044
1 22209 22209
-1
1 13999 13999
0 0 8150
0 0 5991
-1
1 19959 19959
1 22260 22260
1 22006 22006
0 0 11047
0 0 13767
1 141 141
0 0 991
1 24384 24384
0 0 1825
1 28341 28341
-1
1 7121 7121
0 0 13675
0 0 11424
1 578 578
-1
0 0 15424
-1
-1
0 0 11692
-1
0 0 2264
0 0 9925
1 9062 9062
1 19250 19250
-1
0 0 16165
1 19006 19006
1 7017 7017
-1
1 19465 19465
-1
0 0 15883
-1
1 8371 8371
1 29466 29466
0 0 11802
0 0 12245
-1
0 0 9322
-1
0 0 5322
0 0 1672
1 17862 17862
1 9836 9836
0 0 10660
0 0 9813
1 15965 15965
0 0 8671
0 0 1704
1 31735 31735
1 10075 10075
1 12275 12275
0 0 355
0 0 4599
1 32339 32339
0 0 13603
0 0 13549
0 0 10395
1 561 561
1 24041 24041
0 0 12839
-1
0 0 7640
0 0 5953
-1
-1
-1
-1
0 0 5028
0 0 3787
0 0 9045
1 2682 2682
1 4538 4538
-1
-1
0 0 1011
0 0 8752
0 0 15437
1 7359 7359
1 3947 3947
-1
0 0 15099
0 0 6203
0 0 9528
1 3452 3452
-1
-1
0 0 15083
-1
0 0 11746
1 12494 12494
0 0 12087
1 15814 15814
0 0 5245
0 0 12585
1 11646 11646
0 0 14824
1 21440 21440
0 0 7794
0 0 672
-1
0 0 7484
1 16134 16134
1 28002 28002
-1
0 0 2717
-1
1 3975 3975
0 0 5987
1 6741 6741
-1
-1
-1
-1
-1
0 0 13970
1 1041 1041
0 0 16225
-1
-1
0 0 14307
1 27186 27186
1 1111 1111
0 0 7836
0 0 1238
-1
0 0 8469
-1
0 0 2671
0 0 6728
-1
1 24101 24101
0 0 15489
0 0 16169
0 0 11281
1 18727 18727
1 4829 4829
-1
0 0 9460
0 0 16069
-1
1 1560 1560
1 509 509
1 2314 2314
0 0 7046
-1
0 0 6529
1 10316 10316
0 0 15458
1 2994 2994
-1
-1
0 0 6139
1 2241 2241
0 0 13702
0 0 11588
1 10819 10819
-1
0 0 14522
-1
0 0 3761
0 0 5449
-1
-1
1 10143 10143
-1
1 30788 30788
-1
-1
1 25961 25961
1 10122 10122
-1
0 0 7233
1 20517 20517
1 13657 13657
0 0 9150
0 0 13714
-1
1 10482 10482
-1
1 15833 15833
-1
1 8810 8810
-1
-1
-1
1 4907 4907
-1
-1
1 6746 6746
-1
-1
-1
1 20997 20997
-1
0 0 1272
0 0 989
0 0 9722
-1
1 3144 3144
-1
0 0 6033
1 5559 5559
-1
1 7256 7256
1 19643 19643
1 29064 29064
-1
0 0 5898
-1
1 21755 21755
-1
-1
-1
0 0 11364
0 0 767
1 3597 3597
0 0 13218
0 0 13691
-1
1 12924 12924
0 0 12774
-1
1 3051 3051
-1
0 0 916
1 8255 8255
1 32086 32086
-1
0 0 3870
0 0 4936
1 25636 25636
-1
-1
-1
0 0 14397
0 0 318
-1
0 0 13925
-1
0 0 5389
0 0 15256
-1
1 20228 20228
0 0 8462
-1
1 19913 19913
-1
-1
-1
0 0 4182
-1
1 7840 7840
1 13865 13865
0 0 15683
0 0 692
0 0 9501
0 0 13087
1 553 553
-1
0 0 12983
1 10364 10364
-1
1 5598 5598
-1
-1
0 0 3673
0 0 15690
-1
0 0 14145
0 0 3759
0 0 5683
0 0 9404
1 2519 2519
0 0 1072
0 0 1856
0 0 13031
0 0 4022
1 18349 18349
-1
1 705 705
0 0 11429
0 0 4422
1 1531 1531
1 26739 26739
0 0 727
1 17949 17949
-1
-1
0 0 9666
1 7631 7631
0 0 10288
1 1927 1927
1 12021 12021
1 31720 31720
1 14773 14773
1 31635 31635
-1
-1
1 27731 27731
-1
0 0 15898
0 0 7364
0 0 12551
0 0 6967
-1
1 3133 3133
-1
-1
-1
1 19637 19637
-1
0 0 14235
-1
0 0 3948
1 16292 16292
0 0 6426
-1
1 4199 4199
0 0 7524
1 16053 16053
0 0 10654
1 29041 29041
1 20613 20613
0 0 4623
-1
-1
-1
0 0 16249
1 21524 21524
-1
-1
1 6468 6468
0 0 1719
0 0 7106
1 23077 23077
0 0 11677
0 0 14379
0 0 8089
0 0 3438
1 2959 2959
1 32354 32354
0 0 4495
0 0 14589
-1
1 16600 16600
-1
0 0 7337
0 0 12051
-1
1 28581 28581
-1
-1
1 22950 22950
-1
-1
1 28022 28022
0 0 201
1 10830 10830
-1
-1
1 23060 23060
-1
1 18369 18369
0 0 3986
0 0 6969
1 19859 19859
1 31975 31975
-1
1 31921 31921
1 32645 32645
-1
-1
0 0 13569
0 0 10390
0 0 6297
0 0 10186
0 0 5032
-1
-1
-1
-1
-1
-1
0 0 902
0 0 15744
0 0 15570
-1
0 0 10982
-1
1 10886 10886
1 1130 1130
-1
-1
0 0 4632
0 0 14584
0 0 14667
0 0 9664
-1
1 29336 29336
0 0 6828
0 0 5390
-1
1 4107 4107
-1
-1
0 0 3727
-1
0 0 15360
1 32745 32745
1 194 194
0 0 5856
1 9624 9624
0 0 15919
-1
0 0 13902
0 0 7717
1 5004 5004
-1
-1
-1
-1
-1
1 25398 25398
0 0 9632
1 7766 7766
0 0 2710
1 1220 1220
1 5589 5589
0 0 12395
1 23275 23275
-1
1 32554 32554
1 29912 29912
0 0 12445
1 17042 17042
-1
0 0 14183
-1
0 0 621
1 21394 21394
-1
1 13627 13627
-1
1 17815 17815
1 19826 19826
1 10641 10641
0 0 11028
-1
0 0 8132
1 3270 3270
1 14446 14446
-1
-1
-1
0 0 13999
1 21053 21053
0 0 14988
0 0 1114
1 16509 16509
1 19236 19236
1 19127 19127
-1
-1
0 0 5353
1 6438 6438
-1
1 28687 28687
1 3974 3974
1 4220 4220
0 0 13269
0 0 9445
1 7307 7307
1 30848 30848
1 2912 2912
0 0 12962
1 20678 20678
0 0 2711
1 15132 15132
1 28482 28482
-1
0 0 11675
-1
-1
0 0 16294
1 29823 29823
-1
-1
1 7106 7106
-1
0 0 1667
-1
1 5314 5314
1 7520 7520
0 0 2504
-1
0 0 12234
0 0 2466
0 0 4527
1 26817 26817
0 0 4617
1 25089 25089
1 12998 12998
0 0 11068
-1
-1
1 12656 12656
0 0 358
-1
0 0 1002
1 4314 4314
1 16424 16424
0 0 11688
-1
1 7380 7380
-1
0 0 11536
-1
0 0 4610
-1
0 0 8455
-1
1 28772 28772
1 29600 29600
0 0 6776
-1
1 4032 4032
-1
0 0 1366
0 0 4026
1 27705 27705
1 15592 15592
1 4541 4541
0 0 976
0 0 6754
-1
-1
-1
1 5547 5547
1 25052 25052
0 0 14552
1 6563 6563
0 0 8325
1 4380 4380
1 23788 23788
-1
1 18260 18260
0 0 7406
0 0 10137
1 22732 22732
1 16333 16333
1 17034 17034
0 0 4016
-1
1 16653 16653
0 0 5572
1 11756 11756
-1
-1
0 0 3543
0 0 10925
-1
1 14318 14318
-1
1 10952 10952
0 0 13004
1 29670 29670
-1
-1
0 0 3021
1 26194 26194
0 0 4440
1 3053 3053
1 32475 32475
1 8687 8687
0 0 13614
1 2879 2879
0 0 4980
-1
-1
0 0 10338
-1
0 0 10732
0 0 13908
1 19964 19964
1 8755 8755
-1
1 3416 3416
-1
0 0 2633
1 22296 22296
0 0 10263
0 0 5360
1 7945 7945
0 0 4703
-1
0 0 184
-1
0 0 6965
-1
-1
0 0 3869
1 4515 4515
0 0 4804
1 6744 6744
-1
0 0 9443
0 0 2581
-1
1 7132 7132
-1
-1
-1
0 0 895
0 0 9011
0 0 7602
-1
0 0 3998
-1
-1
1 29523 29523
-1
-1
0 0 14509
1 12927 12927
0 0 9590
1 4331 4331
0 0 8271
0 0 13309
1 7059 7059
1 658 658
1 31633 31633
1 26933 26933
-1
0 0 8944
1 2727 2727
0 0 8089
0 0 10819
0 0 1896
0 0 2915
1 22282 22282
-1
-1
-1
1 614 614
1 31854 31854
1 15800 15800
0 0 894
1 18439 18439
1 583 583
0 0 2213
-1
-1
0 0 4508
1 1726 1726
-1
0 0 11449
1 31201 31201
1 6835 6835
0 0 4749
-1
-1
-1
-1
1 2522 2522
-1
-1
0 0 6437
0 0 11870
0 0 14013
0 0 936
1 14959 14959
0 0 9345
0 0 11371
0 0 8658
-1
-1
1 8470 8470
1 8205 8205
-1
0 0 1019
0 0 15305
0 0 4816
0 0 14417
1 30455 30455
1 5081 5081
-1
1 23229 23229
0 0 9343
0 0 5140
1 8277 8277
0 0 15141
-1
1 9716 9716
0 0 2150
0 0 10630
1 12198 12198
-1
0 0 8462
0 0 7770
-1
0 0 5484
-1
-1
0 0 2137
1 6493 6493
1 11917 11917
-1
0 0 130
-1
0 0 2514
-1
-1
1 27488 27488
1 11906 11906
1 31878 31878
-1
-1
0 0 10328
1 13169 13169
-1
0 0 2303
0 0 8201
1 17522 17522
0 0 14504
1 15722 15722
1 8030 8030
-1
1 5337 5337
1 16907 16907
-1
1 2594 2594
1 19167 19167
1 223 223
-1
-1
-1
1 11158 11158
1 31408 31408
-1
-1
0 0 9353
-1
-1
-1
-1
0 0 7447
0 0 6599
0 0 9580
0 0 13947
-1
1 6611 6611
0 0 13678
0 0 6612
-1
-1
1 19926 19926
0 0 4957
1 20627 20627
1 12414 12414
1 13235 13235
0 0 5449
1 19716 19716
-1
-1
-1
0 0 8702
0 0 16156
-1
-1
-1
0 0 13186
-1
-1
1 1951 1951
-1
-1
0 0 8127
0 0 2931
-1
-1
1 15858 15858
-1
1 13858 13858
0 0 6359
1 18786 18786
0 0 880
-1
-1
-1
-1
0 0 13065
0 0 9018
0 0 3101
1 9114 9114
-1
0 0 15198
0 0 1012
1 26824 26824
1 30871 30871
0 0 2118
0 0 15117
0 0 14292
-1
0 0 6999
0 0 4218
0 0 2624
-1
1 5376 5376
1 14415 14415
0 0 10612
1 25616 25616
0 0 123
-1
1 3661 3661
1 28830 28830
1 27160 27160
-1
0 0 5432
0 0 16275
-1
1 16356 16356
0 0 14835
1 21988 21988
-1
0 0 11170
1 22682 22682
-1
-1
0 0 12469
1 28743 28743
1 15682 15682
-1
1 9957 9957
1 21758 21758
-1
-1
1 29051 29051
-1
0 0 11356
-1
0 0 12369
-1
-1
-1
-1
1 31613 31613
1 29064 29064
1 32344 32344
1 522 522
0 0 12429
0 0 12753
1 28452 28452
0 0 15391
1 12934 12934
-1
-1
-1
0 0 11555
-1
1 29273 29273
1 9366 9366
1 28856 28856
0 0 2621
0 0 4558
0 0 3377
0 0 2631
-1
-1
1 19130 19130
0 0 2471
0 0 6830
-1
-1
0 0 12520
1 1062 1062
0 0 5544
-1
1 25792 25792
0 0 4239
-1
1 23928 23928
-1
0 0 11049
1 26023 26023
1 4980 4980
1 11464 11464
-1
1 15525 15525
1 14971 14971
1 22237 22237
-1
-1
0 0 725
0 0 8238
-1
1 1240 1240
1 27857 27857
0 0 5709
-1
0 0 16232
-1
-1
-1
0 0 12969
0 0 6245
1 4404 4404
1 22185 22185
1 2486 2486
1 3392 3392
1 16471 16471
0 0 5073
-1
1 7671 7671
-1
0 0 13244
1 4169 4169
-1
1 10477 10477
0 0 15012
1 25987 25987
0 0 7060
1 15519 15519
0 0 13330
1 20402 20402
-1
1 30069 30069
1 23442 23442
-1
-1
-1
1 3084 3084
1 32346 32346
-1
1 11561 11561
-1
0 0 11071
1 28960 28960
-1
-1
0 0 11764
0 0 13461
1 17536 17536
1 27988 27988
-1
0 0 8163
1 26175 26175
0 0 13226
1 16714 16714
-1
1 11573 11573
1 143 143
1 25993 25993
-1
1 14796 14796
0 0 2267
1 12453 12453
-1
0 0 13088
0 0 3577
1 10740 10740
-1
1 7972 7972
1 25946 25946
1 25955 25955
1 30033 30033
1 3035 3035
1 25981 25981
1 21487 21487
0 0 2299
0 0 911
-1
-1
-1
0 0 13246
0 0 3385
1 29378 29378
0 0 16276
-1
-1
0 0 1397
1 24745 24745
1 32737 32737
0 0 4009
0 0 15227
1 17383 17383
-1
1 79 79
0 0 4196
0 0 4976
1 10495 10495
-1
0 0 8490
1 30788 30788
1 13857 13857
1 15805 15805
0 0 13077
1 7158 7158
-1
0 0 10124
1 14312 14312
0 0 8136
0 0 5394
1 6929 6929
1 9406 9406
1 32476 32476
1 24462 24462
1 5951 5951
-1
-1
0 0 6629
1 13355 13355
-1
-1
1 10032 10032
0 0 1258
0 0 2565
0 0 5692
-1
1 21548 21548
1 16985 16985
1 2586 2586
-1
-1
-1
-1
0 0 3917
0 0 699
1 29427 29427
1 24724 24724
-1
1 22672 22672
1 7336 7336
1 26153 26153
-1
-1
-1
0 0 4241
-1
0 0 1532
1 16002 16002
-1
0 0 11308
-1
1 28938 28938
1 6901 6901
0 0 13489
-1
1 30470 30470
1 31787 31787
1 19544 19544
-1
-1
1 20605 20605
0 0 7851
1 29537 29537
0 0 14590
0 0 15086
0 0 2919
0 0 13922
0 0 7932
-1
1 31237 31237
-1
1 23663 23663
0 0 6402
1 18324 18324
1 5606 5606
1 6096 6096
0 0 11353
1 26600 26600
1 24798 24798
1 29861 29861
-1
-1
0 0 8043
-1
-1
0 0 9820
-1
-1
0 0 16287
1 30130 30130
1 27831 27831
-1
-1
-1
-1
-1
1 21298 21298
1 7421 7421
1 25575 25575
-1
1 5308 5308
1 25668 25668
-1
1 4477 4477
0 0 1968
-1
1 14345 14345
-1
1 31179 31179
-1
0 0 7961
0 0 11344
0 0 3245
-1
-1
0 0 10835
1 1702 1702
1 6001 6001
0 0 291
-1
1 16883 16883
1 23992 23992
-1
1 26154 26154
0 0 3039
0 0 12861
1 18456 18456
1 9345 9345
-1
-1
0 0 3471
0 0 3042
1 19654 19654
1 4358 4358
-1
-1
1 10878 10878
-1
-1
-1
1 6317 6317
-1
0 0 1561
-1
0 0 6697
-1
-1
-1
1 20900 20900
1 20429 20429
-1
-1
1 4233 4233
-1
0 0 11947
0 0 4604
0 0 8334
-1
-1
1 4215 4215
1 6193 6193
-1
-1
0 0 9604
0 0 6628
0 0 4934
-1
1 1136 1136
1 28573 28573
-1
0 0 9086
0 0 383
1 2456 2456
-1
0 0 14736
-1
1 5724 5724
-1
1 22312 22312
-1
-1
-1
0 0 8088
0 0 1406
0 0 15264
1 25285 25285
1 20302 20302
0 0 16187
1 7845 7845
-1
1 20485 20485
-1
1 30811 30811
1 12782 12782
1 19152 19152
-1
0 0 1794
1 2837 2837
1 30365 30365
1 14036 14036
1 2813 2813
1 12023 12023
0 0 14887
1 17579 17579
0 0 12390
1 2179 2179
-1
1 32282 32282
0 0 7643
0 0 6524
-1
-1
0 0 9110
-1
-1
0 0 15006
0 0 8492
0 0 3622
0 0 5125
0 0 3058
-1
1 16336 16336
-1
1 16647 16647
1 4598 4598
-1
1 25544 25544
0 0 7368
-1
0 0 12912
1 31877 31877
-1
-1
-1
-1
0 0 10036
-1
-1
-1
0 0 8184
1 24738 24738
1 1643 1643
-1
1 23637 23637
1 31287 31287
-1
0 0 6279
-1
0 0 16137
-1
-1
0 0 10560
-1
1 13097 13097
-1
-1
0 0 8353
1 20578 20578
0 0 16106
1 6483 6483
-1
1 6704 6704
-1
0 0 2137
1 13696 13696
-1
0 0 11762
0 0 4410
-1
0 0 610
1 4090 4090
-1
0 0 175
-1
0 0 13036
0 0 15463
0 0 8589
0 0 6990
1 25210 25210
0 0 14105
1 30382 30382
1 9373 9373
0 0 10090
-1
-1
1 181 181
0 0 549
-1
1 8832 8832
0 0 730
0 0 1180
0 0 2954
-1
1 20803 20803
0 0 16053
1 11436 11436
0 0 11922
0 0 11820
0 0 11090
-1
1 22178 22178
0 0 8673
-1
1 12582 12582
1 23085 23085
1 24736 24736
-1
-1
-1
0 0 6261
0 0 3313
1 12648 12648
-1
0 0 2035
0 0 3760
1 29767 29767
0 0 14769
-1
1 380 380
1 317 317
-1
-1
-1
0 0 12938
-1
0 0 14380
-1
1 30126 30126
1 3081 3081
0 0 3975
1 16653 16653
1 29306 29306
-1
0 0 6953
0 0 13879
1 29955 29955
1 26444 26444
0 0 12786
0 0 15852
1 12641 12641
-1
1 32345 32345
-1
-1
0 0 1988
1 15771 15771
1 21426 21426
1 24562 24562
0 0 12988
1 17254 17254
-1
-1
0 0 5607
1 29644 29644
0 0 14974
-1
-1
1 7602 7602
-1
-1
0 0 5943
1 29521 29521
0 0 11692
-1
-1
1 21174 21174
1 13867 13867
1 14519 14519
-1
-1
1 24999 24999
-1
0 0 9646
0 0 12950
-1
0 0 5188
-1
-1
0 0 10500
0 0 15077
1 1336 1336
-1
0 0 6019
-1
0 0 9775
1 26897 26897
-1
-1
0 0 1681
1 16270 16270
-1
0 0 7139
1 28823 28823
1 26462 26462
0 0 4837
-1
0 0 7941
-1
0 0 6475
-1
1 20350 20350
0 0 5886
1 22956 22956
1 30832 30832
-1
1 27554 27554
0 0 11078
-1
-1
0 0 11426
-1
0 0 11274
-1
-1
1 12257 12257
0 0 15602
1 4066 4066
1 6864 6864
0 0 5259
-1
1 1263 1263
1 31790 31790
1 14999 14999
-1
1 16064 16064
0 0 9403
-1
0 0 14347
-1
1 8696 8696
0 0 1271
1 10405 10405
0 0 12680
1 29010 29010
0 0 14867
-1
0 0 5635
-1
0 0 11316
-1
0 0 10196
1 25531 25531
1 26567 26567
-1
-1
1 6192 6192
-1
1 523 523
0 0 10570
-1
1 16100 16100
1 27793 27793
1 4597 4597
0 0 7400
1 267 267
-1
0 0 8852
1 10203 10203
1 3102 3102
0 0 6303
-1
1 342 342
-1
-1
1 7158 7158
1 1667 1667
0 0 171
0 0 12285
0 0 6305
-1
0 0 15554
-1
0 0 15205
0 0 13518
1 32686 32686
0 0 9593
1 16622 16622
1 5680 5680
0 0 14205
1 21993 21993
1 12474 12474
-1
-1
-1
0 0 7226
1 7863 7863
0 0 15726
0 0 11888
-1
0 0 10341
1 26751 26751
-1
1 14791 14791
0 0 12739
1 10854 10854
-1
0 0 6965
1 3023 3023
0 0 2237
1 26000 26000
1 2582 2582
1 15191 15191
-1
0 0 15441
0 0 14407
1 22826 22826
-1
1 24586 24586
1 8658 8658
-1
-1
-1
-1
-1
1 4925 4925
1 19530 19530
1 15533 15533
1 4385 4385
-1
0 0 3494
-1
1 21124 21124
-1
1 17403 17403
1 27032 27032
-1
-1
0 0 1996
-1
0 0 12219
-1
0 0 15618
0 0 3425
1 32474 32474
0 0 7480
1 16938 16938
-1
-1
1 10955 10955
1 19087 19087
1 13728 13728
1 2632 2632
1 19531 19531
-1
1 28760 28760
0 0 11728
-1
1 19206 19206
1 8927 8927
1 14157 14157
0 0 5323
-1
0 0 4663
1 31562 31562
1 29938 29938
-1
-1
-1
-1
-1
1 16650 16650
-1
1 15268 15268
1 12183 12183
0 0 965
1 16705 16705
0 0 1377
-1
1 19706 19706
1 28229 28229
-1
0 0 13922
-1
1 27873 27873
-1
0 0 7974
0 0 9512
-1
0 0 14966
0 0 5632
-1
-1
1 20223 20223
0 0 12382
0 0 9007
1 22874 22874
0 0 12993
1 4341 4341
-1
1 31117 31117
-1
0 0 13720
0 0 13529
0 0 5483
0 0 6932
-1
0 0 6741
0 0 1125
1 23379 23379
0 0 1688
-1
-1
0 0 7679
1 26857 26857
-1
0 0 9239
-1
0 0 5060
0 0 6237
1 22891 22891
1 2915 2915
-1
-1
-1
1 2245 2245
1 23615 23615
1 15822 15822
-1
-1
1 10984 10984
0 0 5153
-1
0 0 11450
1 7838 7838
1 25838 25838
1 7951 7951
0 0 14929
-1
1 18019 18019
-1
0 0 4656
0 0 8599
0 0 9077
0 0 2694
0 0 447
-1
-1
0 0 6454
1 18758 18758
0 0 2013
-1
1 393 393
1 26095 26095
1 7604 7604
-1
-1
1 28457 28457
1 19273 19273
1 14080 14080
1 11870 11870
1 23701 23701
0 0 5398
1 26041 26041
0 0 4558
0 0 2597
-1
-1
0 0 11601
-1
-1
1 8438 8438
1 71 71
0 0 3861
1 4564 4564
1 21909 21909
1 19122 19122
0 0 6818
-1
0 0 11130
1 480 480
0 0 13508
0 0 8337
1 21474 21474
0 0 11281
-1
0 0 10614
-1
0 0 2384
1 23146 23146
1 18458 18458
-1
1 464 464
1 9110 9110
0 0 10367
0 0 7324
-1
1 27660 27660
1 25600 25600
-1
1 31698 31698
0 0 7995
0 0 16142
0 0 13392
1 31930 31930
0 0 8312
1 13153 13153
0 0 8240
-1
-1
-1
-1
1 19654 19654
0 0 6509
0 0 8962
-1
0 0 3516
0 0 13348
-1
-1
1 14685 14685
1 25288 25288
1 11506 11506
1 8102 8102
-1
-1
0 0 4304
-1
0 0 6012
0 0 9341
0 0 1338
1 24709 24709
-1
1 10831 10831
1 11020 11020
-1
-1
1 17654 17654
-1
1 21389 21389
0 0 4318
0 0 3152
1 18898 18898
-1
1 26975 26975
0 0 5820
0 0 13389
1 15311 15311
0 0 9444
0 0 6218
1 12635 12635
0 0 16319
1 14685 14685
0 0 12353
-1
-1
0 0 8427
1 18888 18888
0 0 12072
0 0 6569
1 18627 18627
-1
0 0 5600
1 133 133
0 0 5121
1 6942 6942
0 0 4941
0 0 2082
0 0 2853
-1
0 0 3096
0 0 3501
0 0 12242
-1
1 18787 18787
0 0 15201
0 0 14070
-1
-1
0 0 9239
1 8532 8532
1 32245 32245
1 32530 32530
0 0 1344
-1
-1
1 22456 22456
-1
-1
1 27000 27000
1 2385 2385
0 0 8503
0 0 9937
0 0 14769
1 29218 29218
1 24661 24661
0 0 6082
0 0 12433
0 0 8580
1 30908 30908
0 0 16372
0 0 2267
1 4082 4082
0 0 12805
1 10102 10102
1 26643 26643
-1
0 0 15725
-1
1 6044 6044
1 28656 28656
1 19072 19072
-1
-1
0 0 1891
-1
0 0 3859
1 23825 23825
0 0 2323
0 0 7685
1 27915 27915
1 31886 31886
1 25824 25824
0 0 7241
-1
0 0 10412
0 0 9198
-1
1 5536 5536
0 0 1613
0 0 2379
1 24397 24397
0 0 3380
0 0 1401
1 17308 17308
1 14810 14810
1 26483 26483
-1
1 24849 24849
-1
0 0 9199
0 0 11216
-1
0 0 3969
1 1309 1309
-1
1 4796 4796
-1
-1
-1
-1
1 24835 24835
0 0 15163
1 842 842
-1
-1
-1
-1
1 22317 22317
0 0 2101
-1
1 28106 28106
-1
0 0 5147
-1
1 18029 18029
-1
-1
1 19931 19931
0 0 4812
0 0 16088
0 0 2403
0 0 1250
0 0 13562
-1
1 25079 25079
0 0 9965
0 0 5004
-1
-1
-1
0 0 2314
1 5208 5208
1 15741 15741
1 30060 30060
0 0 7925
0 0 15190
0 0 13691
1 15664 15664
-1
1 2645 2645
1 6447 6447
-1
1 5357 5357
1 21518 21518
-1
0 0 7561
0 0 7730
1 1957 1957
1 32223 32223
-1
0 0 8994
0 0 13374
1 20250 20250
-1
0 0 2922
1 31246 31246
-1
0 0 7273
1 27471 27471
-1
0 0 9316
1 12047 12047
0 0 9009
1 20635 20635
0 0 16092
1 30765 30765
1 11440 11440
1 29034 29034
-1
-1
0 0 6311
-1
1 21189 21189
0 0 14092
0 0 10531
1 10873 10873
1 12822 12822
1 3516 3516
-1
-1
-1
-1
-1
1 17338 17338
-1
1 9900 9900
0 0 13121
-1
-1
1 17478 17478
0 0 13037
0 0 1867
1 4650 4650
-1
0 0 8390
1 27814 27814
0 0 1786
1 19706 19706
1 4059 4059
1 9654 9654
1 27777 27777
0 0 2924
0 0 3261
0 0 8854
1 31084 31084
-1
-1
-1
1 31628 31628
-1
1 30921 30921
1 13899 13899
0 0 9396
-1
0 0 5717
1 29094 29094
0 0 5854
0 0 14102
1 8509 8509
0 0 15334
0 0 3581
-1
-1
0 0 11524
1 13508 13508
1 2489 2489
0 0 3562
1 17081 17081
-1
1 530 530
0 0 13269
-1
1 5523 5523
1 4459 4459
-1
0 0 12461
-1
1 16903 16903
-1
0 0 3830
1 14427 14427
-1
-1
0 0 8092
0 0 11343
1 17582 17582
0 0 14706
-1
1 30860 30860
1 14687 14687
0 0 10146
1 31005 31005
1 13107 13107
1 30111 30111
0 0 16249
-1
-1
1 13523 13523
0 0 5821
-1
0 0 1977
0 0 13018
1 29792 29792
1 1020 1020
1 24367 24367
0 0 14696
0 0 13261
-1
1 16110 16110
0 0 11651
1 29201 29201
-1
0 0 1633
-1
1 548 548
-1
0 0 16187
1 24814 24814
0 0 786
0 0 1862
1 1540 1540
1 7814 7814
-1
-1
1 1565 1565
-1
0 0 7934
0 0 6356
1 22181 22181
-1
-1
-1
1 6451 6451
1 1571 1571
-1
0 0 14651
1 23956 23956
0 0 14500
1 24077 24077
1 10876 10876
0 0 2852
1 9826 9826
0 0 5471
1 21469 21469
-1
-1
0 0 13350
0 0 11205
0 0 920
0 0 15501
-1
-1
1 2662 2662
1 29663 29663
0 0 13086
1 13287 13287
-1
0 0 10738
-1
1 25177 25177
0 0 3893
0 0 744
0 0 3054
0 0 13261
0 0 4602
0 0 6350
0 0 14013
1 9088 9088
-1
0 0 394
0 0 10807
1 27631 27631
-1
0 0 8492
0 0 9585
0 0 9906
0 0 9903
0 0 7727
0 0 3385
1 7021 7021
1 32522 32522
-1
-1
1 20782 20782
0 0 15608
-1
0 0 4054
-1
1 4101 4101
1 10113 10113
-1
1 6471 6471
1 20586 20586
1 14389 14389
0 0 12429
0 0 5669
1 23544 23544
1 30305 30305
0 0 3376
1 6489 6489
-1
1 24178 24178
1 13053 13053
-1
1 23410 23410
1 3370 3370
0 0 4445
-1
0 0 8457
-1
-1
0 0 13244
-1
-1
0 0 2114
-1
0 0 1138
1 2093 2093
1 28009 28009
1 26765 26765
1 16259 16259
0 0 10380
0 0 9231
1 18613 18613
1 28898 28898
-1
-1
1 11840 11840
1 11644 11644
0 0 4440
1 32042 32042
0 0 2848
0 0 4093
1 31140 31140
0 0 4348
1 31709 31709
1 449 449
1 9495 9495
1 17032 17032
1 6352 6352
1 24416 24416
1 17213 17213
-1
0 0 15093
0 0 5777
0 0 7121
-1
0 0 9671
0 0 5569
0 0 6608
1 6067 6067
0 0 6425
1 7090 7090
0 0 1909
-1
-1
-1
1 28679 28679
1 21739 21739
0 0 9183
-1
1 17613 17613
0 0 2829
0 0 3644
1 15365 15365
0 0 1396
1 2465 2465
0 0 12139
-1
0 0 13359
0 0 15685
-1
1 2439 2439
0 0 2560
-1
-1
-1
-1
-1
-1
-1
1 10311 10311
1 9931 9931
1 26896 26896
0 0 8297
-1
-1
0 0 3335
-1
1 501 501
-1
-1
0 0 1796
1 10995 10995
1 9583 9583
0 0 14111
0 0 6412
0 0 1089
1 4663 4663
-1
1 17169 17169
0 0 15009
-1
-1
-1
-1
0 0 16377
-1
-1
0 0 959
1 22803 22803
0 0 2005
1 15546 15546
-1
-1
-1
0 0 1426
-1
-1
-1
0 0 10706
1 10981 10981
0 0 5657
0 0 13607
1 13712 13712
1 25445 25445
0 0 5556
1 3540 3540
1 5749 5749
0 0 5207
-1
1 28175 28175
-1
0 0 5376
0 0 6680
0 0 7246
0 0 10927
0 0 6073
-1
1 13868 13868
1 1536 1536
0 0 10551
0 0 1852
-1
-1
-1
-1
1 1904 1904
-1
1 28742 28742
0 0 2384
-1
1 22657 22657
1 4378 4378
0 0 12512
0 0 13297
-1
0 0 7729
1 26697 26697
1 15736 15736
-1
1 25005 25005
0 0 13205
0 0 5991
1 29095 29095
-1
1 5716 5716
1 20512 20512
1 32658 32658
1 18081 18081
0 0 10384
1 5307 5307
1 6626 6626
1 23817 23817
0 0 2417
-1
0 0 10187
1 23535 23535
0 0 8624
-1
1 16475 16475
0 0 14019
-1
-1
-1
1 6865 6865
0 0 5239
1 26109 26109
1 4196 4196
-1
0 0 11814
1 32621 32621
-1
1 27071 27071
-1
0 0 7250
-1
0 0 8712
0 0 10454
1 11393 11393
1 18333 18333
-1
-1
0 0 3193
1 29349 29349
1 21903 21903
-1
1 16248 16248
1 25665 25665
1 21475 21475
1 14381 14381
1 5549 5549
0 0 4576
-1
1 3424 3424
0 0 8925
-1
-1
-1
0 0 16239
1 23599 23599
1 18686 18686
1 18359 18359
1 5616 5616
-1
0 0 7058
-1
0 0 15081
1 28546 28546
1 9696 9696
-1
1 24579 24579
1 20930 20930
1 10022 10022
0 0 7330
1 32015 32015
0 0 3653
1 10816 10816
0 0 9443
-1
1 1558 1558
-1
-1
-1
-1
1 18614 18614
1 28928 28928
-1
1 20081 20081
1 29129 29129
0 0 1679
1 3273 3273
1 14140 14140
0 0 11406
1 10950 10950
0 0 417
-1
0 0 14
0 0 5606
1 4248 4248
1 19145 19145
0 0 5190
1 21756 21756
-1
0 0 288
-1
1 31377 31377
-1
1 25551 25551
1 2396 2396
0 0 15968
1 19118 19118
0 0 13482
1 17253 17253
-1
-1
-1
0 0 12692
1 28277 28277
1 17419 17419
0 0 15834
1 19339 19339
0 0 3409
1 10745 10745
-1
-1
1 17851 17851
1 2468 2468
0 0 9127
1 15081 15081
1 18226 18226
0 0 14746
1 7842 7842
-1
0 0 16057
0 0 10929
1 32087 32087
1 13368 13368
0 0 15662
1 3584 3584
0 0 10843
1 24868 24868
0 0 16351
-1
1 572 572
0 0 5049
1 19426 19426
0 0 7187
1 1049 1049
1 980 980
0 0 6911
-1
1 32176 32176
-1
0 0 3426
1 12465 12465
-1
-1
1 6357 6357
1 11094 11094
0 0 13649
-1
0 0 3746
1 18407 18407
0 0 13222
0 0 9402
0 0 8208
0 0 15841
0 0 5027
-1
0 0 14450
-1
0 0 7615
-1
1 29443 29443
-1
1 1293 1293
1 1715 1715
-1
-1
1 27075 27075
0 0 5246
-1
0 0 15020
-1
-1
-1
-1
1 7787 7787
0 0 3550
0 0 12841
1 10902 10902
0 0 1280
-1
0 0 11042
0 0 15481
1 24839 24839
1 25650 25650
1 11586 11586
0 0 8480
0 0 4648
1 8152 8152
0 0 11061
-1
0 0 4660
1 29621 29621
0 0 7014
-1
0 0 13059
1 30567 30567
0 0 15353
-1
0 0 11087
1 4319 4319
1 9300 9300
1 18111 18111
-1
-1
-1
-1
0 0 14462
1 26504 26504
-1
0 0 1235
0 0 7379
-1
-1
-1
-1
1 6347 6347
1 5402 5402
1 31517 31517
0 0 11354
-1
0 0 12694
0 0 888
0 0 11737
1 19198 19198
-1
-1
0 0 11445
-1
-1
-1
0 0 13174
0 0 7390
1 27550 27550
1 27556 27556
-1
1 20016 20016
-1
0 0 578
1 28688 28688
-1
1 9601 9601
0 0 1378
-1
0 0 2732
1 21005 21005
-1
0 0 3160
-1
0 0 1011
-1
0 0 13400
0 0 3586
1 3948 3948
-1
-1
1 21491 21491
-1
-1
-1
1 9769 9769
1 16695 16695
-1
0 0 15221
1 25047 25047
0 0 7934
0 0 2852
-1
0 0 10880
-1
1 14296 14296
-1
0 0 8833
0 0 11736
-1
-1
1 14085 14085
-1
-1
-1
0 0 1094
0 0 10996
1 19702 19702
-1
0 0 11255
-1
0 0 10772
1 9835 9835
0 0 7785
1 26569 26569
1 26811 26811
0 0 1078
-1
-1
1 5443 5443
0 0 4460
1 1899 1899
1 2994 2994
1 14572 14572
-1
-1
1 9059 9059
1 22516 22516
0 0 12893
1 13103 13103
0 0 1442
0 0 7704
-1
-1
1 31882 31882
-1
0 0 5071
1 16440 16440
1 3936 3936
-1
0 0 13882
-1
0 0 13234
-1
0 0 2349
1 29662 29662
1 12328 12328
1 9432 9432
1 27787 27787
-1
-1
-1
-1
-1
-1
0 0 743
0 0 13668
0 0 7703
0 0 10298
0 0 8075
0 0 14696
1 7848 7848
-1
0 0 6270
0 0 14351
-1
0 0 8182
-1
0 0 12088
-1
1 1164 1164
1 844 844
-1
-1
-1
1 10496 10496
0 0 16084
0 0 5034
-1
0 0 370
1 13332 13332
-1
-1
1 8401 8401
0 0 16326
0 0 515
0 0 3341
-1
1 13526 13526
-1
1 6626 6626
0 0 961
0 0 12084
0 0 10966
1 6043 6043
-1
-1
-1
1 6076 6076
1 28763 28763
-1
0 0 815
-1
-1
-1
0 0 1794
-1
1 20454 20454
0 0 14925
0 0 8891
1 30324 30324
0 0 12944
-1
-1
-1
0 0 1525
-1
-1
-1
0 0 5033
1 30107 30107
1 1127 1127
-1
-1
1 21443 21443
0 0 13117
1 13535 13535
0 0 3842
1 7057 7057
-1
1 27705 27705
1 18121 18121
-1
-1
-1
0 0 6159
0 0 1452
0 0 1406
-1
-1
1 17260 17260
1 31875 31875
0 0 14961
-1
0 0 16176
-1
0 0 14502
0 0 1054
1 24323 24323
0 0 4295
1 6361 6361
0 0 4153
0 0 6317
1 29833 29833
-1
0 0 12950
-1
0 0 4011
0 0 9796
0 0 11615
-1
1 23107 23107
0 0 13009
1 19341 19341
-1
0 0 9465
1 11473 11473
-1
-1
1 26583 26583
-1
-1
1 30303 30303
0 0 7517
1 17878 17878
0 0 16274
1 10660 10660
-1
1 24645 24645
-1
1 32361 32361
0 0 12326
1 8952 8952
1 3282 3282
1 11347 11347
1 24494 24494
-1
1 28397 28397
-1
-1
0 0 12139
-1
0 0 16276
0 0 15057
1 27706 27706
-1
-1
1 3684 3684
1 13139 13139
1 25966 25966
0 0 8492
-1
1 11231 11231
-1
1 22964 22964
0 0 5935
-1
0 0 7607
0 0 1192
0 0 2847
-1
1 7556 7556
-1
0 0 10498
0 0 1270
1 24241 24241
1 27332 27332
1 27670 27670
1 64 64
-1
-1
0 0 278
-1
-1
-1
1 3542 3542
0 0 5151
1 18717 18717
-1
-1
-1
-1
1 18463 18463
-1
-1
1 14471 14471
0 0 15573
-1
-1
0 0 627
1 4520 4520
1 32051 32051
0 0 6447
1 2811 2811
-1
1 13559 13559
0 0 16122
-1
0 0 6263
-1
1 17216 17216
1 15235 15235
-1
0 0 1108
-1
-1
1 15590 15590
1 22812 22812
-1
0 0 11059
0 0 10497
0 0 14829
-1
-1
-1
1 15420 15420
1 26608 26608
1 2353 2353
1 8833 8833
-1
-1
1 32206 32206
-1
1 27226 27226
-1
-1
1 11841 11841
-1
-1
0 0 7670
0 0 393
-1
1 29726 29726
0 0 14700
1 15765 15765
-1
-1
0 0 2848
-1
0 0 9947
0 0 4296
-1
0 0 14854
0 0 2224
1 5527 5527
0 0 1624
-1
-1
0 0 4714
0 0 12001
-1
-1
0 0 1004
1 2149 2149
0 0 5800
1 29685 29685
-1
1 7887 7887
-1
1 1936 1936
1 3656 3656
1 27594 27594
-1
-1
-1
-1
1 3766 3766
-1
0 0 7105
1 8839 8839
0 0 15204
1 8674 8674
0 0 14254
1 8514 8514
1 5736 5736
-1
0 0 6326
1 12676 12676
1 30089 30089
0 0 14488
0 0 5627
-1
0 0 16361
-1
-1
0 0 9078
0 0 13457
1 28740 28740
-1
1 6571 6571
-1
-1
1 19217 19217
1 18982 18982
0 0 3619
1 10071 10071
1 16497 16497
0 0 9069
-1
-1
0 0 14694
1 27612 27612
0 0 13939
-1
-1
0 0 14761
1 30036 30036
1 31034 31034
1 6969 6969
-1
-1
1 20639 20639
1 30101 30101
-1
1 3278 3278
1 25753 25753
0 0 16189
1 7073 7073
0 0 3919
-1
1 20015 20015
1 11647 11647
1 2517 2517
-1
0 0 10999
1 2369 2369
-1
-1
-1
-1
1 7100 7100
0 0 7621
1 27193 27193
-1
1 20175 20175
-1
-1
1 23418 23418
1 3346 3346
0 0 8200
-1
0 0 13861
0 0 6876
0 0 15832
1 14833 14833
0 0 15537
0 0 10709
0 0 12800
0 0 3081
0 0 5219
1 515 515
1 23034 23034
1 31621 31621
1 9354 9354
1 8340 8340
-1
1 7971 7971
0 0 3502
0 0 11312
-1
0 0 5021
0 0 2172
-1
0 0 6879
-1
0 0 16219
0 0 14432
1 14940 14940
1 16465 16465
1 17401 17401
-1
0 0 4929
-1
1 26301 26301
-1
-1
-1
-1
0 0 12371
-1
1 1584 1584
-1
-1
-1
0 0 3572
-1
-1
-1
-1
1 12982 12982
-1
-1
1 26922 26922
-1
0 0 9315
0 0 11295
1 20101 20101
0 0 1629
-1
0 0 5547
-1
1 22287 22287
1 6146 6146
-1
0 0 1902
0 0 15303
-1
0 0 1759
-1
-1
-1
1 31887 31887
-1
0 0 6830
-1
0 0 11455
0 0 7115
0 0 4771
-1
-1
1 28042 28042
1 16783 16783
-1
1 27340 27340
-1
1 9013 9013
1 4590 4590
-1
1 31714 31714
-1
1 1471 1471
1 19234 19234
1 27072 27072
1 32508 32508
-1
0 0 1435
0 0 10622
0 0 6271
-1
0 0 8349
1 23029 23029
0 0 13458
-1
0 0 6428
0 0 4221
1 14672 14672
0 0 1300
-1
0 0 2922
-1
-1
0 0 13172
-1
0 0 15635
1 30291 30291
1 7121 7121
1 17250 17250
0 0 14463
0 0 15339
0 0 1936
1 26213 26213
1 32047 32047
0 0 12454
0 0 10241
0 0 11502
1 26113 26113
1 6454 6454
-1
0 0 15145
-1
-1
0 0 11436
0 0 7651
-1
-1
1 11212 11212
1 20008 20008
0 0 16216
1 12210 12210
1 8398 8398
1 16863 16863
1 28128 28128
0 0 8957
0 0 15128
1 14406 14406
0 0 10079
-1
1 11418 11418
-1
-1
0 0 13152
0 0 1
0 0 10022
0 0 4624
0 0 9969
1 12342 12342
-1
1 30300 30300
-1
1 6488 6488
0 0 1167
1 9918 9918
-1
1 7260 7260
-1
-1
1 1769 1769
0 0 11205
1 20698 20698
-1
0 0 9267
0 0 6017
0 0 123
1 28351 28351
1 28462 28462
1 9525 9525
1 3299 3299
1 29077 29077
-1
0 0 435
-1
1 6437 6437
-1
-1
-1
-1
0 0 12257
-1
1 14876 14876
-1
1 29359 29359
-1
-1
-1
0 0 5202
-1
-1
0 0 10467
0 0 13606
-1
-1
-1
1 2178 2178
1 25067 25067
1 23644 23644
0 0 10283
0 0 14442
0 0 14618
-1
0 0 10870
1 12809 12809
0 0 9018
0 0 1832
0 0 13313
-1
-1
-1
1 23216 23216
1 27435 27435
-1
-1
1 31770 31770
1 12070 12070
1 17126 17126
0 0 16138
0 0 11517
-1
-1
-1
0 0 10384
0 0 3753
0 0 8005
0 0 3047
0 0 14073
-1
-1
1 7246 7246
1 7396 7396
1 10028 10028
1 7023 7023
1 17887 17887
-1
-1
-1
0 0 7192
0 0 2868
1 25605 25605
-1
0 0 7282
1 11984 11984
0 0 558
1 21316 21316
-1
1 1531 1531
-1
0 0 10955
-1
-1
0 0 4916
0 0 12955
1 32111 32111
-1
1 27704 27704
1 5708 5708
1 23698 23698
-1
1 4086 4086
1 20182 20182
1 18702 18702
0 0 3924
-1
-1
0 0 9566
-1
1 19894 19894
1 27229 27229
0 0 14710
-1
1 12659 12659
-1
1 6369 6369
0 0 2879
0 0 16332
1 16196 16196
0 0 13095
-1
1 13511 13511
0 0 15601
1 13279 13279
0 0 11865
-1
1 4677 4677
1 13746 13746
-1
1 25407 25407
1 22840 22840
0 0 15340
1 24031 24031
-1
0 0 15020
0 0 5485
0 0 12274
1 25326 25326
1 15253 15253
0 0 8215
-1
-1
0 0 11227
0 0 11107
-1
-1
1 17618 17618
1 30595 30595
-1
0 0 14479
1 5592 5592
0 0 4317
-1
1 13937 13937
0 0 1796
1 10165 10165
0 0 6335
1 18578 18578
-1
-1
-1
0 0 10068
1 13712 13712
-1
1 31516 31516
0 0 13319
-1
-1
-1
1 24793 24793
1 28418 28418
0 0 2876
1 5180 5180
0 0 6948
-1
-1
-1
0 0 13738
1 4920 4920
0 0 2693
1 27016 27016
1 11563 11563
1 19775 19775
0 0 2889
-1
0 0 9174
0 0 6181
0 0 5696
0 0 8309
1 27116 27116
-1
-1
-1
-1
-1
-1
-1
1 15610 15610
-1
-1
0 0 1250
-1
-1
1 32213 32213
0 0 5607
1 14854 14854
1 10353 10353
0 0 7529
-1
1 28743 28743
-1
1 29111 29111
0 0 3250
1 18435 18435
0 0 3548
0 0 5772
-1
-1
-1
-1
1 23859 23859
1 12575 12575
1 12102 12102
-1
1 24753 24753
1 29597 29597
1 13184 13184
-1
1 27492 27492
-1
1 29714 29714
-1
0 0 9075
1 27138 27138
0 0 10726
-1
-1
1 3518 3518
0 0 3114
-1
0 0 14089
-1
-1
-1
-1
1 5603 5603
-1
1 3467 3467
0 0 3008
1 18903 18903
-1
-1
-1
1 17004 17004
-1
0 0 9938
1 26038 26038
1 1449 1449
0 0 14540
0 0 1430
-1
1 15819 15819
-1
1 10642 10642
1 27775 27775
-1
0 0 8405
1 207 207
-1
-1
0 0 29
0 0 4906
-1
-1
-1
0 0 5312
1 20747 20747
1 11021 11021
1 5863 5863
-1
0 0 1174
-1
1 23091 23091
0 0 399
0 0 8882
0 0 265
1 2210 2210
1 23194 23194
0 0 1649
-1
0 0 271
1 15054 15054
-1
-1
0 0 2097
1 4193 4193
-1
-1
-1
-1
1 3969 3969
-1
0 0 817
1 896 896
-1
-1
-1
-1
-1
-1
-1
1 3385 3385
1 2737 2737
0 0 3747
1 25442 25442
1 28223 28223
1 30157 30157
0 0 2600
1 4165 4165
1 11789 11789
0 0 2107
1 9765 9765
-1
1 17013 17013
0 0 11785
-1
-1
0 0 3806
1 23064 23064
-1
0 0 1484
-1
-1
-1
-1
0 0 11684
0 0 9038
-1
-1
1 8414 8414
0 0 9847
1 15420 15420
0 0 7345
1 15604 15604
1 17996 17996
1 17433 17433
1 20972 20972
-1
1 31764 31764
0 0 11957
1 18315 18315
1 61 61
0 0 13657
-1
0 0 2484
-1
-1
1 10297 10297
1 8321 8321
0 0 11507
-1
1 2212 2212
-1
-1
0 0 79
0 0 2221
0 0 9023
-1
0 0 14081
1 790 790
0 0 3457
1 32005 32005
1 8726 8726
-1
0 0 13438
1 22428 22428
0 0 4895
1 9212 9212
-1
-1
0 0 13629
-1
0 0 14938
0 0 9397
1 21973 21973
-1
0 0 6231
-1
0 0 4986
-1
1 9118 9118
0 0 1678
-1
1 8104 8104
0 0 9145
0 0 12129
0 0 3830
1 29874 29874
1 3314 3314
1 7092 7092
-1
-1
-1
-1
0 0 3975
-1
0 0 6805
0 0 8888
1 21705 21705
0 0 7320
0 0 3081
-1
-1
0 0 12947
1 7681 7681
0 0 8426
0 0 9743
-1
0 0 11440
0 0 13828
-1
0 0 2931
-1
1 16289 16289
1 11835 11835
-1
-1
-1
1 22202 22202
0 0 192
0 0 1364
0 0 14954
-1
-1
-1
1 30595 30595
1 1556 1556
-1
1 5164 5164
0 0 5978
0 0 7701
0 0 8187
1 27694 27694
1 21331 21331
-1
0 0 5669
1 2480 2480
0 0 12510
0 0 1000
-1
1 31677 31677
1 5702 5702
-1
1 10779 10779
1 20271 20271
1 14770 14770
0 0 3824
1 11331 11331
1 26426 26426
-1
0 0 11939
1 31754 31754
-1
1 10644 10644
1 29027 29027
1 10504 10504
-1
0 0 11053
-1
1 28937 28937
0 0 7712
-1
0 0 849
1 13453 13453
1 7845 7845
-1
1 7400 7400
-1
-1
-1
-1
0 0 9297
-1
-1
1 17383 17383
1 57 57
0 0 12818
-1
1 15804 15804
-1
1 8247 8247
-1
0 0 4585
0 0 13382
0 0 623
1 4656 4656
0 0 10035
1 10757 10757
-1
1 13973 13973
-1
-1
0 0 4563
-1
1 7795 7795
-1
0 0 9947
-1
1 25163 25163
0 0 6959
0 0 157
1 14597 14597
1 30824 30824
1 23737 23737
-1
1 14029 14029
1 6636 6636
1 3456 3456
-1
-1
-1
0 0 1105
0 0 11895
-1
-1
-1
-1
0 0 9076
1 14962 14962
0 0 4642
0 0 2171
0 0 3131
1 3589 3589
1 22695 22695
-1
1 8587 8587
0 0 5869
1 6190 6190
1 22437 22437
1 10224 10224
0 0 5511
0 0 231
0 0 11465
-1
-1
0 0 15384
1 19286 19286
1 11673 11673
0 0 11504
0 0 792
1 31659 31659
0 0 13274
0 0 15245
0 0 2478
-1
-1
1 31207 31207
1 26748 26748
-1
1 8191 8191
-1
1 1029 1029
1 7522 7522
0 0 7710
-1
0 0 8018
0 0 9400
0 0 1409
1 7960 7960
-1
1 23214 23214
1 27578 27578
-1
0 0 8428
-1
-1
1 31133 31133
0 0 5028
1 8928 8928
1 32362 32362
0 0 13058
-1
1 27322 27322
-1
0 0 12942
1 5832 5832
-1
-1
-1
-1
0 0 15220
0 0 6873
0 0 13391
1 30086 30086
-1
-1
-1
1 30314 30314
1 13393 13393
-1
1 7278 7278
0 0 8970
0 0 6793
1 21433 21433
1 20400 20400
-1
-1
-1
1 14866 14866
0 0 6945
0 0 11690
1 18817 18817
-1
1 19148 19148
1 20221 20221
-1
0 0 5674
-1
1 22522 22522
1 4576 4576
0 0 13692
1 9041 9041
1 25457 25457
-1
-1
0 0 12932
0 0 13549
0 0 1341
-1
-1
-1
-1
-1
0 0 13248
1 1297 1297
1 28717 28717
0 0 2056
1 28854 28854
-1
0 0 5689
-1
0 0 6319
0 0 12666
1 28444 28444
0 0 5612
1 16184 16184
-1
0 0 8536
-1
1 14514 14514
0 0 2319
-1
1 25408 25408
-1
0 0 2431
1 14321 14321
0 0 9972
-1
-1
-1
1 11760 11760
-1
1 2381 2381
0 0 8764
-1
-1
-1
1 4439 4439
-1
1 26635 26635
0 0 9645
1 1991 1991
0 0 12025
0 0 12909
-1
-1
-1
-1
0 0 2062
0 0 3151
0 0 6070
0 0 10200
0 0 9119
0 0 7201
-1
0 0 7557
-1
1 5373 5373
0 0 1899
-1
1 28546 28546
0 0 4517
-1
-1
1 8168 8168
-1
0 0 8637
-1
0 0 8049
0 0 9146
1 2095 2095
-1
-1
-1
-1
0 0 11900
0 0 11355
1 2787 2787
0 0 16053
1 20876 20876
1 22905 22905
-1
0 0 8166
1 20577 20577
1 13723 13723
-1
1 3726 3726
1 15454 15454
0 0 2577
1 4005 4005
1 15438 15438
-1
0 0 6579
0 0 2598
-1
-1
1 12695 12695
-1
0 0 3030
-1
1 9523 9523
1 25289 25289
1 9324 9324
0 0 9696
0 0 712
1 13096 13096
-1
0 0 13052
1 25433 25433
1 398 398
1 2106 2106
-1
-1
0 0 13488
0 0 10545
-1
0 0 11705
0 0 14717
1 26131 26131
-1
1 29240 29240
0 0 21
1 28812 28812
0 0 8720
1 8278 8278
-1
1 1184 1184
1 7379 7379
1 13464 13464
0 0 4963
1 2870 2870
-1
-1
1 29587 29587
-1
0 0 8272
1 8417 8417
-1
1 5354 5354
1 3097 3097
-1
1 21439 21439
1 27833 27833
0 0 7106
0 0 13958
-1
0 0 14520
1 16341 16341
-1
-1
-1
0 0 8087
1 11346 11346
-1
1 1489 1489
0 0 8372
1 17553 17553
1 189 189
1 3791 3791
0 0 13384
-1
-1
-1
1 24933 24933
0 0 3571
0 0 9480
-1
-1
0 0 426
0 0 831
1 20619 20619
0 0 3533
-1
0 0 4314
1 19752 19752
0 0 12863
1 9154 9154
0 0 12589
0 0 13210
1 10009 10009
-1
1 17416 17416
1 5148 5148
1 2349 2349
-1
-1
1 5726 5726
1 1588 1588
0 0 14123
-1
-1
0 0 2540
-1
1 13340 13340
-1
0 0 2877
0 0 5221
0 0 15170
-1
1 9646 9646
0 0 14741
1 9157 9157
0 0 1609
-1
1 11586 11586
-1
-1
1 4898 4898
1 11116 11116
1 14986 14986
1 15856 15856
0 0 13447
-1
-1
0 0 1935
1 29669 29669
-1
0 0 9142
-1
-1
1 11240 11240
1 15555 15555
1 13466 13466
1 13032 13032
1 17424 17424
-1
-1
1 3168 3168
1 32520 32520
-1
0 0 5518
-1
1 30373 30373
1 17353 17353
0 0 8609
-1
1 28177 28177
0 0 14584
0 0 9577
-1
-1
0 0 8900
-1
1 8693 8693
0 0 7502
1 11626 11626
0 0 4753
-1
0 0 8345
-1
0 0 10534
-1
0 0 9666
1 16702 16702
1 5302 5302
1 6657 6657
1 10974 10974
0 0 3603
-1
1 32599 32599
0 0 7792
1 21068 21068
-1
-1
1 21506 21506
1 24267 24267
1 11993 11993
1 31975 31975
1 28683 28683
1 29878 29878
0 0 13895
-1
0 0 9036
0 0 9673
-1
0 0 5894
-1
-1
0 0 1074
0 0 15936
1 27098 27098
0 0 5567
1 29231 29231
0 0 15885
0 0 11702
0 0 9519
0 0 8273
1 23908 23908
0 0 2336
-1
-1
-1
1 16534 16534
1 25120 25120
0 0 10008
0 0 10399
-1
1 11530 11530
-1
0 0 5686
0 0 12472
-1
0 0 2460
1 29573 29573
1 18076 18076
-1
-1
-1
0 0 13515
0 0 6288
-1
1 25316 25316
0 0 5858
0 0 3642
0 0 15148
-1
-1
0 0 3122
-1
-1
1 28789 28789
1 8423 8423
1 4249 4249
0 0 1724
1 10342 10342
0 0 1140
1 16265 16265
1 5112 5112
-1
-1
-1
0 0 330
0 0 6208
-1
-1
0 0 6566
-1
1 10703 10703
1 28552 28552
-1
-1
-1
1 16293 16293
1 31489 31489
0 0 14745
-1
0 0 7300
1 23417 23417
0 0 8847
0 0 5575
-1
0 0 1282
1 31677 31677
-1
-1
-1
-1
-1
-1
0 0 12612
0 0 759
1 1087 1087
0 0 6852
-1
1 2941 2941
-1
0 0 7214
-1
0 0 3422
1 21122 21122
1 1241 1241
0 0 4093
1 1405 1405
-1
1 14373 14373
1 18711 18711
1 24675 24675
1 30070 30070
1 21633 21633
0 0 5957
0 0 15795
1 17438 17438
0 0 12512
0 0 11745
1 10841 10841
0 0 558
0 0 12004
1 8927 8927
0 0 11947
1 7258 7258
-1
1 24884 24884
-1
1 15797 15797
0 0 7581
0 0 2532
1 24740 24740
1 25088 25088
0 0 7595
1 15322 15322
1 23386 23386
1 5954 5954
0 0 15440
1 4952 4952
1 4073 4073
0 0 3641
1 18147 18147
1 4454 4454
-1
0 0 9985
-1
0 0 8047
1 23292 23292
1 25172 25172
-1
-1
-1
0 0 15133
0 0 11346
1 20205 20205
0 0 4988
-1
-1
1 29752 29752
-1
1 2921 2921
1 22806 22806
-1
1 24119 24119
-1
0 0 9759
0 0 5775
0 0 1109
-1
0 0 2703
-1
1 80 80
0 0 1991
1 24098 24098
0 0 11287
-1
0 0 10102
1 16070 16070
0 0 15449
1 12828 12828
-1
1 23584 23584
1 23388 23388
-1
0 0 1091
1 22871 22871
1 8587 8587
-1
-1
-1
0 0 8170
-1
0 0 13005
1 18776 18776
-1
0 0 14650
1 10821 10821
1 19798 19798
0 0 8454
0 0 7287
-1
0 0 12874
1 30629 30629
-1
0 0 11615
0 0 6159
1 25009 25009
1 21768 21768
1 4213 4213
1 532 532
1 2120 2120
0 0 1924
1 28846 28846
0 0 16148
-1
0 0 13391
0 0 4543
1 2592 2592
-1
-1
-1
-1
-1
-1
-1
0 0 801
-1
0 0 9679
1 15279 15279
-1
1 12002 12002
1 16996 16996
1 8272 8272
1 12610 12610
0 0 12426
0 0 9736
-1
-1
-1
1 24518 24518
1 27354 27354
-1
1 23007 23007
-1
1 8531 8531
-1
-1
0 0 8579
-1
1 21825 21825
-1
1 27521 27521
-1
-1
1 20955 20955
1 20706 20706
-1
0 0 9481
-1
0 0 11257
-1
-1
1 26594 26594
-1
0 0 5090
-1
1 32695 32695
0 0 12788
0 0 15663
0 0 1707
0 0 1776
1 4486 4486
0 0 15150
0 0 5154
0 0 3291
1 21312 21312
1 22685 22685
0 0 11154
1 28870 28870
1 20483 20483
0 0 10812
0 0 12924
-1
0 0 12168
1 28729 28729
0 0 5040
1 8388 8388
0 0 14398
1 12700 12700
0 0 1925
-1
0 0 8920
-1
1 2104 2104
-1
-1
0 0 14915
-1
1 28618 28618
0 0 11614
0 0 14247
0 0 7817
1 30990 30990
0 0 2117
-1
1 32681 32681
-1
0 0 2950
0 0 11110
-1
1 16892 16892
0 0 745
-1
-1
1 25266 25266
-1
1 6059 6059
1 11956 11956
1 14662 14662
1 26746 26746
1 28738 28738
-1
-1
0 0 398
1 26638 26638
-1
1 20318 20318
0 0 2622
1 20182 20182
-1
-1
0 0 14182
1 32085 32085
1 28813 28813
1 14325 14325
1 17170 17170
-1
-1
-1
0 0 3282
1 7201 7201
-1
1 31227 31227
-1
-1
0 0 7575
0 0 7923
1 9919 9919
1 10323 10323
1 2790 2790
0 0 16337
-1
-1
1 17776 17776
-1
-1
1 13581 13581
1 21584 21584
0 0 4909
0 0 12448
1 16115 16115
1 21791 21791
-1
0 0 3883
1 5295 5295
-1
1 20181 20181
0 0 10158
0 0 14600
0 0 15651
-1
1 10569 10569
-1
0 0 14680
-1
-1
1 27970 27970
0 0 2838
-1
-1
0 0 6456
0 0 10011
1 6166 6166
-1
1 22277 22277
-1
0 0 14820
0 0 13049
-1
1 1475 1475
0 0 3391
0 0 15163
1 3356 3356
1 11680 11680
1 810 810
-1
0 0 13007
1 27583 27583
1 494 494
1 7083 7083
1 13448 13448
0 0 2303
-1
-1
0 0 7837
1 23507 23507
-1
0 0 15705
0 0 9413
1 24258 24258
-1
1 30939 30939
0 0 801
-1
0 0 13170
0 0 12451
-1
0 0 15801
0 0 3503
1 10207 10207
-1
0 0 11155
0 0 12294
1 10850 10850
-1
1 217 217
1 21378 21378
0 0 1135
-1
-1
1 21889 21889
1 20028 20028
0 0 12462
1 18687 18687
0 0 11712
0 0 13401
1 22910 22910
1 28164 28164
-1
-1
-1
0 0 16279
0 0 12406
1 18801 18801
1 13323 13323
-1
-1
-1
0 0 11103
-1
0 0 15946
0 0 14651
0 0 3349
1 10935 10935
0 0 13730
-1
1 9368 9368
-1
-1
1 91 91
0 0 6815
0 0 2167
0 0 1766
-1
0 0 2151
0 0 15555
0 0 10512
0 0 14971
-1
0 0 5571
1 13012 13012
0 0 4350
-1
-1
1 26086 26086
0 0 9138
-1
0 0 15539
1 30860 30860
1 2303 2303
-1
1 786 786
-1
0 0 14845
-1
-1
-1
1 1872 1872
-1
0 0 56
-1
0 0 1577
-1
0 0 1138
1 12050 12050
0 0 8084
0 0 3470
-1
1 27841 27841
0 0 9124
-1
0 0 11083
-1
0 0 16384
1 3571 3571
0 0 6214
-1
0 0 2168
-1
-1
0 0 8691
0 0 11080
1 12651 12651
-1
1 23782 23782
-1
1 5080 5080
-1
0 0 12759
0 0 3690
1 22344 22344
0 0 167
1 11697 11697
0 0 13699
1 28211 28211
-1
1 32144 32144
0 0 1281
1 6281 6281
-1
-1
0 0 14065
-1
0 0 14523
0 0 4924
1 17045 17045
-1
0 0 11007
0 0 6055
0 0 557
-1
0 0 5168
1 22168 22168
0 0 13346
-1
1 11854 11854
0 0 6720
0 0 2656
1 439 439
-1
1 31075 31075
0 0 5381
0 0 15290
0 0 4850
1 8782 8782
-1
-1
1 16080 16080
0 0 16067
1 21537 21537
0 0 12457
0 0 5477
0 0 16259
0 0 7045
-1
1 15972 15972
-1
1 24574 24574
0 0 8237
0 0 15908
0 0 5661
0 0 8174
1 29630 29630
-1
0 0 10866
1 1117 1117
0 0 5255
0 0 7539
0 0 15198
0 0 10307
-1
0 0 15851
-1
-1
-1
-1
1 9884 9884
0 0 11471
1 4733 4733
0 0 4258
1 29496 29496
1 962 962
0 0 1756
-1
1 3883 3883
-1
-1
0 0 8145
1 11329 11329
0 0 1853
0 0 889
-1
1 7930 7930
-1
1 5904 5904
1 27098 27098
-1
-1
1 9307 9307
1 20263 20263
0 0 14317
-1
1 8389 8389
-1
-1
1 17556 17556
1 11955 11955
0 0 8602
0 0 11118
1 9730 9730
0 0 7872
1 3000 3000
1 25314 25314
-1
-1
1 25050 25050
-1
0 0 5373
0 0 15219
-1
1 20627 20627
-1
0 0 12476
1 13408 13408
0 0 8677
1 18487 18487
1 13784 13784
-1
0 0 12964
-1
0 0 16338
-1
1 11288 11288
0 0 776
0 0 10553
0 0 9728
1 21364 21364
1 15973 15973
-1
1 4209 4209
1 3916 3916
1 15906 15906
0 0 4621
1 12395 12395
1 4294 4294
-1
0 0 6447
1 21198 21198
0 0 11612
1 12355 12355
-1
0 0 5126
1 26159 26159
0 0 7126
0 0 7189
0 0 11607
1 5867 5867
0 0 2246
-1
1 20432 20432
-1
1 5496 5496
0 0 14742
-1
-1
1 7256 7256
0 0 755
-1
0 0 16038
1 2281 2281
1 9768 9768
0 0 5425
0 0 13847
-1
-1
-1
1 290 290
-1
0 0 3470
0 0 6788
1 11936 11936
0 0 2315
0 0 15087
0 0 10716
1 16724 16724
1 24291 24291
-1
-1
0 0 10831
-1
0 0 13155
1 1561 1561
0 0 2953
0 0 3278
0 0 15257
1 16468 16468
1 24313 24313
-1
1 7008 7008
1 9192 9192
-1
0 0 7472
0 0 4939
1 6989 6989
-1
-1
-1
-1
0 0 15388
1 30312 30312
-1
0 0 12645
0 0 3620
1 23990 23990
0 0 4665
0 0 7770
1 30274 30274
-1
0 0 7563
-1
-1
1 17865 17865
0 0 11446
0 0 13857
1 3868 3868
1 18277 18277
0 0 8698
-1
-1
-1
0 0 6543
-1
0 0 7708
-1
-1
1 11630 11630
-1
1 31590 31590
-1
1 12926 12926
1 31303 31303
-1
-1
0 0 15145
0 0 2042
1 24929 24929
1 23915 23915
-1
0 0 11420
-1
-1
0 0 6356
-1
0 0 5784
1 2185 2185
1 5258 5258
0 0 1568
1 25872 25872
0 0 10457
0 0 12027
1 29022 29022
-1
-1
0 0 2758
0 0 15590
1 27434 27434
-1
1 27399 27399
1 14332 14332
0 0 6265
-1
0 0 6999
1 19343 19343
-1
1 4614 4614
1 18915 18915
0 0 6896
0 0 5547
-1
-1
1 32378 32378
1 27128 27128
-1
1 31956 31956
1 10141 10141
-1
1 17498 17498
0 0 10393
0 0 14686
-1
-1
1 10082 10082
1 29955 29955
0 0 10065
0 0 5429
0 0 10963
0 0 15845
-1
0 0 11992
-1
-1
-1
0 0 7629
1 12381 12381
-1
-1
1 7865 7865
0 0 15325
1 31309 31309
-1
-1
-1
-1
0 0 16253
-1
1 6871 6871
-1
-1
0 0 3728
1 13433 13433
0 0 13161
-1
0 0 10389
-1
-1
0 0 3168
-1
0 0 6519
0 0 6968
1 704 704
0 0 14698
0 0 10446
0 0 7677
-1
-1
0 0 10470
1 11468 11468
0 0 6817
0 0 10373
1 23065 23065
-1
-1
0 0 1179
-1
1 8407 8407
1 22289 22289
1 15886 15886
0 0 6904
1 1117 1117
0 0 8645
-1
-1
1 19651 19651
0 0 11762
-1
0 0 10583
0 0 5944
1 17610 17610
1 28108 28108
-1
-1
-1
0 0 4322
1 20251 20251
0 0 8802
1 7293 7293
0 0 9681
1 3385 3385
1 1344 1344
-1
0 0 156
-1
-1
0 0 16062
0 0 14114
1 12288 12288
1 1651 1651
-1
1 24829 24829
0 0 7217
0 0 6491
-1
0 0 4935
0 0 15346
-1
0 0 15310
-1
-1
-1
-1
0 0 6738
0 0 1798
0 0 13148
-1
0 0 6497
0 0 4232
1 14271 14271
0 0 10683
-1
0 0 2675
-1
0 0 10017
0 0 9153
-1
1 31005 31005
1 28446 28446
0 0 12155
-1
0 0 16300
1 26999 26999
0 0 8461
1 19564 19564
1 29027 29027
0 0 14471
-1
0 0 7748
1 16173 16173
0 0 4412
-1
0 0 1741
1 15458 15458
0 0 7632
1 32578 32578
0 0 2098
-1
0 0 4640
-1
-1
0 0 6293
-1
1 4608 4608
-1
1 23316 23316
0 0 7044
0 0 15893
0 0 368
1 29199 29199
1 11852 11852
1 7055 7055
-1
0 0 12260
0 0 10275
0 0 1233
0 0 11814
1 31903 31903
1 17753 17753
0 0 4968
0 0 14438
1 21545 21545
-1
1 18166 18166
0 0 15685
0 0 7382
-1
0 0 5874
0 0 7284
0 0 5715
0 0 5929
-1
1 11105 11105
-1
-1
-1
1 4605 4605
-1
0 0 10280
1 14193 14193
1 15836 15836
0 0 13153
-1
-1
-1
-1
-1
0 0 4077
-1
0 0 10326
0 0 5503
0 0 8721
1 26351 26351
-1
0 0 16205
0 0 8529
0 0 5392
1 216 216
-1
0 0 12391
1 10718 10718
1 4700 4700
0 0 5067
-1
0 0 7198
-1
-1
-1
-1
1 5069 5069
0 0 8238
1 20883 20883
1 12447 12447
-1
0 0 1829
-1
-1
0 0 13344
0 0 13360
-1
0 0 11337
1 10700 10700
0 0 8224
0 0 4084
-1
-1
1 31839 31839
1 16716 16716
0 0 11088
-1
-1
1 30779 30779
1 17794 17794
1 10810 10810
0 0 4903
1 12349 12349
-1
0 0 3915
-1
-1
1 23314 23314
-1
0 0 14005
0 0 12649
-1
1 13421 13421
-1
0 0 11676
-1
0 0 15462
-1
1 6479 6479
-1
1 1084 1084
0 0 12718
-1
-1
0 0 15001
-1
-1
-1
0 0 12010
-1
-1
0 0 5898
0 0 5184
-1
0 0 5022
0 0 2636
0 0 9763
-1
0 0 9436
0 0 2269
1 20843 20843
0 0 16094
-1
1 26235 26235
0 0 4850
0 0 1978
-1
0 0 10422
-1
1 25288 25288
-1
1 32566 32566
0 0 3615
0 0 6474
0 0 2538
0 0 9609
-1
1 13971 13971
1 26774 26774
1 20307 20307
-1
-1
1 5542 5542
1 17880 17880
1 369 369
-1
0 0 14565
1 14489 14489
0 0 9940
-1
-1
1 547 547
-1
-1
1 2987 2987
0 0 3850
1 17437 17437
-1
0 0 732
-1
1 22461 22461
1 29816 29816
-1
1 29707 29707
1 28177 28177
0 0 1556
1 3194 3194
1 32563 32563
-1
0 0 8129
1 16823 16823
1 20487 20487
1 13653 13653
1 6191 6191
-1
-1
0 0 13477
-1
0 0 3090
0 0 15465
0 0 8062
0 0 228
1 16149 16149
1 7819 7819
0 0 6902
-1
0 0 2529
1 30324 30324
-1
0 0 4582
1 20208 20208
1 23648 23648
1 3747 3747
1 29051 29051
0 0 13801
0 0 4379
1 13813 13813
0 0 1835
-1
1 20594 20594
-1
1 853 853
1 32470 32470
1 13987 13987
-1
0 0 2911
0 0 1043
0 0 9717
1 21582 21582
1 21680 21680
0 0 12614
-1
-1
1 26524 26524
1 259 259
0 0 3225
0 0 1202
0 0 8291
1 29688 29688
0 0 9453
-1
1 4298 4298
0 0 4838
1 3057 3057
1 31443 31443
0 0 2057
0 0 13228
1 13305 13305
0 0 14357
0 0 2992
0 0 9779
-1
0 0 4709
-1
1 22577 22577
-1
-1
-1
-1
-1
-1
1 31848 31848
-1
0 0 7028
-1
1 31595 31595
0 0 14691
-1
0 0 12714
1 23718 23718
-1
-1
0 0 4839
-1
1 19088 19088
1 6800 6800
1 28812 28812
-1
-1
0 0 2506
-1
0 0 8898
0 0 14870
0 0 10663
1 18319 18319
0 0 2641
1 17930 17930
1 24207 24207
1 3248 3248
-1
-1
-1
1 17616 17616
1 28436 28436
-1
1 2374 2374
-1
1 31606 31606
1 17566 17566
1 12861 12861
0 0 1023
1 23304 23304
1 23994 23994
1 2751 2751
0 0 6341
1 14245 14245
0 0 7867
-1
1 1038 1038
1 19193 19193
1 16366 16366
1 27461 27461
1 27784 27784
-1
0 0 9747
0 0 13493
1 3886 3886
0 0 5967
1 160 160
1 21601 21601
1 23526 23526
0 0 5879
1 12237 12237
1 28457 28457
-1
1 755 755
-1
0 0 4205
-1
0 0 13054
0 0 13158
-1
-1
0 0 12567
1 22470 22470
-1
-1
1 19972 19972
