1 15727 15727
1 4043 4043
1 10798 10798
0 0 6479
0 0 2278
0 0 7677
-1
-1
0 0 2224
-1
-1
1 28834 28834
0 0 15838
0 0 8675
1 14685 14685
1 24423 24423
1 26606 26606
0 0 1652
1 11312 11312
-1
-1
0 0 3131
-1
0 0 10966
-1
1 19914 19914
1 28285 28285
0 0 8005
1 1898 1898
0 0 11187
1 4303 4303
-1
-1
0 0 3769
-1
1 22345 22345
-1
-1
1 29163 29163
1 18014 18014
0 0 15906
-1
-1
-1
0 0 13241
1 21695 21695
-1
-1
1 1932 1932
1 11852 11852
1 21516 21516
1 13661 13661
-1
0 0 1168
0 0 7521
0 0 9600
0 0 13804
-1
-1
1 18700 18700
-1
1 13239 13239
-1
-1
-1
0 0 10288
1 26166 26166
0 0 3560
0 0 3145
1 3360 3360
1 3533 3533
-1
-1
1 19457 19457
-1
-1
1 13111 13111
0 0 2075
-1
1 22515 22515
-1
0 0 7243
1 1555 1555
-1
1 18400 18400
0 0 9485
1 2100 2100
0 0 16092
-1
0 0 9520
0 0 14020
0 0 12525
-1
-1
-1
0 0 475
1 14436 14436
-1
1 5066 5066
-1
1 30292 30292
-1
-1
0 0 3662
0 0 6526
1 12733 12733
-1
-1
-1
1 25968 25968
-1
-1
-1
0 0 12677
-1
1 23412 23412
0 0 2636
1 23206 23206
-1
0 0 6281
0 0 13699
-1
-1
1 5173 5173
1 500 500
-1
0 0 9389
0 0 12446
0 0 2289
0 0 8588
0 0 9908
1 12659 12659
1 5971 5971
1 15878 15878
1 806 806
-1
-1
0 0 3464
1 22095 22095
1 28667 28667
0 0 8181
0 0 468
1 25825 25825
1 30672 30672
1 6829 6829
0 0 4723
0 0 1743
1 10970 10970
-1
0 0 15616
1 3728 3728
-1
0 0 13251
-1
-1
0 0 5550
-1
-1
-1
-1
1 6582 6582
-1
0 0 12840
-1
0 0 6248
-1
-1
1 7149 7149
0 0 8615
-1
-1
0 0 5344
0 0 9644
-1
1 11079 11079
-1
1 24228 24228
0 0 6837
-1
0 0 6334
-1
-1
-1
-1
-1
-1
0 0 9752
1 12943 12943
0 0 3345
1 700 700
0 0 8251
0 0 13779
0 0 7824
1 8687 8687
0 0 13537
1 19847 19847
1 14349 14349
0 0 9302
0 0 1060
-1
0 0 10008
1 21888 21888
0 0 15361
-1
0 0 9707
1 6172 6172
1 12080 12080
0 0 11391
0 0 1641
-1
1 19668 19668
-1
-1
1 8744 8744
0 0 7066
1 12159 12159
1 11419 11419
-1
1 19036 19036
1 29967 29967
0 0 5519
1 31277 31277
1 5785 5785
1 32523 32523
0 0 5296
1 27656 27656
0 0 6015
-1
-1
1 26056 26056
0 0 1010
0 0 12070
-1
0 0 6798
0 0 12978
1 12687 12687
1 1698 1698
-1
-1
0 0 3354
0 0 14651
0 0 12213
1 21614 21614
0 0 2234
1 13991 13991
1 26996 26996
0 0 8129
0 0 758
1 28591 28591
1 19504 19504
0 0 6049
0 0 16141
0 0 6276
0 0 11263
-1
0 0 9585
-1
1 9960 9960
-1
1 18956 18956
-1
1 10004 10004
1 26419 26419
-1
1 7079 7079
1 13649 13649
-1
1 5657 5657
-1
-1
0 0 10820
1 5502 5502
-1
0 0 5044
1 19890 19890
-1
0 0 8859
-1
0 0 9745
1 27965 27965
1 1224 1224
1 26473 26473
1 15395 15395
1 6386 6386
0 0 10385
0 0 13753
0 0 4898
-1
0 0 10418
1 27089 27089
0 0 16108
0 0 13388
1 13493 13493
1 27601 27601
-1
-1
-1
0 0 16047
1 8053 8053
-1
-1
0 0 11205
-1
-1
-1
0 0 3462
0 0 5360
0 0 10927
1 5092 5092
-1
1 22100 22100
0 0 5209
-1
-1
0 0 14623
1 20694 20694
-1
0 0 8674
1 12877 12877
0 0 3191
0 0 5076
-1
-1
1 259 259
-1
-1
1 27112 27112
0 0 2111
0 0 1499
1 29827 29827
0 0 14162
0 0 7256
-1
1 3078 3078
-1
-1
1 13479 13479
-1
1 6713 6713
-1
-1
-1
-1
0 0 7621
1 23054 23054
0 0 8129
0 0 2409
0 0 14467
-1
1 12343 12343
-1
1 419 419
1 31682 31682
1 9403 9403
1 23257 23257
-1
0 0 10510
1 15514 15514
-1
-1
-1
1 16897 16897
-1
1 3391 3391
0 0 12527
-1
-1
0 0 4650
1 31907 31907
1 8783 8783
0 0 2045
0 0 11164
1 1690 1690
-1
1 2159 2159
0 0 13444
-1
0 0 9586
1 7970 7970
0 0 609
0 0 385
-1
-1
1 28620 28620
1 15090 15090
0 0 1438
-1
1 19562 19562
0 0 1287
1 18215 18215
1 23141 23141
1 27721 27721
0 0 1071
1 19734 19734
1 22420 22420
1 13050 13050
-1
0 0 12222
-1
-1
-1
1 25709 25709
0 0 7732
1 23425 23425
1 5410 5410
1 12324 12324
0 0 12652
-1
1 5741 5741
-1
0 0 11318
-1
0 0 42
-1
0 0 2842
1 30376 30376
-1
-1
-1
-1
1 25726 25726
-1
1 21231 21231
-1
1 19597 19597
0 0 7810
1 29651 29651
0 0 2704
-1
1 7415 7415
-1
0 0 4975
1 18176 18176
0 0 6041
-1
1 28933 28933
-1
-1
0 0 4073
0 0 12408
0 0 7731
-1
0 0 8184
-1
0 0 2314
0 0 9064
1 5702 5702
-1
1 28565 28565
-1
1 14023 14023
-1
1 22187 22187
0 0 15977
-1
-1
-1
1 30986 30986
1 5868 5868
-1
1 15298 15298
0 0 7673
-1
-1
-1
-1
0 0 7968
0 0 10627
-1
0 0 16039
1 30880 30880
0 0 14573
1 9189 9189
0 0 173
1 5870 5870
0 0 4833
1 23939 23939
-1
0 0 1341
0 0 11711
-1
0 0 7417
0 0 13227
-1
0 0 2795
-1
0 0 8557
1 3706 3706
0 0 10605
-1
1 8735 8735
1 31668 31668
0 0 768
0 0 5591
0 0 15426
0 0 4060
-1
0 0 15835
1 13869 13869
1 31938 31938
0 0 10808
-1
-1
0 0 5429
0 0 5397
0 0 11918
0 0 12115
1 30768 30768
1 18400 18400
0 0 10508
1 31760 31760
0 0 4092
0 0 6088
0 0 8203
0 0 14711
-1
1 5954 5954
0 0 14111
1 11450 11450
1 6163 6163
-1
0 0 6447
-1
1 5792 5792
-1
-1
1 16452 16452
1 8357 8357
1 20289 20289
1 11254 11254
1 10691 10691
0 0 5309
0 0 7033
-1
1 8882 8882
0 0 1774
-1
0 0 12172
1 22617 22617
1 13930 13930
-1
-1
1 13384 13384
1 18983 18983
1 11504 11504
1 2113 2113
-1
1 28922 28922
0 0 2069
0 0 6590
0 0 3270
0 0 4888
1 11970 11970
-1
1 13780 13780
0 0 3452
1 7269 7269
0 0 15667
-1
0 0 5234
-1
0 0 8430
0 0 1314
1 21616 21616
1 914 914
0 0 8245
1 9846 9846
0 0 12218
0 0 9220
1 20107 20107
-1
-1
-1
1 23521 23521
-1
1 11593 11593
1 25829 25829
0 0 13530
0 0 4128
0 0 5794
0 0 15080
0 0 2741
0 0 4425
-1
1 28143 28143
1 13077 13077
0 0 8299
0 0 6654
0 0 6535
0 0 15346
-1
0 0 5596
1 10876 10876
-1
0 0 1143
-1
-1
0 0 4148
-1
-1
0 0 11536
0 0 6491
0 0 4950
1 25411 25411
1 29963 29963
0 0 1835
-1
-1
0 0 600
-1
-1
-1
0 0 16059
0 0 14757
-1
-1
1 19011 19011
0 0 7210
-1
1 19692 19692
1 17156 17156
-1
-1
-1
-1
-1
0 0 2945
1 21007 21007
-1
1 17399 17399
-1
-1
1 32767 32767
0 0 10604
-1
0 0 5168
-1
0 0 12053
1 8511 8511
1 11114 11114
-1
1 5490 5490
1 18617 18617
0 0 10040
1 7257 7257
1 27737 27737
1 11828 11828
-1
-1
-1
1 16233 16233
1 4361 4361
-1
-1
1 23640 23640
-1
-1
0 0 9985
0 0 13025
0 0 11676
1 31398 31398
0 0 13611
0 0 11736
-1
-1
-1
0 0 1525
-1
0 0 434
1 6816 6816
1 20609 20609
0 0 5748
0 0 14437
1 20030 20030
1 24134 24134
1 10704 10704
-1
1 24536 24536
1 9040 9040
-1
0 0 1966
-1
0 0 6845
-1
-1
-1
1 20706 20706
-1
-1
-1
0 0 13110
-1
1 17471 17471
1 4806 4806
1 14909 14909
1 29755 29755
0 0 7687
1 9225 9225
1 4672 4672
1 2115 2115
1 30103 30103
-1
0 0 14930
1 13404 13404
0 0 11212
1 32082 32082
1 30300 30300
1 17932 17932
1 13530 13530
1 27912 27912
0 0 3279
-1
-1
1 29348 29348
1 15461 15461
-1
-1
1 4057 4057
-1
0 0 8426
-1
0 0 6397
-1
0 0 13632
0 0 12570
0 0 15939
-1
1 7495 7495
0 0 9823
-1
-1
-1
-1
-1
-1
0 0 10881
-1
-1
-1
0 0 16178
1 22776 22776
0 0 14740
-1
0 0 2011
1 26638 26638
0 0 8418
-1
1 20713 20713
0 0 13430
1 10903 10903
-1
-1
0 0 16322
1 12820 12820
0 0 318
1 10016 10016
-1
1 9942 9942
1 8718 8718
0 0 1020
0 0 13083
0 0 15885
1 3227 3227
0 0 12971
1 27206 27206
-1
-1
1 25119 25119
-1
0 0 11689
1 13096 13096
1 28186 28186
0 0 13482
1 4472 4472
1 11985 11985
0 0 3129
0 0 5744
0 0 4798
1 16842 16842
-1
0 0 4885
1 16213 16213
-1
0 0 110
-1
0 0 3402
0 0 8242
0 0 8285
0 0 6175
-1
-1
1 14221 14221
0 0 4826
-1
0 0 8591
0 0 2937
1 30531 30531
-1
1 15069 15069
-1
0 0 5893
0 0 15456
1 14941 14941
1 28778 28778
-1
1 10040 10040
-1
-1
-1
-1
-1
0 0 11128
-1
1 15699 15699
1 11939 11939
-1
0 0 12923
1 8893 8893
1 30007 30007
-1
1 19151 19151
1 31270 31270
0 0 5524
-1
0 0 13372
0 0 2693
0 0 7023
-1
-1
-1
0 0 1925
1 20147 20147
1 6066 6066
-1
0 0 1166
0 0 4172
-1
1 21417 21417
-1
-1
0 0 3292
0 0 987
0 0 11467
0 0 5419
1 12369 12369
1 21458 21458
0 0 11164
0 0 666
-1
1 16847 16847
1 21044 21044
1 14309 14309
1 3775 3775
0 0 12499
-1
-1
-1
-1
1 10519 10519
-1
1 12488 12488
0 0 8770
0 0 9004
-1
1 21295 21295
0 0 8793
0 0 14419
0 0 11504
1 30815 30815
-1
0 0 14187
1 14011 14011
1 31806 31806
-1
0 0 13251
0 0 11220
0 0 9181
0 0 14600
-1
0 0 11455
-1
0 0 6020
1 18587 18587
1 19444 19444
-1
-1
1 8075 8075
-1
0 0 5737
0 0 5231
-1
-1
-1
-1
1 27146 27146
1 5144 5144
1 19907 19907
1 25016 25016
-1
1 14215 14215
1 20020 20020
0 0 5837
0 0 16201
0 0 1667
-1
-1
1 3534 3534
-1
0 0 984
-1
1 28907 28907
0 0 13423
0 0 7981
0 0 12501
1 2476 2476
1 10752 10752
1 10170 10170
1 10393 10393
0 0 15499
1 10186 10186
0 0 5236
1 11004 11004
-1
-1
0 0 4354
0 0 13674
0 0 8622
1 24633 24633
0 0 6743
-1
1 3864 3864
0 0 2660
1 6791 6791
-1
0 0 8224
1 3799 3799
1 3003 3003
0 0 13666
-1
-1
0 0 6842
0 0 8551
-1
-1
0 0 8243
0 0 2170
-1
1 19784 19784
0 0 13218
0 0 9029
1 18743 18743
1 8341 8341
0 0 3747
1 29074 29074
0 0 8592
-1
1 17577 17577
0 0 5013
0 0 11721
1 19534 19534
-1
1 32284 32284
0 0 5184
1 3303 3303
0 0 10572
-1
-1
0 0 4021
-1
0 0 8487
1 26734 26734
0 0 13781
1 22089 22089
-1
-1
0 0 8940
1 27307 27307
0 0 6675
1 28877 28877
-1
-1
0 0 4070
0 0 9364
0 0 6369
0 0 5012
0 0 496
0 0 7649
1 28763 28763
0 0 14974
-1
1 31723 31723
0 0 13772
1 15493 15493
1 27642 27642
-1
0 0 15760
-1
-1
-1
0 0 12546
-1
-1
-1
1 12590 12590
1 12138 12138
-1
1 14215 14215
-1
0 0 1330
0 0 320
-1
-1
0 0 7002
1 13214 13214
-1
-1
0 0 4585
1 10535 10535
1 14623 14623
-1
-1
-1
0 0 5842
1 4437 4437
0 0 15353
-1
-1
1 31416 31416
0 0 3451
1 4289 4289
-1
-1
-1
1 3755 3755
-1
1 10462 10462
1 17946 17946
1 13135 13135
0 0 1205
0 0 6930
-1
1 29507 29507
1 4503 4503
-1
1 12570 12570
1 16705 16705
-1
0 0 13606
-1
0 0 13394
-1
0 0 7493
0 0 10709
1 30707 30707
0 0 7424
0 0 10339
-1
1 15183 15183
0 0 5692
1 26347 26347
0 0 10978
-1
0 0 14775
1 19009 19009
-1
-1
0 0 8993
1 15866 15866
-1
0 0 4135
0 0 14664
1 28072 28072
1 7995 7995
-1
-1
-1
-1
0 0 9209
1 25706 25706
1 22567 22567
1 10872 10872
-1
1 1798 1798
0 0 11594
1 3208 3208
-1
0 0 5408
-1
1 16398 16398
1 2886 2886
0 0 4676
1 23290 23290
0 0 10407
0 0 1787
-1
1 30311 30311
0 0 1929
1 29289 29289
1 14569 14569
0 0 3553
1 292 292
1 8144 8144
-1
0 0 10720
-1
0 0 11392
1 30218 30218
0 0 13052
1 30079 30079
1 1782 1782
0 0 12306
1 27495 27495
0 0 6010
0 0 2470
-1
0 0 14453
1 26644 26644
1 21188 21188
-1
0 0 5348
1 26430 26430
0 0 16355
-1
0 0 6419
0 0 8555
-1
1 26932 26932
0 0 12488
1 18377 18377
-1
1 11433 11433
-1
-1
1 8465 8465
1 28578 28578
0 0 3542
-1
0 0 15934
-1
1 17642 17642
0 0 5375
0 0 16068
0 0 13560
-1
-1
-1
1 14039 14039
1 2253 2253
0 0 9671
0 0 2382
1 7012 7012
1 10710 10710
1 14212 14212
0 0 14342
-1
-1
-1
-1
0 0 9665
-1
-1
-1
1 17091 17091
0 0 3883
0 0 6324
0 0 10665
1 5647 5647
0 0 7254
1 6835 6835
0 0 4016
0 0 5139
-1
-1
-1
-1
-1
-1
-1
1 7831 7831
0 0 14014
1 23605 23605
0 0 6539
-1
1 4249 4249
-1
0 0 14766
-1
0 0 7016
1 7396 7396
0 0 8120
1 10690 10690
1 16880 16880
1 16810 16810
1 2748 2748
-1
-1
-1
0 0 4841
0 0 15454
1 24066 24066
-1
0 0 15478
0 0 14521
0 0 13569
1 8666 8666
1 20063 20063
1 19649 19649
0 0 13055
0 0 12295
-1
1 21136 21136
1 10807 10807
1 32588 32588
0 0 8632
1 19217 19217
0 0 6312
-1
1 24821 24821
0 0 9883
-1
1 12264 12264
1 419 419
0 0 3738
1 15782 15782
1 15700 15700
0 0 13316
1 6919 6919
-1
0 0 114
-1
-1
-1
1 6760 6760
-1
0 0 6389
1 26280 26280
1 20405 20405
-1
-1
1 12111 12111
-1
0 0 4381
1 5125 5125
1 2623 2623
1 23056 23056
-1
1 31099 31099
-1
0 0 4525
1 20501 20501
-1
-1
0 0 1781
-1
0 0 16268
0 0 688
1 7972 7972
-1
-1
0 0 3649
-1
-1
1 22497 22497
-1
0 0 8554
0 0 13950
1 23244 23244
-1
1 31534 31534
0 0 6715
1 22234 22234
-1
-1
0 0 12834
1 25651 25651
1 6354 6354
0 0 10465
0 0 6242
0 0 419
1 11676 11676
1 23674 23674
-1
1 27465 27465
-1
0 0 5653
1 27675 27675
1 26799 26799
1 31839 31839
-1
1 28137 28137
0 0 9690
-1
1 6553 6553
1 30553 30553
-1
-1
-1
0 0 6912
0 0 3756
0 0 3637
-1
-1
-1
0 0 4878
0 0 1648
1 31364 31364
0 0 558
0 0 4249
0 0 1490
0 0 13855
0 0 6363
-1
0 0 4215
0 0 10231
-1
-1
-1
0 0 2415
1 13112 13112
1 17890 17890
1 19000 19000
-1
-1
-1
0 0 836
0 0 4526
0 0 11143
1 1953 1953
1 9998 9998
-1
1 27343 27343
-1
-1
-1
1 21052 21052
1 6681 6681
0 0 1796
0 0 5662
1 30143 30143
-1
-1
1 21657 21657
0 0 1795
0 0 7260
0 0 12029
0 0 10132
1 29318 29318
1 23661 23661
-1
-1
-1
-1
1 19963 19963
0 0 14741
0 0 12133
0 0 1054
-1
-1
1 20936 20936
-1
-1
0 0 15649
0 0 14903
0 0 8590
-1
1 4180 4180
-1
-1
-1
1 175 175
1 31132 31132
1 3159 3159
0 0 3448
-1
0 0 12476
1 7156 7156
0 0 8302
-1
-1
1 8570 8570
0 0 11888
-1
1 4129 4129
1 7541 7541
0 0 5746
1 32688 32688
1 2140 2140
1 20051 20051
0 0 7658
-1
1 16452 16452
1 8938 8938
-1
-1
-1
0 0 7800
0 0 15648
-1
-1
1 896 896
0 0 9621
0 0 8076
1 4403 4403
-1
0 0 15726
0 0 5239
0 0 6823
-1
0 0 7018
-1
0 0 13942
0 0 8050
1 4250 4250
0 0 551
-1
-1
1 25652 25652
1 12750 12750
0 0 12068
1 19862 19862
1 20143 20143
0 0 14258
1 19394 19394
1 7565 7565
1 13469 13469
1 1831 1831
1 16687 16687
1 13503 13503
0 0 11337
1 12623 12623
1 8599 8599
-1
1 422 422
1 28346 28346
0 0 16098
0 0 4822
-1
-1
-1
1 15882 15882
0 0 13969
1 8452 8452
0 0 11319
-1
1 3793 3793
0 0 2217
1 24531 24531
0 0 4876
0 0 6292
-1
1 16847 16847
-1
-1
1 26856 26856
1 23939 23939
0 0 7490
1 28686 28686
1 23284 23284
1 9935 9935
0 0 4837
-1
1 10820 10820
0 0 8813
0 0 8764
-1
1 22228 22228
-1
1 14281 14281
1 9598 9598
0 0 5090
1 17184 17184
-1
0 0 10371
1 9695 9695
0 0 12861
1 12236 12236
-1
-1
-1
0 0 11896
-1
1 25554 25554
-1
0 0 12880
1 16143 16143
0 0 5621
0 0 3938
-1
0 0 5083
1 5803 5803
1 3480 3480
0 0 9642
1 25037 25037
1 21130 21130
1 11248 11248
-1
0 0 14423
0 0 16211
1 6871 6871
-1
1 31412 31412
-1
-1
1 28656 28656
-1
-1
0 0 12584
0 0 15589
-1
1 8623 8623
-1
-1
1 16648 16648
1 29240 29240
1 30380 30380
1 4840 4840
0 0 13194
-1
0 0 15461
-1
1 10452 10452
0 0 14532
0 0 13158
0 0 4172
-1
1 10592 10592
1 20504 20504
0 0 15232
-1
1 11632 11632
0 0 1771
1 24360 24360
-1
1 19229 19229
1 378 378
1 14066 14066
1 5779 5779
0 0 7349
1 25394 25394
0 0 1170
0 0 3702
-1
0 0 4155
-1
1 15984 15984
0 0 8603
0 0 9536
-1
1 8361 8361
1 2931 2931
-1
1 8162 8162
0 0 84
1 25296 25296
0 0 12757
1 24793 24793
-1
-1
1 27281 27281
1 27388 27388
0 0 7527
1 27251 27251
0 0 11625
1 19178 19178
1 7980 7980
-1
1 8698 8698
1 19368 19368
-1
-1
-1
1 14620 14620
1 22941 22941
0 0 1381
-1
0 0 6473
-1
1 32270 32270
0 0 6264
-1
-1
0 0 9020
1 23579 23579
0 0 9045
-1
1 8639 8639
-1
-1
0 0 5876
0 0 4062
1 29854 29854
0 0 6797
0 0 2452
0 0 15991
0 0 387
-1
1 30957 30957
1 3318 3318
-1
-1
-1
1 13593 13593
0 0 14729
0 0 4727
1 11020 11020
1 30402 30402
1 8926 8926
0 0 10878
-1
-1
-1
1 28616 28616
1 7547 7547
1 2044 2044
-1
-1
0 0 5305
0 0 4811
0 0 9906
1 20303 20303
-1
1 32195 32195
-1
1 22686 22686
-1
1 27681 27681
0 0 9179
-1
0 0 9390
0 0 15289
0 0 2545
0 0 13720
-1
1 19485 19485
0 0 12873
0 0 5103
-1
1 18088 18088
1 25502 25502
1 27242 27242
-1
1 3652 3652
-1
-1
-1
-1
0 0 10426
-1
0 0 10868
0 0 4810
-1
0 0 6658
1 16915 16915
0 0 941
-1
1 6342 6342
1 15535 15535
1 32589 32589
-1
1 13689 13689
0 0 15069
0 0 13224
1 14281 14281
1 23683 23683
1 19381 19381
-1
1 7708 7708
1 23850 23850
0 0 4242
-1
-1
-1
0 0 8584
1 29220 29220
-1
-1
-1
-1
0 0 2306
1 6012 6012
0 0 1547
0 0 3198
0 0 10852
0 0 14427
1 23637 23637
0 0 15840
0 0 5719
-1
1 2140 2140
1 15793 15793
1 27523 27523
-1
1 9030 9030
0 0 5606
-1
0 0 13381
0 0 12506
-1
1 28913 28913
1 8210 8210
0 0 14375
1 20295 20295
-1
0 0 7592
-1
0 0 11886
-1
-1
0 0 16336
0 0 1542
-1
0 0 15882
0 0 3613
-1
-1
-1
0 0 11995
-1
-1
1 15362 15362
-1
1 28301 28301
0 0 1680
0 0 3125
0 0 7072
0 0 10773
1 17342 17342
-1
1 3916 3916
0 0 9836
-1
1 3031 3031
0 0 5275
1 1662 1662
0 0 2437
-1
1 28230 28230
1 13740 13740
0 0 2549
-1
-1
0 0 8200
0 0 5782
1 4162 4162
0 0 2377
0 0 15234
0 0 491
0 0 3975
1 23413 23413
0 0 12544
0 0 8726
1 26006 26006
0 0 12260
0 0 3216
1 20537 20537
-1
-1
1 12200 12200
-1
-1
1 441 441
0 0 5950
0 0 13244
-1
0 0 142
-1
1 17938 17938
1 16202 16202
-1
-1
-1
0 0 2606
1 22594 22594
0 0 4971
-1
1 1860 1860
-1
-1
1 23900 23900
1 18230 18230
-1
-1
-1
-1
-1
1 1197 1197
1 13835 13835
-1
0 0 13247
-1
-1
0 0 5804
1 9787 9787
1 23785 23785
0 0 14037
-1
0 0 13984
0 0 7039
-1
1 25741 25741
0 0 8458
-1
-1
0 0 14233
0 0 11684
0 0 14286
-1
1 21594 21594
1 9961 9961
0 0 15575
-1
0 0 6700
-1
1 10881 10881
0 0 7160
0 0 7286
-1
0 0 7225
1 32728 32728
1 14258 14258
-1
1 32005 32005
-1
-1
1 10773 10773
-1
0 0 10516
-1
-1
1 11975 11975
1 22650 22650
0 0 2090
1 15446 15446
-1
0 0 3088
0 0 15034
0 0 12174
-1
0 0 220
-1
-1
-1
1 2726 2726
0 0 12508
-1
0 0 5340
-1
1 10541 10541
1 14809 14809
1 31663 31663
0 0 5999
0 0 2033
1 12408 12408
0 0 9905
-1
0 0 11134
0 0 15682
0 0 7821
0 0 4887
1 13442 13442
0 0 2977
1 9535 9535
-1
1 9695 9695
-1
-1
1 32316 32316
0 0 10545
-1
0 0 4629
1 3735 3735
-1
1 13080 13080
-1
-1
1 2707 2707
0 0 2959
-1
0 0 10496
1 3282 3282
0 0 245
-1
-1
1 27743 27743
1 29529 29529
0 0 1777
1 24282 24282
1 6013 6013
1 17610 17610
1 23904 23904
1 15105 15105
0 0 8873
-1
-1
1 25515 25515
-1
0 0 8677
1 744 744
1 883 883
-1
0 0 7959
-1
0 0 4507
1 148 148
0 0 6048
-1
0 0 7245
1 10795 10795
1 373 373
0 0 3373
-1
1 10012 10012
-1
1 3474 3474
-1
0 0 11315
-1
0 0 9952
-1
0 0 15544
1 30246 30246
0 0 5047
0 0 4334
1 25217 25217
0 0 10399
1 19265 19265
1 7599 7599
-1
0 0 1471
1 26762 26762
1 18691 18691
-1
-1
1 22457 22457
-1
1 9851 9851
1 8480 8480
-1
1 25331 25331
1 31678 31678
-1
0 0 9506
1 23639 23639
1 31562 31562
1 8354 8354
1 10936 10936
1 26577 26577
0 0 3998
0 0 6163
1 23616 23616
0 0 8759
0 0 2061
1 15320 15320
0 0 6465
0 0 5633
0 0 13221
0 0 8365
0 0 15525
1 12709 12709
0 0 205
-1
0 0 1922
1 12334 12334
0 0 12507
-1
-1
0 0 9311
0 0 4443
0 0 11002
1 3381 3381
1 28982 28982
-1
1 24316 24316
1 24125 24125
1 4799 4799
1 19612 19612
1 29127 29127
1 29782 29782
-1
-1
1 13459 13459
0 0 9296
1 19693 19693
1 11959 11959
0 0 400
1 21985 21985
1 27316 27316
1 28401 28401
1 17716 17716
1 8964 8964
-1
-1
-1
1 23958 23958
0 0 11545
1 18903 18903
1 30230 30230
-1
1 27684 27684
-1
-1
0 0 4279
-1
1 25051 25051
-1
-1
0 0 4220
-1
0 0 57
0 0 14550
0 0 6677
0 0 5413
1 28333 28333
-1
1 1421 1421
0 0 13380
-1
0 0 5220
-1
1 21684 21684
-1
1 10158 10158
1 3175 3175
1 21975 21975
1 4478 4478
1 31616 31616
1 10322 10322
-1
1 11520 11520
1 9743 9743
0 0 7718
-1
0 0 16065
-1
1 15996 15996
-1
0 0 2814
1 28513 28513
-1
-1
-1
0 0 13565
0 0 11880
-1
0 0 8667
1 14336 14336
-1
-1
0 0 1466
-1
1 2739 2739
0 0 6633
0 0 3729
-1
0 0 8922
0 0 1310
1 28490 28490
1 20483 20483
1 15308 15308
-1
0 0 9403
1 9176 9176
-1
1 24033 24033
0 0 9565
0 0 15694
-1
-1
1 41 41
1 11019 11019
1 27105 27105
-1
0 0 1453
-1
1 29550 29550
0 0 13253
-1
-1
-1
0 0 7524
1 26367 26367
1 31277 31277
1 20099 20099
0 0 13254
0 0 3547
1 32466 32466
0 0 7929
-1
0 0 5598
0 0 303
-1
-1
-1
-1
1 18406 18406
0 0 6646
0 0 2036
0 0 14088
-1
0 0 3476
1 20597 20597
0 0 9187
-1
0 0 15143
0 0 268
-1
-1
0 0 3726
-1
0 0 2800
0 0 13917
-1
-1
-1
1 3036 3036
1 2852 2852
-1
0 0 10214
1 3684 3684
-1
1 17430 17430
1 31185 31185
-1
1 12302 12302
1 2066 2066
-1
-1
0 0 4166
0 0 11559
-1
0 0 1920
-1
0 0 3599
1 1232 1232
1 276 276
0 0 13579
1 11101 11101
1 15671 15671
1 12186 12186
1 12539 12539
0 0 3186
-1
-1
0 0 4204
1 28440 28440
1 24755 24755
0 0 2560
1 31192 31192
1 2139 2139
0 0 15452
-1
1 14211 14211
-1
0 0 11982
0 0 4459
0 0 14757
0 0 14938
0 0 11993
0 0 6852
0 0 11137
0 0 15252
-1
1 16129 16129
-1
-1
-1
-1
1 11906 11906
1 25703 25703
-1
-1
1 11877 11877
1 20007 20007
0 0 11809
-1
1 17264 17264
0 0 6931
-1
0 0 15383
-1
0 0 4213
1 6355 6355
1 23774 23774
1 16761 16761
0 0 7869
-1
0 0 3100
0 0 16089
-1
1 9211 9211
1 20540 20540
-1
1 29626 29626
1 15066 15066
1 27565 27565
1 21974 21974
0 0 7494
1 7383 7383
0 0 6215
0 0 9064
1 19064 19064
1 13775 13775
0 0 14679
-1
1 22679 22679
0 0 609
1 21019 21019
0 0 6749
-1
0 0 2861
0 0 1235
-1
1 504 504
0 0 1967
1 19814 19814
0 0 15481
-1
1 18235 18235
1 14645 14645
0 0 7492
-1
1 29316 29316
-1
1 11880 11880
-1
1 23918 23918
-1
-1
0 0 15337
-1
1 26760 26760
0 0 15138
1 15055 15055
-1
0 0 8440
0 0 10607
-1
0 0 658
1 24235 24235
1 18426 18426
-1
-1
-1
1 22812 22812
0 0 4193
-1
-1
-1
0 0 8892
1 23440 23440
-1
0 0 10885
0 0 14200
1 30862 30862
0 0 11734
0 0 15084
1 255 255
0 0 2805
-1
0 0 2523
-1
-1
0 0 8490
-1
1 21164 21164
1 2119 2119
-1
1 20591 20591
0 0 8448
1 11431 11431
-1
-1
1 30294 30294
1 21795 21795
-1
1 1216 1216
-1
0 0 7779
0 0 8102
1 15732 15732
0 0 8200
0 0 15518
0 0 8574
0 0 7227
-1
1 9560 9560
1 24295 24295
0 0 10767
1 27698 27698
-1
0 0 1301
-1
0 0 7259
1 16506 16506
-1
-1
0 0 14247
0 0 11947
1 548 548
1 25738 25738
1 11132 11132
0 0 1348
-1
-1
-1
0 0 5386
0 0 7462
1 961 961
0 0 5707
0 0 14609
1 13099 13099
1 20730 20730
-1
1 1921 1921
-1
0 0 2056
0 0 13723
0 0 5137
1 548 548
0 0 7740
-1
0 0 13005
1 5631 5631
1 2184 2184
0 0 4970
1 28582 28582
0 0 48
1 28667 28667
1 11769 11769
-1
1 13717 13717
-1
1 32549 32549
1 28171 28171
0 0 8980
0 0 9976
0 0 9405
0 0 11142
0 0 5814
0 0 6319
0 0 8718
-1
-1
-1
1 5300 5300
-1
-1
0 0 9099
0 0 8951
1 28716 28716
1 11940 11940
-1
1 19965 19965
0 0 5544
0 0 10847
1 13227 13227
1 9491 9491
0 0 15601
1 5923 5923
1 7296 7296
-1
1 865 865
-1
-1
-1
1 26221 26221
1 29376 29376
0 0 5312
-1
-1
-1
-1
1 28257 28257
0 0 15157
-1
-1
0 0 5279
-1
1 14319 14319
1 2249 2249
1 31413 31413
0 0 5723
0 0 1747
1 14440 14440
0 0 3977
-1
0 0 15315
-1
-1
0 0 3895
0 0 6748
0 0 14389
0 0 9007
1 8922 8922
0 0 9394
1 22695 22695
0 0 7425
0 0 8568
1 15995 15995
1 1861 1861
-1
0 0 11019
1 28559 28559
1 17772 17772
1 24740 24740
-1
-1
1 14248 14248
0 0 8312
1 7776 7776
0 0 11364
1 16488 16488
1 20170 20170
1 19714 19714
0 0 1077
-1
-1
1 18099 18099
0 0 14332
-1
-1
1 23692 23692
0 0 10543
-1
-1
0 0 2598
1 27716 27716
0 0 7097
-1
0 0 2409
1 12952 12952
-1
-1
0 0 2900
1 8462 8462
0 0 4399
-1
-1
1 6301 6301
-1
-1
-1
1 19966 19966
-1
1 18285 18285
-1
0 0 9240
-1
-1
0 0 9584
0 0 14203
-1
1 5377 5377
0 0 14780
0 0 5291
-1
-1
1 24309 24309
0 0 1551
0 0 4742
-1
-1
0 0 3116
-1
-1
-1
0 0 1260
0 0 3446
-1
0 0 2241
0 0 6875
0 0 4270
1 11974 11974
1 1411 1411
0 0 15462
1 32361 32361
1 10718 10718
1 13784 13784
-1
-1
1 29213 29213
-1
1 26078 26078
0 0 9673
0 0 5148
0 0 12603
0 0 6513
1 14591 14591
1 25959 25959
1 18967 18967
1 10802 10802
0 0 5720
-1
-1
-1
-1
0 0 1469
-1
-1
-1
1 15330 15330
1 4159 4159
0 0 11521
1 25788 25788
-1
1 12185 12185
1 31349 31349
1 6989 6989
-1
-1
0 0 15841
-1
0 0 582
-1
1 1519 1519
-1
1 13772 13772
0 0 13410
0 0 5152
1 19194 19194
0 0 11067
1 23794 23794
0 0 992
0 0 3281
-1
-1
0 0 3807
0 0 10928
1 30972 30972
0 0 6599
1 1612 1612
1 3037 3037
0 0 12623
0 0 12022
1 24257 24257
0 0 15120
-1
1 7432 7432
1 13369 13369
-1
1 298 298
-1
0 0 264
0 0 274
-1
1 2139 2139
-1
1 13678 13678
1 4863 4863
-1
0 0 343
0 0 10828
0 0 6949
1 24260 24260
1 9736 9736
0 0 15248
-1
-1
0 0 2034
1 7915 7915
1 22165 22165
0 0 10720
-1
1 31423 31423
-1
-1
0 0 11929
0 0 7268
-1
0 0 6791
1 18262 18262
1 26904 26904
-1
-1
0 0 14640
0 0 14351
1 2830 2830
1 15017 15017
-1
1 2359 2359
-1
1 30801 30801
1 31601 31601
0 0 11405
1 8743 8743
1 22223 22223
1 17995 17995
0 0 2101
-1
0 0 15699
1 6316 6316
1 7721 7721
-1
-1
1 28392 28392
-1
-1
1 8986 8986
0 0 5962
-1
-1
0 0 3958
0 0 2695
0 0 6208
0 0 16216
-1
0 0 6904
1 13679 13679
-1
1 8864 8864
1 2466 2466
1 11068 11068
1 20800 20800
-1
1 3013 3013
1 7106 7106
1 30537 30537
0 0 1577
1 27080 27080
-1
1 23671 23671
1 16139 16139
0 0 8363
-1
1 22282 22282
-1
-1
1 3481 3481
0 0 11428
0 0 3212
1 27690 27690
0 0 3955
0 0 11260
0 0 8434
-1
-1
-1
-1
-1
0 0 8874
0 0 180
-1
1 15068 15068
0 0 11103
-1
0 0 3599
1 27884 27884
0 0 4070
-1
-1
-1
0 0 12721
-1
0 0 12487
1 21284 21284
-1
1 5222 5222
0 0 7877
1 19885 19885
0 0 5128
-1
1 23303 23303
1 28466 28466
-1
0 0 4846
1 17716 17716
0 0 4774
-1
-1
-1
1 7131 7131
-1
-1
0 0 6211
0 0 9664
1 1787 1787
1 3322 3322
0 0 1502
-1
1 10365 10365
0 0 2352
1 3265 3265
1 32624 32624
0 0 14793
1 21716 21716
0 0 14522
1 22355 22355
0 0 12110
1 30424 30424
-1
0 0 3647
0 0 11890
0 0 3960
1 2086 2086
-1
-1
0 0 12050
0 0 2061
0 0 13609
1 20417 20417
1 9860 9860
0 0 13911
0 0 10329
1 20953 20953
1 20893 20893
1 1271 1271
-1
-1
1 14085 14085
0 0 10006
-1
-1
0 0 10602
0 0 4886
-1
1 27788 27788
-1
-1
-1
1 29995 29995
-1
0 0 2589
1 11419 11419
0 0 938
1 20961 20961
0 0 16347
1 27288 27288
-1
-1
-1
0 0 14202
0 0 5805
0 0 2611
0 0 11422
0 0 16103
1 29946 29946
0 0 10820
0 0 13831
1 4105 4105
-1
-1
-1
0 0 14566
1 5321 5321
0 0 14535
0 0 3336
-1
-1
-1
-1
-1
0 0 12503
-1
0 0 7855
0 0 1953
0 0 8528
-1
-1
1 21878 21878
1 2391 2391
0 0 8565
-1
0 0 10807
-1
0 0 3500
-1
-1
1 12207 12207
0 0 13013
0 0 11911
0 0 13110
-1
0 0 9946
-1
1 21180 21180
-1
0 0 1512
1 28589 28589
0 0 15281
-1
1 7002 7002
0 0 1266
0 0 5975
0 0 7091
-1
0 0 8709
0 0 2777
-1
-1
0 0 1426
1 27334 27334
-1
1 10727 10727
-1
1 31748 31748
-1
-1
1 9240 9240
0 0 4837
-1
-1
0 0 1947
1 24891 24891
1 22604 22604
0 0 4716
0 0 8045
0 0 12638
0 0 15699
1 32472 32472
1 28225 28225
1 18556 18556
0 0 15971
1 7609 7609
-1
-1
-1
0 0 7743
1 32638 32638
-1
-1
0 0 13589
-1
0 0 8676
0 0 8404
-1
0 0 11350
1 1779 1779
1 7471 7471
0 0 9395
0 0 4211
0 0 6549
0 0 15467
0 0 5064
1 31176 31176
0 0 6361
1 6391 6391
1 2781 2781
1 17675 17675
0 0 11656
0 0 9637
1 26597 26597
0 0 3719
1 9617 9617
-1
-1
-1
-1
-1
-1
-1
-1
0 0 5399
1 9110 9110
-1
1 14782 14782
1 29175 29175
1 21330 21330
1 22093 22093
1 22141 22141
-1
1 15106 15106
1 22261 22261
-1
-1
0 0 6506
0 0 10752
0 0 9354
0 0 239
1 21758 21758
1 6732 6732
1 13559 13559
-1
1 9273 9273
0 0 8617
0 0 2032
1 14123 14123
0 0 8480
1 8120 8120
-1
-1
1 13911 13911
1 12736 12736
-1
0 0 7350
1 17342 17342
0 0 7147
-1
-1
0 0 10272
0 0 9091
-1
0 0 5559
1 23212 23212
-1
-1
-1
-1
-1
1 22690 22690
-1
1 6270 6270
-1
-1
0 0 15392
-1
-1
-1
-1
-1
-1
1 92 92
0 0 13735
-1
1 5902 5902
0 0 5934
-1
0 0 16370
1 15943 15943
-1
1 27426 27426
-1
1 21016 21016
0 0 1071
0 0 7657
-1
0 0 13801
1 28637 28637
0 0 15445
-1
-1
0 0 10444
1 31073 31073
-1
-1
1 12922 12922
-1
-1
-1
-1
-1
-1
-1
0 0 12878
0 0 6117
-1
0 0 1809
0 0 13632
0 0 16189
1 19787 19787
1 10728 10728
-1
-1
0 0 9833
-1
0 0 13980
1 8544 8544
1 31019 31019
-1
1 27079 27079
1 13592 13592
0 0 11891
0 0 13454
-1
0 0 7998
1 8345 8345
0 0 5751
-1
-1
0 0 6317
1 2931 2931
1 27306 27306
-1
0 0 15268
0 0 10070
0 0 10048
-1
0 0 3585
-1
1 29166 29166
-1
1 24878 24878
-1
1 27657 27657
1 1373 1373
-1
1 5187 5187
1 7083 7083
1 18267 18267
1 17024 17024
-1
1 9715 9715
1 12251 12251
0 0 8770
1 10871 10871
-1
0 0 3178
-1
1 14064 14064
1 9542 9542
-1
1 24391 24391
1 22553 22553
1 5730 5730
0 0 11459
0 0 11966
-1
-1
0 0 12560
-1
1 20135 20135
1 21991 21991
1 16891 16891
1 12496 12496
1 28091 28091
-1
-1
-1
1 23005 23005
0 0 6780
-1
1 20196 20196
1 30144 30144
1 19874 19874
1 23603 23603
-1
-1
0 0 12477
1 17321 17321
1 19756 19756
1 19522 19522
0 0 8420
0 0 3568
-1
1 16503 16503
1 5524 5524
-1
0 0 4271
0 0 3662
-1
1 13946 13946
-1
0 0 842
0 0 13268
0 0 4003
0 0 14520
0 0 8758
0 0 12717
1 23210 23210
1 25898 25898
0 0 11112
0 0 3375
-1
-1
0 0 4552
0 0 9481
0 0 13999
1 18849 18849
1 12324 12324
1 27803 27803
1 14906 14906
1 28227 28227
1 27684 27684
1 22363 22363
-1
-1
-1
0 0 13504
0 0 15038
-1
0 0 14658
1 19065 19065
-1
0 0 15355
0 0 5798
0 0 7227
0 0 12022
0 0 3111
1 32079 32079
0 0 13176
1 27543 27543
0 0 8671
1 29274 29274
0 0 13968
0 0 5675
1 1493 1493
-1
1 17543 17543
1 22174 22174
1 16801 16801
-1
-1
-1
0 0 9244
-1
1 8001 8001
1 18059 18059
1 32563 32563
-1
0 0 10675
-1
0 0 2967
1 15372 15372
1 10085 10085
1 30153 30153
0 0 10533
0 0 11525
-1
0 0 11415
-1
-1
-1
1 1288 1288
1 10489 10489
1 21437 21437
1 3708 3708
1 1154 1154
0 0 15729
0 0 7480
-1
-1
-1
-1
0 0 2444
-1
-1
1 2200 2200
-1
-1
1 29369 29369
-1
0 0 10820
0 0 2130
0 0 10701
1 2165 2165
1 14388 14388
-1
-1
-1
1 7215 7215
0 0 5671
-1
1 21156 21156
0 0 7704
1 2621 2621
0 0 2317
-1
-1
-1
-1
0 0 8448
0 0 3130
-1
0 0 3938
0 0 15978
0 0 10364
1 29909 29909
0 0 7647
0 0 8661
0 0 13698
0 0 15586
-1
-1
1 11811 11811
-1
-1
-1
0 0 8978
0 0 13429
0 0 10233
0 0 12624
1 4507 4507
-1
-1
1 28054 28054
-1
-1
1 15458 15458
-1
1 515 515
0 0 13583
0 0 6453
-1
-1
0 0 12715
1 24167 24167
-1
0 0 288
-1
1 16334 16334
1 1614 1614
0 0 4272
-1
-1
-1
-1
0 0 639
0 0 1248
0 0 4979
1 23160 23160
-1
0 0 1764
1 11513 11513
1 2833 2833
1 1826 1826
1 6966 6966
1 26554 26554
0 0 7069
-1
-1
-1
1 22189 22189
1 3600 3600
0 0 8113
-1
-1
-1
-1
0 0 15273
-1
-1
1 20924 20924
-1
1 28431 28431
1 20369 20369
-1
0 0 1893
0 0 6116
0 0 606
0 0 1788
-1
-1
-1
1 29173 29173
0 0 11564
1 22993 22993
1 1366 1366
-1
0 0 4134
-1
1 16630 16630
1 2403 2403
-1
-1
1 19565 19565
1 13354 13354
0 0 8218
1 11945 11945
-1
-1
-1
1 17425 17425
-1
-1
-1
-1
0 0 3014
-1
-1
1 6738 6738
-1
0 0 14927
0 0 9197
1 31557 31557
0 0 6097
1 27063 27063
1 16896 16896
0 0 1933
0 0 9267
0 0 1359
0 0 6984
0 0 4358
1 21948 21948
1 26269 26269
1 12311 12311
1 7185 7185
0 0 10299
0 0 2815
-1
1 32618 32618
-1
-1
1 19572 19572
-1
0 0 6370
-1
0 0 6668
0 0 15026
0 0 12534
0 0 1434
0 0 10153
1 25174 25174
-1
-1
1 18275 18275
-1
1 21150 21150
1 8784 8784
0 0 15768
1 31792 31792
1 11154 11154
0 0 10264
0 0 1250
-1
0 0 835
0 0 15614
-1
1 3914 3914
0 0 693
0 0 5393
1 8984 8984
0 0 14198
1 10900 10900
1 28305 28305
1 27424 27424
-1
0 0 11675
0 0 14238
0 0 1726
-1
0 0 14585
-1
-1
1 2325 2325
-1
0 0 7963
0 0 12966
0 0 12877
-1
-1
-1
0 0 6439
-1
0 0 4864
-1
-1
0 0 6986
1 16580 16580
-1
0 0 15599
-1
0 0 15082
-1
1 9842 9842
-1
0 0 11425
0 0 6938
0 0 7123
-1
0 0 1682
1 10929 10929
-1
-1
-1
0 0 8670
1 20429 20429
-1
-1
0 0 14444
0 0 12749
0 0 16025
-1
-1
-1
1 32576 32576
1 16719 16719
1 9213 9213
1 30144 30144
0 0 1172
-1
-1
-1
-1
-1
1 15869 15869
-1
1 3499 3499
1 19947 19947
1 25842 25842
0 0 13270
0 0 9768
-1
1 2805 2805
1 9483 9483
-1
0 0 12644
1 15237 15237
0 0 7136
0 0 16023
1 4230 4230
0 0 15521
0 0 12349
-1
0 0 10960
-1
0 0 16214
0 0 13088
1 5980 5980
1 27009 27009
0 0 14213
0 0 12480
1 7556 7556
0 0 2493
0 0 15626
0 0 7466
-1
-1
0 0 10561
1 10870 10870
-1
-1
-1
-1
1 1678 1678
1 28042 28042
0 0 6260
0 0 4652
0 0 4355
-1
1 558 558
1 22007 22007
0 0 2313
0 0 9958
-1
-1
1 22033 22033
-1
-1
0 0 11567
0 0 11955
1 26870 26870
1 3017 3017
0 0 12653
0 0 14078
-1
1 4662 4662
-1
-1
-1
0 0 11464
1 4884 4884
0 0 9487
1 2660 2660
1 23928 23928
1 23388 23388
0 0 9800
1 20911 20911
1 25814 25814
0 0 13751
0 0 390
-1
-1
0 0 11558
-1
1 32184 32184
1 14562 14562
1 22871 22871
0 0 7372
-1
0 0 16152
1 30424 30424
0 0 1112
-1
-1
-1
-1
-1
1 9906 9906
-1
0 0 15509
0 0 2331
-1
-1
0 0 5653
-1
-1
0 0 7454
0 0 9528
-1
1 31255 31255
-1
0 0 4491
0 0 6168
-1
-1
1 16441 16441
0 0 11297
-1
-1
1 11640 11640
-1
-1
-1
1 20088 20088
1 21169 21169
0 0 10829
-1
0 0 8881
-1
1 6345 6345
0 0 7751
-1
0 0 484
0 0 3063
1 21710 21710
1 19755 19755
0 0 2748
0 0 9974
1 25176 25176
1 21871 21871
0 0 11732
0 0 13557
0 0 8003
1 24423 24423
1 7771 7771
-1
1 21146 21146
1 30545 30545
1 27823 27823
-1
0 0 9498
-1
-1
0 0 7536
0 0 10992
0 0 4607
1 15222 15222
0 0 14743
1 32135 32135
0 0 871
0 0 11824
0 0 1245
-1
-1
0 0 1902
0 0 12512
-1
-1
-1
-1
0 0 1912
1 716 716
0 0 8191
0 0 14024
1 4361 4361
0 0 10911
-1
1 23977 23977
0 0 3721
1 24599 24599
1 2618 2618
0 0 14959
-1
1 15159 15159
-1
1 21319 21319
1 3823 3823
1 16002 16002
0 0 11670
1 6709 6709
-1
-1
-1
0 0 11619
1 21584 21584
-1
0 0 4440
1 5206 5206
1 27865 27865
0 0 8328
-1
1 17162 17162
1 15173 15173
-1
0 0 4466
1 32327 32327
-1
0 0 12526
1 28952 28952
0 0 5020
-1
1 24524 24524
0 0 8211
0 0 5031
0 0 11250
-1
1 3863 3863
0 0 8028
1 23897 23897
0 0 2466
-1
-1
0 0 4434
0 0 13228
-1
-1
1 23508 23508
0 0 3250
-1
1 22766 22766
0 0 2222
1 28276 28276
-1
0 0 10556
1 8853 8853
1 22944 22944
-1
0 0 10920
1 22586 22586
0 0 4415
1 9259 9259
1 6852 6852
0 0 885
-1
0 0 11993
0 0 3119
1 16810 16810
1 26959 26959
0 0 15149
-1
1 7264 7264
-1
0 0 15924
0 0 4940
1 32345 32345
-1
0 0 4198
1 25131 25131
1 1220 1220
1 1366 1366
0 0 12492
-1
1 30005 30005
-1
0 0 8769
0 0 9064
0 0 8209
1 28056 28056
0 0 4273
1 27629 27629
0 0 2484
-1
0 0 15963
-1
-1
-1
0 0 14607
1 20817 20817
1 7268 7268
0 0 2766
1 12005 12005
-1
0 0 13218
1 131 131
0 0 15927
-1
-1
0 0 14654
0 0 11622
1 6917 6917
1 31328 31328
-1
-1
1 32035 32035
-1
1 12895 12895
0 0 13620
1 20819 20819
-1
0 0 15479
-1
1 31580 31580
1 30717 30717
1 29914 29914
0 0 252
0 0 8804
-1
0 0 3711
0 0 9814
0 0 3507
0 0 15785
-1
0 0 10236
-1
1 6467 6467
-1
1 12390 12390
0 0 8675
-1
-1
0 0 11921
0 0 7292
0 0 5108
-1
-1
1 28481 28481
0 0 1008
0 0 4531
-1
-1
0 0 9592
-1
0 0 10383
-1
0 0 9370
0 0 136
0 0 15770
1 15809 15809
0 0 12629
-1
1 31897 31897
1 32733 32733
-1
1 31482 31482
-1
0 0 8689
0 0 9935
-1
-1
1 4040 4040
-1
0 0 2332
1 3859 3859
1 23880 23880
0 0 7247
-1
1 16088 16088
-1
1 23862 23862
-1
-1
-1
0 0 14169
0 0 1370
-1
-1
-1
1 13901 13901
-1
0 0 13018
1 10541 10541
1 3593 3593
1 20774 20774
0 0 9211
1 21196 21196
-1
1 26807 26807
0 0 2211
1 24471 24471
1 11381 11381
1 28964 28964
-1
0 0 9644
-1
0 0 3053
-1
-1
-1
0 0 5046
1 25028 25028
1 16095 16095
1 26071 26071
0 0 8456
1 8792 8792
0 0 6872
-1
-1
-1
0 0 16200
-1
-1
1 15843 15843
1 19388 19388
1 26003 26003
0 0 11466
0 0 15993
0 0 6379
-1
0 0 10097
-1
1 27243 27243
0 0 15990
0 0 15926
1 24802 24802
1 9826 9826
0 0 6215
1 24251 24251
0 0 16122
0 0 14406
-1
1 9091 9091
1 29865 29865
0 0 4110
0 0 2272
-1
1 29188 29188
0 0 11670
1 14580 14580
0 0 14331
-1
1 10549 10549
0 0 10348
1 10040 10040
0 0 965
0 0 2763
1 6348 6348
-1
1 26640 26640
-1
-1
0 0 15692
1 27886 27886
0 0 9389
-1
-1
1 22650 22650
0 0 10424
-1
0 0 1401
-1
1 11845 11845
-1
0 0 4396
1 14928 14928
1 13358 13358
1 16672 16672
0 0 6052
1 3610 3610
1 23138 23138
-1
-1
-1
1 19837 19837
1 12456 12456
1 14549 14549
1 17389 17389
0 0 2303
-1
0 0 392
0 0 2376
1 14026 14026
-1
-1
-1
1 6056 6056
0 0 12299
-1
1 15301 15301
1 12227 12227
0 0 7103
-1
1 1800 1800
0 0 15893
-1
-1
1 23545 23545
1 28244 28244
0 0 155
-1
1 10202 10202
0 0 14154
1 11692 11692
0 0 4171
1 18225 18225
1 28330 28330
1 11902 11902
0 0 12628
1 13386 13386
-1
0 0 13219
1 670 670
0 0 8921
-1
0 0 5780
-1
0 0 15967
1 12433 12433
0 0 3748
0 0 114
-1
1 25754 25754
-1
-1
-1
-1
-1
1 9541 9541
1 17125 17125
1 462 462
1 8002 8002
0 0 12049
0 0 6210
1 4868 4868
-1
0 0 9711
-1
1 20475 20475
1 10137 10137
-1
-1
0 0 1977
0 0 1669
-1
-1
0 0 11591
-1
1 18278 18278
0 0 11690
0 0 6059
0 0 13469
0 0 1462
1 27249 27249
-1
0 0 2179
0 0 7191
0 0 323
0 0 6845
1 1369 1369
-1
-1
1 25052 25052
0 0 5186
0 0 14374
0 0 11436
1 751 751
1 4830 4830
-1
-1
-1
1 14652 14652
0 0 11774
-1
-1
-1
-1
-1
-1
-1
0 0 14557
-1
1 28472 28472
-1
-1
-1
1 7893 7893
0 0 3825
1 583 583
-1
1 14182 14182
0 0 11021
1 10803 10803
1 17794 17794
1 16831 16831
1 27198 27198
0 0 1102
-1
0 0 7371
-1
-1
0 0 13497
1 8202 8202
1 16548 16548
-1
-1
0 0 3852
1 4059 4059
1 9098 9098
-1
0 0 7058
-1
-1
0 0 11793
0 0 1466
1 16982 16982
1 18831 18831
-1
0 0 5468
1 10023 10023
-1
0 0 15670
0 0 15166
0 0 9140
1 31626 31626
-1
0 0 2651
0 0 14550
0 0 3883
-1
-1
-1
-1
-1
-1
-1
1 19759 19759
1 22147 22147
0 0 16382
0 0 15284
-1
0 0 12489
-1
0 0 10902
-1
1 24793 24793
0 0 12199
-1
0 0 15828
0 0 14262
1 6688 6688
-1
0 0 15681
1 28712 28712
-1
1 7814 7814
0 0 5520
0 0 1556
0 0 1792
1 3090 3090
1 26809 26809
-1
1 10267 10267
-1
-1
1 206 206
0 0 11221
0 0 13028
0 0 3694
0 0 11969
0 0 3063
0 0 8115
-1
-1
-1
0 0 5378
-1
1 27162 27162
1 1541 1541
0 0 2741
0 0 15544
-1
0 0 10278
-1
1 14117 14117
1 30909 30909
0 0 3223
-1
0 0 13340
1 14368 14368
-1
0 0 9047
0 0 12161
-1
-1
0 0 11094
1 17404 17404
0 0 5580
1 10864 10864
-1
0 0 14369
0 0 12286
-1
-1
0 0 11276
-1
-1
1 32180 32180
-1
-1
0 0 11628
0 0 9449
-1
1 847 847
0 0 14398
0 0 10475
-1
-1
-1
-1
0 0 4360
0 0 12396
1 147 147
-1
1 14453 14453
-1
0 0 7240
1 16267 16267
1 10726 10726
1 30579 30579
0 0 2157
0 0 130
-1
0 0 12185
1 22261 22261
0 0 8916
0 0 5892
0 0 4913
1 705 705
-1
1 31010 31010
1 3897 3897
1 30983 30983
-1
-1
1 20780 20780
-1
-1
1 30130 30130
1 1910 1910
-1
1 31538 31538
-1
-1
1 8283 8283
-1
-1
-1
-1
1 2376 2376
0 0 8400
-1
-1
-1
0 0 16284
-1
-1
0 0 1848
0 0 12236
0 0 13771
0 0 229
1 5780 5780
0 0 11636
1 3480 3480
0 0 7656
1 4766 4766
1 12656 12656
0 0 5885
-1
-1
-1
-1
0 0 6307
-1
0 0 1152
0 0 1737
-1
1 31814 31814
0 0 6377
0 0 4708
-1
0 0 1170
1 2667 2667
-1
1 26013 26013
1 31834 31834
-1
1 6345 6345
0 0 6806
0 0 9810
0 0 15877
1 3246 3246
1 9673 9673
0 0 15139
0 0 251
-1
0 0 7996
0 0 10432
1 5754 5754
1 13052 13052
1 28072 28072
0 0 15503
1 11168 11168
0 0 6219
-1
0 0 8310
-1
0 0 4617
0 0 5779
1 15419 15419
-1
-1
-1
-1
0 0 8643
1 7668 7668
-1
-1
0 0 6663
1 5548 5548
0 0 8717
0 0 4804
-1
0 0 10611
1 507 507
1 2509 2509
1 1423 1423
0 0 7195
1 23612 23612
0 0 16177
0 0 4538
0 0 7352
-1
0 0 3607
1 3451 3451
-1
-1
-1
1 23027 23027
-1
-1
1 7845 7845
-1
0 0 14143
-1
0 0 8219
-1
1 10904 10904
0 0 14328
1 16840 16840
1 18126 18126
-1
0 0 1611
0 0 16173
1 29323 29323
-1
-1
-1
1 15598 15598
0 0 9082
1 12380 12380
-1
0 0 15312
1 23189 23189
0 0 3255
0 0 4818
1 4847 4847
-1
1 20332 20332
-1
-1
-1
0 0 12450
-1
0 0 10854
-1
-1
0 0 12534
-1
0 0 15175
1 26960 26960
0 0 2228
0 0 9315
0 0 10992
1 23005 23005
-1
-1
0 0 6623
0 0 14334
-1
1 16214 16214
-1
0 0 2828
-1
-1
-1
1 6649 6649
0 0 10591
1 25403 25403
0 0 5847
-1
0 0 3895
1 3813 3813
0 0 2959
0 0 8473
0 0 8175
-1
0 0 5488
-1
1 3776 3776
1 18743 18743
1 31512 31512
-1
1 15184 15184
0 0 155
-1
-1
-1
1 2958 2958
-1
0 0 13350
1 32746 32746
0 0 12803
0 0 14023
1 10416 10416
-1
1 12935 12935
1 4600 4600
-1
0 0 4192
1 26015 26015
0 0 15627
1 31970 31970
0 0 15110
0 0 11903
-1
-1
0 0 11413
-1
-1
0 0 8297
-1
1 15379 15379
1 29044 29044
1 5308 5308
-1
1 30558 30558
1 26367 26367
0 0 14311
0 0 7794
0 0 12688
0 0 11280
0 0 13031
0 0 5029
1 16958 16958
1 26603 26603
-1
-1
-1
-1
-1
1 19690 19690
1 16731 16731
1 17559 17559
-1
1 10232 10232
-1
-1
0 0 10500
-1
0 0 11737
0 0 12788
0 0 10982
0 0 3938
1 7039 7039
0 0 10608
0 0 1700
1 21232 21232
-1
0 0 15491
0 0 1917
1 2543 2543
-1
1 25285 25285
1 15303 15303
0 0 4704
-1
0 0 10665
-1
0 0 3126
0 0 8343
-1
-1
1 21624 21624
0 0 11992
1 11891 11891
0 0 9988
0 0 7353
-1
0 0 10720
-1
0 0 4020
1 10190 10190
0 0 294
1 13252 13252
-1
0 0 4957
0 0 11344
0 0 7005
0 0 7573
0 0 15595
1 21254 21254
0 0 12281
-1
0 0 14930
1 2571 2571
1 32115 32115
-1
0 0 9252
-1
0 0 7953
-1
1 3595 3595
1 1156 1156
0 0 550
1 29869 29869
-1
1 6377 6377
1 18463 18463
1 28602 28602
0 0 1638
0 0 15464
-1
1 9946 9946
1 16275 16275
0 0 4558
0 0 11003
0 0 3360
1 23816 23816
-1
-1
0 0 14677
-1
-1
1 28151 28151
-1
-1
1 22324 22324
-1
-1
1 24217 24217
1 575 575
-1
-1
0 0 3788
0 0 11275
0 0 9365
0 0 5476
0 0 6801
0 0 4764
0 0 3696
-1
-1
1 8289 8289
-1
1 28032 28032
-1
0 0 15498
1 30630 30630
1 15725 15725
-1
1 30232 30232
0 0 13476
-1
0 0 1305
1 9206 9206
-1
-1
1 22954 22954
0 0 2495
0 0 10356
1 9772 9772
-1
1 10308 10308
1 24657 24657
1 21291 21291
-1
-1
-1
-1
0 0 16223
0 0 6737
0 0 7112
-1
-1
0 0 6618
1 1193 1193
0 0 8270
-1
-1
1 5138 5138
1 11063 11063
1 2001 2001
1 16462 16462
1 14566 14566
1 1148 1148
0 0 12505
1 23910 23910
1 11812 11812
-1
0 0 13518
0 0 9238
0 0 9368
1 16508 16508
1 9748 9748
1 1108 1108
0 0 7721
-1
-1
0 0 15722
1 26934 26934
1 3505 3505
0 0 4858
1 26727 26727
-1
0 0 12787
1 9502 9502
1 23564 23564
1 17124 17124
0 0 5816
0 0 6826
0 0 8898
0 0 13117
0 0 15472
1 15055 15055
0 0 2539
-1
1 22863 22863
-1
0 0 12775
0 0 7014
0 0 3693
-1
1 15996 15996
1 31277 31277
0 0 2449
-1
0 0 13271
0 0 504
1 25547 25547
0 0 10863
0 0 7743
1 19170 19170
0 0 14975
0 0 10497
-1
-1
1 25064 25064
1 21178 21178
1 676 676
-1
0 0 156
0 0 4636
-1
0 0 13583
1 31654 31654
-1
-1
1 21774 21774
0 0 14644
-1
0 0 7225
0 0 5313
-1
1 20643 20643
-1
1 14110 14110
1 2910 2910
1 16816 16816
1 25491 25491
1 21098 21098
0 0 652
0 0 5078
-1
0 0 5033
-1
-1
0 0 255
-1
0 0 3964
1 469 469
1 20671 20671
-1
1 18745 18745
-1
1 29085 29085
0 0 11551
1 18635 18635
1 22586 22586
1 31712 31712
1 26648 26648
1 27911 27911
1 15497 15497
-1
-1
1 10313 10313
-1
1 21761 21761
-1
1 22129 22129
0 0 6293
-1
0 0 384
-1
1 6507 6507
0 0 3924
-1
1 8589 8589
-1
1 27218 27218
-1
1 24661 24661
0 0 4312
1 12188 12188
1 10382 10382
-1
-1
-1
0 0 6413
1 13710 13710
0 0 148
0 0 8559
0 0 8547
0 0 4918
0 0 12853
-1
0 0 7432
1 22981 22981
1 15403 15403
-1
-1
0 0 12493
-1
1 10747 10747
0 0 6266
0 0 503
0 0 9388
1 12714 12714
1 7551 7551
-1
-1
1 31744 31744
1 32656 32656
-1
0 0 12486
0 0 9277
-1
-1
0 0 9902
1 1887 1887
1 11508 11508
0 0 11160
1 20454 20454
0 0 15384
-1
-1
1 21126 21126
-1
1 11883 11883
-1
1 16831 16831
0 0 4232
-1
0 0 11532
0 0 987
0 0 11135
-1
1 3064 3064
1 5815 5815
-1
-1
0 0 4570
-1
0 0 3108
-1
1 17659 17659
0 0 6229
1 1181 1181
-1
1 7933 7933
-1
0 0 5759
1 17929 17929
0 0 375
0 0 8666
0 0 2698
0 0 3592
0 0 1349
0 0 9996
1 29258 29258
0 0 7400
0 0 10052
-1
0 0 13605
0 0 12726
-1
-1
-1
-1
-1
-1
-1
-1
1 9729 9729
1 21684 21684
-1
0 0 9366
-1
0 0 7971
1 3393 3393
-1
0 0 7723
1 15955 15955
-1
-1
1 19981 19981
1 7123 7123
-1
0 0 12438
1 12226 12226
1 24164 24164
0 0 4200
1 10115 10115
0 0 3624
-1
1 27816 27816
0 0 15986
1 2074 2074
0 0 435
1 6883 6883
-1
0 0 15297
-1
0 0 12461
-1
0 0 12986
-1
1 13734 13734
0 0 5150
0 0 7405
0 0 15569
-1
1 3511 3511
1 20517 20517
0 0 5301
1 9215 9215
1 32744 32744
0 0 1764
-1
1 10900 10900
-1
0 0 1120
-1
1 25874 25874
0 0 353
1 15878 15878
0 0 1119
1 12647 12647
1 21966 21966
1 22556 22556
-1
0 0 2594
0 0 6060
-1
0 0 5114
1 6051 6051
-1
1 24398 24398
1 28427 28427
-1
-1
0 0 12223
-1
-1
1 14739 14739
1 26538 26538
0 0 8181
1 6110 6110
0 0 11160
0 0 11186
1 13825 13825
1 21935 21935
1 27791 27791
1 12997 12997
-1
-1
0 0 2918
1 22762 22762
1 25939 25939
1 456 456
0 0 182
1 19061 19061
-1
0 0 3960
-1
1 8 8
-1
1 21983 21983
-1
-1
0 0 9069
1 19565 19565
1 13091 13091
1 26866 26866
-1
-1
-1
0 0 10258
-1
0 0 11987
0 0 7387
1 28 28
-1
-1
0 0 15531
0 0 1416
0 0 2572
0 0 14818
1 28388 28388
0 0 10526
1 24009 24009
1 26380 26380
0 0 10624
0 0 9777
1 361 361
-1
1 821 821
-1
1 22754 22754
-1
-1
0 0 7066
0 0 8801
1 4216 4216
1 30072 30072
-1
0 0 11101
0 0 4851
0 0 12485
0 0 2923
1 3106 3106
1 9883 9883
1 25274 25274
-1
-1
1 19164 19164
1 9348 9348
-1
1 16324 16324
-1
-1
1 20285 20285
0 0 8367
-1
0 0 12004
0 0 1428
1 21029 21029
1 27944 27944
-1
1 20358 20358
-1
1 3886 3886
-1
0 0 10208
0 0 2049
-1
1 1210 1210
0 0 15905
1 8601 8601
1 22486 22486
0 0 529
1 2302 2302
0 0 14381
-1
0 0 9916
-1
0 0 11632
-1
1 12628 12628
0 0 15804
-1
-1
1 22583 22583
0 0 6806
-1
0 0 10909
1 29956 29956
1 29699 29699
-1
-1
-1
0 0 10113
-1
-1
-1
1 6066 6066
-1
1 28701 28701
-1
0 0 10320
1 1655 1655
1 3527 3527
1 13521 13521
-1
0 0 11901
-1
-1
1 18812 18812
-1
1 31825 31825
-1
-1
-1
1 11267 11267
0 0 8185
1 10569 10569
1 18155 18155
1 12452 12452
-1
-1
-1
0 0 1988
1 10227 10227
1 4093 4093
-1
1 22342 22342
-1
0 0 9765
1 27533 27533
1 3639 3639
-1
1 7628 7628
0 0 14923
0 0 6269
0 0 4969
0 0 12888
-1
0 0 8313
-1
0 0 8598
0 0 7992
0 0 12643
-1
-1
0 0 15053
-1
0 0 3165
1 4308 4308
1 18273 18273
-1
1 21976 21976
0 0 7293
1 32268 32268
1 29544 29544
1 5696 5696
1 1973 1973
1 8195 8195
-1
-1
0 0 13669
-1
-1
1 28808 28808
-1
-1
1 27312 27312
-1
0 0 5213
0 0 13882
1 784 784
0 0 5198
0 0 798
0 0 3849
1 13328 13328
0 0 272
1 14948 14948
1 12455 12455
1 3131 3131
0 0 5863
0 0 2182
-1
-1
0 0 760
0 0 6092
0 0 14004
1 4114 4114
1 11690 11690
1 27500 27500
1 2692 2692
1 30759 30759
1 25480 25480
1 12399 12399
1 4983 4983
1 19769 19769
-1
1 30607 30607
-1
0 0 4628
1 23508 23508
-1
1 15823 15823
0 0 16203
0 0 13670
0 0 13301
-1
1 26986 26986
-1
1 20116 20116
-1
1 11086 11086
0 0 1336
0 0 1946
1 20463 20463
-1
1 3965 3965
1 1357 1357
-1
1 30406 30406
0 0 1207
0 0 6192
-1
1 12546 12546
0 0 5626
0 0 3389
1 28209 28209
0 0 14417
-1
0 0 10067
-1
0 0 849
1 17747 17747
1 24435 24435
-1
0 0 12900
-1
0 0 16059
1 13636 13636
0 0 7691
1 23495 23495
-1
0 0 14325
0 0 5550
1 31197 31197
-1
-1
0 0 16082
0 0 735
1 26455 26455
1 2236 2236
-1
-1
-1
1 24151 24151
1 15312 15312
1 16356 16356
1 26157 26157
-1
-1
-1
0 0 6597
-1
-1
1 15654 15654
0 0 5712
0 0 9213
-1
0 0 5168
1 7202 7202
1 11093 11093
1 9558 9558
1 14001 14001
-1
-1
-1
-1
-1
-1
1 22266 22266
-1
-1
0 0 4505
0 0 5030
0 0 7560
0 0 14723
0 0 8980
-1
1 664 664
1 4293 4293
1 30061 30061
0 0 4801
0 0 1325
-1
-1
0 0 5583
1 13965 13965
0 0 8450
1 12108 12108
-1
-1
-1
0 0 15963
-1
-1
-1
0 0 135
-1
-1
-1
-1
-1
1 17756 17756
1 17774 17774
0 0 4760
1 21407 21407
1 1898 1898
-1
0 0 8309
1 27715 27715
0 0 2984
-1
-1
0 0 7356
-1
1 31680 31680
1 8593 8593
-1
0 0 12900
0 0 13935
1 25031 25031
1 17368 17368
-1
-1
-1
0 0 12357
1 22770 22770
1 21012 21012
1 29301 29301
-1
0 0 13494
-1
1 27277 27277
0 0 1446
-1
-1
-1
-1
-1
0 0 15570
0 0 14062
-1
0 0 12454
0 0 7124
-1
0 0 1381
1 29646 29646
0 0 5320
0 0 15801
1 9122 9122
-1
1 14958 14958
0 0 11093
-1
-1
1 17239 17239
0 0 14133
-1
1 26313 26313
-1
1 7700 7700
1 20057 20057
0 0 2629
-1
1 1062 1062
-1
1 24268 24268
1 13278 13278
1 31942 31942
0 0 5457
-1
1 17297 17297
1 11326 11326
-1
0 0 487
-1
1 6524 6524
0 0 15707
1 3850 3850
1 31278 31278
1 22674 22674
1 32232 32232
-1
-1
0 0 8858
0 0 12219
-1
-1
-1
0 0 12932
0 0 7010
0 0 3965
1 19243 19243
-1
1 2741 2741
-1
0 0 14415
-1
1 21842 21842
0 0 7468
1 16605 16605
1 14293 14293
0 0 8401
-1
-1
0 0 14692
0 0 12553
1 31011 31011
1 22024 22024
1 10876 10876
1 4851 4851
1 29402 29402
-1
1 14512 14512
1 27893 27893
-1
-1
0 0 10226
0 0 9176
1 26109 26109
0 0 560
1 6628 6628
-1
-1
0 0 125
0 0 13082
1 5931 5931
1 346 346
-1
0 0 13396
0 0 13830
0 0 3668
-1
0 0 1000
0 0 15223
-1
-1
-1
1 8029 8029
1 5371 5371
1 14059 14059
1 31581 31581
0 0 13667
0 0 11370
0 0 3274
1 15674 15674
-1
1 14308 14308
-1
0 0 479
-1
1 14749 14749
-1
0 0 15976
1 27175 27175
-1
1 1730 1730
1 12315 12315
1 17710 17710
1 11251 11251
-1
0 0 7878
1 30267 30267
1 18446 18446
0 0 14066
0 0 5611
-1
1 31436 31436
0 0 9283
1 18161 18161
-1
-1
0 0 4531
1 3735 3735
-1
-1
-1
-1
1 26146 26146
1 5325 5325
0 0 10659
-1
1 9680 9680
0 0 13709
1 14486 14486
1 18191 18191
1 5135 5135
-1
-1
1 25850 25850
0 0 12286
-1
0 0 16356
0 0 6408
-1
-1
1 17748 17748
0 0 14995
1 6106 6106
0 0 921
-1
1 28241 28241
0 0 510
1 13596 13596
1 17082 17082
-1
-1
1 16820 16820
-1
-1
0 0 715
1 5804 5804
-1
-1
-1
1 20408 20408
0 0 14869
-1
0 0 1677
1 24848 24848
1 24377 24377
-1
0 0 14700
1 19953 19953
-1
-1
0 0 14586
0 0 14222
-1
0 0 14976
-1
1 18774 18774
1 28542 28542
-1
0 0 6377
0 0 14835
0 0 15891
0 0 8333
0 0 11559
-1
0 0 2140
0 0 12531
0 0 8272
1 19138 19138
0 0 3651
-1
1 16609 16609
1 31923 31923
1 1294 1294
1 13956 13956
1 22667 22667
-1
-1
1 21672 21672
-1
1 20438 20438
-1
0 0 12161
1 18945 18945
-1
1 10828 10828
1 31910 31910
0 0 9755
-1
-1
1 13800 13800
-1
1 14550 14550
1 30443 30443
1 25316 25316
1 12884 12884
-1
-1
-1
0 0 9535
-1
1 27971 27971
-1
0 0 8369
-1
1 27266 27266
-1
-1
0 0 5408
1 3730 3730
1 20983 20983
1 28083 28083
0 0 1876
0 0 3819
-1
-1
0 0 3266
1 9813 9813
1 7509 7509
0 0 5351
-1
-1
0 0 9295
0 0 6758
-1
-1
-1
1 13957 13957
1 13839 13839
-1
0 0 1287
1 5744 5744
0 0 8008
0 0 7476
0 0 15098
-1
0 0 8801
0 0 12771
-1
-1
0 0 5025
1 4339 4339
-1
0 0 5657
0 0 6100
0 0 15544
1 14717 14717
-1
0 0 11404
-1
-1
1 28164 28164
0 0 4955
0 0 7309
0 0 11812
0 0 2103
1 2601 2601
-1
-1
0 0 10513
-1
1 23710 23710
1 27493 27493
0 0 11227
-1
1 15157 15157
1 2187 2187
-1
0 0 9516
1 28698 28698
1 7131 7131
1 2486 2486
0 0 3525
1 20172 20172
-1
-1
1 6168 6168
1 8683 8683
0 0 11127
1 25052 25052
1 12613 12613
-1
0 0 5993
-1
1 21587 21587
0 0 2391
1 2595 2595
0 0 8427
-1
0 0 7141
-1
0 0 6199
-1
-1
0 0 15263
1 400 400
0 0 11547
0 0 13173
-1
-1
0 0 13990
-1
1 1096 1096
1 16183 16183
0 0 4652
1 20317 20317
0 0 5983
0 0 12747
0 0 13979
-1
0 0 1472
-1
0 0 10147
1 6048 6048
0 0 271
1 22339 22339
1 16878 16878
1 30259 30259
1 11121 11121
1 27713 27713
0 0 2443
1 16495 16495
-1
1 15524 15524
0 0 11989
0 0 1234
1 5851 5851
1 18238 18238
0 0 2061
0 0 14948
-1
0 0 7908
-1
1 32500 32500
-1
0 0 2990
0 0 3958
1 23015 23015
1 29559 29559
0 0 6526
1 5186 5186
1 22145 22145
-1
-1
0 0 4143
0 0 12196
1 13175 13175
0 0 14694
0 0 12899
1 745 745
-1
0 0 14712
1 19845 19845
1 3756 3756
0 0 2446
1 8711 8711
1 1957 1957
1 14599 14599
-1
-1
-1
0 0 11782
0 0 14117
1 952 952
-1
1 16377 16377
0 0 15179
-1
-1
1 30120 30120
1 11560 11560
1 18733 18733
0 0 6461
1 16668 16668
-1
-1
-1
1 5115 5115
-1
1 25074 25074
0 0 14607
-1
0 0 14001
0 0 15506
0 0 7885
0 0 9441
0 0 2529
1 19414 19414
-1
-1
-1
0 0 6540
0 0 1828
-1
0 0 3205
-1
-1
0 0 2183
-1
1 31893 31893
1 7784 7784
1 27106 27106
-1
-1
0 0 5778
0 0 6860
-1
-1
-1
1 3317 3317
0 0 6819
-1
0 0 12186
-1
-1
0 0 12558
1 24727 24727
0 0 11384
-1
0 0 12968
1 1605 1605
1 30158 30158
1 18621 18621
-1
0 0 6279
-1
1 25844 25844
-1
1 1995 1995
0 0 6330
1 21296 21296
1 20519 20519
0 0 3815
1 15829 15829
-1
0 0 7033
-1
0 0 410
-1
-1
-1
1 24951 24951
1 26685 26685
1 26643 26643
1 24904 24904
0 0 3156
0 0 13838
-1
0 0 14812
0 0 12731
0 0 12655
0 0 11484
1 9579 9579
1 8626 8626
-1
0 0 6817
0 0 7846
1 4816 4816
0 0 8612
1 6641 6641
-1
0 0 4149
1 20599 20599
0 0 10671
0 0 510
-1
0 0 12877
1 25865 25865
0 0 1631
-1
0 0 14480
0 0 7787
1 11420 11420
0 0 13409
-1
1 30094 30094
1 28059 28059
1 671 671
0 0 9395
-1
1 29762 29762
1 20629 20629
1 13269 13269
0 0 10790
0 0 15119
0 0 10955
1 16649 16649
-1
-1
0 0 1051
0 0 12963
1 10322 10322
-1
0 0 3736
-1
-1
0 0 14104
-1
-1
0 0 885
1 31794 31794
0 0 4966
0 0 6497
1 31660 31660
1 9188 9188
0 0 7434
0 0 1092
1 17317 17317
0 0 7349
1 29190 29190
-1
-1
0 0 4024
1 18316 18316
0 0 7090
1 16460 16460
1 15776 15776
0 0 93
0 0 15545
1 26559 26559
-1
0 0 13730
0 0 7703
-1
0 0 2211
-1
1 1853 1853
1 13752 13752
-1
1 125 125
1 5130 5130
-1
-1
1 23369 23369
0 0 1570
-1
1 7617 7617
1 11440 11440
-1
1 28056 28056
-1
0 0 782
0 0 16135
0 0 12628
1 29317 29317
0 0 6093
0 0 1895
1 18681 18681
1 305 305
0 0 10543
0 0 4911
0 0 1437
-1
-1
1 31041 31041
1 4872 4872
-1
1 32046 32046
0 0 14750
0 0 11693
0 0 469
1 7120 7120
-1
1 4883 4883
1 21666 21666
-1
-1
-1
-1
-1
1 32510 32510
1 20135 20135
1 9351 9351
0 0 3857
-1
1 18998 18998
-1
0 0 6145
0 0 3497
1 22929 22929
0 0 775
-1
0 0 6278
0 0 12870
1 21987 21987
1 5980 5980
0 0 1759
-1
0 0 8664
1 7909 7909
1 8524 8524
-1
0 0 5304
-1
-1
0 0 10733
-1
0 0 2801
1 27633 27633
0 0 9588
0 0 1823
-1
0 0 1748
1 531 531
-1
0 0 11437
-1
1 10248 10248
-1
-1
1 32306 32306
-1
-1
-1
-1
-1
1 14384 14384
-1
1 10981 10981
1 12463 12463
1 7443 7443
1 19308 19308
1 19119 19119
1 24526 24526
-1
0 0 4815
-1
-1
-1
-1
-1
1 271 271
0 0 4015
1 29875 29875
1 21916 21916
1 25371 25371
1 19612 19612
-1
0 0 7297
1 8030 8030
0 0 16341
1 22234 22234
1 6314 6314
1 32647 32647
-1
1 18126 18126
0 0 8792
1 17834 17834
1 4979 4979
1 20756 20756
1 16886 16886
0 0 5983
1 32148 32148
0 0 257
1 26788 26788
1 1310 1310
-1
1 25243 25243
1 4773 4773
0 0 8582
-1
1 25341 25341
-1
0 0 8853
1 26645 26645
1 21743 21743
1 26651 26651
0 0 1663
0 0 6737
1 30297 30297
-1
1 4984 4984
1 22232 22232
-1
-1
0 0 5554
1 4352 4352
0 0 1402
0 0 12306
-1
-1
0 0 10902
1 1074 1074
1 23368 23368
0 0 15673
1 491 491
1 13420 13420
0 0 6249
0 0 4852
-1
0 0 12654
1 18423 18423
0 0 8023
0 0 3917
0 0 15082
1 10873 10873
1 5538 5538
0 0 9561
1 5731 5731
0 0 11648
0 0 11732
1 22177 22177
-1
-1
0 0 1046
0 0 15113
-1
0 0 1559
1 20376 20376
1 8666 8666
-1
1 9496 9496
-1
0 0 10550
-1
0 0 6343
0 0 13432
1 19043 19043
1 10053 10053
-1
0 0 12196
1 28924 28924
-1
1 20335 20335
0 0 2866
1 15513 15513
0 0 4210
0 0 542
1 5445 5445
1 11583 11583
-1
0 0 13358
0 0 7030
1 22297 22297
1 1725 1725
1 16121 16121
-1
-1
0 0 8473
-1
-1
1 15040 15040
1 18581 18581
-1
-1
0 0 8202
-1
0 0 13928
-1
0 0 3413
-1
0 0 13364
1 1710 1710
1 4321 4321
-1
0 0 4697
0 0 4645
0 0 1563
0 0 4683
1 26037 26037
-1
1 5076 5076
1 19284 19284
1 4181 4181
1 31664 31664
-1
0 0 2501
1 31968 31968
-1
-1
1 1940 1940
1 22917 22917
-1
0 0 8819
0 0 5128
0 0 3692
1 799 799
1 21862 21862
-1
-1
0 0 6114
1 29188 29188
1 10031 10031
0 0 7524
-1
-1
1 10467 10467
-1
1 19869 19869
1 7350 7350
-1
-1
-1
0 0 10968
-1
0 0 14101
-1
0 0 15053
1 20105 20105
1 17548 17548
0 0 11975
0 0 7870
0 0 5480
-1
-1
-1
0 0 8967
1 2551 2551
1 498 498
0 0 1231
-1
0 0 8102
1 29340 29340
-1
-1
-1
-1
1 26195 26195
-1
-1
0 0 7119
0 0 7850
0 0 3441
1 19649 19649
-1
0 0 1291
0 0 16182
-1
0 0 11096
-1
1 4347 4347
-1
1 23548 23548
0 0 723
-1
1 16782 16782
1 20997 20997
0 0 5370
-1
1 18153 18153
0 0 1181
-1
0 0 2378
1 3331 3331
1 31762 31762
1 29413 29413
0 0 6449
-1
1 30085 30085
0 0 13616
1 13791 13791
0 0 5092
0 0 9159
-1
1 24571 24571
0 0 7275
-1
1 2116 2116
1 14953 14953
0 0 15413
0 0 2998
-1
0 0 14863
1 15919 15919
1 9935 9935
-1
-1
1 13237 13237
-1
1 9051 9051
1 8849 8849
0 0 9080
1 9786 9786
-1
0 0 12551
-1
0 0 12467
1 23278 23278
0 0 8619
-1
1 31107 31107
-1
0 0 13466
-1
1 8876 8876
0 0 5625
0 0 4443
1 31135 31135
1 21122 21122
-1
1 14767 14767
0 0 3498
0 0 2900
-1
0 0 10394
1 30375 30375
0 0 15780
-1
1 21538 21538
-1
-1
1 19203 19203
1 29589 29589
1 15691 15691
0 0 4887
1 18492 18492
1 13682 13682
1 6567 6567
-1
-1
-1
-1
0 0 7908
-1
1 9925 9925
0 0 5087
0 0 5916
1 22642 22642
0 0 13866
1 25180 25180
-1
-1
0 0 1727
-1
-1
-1
-1
0 0 8945
1 22185 22185
-1
0 0 7587
0 0 5699
1 12108 12108
-1
0 0 5134
1 7482 7482
1 5723 5723
1 8342 8342
1 15871 15871
-1
-1
1 30322 30322
0 0 11548
0 0 15687
0 0 12233
-1
0 0 6119
0 0 15877
0 0 1977
-1
-1
1 1613 1613
1 26153 26153
0 0 13055
0 0 909
1 9468 9468
1 26010 26010
0 0 4180
-1
1 20259 20259
0 0 15127
1 11967 11967
1 26246 26246
0 0 9433
0 0 11946
-1
-1
0 0 3327
-1
-1
-1
0 0 1054
-1
0 0 13366
0 0 2385
0 0 6404
-1
0 0 7076
0 0 713
1 11493 11493
1 11163 11163
-1
1 31030 31030
1 14515 14515
-1
1 29645 29645
1 14271 14271
0 0 285
0 0 12264
1 1955 1955
0 0 82
1 30120 30120
-1
0 0 4016
1 30495 30495
-1
0 0 2166
-1
-1
-1
-1
-1
-1
1 16481 16481
-1
1 23606 23606
0 0 15024
-1
1 28861 28861
-1
-1
-1
0 0 5113
-1
0 0 1917
-1
-1
0 0 8146
-1
-1
1 28037 28037
0 0 13318
0 0 8449
1 23729 23729
-1
1 3548 3548
-1
0 0 3815
-1
0 0 5265
-1
0 0 15233
-1
0 0 15563
1 17190 17190
-1
0 0 4841
0 0 10376
0 0 15832
0 0 3189
0 0 11597
0 0 14087
0 0 11813
-1
0 0 13532
1 26163 26163
0 0 10321
1 21979 21979
-1
1 8387 8387
0 0 8596
-1
0 0 508
1 24872 24872
0 0 15818
-1
1 4648 4648
1 24943 24943
0 0 1712
-1
-1
-1
1 22094 22094
1 32194 32194
1 551 551
0 0 13576
1 3292 3292
0 0 3407
1 28828 28828
1 1595 1595
-1
1 3795 3795
0 0 2943
0 0 6003
0 0 4063
1 6971 6971
-1
0 0 5738
-1
0 0 5007
1 2178 2178
-1
-1
1 672 672
1 22633 22633
1 21042 21042
0 0 844
1 14672 14672
0 0 4963
0 0 8365
-1
1 29851 29851
1 16778 16778
1 23092 23092
0 0 5008
0 0 14123
-1
0 0 13658
1 16893 16893
1 29497 29497
0 0 5634
0 0 15739
1 6152 6152
1 30046 30046
0 0 404
1 10165 10165
0 0 6773
-1
-1
0 0 1642
-1
-1
0 0 5464
0 0 8173
-1
1 21968 21968
-1
-1
0 0 15910
-1
0 0 14566
1 5342 5342
0 0 1030
0 0 12946
-1
-1
0 0 2426
1 15359 15359
-1
1 29376 29376
1 5064 5064
0 0 15335
-1
0 0 14144
0 0 12359
-1
1 15450 15450
-1
-1
1 5917 5917
1 1053 1053
-1
1 14691 14691
0 0 14239
-1
1 27729 27729
-1
-1
1 20549 20549
1 22809 22809
0 0 6906
1 32511 32511
-1
0 0 413
-1
0 0 5132
-1
0 0 6051
1 779 779
0 0 3326
0 0 9021
-1
0 0 14783
1 9121 9121
1 2479 2479
-1
-1
-1
0 0 4072
1 7741 7741
0 0 3258
1 24448 24448
-1
1 5624 5624
-1
1 19614 19614
1 14159 14159
-1
1 9588 9588
1 15428 15428
1 7729 7729
1 28020 28020
1 19664 19664
-1
-1
-1
0 0 14480
1 26810 26810
-1
1 17776 17776
0 0 4177
1 31629 31629
1 5464 5464
0 0 6920
1 4701 4701
0 0 6391
-1
-1
0 0 8777
0 0 5805
0 0 9575
-1
1 11089 11089
-1
1 7111 7111
1 7577 7577
-1
-1
1 15423 15423
-1
0 0 7472
0 0 8964
0 0 16269
1 30400 30400
1 6684 6684
0 0 9184
1 15810 15810
1 3451 3451
-1
-1
-1
0 0 4397
1 21759 21759
1 5107 5107
1 2988 2988
1 8149 8149
-1
1 7674 7674
-1
-1
0 0 2376
0 0 15227
0 0 3400
0 0 1491
-1
0 0 16053
0 0 9777
1 31643 31643
1 31257 31257
0 0 11548
0 0 13219
1 15466 15466
0 0 2092
1 17193 17193
-1
1 5180 5180
-1
-1
1 18145 18145
0 0 7151
0 0 10574
0 0 10240
0 0 13782
0 0 15010
0 0 9390
-1
1 14006 14006
0 0 14081
0 0 2381
-1
-1
1 25040 25040
0 0 10864
1 16760 16760
-1
1 2319 2319
1 5240 5240
1 10611 10611
0 0 917
-1
0 0 14583
0 0 14458
0 0 13009
-1
1 30873 30873
0 0 1907
-1
-1
1 32012 32012
1 11666 11666
0 0 7251
1 6684 6684
0 0 1489
-1
0 0 16066
0 0 5815
0 0 13181
1 30267 30267
1 25526 25526
-1
0 0 2876
1 15427 15427
-1
0 0 8726
-1
0 0 10254
1 23914 23914
0 0 5368
-1
1 25223 25223
-1
0 0 7136
1 24488 24488
1 5797 5797
-1
-1
-1
0 0 8768
1 26702 26702
1 18629 18629
1 1327 1327
-1
0 0 2088
1 7025 7025
0 0 6977
-1
1 2411 2411
-1
-1
0 0 13134
0 0 4086
-1
-1
0 0 4737
1 5676 5676
1 24794 24794
-1
0 0 4883
-1
-1
0 0 4420
1 29671 29671
-1
-1
1 3203 3203
-1
-1
1 17613 17613
1 1274 1274
0 0 8090
-1
0 0 12073
-1
0 0 9530
-1
1 25375 25375
0 0 6718
-1
-1
1 19076 19076
-1
1 23252 23252
1 14490 14490
-1
-1
-1
0 0 10691
1 14103 14103
-1
1 1748 1748
0 0 10542
1 13082 13082
1 29320 29320
-1
-1
0 0 8755
1 448 448
0 0 3569
-1
0 0 7359
-1
1 6727 6727
-1
-1
0 0 134
-1
1 9818 9818
1 22628 22628
1 9937 9937
-1
-1
-1
1 5096 5096
-1
1 15101 15101
-1
1 16402 16402
1 4598 4598
-1
1 1572 1572
-1
1 30054 30054
-1
0 0 13554
0 0 12224
0 0 1606
-1
-1
1 2208 2208
0 0 12535
0 0 13499
-1
-1
-1
-1
1 7229 7229
1 26438 26438
1 14440 14440
0 0 3995
1 8834 8834
1 28352 28352
-1
-1
-1
0 0 14728
0 0 11742
-1
-1
-1
0 0 9813
1 13077 13077
0 0 9888
0 0 8833
0 0 6798
1 25449 25449
0 0 12435
1 27317 27317
1 27218 27218
-1
-1
1 10849 10849
-1
0 0 14241
1 31035 31035
1 12281 12281
-1
-1
0 0 8589
0 0 14937
0 0 5876
0 0 14717
0 0 5212
0 0 5828
1 24573 24573
-1
-1
1 18875 18875
0 0 1912
1 29158 29158
-1
1 331 331
-1
-1
1 19375 19375
-1
1 18742 18742
0 0 13260
0 0 4112
1 21859 21859
1 19811 19811
0 0 12757
0 0 152
1 12357 12357
1 5414 5414
0 0 3059
-1
0 0 6172
-1
1 10284 10284
0 0 11380
-1
1 4461 4461
1 24294 24294
-1
-1
1 26093 26093
-1
0 0 4441
-1
1 4856 4856
-1
0 0 5840
-1
-1
-1
1 173 173
0 0 4999
0 0 14970
-1
0 0 14089
1 8396 8396
1 16641 16641
1 30904 30904
-1
1 9099 9099
-1
-1
-1
1 31616 31616
-1
0 0 10275
-1
0 0 5393
0 0 8987
1 24630 24630
0 0 9014
0 0 10837
-1
-1
-1
0 0 8523
1 23316 23316
-1
0 0 12808
0 0 13846
-1
-1
1 11131 11131
0 0 3192
-1
1 14729 14729
0 0 10527
0 0 1815
0 0 2101
1 16883 16883
-1
0 0 9914
1 4654 4654
-1
-1
0 0 12682
-1
1 24543 24543
-1
0 0 8786
0 0 14273
0 0 6678
0 0 13878
0 0 8129
-1
1 28486 28486
1 20939 20939
-1
-1
1 18522 18522
0 0 14355
1 29789 29789
-1
-1
-1
0 0 8498
1 24671 24671
-1
0 0 2544
1 7883 7883
0 0 9072
-1
1 4445 4445
1 14142 14142
-1
0 0 13226
1 7446 7446
0 0 15384
0 0 3361
0 0 9754
0 0 5689
0 0 13741
-1
0 0 11269
-1
1 9780 9780
1 31173 31173
1 2206 2206
1 26488 26488
0 0 9278
-1
1 23363 23363
-1
0 0 1372
0 0 12091
1 25420 25420
-1
1 23723 23723
0 0 13125
1 28819 28819
0 0 7454
0 0 2545
0 0 6098
0 0 8954
0 0 2561
1 10795 10795
1 29446 29446
-1
1 19777 19777
1 3097 3097
-1
0 0 9541
-1
-1
-1
0 0 1158
1 27378 27378
-1
1 15333 15333
-1
-1
1 8051 8051
-1
-1
0 0 4903
-1
0 0 7786
1 29336 29336
0 0 5027
0 0 12418
1 4442 4442
0 0 12688
-1
1 28340 28340
0 0 11001
0 0 1436
-1
1 12155 12155
1 4353 4353
-1
0 0 15002
-1
-1
0 0 10254
1 19393 19393
-1
-1
1 17527 17527
-1
1 11302 11302
-1
-1
1 15186 15186
1 9579 9579
1 25934 25934
-1
-1
1 26348 26348
-1
-1
1 8662 8662
-1
-1
1 30390 30390
-1
1 28800 28800
0 0 646
0 0 3286
1 4268 4268
0 0 2102
-1
0 0 9892
1 11312 11312
0 0 6819
-1
1 4655 4655
1 19312 19312
0 0 12947
0 0 4464
0 0 9155
1 18394 18394
1 19943 19943
0 0 15989
1 8573 8573
-1
-1
-1
0 0 6113
-1
1 20293 20293
1 5316 5316
1 29707 29707
1 3702 3702
-1
-1
-1
-1
1 6789 6789
0 0 9242
1 22159 22159
-1
1 22080 22080
-1
1 23752 23752
-1
0 0 5767
1 1993 1993
1 1535 1535
1 21712 21712
-1
-1
-1
-1
-1
-1
1 32654 32654
0 0 8214
1 9058 9058
1 22372 22372
-1
0 0 8090
-1
1 17622 17622
1 20658 20658
1 11366 11366
-1
-1
1 13810 13810
0 0 2541
1 11782 11782
1 27304 27304
-1
-1
0 0 9499
0 0 9237
1 31005 31005
-1
0 0 13391
-1
1 24781 24781
-1
1 22422 22422
-1
1 22937 22937
1 15650 15650
1 30008 30008
-1
-1
-1
-1
1 5902 5902
1 9147 9147
0 0 10943
1 2742 2742
0 0 850
1 18167 18167
0 0 15731
1 20509 20509
1 11267 11267
0 0 11788
-1
1 11328 11328
0 0 15315
0 0 6223
-1
0 0 15047
0 0 12859
1 3976 3976
-1
1 31033 31033
1 14902 14902
0 0 3052
0 0 8400
1 22969 22969
0 0 12298
1 8987 8987
1 19211 19211
0 0 16035
0 0 8080
1 15323 15323
-1
-1
0 0 6757
1 9257 9257
0 0 8727
-1
-1
0 0 13837
0 0 7323
-1
0 0 8035
-1
1 31100 31100
-1
1 14963 14963
0 0 11301
1 21124 21124
-1
1 28790 28790
-1
-1
1 12318 12318
-1
1 24675 24675
-1
0 0 3175
-1
1 10564 10564
1 1228 1228
0 0 13560
-1
-1
0 0 2843
1 10278 10278
0 0 12782
-1
0 0 8515
-1
0 0 13883
1 5468 5468
0 0 13131
1 13463 13463
-1
-1
1 11233 11233
1 11748 11748
0 0 7973
1 17255 17255
-1
-1
0 0 8117
-1
1 20055 20055
0 0 3911
0 0 7050
0 0 6102
0 0 1560
1 11797 11797
1 22199 22199
-1
1 20901 20901
1 23669 23669
0 0 15568
-1
0 0 8819
1 10860 10860
0 0 3010
1 13352 13352
0 0 9188
1 20861 20861
-1
-1
1 16967 16967
1 25199 25199
-1
0 0 986
-1
-1
-1
1 5936 5936
0 0 1496
1 24676 24676
-1
0 0 6631
-1
-1
1 32142 32142
-1
0 0 11616
0 0 14695
0 0 4087
0 0 4164
-1
-1
0 0 10257
-1
0 0 13738
1 31860 31860
0 0 383
-1
0 0 1433
1 20372 20372
-1
1 2362 2362
0 0 9668
1 17498 17498
0 0 2679
0 0 6842
0 0 6666
0 0 5304
-1
1 14568 14568
0 0 5596
0 0 8930
1 13103 13103
0 0 15241
1 29434 29434
-1
0 0 11314
1 30584 30584
1 11907 11907
-1
0 0 12469
-1
1 416 416
-1
-1
1 2081 2081
1 14532 14532
-1
1 6541 6541
-1
0 0 514
1 2133 2133
1 13173 13173
-1
-1
1 5015 5015
-1
-1
1 22626 22626
0 0 2055
-1
1 19918 19918
1 8799 8799
0 0 10340
-1
1 5804 5804
0 0 13212
0 0 4557
-1
1 6780 6780
0 0 13146
1 12184 12184
0 0 7989
-1
-1
1 25502 25502
1 18412 18412
1 2198 2198
1 7283 7283
0 0 14949
0 0 1848
-1
1 27006 27006
-1
-1
0 0 9800
1 9147 9147
1 18790 18790
0 0 5087
-1
-1
0 0 5235
1 31014 31014
-1
-1
-1
0 0 11490
0 0 16366
1 31678 31678
-1
-1
-1
-1
1 6696 6696
0 0 3351
0 0 6855
1 5372 5372
-1
0 0 16345
0 0 13836
0 0 8913
0 0 5837
-1
0 0 8664
-1
0 0 5995
-1
1 18730 18730
1 12588 12588
-1
0 0 7695
-1
-1
1 13624 13624
0 0 5502
-1
1 4239 4239
0 0 7771
1 6207 6207
1 24547 24547
1 18380 18380
-1
1 13198 13198
-1
0 0 8371
1 6443 6443
0 0 3067
1 11740 11740
-1
0 0 15945
-1
-1
1 9107 9107
1 23339 23339
0 0 4121
1 29723 29723
0 0 2997
-1
0 0 11465
-1
-1
1 3515 3515
1 7200 7200
1 16181 16181
1 23837 23837
0 0 6946
1 8541 8541
-1
-1
-1
-1
-1
1 8867 8867
0 0 1217
-1
0 0 8062
1 25193 25193
0 0 8944
-1
1 3984 3984
1 17849 17849
-1
1 32583 32583
1 12619 12619
0 0 12993
0 0 4959
1 25491 25491
-1
0 0 1838
-1
1 9535 9535
-1
1 2816 2816
-1
1 19207 19207
1 18581 18581
1 32459 32459
-1
-1
1 18996 18996
1 20543 20543
-1
-1
1 31091 31091
1 9089 9089
1 24505 24505
-1
0 0 2108
0 0 12910
-1
-1
1 6123 6123
-1
0 0 1400
-1
1 23929 23929
1 31411 31411
1 31124 31124
1 21063 21063
1 31313 31313
-1
1 20437 20437
1 4904 4904
0 0 13525
-1
1 23385 23385
-1
-1
0 0 14585
1 23436 23436
-1
0 0 1760
0 0 11876
-1
1 10084 10084
-1
1 8616 8616
-1
0 0 3451
0 0 2393
0 0 13311
0 0 9904
1 32233 32233
1 17452 17452
1 19927 19927
-1
0 0 14917
1 437 437
0 0 2354
1 31980 31980
0 0 12231
0 0 5455
0 0 10301
0 0 14697
1 24205 24205
1 29756 29756
1 18710 18710
1 27843 27843
0 0 12609
0 0 2099
1 15826 15826
1 16967 16967
1 20556 20556
0 0 12798
-1
-1
1 13103 13103
1 19804 19804
1 13400 13400
0 0 4355
-1
0 0 15734
1 19217 19217
-1
0 0 12833
-1
0 0 5733
-1
1 12143 12143
0 0 12703
-1
-1
-1
0 0 15024
0 0 9491
0 0 5278
-1
1 5996 5996
1 9177 9177
1 31808 31808
-1
0 0 9388
1 10665 10665
0 0 4446
-1
0 0 6419
1 23417 23417
0 0 8784
1 621 621
-1
-1
-1
-1
0 0 7985
1 11604 11604
1 31401 31401
1 23777 23777
-1
1 26454 26454
1 27265 27265
1 14720 14720
0 0 940
1 17990 17990
0 0 15633
-1
-1
-1
-1
-1
-1
1 25964 25964
1 17167 17167
1 7309 7309
0 0 15273
1 15545 15545
0 0 7958
1 32573 32573
-1
-1
1 18869 18869
1 10336 10336
0 0 8911
-1
-1
1 28254 28254
0 0 2348
-1
-1
1 2819 2819
0 0 8810
0 0 4701
1 12262 12262
-1
0 0 6559
0 0 123
0 0 832
1 32609 32609
-1
-1
-1
0 0 275
-1
-1
0 0 7480
-1
1 30609 30609
-1
-1
-1
1 2884 2884
1 23724 23724
0 0 9174
-1
-1
1 4119 4119
0 0 16243
0 0 14279
1 27660 27660
0 0 5685
1 6075 6075
-1
-1
-1
-1
1 10278 10278
1 27701 27701
1 31529 31529
-1
0 0 957
1 14575 14575
-1
1 28020 28020
0 0 2558
-1
-1
1 7075 7075
1 4906 4906
-1
0 0 6848
-1
0 0 1840
1 8377 8377
0 0 7723
-1
1 1379 1379
0 0 9757
-1
1 8476 8476
-1
1 190 190
-1
-1
0 0 10857
0 0 11735
0 0 645
1 23166 23166
1 9020 9020
1 30584 30584
0 0 4621
-1
-1
1 29194 29194
-1
1 24070 24070
-1
1 859 859
1 19335 19335
0 0 12276
1 17742 17742
1 9185 9185
-1
-1
0 0 7953
1 17179 17179
1 23136 23136
-1
-1
0 0 1796
0 0 14784
-1
1 19844 19844
1 17839 17839
0 0 12193
0 0 14155
0 0 15233
1 9621 9621
0 0 6971
0 0 8472
0 0 3391
1 23114 23114
1 11021 11021
-1
0 0 13237
-1
0 0 8525
1 22594 22594
0 0 8719
0 0 12337
1 8411 8411
-1
-1
1 19059 19059
1 25130 25130
1 21169 21169
0 0 11225
1 6060 6060
0 0 773
0 0 6576
1 25654 25654
-1
0 0 13520
-1
1 8393 8393
1 28701 28701
1 21047 21047
0 0 13160
-1
0 0 17
-1
-1
1 31020 31020
-1
1 32575 32575
-1
0 0 13024
0 0 9170
0 0 2748
-1
1 6378 6378
1 5512 5512
-1
-1
1 10116 10116
1 14411 14411
-1
1 10180 10180
0 0 13095
-1
-1
0 0 14513
0 0 3639
0 0 14452
0 0 2949
0 0 379
0 0 8949
0 0 15013
0 0 8174
-1
-1
0 0 13386
0 0 12300
-1
1 27270 27270
-1
0 0 10233
0 0 8189
1 7338 7338
1 16035 16035
1 25405 25405
1 28345 28345
1 9521 9521
1 14347 14347
-1
0 0 15827
0 0 3850
0 0 1364
0 0 15962
-1
1 13624 13624
-1
1 832 832
-1
1 24283 24283
-1
1 4859 4859
-1
1 6183 6183
-1
1 1905 1905
1 28440 28440
1 14760 14760
0 0 3607
1 26318 26318
1 4586 4586
1 22988 22988
-1
-1
0 0 15379
-1
-1
-1
1 11636 11636
-1
-1
1 12345 12345
1 2230 2230
0 0 933
1 7885 7885
0 0 13991
-1
1 20396 20396
-1
0 0 6565
0 0 5637
-1
-1
1 13493 13493
-1
-1
-1
-1
-1
-1
-1
-1
1 9094 9094
0 0 14623
-1
0 0 12780
-1
0 0 8350
0 0 9121
-1
1 15065 15065
-1
0 0 11543
0 0 1703
-1
1 26213 26213
-1
1 16160 16160
-1
-1
1 2238 2238
-1
0 0 15768
0 0 1960
-1
0 0 2491
0 0 13303
0 0 14459
-1
1 24939 24939
1 10794 10794
0 0 1109
0 0 3306
0 0 11809
-1
-1
1 8569 8569
0 0 8902
1 30918 30918
1 21859 21859
1 13157 13157
0 0 2879
1 2088 2088
-1
1 17485 17485
-1
0 0 4101
-1
-1
0 0 7349
-1
1 21562 21562
0 0 9083
1 641 641
1 3387 3387
0 0 12781
0 0 13147
1 1664 1664
-1
1 28169 28169
-1
0 0 14632
-1
-1
-1
0 0 11456
1 24782 24782
1 2985 2985
-1
-1
-1
1 28446 28446
0 0 1502
-1
0 0 9041
-1
0 0 14436
-1
-1
0 0 10658
-1
-1
-1
-1
0 0 11118
0 0 22
-1
-1
-1
0 0 4745
1 8498 8498
1 1335 1335
0 0 13319
-1
-1
1 25280 25280
0 0 12681
-1
1 3833 3833
1 8993 8993
1 23189 23189
0 0 4697
0 0 7095
0 0 8406
-1
-1
1 26502 26502
0 0 7758
-1
-1
0 0 9043
0 0 5062
-1
1 1126 1126
0 0 8958
1 19961 19961
0 0 3801
-1
1 24309 24309
-1
-1
-1
1 25027 25027
0 0 10465
0 0 5624
0 0 7190
-1
-1
0 0 12949
0 0 3746
1 24191 24191
1 4293 4293
0 0 7020
-1
-1
0 0 8232
1 30222 30222
-1
0 0 3594
0 0 14599
1 9694 9694
-1
1 5841 5841
1 32439 32439
-1
-1
-1
0 0 9589
1 16564 16564
1 29669 29669
-1
1 31151 31151
-1
-1
0 0 13135
0 0 6004
-1
-1
-1
0 0 12531
-1
0 0 14630
1 12446 12446
0 0 8170
-1
0 0 4590
1 32287 32287
1 7753 7753
0 0 12612
1 5641 5641
0 0 10950
-1
1 6389 6389
1 12460 12460
0 0 9030
0 0 3587
-1
-1
0 0 2374
0 0 2932
-1
1 18546 18546
0 0 13724
-1
0 0 1267
1 11899 11899
-1
-1
0 0 11192
0 0 2533
-1
-1
1 22158 22158
-1
-1
-1
1 18700 18700
0 0 16072
0 0 14797
0 0 10091
0 0 14364
-1
1 17711 17711
1 6884 6884
0 0 4533
-1
1 3867 3867
-1
1 30331 30331
1 14759 14759
-1
-1
-1
-1
0 0 2870
1 26519 26519
-1
-1
1 16948 16948
1 18444 18444
0 0 13511
1 4064 4064
1 28693 28693
-1
0 0 45
1 1762 1762
1 8621 8621
-1
0 0 9405
-1
-1
0 0 667
-1
-1
1 23611 23611
1 17610 17610
-1
1 28842 28842
1 27068 27068
1 30225 30225
1 13778 13778
1 32515 32515
1 20741 20741
0 0 1157
-1
0 0 6550
1 31748 31748
-1
1 1412 1412
0 0 15445
-1
1 31367 31367
1 10985 10985
-1
0 0 12955
1 30462 30462
-1
1 21746 21746
1 17179 17179
0 0 8967
1 24695 24695
0 0 2237
1 4377 4377
1 13483 13483
1 25661 25661
-1
0 0 9721
-1
0 0 2489
1 14657 14657
-1
-1
1 15918 15918
0 0 12235
1 17944 17944
1 1453 1453
0 0 1991
-1
1 25918 25918
1 29521 29521
1 21556 21556
0 0 599
0 0 7929
-1
-1
0 0 8303
-1
1 14180 14180
1 10339 10339
-1
0 0 13842
1 11087 11087
-1
1 27184 27184
-1
1 4212 4212
-1
1 25623 25623
1 1428 1428
1 27594 27594
0 0 12737
0 0 11764
1 31284 31284
1 20397 20397
0 0 13928
-1
1 2918 2918
1 32348 32348
-1
1 28774 28774
-1
1 7292 7292
1 10874 10874
0 0 12157
1 6912 6912
1 29588 29588
0 0 10285
1 29766 29766
-1
1 17550 17550
1 24865 24865
1 15578 15578
-1
1 10812 10812
1 10011 10011
-1
0 0 14288
0 0 1512
-1
0 0 9503
0 0 7471
1 8036 8036
1 8177 8177
0 0 3056
-1
1 31857 31857
1 24314 24314
1 20327 20327
-1
0 0 7980
1 18577 18577
1 23572 23572
-1
1 14043 14043
-1
-1
0 0 12780
0 0 6226
1 24304 24304
-1
-1
1 16829 16829
1 17413 17413
0 0 12953
0 0 3330
1 11798 11798
-1
0 0 4781
1 26215 26215
-1
0 0 15181
0 0 15559
0 0 11722
-1
1 7678 7678
0 0 13876
0 0 8442
0 0 8557
1 29162 29162
0 0 5777
-1
0 0 10351
1 984 984
1 31266 31266
1 21304 21304
0 0 2775
-1
-1
1 10684 10684
1 32017 32017
1 29124 29124
1 27942 27942
-1
0 0 2328
1 20048 20048
1 31267 31267
-1
1 25116 25116
-1
0 0 4904
-1
-1
-1
1 26952 26952
1 6773 6773
1 12046 12046
-1
-1
1 20913 20913
-1
-1
1 17176 17176
-1
0 0 153
-1
0 0 3304
1 10106 10106
1 19511 19511
-1
1 27664 27664
0 0 7924
0 0 6669
0 0 7947
-1
-1
1 22823 22823
1 15680 15680
0 0 4470
0 0 6823
0 0 6343
-1
1 26760 26760
-1
0 0 15857
0 0 9598
0 0 10324
-1
0 0 8398
1 29683 29683
1 7209 7209
0 0 1407
1 27032 27032
1 12059 12059
0 0 11330
1 7140 7140
1 23187 23187
0 0 14616
-1
1 11679 11679
0 0 5849
-1
-1
-1
-1
1 14631 14631
-1
0 0 11088
-1
-1
1 18125 18125
-1
0 0 9174
0 0 13575
1 6974 6974
0 0 3045
0 0 15112
0 0 8111
1 9970 9970
-1
-1
-1
1 13794 13794
1 10015 10015
-1
0 0 10734
0 0 14933
-1
-1
-1
-1
1 12006 12006
-1
1 15208 15208
-1
0 0 11025
-1
1 6198 6198
0 0 12848
0 0 3793
1 6049 6049
1 32277 32277
1 3334 3334
0 0 9216
1 4022 4022
1 12783 12783
-1
1 30234 30234
-1
1 3127 3127
-1
1 13715 13715
0 0 4664
0 0 1968
1 25899 25899
0 0 4009
1 24039 24039
0 0 1843
1 24264 24264
0 0 768
0 0 15036
1 25409 25409
1 23325 23325
0 0 6727
-1
1 13684 13684
0 0 16215
1 15534 15534
0 0 5295
1 20612 20612
-1
1 21846 21846
0 0 2770
-1
0 0 11884
1 18753 18753
-1
0 0 7471
1 20268 20268
-1
0 0 7829
0 0 8035
-1
-1
1 11059 11059
1 5190 5190
0 0 13474
1 11479 11479
-1
0 0 15866
1 7710 7710
-1
1 3453 3453
1 12783 12783
-1
-1
-1
-1
-1
-1
-1
-1
0 0 1585
0 0 11134
0 0 2966
0 0 14401
-1
1 23579 23579
0 0 4424
-1
-1
-1
0 0 6218
-1
-1
0 0 9928
-1
-1
0 0 8374
-1
0 0 7395
0 0 15588
-1
-1
1 31630 31630
-1
0 0 4910
1 12808 12808
1 8750 8750
1 9167 9167
-1
-1
1 46 46
1 25049 25049
-1
0 0 7658
1 32633 32633
-1
1 30276 30276
0 0 4328
-1
0 0 12531
-1
-1
0 0 11978
-1
1 26153 26153
1 18605 18605
-1
-1
-1
-1
0 0 1878
0 0 4754
0 0 15545
0 0 4560
-1
0 0 15083
-1
0 0 15916
0 0 15768
0 0 6479
1 19098 19098
1 26896 26896
-1
1 25953 25953
-1
-1
1 29130 29130
1 32392 32392
1 20062 20062
-1
-1
1 19328 19328
0 0 4873
0 0 2808
-1
1 32057 32057
0 0 4574
0 0 7450
-1
1 16040 16040
1 10993 10993
1 20947 20947
-1
1 23366 23366
1 25584 25584
1 20469 20469
1 18133 18133
1 30094 30094
1 9755 9755
0 0 14341
0 0 6482
0 0 9921
1 29304 29304
-1
1 20335 20335
-1
0 0 16152
1 21532 21532
-1
1 24837 24837
-1
1 2761 2761
1 3715 3715
-1
0 0 11782
1 13772 13772
-1
-1
0 0 11739
1 21351 21351
0 0 15758
0 0 9155
1 31435 31435
0 0 14480
-1
1 14701 14701
-1
0 0 11554
0 0 15685
-1
0 0 15334
1 22111 22111
1 23503 23503
1 8638 8638
1 10335 10335
0 0 15330
-1
0 0 5686
1 8874 8874
-1
1 16759 16759
-1
-1
1 12429 12429
0 0 10027
0 0 12879
0 0 9890
-1
0 0 16198
0 0 128
1 17753 17753
0 0 705
1 25742 25742
1 9857 9857
-1
1 1025 1025
1 4153 4153
0 0 3693
0 0 11115
0 0 8678
1 12621 12621
1 27338 27338
-1
1 14485 14485
1 18925 18925
0 0 3655
0 0 8647
1 21710 21710
1 28961 28961
0 0 3383
1 12245 12245
0 0 13334
0 0 4778
1 3888 3888
0 0 3487
0 0 1813
0 0 5995
1 24226 24226
0 0 5246
-1
-1
0 0 5642
1 22501 22501
-1
1 4988 4988
-1
1 19696 19696
0 0 8665
1 18225 18225
-1
0 0 5854
0 0 9960
0 0 6958
-1
0 0 1414
-1
1 4160 4160
0 0 13723
-1
0 0 13904
0 0 13954
0 0 2871
0 0 632
1 30655 30655
-1
-1
-1
0 0 625
1 6980 6980
-1
1 24181 24181
-1
1 24577 24577
1 6559 6559
-1
0 0 7357
-1
1 31699 31699
1 3515 3515
-1
0 0 8038
-1
-1
-1
0 0 2683
0 0 1375
0 0 5519
0 0 10964
1 519 519
1 31477 31477
0 0 9058
1 20607 20607
-1
-1
0 0 8349
0 0 8450
0 0 2734
1 8693 8693
-1
-1
1 16092 16092
0 0 1003
-1
1 27216 27216
-1
-1
-1
-1
1 28363 28363
-1
-1
0 0 14151
0 0 15654
-1
0 0 15706
-1
-1
0 0 14319
1 975 975
-1
0 0 6464
-1
-1
0 0 10451
1 17184 17184
-1
-1
1 8253 8253
-1
1 29233 29233
0 0 5020
0 0 337
1 1249 1249
0 0 194
1 21416 21416
0 0 2427
1 13766 13766
0 0 6283
-1
1 24603 24603
-1
0 0 13391
0 0 15745
0 0 1564
0 0 7800
1 26705 26705
0 0 8098
1 31543 31543
-1
0 0 16310
-1
0 0 2211
0 0 14968
0 0 10585
1 13853 13853
-1
-1
-1
1 11362 11362
-1
1 15220 15220
0 0 425
1 1470 1470
-1
-1
1 12354 12354
0 0 6385
1 14623 14623
1 25704 25704
1 13701 13701
1 19492 19492
0 0 14533
0 0 13189
-1
0 0 13055
-1
1 2553 2553
-1
1 24973 24973
-1
0 0 15688
0 0 12117
1 23571 23571
0 0 5332
0 0 11850
-1
1 10357 10357
-1
1 3245 3245
0 0 15793
-1
0 0 7874
-1
-1
1 23962 23962
0 0 6629
1 25904 25904
-1
1 9948 9948
0 0 8965
1 6621 6621
1 12649 12649
1 26616 26616
1 869 869
0 0 5395
1 5858 5858
-1
1 30273 30273
-1
-1
0 0 5222
1 21193 21193
0 0 6125
1 29397 29397
0 0 7442
1 13677 13677
1 15532 15532
-1
-1
1 29022 29022
0 0 9327
1 7194 7194
1 27466 27466
-1
0 0 6350
0 0 3749
-1
1 6854 6854
1 5626 5626
0 0 243
1 25046 25046
-1
-1
0 0 6401
-1
1 18153 18153
0 0 11038
1 9137 9137
1 8422 8422
-1
-1
0 0 197
0 0 3619
1 31210 31210
-1
0 0 12439
-1
-1
0 0 5180
-1
-1
-1
0 0 4565
-1
0 0 8227
1 6548 6548
0 0 3436
-1
-1
-1
1 5680 5680
0 0 14247
1 21008 21008
-1
0 0 4898
1 1171 1171
-1
-1
-1
-1
-1
-1
1 4075 4075
1 11307 11307
-1
-1
0 0 3467
-1
-1
-1
0 0 14748
0 0 2846
1 16687 16687
1 10890 10890
1 14420 14420
0 0 15778
1 30707 30707
-1
0 0 2283
0 0 11501
-1
-1
0 0 2185
-1
1 9931 9931
1 12761 12761
1 9143 9143
-1
0 0 2419
1 26608 26608
-1
-1
1 18447 18447
1 25815 25815
1 9989 9989
-1
1 25824 25824
-1
1 10120 10120
-1
0 0 2446
0 0 5315
0 0 6166
1 24725 24725
-1
1 1456 1456
0 0 12556
1 25656 25656
0 0 14535
0 0 16182
0 0 7405
0 0 8989
-1
-1
-1
-1
-1
0 0 15142
0 0 14975
1 5271 5271
-1
1 26611 26611
-1
1 24533 24533
0 0 13614
1 2094 2094
1 6338 6338
1 1086 1086
1 2178 2178
1 11177 11177
-1
-1
0 0 4503
-1
-1
1 22021 22021
1 20714 20714
0 0 7024
0 0 7709
0 0 15668
1 19548 19548
-1
0 0 15121
1 8962 8962
-1
1 2363 2363
-1
1 18653 18653
-1
0 0 14305
0 0 1708
0 0 5701
1 5690 5690
1 24224 24224
0 0 185
1 27805 27805
0 0 10940
1 21719 21719
0 0 13362
-1
1 30043 30043
0 0 16281
-1
-1
-1
1 30403 30403
1 3506 3506
1 9164 9164
1 17588 17588
-1
0 0 4348
0 0 14732
1 26522 26522
0 0 6919
1 27119 27119
1 11632 11632
1 30465 30465
1 24506 24506
0 0 10529
-1
-1
-1
1 8200 8200
-1
-1
0 0 7835
0 0 14747
0 0 10050
0 0 1107
-1
1 22826 22826
-1
-1
0 0 8315
1 28450 28450
0 0 13488
0 0 13627
0 0 15498
0 0 2657
0 0 7060
-1
-1
1 11923 11923
1 17287 17287
0 0 12611
1 14346 14346
-1
0 0 12642
1 27463 27463
-1
-1
0 0 2326
0 0 11228
-1
1 8267 8267
1 32403 32403
1 31790 31790
0 0 6780
1 29047 29047
0 0 3428
0 0 8594
1 3871 3871
0 0 14122
1 17960 17960
0 0 988
-1
1 3396 3396
1 782 782
0 0 21
0 0 6084
0 0 11652
1 15707 15707
-1
0 0 7574
0 0 7845
1 8435 8435
-1
1 2681 2681
-1
-1
0 0 2419
-1
-1
1 19115 19115
1 10164 10164
1 30388 30388
-1
-1
0 0 8994
-1
1 30579 30579
1 9900 9900
0 0 537
-1
1 27427 27427
0 0 6487
1 31674 31674
1 21550 21550
1 3057 3057
0 0 15829
-1
1 9055 9055
1 13250 13250
-1
-1
-1
-1
-1
-1
0 0 9037
1 13036 13036
0 0 399
-1
-1
1 30849 30849
0 0 5723
-1
1 24755 24755
0 0 15175
1 5749 5749
-1
1 29947 29947
0 0 8246
0 0 950
0 0 1416
1 23985 23985
0 0 10603
1 6970 6970
-1
0 0 13328
0 0 6965
0 0 15419
0 0 11769
-1
-1
1 5955 5955
0 0 2967
0 0 2452
0 0 1797
-1
1 2546 2546
0 0 8918
1 25929 25929
-1
1 22827 22827
-1
-1
0 0 16072
1 30444 30444
0 0 1786
0 0 14727
0 0 10971
-1
-1
0 0 9168
0 0 2342
1 22271 22271
-1
0 0 13398
0 0 11909
0 0 11988
1 28493 28493
0 0 3064
-1
1 135 135
0 0 5145
-1
-1
1 24801 24801
1 13015 13015
-1
1 23468 23468
-1
-1
0 0 8117
0 0 14089
0 0 809
1 4093 4093
-1
1 17017 17017
-1
0 0 5084
-1
1 24111 24111
-1
-1
-1
1 23691 23691
-1
-1
1 12264 12264
0 0 2738
-1
-1
1 31684 31684
0 0 10699
0 0 14749
1 2991 2991
0 0 5780
0 0 3522
1 6940 6940
1 8527 8527
-1
1 401 401
0 0 5407
0 0 6356
-1
0 0 2131
-1
0 0 8493
1 5006 5006
-1
-1
-1
-1
1 32030 32030
-1
-1
0 0 7904
1 15207 15207
-1
-1
-1
0 0 4289
0 0 10555
1 7254 7254
-1
-1
1 17232 17232
0 0 10439
1 4147 4147
1 18086 18086
0 0 3728
1 28625 28625
0 0 4129
0 0 16218
1 29582 29582
0 0 2185
-1
-1
-1
0 0 8584
1 9194 9194
1 32116 32116
0 0 13393
0 0 739
1 21768 21768
-1
1 16849 16849
-1
1 25386 25386
1 17441 17441
1 4524 4524
1 24495 24495
0 0 4038
0 0 3923
1 3602 3602
1 1201 1201
-1
0 0 7992
-1
1 17168 17168
0 0 13049
-1
-1
-1
-1
1 2134 2134
0 0 15270
0 0 3127
1 23783 23783
0 0 4383
0 0 9836
1 29537 29537
1 2739 2739
1 15879 15879
0 0 7856
1 23697 23697
-1
1 29535 29535
1 24344 24344
0 0 12913
-1
-1
1 27227 27227
1 28796 28796
1 3700 3700
1 27153 27153
1 5158 5158
0 0 12963
1 25988 25988
1 16098 16098
0 0 15437
0 0 13498
0 0 210
1 20781 20781
1 5504 5504
0 0 6393
-1
1 5045 5045
1 21693 21693
1 24829 24829
1 13978 13978
-1
-1
1 29836 29836
0 0 14740
-1
0 0 5839
1 17630 17630
0 0 2207
-1
-1
-1
-1
1 26673 26673
1 17499 17499
0 0 5005
1 15296 15296
-1
1 27635 27635
0 0 16299
0 0 8580
0 0 12673
0 0 7720
-1
0 0 15174
1 19217 19217
0 0 15662
-1
-1
0 0 11017
1 27421 27421
1 17406 17406
0 0 13352
0 0 9145
0 0 14113
0 0 5096
1 18570 18570
1 8088 8088
-1
1 10221 10221
-1
-1
0 0 8016
0 0 10938
-1
0 0 14083
-1
0 0 15974
1 27313 27313
-1
0 0 11867
-1
1 23319 23319
0 0 2056
0 0 3379
0 0 7409
-1
0 0 1926
0 0 512
0 0 415
0 0 6261
0 0 8792
-1
-1
1 21835 21835
0 0 2370
0 0 1309
0 0 5944
0 0 6924
1 2838 2838
0 0 11981
-1
-1
1 30838 30838
-1
0 0 11982
0 0 7382
0 0 14684
-1
1 10961 10961
-1
-1
0 0 14042
1 9446 9446
0 0 15481
1 27470 27470
-1
0 0 6966
1 30968 30968
-1
1 18861 18861
0 0 14938
0 0 14270
1 5322 5322
0 0 16342
-1
1 8394 8394
0 0 13598
0 0 4357
-1
0 0 5001
0 0 1969
-1
0 0 8617
0 0 12916
-1
1 32715 32715
1 7343 7343
1 1987 1987
-1
-1
0 0 5427
0 0 3391
1 12156 12156
0 0 13076
-1
1 10203 10203
-1
1 8884 8884
1 3289 3289
-1
-1
-1
-1
0 0 3572
1 15267 15267
1 31838 31838
1 18477 18477
1 11789 11789
1 19420 19420
-1
0 0 15711
-1
-1
-1
-1
1 9630 9630
-1
0 0 5006
1 17387 17387
0 0 5291
-1
0 0 13630
-1
1 25052 25052
0 0 7299
0 0 9899
1 32607 32607
-1
1 339 339
-1
-1
0 0 922
-1
-1
-1
0 0 2233
0 0 14141
-1
1 4470 4470
-1
1 29857 29857
1 8758 8758
0 0 8566
1 75 75
0 0 7090
1 28950 28950
0 0 15456
1 28201 28201
-1
-1
-1
0 0 3283
1 3721 3721
1 16333 16333
1 17226 17226
1 14302 14302
1 86 86
-1
0 0 9673
1 9680 9680
-1
1 2946 2946
-1
1 6881 6881
0 0 9835
1 11109 11109
-1
0 0 13740
-1
-1
1 29554 29554
-1
0 0 12518
1 6415 6415
0 0 12730
0 0 16260
0 0 4814
0 0 13130
1 11354 11354
-1
-1
0 0 3003
1 20451 20451
-1
-1
0 0 10487
-1
-1
0 0 4438
0 0 8812
-1
1 19293 19293
1 20240 20240
1 4665 4665
-1
1 15170 15170
-1
1 18867 18867
1 29296 29296
1 1242 1242
-1
-1
0 0 9136
1 240 240
1 20638 20638
-1
0 0 7884
1 11828 11828
-1
0 0 8490
1 4663 4663
1 9146 9146
1 10458 10458
1 3841 3841
-1
-1
0 0 12416
0 0 4112
1 4470 4470
-1
0 0 16037
0 0 4567
-1
-1
-1
-1
0 0 12593
0 0 7627
-1
0 0 11300
1 13848 13848
1 31032 31032
1 9076 9076
0 0 385
1 9856 9856
1 30148 30148
-1
-1
-1
0 0 7302
1 4276 4276
1 13204 13204
-1
0 0 7073
-1
0 0 7481
-1
0 0 10687
1 7465 7465
1 27042 27042
-1
0 0 14622
-1
1 3645 3645
-1
0 0 3566
0 0 16195
0 0 2116
0 0 8829
-1
0 0 12076
0 0 14131
-1
1 9139 9139
0 0 3426
0 0 8946
1 27155 27155
0 0 11854
-1
-1
1 25517 25517
-1
0 0 11275
0 0 5322
-1
1 8093 8093
1 24408 24408
-1
-1
0 0 10143
1 27888 27888
0 0 5850
-1
0 0 4519
0 0 2091
-1
1 21158 21158
0 0 3751
-1
0 0 13136
1 30964 30964
1 26911 26911
-1
0 0 12711
1 10248 10248
1 8073 8073
-1
1 23287 23287
1 11096 11096
0 0 3165
-1
0 0 6836
-1
-1
-1
0 0 10698
0 0 9965
-1
1 22536 22536
-1
1 206 206
-1
0 0 13002
0 0 5579
0 0 11840
-1
-1
-1
0 0 6174
0 0 16197
1 14775 14775
-1
0 0 9160
0 0 15976
-1
-1
1 14543 14543
0 0 9214
0 0 8367
0 0 4284
1 17295 17295
-1
-1
0 0 6269
-1
0 0 14349
1 9411 9411
0 0 4202
0 0 3232
-1
-1
1 23739 23739
1 25650 25650
1 9972 9972
1 23641 23641
-1
-1
0 0 4784
-1
0 0 3677
0 0 2695
0 0 9579
-1
1 19697 19697
0 0 7431
0 0 7867
1 17570 17570
1 1652 1652
-1
1 14411 14411
1 6954 6954
0 0 7254
0 0 9724
0 0 12000
0 0 14746
-1
1 11280 11280
-1
-1
-1
0 0 12947
-1
-1
1 78 78
1 14785 14785
1 14698 14698
-1
-1
0 0 12753
0 0 7792
1 20024 20024
0 0 16212
0 0 8492
1 19820 19820
1 10911 10911
-1
-1
1 15953 15953
-1
-1
-1
-1
0 0 5497
0 0 16359
1 7635 7635
1 27945 27945
1 29228 29228
1 9898 9898
-1
0 0 7180
1 20906 20906
0 0 4363
1 6865 6865
0 0 10539
0 0 2926
1 27658 27658
0 0 14685
0 0 14925
0 0 11421
1 14494 14494
-1
0 0 16002
0 0 4189
-1
-1
-1
1 7257 7257
-1
-1
0 0 10576
1 26775 26775
1 31675 31675
0 0 11441
1 7551 7551
0 0 13053
1 5665 5665
0 0 10544
0 0 12139
-1
0 0 6050
0 0 13621
0 0 15004
0 0 8361
-1
1 25470 25470
-1
0 0 3955
1 5933 5933
-1
1 5065 5065
-1
1 5697 5697
1 25359 25359
-1
1 14403 14403
0 0 3288
-1
1 25213 25213
0 0 15776
-1
0 0 684
-1
-1
-1
1 6098 6098
-1
0 0 191
-1
0 0 8560
0 0 11012
-1
0 0 1372
1 15967 15967
0 0 7778
0 0 1125
-1
1 10348 10348
0 0 7830
1 27622 27622
1 14585 14585
0 0 2549
-1
1 3478 3478
1 10741 10741
1 9984 9984
-1
0 0 14601
1 8520 8520
0 0 9420
0 0 9660
0 0 5707
0 0 13962
-1
-1
-1
0 0 16017
1 11469 11469
1 10531 10531
1 29379 29379
1 27992 27992
1 2195 2195
-1
1 14967 14967
0 0 4130
1 30510 30510
-1
0 0 5799
1 27034 27034
0 0 2414
0 0 2346
-1
0 0 9302
1 7842 7842
0 0 5516
-1
0 0 6524
0 0 4705
-1
0 0 13747
-1
0 0 4774
-1
0 0 10957
1 31951 31951
-1
-1
0 0 15255
-1
1 27025 27025
-1
0 0 14210
1 11452 11452
1 31928 31928
-1
-1
0 0 2965
-1
0 0 11282
1 29731 29731
0 0 5454
0 0 1544
0 0 11049
1 18887 18887
1 32138 32138
1 20932 20932
1 22972 22972
1 9065 9065
0 0 6214
0 0 10956
0 0 2686
1 386 386
0 0 9328
-1
1 21140 21140
1 23438 23438
-1
-1
1 10085 10085
-1
-1
-1
-1
0 0 13762
0 0 7208
0 0 7239
-1
0 0 5887
0 0 11091
0 0 11821
0 0 8507
0 0 12610
0 0 3279
-1
-1
0 0 6804
1 20175 20175
-1
1 22875 22875
-1
0 0 12536
1 29377 29377
-1
0 0 10450
-1
-1
1 18227 18227
0 0 12759
1 5796 5796
-1
1 15801 15801
-1
-1
-1
-1
1 7556 7556
0 0 14250
1 5463 5463
-1
0 0 11533
0 0 765
-1
-1
1 15797 15797
-1
0 0 2014
1 14282 14282
1 6786 6786
-1
1 13894 13894
1 9526 9526
-1
0 0 9010
-1
1 2386 2386
-1
1 347 347
-1
1 224 224
0 0 10655
0 0 16287
0 0 6123
0 0 3456
-1
0 0 1578
0 0 15758
0 0 3551
-1
0 0 14468
0 0 5673
-1
1 25630 25630
1 3176 3176
-1
1 26782 26782
0 0 1401
1 32419 32419
-1
-1
1 1808 1808
-1
0 0 1299
0 0 15430
-1
1 7466 7466
1 5895 5895
0 0 8314
-1
-1
1 29667 29667
1 19160 19160
1 20347 20347
-1
1 17801 17801
1 21117 21117
1 28080 28080
-1
0 0 453
0 0 3717
0 0 7038
0 0 3671
1 22208 22208
-1
1 2375 2375
0 0 2198
0 0 993
0 0 7546
1 3968 3968
1 4902 4902
1 32115 32115
1 31635 31635
-1
0 0 10951
0 0 9657
-1
-1
0 0 12991
-1
-1
0 0 343
-1
-1
-1
-1
0 0 2570
-1
1 14190 14190
-1
-1
-1
-1
-1
-1
-1
1 17374 17374
0 0 9067
0 0 15813
0 0 11256
0 0 827
0 0 10317
-1
1 11057 11057
-1
0 0 13672
0 0 8314
-1
0 0 12632
-1
0 0 12114
-1
1 31587 31587
-1
0 0 1611
1 27788 27788
-1
0 0 8576
0 0 3943
-1
1 23827 23827
1 18038 18038
1 5874 5874
-1
1 17403 17403
0 0 12982
1 11976 11976
-1
0 0 11801
-1
1 29377 29377
1 30135 30135
-1
1 4995 4995
0 0 13878
0 0 3993
0 0 7638
-1
0 0 11905
-1
1 12285 12285
0 0 10461
1 2009 2009
-1
0 0 8792
0 0 9269
0 0 1656
-1
1 15115 15115
0 0 8804
1 21355 21355
0 0 14071
0 0 2902
-1
0 0 518
-1
-1
1 418 418
0 0 2527
1 1846 1846
-1
-1
0 0 12039
0 0 300
-1
0 0 11965
0 0 10200
-1
1 8824 8824
-1
-1
1 19536 19536
1 29125 29125
1 15816 15816
1 8287 8287
1 2671 2671
1 6756 6756
-1
1 3331 3331
0 0 16143
0 0 7002
1 26688 26688
-1
1 15531 15531
0 0 15292
-1
0 0 13911
1 32296 32296
-1
1 21206 21206
0 0 4050
1 31725 31725
0 0 7219
-1
1 25781 25781
-1
-1
1 29632 29632
0 0 5594
-1
-1
-1
0 0 8715
0 0 6113
1 9034 9034
-1
-1
0 0 12395
-1
-1
-1
1 19294 19294
-1
1 4772 4772
1 14146 14146
-1
0 0 10589
0 0 10579
-1
1 10569 10569
-1
0 0 10020
-1
0 0 298
0 0 355
0 0 7433
1 28148 28148
0 0 5780
0 0 2206
-1
0 0 6108
-1
-1
-1
-1
0 0 15217
1 32714 32714
-1
1 23643 23643
0 0 14024
1 14325 14325
0 0 6345
0 0 13480
0 0 6476
-1
0 0 13467
-1
-1
1 15281 15281
-1
-1
0 0 13402
1 24109 24109
-1
-1
-1
-1
1 2146 2146
1 8459 8459
-1
-1
0 0 11547
-1
1 9931 9931
0 0 3178
-1
1 17612 17612
0 0 2421
0 0 323
1 1188 1188
0 0 7977
0 0 5358
1 18004 18004
-1
1 5131 5131
1 13582 13582
1 18938 18938
-1
0 0 7373
-1
0 0 717
0 0 11525
0 0 6691
0 0 9941
0 0 8992
1 22759 22759
-1
0 0 13471
1 85 85
-1
1 25914 25914
1 25186 25186
0 0 6420
0 0 14963
-1
0 0 12907
1 22128 22128
0 0 4755
1 20707 20707
0 0 6798
0 0 13152
0 0 1877
0 0 1612
-1
-1
0 0 9894
0 0 11711
-1
0 0 5546
-1
-1
0 0 1272
1 17338 17338
0 0 8047
-1
0 0 5301
-1
1 4756 4756
1 1438 1438
1 15421 15421
-1
-1
-1
1 19463 19463
1 2274 2274
-1
1 17478 17478
-1
1 27104 27104
-1
-1
0 0 10076
0 0 5083
0 0 10919
0 0 9015
0 0 11030
-1
0 0 4889
1 1770 1770
0 0 10323
-1
-1
1 21621 21621
0 0 6156
1 18764 18764
0 0 12388
0 0 12618
-1
1 14076 14076
0 0 9664
-1
1 1519 1519
1 2549 2549
0 0 11226
0 0 16112
1 11269 11269
0 0 6499
0 0 10681
0 0 8294
0 0 442
0 0 9010
0 0 14885
-1
0 0 2176
-1
1 28113 28113
1 11030 11030
1 30895 30895
1 22219 22219
-1
0 0 3783
-1
1 6637 6637
-1
-1
-1
0 0 5321
1 27913 27913
-1
-1
-1
0 0 7284
0 0 14174
1 8083 8083
1 4971 4971
1 13596 13596
-1
1 25502 25502
-1
1 25037 25037
1 4497 4497
0 0 15171
0 0 3999
0 0 3414
0 0 15757
1 27954 27954
0 0 13931
-1
0 0 7399
0 0 6114
1 24123 24123
0 0 41
-1
0 0 5140
0 0 16086
-1
-1
0 0 70
0 0 7143
0 0 10351
1 27909 27909
1 29158 29158
0 0 3860
0 0 10248
0 0 15130
1 8809 8809
0 0 7378
0 0 10165
-1
1 5137 5137
0 0 13962
0 0 4251
1 26071 26071
-1
0 0 13269
0 0 13219
0 0 8617
0 0 2630
1 10113 10113
0 0 5304
0 0 6379
-1
-1
-1
1 27006 27006
-1
-1
-1
0 0 3783
1 32091 32091
-1
1 14732 14732
0 0 15221
0 0 10919
-1
0 0 8987
-1
-1
0 0 4081
1 25566 25566
0 0 11304
0 0 3919
1 5118 5118
1 22254 22254
1 11485 11485
0 0 14649
-1
0 0 5035
0 0 4697
0 0 15401
1 11239 11239
1 14093 14093
0 0 2359
1 165 165
0 0 4548
-1
0 0 13989
-1
0 0 2856
0 0 10917
1 15276 15276
0 0 5318
1 27425 27425
1 5199 5199
1 3478 3478
1 1474 1474
-1
1 4251 4251
-1
-1
0 0 5299
0 0 14300
0 0 15785
1 9350 9350
1 15124 15124
0 0 1049
1 5603 5603
0 0 1766
0 0 10785
