12494.759821621222343646924063581558899400114178225284779164906646833239331721087134704224422283634975104491386945702242694453
28719.293898005222370665959552186421713068807048922667464308427890795202989214910033982426316795158982963356026448266921666558
27409.602623898070660624649455877031408165146387976682849348447888374774689602816267480606668707963560878817156147591551463085
18240.258029973150574449392235608292060190442531362806685663225305108551924178852734387788485648999750050240384290907989017524
28725.38011933001383724684926017472155575197948420072136638154509266983941280918678087267445565357467126375165338366604426429
31080.163706132565993569583971247131838083263909605217642122145086178775741144038040464175941028898799564806933370370881556604
30362.992260315846544959403829193565906069516550599551352709024738870581631964781958376114430292499728243538281648029210471747
21367.272310709198241586341206088435010324645663452787444160237764700324355463581645682836407545859703190938449217198463000901
8034.681325354478550204002332192389011653429222514085508877179781756296746918446249600459808928737154504937124708259309917132
24556.166231722736079902978006493982757534119973543041896265267530437713320623723824313718646683869058899385049522405016070098
18516.24967427259552829698173570740784745935823400469127099430983546919764275376392817181035334371384862143205471794865561559
31589.794570398839489823262359084051488991721605239249701209050893167140505469040544451009889972454003065256472927636946303437
14372.547547320899365986874741382590529910377523088340831024640217899015522242620976565253387544338927729814631688594700189446
18345.340988926861590563664250380130203688730461084833903961702297915902568421326286035156774884497958552020091151365217754457
6915.666200735833664113122523088076198840941447301312971885455703930832513099324722644368492079088899219237697271951188071303
25042.692666724159596717777187260904955347245592223060047306712646577357427699278835627908458240397010724962507278866557506342
28087.021949647847989449732120166363953367678029346278615593183013400324194398889853681464330685983745509180483256083373610753
22762.261399078958824344923900064426710541438549898432800111151861651779512622782754795193347533947391221439963326028171027136
27988.267613412588634462364260849982204402277015218908345318327686610323625442851763099194352328331075588806171861542334170992
5758.610422662745120454752730389982204464527601309182675062947398694211792134296460290269282691493820996752237724329975550818
14184.611415192169443894599311617210080878213705043583363307836508465781892363114590178138645329326670321217226049586597493983
27755.234875604998201706516403167924575034129745127152029527005334869100945646575221481456244837406591873930491857098369434181
18234.429275411939802125512524422697994946316570512050653199791940325102248491962527391722765711972618854650663101459008156948
27691.273083771356285829832850814741380237619846001158181075414119752800320963621951526565194022943179906755857465591912876283
15368.361721406742058320744573851412278968437291808479659753235756580050883276250182488079224436774286760816760558784750798263
30357.52056739812208077884918144797973821866273335633696862978549433757449667941200355641750592507620061070003220554308589956
30910.533932625621987971692554588615887396152757942142412109872072801577144728993469155907279710929895820627201813090526854465
29939.315055625437604464408943755674398972433085576560155385365058539810230296931740382769268713742106384557234201298599159764
25660.874751262864928219276160355245147498988352496879363096765767724542824781452143654417440989887003256510679010974988037517
29032.470752590107448800087801753323053750246187864467257946940291098944106065825032737933274940523756833641336857523408965176
18200.036456007443942891406057404279451219849330922944984029110019576011037872007215713082113964767953321670348419434101542278
31580.369013043530299311358859216409617804029255724398361731520159856426750146644429146209005221510477027504650723659951324174
28757.851293168618789563951719120637358509912412076479631943169251425146294839542571496316896238997414509805593002856783764104
23493.909040430032276991719217125761828497090195589231228130265509003403874917017379739180103363044060762247222536208512765829
22992.102296223370796017575823321451582078250576928148527827111811160540764165371857691737166404652646162159212095925475521303
16739.320476052783905611068302582524791138437519544258699390970604974842071050088089579172169457376593164203181013717138156602
26809.29174745203894641319449383448960452049830034836791166103937893209903075366556991642671649621115106321713738680015979647
13267.359383087502691529085840207361994587788721718120052224273060079271444358477390637488882456122191963734589438167367587314
27599.122123719805012155999885686565119316176279375664386926118314263583128031528433463602445130910194438053164781614144334271
25294.248713887510914825808615351244496267382085952611400376339198100687814015883163939977171563582826533154826788362880564763
27625.042316709670517333233390237460602886158356717504057818038578894871967624107886604347296779793099948862815890809577953869
10091.955756938295258174316653657334586165193395345545454927661737101168675271641325367982955847704154570103565635686954063093
31162.139737187496284426998446703712470740279641599761537209317193402998560603809955262481717518335910853972703094483695581199
27747.461901946995915979782044554461564957843186031617245539791442255884082106358107257127313837022288777301346506127665373444
30403.03927241485507074057196695714670175536823544059062499779754538713987155781742707158110887487219351377401270445756044669
28881.37037953704855329973570246492805694314769440128819407572587526138907341031664882134473111381579987329965577790381178072
5721.847953240281619987872538903167496663251574716229046264416944605039543343184319118591719002846767016895092098590665052501
30531.20983518340696021367411834410818982539014633738166394641935937481860668046329414993292292269091826673171924648968539837
10851.817036791580554960501097090576910366750875835184701528371981331721353594662806886645273378249001878583639870878198488852
31068.543770186590449584582895372115846497041283803347018549165362051943958871409209787622358314277130102290328053432512375133
10348.238545762269003841317322753249584886172896503933979602572539567337148373445654996426359203861640869728733812416305770704
22703.696461149228463537150239423964729631628004004006239093792291376863128992306452461468907993230396100953827774835920610917
12581.308159329060802511566515563099316497841049931227841030333128074238037223243717584532935167457752810415827534685212367264
26750.973197250226395360426459610588789817031479675440527380901532199330220749243971137897495999866372859019252508520470932507
4643.828269865284327146517380528332225130568340305488939473956573955537962334212603510622422960921635341349971091188542744652
24866.32974525995462755278490319106586117648822281904692062193483871815360050230915892146022915312944456247370082745627693953
29155.760288491878050382433847776049733401786431797847824094496151111527146949674514952867209662505138810734377097360432284294
18179.856600094512296647902806499099085851042268404362021474942786757885511818742739021971517802760335375779681234945401612867
24711.795665228376924282645892063610963519567940133682213760578316516855091170044425456624130042338451049338811586642730726202
20079.178220236006461422411264153988666169190729849561217425368310016696907281595252179247141978090156965969367636433716801263
13397.713797510379718433819315263113442825469207632831895500015565194917035112587911852097273129217230818839514663404230628225
13752.911400863454991764669024087389792527586901001937671886710704757041888021928471990078062955859684849325709288798342974225
27610.729255128340416320226757037510758668159717669386574222095838031290261305148227637397111721700172986031529103133326123557
27587.892036181379836685379098799877317427203019840361824796936525106000250927814230058638665529574783901974187335290842978996
26648.13340555019061802646530025947339248898264691695459628361099698729376972941146557074596364613576691092204098408963238348
26231.394511157808439721024187686443504677158617625228264212288546153000022544062576379365318004169814357677820139832953109795
18126.613114423775332633836189555556525469107827253834810523775006187558852200930066822940494017413155919848017613999324762627
12093.387490690935435308813057152550604617642978915665555724072834037928735326488794422866422170464458756208342289291504301904
23444.199709096491144401355889743331922534212053248258895151882175007940452712646198592216914002463444843398801337538283483397
24751.956225720826852029559305052325330184741297582247325549876533235007481470305045386766172983764982590716647018504296166594
14658.064196884935187768394793072214617370584080505331617388568003810047958554993260986904381895964353594035189505672224916149
17752.9026922359938901631058093506978129476263732334338305546322272395358738813244478048850121218062838013035478721472863929
29059.21476915713219905579667991372023657748758951715368925048051161821560510393635711795029529376875461160257804418809903307
17364.643388218486532847427791788185436030948933090821619536687334159044316093377229330054373837962204228480704391401366844621
19439.100313543319950269984581658314257424666027207261104155259926101119949016980007604666831011855707771250971096258997585701
30537.719675836963187139144053056638161224850476636805889916752365387059985743896511490705098858563020315754762052960647347471
25588.535010820764062555966277524236935108917700357926660144297237557574393024174057879117427341070890690114921371179345668224
27769.707236483426780044687874582957396097350723977222058897435636724875327709400122077285430591593648593987501641815916714875
20895.478649698360044504388831917200559410932265267945417251303251523244734044587579212435346781642014095579373443569051333698
24759.501711464227284278735964512545065580394060593606684903189284575271880751194614364120837033222155149758835671844183400751
16845.655523012454144940425566313350846509153792610600551938796581356331376095649390869152558953881163716292609347806868811505
30429.287783318228692189741391744278913840425117021045752193490262909406360061972878567975957558327677009176312210445075517393
14532.553973751482337895160084805818338079971681753025810570188374741138965257268980302972972614254860593704086310281756355347
14433.800608294407223943595590595601552984437466012945587341685319688275362565983794132288994426368660407088228037084512611306
23185.423610535995553020493395400642745759139263158102298878660708293064561561429803820068269425687355915200469514169389647095
19513.636847087218456961181577039863790924888221974852898695004147562259415636820588645081375646604579953410311482760173234735
883.344213769468238089832049746461370615926731424992680665167015269724220768429503821597249386455249668381889515877120523857
22045.875396545268508322986129197099486462861903461244001481323426202941428554449846549608351429004983334346153710789272950527
29984.603482454124325708396424556725680269072526635830643240083544524602004008632225044132132602346778370175163759040105821288
24354.584373378249051363043920978329835399188041972651693093151341874595129353909187779756297365582675975156714918729388641735
25868.80698834022380436889917397030201660690989591773826744624202795755856698839783951501631068987373206868861036717026443278
16128.614974634368771174237600786528880952371457464386979180156433586514224558451648575053354278338452567395688632590470276148
30534.983805464839316046002474869462021417512717453666528826420240957949550812605010640148035369410025985945400588481074676662
21681.289214435565939308037918978767298040663626609101727751111442983477977788516902742771006540483160721812505098173033795321
24335.427035497034811428632823994084955441828377603050157656568477503778924992411344293507376282818741155068495336562570625302
27774.329064803707693541029725148196261145527649102981623727303407630206924900480480918488094611190625847171652824423898495099
12899.678910732623347888558531187834044311184874686377205691929474780979387974867633415034301569999444055927282154395582411329
14942.050495162971440118046539559156066515090429555154185810820337016607014517509083114853216647574887182743362555952293506677
18240.91532791049386707596663463249713491571190247516020906439503314193330514664249790557793820270905180916737169081176789509
31003.638399387901518029982820473902839638902025253806218245465875249676586189054105627951756089489986131757942378326220011302
