21555.386310618513245741440886401872793835400020264979111812145333306885796554586129844258889857923333511788164372152887543447
25530.976714571653848786499893502812692946402562921313651992905544783020362950865939583376218737058129037489460684546783757535
29273.140538725939714263004907984973012747068668618864899317770696255722728405414253695744999405414357164715637815945538106956
29942.839060449829028333254746573599622761252018303945767318624887379151370654712083358214689093663532699788761546957141186759
16360.32374374052538113186719473523999046872594233895408681063258572948518516435950138944121432734964663085986316179608089325
22512.617129067868549922146056587241336024774152937244549186576393252294545283517012481803783314413255448782730211095453764999
28126.404871579303922917358600887157069545436958624212660931848440061734996171948487756094959081400780815877742629566473711484
28255.44954517623667532005887670388739076825942902895333026006357838579937414618121041408433038543296119812219412824599535621
15807.896792426246100703233711422225002395529450327023383722901112713191775073647679737394759060020317011346030781219653163407
10047.520291096704224659855842083262140149259114860998409256565353082471637975938711680818689640843724062154939982270897497852
7062.273642390246549147217795591521213220101517727504213280701179947787615593388629036719998454820686490173674768359843509896
27329.185370222801428858513383549467372939098489703829136185493196684396577442007048633068094374940891657812487917854944887847
28367.949079903538208127499485815996578800710451388589209376228001005524205681599160175468459103692832276744921168998308111107
20084.271258873198160507475580035465604302451757267221276739809986057323133308437925648890961584714214978890464645339687737189
29744.097750646261618400953949268502854147655744384578396145928059300862055527038934007567833985056202700585495154640190085286
27645.654432478172029546320698040611907721179140547017754038530459978850585656579126122400171577179485507212924258945000023147
5203.678410509242835755935168775279258425763156033870233848144531079080151074330690970024226674897762544311965643931591991571
12566.773372668101075689297508589733305869217350656577540159012792759325721859174149279282985136270089758924900438881726270972
16881.626461925995358041186686724135735352425643919126005016229736609159212803233196841301750067500688557801269941145880613022
5021.012846030171231710795118803909699362732908311633979175247504733482922331452853790704582420799365398852227342516977656503
25862.360932443890088692444082180528863991266271420813657911807870660467704631386096374513430654830467605814086285091414800152
7753.213011390825962749190812012966124592501270242786582412795224105074981215929751487436709114051551411293768650204527435789
28319.961652516410143049534814464648466992126334105031848382637262964952930280513292730028285791901801350597916264921466200882
7080.982841385791693154250136777953033042105543207062341863186564809853570276339017719245763832208835176003808319301295423966
20124.695177815737539912119988329951002493687888005107407879276206199783042318592385820393951421142107364758366603454661592231
8317.224657300053957705062842963767280055387737223193146496009026072815622152942829235710070787741651090998827392249260693023
6709.005365924221706457512591161325105659047375659922441057152319539187220350516080230127788097530561122551903108362475685917
24447.152697195638860474241619947786188198504108749124853766718327804706081121032146244158570725906577973640640200751368761792
26787.696056212075813466797083651037456148211847717007682242664789291233041220056680634948859884777684130977082603347351768523
7809.099307858749467959772057184751103395146037493646625341798008111544681477571938491054493984247340369983013758592273037874
23402.302579019868744877995307133853914761141940500489834989741564379644189445969201866528345305202139369097706744816037596113
4774.978638695674835343214840521574593040452481217836629653415606272595931140037716280107723153088896327992346424290797785395
29588.608956826611858233324796720937977515573102176106787413755533653315647185578926228117339947567750620061615633244609234633
23956.34684170355720223613803837190941847448643672597161708995816422474696770205489925301521966876258870954923162559842556429
21576.91001974101017268674053332656591485248587480838370141705310839384983993124485104860490838330073944349266689244917328878
25871.953192598350864851123611342762675303623904770419240938242568715049733215263567626646661132584476367368497826415025082078
22952.622573466414232244833457619358697362508604251609673696197678399770160457865439172367500023652702460492572379584535860545
21554.848712064763643050797156310349262200008855605321411357448516612023259092583560028480340789949386957016432516403160353873
13316.789177575801811789411505284357898100668068416911602884419206235789046098936996526527634490127787097508040365171973309869
4204.976099813172540976522494450661780644670761556254651918392083983638226438343419386673096632752227009087886848381354874307
10849.890644610202706095940475244535159979097789907046181398140050910521820957660495116206833647179487134418990686610390165445
30647.604490400224427130092809546179134842199154736305979043839139546235614777524471282045685891739684897503341799773465107588
22888.802174862711674971719045752356612460500655182966017937957017415866676592462870529189901805851911314347852866508527049201
19379.492176009153620249123193826364762682081537332533960186819057003313846633467478206927899510810903657337754624482863408196
16509.623193761873377009772586316220140407246278211945326751281731345086617758227114637749318512970436343172815291173995474814
25846.942623838510776739323202336572480564083782366253096000719059388156669084384972417333156572333408293079492823603654843175
9206.312779826677168357621192837175558775856725122592650738874190677134116254592108711418111257904346586678376243095049320551
24566.650585702561337270438642650901955713477599739248021930438888814082457747156523988668820110802185105187972654379377799322
15988.057949607263041595547809529400022907494477112123955923181422220787384719356347092811627474147726548903273113337147243403
9183.998693379697993433492174920030758611487713176496352147524565393901134210213824776239905836371325408147432989040058858328
12588.964016153195756977074000560246786977462416843643007581529942394035282537456565907023994582023122335469887201309165296747
23365.114316005389490943502622694109525006653415944739702699661891227448752994501046423738651931985586743955678410800921022675
20354.514216753000170334131219225673545058332170631841507092143422195875070261951732740085906778137101589895573302182709719731
22274.171073240862581053545121459977942019272812319667133927332819691753488612062431664129426664999780250062742421845044477406
28205.270163570495394029077483603460416587774010177595722956953914005877057916756754307086171231364368483566601976841805050653
5345.593512417493945789727941927818969044720892769018365285513381862570797643747094497996521774202056035085458250404373095143
16955.259125121031307888824477712331057451407704511249396324948322827766182581493469166990669305744015203370117685238859747071
19624.592862018819472108130347704880994740464116427423922828614613183443574907730290913614958507736242897661533921908597066647
29375.847034596296045576086706995315325700564842162655209598300279969036238960787140205745785525252670854432346196684845330306
19932.285694320157420976044615834161536652983123176406017414277466101140061940857020899971907890404594591599962261772882698859
20607.379843153277500563042006907630587349081237677087982600159838422332637214739919544378100054375258326281564293146693994391
20580.850662691277591554056418317137661820042389936003554982501073788502739068478602891609547573175237387981502292906936655515
29521.118034383453885753549355519989922862102918189069974067640414828567150045416181628979239588343890544709239148840956902068
20985.542904580762835042418937112514267947477915611422362203168697936078910756881914243118781390776669740822436410336365564709
8835.598508307176357718768058652639235727573214677388541341487113101988743993887652129127331739107571252248111347643378380623
31442.279561125971262096560735447717616592669951835083080078431512749513912264329363660303532892053485833098603996209359802306
21933.40525317489318011666367434780101443448323669753526907361240370568310006914777537841646958028971324760403274445395053735
27606.156523500333149378008160394314731828805343177784760233955118020342789758736697245652264838073703583253227905623184538451
29054.053624236326173305477993975130641832310329043509216861545943641483940062620547368866633739145694072425588232158379992064
26176.602491538125505943651015192644039450660317350361357797130366277338032708302454848760490207517386495853576065014378639962
20038.29678390855653313472847534324801496462029507063691107161076459326812545073662593344016057693338912975859861927267068849
11478.265504857430331107316283041138389004857491419452307611208728283256304033460138265271391048080868525843296206469838635474
8678.33111836601911067263508915945544509297052248267796205679385115182548910930440557314611734984609943215309919210927159737
20596.302896393808861370828486690988592046054324075599151910104091705435652360720868954136282177099336780163840135342549661733
20659.902613516841067229789543229749883756883894409434775688461877548866575610971524988909284520147920440668652447077886952435
28561.968717159536865285310227388394082324816009908773067357196156392829117558748738169166056064488229514378212237491123498714
23310.694884537440575418222646834892391688325716913669566882266587052454231934612759197778664255633204904400657422404115625679
23201.975239190304764745201788819891805469769202455804687493893432844411384503370994558246921530062434076984774069742632408491
14853.316801307376679607707761865616609201047469159187072890863033965882082279518408613936215071838211362700774806480150651536
6942.64610937357226894628425024006398394076819736800610555544378709550225291986779996642721402608842040342943162755310254214
23408.727346867877088802732500302993916672016962728377245760580738735576247864913443595984348742465742363366997917946339901223
29884.471385654456645236251122992820368742845980436846525245598502797847713349147556192372556973084748900505999522319700095505
19197.285980054576454249316272639117404234438583306757010484669085412427682285479551894946649488461268666910099946601840657167
31263.776179470067335924088799108486444105589799905046736926623506891765271119384718804144045905870929820401732008412083107928
26930.411805243528433020571367053971885697143605549810673799114228917328893242384504939341536106529630791687340423549534314753
13660.253291941551696375257219344809125517644983815650786491368975601759579575161399132006858698169965824164884696641158349704
15602.679641651301942557643960396835768339639550005024471943294891784898349111938431672493165960867984876411115755362971835169
22701.732929448359625726944293178941098120350277892962010449062055516453619889519219261158292844655187299402148411535800585088
5841.318515540819231007771415746206982587787348394353438083976283396645173917772723299834582069719279647674167253552542272891
18142.503327821108601534219265696335256649675672106594016336839466271899231845331623067155587003296696464276599772236043844946
25194.711071969053243366343341931971674321339600391157955752772095632855032504024339945021062695670683507335707701222314480305
21887.655356387536101695775800616604914450885031252519082344191069818944757065328512531079111654239072144024073238644613026671
10169.407259029407167191077248336101671993233379521482652084362698235362732900949780099119450062232990697659111582148010977373
23017.126254161269643352715132179265146241854911434119425716882535846013906032397385172579165129750803402917632894906057283552
17275.312211361043879453787294481590863235397285077180978846911669643228652840846092662785227159660063589561859719629357533943
19294.721480239096729369913474231829397608372516094835412597866232342317950489140756390977175491480229128849823467328992378979
30943.186729876417174372665644402585484297949772111177836400936538814721514536620095990378982679206918537063511869261533570848
13913.830349691633350262349217493857721162619231237912230724018073011937839951155315539537872422322627106814667680173443361708
20835.508897072804638609799622323016410893969453951089571517986436733574840397638890686831992186547130812989968227535655437481
10791.29505666488576158332811894730930977251224586405334770828675103383345500663284924586713796366818862480166425465734345732
