13745.705511176936312038552501966306528890320981270780413905340668387971431584403504630994277668615900235275928345630656454252
26212.528550294418325009574817418721635909991343194924992093012230045051942038805594543418989041251365342668777457590047513772
28079.254904644460668691550378300409187702630523737493608600327234738743541210644892652750449898019215652199583267750669614566
25198.113084118024887898508292245676322143593507980595660613648359231819735199871137810267651447625575536494349263412879960168
31242.930944455259285929059904889046290593960627485233844699142778185433726991002357116703784770437244246705356807034993102929
19275.331592478506568038163778021721779029210479435960330252905995480524903892205546247012815464453355081318657151871809760362
24710.272843495678406839077064516115881391826821865494331277402793130729006873589630950197398988077928093855207062576367272979
31184.820217535325723835860880784881704447797191803954004499577177360108209521864016548943991244106647478412174982136959113634
30997.751224887266005616304042818678644460012288120872805765091535032627312827144111885464198444219035720689890289119332372571
30849.270104817715119567603984035423049566635309183386231265415953514839013856210893242462318242236152650845120098207808920177
18185.456579365831253701682699275357442438481351124655704909868606263920772903442871204725706203934362714530413018976657285626
31141.042259372116269039830172023207309841514277017267175430770414089673125748712583847606418723446207430721506392809932542429
28345.601828149636237527297439401868998508855632736939621475904498273049443055947843180333785335858342931760480468654771060924
26092.091215538857225796909603709708983920229793398903409543882987741399020133816101068746959447047666867231960933763407969778
25449.695852799498633146981349936411580622709853898186745401863614277537798602817259153896262533270153795703714316410256767047
9835.03243512699351992446543700174357381607939784288545259431123056411096841888275607171295841877973557376609244086219496399
8058.649328516534972356175939458437032889009695611904927959743702287691587421577352459637929332663773370235365129336683267697
24193.215081919145373801159151977778579548110000386226285895895501773727811079074323203304761963794327373851205244623402841072
15563.156877703186604218200498694622129928171930909803108775924931543315126563503113477190265837364706721667164450850827926143
30978.339497138964630299414153772222556802185063559759795794076903847566866706265866482320407201411073684181235918085752885261
23979.859611765870386112775532205251243729320498497974146462209840853439686797297861112947322653491258624343023799042700777647
30069.914599147101668178209000227350264806718654191069527652933986494681844397538166007759065517769482064226373990724352986496
24123.720898733677730420028775692845764212620831005079125377439372791671741626223837682075407814067940688215710223275010072416
29668.897586529904633506782719449238289753658764730226438057152133574925812045548448490752077826605914148669810510999373696823
28385.853325204088357716446206963633774993631002297006097939632793038065697214945637445288196048679996270666567210201674440768
1902.928007045983860228582332436730541010231178227308140784357772592004040324060770684995157760544755945967780770480686844979
14376.544890897812655847170398777249265917155998995243661096278875311741369370708263412631049700005799099461979806524743190022
7315.442023555377750595533327087338846725337478077123371245444641126175106184102163296089693539799607272590609517007094208667
16331.349882970482731191606567420269292510775986687014949874732244302966738142039633654659012965981734139695239416661031100878
30531.135763348208595905662095786760779639300989912808847862542345655118191570765216871038010162238689446038710651434868198088
15266.218883534979631692006730992273197427651526691375728255579510171210192968809138664858448145210623128518989823837813993324
24979.775419326731809335592296198463475922585559689555151902891456693732346172767665764332371482553803530272669943001656431996
24605.44169487717202763640356770285256183971156694150006399611583469869348673818526143665368540419415272616294742871157312744
22635.566990910565657961697697737696045185818257077026777810293990343894965170478774254577097688155612500676802448383891342828
22547.703985106776277047806888410767159268230081242558612376777341766103638370370780844771754663805303435244731232621739299538
12956.931118131330098346161185684107903698465592840515418405460297321582552337833503513693486556506934171422309628823978658872
25609.899550759663219753294811196439411965080864937652592406114207008264404231168962213154935476299245084946530075393454143372
24068.821927963154881670007476845695346343949833395402963974890056409695103371636798392052772486220868205728375362223539324124
9729.06105438751987689241960969470569170023967583295664136269300565458910024982773305049721473033186198704873003373726329705
11233.77109433871275728369731316038845186440028787102820336322832563521678835741588203880796903925145933445093369320625651511
12792.974400036920264610184668784341268810290662058989266313606142846897471699524926365781299543440812342966698186757751558473
26360.104722857229195253292630428370729512399115273281946755636541636418221567007886557929474424734666804338224718536197807815
27142.774084459384896816594774936947940221747647166419082598371400270994872866452474431249797224895876444656124440135663114979
27022.322550069599818687590121028265473445821357162530598979688398822745006956979717646746224419066688353710176678528139486779
8861.913506686916429238738827025169834347480882590644177492026153408089953933266368943038221197560332533779885251746172029708
24552.268306614767849295717542723409132241528369899679011875971794045909485140387107212396542247106436561903345203012024734352
20339.760052665321449868727963899201992975134193704984288114926599089603581282292036061235850533396500475711329645230074045864
16355.749294972700821928294748751118263186856413210719626192840071050636798984020116743556129785281011529273137201050840671898
23324.041630900936119174391863516129944018771412787335458597126363745770945943586281926672264703827712680495656646836812933934
29073.81462759917921534598536373713684711644082195850331718849913175826978891617779984312967997547947525442544940519151746828
27162.929683669985158731434910055898736685323855397532767048330063203951946473766555488912052396855057189202320466950386956405
28432.886504890775862241076217592611595451862989291584567144953430341411714599627208888739133637350361192610191208329247866238
29467.377742174480768631698977006613273595423880733054589603030446236775087420826387386437214933134688715047490087939727554797
24166.797843322147506923559715229561765431706854949246492613681898991284640440712386152074081327440111723229533892164316962751
16099.91369542085464653861554027687155805723250048344323404010515131478763026996813591281312850096889371299970971368106830019
12768.521214298858657004956889878304803828950324639559206198304459394018823859975456223431508799656996522336675642423097423251
31255.07688360404593551284288017904496639860823170029954111728946343966373446882832108643552673818318226570184456526487324369
25291.532416996800077466021535465582234372890177749853493257260244443039129785022267090922588541994696635870143692566426996204
18265.023104283224530431992380614772898288007067082165569107898141791853411960189776616092110001777728891089404815155723490505
5691.7130988833230191058850559720942758218660799387509428574750134825349062587082450633044204041315892946790984070232197068
27849.492095907242954410097478326619331269025677726675200586439460618434416403443076396959039631750288704193525906966110033665
2458.612820270812791077584235526106284655492907943398882080611420357660236433281602834007578542225336926693225025543226553232
26217.191802326960891261154312693037825176730610229237679761332916669022997729980515447930677342857423148953745782704181543208
27719.815655952692500402062594446890558935756333450782992367423962489258870683792021382844835908292113339715381237296073946639
28748.022210232132767298744103383420669762730382917350688734736233398732619109376561545023684315404586078125022509442116371952
24322.020927546296312104590772013788991136088608719456427829066894135545743378405793148998456325588292773008203406626112048735
19601.807314633005543980507061454372746017497321135122371009267101812330305435000105228858177180955215515730276203943230464101
16490.920168383570220672141995109242356914356845628890029767242264918795360755589300276714008665985062136123109255334108907458
21486.724855128573084364175169263530895960982139500801677368871736932130326403228032103617640869037407732221113248717851571373
17982.813044682414203036028372989370612402415348395680802574141748846159684698456182344992483464599327492532235843116651137885
21697.89902271646207505994821877369489779917216648750347307326792339682126078231801757441394199779459792563214762058353007885
27270.946188205498345724610954776756355911957777154212339524577117372179829380023006818645508426724854312394338896704527238903
21329.521091670108100331725238309285358289786683674816115207307186799301134119786666381901595493360314000206959096467006754657
22575.918674552315989524168921262387475555295969787775286250519287048763181037193489661428431582324847822936520457593304946839
24040.406735327919572008282595188252848956250596716493508319037285183022896877390062177406842473390668121060234456453109308077
21193.380051327348383445757777296215984693618685080303698161035300037285246925491990377658960370823962751422745488609338060137
30667.297174677784114584205722772269638933340041717578304068179592630417787707864471431759227773679587979118982047937778538288
10308.594230058723191202596767009180419630738989176730637212256895764446156024584305418104741541098902549888455659294184503142
12336.422779720221634618853589024964242327884141029931838129908795539293623576231164137856338604002186953934191791785182727604
27182.060168427263636977051477338874352857171784079690782006055326583678503821135674729781061496258122444736009768238475538927
19930.742208959504777492111511584752458266136854646834915008164982669675516670932379889800317707800606632763403512572964662987
26842.449161728890196340991015012804620290547877910423794184152525413025047390091302417756856654142151515625121200476928366106
15065.2131415390203897782828262012462441181815589176953139082788902357352734316630896865504433511714637445086331037530829372
11093.212519374178112275466753829255121123805415322806316009666996033145133310584373247375622094606574094178033023753184007195
27248.366574897659358595690912403195210912619077944720701018918127834678864018271363623244346553687444532577885876038248926045
16947.035994533085312679835099233962317492510092081181455953990076892286724682284680623241315706015129556357472959247213088708
7132.05860884499462201320598631631148965236097248426495621053531158340850561531802675407026947771210406131080216050333692946
22863.285634396470094763694965609553708946408488607140150574488673503262767731826373772473527186939797556964023283466633490021
20109.427341423723396739278098447759480893117640109257624483888773791200736816123102542234295249567293164953499601677147951432
26034.718857709986801731029707607795572658461976569201634977900432842167202191506433623890135958961233840047154338582597807364
20026.352214020405568504588361694885462566553944663505280122198663457956985840600648743272469748667484895184264352322915720529
8351.871945857407600869582789440808782314988389833430853651185378679557861640369754220109688343133141865632633558456923373392
23379.802800708135998467415289911567534910464440072190046846643997288063041557142249745843852060481000039018349036087904970391
29025.507075673975208657844910675253283487366078497984466172887429886651346813836670912053389719114920051731609389389837719097
10774.490196756410803987697215015902247657600896925510972758722151395157551949664429767308584975407581103924019872305005275855
19699.980329939418495348221748231921370909358247705443486807108488285824481114359155269389334800961739313584216234487706515962
12599.549991963998711677110821183013097379930412067687825753206741181872242328050500315478719331988993408737841942587140066715
30092.536084550933042850554728644376040871768343657457297281361352401338362057081839887850854408646586333855105979865455999366
8569.141964047508998416550383985997889876194946771268882478630497937269243435013591263670433354751706687028528486145239761934
19978.375809860019749522881898613067567416758440185651614920868408087786125622357770447186749663351910712821318029443926670263
