30839.417115114221950899978177910069150383054657699915487206870959903628344420512265967635079137260844312588839506380108481581
22325.929902245953258031050566962940011558772996368077645871230683534726565037009784760476292942288252105931020119547882515264
2247.610953879696680813010290968842037805455920149845142958824154160562293955432217654857857804643715706014908653894829709722
10032.964566866564988287484056538145687492155638038191246047439563720821972466640766915871294769991225254131580737997117770876
29662.714558853173173620101548627372326598616355540848591657764098594974080775738481162226250568013683421875343550759833563451
26428.242412237708245218730415930071497036683877239154186454442893489876515696134845974946396763257915750949753050933916474618
12789.6485487287726330206306169938774322630233222599122911212505656499486903827596958502445479167290762817691264902358827249
22710.374061208238936389851754660872366215654588654790067509021881415482668937218162883519188642972950224987349430667984382481
25599.835565878152726021794034710638422454573167026773935687027931056113264110237253962248875503904870715156938397455099986202
5295.612240336333386815995411034181196415069812788590304436764525109510391964611058907056608534401915625690110375312677487485
19529.06731003813197723057430417327203535609563792632367589268585274315307459226406577424949577080733130519686067434752253423
4763.087129163185904107085079599932007977937522587595555649579956088887238897242841430369258997461819078896304597289460183191
17829.788192796907142960774298285564738434143002651515170696554489435853233881933900880889755903203507962388697197883657378647
30028.449460469982781451598736412729496601943053440012742725215109982519524206576499947576408818412076365965927791587513017513
9593.202801984329988106914329920118713323444747322675118331481991799528896985619906922893466313936995306488524170236169592182
12262.836254309196311800658153058335299849447261359156668835744105335090789245878900225360679536278352085189158445567451225879
28974.962743720655213966924410595130586393113116507784902658633362272534253009570501547115261912927414289498690653441430033981
25744.085514929443692554387123808457411290765404862881064677077665928557185436058029642823782100884299256477248174970261068524
6671.884291562616720497578427339706820635505484238544873605184629310143749694798126293395477845103333006211474982544456383833
27482.795636543237229195704763214209372153490971367827949565043377277622933933908893154277253511822757109676412867421343077287
27340.058302790797084587991746028119582378351700178949506851428778184022345625405658433171247492460223556704018782880843548555
19278.724568809006147302967917312744725966578631800223575225209093311701804280369546992190021834912971218101062475807829310805
30278.220637943703312609383969622634653152776610319844846897698980818616323437522052852588377697897337885904727818695254684639
25190.818744137714111924877474783849016759394223515416569291838388236740835841922954725469080937444846812200909592683708121522
19696.506365343068118894858242181415998774646031594612946277899868222202501454697170925232067370300396746710075875320341182135
18032.516629688713529829227744721304075540218941580149373378588629267984887181881428122801992317392804048460639359430895209627
19652.735534779884682983690017055297675048764108171819117789136737901012483593831866438427994137351218130879936105865113844492
26365.72841777749936322564326329235509177244876087363753892017767226211664040261342384996416730230165530507656146052593691704
25374.901122960065634952078414971489529276891862050705150495025581992684276294108518320381411907881351967652687809815659006462
25011.220621952859820005584727903770640094057028707771857263480672557739350810547125484734332598161613756518603256938859434687
14059.11320105219154216970430818447849756789287201059091845997175698672535214415770602931097122380296279566175874261821013774
8322.400374891849674138532628996238265090434870660124934601007633710153083372848956943500428768883178438973806883596320931766
24057.541769682121867514042219054354360838092207467399053774253039705125168075779910859131324951017728660291287821234468406231
28513.464696525394368996608043023959841916052221530038095457110437085979758209490289940015816601815204900736375492444184436569
27501.125231524618472814312887523136308316174862113965166169409624523548294301457399134416624942448461397970656832948072308484
28391.963915868870376877644469001581922862877985702131161002142176515422767198819559934604130482209956254664632556554329378927
9130.215112471337605423213869931540707773209264884509013956290519335926652141050819733156688601969757578832624361112716710518
19716.008064514479701922465967508080913915794545990680996031197069223927129815686546596302039971055050156272216785617086442907
24774.033946856535297718816391335256681092174975171213854166575825538321904312243660899761061224871619553924260905689724091658
21303.561932221569224106379993106236783815625232730826445407623280025399740853166735395889347934483683378571655389531549893731
29982.80518897456332535622360868055111224495928628008824517762007057488405705861743948802663794782618449283114333567397871423
19025.726582709003074316789176293896493574004088329630508237582262325883017643459829288613722568337467375127779012514897227243
24021.379165235288379932298516263581786413621452989007708727610259571999174966185782850614226363632153834699953211427828829775
30359.105372194352591609072449813407451240706546164947038969990777637610462833610194890512271833891158736630743801760921258822
12444.075899800675838049182498093836131151884972442814855341363614943387869489455193054245958134543806682773439273507064477932
6487.011407420215104365348256128264541602355009421840541628878710005733810449794027805443412604304288240728881248221867723775
29222.430614170341460220653632089583844845440050307221564603507316305360811511376004946389964737058339722638308443596218411517
23813.172552182122043524988932798925322227617784505389648514884323501519607074350395647763624126211227769387995807623722140103
9629.337308454824296606369065164776010839105492603854405025916959340458939591382929436835603331441920185733897293363069838198
28875.532462623091861647343438898433287399343148743754258524998356725570293443778462295618281169516738549995641510109082647624
23929.890179438768164035197816906562530969586024508340375305736871726001414560412596363935663526001603137244699140119858257986
12825.917355105637823010471154339884188779039798334070613534917692058247242784114518227027448728536096487476812756959409269663
20231.936659647785680638739827718422785625346414521379633045659621387709949091936240735456424088655251504824008451760681592929
31150.021043331575893999791052187993851431876391006115004584212216241751592300438556876011667209201705942333525553138605943611
9775.356566386721834278021681265219350719968704684333544529019610705229082420722311755342525510452339079761518323845952917849
30044.367525378196917541151785180779425263310158711893601879759529430873204785737980974868401235705453617163489192608961870916
29567.233671752249335419981856329683342978296773533857595031885755348530211603944951477185924738111007415891323671232382696716
31589.597132600472592561321187943516530794277453944642857387676231151042986530275240083718882310831780870874206791935892793087
8457.303707447190878609417089843699140830546586370492345329275974141864658052089060111201477005849183859403494982030893496248
22084.407304702564736203852862780066271832300223493279830918018227970164641470978013138138343948734253617879762460698636182918
13572.360443194838759741669714278981733973903837371696836909196136068155178682516726351819986678118416849828272105237969800696
11046.239405336098363553756324278058096393025304311194681485154098082788049449326404006424500728514732827640267215351485997702
13224.935273943687623222950108641178956143232890625582312155117417451945860249093898848081391880984838152432078441882242715396
13165.233116052294195319787048316777255399851603379612875048901591104611130461839135640516130577326792086828969494952741194242
20048.132282085530971856959449526970255318626742603996950225351897675208665772596463691635137849969517702951574651956276532156
22533.916525983671088087346839731426917013673055733623328688623060984859773776064284696918155697918263909653727808190295452784
27114.546077705228661433192329209228306607527093636951612143311854332550846512319979203606815550284799166724471741756987332366
17288.195394545955906139671553637902218192701057522498146828416588805965050864622875942345796167624389278694263539405326862325
8443.896197846110424436574652367186098851405486157371659091554482473413448579891108247223548132344440871966411817613631794184
21351.709650517449840362835902058748622055546728034761561268672554481697958809729941616959963791777084418646534831724733511436
13054.842971096971413773989413116728393328715153026815054824816889098066782494191158474030703783002207494339484572223593835972
22908.166862496876792737086041154559729702543951606936840868472952614262491557877593164192617625234375214770354053188124752596
13208.812172182629685135273130981553599927344452154261186477404799356374590961899753099246008740901766917740573084034692216787
8454.33279449064507903255289138912148240330746378668472957571054681233828266226397550990739830490173899133831110896478249479
31206.606399927564055795486192852856960483128655680184972389425619319326468081191949334804953288541576656441021547857637878533
11996.345401829675560885913110750246456940484539054686925079509065632083408597937512033344261394842600144444271493420275211361
20039.138903655516105700460063205723447792301986506317911174333347356719424286083100966372066356408402038930167861431757944262
28948.47496846768265004828341634462529569933256058158470416389368612470708953052298597627726969636084633009358635946721652651
27096.401956717426876945117359998702099136964115711838365045619514422099284543040792501403609802519755590518436506400015562019
25704.65712667648091847849170114105369267792509034611729116186639864537579677556380135921908456833071938672961759787875564231
28871.70194152052408583586268666628203076835229337829336485799781911082868532259100169801198921544042070873730471986713016463
19884.421188458063840117803119187693694655104816121003211429284070051491444478875404720394483781408663974497530102940684714554
26662.133898096003673516447196087653287939079091381807233627811716992380595948020961925007342349489966638363837072078574143179
23084.537075713690819691056018585737842151720355748293044515652456437677336556707265820055985764236453418035993723705843737799
28117.38375098223821231296471696574954716188708853551043810717310554034017326846421662775495110973440758854841362096538959704
12328.046844492439711553609956841148640933342343989710499790124856735870496576821846778338250838434634627882238085020192583021
19370.048347900425413641050270179517779652466728800104851804337056831083614248644406540028067705931807550818963223654033618575
17659.663926587051560282772123734059636690587111015853339434451835770809879060000777591638440457212092459905959861531480298672
25990.96037086740663787268138034897882820396097554587983601599406522285523329586513614710207760376633105968273539139959831659
4275.734907591910099754185068542298976682187577027532393975105022274934481482550683334660493940435432934052006360209812106004
20873.249842801192322435051195955285039031492918775529292901716176334120433062093116853930235654056398822385251046080271226437
15645.680394281355765368219720176333780116837326802197789377922430576429262291256762930094843493552239726537663018684834649406
27436.175352989709305292467418747701505859412608144565252330730982607393098629187562997640401254423575513657761156341923327818
27476.256768344555561839355741909580881909725866964951933313627398648206450450131560005533550124671930767378374769358941819056
17294.614219461502634191455835405655523494697956462992282632459106883600218184640624557229125094281967292365254347394412567336
28756.990558818911292896516315195963630208662929682857094691716812690688434549085919882715369288397274858641986529188859924255
24830.493672096010101107400609648365164252398897718493389209184041055028723747182667668084739535164285324922013128582747008316
8238.849980428093703425871566912978425094120659239129880772717755197584954722651220483514000743660903506876231133975079083408
28555.037243890962923935244840264850063899446325694655654766108524077558757832433902914622599435402862004353085734160837639853
7739.902647966575037986116202886533413748044636872946198070260218250485339698927132025191928258896029916013137903123619523764
