8548.617432076370558536544856449532140880693833822599148286060027179403725403378053207464220400012569244368426297498357571333
22714.498893878332705867554699609709317353594853641822187952356208330891622503620933407328952958984748425299301642106852882228
18938.424168868961099489428929754820211010604253050350153049119456493910255764630179768963484458622412185341220753787470465283
27963.312965383769062015587274085348640822073185369151132486417290681564294757570458502942896355079798384950502648640918553274
27761.413634755705645912082176080453891266572166526215851769435859280317874139276738299606876018889935046768256273540150569026
27113.845300879032639446889918243854441967468003692986505125526488761684657752134591253569517578347622201692624918123469918188
13503.288562420637243426445570075887458215660953797160833908757263960412184453530811790688187740501404877604887242093246617808
22153.801479655810980930608526856584662165592152823097109046626416927838766616691132197766473257747407449241229402962032339051
23597.364746937315585008702384323855762086398884413714107695544217424411935068565154250693269843969015309236901314361503908508
29715.28636914004232931880832492607371577715063513866953581554358081213544140081373439369215032905980766789209947714119808521
29859.601856019446931502977469185835591981300370551434502093766739873389165367100641003620036034952229465808377141208509492597
28874.663530507156370312565031230536808382450296546721273974708929066559506230273400618546906214281772013944796964647687928117
30452.479225836440918289475765830869859583584563545817216754821847428763906067217118173779303407315926246008894373147746893967
28389.736560947514364661336197491654787134975567945315507034814278245748233645633472552614358375727320660902779414728871551805
18768.154970587812151352202865861211901281936885854701550868804878294264410785922190851233581932375253491343395887240443333498
19637.380935348786984889193107644217163493949095669611524332048065300118671566444869129437740658583013958526268572749352171754
29496.104607218899677143935261392638051043303390082550226764097576781685291086019098961879945018468015149740282184250757856541
13674.697729748910248853338052426154335741339503422850912936309152348998749726803743917768637081843227068479555662942877727753
30551.961344568371262202081328155512818734378031273939290784041034801869337051178106385280893876825184139268936610077609640935
21517.64259857477974836260053957589730950935846294494564796861883182156908264409333705515512860570841003778883885789442593311
25671.615921090748509430221089276404048340828453098856958504162829640968481027540227225297248471380923822829609421906158210232
18038.7289740713162032564311091010764970782000743063239106173095932616792889534994419650827210876863534481942484806039813016
29559.80597026983193184889485809697778203526585123107907473011315253821283799986227810209755359197472949657853945381788057389
10956.461563844414819688395579702113284402574570502967790060812920133238507320066687971645633948942115124166257308627243902789
24410.661134020930077198448277223716488045100049124811056024266064658480871310422973798614913085688838090008458364218562133706
29807.765515046578210862543254783666135826840841980139573252172258861290034773910822414370222325571655380393768665627404419123
30902.916965878803590543636310891009974539691616337652641553498311327500095091553936918223207947216828096677812908211660581152
21887.376087598988392359532559664983991105027305401764660347163271780229177610373439291893128749347077054972176910085420783322
31093.165326161310590587987325027806252867777848438779179780990853564754422215351175196863390161029824340732491376636188452863
20670.441214449197141259391743728755563165328972216924015332716239803643956902447863218661412171940957110232684691601318313025
30425.971044487635218295092581990401394086312860369076476694235368785381377137142990380580044339583468163335823903742841116106
31400.267037081070021235715067012231548049796962137040505021666497929078318232938152161774154864878999210296068394019701054173
8451.785136880847138423048306817008934858351426867038098119667043062694795217983197074091428752147808045357796083528487040886
28865.045452934939038722111778954169747475213405028753086023006755356932999959435491118419215622415979915121459024867857993328
30445.573060791613222460614582795859542408846383607278555202716095124648168052424008837056219875776828648147121357897616755033
29485.482631288231975912216200617729336090407997470112708786804487705678469059960440631348688286588902604794597757545960366893
15130.670738602436457421940309318259077326027732884621624547151169605744682250873052484335540443493719826413013422792312689868
29464.363339464845799714361144955875335977958745976065488585789870121186460428344703013010933336236434792829908251113191805121
23468.837274138657251060131368797193861748274442096640792536922827313864893660648042663771709409768511188990332776317078799446
22288.70189131704457684469917737779854355287221149430632459538106001014901397958079439526129962600102200913670876400347922336
11334.192781137966862722844538530282819709865906678245451704188935620336346672939185133850183380879785393932433008064902722822
18719.395636611776040984406973182407212183009398821072305402466066912237274984917102726368375944655647623685941383778367351688
11631.631183974154877914814223259522576107486154485502558257272759198012748889029302656511291735173262112174396883177747856315
27832.901573497506981047528723709775285801289571771369558514346035173311093747450348503209608342171482720390215010086181443566
11836.030373398000029314456541090260504604181212118688764493988160437756903227075872539541924140638173953064150702197636433527
22563.043234457536269147377120219161188075756559529188043467024265209488851958953792592083010598686277621791476455087308107642
16550.897105595213022280634903932222603755498613269244731756511772660545312647948783338409940769204857129110099200935952356038
27256.846222554802387432499238739315932050615098282449598916338360342811396718903144261874073488683312486666159502858309608131
17109.458962807678449000965420563349398220249858172105136449046592737738572780529645259035915829808135297009414117657040924924
28532.117078828903473689035712558880207189283333301730873508987141928894382937415801635007670763971690979074197080291303206651
30417.671048257458594894028703941344438214991624651747017422696542543931509338210592397987974302062841973567490500743786503088
5109.076726767763075810435564343695410418410919917985933896203690354653757264498643317664184855273632824392545825967477509988
26230.836738464901665154496194358811015885729333620569966458401474681371109647356914547784890142222093516151579676491883022822
24628.39944048333807598351962380517061750731574270270648751095845911710431626386292143908875108567856649501947020862593639954
10120.347770704324961132433809096552202974762009340458232817729552364328822905869332509101158040769049878784299216988492831805
20088.279169704905313198933383944548705719185810182398198529592666913408847711316230088911544893644877233046566013306898693902
26570.407128984681780805086386227512603277399181001662630719205387833487927911712710275782158393825024178598678104793557925528
25774.726477695160984588801679361959574715394718136658842104369690875294348584741952545367521191485524807339073947340270790065
28499.2151295434801137239527479126493558950291126567836628421329354126490244274071825132432854409225216639659984728076781089
26536.768492037609061868258950752755232473104202176973648565360755057572793592926373176797275969424861674932538935855656081641
24459.200130012428515584492368516393631354603614733163107329762551625786223725813004170140078625783158964874394996119763831036
19360.130733029671357255889032600123852718851239402901294463762561295527393181930638067295290795630474250008344409835347923261
17934.641423792113273977570188780588223595395082928853621627142800839597140264855217294230923781779890012721680292505814161371
29012.451688886963142733993966615501368409975315866721931377829305467706121438117790838548629195718179803001594003142367100215
30155.894581325223885933941702553699255425708173427322163638253450161158899444839795049833922709976904605852394556862241363994
23547.322883928865003624650255428388573896231357427695904669058320193241544438571150484584573160097908395908996863115450492543
24811.282776188739411591888130647613635588049475151521268102959167023826496676036403027537053364014365977224025137409067332624
29287.514558255024450885924891760327511549199090205263939812715048249323447433474769717085267441119159351243987506329879081116
17305.177231106302656999026135692367454833115908856366652659525894203460023930872151855435682277404970371389872878032122895949
25787.110055219448727500144107482046566527186663511386700894766415394250236560797319733229428825552628730126331521919010065194
27977.284535851580747850352629476351610752046293232312315998890911386712542793693469151417379248293062602217103110191016571044
24860.625394386199953933686017464103115595287482250453866971140604529961262291866815992672709981813491807606203926269575070776
22324.674420918214143414972203362433378293121846673464272576183866819561109397209167809257145265401141255424806228232698622527
25504.020016460150198460153643310587206050063712979866445289820016466362110419675789748838688608712688583887386921110488513796
28399.446526296951761163203093959164153089976318284004295084206981834194967453424175138484700539594865345962646718386853643808
26333.845142705612865024231304198657764231239398080254599118616481404314834196095150624270162313572309531511668921034204951455
13149.963726185711421937557033979073451476963746347068803212096273717392806402109741671467569202449707672523182141405748145892
22146.426732093825523780465298474935061157507324528965242452550032094452622673196321000487129046303541085250632059251658782425
12080.290642198969874915382478298329548188382990611715832339031319930005395485691875503610808663616156688178941757186224151252
5100.652801357881093000111567804891793396945174274896413201833471091892604742283907831896473857611140231886969080424436070965
20807.574293992079844787695781737368646358065940755700591495352230383578362694738033580403987155825308727745664430358974609974
25339.079857011382803840063497373126784484921612065339014289173737735208302428165009005821012538972643994010298622676253108322
12833.2836016352416616635038248496270621380894368206526757425823839559966770305551956677636952157428259466111186848604432738
17041.063992603278760800631783014750799276604608980375195064194588858233636992370136875597880676482861463715955486134680489621
6079.004523768673755304026170232445318014931353337996136372495298203821223644574708890767878595161470629004000444882152078128
18206.621103323922361106079703535407354682895130210326992231621703001350084792698211569172825790784187906755693420133432671746
23970.013558611100627138547153413981276446053697911637936408460187484599519663816792477969471648428780030296276564586537250081
20262.901050935426210826928402833462360901882593502451579267814678892701086214135820326542491326739142238100914606013321043212
17207.783820120474770120208478704740112266750425615739463961785008530592082463782663983068207358059108364487740908994942282344
18947.251199052595027586440185535885595028780989460025168580189000721906239805124019670782973020757914448108329033501944043845
26767.995311565638422430461348026316884925195241740403785953862638015290569421605027987235107439067691470187768052412571593328
29004.583413660676122887976523489013838629476931986305505671224537192300865217520589517397116665832840437132780920792793128925
9874.397348699311887540570282707264454606161885877577830467748740469772581905702285061839075135768577528896484904955841125872
22558.385203733001243060267933524570154282936977737016100109299709049266639009888568928925810259364913737234830789162146790243
18190.814467747176712723759290704971733612794551437352659042287733876190111134560024717818574487442014411847312567356509744402
20841.412548097597696092361682895790807151312998849159397190951757418608601325116100954846296663346164471148100373174796172004
21016.75522053773171365200980354123553743975229856434070803286206120186589391179465760608002296684829805794237267293460858195
27160.409661858931541545540398226952236853610508007466850972748700581749862838432023912018467137546121419109257588086544813618
23573.566128186884911008426489481485134753608234881366869292188997739158408239198336376589941454065615828996585299328553654743
16965.45148235083073646778054528020000964590049128628317664589994875919767462033895744942885220146345301281073652122685513977
