0 0 4058
1 5592 5592
0 0 863
0 0 1520
0 0 11532
0 0 7259
-1
0 0 14810
0 0 7409
-1
-1
0 0 13314
-1
-1
-1
0 0 8020
-1
0 0 14234
-1
0 0 1305
1 29265 29265
0 0 15957
-1
0 0 3891
1 25483 25483
-1
0 0 11476
0 0 12893
0 0 9343
0 0 6583
1 18619 18619
-1
1 20663 20663
-1
0 0 10377
0 0 8856
1 27928 27928
0 0 15891
1 23912 23912
-1
1 15701 15701
1 2590 2590
1 18316 18316
1 25699 25699
1 17911 17911
1 8431 8431
0 0 7281
0 0 8964
-1
1 6881 6881
-1
1 30307 30307
0 0 2075
-1
1 22419 22419
1 29914 29914
0 0 6404
-1
1 10777 10777
0 0 7489
1 28076 28076
1 13185 13185
0 0 8082
-1
1 463 463
1 28480 28480
0 0 12991
1 2898 2898
-1
-1
0 0 1855
-1
-1
0 0 9039
0 0 12108
1 28323 28323
1 17378 17378
-1
1 3531 3531
1 20305 20305
1 21206 21206
-1
0 0 3096
-1
0 0 1354
0 0 5634
-1
1 15431 15431
1 15175 15175
-1
1 22096 22096
1 15436 15436
0 0 4146
0 0 8700
0 0 13710
-1
-1
1 16440 16440
0 0 5920
-1
1 4455 4455
-1
-1
-1
1 18788 18788
1 2587 2587
-1
0 0 2434
0 0 6012
0 0 12534
-1
0 0 10081
0 0 2785
1 30433 30433
0 0 15227
0 0 14829
-1
0 0 14265
1 24208 24208
-1
0 0 12997
-1
0 0 7239
-1
-1
1 25876 25876
-1
0 0 13647
0 0 16027
0 0 14895
-1
0 0 14213
1 7992 7992
1 29876 29876
0 0 5541
1 31754 31754
1 7809 7809
0 0 1643
-1
-1
0 0 6845
-1
1 17898 17898
1 30878 30878
0 0 3120
-1
1 16756 16756
-1
0 0 9955
0 0 4826
1 10797 10797
0 0 14214
-1
1 11006 11006
0 0 13706
1 13537 13537
-1
1 22293 22293
1 11452 11452
-1
-1
0 0 6648
-1
1 17695 17695
1 15652 15652
0 0 12604
-1
1 29822 29822
-1
0 0 9095
0 0 2322
0 0 3477
1 17831 17831
-1
-1
1 16674 16674
0 0 14458
1 20503 20503
-1
0 0 3978
1 21272 21272
0 0 16261
0 0 10692
0 0 4467
-1
-1
1 18464 18464
0 0 8726
1 23377 23377
0 0 3358
1 1762 1762
1 10424 10424
0 0 8694
0 0 13208
1 10516 10516
1 6406 6406
1 18795 18795
0 0 8633
0 0 15689
1 17611 17611
-1
-1
-1
0 0 11192
0 0 1759
0 0 2792
0 0 1379
0 0 11848
1 30137 30137
1 2117 2117
-1
1 29820 29820
1 11749 11749
1 27576 27576
0 0 9842
-1
0 0 13427
0 0 3708
-1
-1
0 0 10843
1 28360 28360
1 8087 8087
0 0 6809
-1
-1
0 0 13530
0 0 4991
-1
-1
-1
-1
0 0 12949
-1
-1
0 0 12139
-1
-1
-1
-1
-1
0 0 13376
-1
0 0 11530
-1
-1
-1
1 21699 21699
0 0 2779
0 0 2560
1 10960 10960
1 9738 9738
1 9064 9064
0 0 10876
1 31004 31004
0 0 7547
-1
1 2488 2488
1 12779 12779
-1
1 26123 26123
0 0 12291
1 3673 3673
-1
-1
1 13605 13605
-1
1 32158 32158
-1
1 4676 4676
-1
0 0 3731
0 0 3695
1 30986 30986
0 0 5833
-1
0 0 3704
-1
1 14490 14490
-1
0 0 4452
1 16232 16232
0 0 4729
1 4378 4378
1 5540 5540
-1
-1
0 0 1825
0 0 5190
-1
-1
-1
-1
1 31777 31777
0 0 965
1 28491 28491
0 0 11376
-1
0 0 11161
1 16391 16391
-1
1 32613 32613
1 31059 31059
0 0 13672
1 11198 11198
1 544 544
-1
1 1754 1754
0 0 14039
0 0 9246
-1
0 0 14402
0 0 15152
1 14187 14187
1 12956 12956
-1
1 14763 14763
-1
0 0 7113
0 0 8620
1 31549 31549
1 7668 7668
0 0 8463
0 0 9191
1 26392 26392
-1
0 0 15437
0 0 1215
0 0 15624
0 0 3486
0 0 10811
1 29265 29265
1 14927 14927
0 0 15205
1 694 694
-1
0 0 8168
-1
-1
0 0 9027
0 0 1652
-1
0 0 16293
-1
0 0 7004
0 0 10790
1 28173 28173
1 14526 14526
0 0 11998
1 13292 13292
1 24837 24837
0 0 5948
-1
-1
1 7836 7836
1 6283 6283
1 24807 24807
-1
1 29643 29643
1 12489 12489
-1
-1
1 17572 17572
0 0 4190
1 4031 4031
0 0 11355
-1
-1
-1
-1
-1
1 1892 1892
1 14557 14557
-1
0 0 15665
0 0 3094
-1
-1
-1
-1
-1
-1
-1
0 0 12784
-1
1 26085 26085
0 0 5592
0 0 2124
0 0 8009
0 0 1366
1 19291 19291
0 0 9399
-1
-1
-1
1 6025 6025
0 0 14669
1 17767 17767
1 22985 22985
-1
1 4241 4241
-1
0 0 1171
0 0 13017
1 28622 28622
1 7106 7106
-1
1 13078 13078
0 0 11099
1 7589 7589
-1
0 0 1204
-1
-1
0 0 10700
1 14291 14291
-1
0 0 5361
0 0 10701
0 0 13852
1 7768 7768
0 0 11406
0 0 2245
0 0 15318
1 1524 1524
1 17514 17514
1 9907 9907
0 0 12667
0 0 10384
0 0 3727
1 11258 11258
-1
0 0 7390
0 0 8318
1 27221 27221
1 15795 15795
1 28665 28665
1 22211 22211
0 0 11688
0 0 14044
0 0 8557
-1
0 0 15557
1 22462 22462
-1
0 0 7511
0 0 12444
1 16014 16014
0 0 7137
1 9100 9100
-1
0 0 5076
-1
0 0 3680
-1
0 0 4066
1 11313 11313
-1
-1
1 20294 20294
0 0 11465
0 0 12
1 1433 1433
0 0 12133
1 16669 16669
-1
-1
-1
0 0 7120
0 0 5005
0 0 13011
0 0 9770
1 13504 13504
0 0 11961
-1
1 25878 25878
1 19320 19320
-1
0 0 8115
-1
0 0 14666
-1
0 0 11899
-1
0 0 3738
1 26073 26073
0 0 14690
0 0 13050
-1
0 0 2066
-1
1 26806 26806
1 31280 31280
1 20121 20121
0 0 9332
-1
-1
1 27196 27196
0 0 14028
0 0 1507
0 0 641
0 0 7811
1 1083 1083
-1
-1
1 7783 7783
-1
1 23983 23983
0 0 8897
-1
1 28774 28774
1 30048 30048
-1
-1
0 0 10612
0 0 14207
-1
0 0 596
-1
0 0 5951
-1
0 0 5791
0 0 5096
0 0 15812
1 24889 24889
-1
1 6183 6183
0 0 13051
1 886 886
0 0 4887
-1
1 31323 31323
1 22111 22111
1 2247 2247
-1
-1
1 727 727
1 21943 21943
0 0 10501
-1
0 0 10892
1 28672 28672
1 13940 13940
-1
-1
1 9497 9497
0 0 1624
-1
0 0 10176
0 0 1205
1 10621 10621
0 0 3793
-1
0 0 4715
1 4264 4264
0 0 2557
0 0 15990
1 28458 28458
1 21908 21908
1 2538 2538
-1
1 7343 7343
-1
-1
0 0 13563
-1
1 1826 1826
1 10881 10881
-1
-1
-1
1 421 421
0 0 1085
1 5222 5222
-1
-1
0 0 1214
1 2040 2040
-1
1 18585 18585
0 0 8135
0 0 8754
1 27272 27272
1 6046 6046
-1
1 12074 12074
1 1063 1063
0 0 16167
-1
-1
0 0 4536
0 0 14819
-1
-1
0 0 14142
-1
1 15883 15883
0 0 8548
1 4085 4085
-1
1 29435 29435
-1
-1
0 0 8896
1 11751 11751
0 0 9880
0 0 9566
-1
-1
-1
0 0 6755
-1
-1
-1
1 18354 18354
0 0 8282
1 26035 26035
-1
0 0 7751
1 18116 18116
-1
-1
0 0 12798
1 6093 6093
1 13757 13757
1 6743 6743
1 22199 22199
0 0 15263
1 4314 4314
-1
-1
0 0 10974
-1
-1
0 0 7718
1 9631 9631
-1
-1
1 23929 23929
1 32627 32627
0 0 11174
0 0 6494
0 0 7114
0 0 2876
0 0 12894
-1
0 0 2461
-1
-1
0 0 3717
-1
1 14747 14747
1 6795 6795
1 19627 19627
0 0 7356
-1
-1
0 0 14591
1 20137 20137
-1
1 24740 24740
0 0 11152
1 11160 11160
-1
1 14125 14125
1 30620 30620
-1
-1
0 0 9201
-1
1 3652 3652
1 8367 8367
0 0 9896
-1
0 0 5021
-1
0 0 2862
0 0 3719
0 0 12210
-1
-1
0 0 6283
0 0 4744
0 0 12681
-1
0 0 709
1 1571 1571
1 8021 8021
1 3927 3927
1 9524 9524
-1
1 22689 22689
-1
-1
-1
1 14045 14045
0 0 53
0 0 13631
-1
1 11167 11167
0 0 3192
-1
-1
-1
1 105 105
0 0 11676
0 0 5883
1 15005 15005
-1
1 21341 21341
1 32364 32364
0 0 134
0 0 9607
-1
-1
0 0 1974
1 12343 12343
0 0 9688
-1
-1
0 0 5288
-1
-1
1 28445 28445
-1
0 0 9190
-1
0 0 10017
1 363 363
-1
1 15630 15630
-1
0 0 2693
-1
1 4871 4871
1 13763 13763
-1
1 19257 19257
0 0 6917
1 27561 27561
-1
1 4384 4384
0 0 329
-1
1 10824 10824
-1
0 0 3608
0 0 9587
0 0 2455
1 32603 32603
0 0 9986
-1
-1
0 0 16291
0 0 7588
0 0 11492
-1
-1
1 24519 24519
0 0 14321
-1
0 0 8206
1 24669 24669
0 0 15058
0 0 9527
-1
-1
1 4634 4634
-1
-1
0 0 13530
1 5894 5894
1 21087 21087
-1
1 15898 15898
1 17755 17755
1 4774 4774
0 0 8788
-1
-1
0 0 5960
0 0 8293
-1
1 6422 6422
1 9950 9950
0 0 15185
1 22680 22680
0 0 6771
-1
0 0 2918
0 0 9450
0 0 4093
1 950 950
1 4950 4950
-1
-1
-1
0 0 11808
-1
-1
1 26277 26277
0 0 13825
0 0 6556
1 30965 30965
1 748 748
0 0 4611
1 17215 17215
1 584 584
-1
-1
0 0 14838
-1
1 28831 28831
0 0 14368
1 19877 19877
0 0 4521
1 30450 30450
1 27277 27277
-1
-1
1 1296 1296
1 16973 16973
1 32418 32418
-1
0 0 2240
0 0 7063
-1
1 26029 26029
0 0 11533
0 0 5480
1 21471 21471
1 5029 5029
0 0 5701
1 11595 11595
1 15569 15569
1 3508 3508
0 0 16234
-1
-1
0 0 13831
1 22474 22474
0 0 308
-1
-1
1 1944 1944
0 0 5885
-1
-1
0 0 6172
1 25413 25413
1 9819 9819
0 0 14011
-1
0 0 8977
0 0 14391
1 31896 31896
0 0 14343
0 0 497
0 0 4475
0 0 12618
1 4320 4320
0 0 2018
0 0 5154
0 0 4268
1 32451 32451
1 12162 12162
1 28866 28866
1 4485 4485
-1
-1
1 13161 13161
0 0 4983
1 274 274
0 0 11346
0 0 16163
1 1308 1308
-1
0 0 11549
0 0 2945
1 25546 25546
1 26866 26866
-1
0 0 5543
1 17256 17256
1 10151 10151
1 21134 21134
-1
1 29084 29084
-1
0 0 2266
1 22754 22754
-1
0 0 7417
-1
1 27259 27259
1 15701 15701
0 0 2503
0 0 11634
-1
-1
0 0 2267
1 28303 28303
0 0 374
1 5927 5927
0 0 9790
0 0 6670
-1
-1
0 0 5797
0 0 2719
1 25847 25847
0 0 8513
0 0 15280
0 0 8718
-1
1 31435 31435
-1
0 0 11239
-1
-1
0 0 15417
1 14564 14564
1 21782 21782
0 0 8626
0 0 4551
0 0 12015
0 0 11872
-1
0 0 12439
0 0 11226
-1
-1
0 0 4760
0 0 5929
0 0 12935
-1
0 0 37
1 3346 3346
0 0 1695
-1
1 22662 22662
1 16200 16200
0 0 7694
1 9702 9702
0 0 14560
-1
1 25758 25758
0 0 14320
1 17963 17963
-1
0 0 13608
0 0 16168
-1
1 4528 4528
-1
-1
1 23543 23543
0 0 961
-1
0 0 6293
-1
-1
-1
0 0 10480
0 0 16002
-1
1 11281 11281
1 26789 26789
0 0 4445
0 0 3554
1 16405 16405
0 0 3056
-1
0 0 15436
-1
0 0 8472
1 11860 11860
0 0 11667
0 0 14012
1 16101 16101
0 0 3011
-1
1 18073 18073
-1
-1
0 0 14893
0 0 9385
1 16188 16188
-1
1 18573 18573
-1
0 0 14529
1 16357 16357
-1
0 0 14967
0 0 13883
-1
-1
0 0 13593
0 0 10549
-1
1 22646 22646
0 0 14697
0 0 691
-1
0 0 4278
0 0 10105
-1
-1
0 0 5072
0 0 7012
0 0 8718
0 0 10573
-1
1 23330 23330
-1
0 0 8065
1 31009 31009
1 13788 13788
1 28136 28136
1 12842 12842
0 0 4254
-1
-1
1 32126 32126
1 2359 2359
1 30291 30291
0 0 12718
0 0 6496
0 0 8941
1 29106 29106
1 648 648
0 0 1603
0 0 15793
1 8119 8119
-1
-1
0 0 11523
0 0 1938
0 0 6978
0 0 907
1 27240 27240
1 2770 2770
-1
0 0 15062
0 0 5393
-1
1 10188 10188
0 0 4786
0 0 15394
1 20908 20908
-1
-1
0 0 10472
-1
1 25679 25679
1 19690 19690
1 24124 24124
1 24463 24463
0 0 14699
1 3368 3368
0 0 9720
-1
-1
0 0 4145
0 0 15975
1 259 259
0 0 4713
0 0 3984
-1
-1
-1
-1
1 27580 27580
-1
-1
0 0 8060
1 24397 24397
-1
1 22888 22888
0 0 13348
-1
-1
1 18950 18950
0 0 5956
1 23179 23179
-1
0 0 16289
-1
0 0 1783
-1
0 0 2960
-1
1 3134 3134
-1
-1
1 15328 15328
1 5366 5366
-1
1 12090 12090
0 0 12090
1 15241 15241
0 0 13355
1 16765 16765
-1
-1
1 15369 15369
0 0 14771
1 11457 11457
0 0 14182
0 0 4188
0 0 510
-1
-1
0 0 8209
0 0 2043
0 0 853
0 0 15829
0 0 15566
0 0 6944
-1
0 0 8263
1 21133 21133
0 0 1597
1 6215 6215
1 5889 5889
-1
0 0 12732
1 9537 9537
0 0 7694
0 0 1256
-1
-1
1 25843 25843
1 1495 1495
-1
0 0 1148
0 0 1414
1 28087 28087
0 0 13809
-1
-1
-1
-1
-1
1 1634 1634
0 0 932
-1
0 0 8586
-1
-1
-1
-1
0 0 12078
-1
-1
1 17792 17792
1 15480 15480
-1
0 0 3006
-1
-1
-1
0 0 15191
-1
-1
1 23622 23622
1 1306 1306
-1
0 0 15556
0 0 10638
0 0 5096
0 0 5985
-1
0 0 13857
-1
0 0 3396
-1
1 26295 26295
1 10460 10460
-1
1 18455 18455
0 0 8070
1 2391 2391
0 0 7405
-1
-1
1 7013 7013
1 19155 19155
-1
0 0 4420
-1
1 15021 15021
1 22622 22622
0 0 12190
1 3130 3130
1 21616 21616
0 0 9515
0 0 9970
0 0 13155
-1
-1
0 0 15165
0 0 439
-1
1 24011 24011
1 29063 29063
1 17428 17428
-1
1 12337 12337
-1
-1
1 25039 25039
-1
0 0 9101
1 3568 3568
1 4135 4135
-1
1 2585 2585
0 0 14009
0 0 833
1 22663 22663
1 8581 8581
0 0 11079
0 0 6556
0 0 16126
-1
1 26791 26791
-1
-1
0 0 15993
1 9052 9052
-1
0 0 16052
-1
-1
1 28080 28080
1 14624 14624
1 3787 3787
0 0 16007
1 7471 7471
1 19141 19141
1 5991 5991
-1
-1
-1
1 21943 21943
0 0 16329
0 0 16099
1 3412 3412
0 0 3280
-1
0 0 2918
-1
1 10656 10656
-1
0 0 2387
1 5014 5014
-1
0 0 3099
0 0 2765
-1
-1
-1
1 18889 18889
0 0 12710
0 0 12301
-1
0 0 7120
-1
1 30286 30286
0 0 544
0 0 14131
-1
1 23851 23851
0 0 9022
1 31925 31925
1 22515 22515
0 0 13970
-1
1 14585 14585
1 27222 27222
1 30912 30912
0 0 10754
0 0 11513
0 0 12597
1 3355 3355
-1
0 0 12188
1 20846 20846
0 0 305
1 26405 26405
1 18866 18866
1 29842 29842
0 0 11822
1 15940 15940
-1
0 0 190
0 0 15726
-1
-1
0 0 8548
1 6736 6736
-1
1 26594 26594
0 0 578
1 9269 9269
1 9654 9654
1 17497 17497
0 0 10328
0 0 10192
-1
0 0 7167
1 31686 31686
1 4534 4534
1 8455 8455
1 28211 28211
1 300 300
-1
1 28294 28294
0 0 12182
0 0 6113
0 0 7156
0 0 12507
-1
0 0 4909
0 0 2203
1 17685 17685
0 0 15026
0 0 4125
1 31894 31894
1 9171 9171
0 0 3033
-1
1 11537 11537
-1
-1
0 0 2584
0 0 9059
-1
-1
-1
0 0 16309
0 0 13976
0 0 6284
0 0 5361
-1
-1
1 12752 12752
0 0 11793
0 0 14230
1 26592 26592
0 0 3170
-1
1 28182 28182
-1
1 32 32
0 0 13620
1 3202 3202
0 0 15336
0 0 2544
-1
1 12167 12167
0 0 8915
0 0 13610
-1
1 8402 8402
1 22963 22963
-1
0 0 10332
0 0 12176
0 0 9941
1 3907 3907
1 4318 4318
1 16069 16069
-1
-1
0 0 3702
-1
-1
0 0 8579
0 0 456
1 21062 21062
0 0 15146
-1
1 28388 28388
-1
0 0 9566
-1
1 8444 8444
0 0 6206
-1
1 5582 5582
0 0 8239
0 0 3832
0 0 14422
1 4529 4529
-1
0 0 5096
-1
0 0 563
0 0 10543
0 0 9152
-1
0 0 14212
1 6348 6348
1 4079 4079
-1
0 0 5442
-1
1 7717 7717
1 502 502
0 0 13
-1
-1
-1
1 4574 4574
1 49 49
-1
0 0 2264
-1
0 0 13610
-1
0 0 14592
0 0 10423
1 4677 4677
0 0 2311
0 0 8338
1 3081 3081
-1
1 13392 13392
1 4701 4701
1 7535 7535
1 29026 29026
1 6695 6695
-1
0 0 14765
1 31648 31648
1 13608 13608
1 2339 2339
0 0 11179
-1
1 17656 17656
-1
1 1863 1863
-1
0 0 3050
-1
1 7648 7648
1 4859 4859
1 6922 6922
-1
0 0 9621
-1
1 15230 15230
0 0 12540
1 23812 23812
-1
-1
-1
0 0 3022
0 0 1377
0 0 15431
1 2087 2087
0 0 12029
-1
1 12630 12630
1 10529 10529
-1
1 14744 14744
0 0 6232
1 11527 11527
0 0 11166
1 26139 26139
1 30946 30946
0 0 1707
-1
0 0 5002
1 24266 24266
0 0 9571
1 31877 31877
1 24450 24450
0 0 3370
1 445 445
0 0 14978
1 30295 30295
1 9989 9989
1 20184 20184
-1
-1
0 0 14906
1 870 870
1 12971 12971
1 2498 2498
1 26316 26316
1 10731 10731
-1
1 10368 10368
0 0 5030
1 23201 23201
1 25246 25246
1 4854 4854
-1
0 0 12281
-1
1 32602 32602
-1
1 11009 11009
-1
1 8917 8917
1 16607 16607
-1
1 29710 29710
1 24070 24070
1 15750 15750
0 0 426
0 0 16261
0 0 7359
1 17468 17468
0 0 5744
-1
1 12870 12870
1 14138 14138
0 0 14040
-1
0 0 11051
0 0 6308
1 15337 15337
-1
1 12571 12571
0 0 11044
0 0 16305
1 10769 10769
-1
-1
-1
-1
0 0 13155
-1
-1
1 18420 18420
0 0 15910
-1
-1
0 0 1372
0 0 9060
1 32479 32479
0 0 807
0 0 3005
1 4205 4205
0 0 6833
0 0 6185
-1
1 15329 15329
-1
0 0 14134
-1
-1
-1
1 16991 16991
0 0 9624
1 14356 14356
-1
-1
-1
1 22754 22754
0 0 16338
0 0 499
-1
0 0 8784
1 18862 18862
-1
1 9743 9743
1 17335 17335
1 24423 24423
-1
1 1736 1736
-1
0 0 3151
0 0 2933
0 0 5707
1 23392 23392
-1
-1
1 10198 10198
0 0 1028
-1
-1
1 3899 3899
0 0 11422
1 25600 25600
1 399 399
1 10312 10312
-1
1 2138 2138
1 5032 5032
1 24536 24536
0 0 760
-1
0 0 11960
-1
1 295 295
1 22645 22645
0 0 15219
1 9605 9605
1 18776 18776
0 0 45
-1
0 0 14141
1 30723 30723
1 1286 1286
0 0 179
1 27805 27805
0 0 7500
0 0 11838
0 0 7225
-1
1 7935 7935
0 0 107
1 25656 25656
0 0 11099
1 12305 12305
-1
0 0 16092
0 0 13842
0 0 12558
0 0 16374
-1
1 10924 10924
1 20322 20322
-1
-1
1 8093 8093
0 0 8781
-1
-1
1 25751 25751
-1
0 0 694
0 0 12223
-1
1 28924 28924
-1
0 0 10497
1 17871 17871
1 3670 3670
-1
0 0 13008
0 0 1977
-1
0 0 7676
0 0 10467
0 0 12919
1 5498 5498
1 8885 8885
-1
1 32003 32003
0 0 15062
-1
-1
0 0 7910
0 0 6845
-1
-1
1 1335 1335
0 0 15262
0 0 165
-1
-1
1 4154 4154
1 16605 16605
1 19221 19221
0 0 11492
1 13619 13619
-1
0 0 10881
1 26220 26220
-1
1 11860 11860
-1
1 14767 14767
1 3666 3666
0 0 10089
1 18120 18120
0 0 7184
0 0 15580
0 0 13847
1 32246 32246
0 0 146
0 0 13388
1 28520 28520
-1
-1
-1
1 16148 16148
-1
1 14756 14756
-1
-1
-1
1 23179 23179
-1
1 17646 17646
-1
0 0 5361
-1
0 0 8276
1 5794 5794
1 15541 15541
0 0 10800
1 1255 1255
0 0 3004
0 0 13038
-1
-1
1 8059 8059
0 0 1862
0 0 1669
1 32614 32614
0 0 9541
0 0 12133
1 21284 21284
-1
-1
-1
1 6299 6299
-1
-1
-1
0 0 1411
-1
-1
-1
1 21233 21233
-1
-1
-1
0 0 8236
1 15916 15916
1 25379 25379
-1
0 0 9111
1 15592 15592
0 0 8785
1 27199 27199
-1
0 0 12885
0 0 15375
0 0 13115
-1
1 20126 20126
0 0 12940
0 0 7705
1 3467 3467
0 0 15488
0 0 4198
0 0 15287
1 22051 22051
0 0 13267
0 0 2385
0 0 5115
0 0 15959
0 0 2619
-1
-1
-1
0 0 6134
0 0 11833
-1
1 14278 14278
-1
-1
0 0 420
0 0 6080
0 0 7244
-1
0 0 11914
1 5265 5265
0 0 7701
1 11507 11507
-1
1 16882 16882
1 3093 3093
1 4576 4576
1 32671 32671
0 0 6152
1 8504 8504
1 6295 6295
-1
0 0 6312
0 0 7940
1 23587 23587
-1
-1
0 0 12165
-1
-1
0 0 2494
1 31580 31580
-1
-1
0 0 11705
1 5418 5418
-1
-1
1 11672 11672
1 6714 6714
-1
1 5277 5277
0 0 3275
-1
-1
1 21433 21433
-1
0 0 5381
1 21793 21793
1 20302 20302
-1
0 0 14171
0 0 10481
-1
0 0 13617
-1
1 16171 16171
0 0 3660
1 14537 14537
1 1909 1909
0 0 3373
-1
1 5010 5010
1 22633 22633
0 0 6657
-1
-1
-1
1 17518 17518
0 0 1476
0 0 4314
0 0 8708
0 0 10251
0 0 5004
0 0 4500
-1
1 23600 23600
0 0 4810
0 0 6934
-1
0 0 14733
0 0 2240
-1
1 15292 15292
-1
1 15543 15543
-1
-1
1 20478 20478
0 0 1138
0 0 2525
1 14326 14326
-1
-1
-1
1 6486 6486
1 31985 31985
1 15615 15615
0 0 9280
1 21958 21958
1 14068 14068
0 0 4596
1 11288 11288
0 0 11300
0 0 435
0 0 13667
0 0 7364
0 0 6138
0 0 10124
1 29162 29162
-1
0 0 2106
0 0 14343
-1
-1
-1
1 31231 31231
0 0 11379
0 0 7067
1 9349 9349
1 25305 25305
-1
-1
0 0 11623
0 0 15261
-1
1 25757 25757
1 20579 20579
0 0 3964
-1
0 0 8498
1 26446 26446
-1
1 18293 18293
1 11519 11519
0 0 7323
1 6878 6878
1 30185 30185
1 9460 9460
0 0 9192
0 0 1945
-1
-1
0 0 16052
1 4154 4154
1 18031 18031
0 0 14372
0 0 16046
-1
-1
0 0 1468
0 0 8785
0 0 1535
-1
-1
0 0 3359
0 0 2626
1 2493 2493
-1
0 0 10215
-1
1 14977 14977
-1
1 20990 20990
-1
-1
-1
1 2323 2323
0 0 9567
0 0 3935
-1
-1
1 14525 14525
-1
-1
0 0 2541
1 22496 22496
-1
0 0 9104
1 26233 26233
0 0 15760
-1
1 16033 16033
-1
0 0 4054
-1
-1
-1
1 24929 24929
-1
1 30846 30846
-1
1 16212 16212
1 24246 24246
0 0 11025
0 0 10250
1 12366 12366
0 0 5255
-1
0 0 5392
-1
-1
-1
0 0 16247
1 10233 10233
-1
0 0 12881
0 0 775
1 2879 2879
0 0 10293
1 22421 22421
0 0 7182
0 0 2521
1 1077 1077
-1
1 28492 28492
1 12835 12835
1 25562 25562
1 11074 11074
0 0 11250
-1
1 3036 3036
-1
1 12483 12483
-1
1 14735 14735
0 0 4159
-1
1 3289 3289
0 0 462
-1
-1
1 1214 1214
-1
-1
-1
0 0 15507
1 2321 2321
1 23286 23286
-1
1 11927 11927
0 0 1654
1 31207 31207
1 3206 3206
1 14151 14151
0 0 12168
1 671 671
-1
0 0 3025
1 5192 5192
1 1365 1365
-1
0 0 7525
0 0 16090
-1
0 0 15206
0 0 7050
0 0 2214
0 0 4203
-1
1 25221 25221
1 8790 8790
1 5842 5842
-1
-1
0 0 13561
0 0 1302
-1
1 2181 2181
1 24463 24463
-1
1 1712 1712
1 1576 1576
1 24947 24947
0 0 9003
0 0 7931
1 4636 4636
1 11575 11575
1 21494 21494
-1
0 0 12854
-1
0 0 6347
-1
1 32731 32731
0 0 15412
0 0 5118
1 20020 20020
-1
1 27691 27691
0 0 1974
1 17734 17734
1 32147 32147
1 13179 13179
0 0 9738
1 2785 2785
1 21345 21345
0 0 13322
-1
-1
-1
-1
0 0 5709
0 0 7376
-1
-1
0 0 2705
1 26287 26287
0 0 2105
1 15593 15593
0 0 665
0 0 11662
1 27840 27840
0 0 2830
1 22595 22595
0 0 9606
-1
0 0 3355
-1
1 18748 18748
1 10297 10297
0 0 2103
-1
-1
-1
1 9547 9547
1 31067 31067
-1
-1
-1
0 0 14539
1 27075 27075
0 0 2411
1 23229 23229
0 0 5174
-1
1 8950 8950
1 11145 11145
1 32395 32395
1 24815 24815
0 0 12100
0 0 3635
0 0 2890
0 0 13994
0 0 8814
1 5124 5124
0 0 12495
0 0 5796
-1
-1
0 0 15833
1 14883 14883
0 0 6265
0 0 554
0 0 11303
-1
1 29906 29906
-1
1 16103 16103
-1
-1
0 0 12473
0 0 2992
0 0 7793
1 1608 1608
0 0 7670
-1
0 0 16383
-1
0 0 5836
0 0 11625
1 18166 18166
1 26786 26786
1 6639 6639
0 0 9261
0 0 8846
-1
1 6206 6206
1 30182 30182
-1
0 0 8632
0 0 1555
0 0 11406
1 13097 13097
1 13507 13507
1 3613 3613
-1
-1
1 10627 10627
0 0 4598
0 0 15996
1 5963 5963
-1
-1
-1
0 0 8380
0 0 5238
-1
0 0 15272
-1
1 938 938
0 0 12373
1 16950 16950
0 0 14722
-1
0 0 8673
1 6856 6856
0 0 12890
-1
-1
1 32091 32091
-1
-1
-1
1 22844 22844
0 0 839
-1
-1
-1
0 0 16257
0 0 10827
0 0 9886
-1
1 12194 12194
0 0 6987
1 158 158
0 0 6189
-1
0 0 2944
1 31934 31934
1 27364 27364
0 0 5548
0 0 4108
0 0 13696
1 3320 3320
0 0 16301
0 0 4331
-1
-1
1 3676 3676
0 0 6964
1 19629 19629
0 0 4127
0 0 11139
0 0 6997
0 0 8897
-1
1 18067 18067
-1
-1
-1
1 18771 18771
1 585 585
1 4154 4154
1 9132 9132
1 11049 11049
0 0 6325
1 7681 7681
1 29708 29708
-1
-1
0 0 3183
0 0 2245
-1
0 0 9505
1 13019 13019
-1
-1
1 26996 26996
0 0 2726
1 25232 25232
1 17490 17490
0 0 3092
0 0 5296
1 18126 18126
0 0 9231
0 0 880
-1
-1
-1
-1
1 11597 11597
1 32756 32756
1 29515 29515
0 0 16239
1 6946 6946
1 3277 3277
0 0 5647
1 3881 3881
0 0 15307
-1
-1
1 1663 1663
0 0 3390
1 23432 23432
1 19889 19889
0 0 818
0 0 12091
-1
-1
0 0 3849
1 6530 6530
-1
0 0 9323
1 28403 28403
0 0 12980
-1
-1
0 0 4244
0 0 7206
1 3162 3162
0 0 2749
1 10247 10247
0 0 9873
-1
0 0 7061
0 0 11082
1 23605 23605
0 0 14266
-1
1 17424 17424
1 9119 9119
-1
0 0 10173
1 103 103
-1
1 31001 31001
-1
0 0 3167
1 21527 21527
0 0 14837
-1
-1
1 771 771
1 28653 28653
-1
-1
-1
1 32757 32757
0 0 3658
-1
1 15066 15066
1 14798 14798
1 2269 2269
1 29463 29463
1 8732 8732
0 0 12635
0 0 1945
1 21933 21933
-1
0 0 13807
-1
-1
1 30812 30812
0 0 8055
-1
-1
1 1831 1831
0 0 11584
-1
-1
1 14842 14842
1 16033 16033
1 16504 16504
0 0 8104
-1
1 10579 10579
1 1680 1680
1 3236 3236
1 5233 5233
0 0 4486
1 5235 5235
1 25837 25837
-1
0 0 11676
-1
0 0 10592
1 29305 29305
-1
0 0 6864
1 2149 2149
1 31197 31197
0 0 12584
1 26139 26139
0 0 8749
-1
1 29526 29526
0 0 5347
0 0 742
1 11958 11958
0 0 6142
-1
-1
-1
0 0 13050
-1
0 0 8761
0 0 16243
1 17631 17631
1 1091 1091
0 0 7685
0 0 6649
-1
1 14441 14441
-1
-1
0 0 8299
-1
-1
-1
1 10093 10093
0 0 4698
-1
1 29426 29426
-1
-1
0 0 7198
0 0 6775
-1
0 0 5072
1 2505 2505
-1
-1
1 16216 16216
-1
-1
-1
1 27955 27955
0 0 13258
-1
-1
0 0 11458
-1
-1
-1
-1
1 25589 25589
-1
1 31467 31467
-1
1 8414 8414
0 0 12078
0 0 10642
1 5810 5810
1 31163 31163
0 0 11673
1 32322 32322
0 0 6296
-1
1 2372 2372
0 0 11109
0 0 5240
1 7926 7926
1 22404 22404
-1
1 21055 21055
-1
-1
1 27507 27507
-1
0 0 10876
-1
1 25446 25446
1 2199 2199
0 0 153
-1
-1
0 0 14029
0 0 7210
0 0 5968
1 22965 22965
1 25887 25887
-1
-1
-1
0 0 747
-1
0 0 12398
-1
0 0 4352
-1
1 24398 24398
0 0 11052
-1
0 0 12490
-1
-1
1 12966 12966
0 0 11089
1 28967 28967
1 14879 14879
-1
1 30942 30942
1 29871 29871
1 9953 9953
-1
-1
-1
0 0 14424
0 0 2474
1 67 67
1 23863 23863
1 28020 28020
-1
1 13409 13409
1 17101 17101
-1
1 11361 11361
-1
0 0 14618
0 0 8868
-1
0 0 2798
0 0 9893
1 32627 32627
1 7927 7927
-1
1 11328 11328
-1
1 4813 4813
0 0 971
-1
0 0 9011
0 0 784
1 32645 32645
-1
1 19842 19842
1 15656 15656
0 0 8255
1 17336 17336
1 23977 23977
-1
0 0 7170
-1
-1
-1
-1
1 23002 23002
1 24251 24251
1 1171 1171
-1
1 15734 15734
0 0 202
-1
-1
-1
1 23131 23131
1 26669 26669
0 0 4115
0 0 3419
1 16746 16746
0 0 12921
0 0 13889
0 0 6248
0 0 13382
-1
-1
-1
1 6024 6024
1 1831 1831
-1
0 0 3500
1 14481 14481
0 0 9256
1 7126 7126
-1
0 0 6760
1 3065 3065
1 12105 12105
0 0 10469
-1
1 18605 18605
0 0 4474
-1
-1
-1
0 0 5514
-1
1 12113 12113
0 0 12013
0 0 2637
1 7913 7913
1 17573 17573
1 23383 23383
1 18855 18855
0 0 11205
0 0 7272
1 27876 27876
-1
1 15262 15262
-1
-1
1 7153 7153
0 0 7495
1 27045 27045
-1
0 0 5116
0 0 8718
0 0 9335
-1
1 5667 5667
-1
0 0 10920
1 29422 29422
1 5654 5654
0 0 15710
-1
0 0 1999
1 8111 8111
-1
0 0 842
-1
1 10109 10109
1 14102 14102
0 0 1755
-1
-1
1 8329 8329
1 3952 3952
1 31761 31761
0 0 12096
-1
-1
0 0 746
-1
-1
-1
0 0 12757
1 6318 6318
0 0 13519
-1
-1
-1
-1
-1
1 15766 15766
1 7897 7897
1 2367 2367
1 23702 23702
1 8412 8412
1 13811 13811
0 0 14558
0 0 5170
0 0 7117
-1
0 0 4287
0 0 9838
-1
1 15773 15773
1 29193 29193
0 0 599
1 197 197
0 0 5461
1 25653 25653
1 3193 3193
1 32513 32513
1 13704 13704
0 0 13400
-1
0 0 11437
1 27188 27188
-1
0 0 4518
-1
0 0 13809
-1
0 0 6894
1 8933 8933
0 0 1214
1 2734 2734
-1
1 21129 21129
-1
1 25914 25914
1 7426 7426
-1
0 0 11468
0 0 11825
-1
1 20097 20097
1 7407 7407
1 29261 29261
0 0 14436
-1
-1
-1
0 0 13130
0 0 12510
1 13377 13377
1 9247 9247
-1
-1
1 22731 22731
0 0 1915
-1
1 16422 16422
1 25417 25417
1 14188 14188
0 0 2366
1 23836 23836
-1
1 27976 27976
0 0 6254
0 0 882
-1
1 13866 13866
1 11436 11436
1 32313 32313
0 0 14504
-1
0 0 5940
0 0 9777
1 1401 1401
-1
1 27649 27649
-1
-1
-1
-1
-1
-1
-1
1 28859 28859
1 10239 10239
-1
-1
-1
0 0 13759
0 0 16131
0 0 14534
0 0 8494
1 26234 26234
0 0 15028
0 0 12199
0 0 6915
-1
-1
1 15053 15053
0 0 12242
-1
0 0 3133
-1
0 0 14504
1 10692 10692
-1
1 22558 22558
-1
-1
-1
0 0 6662
-1
0 0 5746
-1
0 0 14715
-1
0 0 2746
-1
-1
0 0 3571
-1
0 0 12336
1 29200 29200
1 15800 15800
-1
-1
-1
-1
-1
1 13469 13469
1 2404 2404
-1
1 948 948
0 0 5546
0 0 3896
-1
-1
1 17209 17209
-1
0 0 6244
0 0 15342
0 0 10995
0 0 16373
-1
0 0 11495
1 11045 11045
0 0 6511
-1
1 10753 10753
-1
0 0 14147
0 0 5058
0 0 9000
-1
-1
0 0 7784
-1
1 15322 15322
0 0 13645
1 22444 22444
1 19092 19092
1 751 751
-1
0 0 2110
1 20388 20388
0 0 8975
-1
1 3227 3227
0 0 1538
0 0 12407
-1
0 0 13676
1 20980 20980
1 23703 23703
0 0 874
-1
1 31047 31047
1 5251 5251
1 13850 13850
0 0 12691
0 0 10226
0 0 5481
1 20972 20972
0 0 9548
-1
0 0 9838
-1
0 0 7155
1 25599 25599
-1
1 8290 8290
-1
-1
-1
0 0 3765
-1
1 6667 6667
0 0 8846
0 0 15975
-1
0 0 6833
1 6367 6367
-1
-1
-1
0 0 8261
0 0 11140
0 0 2533
1 3472 3472
0 0 9621
1 13032 13032
1 28325 28325
0 0 6320
-1
-1
1 21856 21856
0 0 6863
1 24448 24448
0 0 3127
-1
1 28793 28793
-1
0 0 3914
1 12134 12134
0 0 4571
0 0 4775
0 0 10157
0 0 14532
1 11562 11562
1 17546 17546
1 30165 30165
1 17980 17980
0 0 928
-1
-1
1 1936 1936
-1
0 0 14079
1 16073 16073
0 0 1730
-1
0 0 4526
0 0 4037
0 0 7496
-1
0 0 95
-1
0 0 11279
0 0 13641
-1
0 0 14463
1 17164 17164
-1
1 11677 11677
0 0 10681
-1
1 30573 30573
1 8668 8668
0 0 4639
0 0 2145
-1
0 0 4180
-1
-1
0 0 6639
0 0 5172
-1
0 0 11611
0 0 15795
-1
0 0 9770
1 28004 28004
-1
0 0 6315
0 0 6432
0 0 6036
1 4123 4123
0 0 10471
-1
1 8977 8977
0 0 9652
1 29395 29395
1 12083 12083
-1
-1
0 0 12325
1 27963 27963
1 16182 16182
1 32148 32148
0 0 2857
1 29269 29269
-1
1 5773 5773
1 30137 30137
1 13013 13013
-1
1 11643 11643
-1
0 0 15087
0 0 13150
0 0 8078
1 5739 5739
0 0 9973
1 29609 29609
1 24005 24005
1 18777 18777
0 0 12452
-1
1 8668 8668
0 0 4344
1 662 662
-1
-1
0 0 15873
0 0 3237
1 8485 8485
-1
-1
0 0 11543
1 5317 5317
-1
0 0 15225
0 0 10224
1 21983 21983
-1
-1
0 0 6567
0 0 11510
0 0 4907
-1
-1
1 17374 17374
1 16088 16088
1 10723 10723
0 0 10470
0 0 4169
0 0 11749
0 0 16339
0 0 12658
-1
0 0 3098
-1
1 28357 28357
0 0 2379
0 0 3288
1 19084 19084
1 13701 13701
-1
1 8429 8429
1 587 587
1 18574 18574
0 0 1165
0 0 13591
-1
1 4893 4893
1 19521 19521
-1
0 0 7639
1 12994 12994
-1
1 4273 4273
1 3750 3750
0 0 4082
1 19037 19037
1 5340 5340
1 14300 14300
1 9786 9786
-1
-1
-1
-1
-1
1 23907 23907
1 28774 28774
1 20751 20751
1 6057 6057
1 27555 27555
0 0 343
0 0 9489
0 0 2586
-1
1 18973 18973
1 9881 9881
0 0 15930
1 21796 21796
0 0 1751
1 21069 21069
0 0 14360
-1
-1
0 0 14265
0 0 3089
1 7884 7884
1 32045 32045
-1
1 4730 4730
-1
-1
0 0 11449
-1
1 6724 6724
-1
-1
1 32081 32081
1 7082 7082
-1
0 0 986
1 9713 9713
0 0 6458
1 2218 2218
0 0 11954
-1
-1
1 1744 1744
-1
1 3859 3859
1 31623 31623
1 27722 27722
1 25521 25521
0 0 9462
0 0 10869
1 30824 30824
-1
0 0 7822
0 0 8562
-1
1 22518 22518
-1
-1
-1
1 14774 14774
0 0 10456
-1
-1
-1
-1
1 15688 15688
0 0 10000
-1
-1
1 102 102
-1
-1
-1
1 2336 2336
-1
-1
0 0 4252
1 16282 16282
-1
1 23944 23944
0 0 4315
1 1035 1035
-1
1 22915 22915
-1
1 12094 12094
1 1638 1638
0 0 2162
-1
0 0 12681
1 15183 15183
1 21829 21829
1 7088 7088
-1
1 23733 23733
-1
1 3828 3828
1 27773 27773
1 24920 24920
0 0 5512
-1
-1
-1
1 22736 22736
1 6261 6261
1 2005 2005
0 0 10221
0 0 13982
1 21282 21282
-1
-1
0 0 2825
-1
-1
1 3558 3558
1 17252 17252
1 1042 1042
0 0 11019
-1
0 0 10250
-1
-1
0 0 14054
-1
-1
1 32716 32716
-1
-1
0 0 933
0 0 2500
0 0 3728
1 5191 5191
0 0 13636
0 0 7507
1 6196 6196
0 0 1725
-1
0 0 9592
1 13489 13489
0 0 11322
0 0 648
0 0 13543
-1
1 9104 9104
-1
-1
-1
1 25472 25472
-1
0 0 13527
1 20869 20869
0 0 15844
-1
1 26586 26586
-1
0 0 7074
-1
0 0 4086
-1
1 4254 4254
1 27213 27213
0 0 11862
0 0 16093
-1
-1
0 0 1466
1 16404 16404
0 0 11492
1 4264 4264
-1
-1
0 0 3403
1 22341 22341
1 21615 21615
-1
0 0 11808
0 0 6129
0 0 3421
1 24106 24106
-1
1 29532 29532
-1
1 17002 17002
1 14913 14913
-1
1 27337 27337
-1
-1
-1
0 0 9934
0 0 14432
0 0 8608
0 0 12318
0 0 6419
0 0 8114
-1
-1
1 11363 11363
0 0 13703
0 0 509
-1
-1
1 31810 31810
-1
0 0 5375
-1
-1
1 22117 22117
1 21090 21090
-1
1 10997 10997
-1
-1
1 24602 24602
1 136 136
0 0 14558
0 0 14725
-1
0 0 615
1 29040 29040
0 0 2704
1 2845 2845
-1
-1
0 0 10413
0 0 7964
1 24162 24162
-1
0 0 9600
1 28593 28593
0 0 16048
-1
-1
1 13617 13617
1 14205 14205
1 7327 7327
1 7549 7549
0 0 8191
1 3347 3347
-1
0 0 3607
-1
1 19250 19250
-1
0 0 1661
-1
1 4128 4128
0 0 9277
1 11636 11636
1 13565 13565
-1
1 19256 19256
0 0 13453
1 6828 6828
1 2168 2168
-1
1 26085 26085
-1
1 5871 5871
-1
0 0 12382
1 26525 26525
1 6989 6989
-1
-1
1 20586 20586
0 0 16044
1 30979 30979
1 4609 4609
1 17773 17773
-1
0 0 5123
0 0 10947
1 30364 30364
-1
1 8003 8003
-1
0 0 4673
1 13680 13680
-1
1 27515 27515
1 28865 28865
-1
0 0 15077
-1
0 0 16197
1 18273 18273
-1
0 0 782
0 0 12689
1 25934 25934
1 18354 18354
1 430 430
1 26217 26217
1 10514 10514
1 13409 13409
1 30445 30445
0 0 2469
-1
0 0 12969
0 0 5093
-1
0 0 4090
0 0 13826
-1
0 0 15360
-1
1 13383 13383
0 0 10615
-1
0 0 14941
1 11456 11456
1 1375 1375
1 18765 18765
1 23645 23645
1 16231 16231
0 0 1630
0 0 15483
1 851 851
1 6667 6667
-1
0 0 2109
1 1470 1470
-1
0 0 7947
-1
0 0 9592
-1
0 0 2539
1 14354 14354
1 6644 6644
1 20430 20430
1 16153 16153
0 0 3436
0 0 16130
-1
1 30689 30689
0 0 3566
0 0 15752
0 0 6787
0 0 13204
-1
0 0 2335
1 18120 18120
0 0 2480
0 0 3184
-1
1 13904 13904
-1
0 0 1562
0 0 10311
0 0 263
1 19092 19092
0 0 3765
0 0 14911
1 2242 2242
1 26162 26162
-1
1 25897 25897
0 0 14592
-1
-1
0 0 9370
0 0 13146
1 30765 30765
-1
1 28540 28540
0 0 3277
1 12642 12642
-1
0 0 457
-1
0 0 9116
-1
1 4666 4666
-1
1 28094 28094
0 0 15581
1 24044 24044
1 10436 10436
1 5877 5877
1 31360 31360
1 852 852
-1
-1
0 0 14872
1 28114 28114
0 0 5609
0 0 1314
-1
0 0 3581
-1
-1
0 0 10283
0 0 6666
-1
1 13126 13126
-1
1 26782 26782
1 28594 28594
-1
1 13304 13304
1 11462 11462
1 12985 12985
0 0 4526
1 24397 24397
-1
1 2529 2529
0 0 5724
0 0 8974
0 0 12187
1 9476 9476
0 0 15764
0 0 8973
0 0 6129
0 0 486
-1
0 0 8071
-1
-1
-1
1 21329 21329
-1
1 32046 32046
1 23814 23814
-1
0 0 4971
0 0 2401
1 4260 4260
1 22298 22298
-1
1 8957 8957
-1
0 0 15964
1 4842 4842
-1
0 0 13803
0 0 11631
-1
1 16243 16243
0 0 5193
0 0 3107
0 0 832
-1
1 2498 2498
1 12613 12613
1 10873 10873
0 0 9476
1 5914 5914
-1
-1
1 20038 20038
1 18247 18247
0 0 797
0 0 6196
1 30585 30585
-1
0 0 13724
-1
0 0 8758
0 0 14404
1 28388 28388
-1
1 18875 18875
1 8757 8757
-1
0 0 2336
1 2648 2648
-1
0 0 15574
0 0 9668
1 8200 8200
0 0 15556
1 19062 19062
1 12 12
0 0 6642
1 17152 17152
0 0 7967
1 1882 1882
-1
1 2722 2722
0 0 3335
-1
-1
-1
1 28033 28033
-1
-1
0 0 2689
-1
-1
1 23423 23423
0 0 14744
-1
0 0 9789
-1
0 0 10165
1 15073 15073
1 18183 18183
0 0 1472
1 17097 17097
0 0 5886
0 0 16372
0 0 10480
-1
0 0 15222
1 14362 14362
0 0 4482
1 26403 26403
0 0 6052
1 6852 6852
1 28796 28796
1 25494 25494
1 16050 16050
-1
0 0 4115
-1
-1
1 10811 10811
-1
0 0 1934
-1
0 0 13426
-1
1 30943 30943
0 0 2243
1 28352 28352
0 0 1352
1 11822 11822
1 1224 1224
-1
-1
1 29123 29123
0 0 5381
1 27652 27652
0 0 7581
-1
-1
-1
0 0 10872
0 0 15158
0 0 848
0 0 15483
1 32050 32050
1 2616 2616
0 0 54
1 10161 10161
1 11904 11904
0 0 7517
0 0 12567
-1
1 17454 17454
0 0 10617
-1
1 30124 30124
0 0 6516
1 8658 8658
1 8414 8414
1 7664 7664
0 0 2196
0 0 9055
-1
0 0 244
0 0 14305
0 0 9992
-1
1 5144 5144
1 602 602
1 7578 7578
1 26546 26546
1 21688 21688
1 6121 6121
-1
0 0 835
1 30259 30259
0 0 12702
-1
-1
-1
1 4980 4980
-1
-1
-1
-1
0 0 11364
0 0 14442
-1
0 0 2014
-1
0 0 14578
1 20041 20041
0 0 12826
1 24924 24924
1 24956 24956
-1
1 3932 3932
-1
1 613 613
1 15461 15461
-1
0 0 6850
1 8319 8319
1 20937 20937
1 31276 31276
-1
1 12606 12606
1 9913 9913
0 0 11372
0 0 4290
0 0 8723
1 11255 11255
1 11588 11588
1 27283 27283
0 0 8619
1 8565 8565
0 0 12801
1 22745 22745
1 1021 1021
1 10974 10974
0 0 1406
-1
0 0 4973
0 0 6661
1 23026 23026
-1
1 18633 18633
1 9615 9615
-1
0 0 2007
1 817 817
-1
0 0 368
0 0 11750
0 0 7754
0 0 7981
1 18938 18938
-1
0 0 9346
1 24264 24264
1 21576 21576
0 0 4438
-1
1 29395 29395
-1
1 14159 14159
-1
-1
0 0 112
0 0 9652
1 32653 32653
-1
1 4841 4841
-1
-1
0 0 8635
0 0 1106
-1
0 0 15494
-1
-1
-1
0 0 2654
1 24236 24236
0 0 9316
0 0 5209
0 0 2840
1 18094 18094
0 0 2761
-1
0 0 10252
1 12960 12960
0 0 1510
0 0 2370
1 14143 14143
0 0 4416
0 0 7226
0 0 10528
-1
-1
1 6499 6499
1 26804 26804
1 24004 24004
0 0 2890
0 0 10976
1 27476 27476
0 0 714
1 12492 12492
0 0 9028
0 0 10242
-1
-1
1 20238 20238
1 2464 2464
1 10567 10567
0 0 4242
-1
-1
1 18323 18323
0 0 11137
1 11063 11063
1 4806 4806
1 2237 2237
1 30337 30337
1 30114 30114
1 6472 6472
-1
0 0 15264
1 9814 9814
-1
1 30688 30688
1 19475 19475
1 29640 29640
1 10494 10494
-1
-1
-1
0 0 13360
-1
-1
0 0 5360
1 17751 17751
-1
-1
-1
1 7257 7257
0 0 14728
1 29911 29911
0 0 3986
0 0 11178
1 11005 11005
0 0 3532
0 0 3219
-1
1 30001 30001
0 0 8022
0 0 9222
1 7994 7994
0 0 5594
-1
1 16914 16914
0 0 14817
1 4898 4898
-1
0 0 2856
-1
-1
0 0 3432
-1
-1
0 0 10118
0 0 6936
0 0 1142
0 0 13051
0 0 13074
1 12075 12075
0 0 5899
0 0 7923
1 25690 25690
1 24067 24067
0 0 7691
-1
-1
-1
-1
-1
-1
1 24416 24416
-1
1 19608 19608
0 0 11272
-1
-1
-1
-1
-1
-1
1 13192 13192
-1
0 0 1632
1 3656 3656
-1
0 0 7351
0 0 15200
0 0 15605
1 31268 31268
-1
0 0 15894
1 6996 6996
-1
-1
0 0 4211
-1
1 877 877
-1
-1
-1
0 0 4087
0 0 6467
1 27869 27869
-1
0 0 1234
-1
-1
0 0 7694
-1
1 9666 9666
1 31955 31955
-1
-1
1 32298 32298
-1
0 0 1446
0 0 16021
-1
1 26171 26171
0 0 10638
-1
0 0 3022
0 0 11408
0 0 3334
0 0 5953
0 0 9013
-1
-1
0 0 7826
1 18407 18407
0 0 3761
-1
0 0 8035
1 18407 18407
-1
0 0 2206
1 32413 32413
0 0 13353
-1
1 5868 5868
0 0 13162
1 417 417
0 0 4387
0 0 5791
-1
-1
-1
-1
0 0 10086
0 0 8801
0 0 15471
1 10945 10945
-1
1 21740 21740
-1
-1
1 7697 7697
1 23473 23473
1 1245 1245
0 0 12928
1 28410 28410
1 31214 31214
0 0 14015
-1
1 2883 2883
0 0 3340
0 0 12185
1 9331 9331
0 0 2529
0 0 12378
1 1982 1982
-1
1 27716 27716
-1
-1
1 11987 11987
-1
1 26824 26824
0 0 14955
1 23062 23062
-1
0 0 13593
1 25322 25322
1 22298 22298
1 32380 32380
-1
1 29659 29659
0 0 632
1 23924 23924
1 24951 24951
-1
0 0 1727
1 28972 28972
0 0 12446
-1
0 0 12031
-1
1 27480 27480
1 11404 11404
1 28541 28541
-1
-1
-1
-1
-1
1 31165 31165
1 18039 18039
1 22476 22476
-1
-1
1 7116 7116
0 0 9261
1 17313 17313
1 26577 26577
1 6304 6304
-1
1 13150 13150
0 0 1528
1 10786 10786
0 0 5837
1 7405 7405
-1
0 0 8539
0 0 7233
1 23548 23548
1 22546 22546
0 0 5947
0 0 1145
-1
1 15847 15847
0 0 7127
0 0 5197
-1
-1
-1
1 18810 18810
-1
-1
0 0 9947
0 0 5940
1 13235 13235
0 0 16002
1 3746 3746
0 0 12742
-1
0 0 12272
1 20031 20031
1 18148 18148
1 1293 1293
0 0 11539
1 24923 24923
-1
-1
1 18305 18305
-1
1 3143 3143
-1
-1
1 14294 14294
1 28657 28657
-1
1 21509 21509
-1
-1
-1
1 17897 17897
0 0 2258
0 0 15003
0 0 16042
1 343 343
0 0 7942
1 30951 30951
1 29926 29926
1 4189 4189
-1
0 0 3316
1 4491 4491
0 0 6735
-1
0 0 15211
1 15306 15306
0 0 3049
1 30148 30148
-1
0 0 3726
-1
-1
0 0 14216
1 3187 3187
-1
0 0 11195
-1
1 19117 19117
0 0 6137
1 6222 6222
0 0 16135
1 3873 3873
1 29481 29481
1 2880 2880
0 0 8294
-1
-1
-1
1 15754 15754
-1
1 3292 3292
0 0 9337
-1
0 0 12612
1 2123 2123
-1
-1
0 0 12266
-1
1 927 927
1 8062 8062
1 32341 32341
1 2695 2695
1 10860 10860
0 0 910
1 17050 17050
0 0 12319
-1
1 27408 27408
1 16164 16164
-1
-1
0 0 9074
-1
1 14144 14144
1 17515 17515
-1
1 3029 3029
0 0 5430
-1
-1
0 0 9122
1 11459 11459
1 26860 26860
-1
1 14986 14986
0 0 7828
0 0 7305
0 0 15114
-1
1 19089 19089
1 26411 26411
-1
-1
0 0 6725
0 0 10765
-1
-1
1 7090 7090
0 0 9533
0 0 11736
1 8897 8897
1 572 572
1 8979 8979
0 0 11112
0 0 560
1 15471 15471
-1
0 0 14405
-1
1 12583 12583
-1
-1
1 2288 2288
-1
1 1479 1479
1 28288 28288
-1
1 30068 30068
-1
0 0 6384
0 0 10344
-1
1 15529 15529
-1
1 29765 29765
-1
1 32195 32195
-1
-1
-1
1 13917 13917
-1
-1
-1
-1
1 9229 9229
1 25027 25027
-1
-1
1 20788 20788
-1
-1
1 12137 12137
1 26309 26309
-1
0 0 16355
1 11204 11204
0 0 12293
1 16542 16542
-1
1 32195 32195
-1
-1
0 0 15126
-1
1 16502 16502
0 0 5310
1 21708 21708
1 27556 27556
0 0 9898
1 16319 16319
1 9517 9517
-1
1 10834 10834
0 0 15413
1 18114 18114
1 31229 31229
1 25822 25822
0 0 4265
-1
1 2005 2005
0 0 9563
0 0 13730
1 32312 32312
1 3327 3327
0 0 10554
1 5758 5758
1 26468 26468
0 0 5008
0 0 10751
-1
1 14681 14681
-1
0 0 2184
-1
1 15085 15085
1 28279 28279
1 3519 3519
0 0 6213
-1
1 8703 8703
0 0 7286
1 11740 11740
-1
1 20521 20521
-1
0 0 5499
0 0 12478
-1
0 0 1985
1 27473 27473
1 14598 14598
0 0 3299
-1
0 0 7338
0 0 5256
1 27950 27950
-1
0 0 2416
1 23400 23400
-1
-1
-1
0 0 9401
-1
1 8439 8439
1 7244 7244
1 27813 27813
0 0 8612
-1
-1
1 16140 16140
1 25875 25875
-1
-1
1 3013 3013
-1
-1
-1
1 3973 3973
0 0 8070
-1
-1
0 0 13449
1 22664 22664
1 16720 16720
-1
0 0 11491
-1
0 0 7710
-1
-1
1 3840 3840
1 15401 15401
-1
1 26107 26107
1 30210 30210
0 0 4616
0 0 16051
0 0 10954
1 31499 31499
-1
1 13604 13604
1 13706 13706
-1
0 0 10740
1 25132 25132
-1
1 10489 10489
1 18298 18298
-1
1 4893 4893
-1
-1
-1
1 28020 28020
0 0 45
1 15078 15078
1 23636 23636
0 0 4430
1 1624 1624
1 1750 1750
0 0 2063
-1
-1
-1
1 27652 27652
-1
1 6676 6676
0 0 6222
-1
1 32763 32763
-1
0 0 4607
0 0 10648
1 1352 1352
1 25190 25190
0 0 2022
0 0 3184
1 8570 8570
0 0 6609
1 19486 19486
-1
-1
1 5184 5184
0 0 13424
-1
1 28782 28782
0 0 1727
-1
0 0 2273
-1
1 18387 18387
0 0 16073
-1
0 0 1072
0 0 4018
0 0 3200
-1
1 3418 3418
0 0 1095
1 7387 7387
0 0 7808
0 0 6924
-1
1 24501 24501
0 0 521
0 0 4162
-1
1 13042 13042
0 0 8568
-1
0 0 4455
1 23373 23373
-1
-1
0 0 16324
1 22866 22866
0 0 12358
-1
1 15412 15412
-1
-1
-1
-1
1 26291 26291
1 19025 19025
0 0 14912
1 32104 32104
1 3789 3789
0 0 2731
1 7345 7345
0 0 6874
0 0 16263
1 27650 27650
0 0 278
0 0 10045
0 0 2387
-1
1 14721 14721
-1
-1
0 0 15440
-1
1 8890 8890
0 0 419
0 0 16241
0 0 15073
0 0 3532
-1
-1
-1
0 0 1117
1 19401 19401
-1
-1
-1
-1
1 25318 25318
0 0 10277
1 14925 14925
1 23685 23685
0 0 11236
1 16759 16759
1 21953 21953
1 11635 11635
1 6864 6864
-1
0 0 5696
-1
1 8023 8023
0 0 8510
-1
0 0 1028
-1
0 0 9952
0 0 4052
1 4685 4685
0 0 2823
-1
-1
-1
-1
-1
1 12115 12115
0 0 8486
0 0 8808
1 25646 25646
-1
1 26908 26908
1 888 888
0 0 11004
1 25172 25172
-1
1 9151 9151
-1
1 23800 23800
-1
1 4524 4524
1 17725 17725
-1
1 5947 5947
1 10809 10809
0 0 14044
0 0 14430
1 18040 18040
1 10196 10196
-1
0 0 8939
0 0 2895
-1
0 0 7070
-1
0 0 3340
0 0 9497
1 31551 31551
1 11325 11325
-1
-1
-1
-1
-1
1 25672 25672
-1
1 16827 16827
1 30902 30902
1 6523 6523
-1
0 0 16332
1 2009 2009
-1
1 4279 4279
0 0 2738
1 9566 9566
-1
0 0 5817
-1
0 0 661
0 0 2285
0 0 10239
1 391 391
-1
-1
1 11120 11120
0 0 3970
-1
0 0 2125
0 0 6262
-1
-1
1 3664 3664
1 20530 20530
-1
0 0 8201
0 0 16074
0 0 1031
1 25796 25796
-1
0 0 3230
0 0 9073
1 12770 12770
1 8280 8280
0 0 7237
0 0 3476
1 6335 6335
-1
0 0 13790
0 0 6645
-1
0 0 5425
-1
-1
1 32505 32505
0 0 15376
-1
1 17651 17651
1 18618 18618
1 8359 8359
-1
1 8883 8883
0 0 11521
-1
0 0 1183
1 16611 16611
1 24839 24839
-1
-1
1 26867 26867
0 0 3031
0 0 12234
1 17218 17218
0 0 3059
-1
-1
-1
1 11986 11986
0 0 12421
1 4246 4246
-1
0 0 14770
0 0 7498
-1
-1
-1
0 0 5430
1 12756 12756
-1
0 0 8962
0 0 9277
-1
1 25521 25521
0 0 7528
1 17248 17248
-1
1 26787 26787
0 0 11738
1 9458 9458
-1
1 31398 31398
1 23744 23744
1 26297 26297
-1
-1
1 27032 27032
0 0 11064
-1
0 0 4431
0 0 11001
1 19081 19081
-1
-1
1 7707 7707
1 9894 9894
-1
1 31901 31901
-1
0 0 6160
-1
0 0 7117
1 12519 12519
0 0 6465
1 2180 2180
0 0 112
1 9092 9092
0 0 14855
-1
0 0 15966
-1
-1
0 0 11062
0 0 1909
0 0 11994
1 7718 7718
1 801 801
-1
1 24121 24121
0 0 14491
-1
0 0 16062
1 23242 23242
-1
0 0 14174
1 20257 20257
-1
0 0 1815
-1
-1
-1
-1
0 0 16173
1 15461 15461
-1
-1
-1
1 2941 2941
-1
0 0 5159
-1
1 21963 21963
-1
1 1302 1302
-1
1 15533 15533
1 9743 9743
-1
0 0 9123
1 16757 16757
1 22538 22538
-1
-1
0 0 2292
1 18329 18329
1 12824 12824
1 7303 7303
1 9410 9410
0 0 7972
0 0 6841
0 0 16046
0 0 4888
1 1719 1719
-1
0 0 14039
-1
-1
-1
1 941 941
-1
0 0 10201
0 0 11823
1 19927 19927
1 17423 17423
-1
-1
-1
-1
-1
1 14115 14115
0 0 10924
0 0 11144
0 0 15525
1 31996 31996
-1
1 26657 26657
-1
0 0 5204
1 12750 12750
1 12217 12217
-1
0 0 4183
1 24803 24803
0 0 9171
-1
-1
-1
-1
0 0 8563
-1
0 0 15375
0 0 9471
-1
1 19585 19585
-1
1 22472 22472
0 0 3222
-1
1 13379 13379
1 1448 1448
-1
0 0 14489
-1
-1
1 9273 9273
1 5757 5757
1 2890 2890
0 0 9267
1 16925 16925
1 12652 12652
0 0 13928
1 8261 8261
1 9843 9843
1 5156 5156
0 0 10294
1 10042 10042
0 0 14477
-1
1 26041 26041
0 0 8019
0 0 13763
0 0 11072
1 17443 17443
-1
-1
1 29940 29940
-1
-1
0 0 11308
-1
0 0 4627
0 0 10417
1 12812 12812
0 0 8786
0 0 9247
1 17686 17686
0 0 15755
1 28008 28008
1 15216 15216
-1
1 9298 9298
0 0 13392
1 19405 19405
-1
-1
0 0 2569
-1
-1
-1
1 9014 9014
1 19183 19183
1 4487 4487
1 18740 18740
1 17336 17336
1 24059 24059
0 0 12442
0 0 5970
1 4600 4600
1 14270 14270
0 0 14413
1 28453 28453
0 0 11973
1 20845 20845
-1
1 24196 24196
0 0 7900
-1
-1
0 0 12306
1 30203 30203
-1
0 0 1037
-1
1 10885 10885
0 0 1667
1 13084 13084
0 0 13389
1 25786 25786
1 11402 11402
1 16823 16823
1 18587 18587
0 0 13273
1 29680 29680
-1
1 24113 24113
-1
-1
0 0 5465
1 29220 29220
1 8142 8142
1 25964 25964
-1
-1
-1
0 0 8491
1 4237 4237
-1
-1
1 19921 19921
0 0 4505
1 30113 30113
-1
-1
1 14343 14343
0 0 13040
-1
1 11961 11961
-1
-1
-1
0 0 4815
1 27938 27938
0 0 2931
0 0 7703
0 0 6014
0 0 10748
-1
-1
0 0 2578
-1
-1
0 0 11610
-1
1 8770 8770
-1
1 6621 6621
1 15653 15653
-1
-1
0 0 2272
1 17211 17211
1 13543 13543
-1
0 0 5775
1 27287 27287
0 0 2433
1 6587 6587
-1
1 28456 28456
1 24393 24393
1 5823 5823
1 18741 18741
-1
0 0 7125
0 0 12188
1 19692 19692
-1
1 1032 1032
0 0 15244
0 0 14730
1 23798 23798
-1
1 3177 3177
1 16110 16110
0 0 13037
0 0 4738
1 14276 14276
0 0 2422
1 18453 18453
1 15277 15277
0 0 1644
1 17720 17720
1 22545 22545
1 29538 29538
-1
-1
-1
1 8522 8522
-1
0 0 1390
0 0 9801
0 0 12223
-1
0 0 4804
-1
1 31120 31120
0 0 7656
1 1580 1580
-1
0 0 5246
-1
0 0 13432
1 19611 19611
0 0 4319
1 30638 30638
-1
-1
0 0 14175
1 25484 25484
0 0 12746
0 0 5300
0 0 3884
1 16749 16749
0 0 10152
0 0 15689
-1
1 28467 28467
1 24038 24038
-1
0 0 5519
1 6870 6870
-1
1 1336 1336
0 0 4965
1 17120 17120
0 0 12747
-1
1 19218 19218
0 0 889
-1
0 0 3443
-1
1 18494 18494
-1
1 6483 6483
0 0 11321
-1
-1
0 0 15194
1 20396 20396
0 0 282
1 28694 28694
0 0 13232
1 5314 5314
1 2473 2473
1 31817 31817
0 0 11391
-1
-1
0 0 14147
0 0 15749
0 0 7265
0 0 7755
-1
-1
1 9579 9579
1 32208 32208
-1
1 14989 14989
1 1138 1138
-1
1 25390 25390
1 11424 11424
1 4760 4760
1 21383 21383
1 1860 1860
1 14687 14687
0 0 10122
0 0 11999
1 32254 32254
-1
0 0 11271
1 9723 9723
0 0 11864
-1
-1
0 0 4070
1 22627 22627
0 0 12490
1 15858 15858
1 26198 26198
0 0 5417
-1
0 0 2360
-1
0 0 8759
1 16693 16693
-1
-1
1 21979 21979
-1
1 15855 15855
-1
-1
-1
-1
0 0 12752
1 6203 6203
-1
1 28130 28130
-1
1 25083 25083
0 0 1278
-1
-1
0 0 1746
0 0 10524
1 24012 24012
-1
0 0 6127
0 0 8523
0 0 14593
1 28078 28078
1 17799 17799
0 0 5612
0 0 8247
0 0 15070
0 0 13334
1 268 268
1 18860 18860
1 14509 14509
0 0 10570
0 0 12
-1
1 17920 17920
0 0 6810
-1
0 0 2404
-1
0 0 11614
0 0 1592
0 0 11919
-1
0 0 3653
1 22570 22570
0 0 12315
1 1512 1512
0 0 5016
0 0 9676
-1
1 24266 24266
1 3836 3836
0 0 13602
1 13335 13335
-1
0 0 6706
1 1420 1420
0 0 1404
1 24994 24994
1 30876 30876
0 0 2703
0 0 2022
0 0 11917
-1
0 0 12225
1 21057 21057
0 0 10462
-1
-1
-1
0 0 11679
-1
-1
-1
-1
0 0 5365
-1
-1
1 9868 9868
-1
1 15005 15005
1 22731 22731
-1
1 16890 16890
-1
1 9329 9329
0 0 16278
-1
1 26739 26739
-1
0 0 15711
1 4604 4604
1 31660 31660
0 0 10017
-1
1 10353 10353
-1
1 7573 7573
-1
1 24129 24129
0 0 8059
0 0 5574
0 0 930
-1
0 0 15334
1 3549 3549
0 0 9083
0 0 9005
0 0 10858
0 0 1176
1 5457 5457
-1
0 0 12994
1 15783 15783
-1
-1
-1
-1
-1
1 7707 7707
0 0 13670
0 0 11098
1 19283 19283
1 4238 4238
-1
1 13645 13645
0 0 14233
-1
-1
0 0 9475
-1
0 0 1284
0 0 3796
-1
0 0 8333
1 22006 22006
1 26169 26169
1 24544 24544
-1
0 0 14094
-1
1 2718 2718
1 9332 9332
1 4593 4593
-1
1 18367 18367
1 5579 5579
0 0 2637
-1
-1
0 0 12723
1 16756 16756
0 0 12653
0 0 5171
0 0 3791
1 4241 4241
0 0 15516
1 13613 13613
0 0 175
1 11059 11059
0 0 15786
-1
-1
-1
-1
0 0 12147
0 0 9600
1 10524 10524
1 11640 11640
-1
1 28190 28190
0 0 11960
1 12526 12526
1 21761 21761
-1
1 14435 14435
-1
-1
-1
0 0 1630
0 0 5206
1 3488 3488
-1
0 0 1211
-1
-1
0 0 15857
-1
0 0 9820
0 0 16145
0 0 9124
-1
0 0 422
0 0 13217
1 14589 14589
1 11613 11613
0 0 1399
-1
-1
-1
0 0 485
0 0 8247
-1
-1
-1
1 14489 14489
1 11481 11481
1 15534 15534
-1
-1
0 0 11912
0 0 1247
1 26482 26482
1 31119 31119
0 0 5680
0 0 5425
0 0 9863
1 3250 3250
1 12380 12380
1 17898 17898
1 27572 27572
1 109 109
-1
0 0 15980
0 0 2691
1 18573 18573
-1
-1
1 30209 30209
1 11988 11988
1 6135 6135
0 0 13314
1 24431 24431
0 0 12221
0 0 15569
0 0 8677
0 0 12089
-1
0 0 1357
-1
0 0 4736
-1
-1
-1
-1
1 29955 29955
-1
1 6264 6264
1 11189 11189
0 0 14310
1 17741 17741
0 0 14816
-1
-1
0 0 15277
1 13795 13795
0 0 2914
1 27636 27636
1 1096 1096
1 7350 7350
1 11360 11360
-1
-1
0 0 7715
1 30376 30376
1 26802 26802
0 0 11091
1 29523 29523
1 22367 22367
-1
0 0 10461
-1
-1
0 0 1219
-1
1 873 873
0 0 13279
1 8253 8253
1 27669 27669
0 0 1019
0 0 11400
1 26931 26931
1 1270 1270
-1
-1
0 0 6401
0 0 769
1 16229 16229
-1
-1
0 0 10716
0 0 7106
1 31818 31818
0 0 3756
-1
0 0 12808
0 0 8154
1 1111 1111
1 15235 15235
1 23403 23403
-1
1 23841 23841
-1
1 10024 10024
1 11924 11924
1 22929 22929
1 2271 2271
-1
1 17863 17863
0 0 11710
1 26134 26134
1 27933 27933
0 0 13742
0 0 8339
1 31126 31126
0 0 385
-1
0 0 230
1 4458 4458
1 23969 23969
-1
1 6682 6682
-1
0 0 7433
-1
-1
1 15389 15389
0 0 14802
0 0 14441
0 0 3413
-1
0 0 15402
0 0 4708
0 0 9223
-1
0 0 1708
1 11186 11186
1 24666 24666
1 31859 31859
1 25496 25496
1 2746 2746
-1
-1
1 31790 31790
-1
-1
-1
0 0 11894
1 30575 30575
-1
0 0 1512
0 0 2667
1 31378 31378
1 5465 5465
0 0 1207
1 4260 4260
-1
-1
0 0 2766
-1
-1
1 21482 21482
-1
1 1616 1616
1 30149 30149
-1
-1
0 0 849
0 0 2905
1 5663 5663
1 30957 30957
0 0 6240
1 9432 9432
-1
1 14759 14759
-1
0 0 11241
0 0 14043
1 27324 27324
-1
0 0 6857
0 0 8272
-1
1 10565 10565
-1
0 0 6618
1 25653 25653
0 0 13243
1 21452 21452
0 0 9322
-1
0 0 11668
1 9292 9292
-1
1 32675 32675
-1
-1
1 11655 11655
1 14581 14581
1 30533 30533
0 0 15083
1 13090 13090
0 0 15431
-1
-1
-1
0 0 3035
-1
1 7802 7802
-1
-1
0 0 330
1 29872 29872
-1
1 22171 22171
0 0 3990
-1
-1
-1
0 0 5476
1 6243 6243
0 0 12047
0 0 13606
0 0 3532
-1
-1
-1
0 0 4925
0 0 8649
0 0 1098
0 0 4184
0 0 448
-1
1 12194 12194
-1
-1
1 20886 20886
1 11693 11693
1 12533 12533
1 28504 28504
0 0 4490
-1
0 0 13663
-1
1 29450 29450
0 0 5477
-1
1 15053 15053
0 0 6078
0 0 15714
-1
1 1758 1758
0 0 7906
-1
0 0 5373
1 5330 5330
1 17169 17169
1 9146 9146
0 0 6166
0 0 14484
0 0 7792
0 0 16235
0 0 4006
0 0 1995
0 0 13509
1 17375 17375
1 10825 10825
-1
0 0 91
1 7366 7366
-1
-1
-1
1 25587 25587
-1
1 26370 26370
-1
0 0 8287
0 0 15409
-1
0 0 14376
0 0 2556
0 0 14233
-1
0 0 2329
1 13409 13409
-1
0 0 3466
0 0 13608
1 31535 31535
-1
1 7657 7657
0 0 5477
-1
0 0 9092
0 0 8162
1 19096 19096
1 26649 26649
-1
1 12211 12211
0 0 7936
1 7525 7525
0 0 12032
-1
-1
-1
1 19358 19358
-1
0 0 13111
0 0 8484
-1
0 0 6685
1 21289 21289
1 12617 12617
-1
-1
-1
1 13786 13786
1 8004 8004
-1
0 0 16273
-1
0 0 6922
-1
-1
-1
-1
-1
0 0 7269
1 21649 21649
-1
1 16194 16194
1 14264 14264
0 0 10212
-1
1 13493 13493
-1
-1
-1
1 27701 27701
1 6138 6138
-1
1 808 808
-1
0 0 16162
1 10999 10999
1 17217 17217
1 10787 10787
0 0 8343
1 12601 12601
-1
0 0 12250
1 30665 30665
-1
-1
1 20124 20124
1 7538 7538
-1
1 6877 6877
1 23919 23919
0 0 15663
0 0 195
-1
1 6771 6771
1 23578 23578
0 0 2585
-1
-1
0 0 3839
1 10918 10918
1 24410 24410
0 0 9436
0 0 224
1 2332 2332
1 1417 1417
-1
-1
0 0 3233
1 14707 14707
-1
-1
-1
1 203 203
-1
0 0 1345
1 27550 27550
1 25432 25432
-1
1 7854 7854
-1
0 0 5562
0 0 10676
1 5527 5527
1 10040 10040
1 30354 30354
0 0 1730
0 0 11443
-1
-1
1 22401 22401
0 0 13069
-1
1 15851 15851
1 29741 29741
1 8706 8706
1 28390 28390
0 0 1141
1 20364 20364
0 0 802
-1
1 17772 17772
1 21335 21335
-1
1 22181 22181
1 6085 6085
-1
-1
1 25928 25928
-1
1 6805 6805
-1
0 0 12159
1 11822 11822
0 0 16190
-1
0 0 7923
0 0 13731
-1
-1
-1
-1
-1
-1
-1
-1
1 18386 18386
-1
-1
1 16265 16265
1 26308 26308
-1
0 0 14937
0 0 8374
0 0 12953
-1
0 0 8345
-1
-1
-1
1 11295 11295
-1
-1
-1
-1
1 30021 30021
-1
-1
0 0 16106
0 0 6801
-1
0 0 11233
1 20492 20492
1 6101 6101
-1
0 0 11124
1 24720 24720
1 22451 22451
0 0 12404
-1
0 0 6204
0 0 3540
-1
1 14929 14929
1 21077 21077
1 18356 18356
0 0 8904
1 1712 1712
0 0 4947
1 7528 7528
1 16485 16485
0 0 7888
0 0 13362
-1
-1
-1
0 0 1211
1 4860 4860
-1
1 32658 32658
1 24382 24382
0 0 1843
0 0 6209
1 30033 30033
-1
1 23438 23438
1 3977 3977
-1
1 10915 10915
1 26474 26474
0 0 3544
0 0 15381
1 11458 11458
1 20359 20359
1 25568 25568
1 19580 19580
1 1430 1430
1 12930 12930
0 0 4183
1 13164 13164
1 1855 1855
1 20624 20624
-1
-1
1 598 598
-1
1 22028 22028
0 0 11543
1 8803 8803
1 22930 22930
0 0 13415
0 0 8171
1 6757 6757
1 29008 29008
1 32154 32154
1 9419 9419
0 0 4263
0 0 1883
-1
1 18310 18310
1 16004 16004
1 29017 29017
1 5227 5227
0 0 12396
1 26209 26209
-1
1 4677 4677
1 19563 19563
0 0 13145
0 0 3596
-1
1 308 308
1 9021 9021
0 0 7715
1 8308 8308
-1
-1
0 0 12652
1 3158 3158
1 11763 11763
1 26820 26820
0 0 11683
0 0 10596
0 0 7296
1 10121 10121
-1
1 8147 8147
1 21616 21616
0 0 7051
-1
0 0 473
0 0 16304
0 0 12856
0 0 16351
0 0 5034
0 0 7073
0 0 1738
1 18305 18305
-1
0 0 4142
1 3566 3566
0 0 12122
1 14383 14383
1 32327 32327
1 31457 31457
1 25294 25294
1 11082 11082
-1
0 0 6176
0 0 1448
1 753 753
1 18067 18067
-1
0 0 13613
-1
0 0 14501
1 16107 16107
-1
1 25452 25452
-1
0 0 82
-1
1 19396 19396
1 27119 27119
-1
0 0 11885
1 28849 28849
0 0 15572
0 0 2383
-1
1 9208 9208
0 0 14153
1 21383 21383
1 5274 5274
1 3345 3345
0 0 15474
0 0 10036
-1
-1
1 13485 13485
1 21691 21691
1 24482 24482
-1
0 0 8486
-1
0 0 3207
-1
-1
-1
-1
-1
0 0 5790
-1
-1
-1
0 0 3768
1 18293 18293
1 4847 4847
1 19646 19646
-1
0 0 4830
-1
1 20424 20424
1 7499 7499
-1
0 0 3075
-1
-1
1 7703 7703
-1
0 0 3560
-1
-1
1 2569 2569
1 25116 25116
-1
1 12071 12071
0 0 7377
1 24522 24522
-1
-1
-1
-1
-1
0 0 14343
1 8877 8877
1 15652 15652
1 28709 28709
0 0 10885
-1
1 22461 22461
0 0 15794
1 14128 14128
1 21971 21971
1 22673 22673
0 0 10595
0 0 11623
1 825 825
1 9818 9818
-1
-1
1 3517 3517
0 0 13569
0 0 16339
0 0 8443
1 29896 29896
0 0 405
-1
-1
1 24148 24148
1 19623 19623
-1
0 0 6783
0 0 5048
0 0 6272
-1
-1
-1
0 0 1913
0 0 15399
1 5549 5549
0 0 14718
1 28141 28141
1 30524 30524
-1
1 14189 14189
1 660 660
0 0 15010
-1
1 12403 12403
-1
0 0 5185
-1
-1
1 19581 19581
-1
0 0 3483
0 0 9487
0 0 10949
1 30370 30370
-1
1 22886 22886
1 29918 29918
-1
0 0 5099
-1
0 0 14927
1 22514 22514
0 0 14536
1 25540 25540
1 30505 30505
0 0 1556
0 0 2254
-1
0 0 5574
1 22542 22542
0 0 11019
1 20614 20614
-1
-1
-1
1 14836 14836
0 0 2131
0 0 5094
1 14463 14463
-1
0 0 3008
0 0 13943
-1
-1
1 5500 5500
1 11593 11593
1 22442 22442
1 15638 15638
0 0 15959
0 0 3146
1 32298 32298
1 20740 20740
1 5855 5855
1 5083 5083
-1
1 25079 25079
1 27146 27146
1 16887 16887
0 0 2189
-1
-1
-1
-1
-1
-1
-1
-1
-1
-1
0 0 13810
-1
0 0 3451
0 0 12199
-1
1 23618 23618
0 0 3784
-1
-1
0 0 4512
0 0 11731
1 18520 18520
1 20212 20212
1 28731 28731
0 0 6420
0 0 12800
1 21423 21423
1 1829 1829
0 0 12492
-1
1 28665 28665
-1
-1
-1
0 0 210
0 0 14505
0 0 6427
-1
-1
-1
0 0 1382
1 11769 11769
1 17157 17157
-1
0 0 3603
0 0 15378
-1
-1
0 0 6166
0 0 1929
-1
0 0 3877
0 0 9130
-1
1 28727 28727
1 30281 30281
0 0 5274
0 0 13345
1 1454 1454
1 16920 16920
0 0 8821
0 0 99
1 11374 11374
1 31676 31676
1 25006 25006
-1
0 0 884
1 20017 20017
0 0 4006
1 3033 3033
0 0 16176
-1
1 18084 18084
1 22116 22116
-1
1 14647 14647
-1
0 0 15138
1 28296 28296
-1
0 0 11055
-1
1 26724 26724
1 6412 6412
1 21092 21092
1 31799 31799
0 0 334
-1
1 12391 12391
0 0 14323
-1
1 13008 13008
1 11818 11818
-1
-1
-1
0 0 4802
1 8574 8574
-1
-1
1 3299 3299
-1
0 0 16344
1 9062 9062
1 18371 18371
-1
1 9066 9066
-1
1 18232 18232
1 11757 11757
-1
1 32229 32229
1 31337 31337
0 0 10487
-1
0 0 4576
-1
0 0 13942
-1
-1
0 0 256
1 1835 1835
-1
1 14733 14733
-1
1 29993 29993
1 27058 27058
1 6035 6035
-1
-1
-1
0 0 11222
1 11576 11576
-1
0 0 2497
0 0 7874
-1
1 30718 30718
0 0 1174
0 0 5984
-1
0 0 6575
-1
0 0 8122
1 18058 18058
1 32119 32119
-1
0 0 1878
0 0 10191
-1
0 0 10728
0 0 14706
1 6210 6210
0 0 15656
1 22319 22319
1 30351 30351
-1
1 11543 11543
-1
1 9363 9363
1 30808 30808
0 0 974
0 0 460
-1
-1
-1
0 0 12300
-1
1 17109 17109
-1
-1
1 9982 9982
-1
-1
0 0 15176
1 27123 27123
0 0 4737
0 0 8200
-1
-1
-1
1 28962 28962
0 0 12176
1 31592 31592
0 0 5813
1 21912 21912
1 8283 8283
-1
-1
1 26927 26927
-1
-1
1 23508 23508
1 28759 28759
-1
1 8829 8829
-1
-1
0 0 9688
1 31900 31900
1 12618 12618
-1
-1
0 0 12016
1 3907 3907
-1
-1
-1
-1
-1
-1
-1
1 25942 25942
0 0 1681
-1
0 0 6292
0 0 7645
1 25921 25921
1 17139 17139
1 21603 21603
1 31619 31619
-1
1 15928 15928
1 9721 9721
-1
1 25218 25218
0 0 8186
-1
-1
1 4345 4345
-1
0 0 2313
0 0 9986
0 0 1543
1 31675 31675
1 5032 5032
0 0 8072
1 8429 8429
-1
-1
1 507 507
1 15222 15222
1 1117 1117
-1
0 0 3968
0 0 5470
1 23145 23145
0 0 1587
1 32114 32114
1 13707 13707
1 11573 11573
1 30133 30133
1 17456 17456
0 0 16237
1 9377 9377
0 0 13680
-1
1 14942 14942
-1
-1
1 22278 22278
-1
1 22765 22765
1 296 296
-1
1 5440 5440
-1
0 0 9290
0 0 1174
0 0 5122
0 0 16098
0 0 6334
1 5369 5369
-1
-1
-1
1 9611 9611
0 0 5912
0 0 2929
-1
-1
1 4790 4790
0 0 1713
-1
-1
-1
1 13629 13629
-1
0 0 5322
0 0 2581
0 0 2207
-1
0 0 4971
-1
1 1807 1807
1 8730 8730
0 0 7593
0 0 9402
0 0 11219
1 15590 15590
-1
0 0 4370
0 0 13289
1 4656 4656
-1
1 9761 9761
-1
0 0 8337
0 0 1434
-1
-1
-1
1 17429 17429
0 0 1153
1 20925 20925
1 15977 15977
-1
-1
-1
-1
1 29038 29038
-1
-1
-1
1 5864 5864
0 0 12944
1 27957 27957
-1
0 0 49
-1
0 0 11702
0 0 14446
1 13650 13650
0 0 4551
-1
1 25873 25873
0 0 2974
-1
0 0 10371
1 653 653
-1
1 14243 14243
1 27837 27837
-1
0 0 16065
0 0 12888
1 10369 10369
1 26187 26187
1 23505 23505
0 0 7273
1 28174 28174
0 0 14003
1 11263 11263
0 0 16205
0 0 13499
1 2170 2170
0 0 3260
-1
1 12702 12702
-1
-1
1 9183 9183
0 0 8287
-1
0 0 11758
0 0 64
1 15591 15591
0 0 10543
1 6912 6912
0 0 12552
1 4213 4213
0 0 10998
1 31972 31972
1 17954 17954
1 21152 21152
1 5442 5442
0 0 10667
-1
-1
1 9778 9778
1 16314 16314
-1
1 708 708
-1
0 0 12739
1 1979 1979
0 0 1509
-1
1 24776 24776
-1
0 0 7493
1 25247 25247
1 10907 10907
0 0 12619
1 5597 5597
1 22716 22716
-1
-1
-1
1 16985 16985
1 6364 6364
1 23842 23842
0 0 15007
0 0 1472
0 0 14005
0 0 9661
0 0 5139
1 30642 30642
1 16338 16338
-1
1 1612 1612
1 7774 7774
0 0 8201
0 0 5037
1 6829 6829
0 0 7093
-1
-1
1 15003 15003
-1
-1
0 0 10950
0 0 5917
0 0 7874
1 1090 1090
1 32079 32079
-1
-1
-1
-1
1 4680 4680
1 23873 23873
0 0 15751
-1
0 0 3794
1 13196 13196
-1
-1
0 0 6599
-1
1 32052 32052
1 4736 4736
-1
1 12048 12048
0 0 8077
1 23996 23996
-1
1 2786 2786
-1
-1
-1
0 0 392
0 0 9042
1 21795 21795
0 0 14710
0 0 8644
1 17392 17392
0 0 4132
0 0 1084
-1
-1
-1
-1
1 2902 2902
1 27609 27609
1 15033 15033
1 26597 26597
0 0 3877
0 0 3211
-1
1 31516 31516
-1
0 0 735
-1
1 6339 6339
0 0 15427
0 0 12169
-1
0 0 13964
0 0 3795
-1
1 1478 1478
-1
0 0 14497
-1
-1
-1
1 19691 19691
0 0 499
1 14277 14277
1 632 632
0 0 7184
-1
0 0 11860
1 6647 6647
1 29913 29913
1 21882 21882
1 21951 21951
-1
-1
0 0 7261
0 0 10126
1 17676 17676
1 2546 2546
0 0 2519
-1
1 16736 16736
1 23299 23299
-1
1 19964 19964
-1
0 0 7163
0 0 6183
0 0 534
0 0 8246
-1
-1
0 0 10877
-1
0 0 14580
1 7779 7779
0 0 14336
-1
1 28471 28471
0 0 3481
-1
0 0 2085
-1
-1
1 7830 7830
-1
0 0 7797
0 0 7071
1 6745 6745
1 6047 6047
1 6615 6615
1 8520 8520
0 0 1246
-1
-1
1 19151 19151
1 12378 12378
1 5969 5969
0 0 12555
-1
-1
0 0 2005
-1
1 11081 11081
-1
-1
0 0 1378
0 0 5843
-1
0 0 8076
1 26547 26547
0 0 15275
1 7796 7796
0 0 761
1 23334 23334
1 31810 31810
0 0 10431
-1
-1
-1
0 0 2264
1 14613 14613
0 0 8413
-1
-1
-1
-1
1 6932 6932
-1
0 0 1661
1 25666 25666
0 0 6015
1 2316 2316
-1
0 0 6060
1 11860 11860
-1
-1
0 0 6111
-1
0 0 6623
1 24121 24121
-1
0 0 8742
-1
1 12589 12589
-1
0 0 9972
0 0 13659
-1
0 0 13486
0 0 11506
-1
0 0 6103
0 0 7404
-1
0 0 8421
-1
1 6934 6934
1 5448 5448
0 0 1896
-1
0 0 9053
0 0 14372
0 0 1027
-1
-1
1 21982 21982
0 0 2838
-1
-1
-1
1 22462 22462
-1
-1
-1
1 17765 17765
1 2107 2107
-1
0 0 8371
1 9858 9858
0 0 7392
1 5479 5479
-1
-1
1 16811 16811
-1
1 20092 20092
1 21795 21795
0 0 193
1 9255 9255
-1
0 0 6581
-1
1 20929 20929
1 139 139
0 0 8152
1 19652 19652
1 31612 31612
0 0 10771
0 0 1837
1 4707 4707
-1
-1
1 19839 19839
1 9564 9564
1 7174 7174
1 31139 31139
1 26987 26987
1 16733 16733
0 0 70
-1
1 285 285
-1
0 0 4819
0 0 2435
0 0 5477
1 30027 30027
-1
0 0 4248
1 2141 2141
0 0 28
1 26494 26494
0 0 10303
1 11245 11245
1 15144 15144
-1
1 10756 10756
-1
-1
1 28654 28654
-1
0 0 9409
-1
0 0 3308
0 0 9151
0 0 161
0 0 5359
-1
0 0 4930
1 29562 29562
1 21201 21201
1 7135 7135
-1
-1
-1
1 10842 10842
-1
-1
1 4303 4303
1 30248 30248
-1
0 0 13276
0 0 1804
1 17753 17753
-1
0 0 13900
-1
-1
0 0 15226
0 0 1294
-1
1 6389 6389
1 24055 24055
-1
-1
1 25031 25031
0 0 13363
0 0 4003
-1
-1
0 0 9883
1 30675 30675
0 0 14700
0 0 1583
0 0 9911
1 17353 17353
0 0 5471
1 29636 29636
0 0 14931
-1
0 0 3386
1 25021 25021
1 10642 10642
-1
0 0 11442
1 24058 24058
-1
0 0 5335
1 6344 6344
-1
1 12701 12701
1 5466 5466
-1
1 26321 26321
1 3583 3583
-1
-1
-1
-1
1 5067 5067
0 0 7683
0 0 4852
1 12280 12280
0 0 9562
0 0 3034
-1
1 28361 28361
-1
-1
0 0 2321
1 2630 2630
-1
0 0 11327
-1
1 5053 5053
0 0 3561
1 20570 20570
-1
1 7186 7186
-1
-1
1 30814 30814
1 25659 25659
-1
-1
0 0 1249
0 0 12002
0 0 15271
-1
-1
-1
-1
-1
0 0 14228
1 20744 20744
-1
-1
0 0 9970
0 0 670
-1
0 0 10691
-1
-1
-1
0 0 10390
1 28062 28062
1 20367 20367
1 18706 18706
1 8508 8508
1 140 140
0 0 12433
1 10773 10773
1 5684 5684
-1
-1
-1
-1
1 29193 29193
-1
-1
1 17652 17652
-1
0 0 12517
0 0 14509
0 0 15532
-1
0 0 14675
1 27924 27924
1 2275 2275
1 12140 12140
1 31493 31493
-1
1 24243 24243
1 20160 20160
0 0 3376
1 32242 32242
-1
-1
-1
1 21362 21362
1 14921 14921
1 2812 2812
0 0 8176
0 0 2803
0 0 8251
-1
-1
0 0 12575
1 28343 28343
-1
-1
-1
1 32078 32078
-1
1 26960 26960
0 0 14705
-1
0 0 9741
-1
0 0 4745
-1
-1
-1
1 21998 21998
0 0 15197
1 19838 19838
-1
-1
-1
0 0 4282
0 0 12949
-1
0 0 9441
0 0 10393
1 23183 23183
0 0 10128
1 25966 25966
1 17247 17247
-1
0 0 7905
-1
0 0 2507
1 16915 16915
1 6367 6367
0 0 15349
-1
0 0 5646
0 0 15862
1 21466 21466
1 8267 8267
0 0 74
-1
0 0 11312
0 0 16033
1 28063 28063
-1
0 0 7406
-1
0 0 8188
0 0 3519
1 6534 6534
-1
-1
-1
-1
1 13165 13165
0 0 2486
1 18948 18948
-1
0 0 7655
0 0 13744
1 13304 13304
1 11405 11405
-1
-1
-1
0 0 3461
1 21185 21185
1 1137 1137
0 0 7260
1 14252 14252
0 0 15440
0 0 6320
0 0 1012
-1
-1
0 0 16247
0 0 13492
0 0 813
0 0 11917
-1
0 0 10294
1 15168 15168
-1
0 0 7728
-1
1 17652 17652
1 20973 20973
1 3257 3257
-1
-1
0 0 4998
0 0 10185
-1
-1
1 19832 19832
1 10137 10137
1 3016 3016
1 3311 3311
0 0 7870
-1
-1
1 15752 15752
-1
0 0 13790
1 6978 6978
-1
-1
1 6293 6293
-1
-1
-1
1 3342 3342
1 25714 25714
1 30430 30430
1 10880 10880
1 31288 31288
0 0 10912
-1
0 0 1657
0 0 5210
-1
0 0 10626
0 0 9900
0 0 5278
-1
-1
0 0 12820
0 0 10893
1 8434 8434
1 13270 13270
1 22356 22356
0 0 3927
1 16019 16019
0 0 14808
-1
-1
1 19173 19173
-1
0 0 13403
0 0 12905
0 0 6292
1 29801 29801
0 0 838
1 30728 30728
0 0 7656
1 21150 21150
-1
-1
1 10502 10502
-1
1 1214 1214
1 2464 2464
-1
-1
1 14064 14064
1 17055 17055
1 4415 4415
1 20618 20618
0 0 4311
0 0 270
-1
0 0 6912
1 30857 30857
0 0 10891
-1
0 0 5169
1 23809 23809
0 0 8978
1 27409 27409
1 23104 23104
-1
0 0 9972
0 0 13217
1 4729 4729
-1
-1
0 0 15716
1 5314 5314
0 0 10621
1 32155 32155
0 0 12727
-1
-1
0 0 2269
0 0 3479
0 0 3263
0 0 5642
-1
1 3257 3257
1 8191 8191
-1
-1
0 0 3065
-1
0 0 7342
-1
1 26227 26227
-1
-1
-1
-1
-1
1 5392 5392
0 0 16138
0 0 1942
0 0 6514
1 19412 19412
1 12824 12824
0 0 717
-1
-1
-1
-1
1 31585 31585
-1
0 0 12706
1 28192 28192
1 12776 12776
-1
0 0 3780
1 12324 12324
-1
0 0 2333
0 0 12750
-1
-1
-1
-1
-1
1 1643 1643
0 0 15518
-1
1 3588 3588
0 0 14418
1 3841 3841
0 0 12236
0 0 12948
-1
0 0 7363
0 0 13015
0 0 66
1 9523 9523
0 0 9525
1 20379 20379
0 0 16017
0 0 11108
1 23358 23358
-1
0 0 15901
0 0 4194
0 0 3331
0 0 6599
-1
1 14748 14748
1 26048 26048
-1
-1
1 7826 7826
1 15064 15064
0 0 3135
0 0 2347
0 0 1568
1 28593 28593
-1
-1
1 18195 18195
-1
1 7348 7348
1 25974 25974
1 13260 13260
0 0 6007
-1
1 20425 20425
1 16385 16385
0 0 5167
0 0 16347
0 0 6774
0 0 3405
-1
-1
0 0 15583
1 15445 15445
1 25428 25428
1 12878 12878
1 8143 8143
1 16451 16451
-1
0 0 12044
1 18912 18912
1 3145 3145
-1
0 0 13123
0 0 2102
1 18848 18848
-1
1 4264 4264
-1
-1
-1
0 0 4051
1 19540 19540
0 0 2148
1 15437 15437
0 0 2718
0 0 3027
1 23090 23090
1 21199 21199
-1
0 0 557
-1
1 21506 21506
1 9981 9981
-1
1 6873 6873
1 22830 22830
-1
1 25742 25742
-1
-1
0 0 15659
-1
1 21635 21635
-1
-1
1 9281 9281
1 19659 19659
-1
0 0 9847
0 0 5211
1 22954 22954
1 12004 12004
-1
1 5636 5636
-1
1 12768 12768
0 0 15064
1 15453 15453
-1
1 509 509
-1
1 14248 14248
-1
0 0 11990
0 0 14946
0 0 10754
-1
-1
-1
0 0 8479
1 30851 30851
0 0 10281
-1
0 0 3630
-1
-1
0 0 10676
-1
1 25601 25601
1 14192 14192
1 9413 9413
-1
-1
-1
1 24592 24592
1 32453 32453
-1
-1
0 0 6690
0 0 12566
-1
-1
0 0 5049
0 0 11660
0 0 13194
-1
1 30522 30522
-1
0 0 7389
1 11146 11146
0 0 9386
1 5408 5408
1 26268 26268
0 0 12886
0 0 5639
0 0 2601
1 19842 19842
0 0 4632
0 0 13154
0 0 16152
-1
0 0 9085
0 0 3381
1 16455 16455
0 0 3783
0 0 4143
0 0 6404
0 0 363
1 17635 17635
1 22182 22182
1 9016 9016
-1
1 9111 9111
0 0 1992
0 0 16212
-1
-1
0 0 13928
0 0 10319
0 0 3958
-1
1 22668 22668
1 20849 20849
-1
0 0 14808
-1
-1
1 23487 23487
0 0 1379
0 0 13480
1 28776 28776
1 23753 23753
0 0 9160
0 0 11956
1 28704 28704
0 0 7902
-1
1 18206 18206
-1
1 24187 24187
1 17613 17613
0 0 13100
-1
1 535 535
0 0 15594
-1
0 0 10404
1 25434 25434
-1
0 0 14693
-1
-1
-1
1 21275 21275
0 0 15042
0 0 9659
-1
1 14370 14370
-1
0 0 7027
-1
0 0 2054
1 19091 19091
0 0 273
0 0 14388
0 0 15743
1 10276 10276
0 0 12542
0 0 8799
0 0 11206
-1
0 0 1784
1 14610 14610
0 0 4000
1 6973 6973
-1
-1
-1
-1
-1
-1
0 0 7173
0 0 10396
0 0 15933
-1
1 9080 9080
0 0 16359
-1
0 0 4581
0 0 3038
-1
0 0 5379
1 1560 1560
-1
0 0 1986
1 23167 23167
1 26188 26188
0 0 12284
0 0 603
1 324 324
0 0 7834
0 0 15603
-1
-1
1 16370 16370
1 4510 4510
1 2254 2254
0 0 3251
-1
1 26042 26042
-1
1 32546 32546
0 0 1803
1 7375 7375
1 31979 31979
1 15584 15584
1 11746 11746
1 4578 4578
1 31376 31376
1 27027 27027
1 849 849
1 28908 28908
0 0 6587
0 0 15535
0 0 10323
0 0 4527
-1
0 0 2318
0 0 7101
-1
1 2074 2074
-1
1 317 317
-1
-1
0 0 3238
1 14254 14254
0 0 1752
0 0 14303
-1
0 0 1713
-1
0 0 6664
1 19191 19191
0 0 2849
1 16729 16729
1 2189 2189
1 3758 3758
0 0 10246
-1
0 0 6148
1 11819 11819
-1
-1
-1
-1
0 0 8379
-1
0 0 351
0 0 2717
0 0 6426
-1
0 0 14918
-1
1 1817 1817
0 0 10930
1 22397 22397
0 0 5851
1 16005 16005
1 9144 9144
0 0 12583
1 18973 18973
1 941 941
-1
0 0 7526
0 0 2103
-1
1 1512 1512
0 0 11055
0 0 13075
1 26410 26410
0 0 5358
0 0 5436
1 20852 20852
1 18574 18574
1 4364 4364
-1
0 0 16095
1 16075 16075
-1
0 0 4803
0 0 2061
0 0 12893
-1
1 19533 19533
-1
1 1288 1288
-1
0 0 7712
-1
0 0 6491
0 0 4602
1 12989 12989
1 28317 28317
-1
-1
0 0 4120
1 7110 7110
0 0 5998
1 2748 2748
-1
-1
1 18811 18811
1 9198 9198
0 0 6671
0 0 14295
1 27334 27334
1 30844 30844
1 12124 12124
1 31555 31555
1 28387 28387
1 23218 23218
1 7189 7189
-1
1 7499 7499
1 724 724
1 20893 20893
1 8642 8642
1 29003 29003
0 0 3532
0 0 9902
1 24890 24890
-1
-1
-1
-1
1 23916 23916
-1
0 0 3901
1 31039 31039
-1
1 12310 12310
1 399 399
0 0 7048
1 3391 3391
1 23821 23821
-1
0 0 12941
-1
-1
1 25298 25298
1 26113 26113
0 0 7167
0 0 9263
1 16555 16555
1 24093 24093
0 0 13587
1 20616 20616
1 1725 1725
0 0 11260
-1
-1
1 13582 13582
-1
1 7213 7213
-1
-1
-1
0 0 1712
1 30067 30067
1 12269 12269
1 29978 29978
-1
1 5684 5684
-1
-1
0 0 1115
0 0 11964
0 0 12041
-1
1 26023 26023
0 0 13229
1 14791 14791
1 16953 16953
-1
1 16743 16743
-1
-1
1 6542 6542
1 10018 10018
1 11756 11756
0 0 8540
1 11722 11722
1 3712 3712
-1
-1
1 3569 3569
-1
1 19909 19909
1 32694 32694
1 1976 1976
1 22851 22851
-1
1 7062 7062
1 24105 24105
0 0 3756
1 4221 4221
-1
1 21025 21025
0 0 14009
0 0 10608
1 1670 1670
1 31441 31441
1 3914 3914
1 26235 26235
-1
-1
-1
-1
1 24100 24100
-1
1 1761 1761
1 18794 18794
-1
-1
0 0 2732
0 0 14491
-1
1 26128 26128
0 0 10239
0 0 9752
1 2587 2587
-1
0 0 12904
1 13639 13639
-1
1 20505 20505
-1
1 11003 11003
-1
-1
-1
1 32740 32740
0 0 5506
1 23926 23926
-1
-1
-1
1 26594 26594
-1
-1
1 1930 1930
0 0 3199
1 12292 12292
0 0 3515
1 18133 18133
1 28309 28309
1 28701 28701
1 23087 23087
1 18963 18963
-1
1 22277 22277
-1
1 18586 18586
0 0 6729
-1
0 0 11991
1 22897 22897
1 24629 24629
0 0 10200
1 5416 5416
0 0 11242
-1
0 0 3718
1 28512 28512
-1
0 0 9707
0 0 14516
0 0 9489
1 27191 27191
-1
1 9011 9011
1 27725 27725
0 0 14616
1 17798 17798
1 8910 8910
1 9812 9812
-1
1 12344 12344
0 0 903
0 0 8543
1 29044 29044
0 0 304
0 0 13536
-1
1 8050 8050
1 13203 13203
-1
-1
1 18769 18769
0 0 7773
1 31588 31588
-1
1 3565 3565
-1
-1
-1
0 0 13420
-1
-1
1 9620 9620
1 14035 14035
0 0 3002
1 15409 15409
0 0 99
-1
1 3482 3482
1 8060 8060
0 0 5664
1 20501 20501
-1
-1
-1
-1
1 17169 17169
1 6259 6259
0 0 5016
-1
-1
1 26727 26727
1 23859 23859
-1
1 21485 21485
-1
-1
-1
-1
1 11739 11739
0 0 16222
-1
1 1223 1223
0 0 8558
-1
0 0 9492
0 0 11505
-1
0 0 4196
-1
0 0 16317
1 9808 9808
0 0 6077
1 28995 28995
0 0 8859
-1
-1
0 0 7701
1 25373 25373
0 0 6573
-1
0 0 13207
-1
0 0 8884
0 0 13416
1 2100 2100
1 21514 21514
-1
0 0 9253
-1
0 0 11931
-1
-1
0 0 13495
-1
-1
1 10998 10998
-1
-1
1 21573 21573
-1
0 0 6678
1 26980 26980
-1
0 0 14626
1 123 123
0 0 8842
1 1910 1910
-1
1 6144 6144
0 0 98
0 0 9563
-1
-1
-1
-1
-1
1 12215 12215
0 0 5545
-1
0 0 9178
-1
-1
1 25056 25056
0 0 10619
0 0 2226
0 0 3027
0 0 722
1 31078 31078
0 0 2816
1 29514 29514
0 0 8685
1 11362 11362
0 0 12076
0 0 11469
0 0 2483
-1
1 4603 4603
0 0 3521
0 0 4302
0 0 14065
1 21286 21286
-1
-1
-1
-1
1 4090 4090
1 15013 15013
1 15105 15105
1 22428 22428
-1
-1
-1
-1
-1
-1
1 26758 26758
-1
0 0 4919
-1
-1
1 5890 5890
0 0 11105
1 207 207
0 0 1597
0 0 13187
0 0 3885
-1
1 32648 32648
1 31237 31237
-1
0 0 8345
-1
0 0 5359
-1
-1
1 32400 32400
-1
1 15979 15979
-1
-1
1 3106 3106
1 22628 22628
-1
1 6550 6550
-1
0 0 213
-1
-1
0 0 7922
1 30322 30322
-1
0 0 13441
-1
0 0 2271
-1
1 24856 24856
0 0 15674
1 17895 17895
-1
1 3712 3712
1 19672 19672
-1
1 20083 20083
0 0 13760
0 0 3123
-1
-1
1 17654 17654
1 5588 5588
-1
1 13782 13782
-1
0 0 3268
1 19118 19118
-1
0 0 14407
0 0 15376
0 0 6385
0 0 1316
-1
0 0 7542
-1
1 21168 21168
1 11952 11952
1 9329 9329
-1
0 0 486
1 17534 17534
1 1253 1253
1 7807 7807
0 0 13488
-1
-1
0 0 611
1 29090 29090
-1
-1
0 0 15929
0 0 1246
-1
0 0 1806
-1
0 0 9509
-1
1 3089 3089
1 19747 19747
1 29666 29666
0 0 5274
-1
0 0 10055
0 0 7619
1 4608 4608
1 25128 25128
1 4906 4906
-1
-1
-1
-1
1 14936 14936
0 0 2166
-1
1 13922 13922
-1
0 0 1071
-1
-1
0 0 2431
-1
-1
-1
0 0 8593
-1
0 0 8287
1 12948 12948
1 30972 30972
0 0 13596
-1
-1
1 14016 14016
0 0 13029
-1
-1
0 0 2953
0 0 12918
1 20436 20436
1 7264 7264
1 27021 27021
-1
0 0 14690
-1
1 8000 8000
1 24736 24736
0 0 14308
1 23504 23504
1 1837 1837
0 0 7138
0 0 10308
-1
-1
-1
0 0 1716
-1
-1
-1
0 0 10493
1 4371 4371
1 14891 14891
1 10601 10601
0 0 2243
-1
-1
1 2192 2192
-1
1 26174 26174
0 0 12949
1 8401 8401
-1
0 0 12264
0 0 1278
-1
-1
0 0 4838
0 0 9571
-1
1 26812 26812
0 0 3716
0 0 13333
0 0 15164
1 6401 6401
-1
1 12607 12607
0 0 10345
-1
-1
0 0 12295
-1
1 9742 9742
-1
1 17944 17944
0 0 13728
1 31986 31986
0 0 8707
-1
0 0 6626
1 23933 23933
-1
1 11792 11792
-1
0 0 6079
0 0 11742
1 14527 14527
-1
-1
0 0 10763
1 5417 5417
-1
0 0 1240
-1
1 5517 5517
0 0 862
-1
0 0 7894
1 16035 16035
0 0 3249
1 8981 8981
1 17876 17876
-1
-1
1 24892 24892
1 26426 26426
0 0 2688
0 0 13567
0 0 16191
0 0 10964
-1
1 18857 18857
0 0 8397
-1
-1
-1
1 6655 6655
-1
0 0 4876
-1
1 9296 9296
0 0 16307
1 5801 5801
1 10729 10729
1 32486 32486
1 27613 27613
1 3989 3989
0 0 13672
0 0 14118
1 27062 27062
0 0 13722
1 23688 23688
0 0 10466
0 0 12184
1 14033 14033
0 0 2517
0 0 13281
1 11107 11107
1 24360 24360
1 8165 8165
1 25198 25198
0 0 12123
1 11499 11499
1 27772 27772
1 19490 19490
0 0 8627
0 0 2209
1 28872 28872
-1
0 0 6914
1 16966 16966
1 12466 12466
1 23068 23068
1 19960 19960
-1
1 3386 3386
1 13469 13469
-1
0 0 2881
0 0 12922
0 0 12752
0 0 2633
-1
0 0 578
0 0 16131
0 0 12884
0 0 5184
0 0 13205
0 0 12017
-1
0 0 3685
1 18226 18226
-1
-1
0 0 13105
0 0 16191
-1
0 0 7938
1 31760 31760
1 14089 14089
0 0 14537
-1
1 15754 15754
1 27482 27482
1 2465 2465
-1
1 24576 24576
1 14099 14099
0 0 11147
1 5343 5343
0 0 5450
-1
-1
0 0 14913
1 735 735
1 15258 15258
1 9242 9242
-1
0 0 9395
0 0 709
0 0 5102
1 17694 17694
0 0 790
0 0 11539
1 17007 17007
1 20498 20498
0 0 12944
-1
1 25964 25964
0 0 8299
1 682 682
0 0 11456
1 22310 22310
0 0 3741
-1
-1
1 14111 14111
0 0 5875
1 6232 6232
-1
0 0 10568
1 30416 30416
-1
0 0 12851
0 0 9330
0 0 16355
-1
-1
1 62 62
-1
-1
0 0 132
0 0 13559
1 26416 26416
0 0 2501
-1
1 5889 5889
0 0 10864
-1
1 14610 14610
-1
0 0 12557
0 0 13993
-1
1 18666 18666
1 22863 22863
1 21072 21072
0 0 11124
-1
-1
0 0 13414
0 0 941
1 21323 21323
-1
1 15147 15147
0 0 5916
-1
0 0 13902
1 14911 14911
0 0 8196
1 3763 3763
-1
-1
-1
-1
1 2661 2661
0 0 16019
0 0 13826
1 32501 32501
1 2588 2588
1 29547 29547
-1
1 19292 19292
0 0 15370
-1
0 0 3595
1 25376 25376
1 863 863
-1
0 0 5671
-1
-1
0 0 5327
1 8777 8777
0 0 8899
-1
0 0 15382
1 5912 5912
-1
-1
-1
0 0 4337
1 3002 3002
-1
-1
1 6246 6246
-1
0 0 14975
1 15168 15168
0 0 4023
-1
0 0 12032
-1
0 0 1456
-1
-1
-1
1 4277 4277
1 519 519
0 0 11476
1 26220 26220
1 17524 17524
-1
0 0 4418
-1
0 0 13919
1 21892 21892
-1
1 17237 17237
1 8519 8519
0 0 8583
0 0 514
1 21331 21331
1 15317 15317
-1
0 0 15404
0 0 5386
1 6339 6339
-1
-1
-1
-1
-1
0 0 16233
1 22986 22986
0 0 9608
0 0 4088
0 0 3471
-1
1 2698 2698
0 0 8432
1 23151 23151
-1
0 0 2252
1 28115 28115
0 0 13300
-1
1 251 251
0 0 14273
-1
-1
1 3845 3845
-1
0 0 11658
-1
-1
0 0 317
-1
-1
0 0 8095
0 0 7195
-1
0 0 10996
-1
-1
1 23246 23246
0 0 11089
0 0 951
-1
0 0 2648
1 25973 25973
1 5078 5078
0 0 16244
1 17392 17392
0 0 15854
0 0 8958
0 0 2168
-1
0 0 8291
-1
1 16323 16323
-1
0 0 8842
-1
0 0 13943
1 27832 27832
0 0 2062
1 253 253
-1
0 0 9589
1 31786 31786
0 0 12045
1 12935 12935
1 24476 24476
-1
-1
1 5520 5520
1 8246 8246
-1
0 0 12637
0 0 660
-1
0 0 8207
-1
1 21860 21860
0 0 2614
1 22452 22452
1 21472 21472
-1
0 0 4863
0 0 6854
-1
0 0 6466
-1
0 0 7701
1 24112 24112
0 0 16326
0 0 6039
0 0 13378
-1
1 18048 18048
-1
-1
-1
0 0 7993
0 0 4897
-1
1 16928 16928
1 5673 5673
1 15689 15689
0 0 624
-1
0 0 11346
1 1838 1838
-1
0 0 7914
1 8593 8593
-1
-1
0 0 14017
1 8660 8660
0 0 5527
1 5106 5106
-1
0 0 14851
-1
0 0 8500
1 1052 1052
0 0 8314
-1
0 0 6477
1 24963 24963
1 13341 13341
1 21993 21993
1 4628 4628
-1
1 16437 16437
1 21387 21387
-1
0 0 12711
0 0 6610
-1
-1
1 16164 16164
-1
-1
1 32347 32347
0 0 6531
-1
1 9046 9046
0 0 4466
0 0 657
1 22556 22556
-1
-1
-1
0 0 14405
-1
0 0 3077
1 5783 5783
-1
1 24471 24471
0 0 2895
-1
1 14795 14795
1 5170 5170
-1
0 0 436
1 23570 23570
0 0 5851
1 27675 27675
1 31844 31844
-1
1 30576 30576
0 0 2074
-1
-1
-1
1 12908 12908
0 0 12376
-1
1 7748 7748
0 0 6494
0 0 9858
-1
1 16662 16662
1 11922 11922
0 0 10188
1 21583 21583
-1
-1
1 6114 6114
-1
-1
1 31950 31950
0 0 6067
-1
-1
-1
0 0 7456
1 30280 30280
0 0 7555
0 0 4176
1 1952 1952
0 0 6943
1 12548 12548
-1
0 0 14628
-1
0 0 16261
-1
1 4369 4369
-1
-1
1 13417 13417
0 0 7090
0 0 15052
-1
1 23375 23375
0 0 8928
-1
1 20651 20651
0 0 14654
0 0 9502
0 0 5168
1 7756 7756
-1
1 28922 28922
1 15963 15963
0 0 11466
1 18052 18052
-1
1 13079 13079
1 16825 16825
0 0 13778
1 16196 16196
-1
1 31556 31556
1 31390 31390
-1
0 0 11541
0 0 3144
0 0 14044
1 20073 20073
-1
1 29266 29266
0 0 11286
-1
0 0 4774
1 20492 20492
-1
-1
0 0 8526
-1
1 14287 14287
0 0 6130
-1
-1
1 12471 12471
0 0 7763
1 30141 30141
1 23854 23854
1 4457 4457
0 0 14983
1 30399 30399
1 18447 18447
1 1380 1380
0 0 3784
0 0 16302
0 0 567
0 0 1549
1 3627 3627
1 27827 27827
0 0 8869
-1
-1
-1
1 2034 2034
1 3651 3651
0 0 15953
1 1529 1529
1 15499 15499
0 0 13935
0 0 10356
0 0 13011
-1
0 0 9923
-1
1 2691 2691
-1
0 0 1911
-1
-1
1 13412 13412
-1
1 23941 23941
0 0 12992
-1
0 0 13072
1 23746 23746
1 25855 25855
1 15045 15045
-1
-1
1 13669 13669
1 7030 7030
-1
-1
0 0 8210
-1
1 1776 1776
1 31744 31744
1 23519 23519
1 2574 2574
-1
0 0 11571
1 8432 8432
0 0 15466
1 13282 13282
-1
-1
1 9355 9355
-1
1 23363 23363
1 31732 31732
1 15732 15732
0 0 16233
1 20571 20571
0 0 12750
-1
-1
0 0 15246
0 0 14464
-1
0 0 9329
0 0 4709
1 26752 26752
-1
-1
0 0 15710
1 23337 23337
0 0 8401
0 0 6457
-1
0 0 5535
1 24277 24277
-1
0 0 14870
1 24763 24763
1 23971 23971
-1
1 27452 27452
1 19913 19913
-1
0 0 11923
-1
0 0 421
1 5792 5792
-1
-1
-1
-1
-1
1 9949 9949
0 0 6098
0 0 5113
1 29870 29870
-1
1 31301 31301
-1
1 22509 22509
0 0 10552
0 0 9967
1 8756 8756
0 0 8325
-1
-1
1 8478 8478
0 0 8089
0 0 15420
0 0 10404
0 0 15774
1 13194 13194
0 0 6737
0 0 12093
-1
1 23974 23974
0 0 11934
0 0 9272
1 7719 7719
0 0 7176
1 24099 24099
-1
-1
1 9417 9417
-1
-1
0 0 15781
-1
0 0 9235
-1
1 13614 13614
-1
-1
0 0 6723
1 6209 6209
-1
-1
-1
1 30507 30507
0 0 11183
-1
-1
1 8163 8163
0 0 1707
-1
0 0 2586
-1
0 0 7434
0 0 2702
1 1960 1960
1 29258 29258
-1
0 0 11979
-1
-1
-1
0 0 14282
-1
0 0 6759
0 0 1067
1 19516 19516
1 19145 19145
1 4007 4007
0 0 1387
0 0 1632
0 0 13743
0 0 12548
-1
1 25328 25328
1 23733 23733
0 0 9117
0 0 1492
1 27048 27048
-1
-1
-1
1 17756 17756
-1
-1
-1
-1
1 15666 15666
0 0 14499
1 16165 16165
0 0 6196
-1
1 17528 17528
1 25451 25451
0 0 7814
-1
1 700 700
-1
1 2624 2624
-1
-1
-1
-1
0 0 1876
-1
1 25039 25039
-1
0 0 7741
1 14222 14222
-1
0 0 9605
0 0 8442
-1
0 0 15119
-1
0 0 16354
1 4128 4128
-1
0 0 8945
-1
-1
1 28799 28799
0 0 13421
0 0 14990
0 0 15266
1 19288 19288
1 2282 2282
-1
0 0 10667
-1
0 0 12857
0 0 9337
0 0 12921
0 0 8059
-1
0 0 15698
-1
1 24380 24380
0 0 13361
1 27384 27384
-1
0 0 13512
0 0 16378
0 0 6147
0 0 843
1 17818 17818
1 8787 8787
0 0 3853
1 5650 5650
-1
0 0 10659
-1
0 0 5226
-1
0 0 11414
0 0 1096
-1
1 17410 17410
0 0 9912
0 0 1669
0 0 10861
0 0 12252
1 32022 32022
-1
1 19525 19525
1 13850 13850
1 6455 6455
1 19344 19344
0 0 12834
0 0 14462
1 14204 14204
1 27759 27759
-1
0 0 473
1 8869 8869
0 0 13836
1 21994 21994
1 26490 26490
0 0 15746
-1
0 0 555
0 0 5126
1 9988 9988
0 0 7962
0 0 12018
0 0 8201
-1
1 26908 26908
0 0 7172
0 0 8916
-1
-1
-1
1 26341 26341
0 0 6964
1 5826 5826
1 3851 3851
-1
1 3063 3063
-1
1 27514 27514
1 18260 18260
0 0 2282
0 0 655
0 0 1101
0 0 3448
-1
1 8813 8813
1 29576 29576
1 23553 23553
1 23943 23943
-1
0 0 2199
0 0 13806
-1
1 10115 10115
0 0 7015
0 0 8038
1 27243 27243
1 31489 31489
-1
-1
0 0 13496
0 0 14945
-1
1 14550 14550
1 12969 12969
0 0 15123
-1
1 18376 18376
-1
0 0 9886
-1
1 21120 21120
-1
1 14665 14665
-1
1 1931 1931
-1
1 16194 16194
1 11697 11697
-1
1 3096 3096
0 0 10026
1 13017 13017
-1
1 2691 2691
1 13411 13411
-1
-1
1 28634 28634
0 0 12607
0 0 6316
-1
-1
-1
1 3437 3437
1 13772 13772
-1
-1
1 16369 16369
0 0 6506
0 0 14958
0 0 15166
1 6421 6421
1 17090 17090
1 28993 28993
1 19755 19755
-1
0 0 12514
-1
0 0 14188
1 4773 4773
0 0 16126
-1
-1
-1
1 1026 1026
0 0 5987
0 0 12426
-1
0 0 7599
1 30248 30248
1 982 982
0 0 3434
0 0 14727
1 25357 25357
1 28416 28416
1 8479 8479
-1
1 15610 15610
1 27438 27438
-1
-1
0 0 8130
1 30127 30127
0 0 15870
0 0 1068
-1
-1
-1
-1
-1
-1
-1
0 0 13817
1 5735 5735
-1
1 19880 19880
-1
-1
0 0 13547
0 0 921
-1
-1
0 0 419
-1
1 19244 19244
1 27799 27799
1 18864 18864
1 3324 3324
0 0 14564
1 20361 20361
-1
-1
-1
1 26273 26273
-1
0 0 4687
-1
-1
0 0 12942
-1
1 13 13
-1
-1
0 0 10999
1 11662 11662
-1
0 0 977
1 29517 29517
1 21470 21470
0 0 14280
-1
1 7689 7689
1 3526 3526
-1
0 0 8840
0 0 4956
1 17797 17797
0 0 1572
1 24002 24002
1 32581 32581
1 12621 12621
0 0 5891
0 0 8812
1 17259 17259
0 0 4066
1 13430 13430
1 9957 9957
1 4411 4411
0 0 2626
-1
0 0 6357
0 0 6350
1 13469 13469
1 12835 12835
0 0 13393
-1
-1
-1
0 0 9404
-1
1 27983 27983
1 8345 8345
-1
-1
0 0 5093
1 1229 1229
1 28020 28020
1 5536 5536
1 23132 23132
-1
1 14197 14197
1 26169 26169
0 0 3692
0 0 7514
1 12812 12812
1 32292 32292
-1
-1
1 20842 20842
1 20 20
-1
0 0 3337
0 0 14201
0 0 7878
-1
-1
-1
-1
1 27828 27828
-1
-1
1 15952 15952
0 0 3767
1 32696 32696
1 18179 18179
-1
-1
0 0 8844
-1
1 26666 26666
0 0 8440
1 14111 14111
-1
0 0 14347
1 21673 21673
-1
0 0 4756
-1
1 27154 27154
1 11589 11589
0 0 8560
-1
0 0 15491
0 0 8466
-1
0 0 5152
-1
1 30258 30258
0 0 366
-1
1 10943 10943
0 0 12126
1 27843 27843
0 0 2071
-1
0 0 15255
-1
0 0 16154
-1
1 24962 24962
-1
1 25751 25751
-1
1 30406 30406
1 11454 11454
-1
1 14590 14590
1 10141 10141
-1
0 0 14264
0 0 11734
1 11455 11455
0 0 11204
1 7542 7542
1 15624 15624
-1
1 3247 3247
-1
1 19197 19197
-1
1 17466 17466
0 0 2181
1 15727 15727
0 0 12380
1 14006 14006
1 12960 12960
0 0 4441
1 12605 12605
1 14179 14179
-1
0 0 7690
0 0 5670
0 0 15450
-1
0 0 5416
0 0 6858
1 8405 8405
-1
-1
-1
-1
0 0 2370
0 0 4170
1 31729 31729
-1
-1
0 0 7151
0 0 11812
-1
1 29425 29425
0 0 9665
0 0 12590
-1
-1
1 25861 25861
-1
0 0 152
-1
1 2138 2138
-1
0 0 11494
0 0 4588
-1
1 14260 14260
1 9725 9725
1 13339 13339
0 0 11726
0 0 5860
0 0 1478
1 28088 28088
-1
1 10307 10307
0 0 13883
1 12171 12171
0 0 133
1 9498 9498
-1
-1
1 6602 6602
-1
-1
1 24430 24430
-1
0 0 143
-1
1 27868 27868
1 8639 8639
0 0 143
1 24695 24695
1 574 574
1 9646 9646
1 22047 22047
-1
1 8979 8979
-1
1 22012 22012
-1
1 21426 21426
0 0 8274
-1
-1
1 20932 20932
1 29599 29599
1 7581 7581
-1
0 0 3682
-1
0 0 14653
-1
1 20103 20103
1 21258 21258
1 15720 15720
1 4341 4341
0 0 8663
1 13221 13221
-1
0 0 5677
-1
-1
1 25607 25607
1 10437 10437
1 23529 23529
-1
1 21875 21875
-1
1 21225 21225
1 28414 28414
-1
0 0 7212
1 13868 13868
0 0 10454
-1
-1
1 32763 32763
1 19593 19593
-1
1 25124 25124
1 28786 28786
1 30108 30108
1 28241 28241
0 0 16266
-1
0 0 2544
1 28215 28215
-1
0 0 761
-1
-1
1 6462 6462
1 13531 13531
0 0 3538
1 27584 27584
-1
1 24360 24360
0 0 13358
-1
1 31984 31984
-1
-1
-1
1 9709 9709
0 0 12517
-1
1 30036 30036
-1
-1
0 0 14748
1 23966 23966
0 0 8444
1 210 210
0 0 11548
-1
0 0 13752
-1
1 19595 19595
-1
0 0 10902
-1
1 23612 23612
1 31500 31500
1 32674 32674
-1
-1
1 23176 23176
0 0 702
0 0 285
0 0 3868
-1
1 4127 4127
-1
1 27749 27749
-1
0 0 3597
0 0 3685
0 0 3160
0 0 3283
-1
-1
-1
-1
1 5493 5493
1 25638 25638
0 0 15794
1 23142 23142
-1
-1
-1
0 0 1481
1 12607 12607
0 0 16066
1 15700 15700
0 0 11572
-1
1 23302 23302
-1
1 12959 12959
0 0 308
-1
0 0 5729
0 0 8445
0 0 2831
-1
0 0 15268
0 0 7274
0 0 16272
1 28015 28015
0 0 16279
-1
0 0 8363
-1
-1
1 24156 24156
-1
1 28845 28845
1 24923 24923
-1
-1
1 10586 10586
1 9825 9825
1 7327 7327
1 9290 9290
0 0 8105
-1
0 0 9671
0 0 5367
-1
-1
-1
-1
-1
-1
0 0 13973
-1
1 5459 5459
-1
1 18233 18233
0 0 14752
-1
0 0 14677
0 0 14656
1 29974 29974
0 0 15812
0 0 7732
0 0 10833
-1
-1
-1
0 0 7595
0 0 5849
0 0 1825
-1
0 0 11893
0 0 14663
1 30755 30755
1 21083 21083
0 0 5213
0 0 811
1 20830 20830
0 0 11287
-1
1 16024 16024
-1
1 13531 13531
0 0 5753
1 11154 11154
0 0 7929
-1
0 0 2814
-1
1 10400 10400
0 0 5553
0 0 11716
1 30007 30007
-1
-1
-1
1 4197 4197
0 0 3882
1 23730 23730
0 0 15521
1 30294 30294
-1
0 0 12614
0 0 8027
0 0 4134
0 0 10011
1 30410 30410
-1
0 0 1696
1 26171 26171
1 12269 12269
0 0 1184
-1
-1
1 16108 16108
1 27538 27538
-1
0 0 1622
1 19376 19376
0 0 7087
1 24524 24524
-1
-1
1 20471 20471
0 0 9980
-1
0 0 5627
0 0 11294
1 15624 15624
0 0 5626
0 0 8520
0 0 12691
0 0 7765
0 0 4515
1 17954 17954
1 29760 29760
-1
1 10190 10190
0 0 1643
-1
1 27370 27370
0 0 1266
0 0 3945
0 0 3722
1 17645 17645
1 14772 14772
1 17066 17066
1 21320 21320
-1
-1
-1
1 32161 32161
1 24759 24759
0 0 8879
-1
0 0 9478
1 19356 19356
0 0 1692
0 0 9539
-1
1 25236 25236
-1
0 0 1822
0 0 8608
1 7407 7407
1 4066 4066
1 780 780
-1
0 0 13721
-1
1 27840 27840
1 3819 3819
-1
1 2711 2711
1 25884 25884
0 0 12987
1 11909 11909
1 20218 20218
0 0 13354
0 0 10027
0 0 13712
0 0 10936
0 0 6346
-1
0 0 478
1 8179 8179
1 26492 26492
-1
-1
-1
0 0 3149
1 18835 18835
0 0 15012
0 0 12808
-1
0 0 4585
1 29542 29542
-1
0 0 9414
0 0 12745
1 20700 20700
0 0 8003
1 11975 11975
-1
-1
-1
1 779 779
1 25770 25770
-1
1 16338 16338
-1
-1
1 21320 21320
1 19453 19453
-1
-1
0 0 5773
-1
1 26538 26538
0 0 15383
-1
0 0 15459
-1
1 6405 6405
1 10599 10599
1 31498 31498
1 14334 14334
1 20250 20250
1 23630 23630
-1
1 2529 2529
1 16858 16858
0 0 4991
-1
1 11051 11051
1 9669 9669
1 1777 1777
1 7200 7200
1 14559 14559
-1
0 0 6633
1 638 638
0 0 15673
-1
1 5120 5120
0 0 12498
-1
1 9250 9250
1 273 273
0 0 1635
1 1621 1621
0 0 12381
0 0 11814
1 15469 15469
-1
0 0 7507
1 29486 29486
-1
1 26258 26258
-1
-1
0 0 1162
1 29771 29771
0 0 7793
-1
1 28236 28236
-1
-1
1 31264 31264
-1
-1
0 0 10302
-1
-1
0 0 15282
1 6667 6667
-1
1 29862 29862
0 0 10734
1 13409 13409
1 25570 25570
0 0 13762
0 0 15838
0 0 7159
1 26613 26613
1 1792 1792
-1
-1
1 1759 1759
-1
1 7156 7156
0 0 14184
-1
-1
0 0 15493
-1
1 30127 30127
1 5940 5940
-1
0 0 4445
1 24913 24913
0 0 1643
0 0 5788
-1
-1
-1
1 14149 14149
1 2294 2294
1 20517 20517
0 0 4513
-1
1 17599 17599
1 31179 31179
0 0 11282
0 0 8209
-1
0 0 10975
0 0 9055
1 28961 28961
0 0 7867
0 0 11356
1 30380 30380
1 8291 8291
0 0 7136
0 0 12310
0 0 7920
1 18528 18528
0 0 2327
-1
1 26911 26911
-1
0 0 2192
0 0 13409
0 0 6721
-1
1 29325 29325
0 0 13413
0 0 2555
0 0 4393
0 0 12092
1 1041 1041
-1
-1
0 0 5054
-1
-1
1 3013 3013
0 0 11685
1 29161 29161
1 10728 10728
1 4240 4240
1 8998 8998
1 7420 7420
-1
-1
1 29797 29797
1 11610 11610
-1
-1
0 0 2169
-1
0 0 1318
0 0 1200
0 0 11239
0 0 15963
0 0 10076
0 0 8722
1 25996 25996
1 32218 32218
1 15471 15471
1 24781 24781
-1
1 399 399
-1
-1
-1
0 0 2037
-1
-1
0 0 11770
1 18612 18612
0 0 3934
-1
-1
0 0 9204
-1
0 0 15284
1 12034 12034
-1
0 0 6988
1 18377 18377
-1
0 0 195
-1
0 0 2732
-1
-1
-1
-1
1 23770 23770
0 0 13785
1 17915 17915
0 0 11642
-1
0 0 8815
1 17215 17215
1 29989 29989
1 27925 27925
1 6304 6304
0 0 14318
-1
1 13381 13381
-1
1 21372 21372
1 701 701
1 8787 8787
0 0 1759
-1
1 6782 6782
-1
1 776 776
-1
-1
0 0 6397
-1
0 0 2489
-1
1 5888 5888
0 0 7568
1 21449 21449
-1
-1
1 1685 1685
1 9946 9946
-1
0 0 5764
-1
1 3785 3785
0 0 12478
0 0 6712
-1
0 0 10565
1 3228 3228
-1
-1
1 13928 13928
0 0 11006
1 16464 16464
0 0 12639
1 1149 1149
-1
1 1826 1826
1 1032 1032
-1
1 29832 29832
1 30910 30910
1 13363 13363
0 0 1013
-1
0 0 513
-1
-1
1 25537 25537
1 8548 8548
1 25281 25281
1 5453 5453
-1
-1
1 19951 19951
1 19759 19759
-1
1 5931 5931
1 23191 23191
-1
0 0 5082
1 5339 5339
1 26464 26464
1 30142 30142
-1
1 24636 24636
1 31526 31526
1 12818 12818
1 14611 14611
0 0 15506
0 0 15549
0 0 4660
1 19591 19591
0 0 7680
-1
0 0 12883
0 0 4277
0 0 6438
1 32400 32400
-1
1 25024 25024
1 13088 13088
1 21622 21622
1 1939 1939
0 0 254
-1
0 0 9753
0 0 3672
-1
1 10117 10117
1 7256 7256
-1
-1
0 0 10448
0 0 4504
-1
0 0 10500
1 25687 25687
0 0 9628
-1
0 0 648
1 4638 4638
-1
0 0 7655
-1
1 11777 11777
1 28870 28870
0 0 2034
0 0 14123
0 0 15887
1 26825 26825
1 15029 15029
1 31203 31203
0 0 10517
1 28660 28660
-1
-1
0 0 1014
1 325 325
1 23436 23436
-1
0 0 7135
-1
0 0 12596
1 14235 14235
1 20239 20239
0 0 2929
-1
0 0 15787
0 0 14193
0 0 921
-1
0 0 3310
1 7248 7248
0 0 14681
-1
-1
1 16642 16642
1 5477 5477
0 0 6131
0 0 5135
-1
0 0 5250
1 28527 28527
0 0 13878
1 16581 16581
1 2427 2427
1 4249 4249
-1
-1
1 10602 10602
-1
1 2670 2670
1 23062 23062
-1
0 0 3986
-1
0 0 9137
-1
1 27845 27845
0 0 11157
-1
1 9046 9046
1 7554 7554
-1
-1
0 0 14203
0 0 5670
-1
0 0 5025
1 22845 22845
0 0 5493
0 0 13186
1 2904 2904
0 0 13760
1 14965 14965
0 0 7373
1 303 303
0 0 6822
-1
0 0 13709
-1
-1
1 24662 24662
1 9167 9167
0 0 12390
1 22451 22451
-1
-1
1 13535 13535
0 0 2933
0 0 13860
1 1476 1476
0 0 12322
0 0 10738
-1
1 32475 32475
0 0 13996
-1
-1
-1
0 0 10624
1 16527 16527
0 0 5017
-1
1 17728 17728
1 7293 7293
0 0 13571
0 0 4311
0 0 10964
1 18342 18342
0 0 14837
1 28159 28159
1 25568 25568
0 0 500
1 8900 8900
1 10790 10790
-1
-1
1 12612 12612
1 31617 31617
0 0 10465
0 0 15840
-1
1 26466 26466
0 0 9679
0 0 1677
-1
-1
1 2223 2223
0 0 14859
-1
1 7873 7873
1 30335 30335
-1
-1
1 5417 5417
-1
-1
1 3170 3170
-1
1 16496 16496
1 21705 21705
0 0 5000
1 28305 28305
-1
0 0 14176
-1
-1
-1
0 0 11116
1 21289 21289
0 0 4772
1 6220 6220
1 18807 18807
1 9361 9361
1 7237 7237
0 0 9011
-1
-1
0 0 5383
0 0 7966
0 0 15032
0 0 12164
0 0 2432
1 1021 1021
1 19102 19102
1 31885 31885
0 0 14963
-1
0 0 7549
1 28618 28618
0 0 450
-1
1 12533 12533
0 0 12741
0 0 2696
-1
-1
0 0 16248
1 32435 32435
-1
0 0 11960
0 0 9977
-1
0 0 8543
-1
1 31190 31190
0 0 598
-1
1 10883 10883
1 20923 20923
0 0 13134
1 6210 6210
1 12539 12539
1 8978 8978
0 0 2666
0 0 5852
1 13787 13787
-1
-1
-1
-1
-1
0 0 7908
1 8686 8686
0 0 14389
0 0 12236
1 18876 18876
1 30118 30118
0 0 13939
-1
-1
1 5219 5219
0 0 5937
-1
0 0 903
0 0 9643
0 0 2116
1 7558 7558
1 16603 16603
1 13123 13123
0 0 7066
1 9705 9705
-1
1 24831 24831
-1
-1
0 0 2622
1 26101 26101
-1
0 0 12538
0 0 8061
0 0 4179
0 0 13119
-1
1 5104 5104
-1
0 0 13237
1 4472 4472
0 0 6763
0 0 8907
-1
0 0 5958
-1
1 8887 8887
-1
1 10028 10028
0 0 14278
-1
1 25188 25188
0 0 16113
0 0 6279
1 10712 10712
1 7569 7569
1 25355 25355
1 22240 22240
0 0 4441
-1
1 3415 3415
-1
0 0 12152
0 0 14080
0 0 12582
1 6607 6607
0 0 15321
0 0 11233
-1
1 1598 1598
-1
-1
0 0 6069
-1
1 2973 2973
-1
1 10562 10562
0 0 12923
0 0 8565
-1
-1
1 13001 13001
0 0 4095
0 0 10000
-1
0 0 15043
0 0 7278
1 4565 4565
0 0 12208
0 0 11658
1 10142 10142
0 0 3489
1 28691 28691
1 3663 3663
1 2795 2795
-1
-1
0 0 4545
1 22149 22149
1 263 263
-1
0 0 10872
1 29629 29629
-1
1 12209 12209
1 3921 3921
-1
-1
0 0 4553
0 0 10022
0 0 926
-1
-1
-1
0 0 4166
1 24574 24574
1 28059 28059
-1
-1
-1
0 0 6292
1 12888 12888
1 31232 31232
1 23058 23058
1 22922 22922
-1
1 7205 7205
0 0 11526
-1
0 0 14889
0 0 2991
0 0 1862
-1
0 0 36
-1
-1
1 18571 18571
-1
1 25330 25330
-1
1 31680 31680
0 0 2860
0 0 8439
-1
1 1004 1004
0 0 13628
1 26691 26691
-1
1 6521 6521
1 15431 15431
0 0 13466
1 13595 13595
-1
1 25832 25832
1 25626 25626
0 0 12329
0 0 9214
0 0 315
-1
0 0 15124
0 0 4724
0 0 12863
0 0 10816
0 0 13898
-1
1 18566 18566
1 22932 22932
0 0 8673
-1
0 0 13120
-1
0 0 15689
-1
0 0 9900
1 1342 1342
0 0 10636
0 0 11172
-1
-1
0 0 13198
1 15105 15105
0 0 8071
-1
0 0 1613
0 0 14089
1 15109 15109
0 0 14357
-1
1 31146 31146
-1
-1
1 7165 7165
0 0 4839
-1
1 26665 26665
-1
1 29146 29146
0 0 5876
0 0 9195
-1
-1
-1
1 19876 19876
1 7412 7412
1 32427 32427
0 0 8647
1 9070 9070
-1
-1
-1
-1
1 13533 13533
0 0 58
1 5916 5916
0 0 11044
-1
-1
0 0 7800
1 26739 26739
-1
-1
0 0 14713
1 26062 26062
1 20427 20427
1 26231 26231
-1
1 27801 27801
1 2854 2854
0 0 12109
-1
1 8359 8359
1 11685 11685
1 1292 1292
-1
0 0 3568
0 0 692
0 0 4852
1 2362 2362
1 11966 11966
1 27588 27588
-1
-1
0 0 14440
1 22976 22976
1 22548 22548
1 9391 9391
0 0 4253
-1
0 0 9700
-1
0 0 11161
0 0 15646
0 0 12251
-1
0 0 322
0 0 10985
0 0 9873
-1
0 0 7688
0 0 12824
-1
-1
0 0 13092
0 0 12338
-1
1 19324 19324
0 0 3801
0 0 6167
0 0 4609
-1
0 0 15542
1 10368 10368
-1
-1
0 0 3537
-1
1 28703 28703
-1
0 0 2317
-1
