-1
0 0 9450
0 0 12643
0 0 9122
0 0 9472
-1
-1
0 0 1289
1 27066 27066
1 951 951
0 0 255
-1
0 0 9492
0 0 16271
0 0 5911
-1
0 0 9969
1 20523 20523
0 0 15032
-1
-1
1 8292 8292
-1
-1
1 29831 29831
1 10025 10025
-1
0 0 140
0 0 656
1 553 553
0 0 8774
1 4661 4661
-1
1 24042 24042
-1
1 15726 15726
-1
1 28229 28229
-1
0 0 4666
0 0 3496
-1
0 0 15737
1 27409 27409
1 15444 15444
0 0 4585
-1
0 0 15311
1 1172 1172
1 29147 29147
1 5466 5466
1 906 906
1 7671 7671
0 0 13204
0 0 10045
0 0 15852
0 0 4429
1 23484 23484
0 0 9633
-1
1 20813 20813
-1
0 0 10951
0 0 11591
0 0 2313
-1
0 0 85
1 24927 24927
1 19109 19109
0 0 4460
1 26075 26075
0 0 820
0 0 375
-1
1 12501 12501
-1
0 0 11464
0 0 10001
-1
0 0 9639
-1
1 19310 19310
0 0 16161
0 0 3611
0 0 7281
0 0 1676
-1
1 24170 24170
0 0 13419
1 11202 11202
0 0 8537
1 21921 21921
0 0 3925
1 11864 11864
-1
-1
-1
0 0 6480
1 7976 7976
0 0 1707
-1
-1
0 0 5328
-1
-1
0 0 9794
0 0 1522
1 26018 26018
-1
1 23628 23628
0 0 11550
-1
1 32133 32133
1 25380 25380
0 0 13363
1 8714 8714
-1
1 16501 16501
1 17942 17942
1 17388 17388
1 31612 31612
1 28027 28027
-1
0 0 7084
-1
-1
1 30096 30096
-1
-1
-1
0 0 10626
0 0 11723
1 29774 29774
0 0 655
-1
1 27130 27130
-1
-1
-1
0 0 2822
-1
0 0 13897
1 23851 23851
0 0 3334
-1
-1
1 19464 19464
-1
-1
-1
1 29260 29260
1 3740 3740
-1
0 0 7060
1 28092 28092
-1
-1
1 18035 18035
0 0 4745
0 0 9
-1
0 0 5682
1 13436 13436
-1
0 0 14226
1 3923 3923
-1
0 0 6157
-1
0 0 15030
-1
1 2960 2960
1 20016 20016
1 23859 23859
1 21839 21839
1 31130 31130
0 0 1645
1 9723 9723
0 0 12467
0 0 3860
0 0 5750
0 0 9270
0 0 5347
-1
-1
0 0 12163
1 29140 29140
1 7406 7406
-1
-1
-1
-1
0 0 15318
-1
0 0 3561
0 0 1014
1 10492 10492
0 0 10569
-1
0 0 9061
0 0 2404
-1
-1
0 0 6197
-1
-1
0 0 10612
-1
-1
0 0 3789
1 8388 8388
0 0 9336
-1
-1
-1
-1
0 0 9265
-1
-1
-1
0 0 10886
0 0 7742
-1
0 0 11519
-1
-1
0 0 4258
1 23169 23169
1 19989 19989
1 23837 23837
-1
-1
-1
-1
-1
1 11995 11995
-1
0 0 3139
0 0 4891
1 1108 1108
1 21653 21653
0 0 13871
-1
0 0 9457
0 0 6423
1 28947 28947
1 31630 31630
1 25673 25673
1 5933 5933
-1
1 16493 16493
0 0 6704
0 0 10256
0 0 16172
1 13461 13461
0 0 3017
0 0 5480
-1
1 7445 7445
-1
0 0 9560
0 0 16026
0 0 3703
0 0 5995
0 0 9911
1 25691 25691
0 0 8395
1 28963 28963
0 0 8117
0 0 12253
-1
1 5119 5119
1 24632 24632
0 0 11331
1 15988 15988
1 23354 23354
-1
1 23879 23879
-1
1 6711 6711
1 30625 30625
0 0 5421
0 0 11702
1 25708 25708
0 0 6899
-1
-1
-1
0 0 13739
-1
1 10115 10115
1 31681 31681
0 0 9605
1 16661 16661
-1
-1
1 26190 26190
-1
-1
0 0 4289
1 8480 8480
0 0 36
-1
0 0 5829
0 0 15194
1 26704 26704
-1
1 30522 30522
1 3573 3573
0 0 5683
1 15721 15721
-1
0 0 3838
0 0 5315
0 0 7325
-1
-1
0 0 9091
-1
-1
1 24792 24792
-1
0 0 3175
-1
-1
-1
0 0 4495
1 13344 13344
1 22327 22327
0 0 1058
1 20290 20290
1 10809 10809
0 0 2035
-1
-1
0 0 12698
1 15434 15434
-1
1 26394 26394
0 0 11280
1 17131 17131
-1
-1
1 6559 6559
1 32387 32387
1 30247 30247
-1
-1
1 29317 29317
-1
0 0 11628
-1
0 0 10185
-1
1 2358 2358
0 0 11791
-1
1 11577 11577
0 0 647
1 32603 32603
-1
0 0 11259
0 0 15966
1 13703 13703
-1
0 0 827
-1
0 0 927
1 5433 5433
-1
0 0 8724
-1
-1
-1
1 29017 29017
0 0 13261
0 0 9913
1 26235 26235
-1
1 16603 16603
0 0 8431
0 0 9551
1 21742 21742
-1
1 15302 15302
1 25655 25655
0 0 10365
-1
1 23845 23845
-1
0 0 7666
1 26790 26790
1 21030 21030
0 0 5950
0 0 7377
1 11693 11693
-1
1 26774 26774
1 17693 17693
1 11239 11239
1 9666 9666
0 0 13824
-1
0 0 2257
0 0 7196
-1
1 32441 32441
0 0 5730
-1
0 0 2144
1 30195 30195
1 6980 6980
1 27880 27880
-1
0 0 15117
-1
1 27059 27059
0 0 14074
1 2141 2141
-1
0 0 4994
0 0 2501
-1
0 0 14624
-1
0 0 8458
1 28214 28214
1 15593 15593
-1
1 7441 7441
1 12267 12267
-1
1 21027 21027
1 18648 18648
-1
-1
1 20754 20754
-1
1 6495 6495
0 0 1455
-1
0 0 9629
0 0 6330
1 23012 23012
0 0 2033
0 0 15762
1 11930 11930
1 3962 3962
-1
-1
-1
0 0 2864
1 4583 4583
1 8228 8228
1 26943 26943
-1
0 0 12316
-1
-1
0 0 9918
1 17071 17071
-1
0 0 4375
1 22 22
1 16030 16030
-1
0 0 12450
-1
0 0 15494
-1
-1
1 26024 26024
1 6968 6968
0 0 5652
1 6405 6405
-1
0 0 904
0 0 5104
0 0 5976
-1
1 23481 23481
1 3833 3833
-1
-1
-1
0 0 13060
0 0 4130
-1
0 0 7304
-1
-1
0 0 1236
0 0 7494
-1
-1
0 0 2574
1 20338 20338
0 0 2232
1 32200 32200
1 15598 15598
1 31848 31848
1 17003 17003
-1
0 0 12016
-1
1 2505 2505
-1
1 27850 27850
-1
0 0 9548
1 26267 26267
1 31767 31767
0 0 13352
0 0 6496
0 0 16218
1 2886 2886
-1
1 13177 13177
-1
-1
-1
1 18896 18896
-1
0 0 11733
0 0 13437
0 0 2963
1 7701 7701
-1
-1
1 18865 18865
1 14025 14025
-1
-1
1 21753 21753
1 15214 15214
0 0 11044
1 29962 29962
1 31324 31324
-1
1 5520 5520
1 8957 8957
-1
-1
0 0 9394
0 0 9169
0 0 133
1 26380 26380
0 0 5618
0 0 2442
1 5812 5812
1 4159 4159
1 18625 18625
1 13212 13212
1 28725 28725
-1
-1
0 0 9501
-1
1 2104 2104
1 27463 27463
-1
1 22421 22421
0 0 8771
1 9401 9401
1 1603 1603
1 15474 15474
1 19880 19880
1 28958 28958
1 9136 9136
0 0 10769
0 0 13633
-1
0 0 8222
1 11001 11001
-1
1 21425 21425
1 32238 32238
1 8216 8216
-1
1 7753 7753
0 0 7741
-1
1 2484 2484
0 0 10964
0 0 7911
1 8942 8942
0 0 7296
1 10805 10805
-1
1 22930 22930
-1
1 4843 4843
-1
-1
0 0 4001
1 24026 24026
0 0 12961
-1
1 20072 20072
1 4260 4260
-1
1 11613 11613
0 0 10852
-1
0 0 4439
0 0 4753
1 32732 32732
1 19773 19773
-1
-1
0 0 9545
1 15541 15541
0 0 12817
-1
-1
1 20573 20573
1 22092 22092
-1
-1
1 15165 15165
0 0 11031
0 0 7096
-1
-1
0 0 2463
0 0 9891
0 0 16285
-1
-1
-1
0 0 12022
0 0 11149
0 0 9437
1 23626 23626
-1
-1
1 26258 26258
0 0 1827
-1
1 10312 10312
-1
0 0 5310
0 0 6945
-1
0 0 15142
-1
0 0 102
-1
1 20818 20818
-1
-1
1 2844 2844
-1
0 0 15797
0 0 15664
0 0 15048
0 0 15560
-1
-1
0 0 7912
0 0 10834
-1
0 0 11835
1 9918 9918
-1
-1
0 0 14524
0 0 12712
-1
1 9381 9381
0 0 3641
0 0 2953
0 0 2707
-1
0 0 10695
1 9891 9891
0 0 3995
1 23186 23186
-1
1 22582 22582
-1
1 25482 25482
1 17714 17714
-1
1 16487 16487
0 0 479
-1
-1
-1
1 9349 9349
-1
1 6439 6439
0 0 7876
-1
1 27206 27206
0 0 4329
-1
0 0 10783
1 29798 29798
-1
-1
0 0 13120
-1
-1
-1
0 0 119
0 0 15708
1 26277 26277
1 19234 19234
0 0 8258
0 0 2622
-1
1 32761 32761
1 26128 26128
0 0 8462
0 0 10288
0 0 5054
-1
-1
-1
0 0 4608
1 31834 31834
0 0 6282
1 29797 29797
-1
1 3671 3671
0 0 13261
-1
0 0 9262
0 0 1251
0 0 12975
0 0 9022
1 21858 21858
0 0 2315
-1
-1
0 0 7520
0 0 6342
-1
1 15278 15278
1 9807 9807
0 0 10466
-1
-1
0 0 3597
1 1065 1065
-1
-1
-1
-1
1 12136 12136
1 2997 2997
0 0 14415
-1
1 22658 22658
-1
-1
0 0 8010
0 0 14938
-1
1 12219 12219
1 28160 28160
1 19622 19622
-1
1 14730 14730
0 0 4819
1 7665 7665
0 0 2102
0 0 10769
-1
-1
-1
1 7421 7421
-1
-1
-1
-1
-1
0 0 8541
-1
-1
-1
0 0 13568
0 0 9130
1 10197 10197
0 0 4566
1 24173 24173
0 0 10699
0 0 2044
-1
0 0 14570
0 0 5908
0 0 13921
0 0 2967
-1
1 5252 5252
1 19555 19555
1 24436 24436
-1
-1
0 0 12575
0 0 11753
0 0 12018
1 19926 19926
1 23405 23405
-1
0 0 12796
1 12447 12447
-1
0 0 5642
0 0 11127
0 0 10218
-1
0 0 14034
1 24269 24269
0 0 6249
1 11750 11750
0 0 8149
-1
1 3081 3081
1 1761 1761
-1
-1
1 11641 11641
0 0 6617
1 23439 23439
-1
1 9532 9532
1 10798 10798
0 0 7901
0 0 9677
-1
1 26964 26964
0 0 12541
1 7940 7940
-1
1 19933 19933
1 22468 22468
0 0 3276
0 0 13696
-1
1 25190 25190
-1
1 20480 20480
1 31105 31105
1 4482 4482
0 0 3847
1 23154 23154
1 10000 10000
1 10635 10635
-1
-1
0 0 4085
1 23629 23629
-1
-1
-1
-1
0 0 11621
0 0 4021
-1
0 0 16223
-1
-1
-1
-1
-1
0 0 6030
-1
1 9392 9392
-1
-1
0 0 3391
-1
-1
0 0 15201
0 0 1111
0 0 14237
-1
1 5743 5743
0 0 15305
1 26512 26512
0 0 3278
-1
1 10069 10069
-1
1 3024 3024
1 4713 4713
1 28753 28753
1 20202 20202
0 0 14051
0 0 9896
-1
-1
-1
1 17541 17541
-1
0 0 10185
1 729 729
0 0 15236
0 0 8161
-1
-1
0 0 4279
1 718 718
1 8965 8965
-1
0 0 5933
-1
1 9486 9486
0 0 15993
0 0 15238
-1
0 0 8188
-1
0 0 10727
-1
0 0 16229
1 2948 2948
0 0 15939
1 3709 3709
1 27237 27237
0 0 12328
0 0 7318
1 24500 24500
1 25078 25078
0 0 3085
-1
-1
-1
0 0 2824
1 12670 12670
-1
0 0 12852
-1
-1
-1
-1
-1
-1
-1
0 0 2206
0 0 16010
0 0 10052
0 0 14290
1 14595 14595
1 30234 30234
0 0 1711
-1
-1
0 0 3647
1 9237 9237
-1
-1
0 0 7507
0 0 5792
-1
1 16555 16555
0 0 13303
-1
1 21604 21604
1 21305 21305
1 29988 29988
-1
0 0 10838
0 0 6619
-1
-1
-1
-1
1 19667 19667
-1
0 0 4173
-1
1 2221 2221
1 12067 12067
-1
0 0 3192
0 0 2074
0 0 3179
1 3676 3676
1 24822 24822
-1
0 0 13737
1 20434 20434
-1
0 0 8837
-1
1 16388 16388
-1
0 0 428
0 0 3080
1 14360 14360
1 25841 25841
1 14421 14421
1 9981 9981
0 0 12658
1 8272 8272
1 23649 23649
0 0 15491
1 24949 24949
0 0 8657
0 0 1834
1 8371 8371
0 0 8133
0 0 8918
0 0 14332
-1
0 0 7181
0 0 13057
0 0 10566
0 0 14394
1 18892 18892
1 25996 25996
-1
0 0 14911
-1
0 0 1924
-1
-1
0 0 6235
-1
-1
-1
-1
1 7916 7916
1 14307 14307
-1
0 0 14158
-1
1 27040 27040
-1
-1
0 0 4500
-1
-1
1 22798 22798
-1
0 0 8605
1 5303 5303
0 0 11918
1 26231 26231
-1
0 0 10045
-1
1 29902 29902
-1
1 8666 8666
0 0 12134
1 207 207
1 19193 19193
-1
0 0 6413
1 15405 15405
-1
1 32723 32723
0 0 7573
0 0 13237
-1
1 24985 24985
1 9238 9238
0 0 9521
-1
1 31821 31821
1 21800 21800
-1
-1
1 18358 18358
-1
-1
1 21170 21170
-1
-1
1 8335 8335
0 0 14457
1 11561 11561
-1
-1
1 21015 21015
-1
0 0 9987
1 16330 16330
-1
-1
0 0 12343
0 0 16295
1 15765 15765
1 3092 3092
1 8969 8969
0 0 12886
-1
1 25202 25202
0 0 14280
-1
-1
0 0 14868
-1
-1
-1
1 7067 7067
0 0 5731
0 0 8224
1 11934 11934
0 0 7396
1 7658 7658
1 23178 23178
1 32131 32131
0 0 9054
-1
0 0 5673
0 0 11925
1 12830 12830
1 23915 23915
0 0 12572
1 13341 13341
0 0 2513
1 6132 6132
1 5931 5931
0 0 13546
0 0 5578
1 27169 27169
0 0 15992
1 21309 21309
0 0 6569
1 32076 32076
0 0 10833
1 28475 28475
-1
-1
0 0 7063
-1
1 26647 26647
0 0 4030
1 11732 11732
1 10048 10048
-1
0 0 8475
1 6825 6825
-1
0 0 2748
0 0 4907
1 28950 28950
1 31492 31492
-1
0 0 8348
0 0 7981
-1
-1
-1
0 0 258
-1
1 20627 20627
-1
0 0 11068
1 14016 14016
1 28282 28282
0 0 7364
-1
1 26254 26254
1 23434 23434
-1
-1
0 0 9891
-1
0 0 16098
0 0 12993
-1
-1
1 1053 1053
-1
-1
1 21404 21404
-1
1 31109 31109
1 3042 3042
1 11808 11808
1 28078 28078
-1
1 17015 17015
-1
-1
-1
-1
0 0 5800
0 0 13183
1 22405 22405
-1
-1
-1
1 12561 12561
0 0 7299
1 3986 3986
1 1789 1789
0 0 4724
0 0 12940
-1
1 17373 17373
0 0 8901
1 28578 28578
1 20428 20428
1 18397 18397
0 0 808
0 0 15824
0 0 15795
1 28516 28516
1 29663 29663
1 12293 12293
0 0 2324
1 5902 5902
1 15542 15542
1 1079 1079
0 0 8659
-1
1 2470 2470
0 0 11848
0 0 6663
-1
1 9811 9811
1 30431 30431
1 19615 19615
-1
1 31160 31160
0 0 4978
1 23594 23594
0 0 6964
-1
1 25304 25304
1 1943 1943
-1
-1
-1
1 2657 2657
1 12725 12725
1 32344 32344
-1
1 18200 18200
0 0 11966
-1
-1
1 10207 10207
0 0 6347
0 0 9656
1 14341 14341
1 20204 20204
-1
0 0 12664
1 7588 7588
1 5900 5900
1 21439 21439
-1
1 17402 17402
1 25628 25628
-1
1 20907 20907
-1
1 17296 17296
1 2335 2335
1 30702 30702
-1
-1
1 14467 14467
0 0 7127
-1
0 0 6443
0 0 4851
-1
-1
-1
-1
0 0 7082
0 0 14733
-1
0 0 14532
-1
-1
-1
1 21555 21555
1 2101 2101
0 0 3654
0 0 9284
-1
1 1594 1594
1 3954 3954
0 0 10096
1 12427 12427
0 0 916
0 0 2792
0 0 1027
-1
1 5902 5902
-1
1 15904 15904
0 0 4039
1 17994 17994
-1
1 23017 23017
-1
1 4626 4626
0 0 7634
1 29489 29489
1 18960 18960
-1
0 0 2375
-1
-1
-1
-1
-1
0 0 10768
0 0 7130
0 0 1222
0 0 15713
-1
1 9171 9171
1 29064 29064
-1
0 0 13959
0 0 5177
0 0 11183
-1
0 0 5299
0 0 12576
0 0 2322
1 21864 21864
-1
0 0 15136
-1
-1
1 32343 32343
1 31300 31300
-1
0 0 1036
0 0 4230
0 0 5819
0 0 8995
1 10655 10655
-1
0 0 107
-1
0 0 14596
1 25342 25342
1 28593 28593
0 0 10863
-1
-1
0 0 5143
0 0 8509
1 18239 18239
1 8595 8595
1 967 967
-1
0 0 14480
1 24439 24439
1 20423 20423
-1
1 3334 3334
1 13404 13404
0 0 13032
-1
-1
0 0 13706
-1
-1
1 10727 10727
-1
1 22313 22313
1 28292 28292
1 23699 23699
-1
0 0 12271
1 24768 24768
0 0 15061
0 0 11911
0 0 14132
1 11976 11976
0 0 13627
-1
-1
-1
-1
1 31321 31321
1 10087 10087
0 0 6132
-1
-1
1 5601 5601
0 0 10397
1 3900 3900
-1
0 0 14751
0 0 2532
-1
0 0 14742
0 0 13129
-1
1 21213 21213
0 0 9940
-1
-1
-1
0 0 7735
1 10905 10905
0 0 9544
1 20740 20740
1 24207 24207
1 12826 12826
-1
1 19568 19568
-1
1 15920 15920
-1
0 0 989
-1
-1
-1
0 0 5307
0 0 15963
1 10958 10958
0 0 16356
-1
0 0 10039
0 0 7779
1 27145 27145
-1
1 15068 15068
-1
-1
0 0 7837
1 31688 31688
1 28431 28431
1 23951 23951
1 15241 15241
1 1839 1839
0 0 15268
0 0 3062
1 3669 3669
-1
0 0 15492
-1
0 0 15380
-1
-1
0 0 129
-1
1 2473 2473
-1
0 0 7684
1 24824 24824
0 0 9777
1 17614 17614
-1
-1
-1
0 0 4180
-1
0 0 3184
0 0 4914
-1
0 0 59
-1
1 13513 13513
0 0 15585
-1
-1
1 28889 28889
1 7210 7210
1 20760 20760
0 0 15342
1 10468 10468
0 0 8376
-1
-1
0 0 568
-1
-1
0 0 12585
-1
0 0 2373
0 0 1800
1 17162 17162
-1
1 23074 23074
-1
-1
-1
-1
1 9322 9322
0 0 7864
1 23048 23048
0 0 5703
1 31845 31845
-1
-1
0 0 11089
0 0 12503
1 24636 24636
0 0 14038
1 12159 12159
1 15951 15951
1 6109 6109
-1
1 18837 18837
1 11584 11584
-1
-1
-1
0 0 13175
1 29451 29451
-1
1 26070 26070
-1
-1
-1
1 8456 8456
-1
1 3837 3837
-1
-1
1 26891 26891
-1
0 0 7426
-1
-1
0 0 1438
0 0 7223
1 13293 13293
0 0 6691
-1
1 12776 12776
1 1927 1927
1 26580 26580
0 0 7241
-1
-1
1 25555 25555
-1
1 11639 11639
1 3673 3673
1 3665 3665
1 10505 10505
0 0 12645
-1
-1
-1
0 0 14673
0 0 2017
0 0 1188
0 0 8179
-1
0 0 11387
0 0 3792
0 0 2934
-1
0 0 4926
0 0 14492
0 0 8411
-1
1 32739 32739
1 31972 31972
-1
1 12750 12750
-1
-1
0 0 12832
1 12918 12918
-1
1 2684 2684
-1
-1
0 0 2181
1 3665 3665
1 24207 24207
-1
-1
-1
-1
0 0 16378
1 23696 23696
-1
1 30953 30953
0 0 3300
-1
0 0 2358
1 12377 12377
0 0 10244
1 19657 19657
-1
-1
-1
0 0 13410
1 23494 23494
-1
0 0 4302
-1
0 0 10339
1 25894 25894
1 12767 12767
0 0 1906
-1
0 0 475
0 0 178
0 0 5696
0 0 8087
0 0 5870
1 25574 25574
0 0 6912
1 16677 16677
-1
1 3920 3920
1 32176 32176
-1
-1
1 4161 4161
1 561 561
-1
0 0 8178
-1
-1
1 6403 6403
0 0 11120
-1
1 23760 23760
-1
-1
-1
-1
0 0 12377
1 17795 17795
1 32376 32376
0 0 570
-1
0 0 1173
-1
-1
1 14632 14632
1 28976 28976
-1
1 7418 7418
-1
1 14981 14981
1 13556 13556
-1
-1
1 27698 27698
1 31244 31244
0 0 8124
0 0 7888
1 6096 6096
-1
0 0 9637
0 0 4690
0 0 13576
-1
0 0 1315
0 0 3757
0 0 1435
1 25078 25078
0 0 2516
1 19949 19949
1 20374 20374
0 0 6721
-1
0 0 8378
-1
0 0 4379
1 1718 1718
1 21631 21631
1 17099 17099
1 15879 15879
1 3199 3199
0 0 14535
1 2866 2866
-1
0 0 10997
0 0 3789
-1
-1
1 10970 10970
0 0 10822
0 0 9517
-1
1 28673 28673
1 13761 13761
1 4264 4264
-1
0 0 12213
0 0 70
0 0 4705
-1
1 4337 4337
1 24756 24756
1 3489 3489
1 12351 12351
1 21193 21193
1 2802 2802
0 0 8552
1 12821 12821
1 20981 20981
-1
1 31982 31982
0 0 397
1 4815 4815
1 6236 6236
0 0 11031
0 0 10764
0 0 7362
0 0 14624
1 15063 15063
-1
1 8855 8855
1 27820 27820
0 0 5346
0 0 1439
1 19290 19290
0 0 590
0 0 8819
-1
0 0 1340
-1
0 0 6367
1 5364 5364
0 0 3126
0 0 4260
1 18915 18915
0 0 1782
1 26636 26636
0 0 15074
-1
0 0 6390
1 20216 20216
0 0 2082
1 14808 14808
-1
1 32299 32299
0 0 12103
0 0 11997
1 13850 13850
0 0 9529
1 12500 12500
-1
1 1490 1490
1 17647 17647
-1
0 0 9255
-1
0 0 4555
1 2421 2421
0 0 8326
0 0 598
1 31153 31153
1 27905 27905
0 0 2612
1 1041 1041
1 16476 16476
1 22506 22506
-1
0 0 5349
1 12042 12042
1 12844 12844
1 29811 29811
1 26110 26110
-1
0 0 4250
1 21449 21449
1 23170 23170
0 0 11881
-1
-1
-1
0 0 8057
-1
0 0 7021
-1
-1
0 0 4294
1 30775 30775
0 0 14904
-1
0 0 15941
-1
-1
1 23381 23381
1 30402 30402
-1
1 23703 23703
-1
-1
0 0 4871
0 0 4109
-1
1 12393 12393
1 16355 16355
-1
1 14151 14151
0 0 6720
1 25858 25858
-1
1 32004 32004
1 2593 2593
1 27518 27518
-1
1 3399 3399
0 0 9825
0 0 9151
0 0 9409
1 17010 17010
0 0 3942
0 0 9695
-1
-1
0 0 11023
1 14861 14861
-1
1 7589 7589
-1
-1
-1
-1
0 0 1066
-1
-1
0 0 1435
1 8380 8380
1 12306 12306
0 0 7654
-1
0 0 12597
-1
1 32752 32752
-1
-1
1 13879 13879
1 22738 22738
-1
0 0 7502
0 0 6429
0 0 3130
1 6684 6684
0 0 12064
0 0 2706
1 26632 26632
0 0 3087
-1
-1
1 23672 23672
-1
-1
-1
1 23264 23264
1 6493 6493
0 0 10575
1 13845 13845
-1
0 0 11891
1 29539 29539
1 14145 14145
0 0 4869
0 0 14545
-1
0 0 2852
-1
-1
0 0 15141
0 0 9024
1 20856 20856
1 20585 20585
0 0 6578
0 0 12454
1 16503 16503
-1
1 28715 28715
-1
0 0 1069
1 8808 8808
0 0 11997
0 0 9941
0 0 16085
1 15686 15686
1 9511 9511
0 0 12918
0 0 5265
-1
0 0 6651
0 0 405
1 31795 31795
-1
1 22688 22688
-1
0 0 10944
0 0 12955
1 12053 12053
1 10967 10967
0 0 10929
1 13661 13661
-1
1 7831 7831
-1
0 0 14555
1 8026 8026
0 0 16251
-1
1 4738 4738
-1
-1
1 2053 2053
0 0 9322
-1
-1
-1
1 14104 14104
-1
0 0 15074
1 12749 12749
-1
-1
1 19449 19449
0 0 15203
1 32440 32440
1 16562 16562
0 0 2509
0 0 10040
1 12300 12300
1 15958 15958
0 0 4054
0 0 9311
-1
-1
0 0 95
0 0 8175
-1
-1
-1
0 0 9816
0 0 6111
-1
-1
1 2889 2889
1 20900 20900
0 0 12583
1 19942 19942
-1
1 19092 19092
0 0 14957
1 27083 27083
1 26914 26914
1 14187 14187
-1
0 0 3423
1 6414 6414
1 2906 2906
0 0 11756
1 3400 3400
1 21785 21785
-1
1 18741 18741
1 20233 20233
1 15578 15578
0 0 5107
1 19966 19966
1 28468 28468
1 7711 7711
-1
1 12748 12748
-1
0 0 13491
1 19285 19285
1 30505 30505
-1
0 0 15155
1 17175 17175
1 2067 2067
0 0 4143
1 6277 6277
-1
-1
-1
-1
1 12673 12673
1 29897 29897
-1
0 0 16290
0 0 16059
0 0 3371
-1
1 28091 28091
-1
-1
0 0 10646
0 0 3836
1 15516 15516
1 6234 6234
-1
-1
1 8083 8083
1 26825 26825
1 22016 22016
-1
-1
0 0 15028
1 11005 11005
0 0 14030
0 0 12726
0 0 4842
1 3262 3262
-1
0 0 7111
-1
0 0 8755
-1
1 32266 32266
1 1237 1237
1 13101 13101
0 0 727
1 4942 4942
0 0 5684
1 21214 21214
-1
0 0 11601
1 29385 29385
1 1624 1624
0 0 3115
0 0 6990
0 0 557
1 14862 14862
0 0 9982
-1
1 13300 13300
0 0 10820
1 32073 32073
-1
-1
0 0 15215
0 0 10902
0 0 7283
-1
-1
1 18515 18515
0 0 5831
0 0 7495
-1
1 29079 29079
-1
1 21806 21806
0 0 10412
1 18568 18568
1 19234 19234
0 0 295
0 0 8612
0 0 4853
1 261 261
1 512 512
1 715 715
1 6199 6199
-1
0 0 10529
1 23282 23282
1 2074 2074
-1
1 15243 15243
1 21734 21734
0 0 5753
0 0 350
0 0 5795
-1
1 20822 20822
0 0 1250
-1
-1
1 26508 26508
0 0 15131
0 0 703
-1
0 0 14088
-1
1 11796 11796
-1
0 0 4617
0 0 12696
-1
0 0 13624
0 0 1788
1 32235 32235
0 0 14057
-1
1 18905 18905
0 0 10688
0 0 294
-1
-1
0 0 1998
-1
-1
1 23407 23407
0 0 8993
1 18278 18278
-1
1 18009 18009
0 0 11810
0 0 8390
-1
0 0 851
1 16332 16332
1 27317 27317
0 0 13880
-1
0 0 14444
0 0 3044
0 0 12905
0 0 6727
-1
1 31389 31389
-1
1 6399 6399
0 0 15306
1 3716 3716
0 0 66
-1
0 0 10609
-1
-1
0 0 4856
1 18417 18417
0 0 12417
1 17448 17448
-1
1 8033 8033
1 13818 13818
0 0 4769
-1
-1
1 29123 29123
1 3652 3652
-1
0 0 15430
-1
0 0 8553
1 30463 30463
-1
1 23176 23176
1 11939 11939
1 22077 22077
-1
1 15748 15748
1 26114 26114
-1
0 0 10785
0 0 15913
-1
0 0 6576
0 0 14408
0 0 9450
1 1657 1657
1 29224 29224
1 28377 28377
0 0 1969
0 0 9158
1 26074 26074
0 0 13870
0 0 9377
0 0 6800
0 0 13812
1 24365 24365
0 0 6556
-1
0 0 6847
-1
0 0 8825
0 0 5650
0 0 5626
0 0 11804
1 32406 32406
-1
0 0 4782
0 0 3487
-1
0 0 12148
1 26873 26873
0 0 7449
0 0 1982
1 7773 7773
-1
1 31434 31434
1 8656 8656
0 0 1293
1 27882 27882
0 0 15690
1 6958 6958
0 0 15075
0 0 15653
1 19313 19313
-1
-1
-1
0 0 11787
0 0 16149
-1
-1
1 12431 12431
0 0 7484
-1
-1
0 0 13658
-1
0 0 6869
1 32300 32300
-1
1 529 529
1 22415 22415
-1
1 4005 4005
1 24646 24646
1 21236 21236
0 0 7029
1 32718 32718
1 23793 23793
0 0 5637
-1
0 0 4273
1 27816 27816
0 0 15501
-1
-1
1 24310 24310
0 0 4479
1 26591 26591
1 29604 29604
-1
-1
0 0 7021
-1
1 19267 19267
-1
-1
0 0 13234
-1
1 18272 18272
1 31981 31981
-1
-1
-1
0 0 7148
0 0 15726
0 0 9078
-1
-1
-1
0 0 7611
-1
-1
1 22916 22916
1 11279 11279
0 0 7650
-1
0 0 15479
1 16863 16863
-1
-1
-1
-1
0 0 12575
0 0 1677
-1
0 0 11209
1 28723 28723
0 0 8165
1 26760 26760
0 0 8840
0 0 710
-1
-1
1 7156 7156
1 20762 20762
1 29054 29054
-1
0 0 11735
0 0 1371
1 13948 13948
0 0 14748
1 15778 15778
0 0 2540
0 0 16243
1 22840 22840
1 16803 16803
-1
1 1920 1920
-1
-1
-1
0 0 11805
-1
1 2671 2671
-1
0 0 13918
-1
0 0 16340
0 0 15840
-1
0 0 8751
-1
0 0 7481
-1
1 32529 32529
1 22917 22917
-1
0 0 5070
0 0 13769
0 0 15207
1 611 611
-1
-1
0 0 4569
-1
0 0 16167
-1
-1
-1
0 0 8794
-1
1 18706 18706
-1
-1
0 0 11343
0 0 5867
1 10280 10280
0 0 12544
0 0 1229
-1
-1
0 0 8660
1 4392 4392
-1
1 28750 28750
-1
-1
0 0 1685
1 25761 25761
0 0 3898
0 0 16073
0 0 6214
1 28567 28567
1 5138 5138
1 15568 15568
0 0 14068
-1
-1
0 0 9262
1 20564 20564
0 0 13094
-1
0 0 11419
1 19931 19931
0 0 15127
-1
1 6457 6457
0 0 14845
-1
0 0 7314
-1
1 25637 25637
0 0 6101
1 27734 27734
1 9508 9508
1 8256 8256
-1
-1
1 1373 1373
1 10023 10023
0 0 1762
1 23109 23109
-1
1 24871 24871
1 27794 27794
1 3262 3262
-1
-1
-1
0 0 1628
1 25674 25674
0 0 11512
-1
1 7633 7633
1 8241 8241
1 10521 10521
1 31657 31657
-1
0 0 10715
-1
1 6318 6318
1 32361 32361
1 3747 3747
-1
-1
1 24364 24364
-1
0 0 10805
-1
1 3223 3223
1 16252 16252
-1
1 9253 9253
1 8015 8015
1 5150 5150
1 8415 8415
0 0 10698
1 12716 12716
1 20116 20116
1 28611 28611
1 29227 29227
-1
1 8396 8396
1 23225 23225
-1
0 0 14621
-1
1 11020 11020
1 32642 32642
1 13854 13854
0 0 1835
-1
1 19084 19084
-1
1 20776 20776
0 0 15706
1 11859 11859
-1
-1
1 11235 11235
0 0 7958
0 0 8224
1 1686 1686
1 3870 3870
-1
-1
0 0 4756
0 0 9210
-1
0 0 14222
0 0 7955
-1
-1
0 0 9763
1 29729 29729
1 31472 31472
-1
-1
-1
0 0 12794
0 0 2557
1 13558 13558
1 3930 3930
0 0 1195
0 0 744
0 0 8748
0 0 2220
0 0 10418
0 0 934
0 0 6698
-1
-1
0 0 12083
-1
0 0 3189
-1
-1
-1
-1
0 0 14163
1 2222 2222
0 0 14502
-1
1 17715 17715
1 3248 3248
1 31003 31003
1 5257 5257
-1
0 0 11385
1 6142 6142
0 0 2208
1 9235 9235
1 2899 2899
0 0 12244
-1
1 3311 3311
1 17597 17597
0 0 3776
-1
-1
1 2487 2487
1 16165 16165
-1
-1
1 29398 29398
-1
0 0 14942
0 0 2485
0 0 5795
1 4166 4166
1 20998 20998
1 27959 27959
0 0 9635
0 0 4671
-1
1 18403 18403
1 25770 25770
0 0 12157
1 30788 30788
-1
0 0 939
1 8666 8666
1 9511 9511
-1
-1
1 23154 23154
1 15756 15756
1 3206 3206
1 16785 16785
-1
1 956 956
1 14037 14037
-1
-1
-1
1 6298 6298
1 1470 1470
1 4706 4706
-1
0 0 104
-1
1 9397 9397
1 31322 31322
0 0 11762
0 0 12403
0 0 6776
-1
-1
1 12658 12658
0 0 2320
1 21907 21907
1 27299 27299
-1
1 13831 13831
0 0 3060
1 15087 15087
1 11168 11168
-1
1 14137 14137
1 16473 16473
-1
0 0 15547
0 0 10551
-1
-1
1 23173 23173
1 21062 21062
1 20423 20423
-1
1 7760 7760
-1
-1
0 0 11457
1 22430 22430
1 30449 30449
1 4846 4846
1 25548 25548
1 3813 3813
0 0 1394
0 0 16185
0 0 6821
0 0 13161
1 8885 8885
0 0 3463
1 292 292
1 4294 4294
1 1989 1989
1 29229 29229
0 0 7307
1 4435 4435
-1
0 0 4181
0 0 3831
-1
1 22476 22476
1 21338 21338
1 8208 8208
1 5010 5010
1 18345 18345
0 0 2496
-1
0 0 887
0 0 14281
-1
-1
-1
1 11788 11788
0 0 5451
1 11834 11834
0 0 12109
-1
0 0 14697
1 29297 29297
-1
-1
1 29736 29736
1 24846 24846
1 11862 11862
1 21245 21245
-1
0 0 14645
-1
1 20222 20222
1 26040 26040
1 12791 12791
1 29682 29682
1 16917 16917
0 0 16242
1 7862 7862
0 0 8772
0 0 6944
-1
1 23487 23487
-1
1 24528 24528
1 30977 30977
-1
-1
0 0 8948
0 0 15757
-1
-1
-1
-1
-1
1 1488 1488
-1
0 0 3863
0 0 15783
0 0 9595
1 6097 6097
0 0 9412
1 27103 27103
0 0 15821
-1
1 1988 1988
-1
0 0 12704
-1
-1
0 0 6406
1 25001 25001
1 13386 13386
1 8606 8606
0 0 10114
0 0 4001
-1
0 0 5022
-1
1 4527 4527
1 9418 9418
1 7356 7356
0 0 8533
1 20553 20553
0 0 10164
0 0 10112
1 25005 25005
-1
-1
1 353 353
-1
1 25321 25321
-1
-1
1 29107 29107
1 26275 26275
0 0 11048
1 16140 16140
1 18688 18688
1 28402 28402
-1
-1
-1
1 7986 7986
1 6151 6151
-1
0 0 6655
-1
0 0 8286
0 0 12070
0 0 8826
0 0 13438
1 28910 28910
-1
-1
0 0 1377
-1
-1
1 22594 22594
1 24050 24050
-1
-1
-1
1 12908 12908
-1
1 952 952
0 0 3602
0 0 7586
-1
0 0 489
1 127 127
0 0 4513
1 27891 27891
-1
1 24518 24518
1 29029 29029
0 0 15324
-1
-1
0 0 7852
0 0 14070
-1
0 0 13767
-1
1 4246 4246
1 29784 29784
0 0 14364
1 27645 27645
1 30733 30733
1 1733 1733
0 0 2195
0 0 1288
0 0 11839
0 0 10791
-1
0 0 6880
-1
-1
1 15223 15223
-1
-1
-1
0 0 1746
-1
1 14697 14697
1 8386 8386
0 0 16213
-1
1 10652 10652
0 0 405
0 0 7694
0 0 3735
1 22167 22167
1 26604 26604
1 10280 10280
1 30467 30467
0 0 5376
0 0 3433
-1
1 24633 24633
0 0 13416
-1
0 0 10061
-1
0 0 15850
-1
1 14522 14522
0 0 5267
1 2095 2095
0 0 4446
0 0 12532
-1
-1
0 0 11115
-1
0 0 15205
-1
1 1894 1894
1 15165 15165
0 0 12898
0 0 8697
0 0 16314
-1
0 0 8602
0 0 7294
0 0 11646
-1
0 0 15134
0 0 4535
1 29545 29545
-1
1 5046 5046
-1
1 7199 7199
1 4828 4828
0 0 981
-1
-1
-1
1 2270 2270
1 13002 13002
0 0 13400
1 25017 25017
1 23875 23875
0 0 15821
-1
0 0 10484
1 28289 28289
-1
0 0 1768
-1
0 0 5946
0 0 3710
0 0 262
1 17943 17943
-1
-1
-1
1 27737 27737
1 13807 13807
0 0 4495
1 22109 22109
-1
-1
0 0 9532
-1
-1
0 0 8403
0 0 6589
-1
-1
0 0 2195
1 19585 19585
1 10391 10391
-1
-1
0 0 6242
-1
-1
0 0 8171
1 24783 24783
-1
-1
1 24011 24011
0 0 9597
-1
-1
-1
-1
0 0 10093
0 0 3128
-1
1 3924 3924
0 0 11767
0 0 12118
-1
0 0 3055
0 0 2182
-1
0 0 10677
-1
-1
-1
0 0 7968
1 13203 13203
1 12980 12980
0 0 15163
-1
-1
1 5830 5830
0 0 13283
-1
-1
1 15092 15092
-1
-1
0 0 4630
0 0 15761
-1
1 13552 13552
1 26899 26899
0 0 14357
-1
1 18368 18368
1 3659 3659
1 23646 23646
-1
0 0 4634
-1
-1
-1
1 4408 4408
-1
-1
1 20378 20378
-1
0 0 800
0 0 2979
1 28646 28646
0 0 10066
1 10308 10308
-1
-1
-1
-1
-1
0 0 8625
-1
1 16080 16080
-1
0 0 8694
-1
-1
1 11280 11280
-1
1 25182 25182
1 1606 1606
1 28650 28650
0 0 8649
-1
0 0 14725
0 0 13256
-1
0 0 1959
-1
0 0 428
0 0 12822
-1
0 0 4452
-1
-1
1 32119 32119
1 14105 14105
-1
0 0 4258
-1
1 5753 5753
0 0 5398
-1
1 6217 6217
0 0 14483
-1
0 0 5073
1 15097 15097
0 0 9434
0 0 14693
1 24497 24497
-1
0 0 3778
0 0 14185
0 0 12967
0 0 11100
0 0 11945
-1
1 7438 7438
1 8686 8686
0 0 6869
0 0 15921
-1
-1
1 10093 10093
-1
-1
-1
1 28753 28753
-1
0 0 12926
-1
-1
0 0 14744
-1
0 0 13411
-1
-1
0 0 11431
1 5991 5991
-1
-1
0 0 6819
-1
0 0 7459
1 29017 29017
0 0 1226
1 9982 9982
-1
-1
1 14700 14700
1 23896 23896
0 0 15523
1 283 283
1 6678 6678
1 22484 22484
0 0 14646
-1
0 0 6582
0 0 12564
1 23084 23084
1 3852 3852
1 20573 20573
0 0 8670
1 46 46
0 0 11964
1 24429 24429
-1
-1
0 0 12790
1 9011 9011
0 0 8163
1 10050 10050
0 0 4319
-1
0 0 13832
0 0 357
0 0 10206
1 19104 19104
1 27715 27715
1 29314 29314
0 0 3670
0 0 13869
-1
1 25654 25654
-1
0 0 10231
0 0 8802
-1
0 0 7058
0 0 4587
1 8327 8327
1 15082 15082
1 12406 12406
1 7589 7589
0 0 6157
0 0 7572
1 18760 18760
-1
-1
0 0 6768
-1
-1
0 0 2091
-1
0 0 5436
1 2732 2732
0 0 13066
-1
0 0 4383
-1
-1
0 0 15605
-1
1 14358 14358
-1
1 11448 11448
0 0 1865
-1
1 6 6
1 5244 5244
0 0 2528
0 0 16336
0 0 11167
1 6347 6347
1 2590 2590
0 0 9097
-1
-1
0 0 11118
-1
-1
0 0 4674
-1
0 0 13392
0 0 4780
1 29629 29629
0 0 16259
-1
0 0 8520
-1
-1
0 0 9735
-1
1 31967 31967
1 20451 20451
0 0 12145
1 3786 3786
0 0 9351
1 10194 10194
-1
-1
1 26637 26637
1 27730 27730
0 0 11397
-1
1 14864 14864
0 0 2593
-1
-1
1 9377 9377
1 26229 26229
1 10402 10402
1 8788 8788
1 6940 6940
0 0 8983
-1
1 23308 23308
0 0 15258
1 20395 20395
0 0 10504
-1
-1
1 17560 17560
0 0 119
1 29852 29852
1 2462 2462
0 0 9291
1 25341 25341
0 0 7148
1 28535 28535
1 28095 28095
0 0 3072
0 0 2366
-1
1 4377 4377
-1
0 0 16221
1 9464 9464
1 1829 1829
0 0 11187
1 637 637
1 28574 28574
1 6227 6227
0 0 30
0 0 2543
-1
0 0 9925
0 0 9462
-1
0 0 4242
1 3237 3237
-1
-1
0 0 3006
1 1265 1265
1 15256 15256
-1
-1
0 0 13784
0 0 852
1 12016 12016
1 5684 5684
1 2201 2201
-1
1 8753 8753
0 0 13760
-1
0 0 1758
1 30719 30719
0 0 4065
0 0 11650
-1
1 30177 30177
1 29126 29126
1 19639 19639
0 0 2115
0 0 6857
1 13861 13861
-1
1 9892 9892
0 0 11459
1 12242 12242
-1
-1
0 0 2223
1 14482 14482
-1
-1
1 28275 28275
-1
-1
-1
-1
-1
0 0 12368
1 1025 1025
0 0 14491
1 6115 6115
-1
-1
0 0 15694
0 0 6233
0 0 9232
1 21335 21335
1 18853 18853
0 0 11436
-1
1 31680 31680
-1
0 0 9099
0 0 980
1 6420 6420
0 0 3430
-1
0 0 9804
0 0 13599
1 8768 8768
0 0 5493
-1
0 0 13728
-1
-1
0 0 14601
1 30122 30122
1 6202 6202
0 0 16083
-1
-1
0 0 7655
1 7777 7777
0 0 5527
0 0 10741
0 0 5481
1 7684 7684
1 18107 18107
-1
1 2571 2571
1 5272 5272
-1
1 9256 9256
0 0 3387
0 0 7165
1 2796 2796
-1
0 0 14050
1 13406 13406
1 28689 28689
-1
1 27354 27354
0 0 10851
1 26027 26027
-1
0 0 4391
0 0 15814
-1
1 1410 1410
0 0 14711
-1
-1
1 31583 31583
1 32312 32312
-1
1 9034 9034
0 0 14744
1 27873 27873
1 28153 28153
-1
-1
1 850 850
0 0 10465
0 0 15808
0 0 5632
-1
-1
1 18429 18429
-1
1 28335 28335
-1
-1
-1
-1
0 0 11826
1 3064 3064
0 0 5762
1 18590 18590
1 20227 20227
0 0 12932
-1
1 27818 27818
-1
0 0 5411
1 19697 19697
-1
1 29358 29358
-1
0 0 7882
0 0 12933
1 26321 26321
0 0 3251
0 0 3379
-1
0 0 16267
1 31865 31865
-1
0 0 14720
-1
-1
1 6446 6446
1 31177 31177
1 30423 30423
0 0 14242
0 0 1044
-1
0 0 5123
0 0 13361
1 20050 20050
0 0 14615
-1
-1
0 0 4240
-1
0 0 961
-1
0 0 10253
-1
0 0 7807
1 15394 15394
1 1370 1370
1 30604 30604
1 3789 3789
1 7672 7672
0 0 11015
-1
-1
0 0 4251
-1
-1
1 26844 26844
1 20613 20613
0 0 9341
1 11093 11093
-1
-1
1 8564 8564
1 32130 32130
0 0 12022
-1
0 0 10611
1 2881 2881
0 0 4362
0 0 9034
0 0 14515
0 0 10015
0 0 12729
1 28460 28460
0 0 14221
1 11994 11994
1 23145 23145
-1
0 0 11870
0 0 9299
-1
-1
0 0 15631
-1
1 9027 9027
0 0 9469
0 0 2897
-1
0 0 7175
-1
0 0 8415
0 0 12233
0 0 13470
0 0 13029
0 0 9663
0 0 10177
0 0 12842
0 0 12872
1 5378 5378
-1
-1
0 0 3257
0 0 6269
0 0 3915
-1
0 0 8641
-1
-1
-1
0 0 1639
1 5632 5632
-1
0 0 8854
-1
0 0 107
-1
-1
1 5890 5890
-1
1 2818 2818
1 5747 5747
1 25411 25411
-1
-1
0 0 1028
-1
1 30858 30858
0 0 14141
1 24960 24960
1 29908 29908
-1
1 31978 31978
0 0 4649
-1
-1
0 0 12156
0 0 8934
-1
-1
1 19527 19527
-1
-1
1 17251 17251
1 30633 30633
-1
1 31644 31644
1 9333 9333
0 0 4564
0 0 14734
0 0 13384
0 0 3262
-1
-1
0 0 16011
0 0 15254
-1
0 0 16071
0 0 10964
1 23251 23251
1 7854 7854
0 0 7639
-1
0 0 15719
1 28160 28160
-1
-1
0 0 9097
1 9123 9123
1 30902 30902
1 6456 6456
-1
-1
1 5069 5069
-1
0 0 7058
-1
0 0 8589
0 0 3537
1 24379 24379
0 0 6587
1 1802 1802
-1
-1
-1
1 6614 6614
-1
1 2134 2134
0 0 13176
0 0 9224
-1
0 0 12878
0 0 12844
0 0 3216
1 13041 13041
0 0 2432
0 0 16331
-1
-1
1 25110 25110
0 0 8299
-1
1 11031 11031
1 3716 3716
0 0 6012
0 0 5650
-1
0 0 450
1 5136 5136
-1
1 3879 3879
-1
-1
1 24739 24739
1 23099 23099
0 0 2056
1 1656 1656
0 0 5546
0 0 15729
-1
1 16500 16500
-1
1 16601 16601
1 18469 18469
1 958 958
-1
1 20812 20812
1 20921 20921
-1
0 0 4289
0 0 12718
-1
-1
1 12611 12611
-1
0 0 6460
1 10475 10475
0 0 14188
-1
0 0 15714
1 32234 32234
1 14998 14998
0 0 1844
-1
0 0 1436
0 0 5907
-1
1 25699 25699
1 12914 12914
0 0 4739
-1
1 19151 19151
-1
0 0 2692
0 0 8873
0 0 15318
1 284 284
1 14031 14031
0 0 10178
0 0 10396
0 0 15012
-1
0 0 2906
1 17226 17226
1 5594 5594
1 25447 25447
0 0 4878
0 0 6114
-1
1 31270 31270
-1
0 0 6034
0 0 8174
-1
-1
1 8440 8440
1 11178 11178
0 0 12011
-1
-1
1 405 405
0 0 3734
0 0 5106
0 0 10319
-1
-1
-1
1 9587 9587
0 0 4185
0 0 453
-1
-1
-1
0 0 13880
0 0 15321
1 19962 19962
-1
-1
-1
1 12455 12455
-1
-1
1 25043 25043
-1
1 15913 15913
1 23966 23966
-1
-1
0 0 8127
-1
1 27874 27874
-1
-1
1 27140 27140
-1
1 26405 26405
1 23970 23970
-1
1 23875 23875
1 17337 17337
1 26308 26308
0 0 13893
-1
0 0 7623
0 0 8192
1 14873 14873
1 18068 18068
1 22458 22458
1 3 3
0 0 339
-1
0 0 4016
0 0 9749
1 9109 9109
-1
0 0 11296
-1
-1
0 0 8845
1 5925 5925
0 0 10617
1 23734 23734
1 16080 16080
1 8308 8308
1 6742 6742
-1
0 0 8974
0 0 3153
-1
1 31253 31253
-1
-1
0 0 3015
0 0 11270
1 15322 15322
0 0 3442
1 3038 3038
0 0 15046
0 0 462
0 0 12644
-1
1 7237 7237
1 21654 21654
1 9779 9779
1 2019 2019
-1
1 9683 9683
-1
0 0 8294
1 24114 24114
1 9681 9681
-1
1 12873 12873
1 18535 18535
-1
-1
-1
-1
-1
0 0 6060
1 25633 25633
1 7611 7611
-1
1 23235 23235
1 14161 14161
1 27730 27730
0 0 5635
-1
-1
1 27915 27915
-1
0 0 6324
0 0 4264
-1
0 0 4130
-1
-1
1 6768 6768
-1
0 0 2156
0 0 9938
-1
-1
-1
0 0 13536
-1
-1
0 0 12064
0 0 14686
1 27457 27457
0 0 3012
1 13701 13701
0 0 645
0 0 1294
0 0 15670
0 0 15363
1 2637 2637
0 0 1997
1 30033 30033
-1
0 0 1774
-1
1 2331 2331
1 17877 17877
1 24901 24901
-1
1 11552 11552
-1
0 0 2147
0 0 2883
-1
0 0 9290
0 0 5098
0 0 14122
-1
1 17647 17647
-1
-1
1 23350 23350
1 10862 10862
-1
0 0 13491
0 0 12297
1 30056 30056
0 0 4019
1 15736 15736
0 0 10258
0 0 10085
-1
-1
0 0 14332
0 0 11848
0 0 11839
1 2346 2346
1 4627 4627
-1
0 0 3553
0 0 11784
-1
1 12723 12723
1 5746 5746
1 20665 20665
1 2020 2020
-1
1 29599 29599
0 0 14829
1 18147 18147
1 3414 3414
-1
0 0 5054
1 1976 1976
-1
0 0 5732
1 11134 11134
0 0 12053
-1
-1
1 30224 30224
-1
-1
-1
0 0 11803
1 13373 13373
1 132 132
-1
0 0 1317
-1
1 2334 2334
-1
0 0 9789
1 27486 27486
-1
1 22510 22510
-1
0 0 15018
1 18985 18985
1 5442 5442
1 16387 16387
0 0 1671
0 0 14770
1 23406 23406
-1
-1
-1
1 10509 10509
0 0 997
-1
1 2902 2902
1 29039 29039
0 0 6417
-1
-1
-1
1 4617 4617
-1
-1
0 0 14626
1 118 118
-1
-1
-1
1 31287 31287
0 0 5792
0 0 15411
0 0 2238
0 0 7223
0 0 540
0 0 15425
0 0 6271
-1
1 6455 6455
1 12634 12634
1 28138 28138
1 22372 22372
1 14028 14028
1 7953 7953
0 0 13629
0 0 2628
1 23552 23552
-1
1 8606 8606
0 0 6136
0 0 11366
-1
0 0 13757
1 28639 28639
1 15006 15006
-1
-1
1 31213 31213
-1
-1
-1
0 0 3524
0 0 10409
0 0 898
-1
0 0 12601
1 1235 1235
0 0 9245
-1
-1
1 9116 9116
-1
1 21960 21960
-1
-1
-1
0 0 4776
1 10236 10236
1 11327 11327
0 0 8592
0 0 7711
0 0 14045
0 0 10796
-1
-1
0 0 3580
-1
0 0 772
0 0 12935
0 0 8823
0 0 10226
1 4574 4574
-1
0 0 4950
1 32719 32719
1 21881 21881
1 7628 7628
-1
1 1891 1891
-1
0 0 5090
0 0 9577
1 9343 9343
1 24059 24059
1 8007 8007
-1
0 0 8826
1 17941 17941
-1
0 0 11312
1 21259 21259
1 15703 15703
1 7567 7567
1 10686 10686
-1
-1
-1
1 31892 31892
0 0 9530
1 4760 4760
0 0 11259
1 28604 28604
1 1814 1814
-1
1 29443 29443
0 0 10481
1 8442 8442
0 0 1794
1 10510 10510
-1
0 0 11796
0 0 10852
0 0 1446
0 0 14340
-1
1 294 294
0 0 2899
0 0 4737
-1
1 23326 23326
1 6200 6200
-1
1 22692 22692
1 28359 28359
1 25041 25041
-1
1 16883 16883
1 3277 3277
-1
0 0 7162
1 10890 10890
0 0 3447
-1
1 18581 18581
1 28333 28333
0 0 6720
1 30200 30200
-1
0 0 11913
0 0 3443
-1
1 25632 25632
0 0 2481
0 0 15120
-1
0 0 7568
-1
0 0 12956
1 18472 18472
1 1593 1593
-1
0 0 12139
1 30922 30922
0 0 5251
0 0 677
-1
-1
-1
1 21632 21632
0 0 14981
0 0 10782
1 13399 13399
0 0 4831
-1
-1
0 0 11996
1 1770 1770
-1
0 0 8347
0 0 4293
1 7255 7255
1 9825 9825
-1
1 8209 8209
-1
-1
-1
0 0 6446
-1
1 1139 1139
0 0 5
-1
1 6362 6362
0 0 14782
0 0 4579
-1
0 0 12447
0 0 12325
0 0 8725
1 431 431
1 31202 31202
0 0 5219
1 13180 13180
1 6141 6141
0 0 2600
0 0 9209
1 27060 27060
0 0 16052
-1
-1
1 10495 10495
1 29308 29308
0 0 901
0 0 3417
0 0 14621
1 3101 3101
0 0 5403
-1
1 18814 18814
-1
0 0 14071
-1
0 0 9543
0 0 13459
1 1670 1670
0 0 15785
0 0 1717
1 14456 14456
1 13504 13504
-1
-1
-1
1 25177 25177
1 23108 23108
0 0 6202
-1
0 0 1855
1 24863 24863
1 5665 5665
-1
0 0 1321
0 0 8274
-1
1 15489 15489
1 1386 1386
1 8731 8731
0 0 1441
0 0 834
1 27217 27217
0 0 12463
1 13035 13035
0 0 16160
1 2820 2820
0 0 3758
0 0 14842
0 0 943
1 7543 7543
-1
-1
1 1886 1886
0 0 1031
0 0 13526
0 0 8868
1 15885 15885
1 32294 32294
0 0 15839
0 0 10163
-1
1 27786 27786
0 0 12169
-1
1 21863 21863
1 13822 13822
-1
1 24362 24362
1 30168 30168
-1
1 9947 9947
0 0 16173
1 11654 11654
-1
-1
-1
-1
1 12311 12311
0 0 9670
1 2170 2170
0 0 13793
1 15854 15854
0 0 5831
1 11695 11695
1 14519 14519
0 0 4533
1 18671 18671
-1
1 2741 2741
1 32136 32136
1 16250 16250
-1
-1
-1
0 0 3591
-1
-1
1 4943 4943
1 29470 29470
0 0 2823
0 0 10849
-1
0 0 10649
-1
0 0 12210
0 0 4754
-1
-1
-1
1 5478 5478
0 0 3825
1 21602 21602
1 17553 17553
-1
0 0 11833
1 3279 3279
1 8899 8899
0 0 1929
-1
-1
-1
-1
-1
1 17463 17463
1 27702 27702
1 30009 30009
0 0 6440
-1
-1
0 0 12610
1 8146 8146
-1
0 0 10176
-1
-1
-1
0 0 7470
1 94 94
1 14005 14005
-1
1 30557 30557
0 0 6553
1 20129 20129
-1
-1
1 23658 23658
-1
1 31641 31641
1 23491 23491
0 0 2469
0 0 6126
0 0 11138
1 30775 30775
1 10251 10251
1 13998 13998
1 25237 25237
-1
0 0 2094
1 31770 31770
0 0 4655
0 0 13918
1 9185 9185
0 0 14570
1 24753 24753
-1
1 10414 10414
1 2981 2981
1 3721 3721
-1
0 0 6118
-1
1 7197 7197
0 0 15702
-1
-1
0 0 426
1 19567 19567
1 23281 23281
0 0 10372
0 0 5925
-1
1 14413 14413
1 3077 3077
0 0 5609
1 21905 21905
1 29613 29613
1 3750 3750
1 13292 13292
1 17510 17510
-1
-1
0 0 15913
0 0 7031
1 6050 6050
0 0 5556
1 23792 23792
0 0 6331
0 0 12952
-1
-1
1 9376 9376
0 0 8664
1 29494 29494
0 0 15940
0 0 10992
1 14661 14661
1 29779 29779
1 16096 16096
-1
1 25596 25596
-1
1 6439 6439
-1
-1
-1
1 8655 8655
0 0 12243
0 0 12785
0 0 10479
0 0 15934
0 0 5361
0 0 5822
1 21316 21316
1 11910 11910
-1
0 0 7940
0 0 10084
0 0 8636
-1
-1
-1
-1
1 12395 12395
-1
1 25318 25318
0 0 14119
-1
0 0 10501
1 7622 7622
-1
0 0 2173
1 6093 6093
1 2140 2140
0 0 14390
1 32501 32501
-1
0 0 9342
0 0 10911
1 5302 5302
-1
-1
1 16518 16518
-1
1 8183 8183
-1
0 0 5021
1 9333 9333
0 0 11177
0 0 3869
0 0 13381
1 19897 19897
1 22012 22012
-1
0 0 8490
0 0 12072
-1
-1
-1
0 0 13944
1 1099 1099
0 0 1872
1 31578 31578
0 0 4817
1 22179 22179
0 0 15702
1 10331 10331
0 0 10529
-1
-1
1 8799 8799
1 13058 13058
0 0 6536
-1
-1
-1
-1
1 29578 29578
-1
-1
0 0 12770
0 0 3581
-1
-1
-1
0 0 11602
0 0 8562
0 0 1609
-1
1 16482 16482
1 22244 22244
0 0 15014
1 2123 2123
1 16676 16676
-1
0 0 538
-1
0 0 2614
1 30003 30003
1 9154 9154
0 0 15535
-1
1 9584 9584
0 0 7268
-1
0 0 10944
1 3077 3077
0 0 9590
1 17925 17925
-1
1 23849 23849
-1
0 0 4557
1 2634 2634
-1
0 0 11044
0 0 11966
0 0 7567
-1
1 22894 22894
1 1239 1239
-1
1 22068 22068
0 0 14151
1 22087 22087
-1
1 31578 31578
0 0 3448
-1
0 0 7149
0 0 9626
1 2485 2485
1 32293 32293
0 0 1255
-1
0 0 12837
0 0 3017
-1
0 0 11773
0 0 15739
-1
1 12013 12013
1 13026 13026
-1
1 5909 5909
0 0 13748
0 0 11452
-1
-1
0 0 2711
1 29818 29818
0 0 4499
-1
-1
1 30686 30686
0 0 12152
1 9857 9857
-1
1 15179 15179
0 0 3084
1 22469 22469
-1
-1
-1
0 0 2716
0 0 6722
-1
-1
0 0 10554
1 18794 18794
-1
0 0 11938
1 9352 9352
0 0 8244
1 29 29
-1
1 32374 32374
1 406 406
-1
0 0 16018
1 15795 15795
-1
1 24063 24063
1 2040 2040
1 1705 1705
1 6567 6567
-1
0 0 1628
1 28984 28984
-1
0 0 4207
1 27117 27117
-1
-1
0 0 4569
1 11253 11253
1 1752 1752
-1
-1
0 0 12992
-1
0 0 6062
0 0 13000
0 0 11274
0 0 1739
-1
-1
1 27787 27787
-1
1 20243 20243
1 20655 20655
1 31633 31633
-1
-1
0 0 7210
-1
0 0 4193
1 13010 13010
1 29502 29502
0 0 16145
1 28332 28332
-1
1 30802 30802
0 0 8022
0 0 12144
1 29380 29380
-1
1 21697 21697
-1
0 0 905
0 0 8465
0 0 15322
-1
0 0 12328
0 0 13273
1 4520 4520
0 0 16064
-1
0 0 14602
1 14359 14359
0 0 13555
-1
-1
1 29775 29775
1 14493 14493
-1
-1
-1
-1
1 2077 2077
-1
-1
1 5917 5917
1 19772 19772
0 0 9972
0 0 587
-1
1 4976 4976
1 21460 21460
1 27393 27393
-1
0 0 439
1 15018 15018
-1
-1
1 3713 3713
0 0 390
-1
1 3209 3209
1 16138 16138
0 0 6057
-1
-1
-1
1 26635 26635
-1
-1
-1
-1
1 18324 18324
0 0 11338
-1
-1
1 1248 1248
1 8908 8908
-1
0 0 14063
0 0 13557
0 0 11272
0 0 13445
-1
0 0 8826
0 0 1732
0 0 6079
-1
-1
0 0 3751
-1
1 15327 15327
0 0 3340
-1
-1
-1
-1
1 26604 26604
1 23014 23014
0 0 11571
-1
0 0 2078
0 0 7952
1 1726 1726
-1
-1
1 28687 28687
1 22571 22571
1 26291 26291
0 0 1276
-1
0 0 12859
0 0 11894
1 30737 30737
0 0 10986
1 32156 32156
-1
-1
0 0 2756
0 0 13094
-1
1 22809 22809
-1
0 0 11062
1 30071 30071
-1
-1
1 20371 20371
0 0 10944
0 0 2883
1 6944 6944
1 16780 16780
-1
-1
0 0 13438
1 32472 32472
1 14703 14703
-1
1 26423 26423
-1
1 9514 9514
0 0 624
1 24252 24252
0 0 16119
0 0 1516
1 17750 17750
-1
0 0 9567
0 0 11898
1 28160 28160
1 32712 32712
0 0 2292
0 0 4393
-1
1 16146 16146
1 22258 22258
1 10391 10391
-1
-1
-1
1 30650 30650
-1
-1
0 0 14557
-1
1 1682 1682
-1
-1
0 0 7699
0 0 5263
0 0 12735
0 0 1315
1 1669 1669
-1
-1
0 0 9029
1 25839 25839
-1
-1
1 17161 17161
1 1922 1922
-1
-1
-1
-1
1 9967 9967
1 22721 22721
-1
0 0 3293
0 0 4710
-1
0 0 6635
-1
0 0 2582
0 0 5057
1 32562 32562
1 9640 9640
0 0 1264
0 0 9854
-1
0 0 5851
1 23990 23990
0 0 7058
0 0 11229
0 0 2177
0 0 11125
0 0 4629
-1
1 5746 5746
0 0 5208
-1
1 6845 6845
-1
-1
0 0 9463
1 25075 25075
1 27910 27910
-1
-1
0 0 11637
-1
1 31528 31528
-1
1 30236 30236
0 0 2855
0 0 4571
0 0 7061
1 15923 15923
0 0 6093
0 0 11982
1 6814 6814
-1
-1
-1
1 29802 29802
0 0 1764
1 2787 2787
0 0 12102
0 0 5806
0 0 11025
1 3743 3743
-1
1 24024 24024
-1
1 18678 18678
-1
1 32340 32340
0 0 16241
-1
-1
0 0 13294
1 9948 9948
-1
0 0 8463
0 0 4680
0 0 7952
1 28458 28458
1 10598 10598
-1
0 0 8574
1 28575 28575
1 27141 27141
1 18520 18520
0 0 4920
0 0 2870
1 12039 12039
0 0 14023
0 0 2135
-1
1 23274 23274
1 13109 13109
1 30112 30112
0 0 15836
-1
0 0 8231
0 0 15536
0 0 9774
0 0 8391
1 24561 24561
0 0 4705
0 0 9299
-1
0 0 228
-1
0 0 4061
-1
-1
0 0 15380
-1
-1
0 0 14932
1 25040 25040
0 0 11772
1 22363 22363
-1
1 3937 3937
0 0 1288
1 11327 11327
-1
0 0 599
-1
1 17477 17477
1 28662 28662
0 0 15008
-1
1 22399 22399
1 18293 18293
0 0 5225
1 28471 28471
-1
0 0 15491
0 0 6122
-1
1 8859 8859
-1
0 0 13301
1 1899 1899
1 17126 17126
-1
-1
1 15171 15171
1 22581 22581
0 0 13182
1 12013 12013
0 0 5489
0 0 1775
0 0 5768
1 931 931
0 0 12999
-1
1 7287 7287
1 19975 19975
0 0 2476
-1
0 0 12015
1 8512 8512
0 0 5846
1 22948 22948
0 0 2757
1 2219 2219
1 1988 1988
1 14501 14501
0 0 2536
1 15447 15447
0 0 5018
0 0 2942
1 21920 21920
1 9609 9609
-1
0 0 13978
-1
-1
0 0 1408
-1
-1
1 32403 32403
-1
0 0 6887
0 0 15432
-1
0 0 9108
-1
1 14009 14009
1 4345 4345
0 0 1187
1 32500 32500
0 0 7062
-1
1 3846 3846
0 0 13671
0 0 1639
1 3373 3373
1 11333 11333
-1
0 0 7498
0 0 4933
1 27443 27443
1 21617 21617
1 13322 13322
1 26336 26336
1 13527 13527
0 0 13457
-1
1 19651 19651
0 0 9412
0 0 4428
-1
-1
1 2421 2421
0 0 7094
0 0 9875
1 16156 16156
1 3357 3357
-1
0 0 10989
0 0 6370
-1
0 0 99
1 30243 30243
-1
1 7756 7756
-1
1 20354 20354
1 27289 27289
-1
-1
-1
-1
0 0 15703
1 19259 19259
0 0 7226
1 12336 12336
0 0 904
0 0 1910
1 24945 24945
-1
-1
0 0 7521
0 0 13229
1 13946 13946
1 17818 17818
1 15096 15096
-1
-1
1 21934 21934
1 15029 15029
0 0 1550
0 0 10836
1 26444 26444
1 20631 20631
0 0 10880
1 27145 27145
-1
-1
1 16357 16357
0 0 2711
0 0 6416
0 0 14021
1 5376 5376
-1
0 0 2546
-1
0 0 2702
-1
0 0 9383
-1
-1
-1
1 3066 3066
-1
0 0 5046
1 1852 1852
0 0 7849
-1
-1
1 15065 15065
-1
-1
0 0 5598
-1
-1
0 0 4946
1 19974 19974
1 16911 16911
1 16282 16282
0 0 15734
1 55 55
-1
-1
1 2929 2929
0 0 3732
0 0 14567
0 0 6794
1 26064 26064
-1
1 11196 11196
0 0 4328
1 30999 30999
1 523 523
-1
1 27748 27748
-1
-1
-1
1 26335 26335
0 0 5227
1 26614 26614
-1
0 0 5072
1 15151 15151
0 0 9086
-1
1 29150 29150
-1
1 7026 7026
0 0 475
-1
1 2731 2731
1 29369 29369
0 0 12650
1 13000 13000
0 0 1011
0 0 11556
-1
-1
0 0 5389
0 0 12310
0 0 4924
1 30421 30421
-1
1 25475 25475
-1
1 29850 29850
0 0 2320
1 13567 13567
1 14235 14235
0 0 15423
0 0 4564
0 0 948
0 0 11373
0 0 5825
0 0 11598
0 0 6157
-1
-1
-1
0 0 7106
1 31550 31550
-1
-1
1 14762 14762
0 0 5938
1 8393 8393
0 0 13715
-1
-1
1 18538 18538
-1
0 0 14729
-1
0 0 14158
-1
-1
0 0 1861
-1
-1
-1
1 32696 32696
1 26736 26736
0 0 8372
1 17204 17204
0 0 6571
1 12032 12032
0 0 12863
-1
1 2617 2617
1 23293 23293
0 0 8286
-1
-1
0 0 14105
1 6969 6969
1 14154 14154
-1
1 24637 24637
0 0 16059
1 23662 23662
-1
1 30477 30477
0 0 10487
0 0 5020
-1
1 28519 28519
-1
1 19464 19464
-1
0 0 15027
1 15171 15171
-1
-1
1 27894 27894
1 27222 27222
1 17814 17814
1 31523 31523
-1
1 10518 10518
0 0 14971
0 0 2990
-1
1 25152 25152
0 0 593
0 0 15993
1 23612 23612
0 0 3651
0 0 1772
1 21570 21570
1 18276 18276
0 0 9097
1 30196 30196
1 4699 4699
1 9899 9899
1 22009 22009
0 0 14191
-1
0 0 4026
-1
1 18325 18325
1 432 432
-1
0 0 12934
1 3246 3246
-1
0 0 15911
1 18097 18097
-1
-1
0 0 12006
-1
1 13620 13620
0 0 8204
-1
1 25408 25408
-1
1 24478 24478
-1
1 11995 11995
0 0 4043
1 22286 22286
-1
1 4155 4155
-1
-1
0 0 2754
1 9497 9497
-1
1 30115 30115
0 0 12931
-1
0 0 10965
1 2628 2628
0 0 47
-1
0 0 622
-1
-1
1 16057 16057
-1
-1
-1
-1
-1
1 26797 26797
1 12117 12117
0 0 15870
1 1883 1883
1 10539 10539
1 15249 15249
-1
1 3781 3781
0 0 10850
-1
-1
0 0 1682
-1
0 0 8428
-1
-1
0 0 3038
0 0 13101
1 32343 32343
0 0 2115
0 0 3053
0 0 12966
-1
1 9114 9114
1 19850 19850
0 0 10813
-1
0 0 11620
-1
1 9734 9734
0 0 7374
0 0 1605
1 13660 13660
-1
1 9400 9400
0 0 2873
1 26073 26073
0 0 9390
0 0 9161
1 15778 15778
1 16803 16803
1 2446 2446
0 0 282
1 24400 24400
-1
0 0 13556
-1
1 29000 29000
1 10257 10257
-1
-1
-1
-1
0 0 963
1 31305 31305
0 0 13715
-1
1 18893 18893
-1
0 0 3843
1 21632 21632
1 5963 5963
1 2952 2952
0 0 1042
-1
1 32661 32661
0 0 2775
0 0 2265
1 25065 25065
1 5010 5010
1 20087 20087
0 0 10039
1 20971 20971
1 28162 28162
-1
-1
1 11771 11771
0 0 1530
0 0 15291
0 0 16053
1 10973 10973
0 0 15015
-1
0 0 6858
-1
0 0 6821
0 0 1299
1 7618 7618
1 2859 2859
1 8947 8947
0 0 4016
1 15133 15133
-1
1 31148 31148
0 0 13493
0 0 2223
-1
0 0 8404
0 0 9106
-1
-1
-1
1 26464 26464
-1
0 0 15598
0 0 13492
1 5476 5476
1 1037 1037
1 6143 6143
1 26171 26171
0 0 10933
1 6220 6220
1 25699 25699
0 0 1974
-1
0 0 2594
-1
0 0 15980
-1
1 15789 15789
-1
-1
1 6300 6300
0 0 11813
1 20375 20375
0 0 5556
-1
1 31352 31352
-1
1 23905 23905
-1
1 30117 30117
-1
-1
-1
1 24277 24277
1 28088 28088
-1
-1
1 11038 11038
0 0 10105
0 0 15230
0 0 6106
-1
1 22754 22754
0 0 16167
0 0 10341
0 0 1119
0 0 6814
-1
0 0 11338
0 0 1684
-1
1 6585 6585
1 30407 30407
-1
1 11164 11164
1 19136 19136
0 0 9478
0 0 10968
-1
0 0 3198
0 0 1603
0 0 2413
-1
0 0 13724
1 4162 4162
1 25327 25327
-1
-1
1 3017 3017
-1
1 12057 12057
0 0 15932
0 0 6985
-1
1 19611 19611
0 0 5145
1 13712 13712
-1
1 29593 29593
-1
1 22434 22434
1 3697 3697
-1
1 25561 25561
1 8734 8734
0 0 2549
0 0 11129
-1
-1
0 0 15012
1 18176 18176
1 31419 31419
0 0 10361
-1
-1
0 0 15054
-1
0 0 10492
1 18985 18985
0 0 490
-1
0 0 10995
1 21680 21680
0 0 14969
1 23111 23111
1 30699 30699
-1
-1
-1
1 23558 23558
0 0 59
0 0 7781
-1
0 0 485
0 0 12013
-1
0 0 8561
-1
1 3546 3546
-1
-1
-1
0 0 12995
1 18653 18653
-1
1 1784 1784
1 29098 29098
0 0 12757
-1
0 0 1816
-1
0 0 7364
-1
-1
0 0 3580
-1
0 0 9608
0 0 8740
1 695 695
-1
-1
1 12117 12117
1 2069 2069
-1
0 0 9047
0 0 14265
-1
-1
1 16724 16724
0 0 2932
1 19602 19602
-1
1 10993 10993
-1
1 9702 9702
1 2466 2466
0 0 15169
-1
1 11073 11073
-1
-1
0 0 7404
-1
0 0 6840
-1
0 0 69
0 0 4248
0 0 15338
-1
-1
-1
-1
0 0 14985
-1
1 30389 30389
1 22606 22606
1 30508 30508
-1
1 14059 14059
1 18475 18475
1 17843 17843
-1
1 20316 20316
-1
0 0 4841
0 0 12900
0 0 5679
0 0 421
-1
1 25012 25012
-1
-1
1 1349 1349
1 14127 14127
0 0 9268
-1
-1
1 22384 22384
1 16540 16540
0 0 8031
0 0 2673
-1
0 0 5212
0 0 11635
1 24781 24781
1 11400 11400
0 0 15435
0 0 13040
0 0 12711
1 29360 29360
0 0 7968
1 19224 19224
-1
1 14148 14148
0 0 2364
1 30285 30285
0 0 3892
-1
0 0 11928
0 0 7691
1 9225 9225
0 0 14230
-1
-1
0 0 4521
1 10357 10357
0 0 9853
0 0 3181
-1
1 32013 32013
-1
1 29091 29091
0 0 1846
0 0 14128
1 22607 22607
-1
-1
1 19180 19180
1 31224 31224
0 0 14463
0 0 9643
-1
-1
0 0 12780
1 16697 16697
0 0 2570
0 0 10514
1 8840 8840
0 0 4730
0 0 10697
-1
-1
-1
1 29965 29965
1 18382 18382
-1
-1
0 0 14325
1 2870 2870
0 0 13933
1 22067 22067
1 31649 31649
-1
0 0 10082
-1
-1
1 24735 24735
0 0 11370
-1
1 14040 14040
-1
-1
0 0 6082
-1
1 10183 10183
1 18603 18603
-1
1 18172 18172
-1
1 4126 4126
-1
-1
-1
1 17430 17430
-1
1 28053 28053
-1
0 0 14814
-1
0 0 6120
0 0 7085
0 0 12296
0 0 1060
0 0 3766
0 0 2881
-1
1 7166 7166
1 17686 17686
1 17896 17896
1 20177 20177
1 31533 31533
0 0 1349
0 0 13856
0 0 15470
0 0 10252
-1
0 0 14652
1 28626 28626
1 30580 30580
-1
-1
-1
1 23788 23788
0 0 9451
0 0 3103
-1
0 0 5071
1 4867 4867
0 0 16019
0 0 8584
0 0 6990
-1
1 17833 17833
0 0 1116
-1
1 27823 27823
-1
0 0 8283
-1
1 16175 16175
0 0 9781
0 0 6376
-1
1 8261 8261
1 30118 30118
-1
-1
-1
0 0 10425
1 3979 3979
-1
-1
-1
0 0 13358
-1
1 7528 7528
1 23797 23797
-1
1 7924 7924
0 0 12236
-1
0 0 15590
-1
1 25063 25063
1 27232 27232
0 0 7817
0 0 1773
0 0 6612
0 0 426
0 0 2308
1 9189 9189
-1
0 0 15411
-1
1 26603 26603
1 4679 4679
1 12173 12173
-1
0 0 951
-1
1 6391 6391
1 7704 7704
1 10852 10852
1 19134 19134
0 0 4545
1 20356 20356
1 20408 20408
0 0 11468
1 325 325
1 26080 26080
1 31176 31176
1 3478 3478
0 0 7682
-1
0 0 5491
1 22681 22681
-1
1 4962 4962
-1
-1
-1
-1
1 18009 18009
1 3105 3105
0 0 1805
0 0 3051
1 30101 30101
1 15056 15056
-1
0 0 6975
1 24240 24240
0 0 16108
1 23876 23876
1 20920 20920
1 16192 16192
-1
-1
1 28935 28935
-1
-1
0 0 13495
1 7359 7359
1 28762 28762
0 0 2973
0 0 15059
1 5770 5770
0 0 4714
-1
1 2058 2058
-1
1 24995 24995
-1
-1
-1
0 0 5136
-1
1 4553 4553
0 0 5040
-1
0 0 6671
-1
1 7712 7712
-1
0 0 7109
1 29339 29339
-1
1 7177 7177
1 6046 6046
1 13850 13850
1 27429 27429
-1
-1
0 0 7384
-1
-1
-1
-1
1 6409 6409
1 13382 13382
0 0 5702
-1
-1
-1
0 0 16048
0 0 5231
-1
1 31103 31103
1 2319 2319
0 0 9176
-1
0 0 15457
-1
1 31435 31435
1 9997 9997
-1
0 0 7941
1 27962 27962
-1
-1
1 18001 18001
1 29887 29887
1 7199 7199
-1
-1
-1
1 20839 20839
1 20916 20916
-1
0 0 11590
0 0 7673
0 0 15551
1 3660 3660
1 12890 12890
1 129 129
-1
1 2487 2487
0 0 5538
1 26146 26146
0 0 5465
0 0 1938
-1
-1
0 0 12130
1 16917 16917
0 0 6299
0 0 4034
0 0 2796
0 0 10701
-1
-1
1 3683 3683
1 29403 29403
1 4598 4598
1 8756 8756
-1
1 3476 3476
1 25474 25474
1 7088 7088
0 0 13950
1 24723 24723
0 0 12072
1 28041 28041
-1
-1
1 5855 5855
-1
1 19026 19026
1 16645 16645
-1
-1
-1
0 0 9213
1 6954 6954
-1
-1
0 0 9629
1 30052 30052
0 0 2788
-1
0 0 15676
0 0 4522
-1
-1
0 0 9150
1 2557 2557
1 23460 23460
-1
-1
0 0 8904
1 9116 9116
0 0 641
1 8020 8020
0 0 7931
0 0 11781
1 26173 26173
-1
0 0 1447
1 19180 19180
-1
-1
-1
1 24722 24722
1 11672 11672
-1
-1
-1
1 27873 27873
-1
0 0 6601
0 0 11275
0 0 14454
0 0 14964
0 0 9128
-1
-1
1 11894 11894
0 0 3211
-1
1 7451 7451
-1
0 0 4188
-1
-1
-1
0 0 735
1 30134 30134
1 3653 3653
1 28073 28073
0 0 499
0 0 8215
0 0 4399
-1
-1
1 17347 17347
0 0 4069
1 23267 23267
-1
1 3132 3132
0 0 701
0 0 12942
-1
-1
1 15439 15439
-1
-1
-1
1 9117 9117
1 20998 20998
0 0 7616
-1
1 28081 28081
1 27993 27993
1 22841 22841
1 17757 17757
1 19527 19527
1 5069 5069
0 0 243
0 0 13414
-1
0 0 7891
0 0 6771
0 0 14737
-1
1 3899 3899
1 7752 7752
-1
1 13011 13011
-1
1 6991 6991
1 32152 32152
0 0 12217
0 0 13612
0 0 1914
0 0 7402
-1
0 0 5817
0 0 817
0 0 2842
0 0 16027
1 7277 7277
1 11644 11644
1 10904 10904
0 0 1949
1 32643 32643
0 0 2474
1 11187 11187
1 11269 11269
1 32260 32260
0 0 8024
1 9104 9104
1 25316 25316
-1
-1
0 0 15622
-1
0 0 11378
0 0 338
0 0 9899
1 5873 5873
1 21448 21448
-1
0 0 3387
1 4871 4871
0 0 15373
1 17575 17575
1 13766 13766
0 0 10241
0 0 6151
-1
-1
-1
1 14316 14316
1 27465 27465
1 24565 24565
-1
1 24205 24205
1 13127 13127
-1
1 27008 27008
0 0 2801
-1
-1
0 0 2045
-1
-1
1 11047 11047
-1
0 0 8292
-1
1 12346 12346
1 15459 15459
-1
0 0 4643
-1
-1
-1
0 0 4781
1 14017 14017
1 22741 22741
1 3898 3898
-1
0 0 12030
0 0 16087
1 3777 3777
1 12583 12583
1 24557 24557
1 17969 17969
0 0 3675
1 23892 23892
-1
0 0 15996
-1
1 27433 27433
1 26903 26903
1 21656 21656
1 7609 7609
-1
0 0 3675
0 0 6666
-1
-1
0 0 12908
0 0 10677
1 17579 17579
0 0 636
1 12224 12224
1 10247 10247
0 0 11034
-1
1 19208 19208
-1
1 19764 19764
-1
0 0 5646
0 0 6791
1 19246 19246
-1
-1
-1
0 0 1567
-1
-1
-1
-1
-1
0 0 2094
1 20729 20729
0 0 16377
0 0 260
1 9465 9465
0 0 4050
1 21554 21554
1 27744 27744
-1
1 19528 19528
-1
-1
0 0 6740
-1
-1
-1
1 16602 16602
-1
-1
-1
1 29713 29713
0 0 878
0 0 11193
0 0 779
1 30896 30896
0 0 8701
-1
1 8377 8377
1 9707 9707
1 18145 18145
1 30185 30185
0 0 13970
1 14411 14411
-1
-1
1 7384 7384
0 0 11543
-1
1 21562 21562
0 0 257
1 31813 31813
-1
0 0 8133
1 5126 5126
1 32277 32277
0 0 830
1 20846 20846
-1
-1
1 12842 12842
0 0 5963
0 0 4249
0 0 13836
1 23384 23384
0 0 12007
-1
-1
0 0 5896
-1
-1
1 31729 31729
0 0 5864
1 2788 2788
1 25813 25813
-1
1 12813 12813
1 21814 21814
1 27025 27025
1 4759 4759
-1
1 7033 7033
0 0 1354
1 7061 7061
-1
1 22105 22105
1 2787 2787
-1
1 9700 9700
-1
1 2870 2870
-1
1 15121 15121
1 5760 5760
1 11897 11897
0 0 1337
0 0 11616
-1
-1
1 26335 26335
1 2714 2714
0 0 15562
-1
1 2010 2010
-1
1 28871 28871
-1
-1
1 5950 5950
0 0 9823
0 0 11833
0 0 12857
1 10913 10913
0 0 6679
0 0 12588
-1
-1
-1
-1
1 14200 14200
-1
0 0 7649
-1
0 0 7434
1 1181 1181
-1
0 0 2563
-1
1 27989 27989
-1
0 0 8736
1 24992 24992
-1
0 0 12940
-1
0 0 10227
-1
-1
1 32473 32473
1 17054 17054
-1
1 25909 25909
0 0 5343
-1
1 25061 25061
-1
-1
-1
0 0 904
1 12788 12788
1 11401 11401
-1
1 15945 15945
-1
0 0 3925
-1
-1
0 0 12287
0 0 4879
0 0 10640
-1
-1
1 11206 11206
-1
0 0 3591
1 23870 23870
1 7090 7090
1 6742 6742
0 0 9928
0 0 11297
1 31149 31149
1 15290 15290
1 27697 27697
1 219 219
0 0 8921
1 28037 28037
0 0 4187
1 17154 17154
0 0 6201
0 0 14708
-1
1 6976 6976
-1
-1
0 0 5092
1 26421 26421
0 0 436
-1
-1
-1
0 0 15488
-1
-1
1 18725 18725
0 0 8334
-1
0 0 6332
0 0 6689
0 0 440
1 28009 28009
0 0 12539
-1
0 0 12721
1 7362 7362
-1
1 16881 16881
0 0 12872
1 4411 4411
-1
-1
1 8010 8010
0 0 6482
-1
0 0 581
0 0 8842
-1
1 1315 1315
-1
1 29989 29989
-1
-1
-1
-1
0 0 14
0 0 13650
-1
0 0 8258
-1
0 0 15659
-1
1 5958 5958
-1
1 3672 3672
1 32346 32346
-1
1 21493 21493
1 26169 26169
1 2742 2742
0 0 15691
-1
0 0 2816
0 0 10584
1 20051 20051
1 13853 13853
-1
1 8214 8214
1 24719 24719
1 13156 13156
-1
0 0 4834
1 8228 8228
1 20947 20947
-1
-1
0 0 14607
1 3032 3032
0 0 11831
0 0 8942
-1
1 15411 15411
-1
0 0 1011
-1
1 1657 1657
-1
-1
1 29808 29808
1 3988 3988
1 10693 10693
-1
0 0 7684
1 1600 1600
-1
-1
0 0 11494
-1
-1
-1
0 0 15170
1 2919 2919
1 15475 15475
1 21975 21975
1 28836 28836
-1
-1
-1
-1
-1
-1
0 0 8429
1 11912 11912
1 9724 9724
0 0 5051
0 0 13444
0 0 2591
1 6390 6390
1 20501 20501
0 0 6791
-1
1 15838 15838
0 0 939
-1
0 0 3728
1 17424 17424
-1
1 13630 13630
0 0 3836
0 0 8351
0 0 11237
0 0 15221
1 19249 19249
1 23021 23021
0 0 883
1 18800 18800
-1
1 14839 14839
1 6516 6516
0 0 9026
0 0 4272
1 23815 23815
0 0 7877
0 0 1271
0 0 10962
0 0 5008
1 27701 27701
-1
0 0 753
1 19734 19734
1 5615 5615
1 12356 12356
0 0 2561
1 3346 3346
-1
1 10657 10657
1 21028 21028
-1
-1
-1
1 14100 14100
-1
-1
-1
-1
-1
0 0 4891
1 6865 6865
1 29481 29481
0 0 10108
1 11909 11909
-1
0 0 5112
-1
-1
0 0 1070
-1
0 0 12015
1 9577 9577
0 0 6805
-1
0 0 13452
1 21702 21702
1 20065 20065
1 24542 24542
-1
0 0 10436
-1
1 20304 20304
-1
-1
-1
-1
0 0 806
1 24131 24131
0 0 6365
1 441 441
1 13188 13188
0 0 6482
0 0 4637
1 15789 15789
1 8775 8775
-1
0 0 1420
-1
1 20355 20355
0 0 2350
0 0 13232
1 12623 12623
-1
1 9042 9042
0 0 597
1 1203 1203
1 29504 29504
1 17627 17627
0 0 1234
0 0 4621
0 0 927
0 0 8020
0 0 11338
1 18661 18661
1 21938 21938
1 24801 24801
0 0 8167
-1
0 0 8470
0 0 4175
1 31297 31297
-1
-1
1 1136 1136
0 0 16372
1 24242 24242
-1
0 0 12395
0 0 4909
1 30763 30763
0 0 10863
1 25801 25801
1 4412 4412
-1
1 9520 9520
1 30257 30257
0 0 14692
-1
0 0 6372
-1
0 0 3624
0 0 13948
0 0 10074
0 0 9063
0 0 12122
0 0 6546
0 0 14055
0 0 654
-1
1 23185 23185
-1
0 0 7176
1 25223 25223
-1
-1
-1
-1
-1
1 31940 31940
-1
0 0 16373
0 0 5419
1 5452 5452
1 7395 7395
0 0 6167
0 0 3488
1 12865 12865
0 0 14114
-1
-1
0 0 5499
-1
0 0 81
-1
-1
0 0 1309
1 7236 7236
1 16971 16971
1 5151 5151
1 31525 31525
-1
-1
1 9183 9183
1 5335 5335
1 23757 23757
0 0 14872
-1
1 6431 6431
-1
1 5440 5440
0 0 12346
-1
-1
0 0 2501
0 0 903
0 0 12661
1 11896 11896
-1
1 28141 28141
1 7118 7118
1 13283 13283
-1
0 0 4739
0 0 6020
1 28891 28891
-1
-1
-1
1 29571 29571
0 0 13646
0 0 12145
1 2875 2875
1 529 529
0 0 1474
0 0 792
-1
1 6994 6994
0 0 11579
-1
-1
0 0 9105
-1
-1
-1
-1
1 18440 18440
1 24674 24674
1 7967 7967
1 13913 13913
0 0 15034
1 13941 13941
0 0 10118
1 27488 27488
0 0 5057
0 0 4893
-1
-1
0 0 3821
0 0 7374
0 0 496
-1
-1
1 9304 9304
0 0 7887
0 0 4427
-1
1 7295 7295
1 8036 8036
-1
0 0 11930
0 0 378
-1
-1
1 30931 30931
0 0 11770
0 0 5788
-1
1 7183 7183
-1
1 31168 31168
-1
-1
1 10775 10775
0 0 3104
-1
1 15894 15894
1 29905 29905
1 2201 2201
1 7684 7684
-1
0 0 16160
-1
0 0 7175
0 0 3037
0 0 15713
1 23182 23182
0 0 12809
1 30270 30270
0 0 4739
0 0 14037
0 0 14092
1 16557 16557
1 26262 26262
1 16031 16031
1 13123 13123
1 25119 25119
1 20550 20550
1 6671 6671
1 16963 16963
-1
-1
1 23311 23311
0 0 9712
-1
1 10006 10006
0 0 9173
0 0 12731
1 3970 3970
1 5899 5899
1 15709 15709
0 0 1978
1 19329 19329
-1
0 0 5838
-1
-1
1 14430 14430
-1
0 0 2146
-1
-1
1 16966 16966
-1
-1
-1
-1
0 0 4591
1 27499 27499
0 0 13137
0 0 9637
1 13600 13600
-1
1 14420 14420
-1
-1
0 0 15059
-1
-1
0 0 1096
0 0 8196
1 21288 21288
-1
0 0 15077
0 0 6323
0 0 5956
1 15649 15649
1 15960 15960
-1
-1
0 0 6795
0 0 6520
1 31932 31932
-1
1 19831 19831
1 27869 27869
1 31432 31432
1 96 96
-1
-1
-1
0 0 5797
1 16682 16682
0 0 6629
0 0 12269
-1
-1
0 0 8547
0 0 343
0 0 15122
0 0 11533
1 19466 19466
1 13287 13287
-1
1 4125 4125
1 19272 19272
1 29101 29101
0 0 6999
1 2412 2412
0 0 3041
0 0 2350
1 562 562
-1
-1
0 0 15490
0 0 3394
1 32637 32637
1 12895 12895
1 6636 6636
-1
0 0 6388
0 0 7861
0 0 10116
-1
-1
-1
1 31879 31879
1 7019 7019
-1
-1
-1
1 17587 17587
-1
0 0 8209
1 3935 3935
-1
1 24217 24217
1 18989 18989
1 6293 6293
0 0 11839
0 0 14686
-1
0 0 11634
1 31464 31464
0 0 11881
0 0 8277
0 0 127
-1
1 2200 2200
0 0 5327
-1
-1
1 14138 14138
1 23259 23259
1 16857 16857
-1
-1
-1
0 0 3838
-1
-1
-1
-1
-1
1 2146 2146
-1
-1
0 0 4266
1 20690 20690
0 0 13917
0 0 14639
1 20027 20027
0 0 3240
1 25191 25191
-1
0 0 6633
0 0 1315
1 186 186
-1
-1
1 22793 22793
0 0 8815
-1
1 13096 13096
-1
1 4371 4371
-1
0 0 14530
-1
1 19754 19754
-1
-1
0 0 13120
-1
1 7215 7215
-1
0 0 5450
0 0 8601
-1
-1
1 24329 24329
1 27949 27949
0 0 1444
0 0 15633
0 0 11958
0 0 11280
0 0 6777
0 0 8599
1 5061 5061
-1
0 0 12931
-1
0 0 4231
0 0 6958
0 0 14679
-1
0 0 8411
-1
-1
1 2010 2010
0 0 1551
1 4498 4498
0 0 33
0 0 5342
1 32030 32030
1 7334 7334
0 0 13438
1 30599 30599
1 21630 21630
1 13992 13992
1 14815 14815
0 0 3941
1 16764 16764
0 0 8932
1 12180 12180
-1
-1
0 0 3556
1 28406 28406
0 0 16288
1 402 402
1 9856 9856
1 14741 14741
1 19518 19518
-1
1 28763 28763
0 0 14619
1 6995 6995
0 0 7088
1 28888 28888
0 0 14505
0 0 10973
1 7418 7418
0 0 5765
0 0 5321
1 28799 28799
1 29738 29738
-1
-1
-1
1 5724 5724
1 9150 9150
0 0 3870
-1
0 0 14390
-1
0 0 13760
-1
-1
-1
-1
-1
0 0 3574
-1
1 2773 2773
1 10144 10144
0 0 3181
0 0 4748
1 29817 29817
-1
-1
-1
0 0 6356
0 0 13490
0 0 6652
1 8657 8657
1 10414 10414
-1
-1
0 0 4561
0 0 6469
0 0 1773
-1
1 23731 23731
0 0 12217
-1
0 0 4621
0 0 5178
-1
-1
-1
-1
0 0 8477
1 5754 5754
1 27412 27412
1 22563 22563
-1
-1
0 0 13456
1 18133 18133
-1
-1
-1
1 11963 11963
1 29694 29694
0 0 2190
-1
1 12840 12840
-1
1 18045 18045
0 0 12868
0 0 15553
1 26572 26572
0 0 6183
0 0 12667
1 29639 29639
-1
1 17927 17927
0 0 10851
0 0 13186
1 6974 6974
1 19567 19567
0 0 11525
0 0 10350
-1
0 0 12050
0 0 7076
-1
0 0 10803
0 0 8715
0 0 14589
0 0 1000
0 0 10516
0 0 3846
-1
0 0 5451
-1
0 0 11663
0 0 6836
0 0 12326
0 0 7327
-1
-1
1 21499 21499
-1
0 0 9550
-1
0 0 7581
-1
-1
1 15023 15023
0 0 13150
1 26511 26511
1 20719 20719
-1
0 0 4449
1 1571 1571
0 0 5569
0 0 1125
1 26532 26532
0 0 8861
0 0 8405
-1
-1
1 30230 30230
0 0 3560
-1
0 0 3677
0 0 14295
-1
-1
0 0 14145
1 13107 13107
1 9927 9927
0 0 15566
0 0 3749
0 0 12352
-1
-1
0 0 8870
-1
0 0 11664
-1
-1
1 31873 31873
0 0 12941
0 0 14333
-1
1 15606 15606
-1
-1
0 0 10779
1 9150 9150
0 0 3645
0 0 5944
0 0 14403
1 11708 11708
1 3352 3352
-1
1 24421 24421
1 16778 16778
1 20227 20227
-1
0 0 12163
0 0 10745
1 27242 27242
0 0 14149
0 0 16344
1 23670 23670
0 0 4070
0 0 16359
1 25663 25663
-1
1 20609 20609
0 0 9116
-1
-1
1 14127 14127
0 0 1244
-1
0 0 11865
0 0 14379
0 0 3675
1 9985 9985
-1
0 0 10594
-1
0 0 7776
-1
-1
-1
-1
1 18022 18022
-1
0 0 1523
1 29722 29722
0 0 14301
-1
-1
-1
-1
0 0 11158
-1
0 0 5416
0 0 9599
-1
-1
0 0 14759
1 29000 29000
-1
0 0 8574
-1
1 22935 22935
0 0 10790
1 12192 12192
1 27202 27202
0 0 11629
1 8907 8907
0 0 10269
1 28985 28985
-1
0 0 4504
1 20028 20028
-1
-1
0 0 7050
1 19718 19718
0 0 6142
1 6861 6861
-1
-1
0 0 15457
0 0 106
1 32616 32616
-1
0 0 13536
0 0 14662
0 0 14358
1 2999 2999
0 0 7954
0 0 5327
1 3613 3613
-1
1 15535 15535
1 26597 26597
-1
1 26839 26839
1 26683 26683
1 11250 11250
-1
-1
0 0 24
0 0 6852
-1
1 28624 28624
0 0 10376
1 23073 23073
1 16975 16975
-1
-1
1 10599 10599
1 20036 20036
0 0 3314
1 9200 9200
1 25020 25020
0 0 7007
1 8647 8647
1 13521 13521
1 13491 13491
1 26359 26359
0 0 968
0 0 14000
0 0 11722
1 12149 12149
0 0 10891
0 0 384
-1
0 0 10058
1 4251 4251
1 11051 11051
-1
0 0 9348
-1
1 7144 7144
1 26260 26260
-1
1 21506 21506
1 23641 23641
1 384 384
0 0 682
1 26420 26420
1 25903 25903
1 12236 12236
0 0 5721
1 18438 18438
-1
-1
-1
0 0 11074
0 0 12000
0 0 15066
0 0 2738
-1
-1
0 0 10678
-1
1 11883 11883
1 11714 11714
1 18877 18877
-1
0 0 6038
-1
1 1653 1653
1 23489 23489
-1
-1
0 0 8268
1 749 749
-1
0 0 7604
-1
1 20069 20069
-1
1 8960 8960
-1
-1
0 0 5259
-1
-1
1 3007 3007
-1
-1
0 0 11494
0 0 8411
1 19391 19391
1 8718 8718
0 0 3763
1 17702 17702
1 10308 10308
1 7986 7986
-1
1 13738 13738
-1
0 0 13432
1 2145 2145
1 308 308
-1
-1
1 2008 2008
0 0 1604
0 0 670
-1
1 10371 10371
1 11201 11201
-1
0 0 2127
-1
1 27339 27339
-1
0 0 3456
0 0 10542
0 0 4851
-1
0 0 10525
1 17728 17728
0 0 14613
-1
0 0 11776
0 0 736
-1
1 25315 25315
0 0 15560
0 0 4637
-1
0 0 6363
1 14406 14406
-1
-1
1 3369 3369
-1
-1
1 21862 21862
-1
0 0 3821
1 16550 16550
1 27560 27560
0 0 9992
0 0 14375
-1
1 30452 30452
-1
0 0 9732
0 0 6149
-1
1 21626 21626
-1
0 0 11814
0 0 13953
0 0 5745
-1
-1
-1
-1
-1
1 22871 22871
-1
1 26161 26161
0 0 15049
-1
0 0 7845
0 0 5324
1 14142 14142
1 12032 12032
0 0 8676
0 0 4598
0 0 2784
0 0 197
-1
0 0 8487
0 0 8742
-1
0 0 10776
0 0 10283
-1
0 0 8645
0 0 10341
-1
0 0 11418
-1
1 14462 14462
0 0 7799
-1
-1
0 0 5498
-1
0 0 6414
1 6493 6493
0 0 9429
-1
1 27415 27415
0 0 14821
1 4208 4208
1 4445 4445
1 17521 17521
0 0 11189
-1
1 240 240
-1
0 0 11192
0 0 1548
1 32755 32755
-1
-1
-1
1 3995 3995
-1
1 18714 18714
-1
0 0 2057
1 26943 26943
0 0 12056
-1
1 27897 27897
0 0 416
-1
0 0 1479
1 6623 6623
0 0 2661
1 22668 22668
-1
-1
0 0 4489
-1
0 0 14248
1 29879 29879
1 19428 19428
0 0 16134
0 0 13578
0 0 14600
-1
0 0 14156
0 0 9360
1 1852 1852
1 4662 4662
0 0 3027
-1
1 2830 2830
-1
0 0 7805
-1
1 22352 22352
-1
0 0 10436
0 0 3375
1 30017 30017
0 0 10280
0 0 1531
1 14485 14485
1 6675 6675
1 26982 26982
0 0 9618
0 0 13759
1 29548 29548
1 26565 26565
-1
0 0 11285
1 17382 17382
1 16342 16342
-1
1 11904 11904
0 0 10184
-1
-1
0 0 4314
1 6251 6251
1 20642 20642
0 0 3526
-1
1 27373 27373
-1
1 23405 23405
1 16203 16203
-1
-1
-1
0 0 16033
1 19974 19974
1 21446 21446
-1
0 0 4131
-1
1 4658 4658
-1
1 27575 27575
0 0 7245
-1
1 26865 26865
1 2370 2370
0 0 6037
0 0 10564
1 5888 5888
-1
0 0 6357
-1
0 0 10452
0 0 4618
-1
-1
1 14650 14650
-1
1 6010 6010
-1
1 8369 8369
1 4055 4055
1 2537 2537
1 26268 26268
1 21060 21060
0 0 9445
0 0 6084
-1
-1
-1
-1
-1
-1
0 0 13456
1 13973 13973
1 80 80
1 25654 25654
0 0 106
-1
1 30264 30264
0 0 10471
0 0 3216
0 0 14418
-1
1 13844 13844
0 0 3903
0 0 3259
1 1960 1960
0 0 8824
0 0 10399
0 0 7290
-1
-1
1 24063 24063
0 0 10978
1 4516 4516
0 0 13332
1 17974 17974
1 4615 4615
1 9960 9960
0 0 7151
1 6316 6316
1 10190 10190
1 10583 10583
-1
1 31231 31231
0 0 6863
-1
1 6315 6315
0 0 16016
0 0 11641
1 23848 23848
0 0 3563
0 0 9706
0 0 4701
-1
0 0 1632
0 0 3994
1 18901 18901
0 0 8800
1 21234 21234
-1
1 14235 14235
0 0 3050
0 0 10326
-1
0 0 14123
-1
1 10085 10085
0 0 15458
0 0 5858
-1
0 0 9761
0 0 8944
1 29078 29078
1 7216 7216
-1
0 0 14920
-1
1 1720 1720
0 0 4425
1 31849 31849
1 15351 15351
0 0 15563
-1
-1
1 9773 9773
1 16588 16588
0 0 8438
1 29814 29814
1 1305 1305
0 0 757
0 0 7102
0 0 1528
0 0 7640
1 16537 16537
-1
1 11295 11295
0 0 12782
-1
1 13371 13371
-1
-1
1 20135 20135
1 27976 27976
0 0 13151
0 0 12082
1 27704 27704
1 12296 12296
-1
1 6103 6103
1 9407 9407
1 24106 24106
1 15596 15596
1 31248 31248
1 32197 32197
1 11924 11924
0 0 13732
-1
0 0 16117
0 0 238
1 11394 11394
-1
1 19810 19810
-1
0 0 2403
0 0 5817
-1
1 12013 12013
0 0 5196
-1
0 0 2812
-1
-1
-1
-1
-1
-1
0 0 1852
-1
0 0 4140
1 16333 16333
-1
0 0 9854
0 0 13274
1 15595 15595
1 1407 1407
-1
0 0 8164
1 25735 25735
0 0 6421
1 18897 18897
1 14539 14539
0 0 2764
0 0 11943
0 0 11957
-1
-1
-1
1 13221 13221
1 15879 15879
-1
-1
0 0 16382
-1
1 21443 21443
1 19177 19177
-1
-1
-1
-1
-1
0 0 6376
-1
0 0 4258
-1
1 7022 7022
-1
1 3715 3715
0 0 9008
0 0 14490
1 16841 16841
-1
-1
1 4860 4860
1 15868 15868
0 0 7521
1 14400 14400
1 30417 30417
0 0 8534
1 15101 15101
1 4718 4718
1 7538 7538
0 0 12750
-1
-1
-1
-1
0 0 16141
1 31819 31819
1 22177 22177
0 0 1775
-1
0 0 4342
-1
1 31959 31959
1 8528 8528
0 0 4751
0 0 2765
-1
1 1372 1372
-1
0 0 9102
1 10574 10574
1 22175 22175
1 14066 14066
0 0 15959
-1
0 0 4621
1 8230 8230
0 0 16384
0 0 3102
0 0 13219
1 11534 11534
0 0 1207
0 0 3923
-1
-1
1 1168 1168
1 31837 31837
0 0 8677
-1
-1
1 19433 19433
-1
0 0 7833
1 18751 18751
-1
1 5097 5097
1 10627 10627
1 12920 12920
0 0 13349
-1
1 18679 18679
1 1467 1467
-1
-1
1 19630 19630
0 0 4369
0 0 8914
1 6553 6553
1 5979 5979
0 0 8828
1 18912 18912
0 0 4383
0 0 5859
-1
0 0 5510
1 23197 23197
-1
-1
1 30463 30463
0 0 10779
-1
1 31896 31896
-1
0 0 6717
-1
-1
1 23981 23981
1 334 334
1 24862 24862
0 0 1827
-1
0 0 7879
1 1442 1442
0 0 6314
1 28706 28706
1 21895 21895
1 23089 23089
1 28567 28567
1 360 360
0 0 11710
-1
-1
0 0 9963
0 0 2577
-1
1 14364 14364
-1
0 0 10642
0 0 8741
0 0 9833
0 0 10690
-1
-1
-1
0 0 9089
1 22695 22695
1 28492 28492
-1
-1
0 0 6368
0 0 11032
1 1350 1350
0 0 7150
-1
1 6028 6028
1 3623 3623
-1
0 0 3523
-1
-1
1 13688 13688
0 0 13570
1 31923 31923
0 0 2466
0 0 11568
-1
0 0 9533
-1
0 0 14453
0 0 3375
0 0 15318
0 0 14316
-1
-1
1 21495 21495
1 15124 15124
1 8336 8336
-1
0 0 1359
0 0 12204
0 0 2600
-1
-1
1 13239 13239
0 0 2048
1 12309 12309
0 0 14458
0 0 4153
1 27395 27395
-1
0 0 710
1 29572 29572
1 12307 12307
1 1393 1393
1 12118 12118
0 0 652
0 0 13022
0 0 16089
-1
1 11277 11277
1 9955 9955
0 0 8264
1 9133 9133
1 634 634
0 0 1436
-1
0 0 4578
1 31268 31268
1 24521 24521
-1
1 5409 5409
0 0 8324
1 12143 12143
0 0 7783
0 0 12509
-1
0 0 3502
-1
1 17437 17437
0 0 5691
1 920 920
1 28127 28127
1 6118 6118
0 0 8510
-1
1 11780 11780
0 0 15652
-1
1 9773 9773
-1
1 14988 14988
0 0 3920
0 0 5019
0 0 2811
0 0 3398
1 26867 26867
1 13032 13032
-1
-1
1 29717 29717
0 0 6518
-1
0 0 6281
-1
0 0 10592
-1
1 19635 19635
1 26604 26604
0 0 11291
-1
0 0 418
-1
0 0 9720
-1
0 0 1411
-1
0 0 14581
1 9212 9212
1 8138 8138
1 25435 25435
0 0 2296
-1
1 29560 29560
1 18244 18244
1 4132 4132
1 10961 10961
0 0 14150
0 0 9155
-1
0 0 7189
-1
1 13607 13607
0 0 1054
-1
0 0 8282
-1
0 0 2627
1 30480 30480
0 0 3857
0 0 13080
0 0 613
0 0 3791
0 0 12373
-1
-1
1 32684 32684
0 0 7318
0 0 3032
1 5544 5544
1 26521 26521
-1
0 0 7205
1 24392 24392
0 0 798
-1
-1
-1
-1
-1
-1
0 0 15512
1 9797 9797
0 0 8459
-1
-1
-1
-1
-1
0 0 9599
1 29317 29317
-1
1 3303 3303
1 8025 8025
1 19490 19490
0 0 10056
1 5469 5469
-1
1 1278 1278
-1
0 0 6966
-1
-1
0 0 8637
0 0 11106
0 0 569
-1
-1
1 27584 27584
1 21715 21715
-1
-1
-1
0 0 12836
-1
-1
-1
-1
0 0 8019
1 1028 1028
0 0 5044
-1
1 8839 8839
0 0 11955
-1
1 26148 26148
1 6842 6842
1 32567 32567
1 12999 12999
0 0 263
1 4845 4845
0 0 14280
1 29419 29419
1 27139 27139
0 0 3169
1 1577 1577
-1
0 0 7127
1 26705 26705
-1
1 8216 8216
0 0 5769
1 18594 18594
-1
1 24149 24149
1 7429 7429
0 0 7194
0 0 10057
0 0 11987
0 0 4566
0 0 13500
1 15411 15411
0 0 3859
1 12041 12041
1 3927 3927
-1
0 0 595
0 0 11188
1 31144 31144
1 25819 25819
1 24362 24362
0 0 1018
1 442 442
0 0 13863
1 14698 14698
-1
0 0 9064
0 0 5684
1 337 337
1 28479 28479
-1
1 8592 8592
-1
-1
1 32211 32211
0 0 1888
0 0 998
1 27044 27044
1 3208 3208
-1
1 13757 13757
-1
1 15057 15057
0 0 14472
-1
0 0 9357
1 308 308
1 29065 29065
0 0 10008
-1
1 6443 6443
-1
0 0 12131
0 0 7790
1 27044 27044
-1
1 13866 13866
1 28299 28299
-1
0 0 7226
-1
0 0 12465
0 0 14093
-1
1 31291 31291
1 24741 24741
-1
-1
1 7838 7838
-1
0 0 3852
0 0 11093
1 21046 21046
0 0 13064
1 21229 21229
1 17630 17630
-1
0 0 6256
-1
-1
1 12587 12587
0 0 14643
-1
0 0 11281
-1
-1
1 8940 8940
-1
1 21867 21867
-1
-1
-1
1 1284 1284
1 1114 1114
-1
-1
1 22663 22663
0 0 7227
0 0 13641
0 0 1035
1 18184 18184
1 6028 6028
1 25894 25894
1 25266 25266
-1
0 0 10705
-1
1 6618 6618
1 3162 3162
1 31897 31897
1 21781 21781
1 11399 11399
1 2519 2519
-1
-1
1 2628 2628
-1
1 3256 3256
0 0 8936
-1
0 0 8630
0 0 2720
-1
-1
0 0 8565
1 3684 3684
-1
-1
0 0 2386
0 0 9810
1 675 675
-1
1 25932 25932
-1
0 0 3320
0 0 5680
0 0 9381
0 0 9104
1 6263 6263
1 4678 4678
1 3390 3390
0 0 322
-1
-1
0 0 14906
1 25169 25169
0 0 3801
0 0 7475
-1
-1
0 0 5449
1 3594 3594
-1
-1
0 0 10748
1 5626 5626
1 987 987
0 0 15073
-1
-1
-1
-1
0 0 11796
1 13546 13546
0 0 3796
1 8193 8193
0 0 6749
-1
-1
1 11978 11978
0 0 9009
1 4193 4193
-1
-1
0 0 12309
-1
-1
1 19903 19903
0 0 4357
-1
-1
1 9121 9121
1 26993 26993
0 0 8886
1 31926 31926
-1
-1
0 0 10210
1 23573 23573
0 0 14425
0 0 13926
-1
-1
-1
1 18275 18275
-1
0 0 10799
-1
-1
-1
0 0 4722
1 14559 14559
1 15381 15381
1 13931 13931
1 29377 29377
1 22006 22006
1 26378 26378
0 0 11426
0 0 6209
0 0 3220
-1
1 7591 7591
1 4591 4591
1 346 346
1 23213 23213
-1
0 0 12350
1 28869 28869
1 22380 22380
1 15006 15006
1 8152 8152
1 30070 30070
-1
-1
0 0 304
1 25039 25039
0 0 10825
1 10043 10043
0 0 5846
0 0 6786
-1
1 471 471
-1
1 21406 21406
1 22988 22988
-1
0 0 16368
-1
1 25718 25718
-1
-1
-1
1 12410 12410
0 0 15011
1 7714 7714
0 0 6603
1 5767 5767
1 1092 1092
0 0 8706
1 4402 4402
0 0 6303
1 22727 22727
-1
0 0 7462
1 27061 27061
0 0 4300
1 1603 1603
1 5609 5609
0 0 10747
-1
0 0 1771
-1
-1
-1
-1
-1
-1
0 0 8615
1 20201 20201
1 23860 23860
0 0 12376
-1
1 18263 18263
-1
1 23314 23314
1 5093 5093
-1
-1
0 0 15006
0 0 29
0 0 2502
0 0 16341
0 0 11706
-1
1 31481 31481
-1
1 11373 11373
-1
1 4918 4918
1 7582 7582
-1
1 28936 28936
1 6424 6424
-1
0 0 8288
-1
1 6437 6437
0 0 6671
-1
0 0 5971
1 21531 21531
1 21472 21472
1 9206 9206
1 31409 31409
1 29546 29546
-1
1 18495 18495
-1
1 3510 3510
1 28313 28313
1 3857 3857
1 29241 29241
-1
0 0 9527
1 22097 22097
1 30727 30727
1 31448 31448
0 0 3739
-1
-1
-1
1 22319 22319
1 10849 10849
1 15453 15453
1 13234 13234
0 0 4280
1 9530 9530
0 0 6551
1 4520 4520
-1
1 9617 9617
-1
0 0 8667
0 0 9504
1 13962 13962
-1
-1
1 9117 9117
1 26689 26689
0 0 6032
1 14741 14741
0 0 495
0 0 7713
-1
0 0 13265
-1
-1
0 0 7887
-1
-1
0 0 8658
0 0 8339
-1
-1
0 0 12531
0 0 4649
1 487 487
0 0 9815
1 306 306
0 0 1464
1 15564 15564
-1
0 0 4846
0 0 15665
-1
-1
1 24747 24747
-1
1 6693 6693
-1
1 27480 27480
-1
-1
-1
1 5393 5393
-1
-1
0 0 14060
0 0 16252
-1
1 17521 17521
1 19307 19307
0 0 5202
1 25647 25647
1 2807 2807
0 0 3185
-1
-1
1 26612 26612
1 4242 4242
-1
0 0 14764
0 0 13160
-1
1 28526 28526
-1
-1
1 20248 20248
-1
1 9616 9616
0 0 1702
1 23356 23356
0 0 8418
0 0 171
0 0 10080
-1
0 0 14558
-1
1 16060 16060
0 0 4479
-1
-1
1 30379 30379
1 15970 15970
-1
1 9359 9359
0 0 2903
-1
0 0 15719
-1
1 2587 2587
1 13145 13145
-1
0 0 4756
0 0 3579
-1
-1
1 23518 23518
-1
0 0 9480
1 23702 23702
-1
-1
-1
1 7111 7111
-1
-1
0 0 5858
-1
-1
-1
-1
-1
-1
-1
1 30445 30445
0 0 14166
0 0 5699
0 0 3164
1 19714 19714
1 15540 15540
0 0 16181
1 19611 19611
-1
0 0 10821
1 6943 6943
-1
1 3735 3735
0 0 4016
0 0 2353
0 0 16288
-1
-1
-1
1 111 111
0 0 4323
-1
1 7308 7308
-1
0 0 12108
0 0 11222
0 0 13998
0 0 15725
0 0 3509
-1
0 0 713
-1
1 27467 27467
0 0 12314
0 0 13098
-1
0 0 8909
1 8845 8845
0 0 1966
1 21428 21428
1 28303 28303
0 0 8315
1 3965 3965
1 6312 6312
1 12209 12209
0 0 801
0 0 12939
0 0 10581
1 24669 24669
1 22965 22965
0 0 5968
0 0 15477
-1
0 0 11717
1 11046 11046
1 18382 18382
0 0 2807
0 0 10424
-1
1 5484 5484
1 15154 15154
1 25352 25352
0 0 1946
-1
-1
-1
0 0 15901
-1
0 0 12999
-1
1 22574 22574
-1
1 21375 21375
-1
1 31874 31874
0 0 7257
1 438 438
1 14184 14184
1 30265 30265
0 0 1278
-1
1 30040 30040
0 0 6964
1 22103 22103
0 0 13471
0 0 12518
1 4798 4798
0 0 4834
1 31240 31240
-1
0 0 2811
1 32255 32255
-1
-1
-1
0 0 888
1 8321 8321
0 0 13509
-1
0 0 16286
0 0 9615
1 23329 23329
0 0 13711
1 178 178
-1
1 17480 17480
0 0 3639
0 0 2670
-1
1 4883 4883
0 0 5125
-1
0 0 9659
-1
0 0 14548
0 0 14970
-1
1 11427 11427
0 0 715
0 0 3450
-1
0 0 1511
1 26928 26928
0 0 12393
0 0 9361
1 8815 8815
-1
0 0 4365
1 3544 3544
-1
0 0 4773
-1
0 0 10820
-1
1 6766 6766
1 12055 12055
0 0 1444
-1
-1
1 31082 31082
-1
0 0 7362
-1
0 0 6831
1 24687 24687
-1
-1
1 28931 28931
1 9124 9124
0 0 5671
-1
-1
-1
0 0 7797
1 7855 7855
0 0 5396
-1
0 0 7981
-1
1 7116 7116
1 4099 4099
0 0 9163
0 0 9851
0 0 1844
1 8207 8207
1 9865 9865
1 30812 30812
1 13077 13077
0 0 5457
1 3215 3215
-1
0 0 14668
0 0 5604
0 0 1405
1 14012 14012
0 0 10486
-1
-1
0 0 13768
1 9924 9924
-1
0 0 2184
1 5635 5635
1 7170 7170
0 0 14516
1 23458 23458
-1
1 1599 1599
0 0 1183
-1
0 0 11245
1 2119 2119
-1
0 0 14720
-1
1 1946 1946
1 3056 3056
0 0 14838
1 22314 22314
0 0 14454
-1
1 32558 32558
1 13344 13344
0 0 9811
-1
0 0 5083
0 0 3086
0 0 4530
-1
1 20715 20715
-1
-1
1 17142 17142
1 19239 19239
1 22553 22553
-1
-1
-1
1 22916 22916
-1
1 30655 30655
-1
0 0 3813
1 15307 15307
0 0 13801
-1
1 5586 5586
-1
0 0 6966
1 1734 1734
1 18711 18711
1 3293 3293
-1
-1
1 26154 26154
-1
0 0 9771
0 0 14331
0 0 4501
-1
-1
-1
-1
0 0 14380
1 23576 23576
-1
0 0 14135
0 0 13945
0 0 9308
-1
-1
-1
-1
0 0 8958
0 0 15172
0 0 9548
1 29176 29176
0 0 1518
1 19331 19331
-1
0 0 16098
0 0 6058
1 8292 8292
1 27431 27431
0 0 4289
0 0 11602
0 0 5933
0 0 2612
1 3871 3871
1 1020 1020
1 31273 31273
0 0 15111
1 8789 8789
-1
1 1192 1192
-1
0 0 7323
1 16468 16468
-1
0 0 2817
-1
0 0 15870
0 0 3131
-1
1 14560 14560
1 12285 12285
1 9302 9302
0 0 1144
0 0 13048
0 0 1255
0 0 645
1 19604 19604
0 0 27
-1
0 0 14248
0 0 6149
1 4330 4330
0 0 14845
1 18162 18162
0 0 11597
-1
0 0 8707
0 0 16299
-1
0 0 16071
0 0 289
0 0 9722
0 0 6616
1 6286 6286
0 0 3573
-1
1 12234 12234
-1
0 0 8660
0 0 396
0 0 13202
-1
0 0 5905
0 0 5305
1 2832 2832
1 32251 32251
1 7789 7789
-1
0 0 4037
1 7173 7173
1 17041 17041
1 2075 2075
0 0 8163
0 0 12794
1 24591 24591
1 10802 10802
1 12976 12976
-1
-1
0 0 10874
-1
-1
1 19793 19793
0 0 1851
-1
0 0 15409
0 0 1771
-1
1 16011 16011
1 21578 21578
0 0 6426
-1
1 30914 30914
-1
-1
1 18464 18464
1 9529 9529
0 0 6188
-1
1 27810 27810
0 0 8136
1 28526 28526
-1
0 0 16002
1 16029 16029
-1
1 5920 5920
1 4696 4696
0 0 5234
-1
-1
0 0 11936
0 0 15507
-1
0 0 12726
0 0 11065
-1
1 5873 5873
0 0 9003
-1
1 1669 1669
1 17537 17537
-1
-1
1 26272 26272
0 0 13650
1 10206 10206
0 0 333
0 0 13782
0 0 6565
0 0 13913
-1
1 10473 10473
0 0 11353
-1
1 8270 8270
0 0 2150
-1
-1
0 0 15571
0 0 1213
0 0 7097
0 0 1892
-1
-1
-1
1 19668 19668
1 28195 28195
-1
1 29307 29307
0 0 6870
-1
1 3065 3065
-1
0 0 4720
0 0 13656
-1
1 6824 6824
1 25587 25587
0 0 3475
-1
0 0 16008
0 0 7020
0 0 3914
-1
-1
0 0 7230
-1
0 0 11594
0 0 6323
-1
-1
0 0 12377
0 0 2057
1 16744 16744
0 0 10098
1 19501 19501
1 12534 12534
0 0 10468
-1
1 12210 12210
0 0 9376
1 3096 3096
0 0 11725
-1
-1
-1
0 0 14584
0 0 9232
-1
-1
0 0 2560
0 0 1846
0 0 8692
-1
1 25873 25873
-1
1 9678 9678
0 0 15429
1 31487 31487
1 53 53
1 20861 20861
1 28868 28868
0 0 14172
0 0 15718
0 0 8783
1 16717 16717
1 15551 15551
0 0 3831
0 0 8023
0 0 15685
1 30124 30124
-1
0 0 3264
-1
1 16042 16042
-1
0 0 14556
1 5635 5635
-1
1 21569 21569
-1
1 23502 23502
0 0 6069
-1
1 32275 32275
-1
-1
0 0 7085
0 0 786
0 0 6
-1
0 0 4856
0 0 6715
0 0 805
-1
1 25607 25607
-1
-1
0 0 13092
-1
-1
1 3931 3931
0 0 7426
-1
1 8573 8573
0 0 14231
1 2041 2041
1 30635 30635
1 29821 29821
0 0 6480
0 0 10884
0 0 14034
0 0 10298
0 0 11273
0 0 14289
1 5459 5459
0 0 12521
0 0 8750
0 0 12328
0 0 4155
0 0 15019
-1
1 10796 10796
1 12292 12292
1 24724 24724
1 14 14
1 23398 23398
1 26786 26786
1 14968 14968
0 0 13555
-1
0 0 11159
0 0 12766
-1
-1
0 0 4764
-1
0 0 3629
0 0 5347
1 7555 7555
1 31620 31620
1 18331 18331
-1
0 0 68
-1
1 27197 27197
1 5866 5866
-1
-1
1 24247 24247
-1
1 37 37
-1
0 0 13113
-1
1 17073 17073
0 0 3594
0 0 11047
0 0 5148
-1
0 0 3106
1 4892 4892
0 0 6836
-1
-1
0 0 12049
0 0 7052
-1
0 0 2259
0 0 14541
1 22101 22101
1 22037 22037
-1
0 0 13977
0 0 13982
-1
-1
1 4749 4749
0 0 5056
1 8798 8798
0 0 8068
1 20928 20928
-1
-1
-1
-1
1 16343 16343
1 16952 16952
-1
0 0 8358
1 4530 4530
0 0 6782
-1
-1
-1
1 7955 7955
-1
0 0 13389
-1
0 0 11428
1 13909 13909
1 24368 24368
-1
1 9632 9632
-1
1 31655 31655
0 0 9072
0 0 490
-1
-1
1 25512 25512
1 21969 21969
-1
-1
-1
-1
1 2702 2702
1 28078 28078
1 9915 9915
-1
0 0 3360
-1
1 21010 21010
0 0 10910
-1
-1
-1
1 29475 29475
-1
0 0 15
-1
1 3321 3321
1 3006 3006
1 5467 5467
1 22701 22701
1 20581 20581
-1
1 2873 2873
0 0 1606
-1
0 0 6012
0 0 13134
1 19869 19869
-1
-1
1 8922 8922
0 0 14194
-1
0 0 12758
1 3644 3644
1 19967 19967
-1
0 0 5301
-1
-1
1 16861 16861
1 10290 10290
-1
0 0 4605
1 6044 6044
1 831 831
0 0 5752
0 0 6075
-1
-1
1 1115 1115
1 21240 21240
-1
-1
-1
1 22657 22657
1 16422 16422
-1
-1
1 10146 10146
0 0 15850
1 12012 12012
0 0 2229
1 13828 13828
0 0 2758
1 25318 25318
-1
0 0 9200
0 0 15409
0 0 12412
1 28983 28983
0 0 68
-1
1 28461 28461
1 18725 18725
-1
0 0 95
0 0 6319
-1
-1
0 0 6776
-1
0 0 11832
1 8450 8450
0 0 1100
-1
1 20149 20149
1 1275 1275
1 19025 19025
-1
0 0 11040
-1
1 22243 22243
0 0 16303
-1
0 0 4893
1 3537 3537
0 0 13117
-1
0 0 13137
0 0 2791
1 18218 18218
1 25002 25002
1 8991 8991
0 0 14497
1 1043 1043
1 15412 15412
-1
1 25290 25290
1 25011 25011
-1
0 0 1337
-1
1 24284 24284
-1
-1
0 0 12100
1 23859 23859
1 29471 29471
1 11325 11325
-1
-1
-1
1 29914 29914
-1
0 0 14994
-1
0 0 5348
1 9767 9767
0 0 1622
1 26276 26276
1 15493 15493
0 0 10921
1 8766 8766
0 0 8205
1 1437 1437
0 0 1603
0 0 10898
1 24265 24265
1 9525 9525
0 0 6399
0 0 5437
1 17846 17846
0 0 6594
1 1196 1196
-1
-1
1 16725 16725
-1
0 0 6280
0 0 15571
-1
-1
1 5680 5680
0 0 12732
-1
-1
0 0 9022
0 0 3093
1 27373 27373
-1
-1
0 0 1603
0 0 3554
-1
1 30838 30838
0 0 8804
1 8770 8770
-1
0 0 2128
0 0 10385
-1
0 0 4430
-1
0 0 3358
0 0 5030
1 31252 31252
-1
-1
1 14365 14365
1 21333 21333
-1
0 0 7493
1 5143 5143
-1
-1
-1
-1
-1
-1
1 24305 24305
-1
-1
-1
0 0 11823
0 0 2898
-1
-1
-1
1 13134 13134
1 18291 18291
1 9416 9416
0 0 14785
-1
1 10469 10469
-1
1 27985 27985
0 0 14342
-1
0 0 5320
0 0 11853
-1
1 15025 15025
-1
1 19979 19979
-1
0 0 1475
1 18960 18960
1 4167 4167
-1
1 15356 15356
1 5352 5352
-1
-1
0 0 9480
-1
1 9835 9835
0 0 16306
1 2808 2808
-1
-1
1 13057 13057
1 16283 16283
1 16347 16347
0 0 13075
-1
1 30998 30998
-1
1 18226 18226
-1
0 0 9884
-1
0 0 10989
-1
1 23302 23302
-1
1 3178 3178
-1
1 7992 7992
1 24048 24048
0 0 9619
-1
0 0 3165
-1
-1
-1
0 0 7830
1 7294 7294
1 31469 31469
-1
0 0 7857
1 23664 23664
0 0 5472
1 23452 23452
-1
1 20505 20505
-1
1 31514 31514
-1
-1
0 0 14352
1 26994 26994
-1
0 0 8109
-1
-1
1 30868 30868
0 0 11988
-1
1 14580 14580
0 0 10645
0 0 2830
1 24234 24234
0 0 3639
-1
1 7328 7328
0 0 6696
0 0 12853
0 0 7884
-1
1 10789 10789
1 9087 9087
-1
1 23988 23988
-1
1 10078 10078
-1
0 0 481
1 32063 32063
1 22857 22857
0 0 1049
-1
1 28765 28765
-1
1 32032 32032
0 0 15948
-1
-1
0 0 3022
0 0 8108
1 10944 10944
-1
-1
-1
-1
1 18414 18414
-1
0 0 4812
0 0 11174
-1
1 1941 1941
-1
-1
1 17244 17244
0 0 1600
-1
0 0 9537
0 0 10307
-1
-1
0 0 4377
0 0 2387
0 0 14287
0 0 8012
1 4134 4134
0 0 14554
1 13951 13951
-1
0 0 268
1 26170 26170
1 31837 31837
1 22153 22153
-1
1 18902 18902
-1
1 27734 27734
0 0 10321
-1
-1
0 0 2002
0 0 6906
1 15668 15668
1 5988 5988
0 0 9980
1 6580 6580
-1
0 0 6363
0 0 15059
-1
-1
-1
0 0 10027
-1
1 18805 18805
1 29173 29173
-1
1 22461 22461
0 0 7812
1 27598 27598
0 0 2435
1 18221 18221
1 15166 15166
-1
0 0 9407
-1
-1
-1
-1
-1
1 28186 28186
1 30988 30988
-1
-1
-1
-1
1 18948 18948
0 0 7493
1 14835 14835
0 0 3458
0 0 11370
1 2363 2363
0 0 12807
-1
-1
1 16426 16426
-1
1 884 884
0 0 10100
-1
-1
0 0 15527
-1
0 0 3051
-1
-1
0 0 16186
1 22523 22523
1 19925 19925
0 0 3391
0 0 8030
-1
-1
0 0 10459
-1
0 0 933
0 0 13741
-1
-1
0 0 15243
0 0 14998
1 11437 11437
0 0 13459
-1
1 750 750
1 18950 18950
1 4504 4504
0 0 7383
0 0 15407
0 0 11310
0 0 3710
1 16209 16209
0 0 2731
-1
0 0 11313
0 0 12843
1 30274 30274
1 14199 14199
0 0 3544
-1
-1
0 0 9147
-1
-1
-1
-1
1 29373 29373
0 0 1341
0 0 520
1 1080 1080
-1
0 0 12236
1 24071 24071
0 0 1399
1 27867 27867
1 10471 10471
1 26676 26676
-1
0 0 13837
0 0 12955
-1
1 25838 25838
-1
-1
1 30417 30417
1 19940 19940
1 24649 24649
0 0 11893
-1
1 23964 23964
-1
0 0 13082
0 0 2937
-1
-1
-1
-1
-1
-1
0 0 13612
0 0 8303
0 0 742
1 10310 10310
1 17488 17488
1 18112 18112
-1
0 0 13593
0 0 8412
1 3617 3617
0 0 10564
1 16263 16263
0 0 12675
0 0 15362
0 0 11956
0 0 6687
0 0 13453
-1
1 3448 3448
-1
1 29140 29140
-1
1 24251 24251
-1
0 0 12862
-1
0 0 9589
1 17546 17546
-1
0 0 15124
0 0 14073
0 0 7777
0 0 10129
0 0 1537
-1
1 9534 9534
1 13692 13692
0 0 8396
0 0 16158
-1
1 27529 27529
-1
1 30428 30428
0 0 15631
-1
1 25535 25535
-1
1 27117 27117
1 13172 13172
0 0 3029
-1
0 0 6372
0 0 10665
1 11012 11012
0 0 16266
1 9078 9078
-1
-1
-1
0 0 4104
0 0 2052
0 0 14216
1 5698 5698
1 24707 24707
0 0 4236
1 4031 4031
1 24167 24167
1 3600 3600
-1
1 8400 8400
1 7113 7113
-1
-1
1 17650 17650
-1
-1
0 0 2873
0 0 11572
1 8986 8986
0 0 3239
-1
0 0 5573
1 1141 1141
-1
1 29095 29095
-1
-1
0 0 12319
-1
-1
0 0 2994
0 0 12304
0 0 1614
0 0 15877
0 0 4750
-1
0 0 1087
0 0 6953
0 0 14071
1 254 254
1 15925 15925
0 0 15187
-1
0 0 7495
0 0 2447
1 2645 2645
1 31975 31975
-1
-1
1 15936 15936
1 6353 6353
1 22690 22690
1 23629 23629
0 0 1968
0 0 6702
1 3891 3891
1 32016 32016
0 0 5536
-1
-1
1 7943 7943
0 0 8256
1 4002 4002
-1
-1
1 8018 8018
1 11967 11967
0 0 14942
1 28047 28047
1 10749 10749
-1
1 23623 23623
-1
1 5468 5468
1 21487 21487
0 0 11898
1 16742 16742
1 31071 31071
0 0 7055
-1
0 0 11001
-1
-1
-1
-1
-1
-1
1 13826 13826
-1
1 20799 20799
0 0 762
1 13976 13976
-1
-1
0 0 1905
1 1764 1764
0 0 3001
1 6954 6954
-1
-1
1 30863 30863
-1
-1
-1
-1
0 0 1945
-1
-1
1 25003 25003
-1
1 26230 26230
0 0 9368
1 4828 4828
1 5759 5759
0 0 6044
-1
1 27739 27739
-1
-1
-1
0 0 11793
1 4988 4988
-1
-1
1 19872 19872
1 17652 17652
1 16739 16739
-1
1 26166 26166
-1
1 17249 17249
1 28226 28226
1 4539 4539
-1
0 0 7734
1 1259 1259
0 0 12156
0 0 6963
1 25722 25722
1 12968 12968
0 0 5654
0 0 16052
0 0 11160
0 0 7856
0 0 4549
0 0 1970
0 0 15414
1 5332 5332
1 1974 1974
1 16689 16689
1 10429 10429
0 0 5512
1 20555 20555
1 25656 25656
1 18920 18920
1 7423 7423
1 5720 5720
-1
0 0 2482
1 10965 10965
1 20703 20703
-1
-1
1 162 162
-1
-1
-1
1 20166 20166
1 28708 28708
-1
1 16517 16517
1 12919 12919
0 0 3221
1 18153 18153
0 0 2757
1 28221 28221
1 26685 26685
-1
1 6983 6983
-1
1 9630 9630
-1
0 0 15605
-1
1 29322 29322
1 30131 30131
1 16088 16088
-1
-1
1 22148 22148
0 0 6292
0 0 7087
-1
1 30859 30859
1 30248 30248
0 0 16266
-1
1 2192 2192
0 0 747
0 0 15614
0 0 16322
0 0 2806
1 28521 28521
-1
1 24808 24808
-1
-1
1 2563 2563
1 309 309
0 0 768
-1
0 0 1957
1 20052 20052
-1
0 0 3332
0 0 1158
1 13085 13085
0 0 7447
0 0 6240
0 0 8889
-1
-1
-1
1 15859 15859
1 15071 15071
1 27936 27936
1 21882 21882
-1
1 1231 1231
1 14191 14191
0 0 1539
0 0 4711
-1
0 0 6495
1 5479 5479
0 0 15775
0 0 15824
0 0 9743
-1
-1
0 0 10073
0 0 1050
0 0 16253
-1
1 18966 18966
-1
0 0 12972
-1
-1
-1
0 0 12785
-1
-1
-1
-1
-1
0 0 15707
-1
1 26900 26900
0 0 11418
0 0 13464
-1
-1
1 11642 11642
0 0 3315
1 17904 17904
1 5822 5822
0 0 2139
0 0 4300
1 15445 15445
-1
1 31571 31571
-1
0 0 5035
-1
1 8077 8077
0 0 4243
1 26188 26188
0 0 15372
1 16887 16887
1 4164 4164
1 25889 25889
-1
0 0 12538
-1
0 0 13929
1 19323 19323
-1
0 0 11194
-1
1 1336 1336
-1
1 9471 9471
1 7986 7986
0 0 9292
-1
1 1383 1383
-1
0 0 3031
1 25746 25746
0 0 9606
-1
-1
0 0 13998
0 0 9247
0 0 8916
-1
1 32636 32636
0 0 3554
-1
1 11915 11915
1 25636 25636
-1
-1
1 24276 24276
1 9049 9049
0 0 7444
1 26876 26876
1 21187 21187
1 31860 31860
0 0 10411
1 27320 27320
0 0 7954
0 0 5969
-1
0 0 13899
1 14203 14203
1 4453 4453
1 12317 12317
1 22641 22641
-1
1 32017 32017
0 0 6174
1 6967 6967
-1
-1
1 29899 29899
-1
0 0 14237
-1
0 0 8471
-1
0 0 4727
-1
0 0 13536
0 0 15240
0 0 14225
0 0 4673
-1
0 0 10998
1 17165 17165
0 0 15579
1 10399 10399
-1
1 26652 26652
0 0 7067
-1
0 0 8617
1 27759 27759
1 26915 26915
-1
0 0 7712
0 0 13485
1 8307 8307
0 0 9397
1 15970 15970
0 0 3059
-1
1 22237 22237
-1
0 0 6823
1 7731 7731
-1
-1
1 14211 14211
1 11057 11057
-1
0 0 5667
1 20905 20905
0 0 9687
-1
1 3555 3555
1 18584 18584
1 14403 14403
1 23949 23949
0 0 15637
1 5979 5979
-1
-1
0 0 9938
1 25524 25524
-1
-1
-1
-1
-1
0 0 10091
-1
-1
1 5113 5113
1 3765 3765
-1
1 715 715
-1
-1
0 0 5486
1 649 649
0 0 1608
-1
1 509 509
1 2730 2730
-1
1 32568 32568
1 11041 11041
-1
0 0 813
-1
-1
0 0 4114
-1
0 0 12735
-1
1 22923 22923
0 0 7609
-1
-1
0 0 5685
0 0 12401
-1
-1
1 12559 12559
-1
-1
0 0 4582
-1
0 0 2011
-1
0 0 14052
-1
0 0 5397
1 7546 7546
0 0 5433
-1
-1
0 0 7739
-1
-1
1 29246 29246
0 0 4267
0 0 748
1 5814 5814
0 0 2482
0 0 14359
-1
1 18994 18994
-1
0 0 11269
0 0 13940
0 0 1421
-1
0 0 8115
-1
-1
-1
0 0 8282
0 0 8165
1 17663 17663
0 0 9107
1 30428 30428
0 0 8951
1 29417 29417
1 576 576
0 0 3291
-1
-1
-1
0 0 13642
1 15988 15988
1 21312 21312
0 0 9494
-1
1 22504 22504
0 0 10153
1 10180 10180
-1
1 2218 2218
-1
1 6957 6957
1 12938 12938
0 0 7642
-1
0 0 11246
1 23305 23305
1 13081 13081
0 0 15582
1 24220 24220
-1
-1
1 25143 25143
-1
-1
0 0 7877
1 4291 4291
0 0 10632
0 0 13125
-1
0 0 4993
0 0 4287
-1
0 0 5252
0 0 13352
-1
-1
1 8133 8133
0 0 12059
-1
-1
0 0 1005
0 0 9851
1 21428 21428
0 0 14048
1 4833 4833
0 0 15361
1 3951 3951
1 17386 17386
-1
0 0 6978
-1
1 3273 3273
1 16406 16406
-1
-1
1 3715 3715
-1
1 22541 22541
0 0 3439
1 29746 29746
1 19150 19150
-1
1 17530 17530
0 0 7474
0 0 12530
1 12257 12257
1 14123 14123
-1
-1
0 0 3026
0 0 4927
-1
0 0 9968
1 6033 6033
0 0 15659
1 6634 6634
-1
0 0 1886
0 0 7090
-1
0 0 7600
-1
0 0 7131
-1
0 0 5233
-1
0 0 6547
0 0 10053
0 0 14869
1 9482 9482
-1
1 29424 29424
1 13504 13504
-1
1 13049 13049
1 19610 19610
-1
1 22068 22068
-1
-1
0 0 11511
0 0 2029
0 0 7852
-1
0 0 640
-1
-1
0 0 933
0 0 12714
1 11088 11088
1 22014 22014
1 7779 7779
1 14046 14046
-1
0 0 14082
1 29938 29938
1 17694 17694
-1
-1
-1
1 1964 1964
1 5111 5111
0 0 9268
1 21250 21250
0 0 5721
-1
-1
0 0 6229
1 26480 26480
-1
1 16215 16215
1 8988 8988
0 0 2141
-1
1 16775 16775
1 6794 6794
0 0 3002
0 0 5694
-1
0 0 8976
1 16671 16671
1 29181 29181
0 0 6333
1 16507 16507
0 0 7458
0 0 4307
0 0 5182
0 0 1559
-1
-1
0 0 9352
-1
0 0 12754
-1
-1
1 17578 17578
1 25827 25827
-1
-1
0 0 16237
-1
0 0 6158
0 0 1183
1 20019 20019
0 0 9002
-1
0 0 13475
1 30858 30858
-1
-1
-1
0 0 4949
-1
1 18179 18179
0 0 10253
-1
-1
-1
0 0 2737
-1
-1
1 30586 30586
0 0 7545
-1
1 21078 21078
-1
0 0 15983
1 14375 14375
-1
0 0 15581
0 0 261
1 3943 3943
0 0 4237
-1
0 0 10840
-1
1 15614 15614
1 31672 31672
0 0 5485
0 0 2172
1 14183 14183
0 0 2390
-1
0 0 7317
0 0 391
