1 6547 6547
1 25554 25554
0 0 2149
1 9463 9463
0 0 250
-1
-1
1 21824 21824
0 0 8402
1 5989 5989
1 14185 14185
1 24224 24224
1 19393 19393
-1
1 7442 7442
0 0 4831
0 0 15779
-1
1 5572 5572
1 18318 18318
1 17819 17819
-1
-1
0 0 13279
0 0 16003
1 4745 4745
-1
1 3910 3910
1 9009 9009
-1
1 17012 17012
1 6881 6881
0 0 9687
1 69 69
1 1637 1637
0 0 7366
1 3695 3695
-1
1 24675 24675
-1
0 0 1318
1 3405 3405
-1
-1
1 30595 30595
0 0 4770
0 0 6150
1 20585 20585
-1
-1
1 29335 29335
1 18973 18973
1 25816 25816
0 0 12947
0 0 9462
1 16216 16216
1 23268 23268
1 17497 17497
1 7126 7126
1 11568 11568
-1
-1
-1
1 6271 6271
0 0 3354
0 0 2883
0 0 1824
0 0 1587
1 13630 13630
-1
-1
-1
0 0 8728
1 30804 30804
-1
-1
0 0 12852
1 3741 3741
1 29566 29566
-1
0 0 8594
1 28279 28279
1 12619 12619
0 0 11207
-1
0 0 16082
1 26655 26655
-1
-1
-1
-1
-1
-1
1 9096 9096
0 0 5524
0 0 15996
0 0 6196
0 0 5610
0 0 11214
1 18112 18112
0 0 13521
0 0 8655
1 8855 8855
-1
0 0 5448
0 0 14044
0 0 840
1 3825 3825
-1
0 0 3262
1 28328 28328
-1
-1
-1
-1
0 0 7313
0 0 3383
1 10486 10486
0 0 7404
-1
1 18036 18036
-1
-1
-1
1 22146 22146
-1
1 2278 2278
1 10636 10636
0 0 15556
-1
1 20920 20920
-1
-1
0 0 9898
1 2765 2765
0 0 4217
-1
-1
-1
-1
0 0 10065
0 0 4497
-1
1 27331 27331
1 8244 8244
-1
-1
-1
0 0 2980
-1
1 5724 5724
0 0 12082
1 19111 19111
0 0 7838
0 0 6024
-1
-1
-1
1 8509 8509
-1
0 0 4201
1 10398 10398
1 11221 11221
0 0 11134
-1
1 26048 26048
0 0 182
0 0 1780
0 0 5347
-1
-1
-1
1 4725 4725
1 18637 18637
-1
1 21974 21974
1 23246 23246
1 20717 20717
-1
-1
-1
1 11551 11551
0 0 2675
-1
-1
-1
-1
-1
1 12024 12024
-1
1 7020 7020
-1
0 0 2245
-1
0 0 10904
-1
1 6341 6341
0 0 11537
-1
0 0 9188
0 0 15502
0 0 4174
0 0 6246
1 23783 23783
1 9324 9324
1 26559 26559
1 14072 14072
1 21539 21539
1 27764 27764
0 0 13347
0 0 14317
-1
-1
1 8308 8308
1 3257 3257
0 0 7994
-1
1 10892 10892
0 0 11646
0 0 11225
-1
-1
0 0 12121
0 0 13873
0 0 15224
-1
-1
0 0 6689
-1
1 14267 14267
0 0 7025
-1
1 25069 25069
1 5114 5114
0 0 14741
1 22237 22237
1 1991 1991
-1
-1
1 9962 9962
1 8294 8294
0 0 5927
-1
0 0 228
1 15631 15631
-1
0 0 2698
-1
1 6120 6120
-1
1 2876 2876
-1
-1
-1
0 0 2345
0 0 751
0 0 7712
-1
1 4778 4778
0 0 3956
0 0 16001
0 0 9701
0 0 4637
-1
1 24443 24443
1 15350 15350
0 0 11404
0 0 5491
-1
1 18038 18038
0 0 3075
-1
-1
0 0 1058
1 1765 1765
1 4808 4808
0 0 8733
0 0 9713
0 0 668
-1
1 8716 8716
0 0 12266
0 0 6997
1 3605 3605
-1
-1
-1
1 3510 3510
1 3261 3261
-1
0 0 8868
-1
0 0 15247
1 9103 9103
-1
1 28519 28519
-1
1 11729 11729
0 0 4332
0 0 2336
-1
0 0 93
0 0 15585
1 3815 3815
0 0 11800
1 7016 7016
1 7610 7610
0 0 14260
-1
0 0 3901
-1
0 0 3149
1 12748 12748
1 8853 8853
1 15498 15498
1 10385 10385
1 5910 5910
-1
1 10138 10138
0 0 12947
1 21414 21414
1 24463 24463
-1
-1
0 0 4808
-1
0 0 15408
-1
-1
0 0 8036
1 19624 19624
-1
-1
1 10565 10565
1 17911 17911
1 26269 26269
1 14983 14983
0 0 9853
0 0 2104
-1
-1
-1
0 0 7404
1 31249 31249
1 25192 25192
0 0 906
-1
0 0 4639
-1
0 0 15044
1 6082 6082
-1
1 15419 15419
0 0 5416
-1
1 32232 32232
0 0 15818
-1
-1
1 26276 26276
-1
0 0 528
-1
-1
0 0 8719
1 23894 23894
1 995 995
-1
0 0 13333
0 0 8477
1 11846 11846
0 0 14409
-1
1 24493 24493
0 0 13930
-1
-1
-1
-1
-1
-1
0 0 7978
0 0 2721
0 0 9195
-1
-1
0 0 4560
0 0 11787
0 0 5687
1 1444 1444
0 0 14869
1 14402 14402
1 1548 1548
-1
-1
-1
0 0 6040
1 31278 31278
0 0 15716
-1
0 0 14381
0 0 12340
1 1660 1660
0 0 13261
0 0 3639
0 0 13412
1 25753 25753
-1
0 0 10650
1 19023 19023
-1
0 0 12825
-1
0 0 15172
-1
1 21910 21910
0 0 12213
-1
0 0 4447
-1
0 0 5550
-1
0 0 4485
0 0 14277
-1
-1
-1
1 10722 10722
0 0 8082
1 7435 7435
-1
0 0 9678
0 0 3883
1 19654 19654
0 0 13353
0 0 10147
0 0 8399
0 0 1180
1 14438 14438
1 23090 23090
0 0 1267
-1
-1
0 0 3451
1 19320 19320
-1
-1
-1
-1
0 0 15029
1 27421 27421
1 19900 19900
0 0 5583
1 8662 8662
-1
1 32188 32188
0 0 15646
1 8922 8922
1 32136 32136
-1
0 0 7070
0 0 4503
1 28793 28793
1 4283 4283
-1
0 0 13896
-1
1 12498 12498
0 0 3297
-1
-1
1 29265 29265
-1
-1
-1
0 0 3063
-1
0 0 13583
-1
1 4132 4132
1 20555 20555
0 0 3186
-1
1 29618 29618
1 8309 8309
-1
1 30468 30468
0 0 2572
1 1009 1009
1 3626 3626
-1
1 6689 6689
0 0 3421
0 0 5356
0 0 7907
1 13396 13396
-1
-1
-1
0 0 10944
0 0 7181
0 0 655
1 4376 4376
-1
0 0 15886
0 0 16317
0 0 4221
0 0 6700
0 0 417
-1
0 0 12507
0 0 8121
0 0 5374
-1
1 21659 21659
0 0 11445
-1
1 19169 19169
1 19102 19102
1 9184 9184
0 0 15920
0 0 11276
0 0 5997
0 0 9693
-1
1 3658 3658
-1
-1
1 15251 15251
-1
0 0 4107
-1
1 28648 28648
0 0 15753
-1
1 7727 7727
0 0 5905
0 0 9815
1 2796 2796
0 0 1210
0 0 9463
1 14928 14928
-1
1 26395 26395
0 0 13422
1 28419 28419
0 0 2589
-1
0 0 14959
0 0 3756
0 0 8656
0 0 12072
1 7884 7884
0 0 2802
0 0 14733
0 0 11604
1 28898 28898
-1
-1
-1
-1
0 0 6788
1 16621 16621
0 0 9891
-1
0 0 7854
1 12524 12524
0 0 2614
1 16325 16325
-1
1 18766 18766
-1
0 0 3599
1 13890 13890
0 0 6721
-1
-1
0 0 13844
0 0 11532
0 0 9360
0 0 15736
0 0 13667
1 6474 6474
0 0 6742
1 26228 26228
1 7375 7375
0 0 2486
0 0 8211
1 10764 10764
-1
-1
-1
0 0 636
-1
-1
1 29404 29404
1 14558 14558
0 0 7326
-1
0 0 15259
-1
0 0 12266
0 0 15791
0 0 353
0 0 11913
1 20762 20762
1 23148 23148
1 25723 25723
0 0 399
1 15452 15452
1 21881 21881
1 26015 26015
1 17048 17048
-1
1 17116 17116
1 22578 22578
1 3737 3737
1 536 536
-1
1 13689 13689
0 0 11725
0 0 10592
1 22318 22318
-1
1 16895 16895
-1
0 0 10686
1 148 148
-1
-1
0 0 10480
0 0 3044
1 11997 11997
1 20548 20548
0 0 48
-1
0 0 6149
-1
1 18350 18350
-1
0 0 14977
1 9437 9437
1 30105 30105
-1
-1
1 27523 27523
0 0 15307
0 0 7441
1 4729 4729
1 6911 6911
1 9536 9536
1 13276 13276
0 0 9318
1 21194 21194
1 6869 6869
0 0 11678
0 0 6600
-1
0 0 4570
-1
-1
-1
-1
1 1893 1893
1 724 724
-1
1 30611 30611
0 0 9964
0 0 15396
0 0 3134
-1
-1
1 30994 30994
0 0 5494
0 0 13532
1 30244 30244
-1
-1
1 11961 11961
0 0 1502
-1
-1
1 21826 21826
-1
1 29924 29924
-1
0 0 11353
-1
1 9454 9454
-1
0 0 15302
1 14698 14698
0 0 13115
1 2788 2788
0 0 5882
1 5965 5965
0 0 4531
0 0 9359
0 0 8219
-1
-1
-1
-1
0 0 9015
0 0 15687
0 0 2533
-1
1 31913 31913
-1
1 14106 14106
1 8068 8068
-1
0 0 11575
1 31912 31912
-1
-1
0 0 4495
-1
1 22538 22538
0 0 13809
-1
1 7275 7275
-1
0 0 7044
-1
-1
0 0 2598
1 22718 22718
-1
-1
0 0 15556
1 13497 13497
-1
1 31353 31353
1 1031 1031
1 31350 31350
0 0 4699
0 0 12891
-1
1 9137 9137
1 12800 12800
1 12822 12822
1 16695 16695
-1
1 21764 21764
-1
-1
-1
1 22207 22207
-1
0 0 4108
0 0 6183
-1
0 0 2987
0 0 5007
1 16842 16842
0 0 2076
1 29741 29741
0 0 16278
-1
-1
1 1266 1266
-1
-1
1 12568 12568
-1
0 0 2965
0 0 1995
0 0 12645
1 25330 25330
-1
0 0 10813
-1
0 0 7108
0 0 9609
0 0 9603
0 0 3115
-1
1 14507 14507
-1
-1
0 0 3031
-1
0 0 12090
1 10321 10321
-1
-1
0 0 12662
1 18598 18598
0 0 8169
0 0 8937
-1
0 0 4260
0 0 11405
-1
1 355 355
0 0 6003
0 0 12422
1 30182 30182
-1
0 0 12293
-1
1 29500 29500
0 0 7203
0 0 982
-1
0 0 6699
-1
1 24484 24484
1 17801 17801
1 18542 18542
1 18336 18336
0 0 3477
1 27734 27734
-1
-1
0 0 1200
0 0 13596
0 0 11800
1 25522 25522
1 18377 18377
0 0 8423
-1
1 13008 13008
1 1229 1229
-1
-1
0 0 641
0 0 10524
-1
1 18298 18298
0 0 4370
-1
0 0 7721
1 4125 4125
-1
1 13666 13666
1 22225 22225
-1
-1
1 9774 9774
1 4709 4709
1 11841 11841
-1
1 29302 29302
0 0 418
-1
-1
1 8827 8827
1 19631 19631
1 9962 9962
0 0 9901
0 0 12400
0 0 13232
1 891 891
-1
-1
0 0 15377
0 0 15194
-1
-1
-1
-1
-1
0 0 648
0 0 12539
1 23679 23679
-1
1 16044 16044
1 19239 19239
1 16918 16918
1 25679 25679
0 0 5018
1 26528 26528
1 10597 10597
1 28565 28565
1 23591 23591
1 31162 31162
1 26761 26761
1 12225 12225
1 16099 16099
-1
-1
-1
1 10028 10028
-1
0 0 13437
1 25295 25295
0 0 4821
0 0 14018
0 0 15388
-1
0 0 11060
0 0 5557
-1
1 2077 2077
0 0 8619
1 18923 18923
1 18337 18337
-1
0 0 11108
0 0 16249
-1
1 9873 9873
0 0 12027
-1
0 0 7308
0 0 8645
-1
1 11510 11510
0 0 9336
0 0 2216
-1
1 15846 15846
0 0 5247
-1
0 0 14069
-1
-1
-1
-1
1 805 805
1 26093 26093
1 29712 29712
0 0 7907
1 25602 25602
0 0 6883
-1
1 28105 28105
1 31084 31084
0 0 97
0 0 8007
0 0 14461
0 0 16314
-1
1 25213 25213
0 0 730
0 0 8216
-1
1 9170 9170
-1
1 14903 14903
0 0 11977
1 8921 8921
1 28310 28310
0 0 11155
1 16088 16088
-1
1 18527 18527
-1
0 0 15050
0 0 7035
-1
0 0 14113
-1
0 0 12796
0 0 11221
1 7487 7487
0 0 11678
1 19327 19327
0 0 14291
-1
0 0 15250
1 19495 19495
-1
1 6637 6637
-1
-1
0 0 3288
1 11782 11782
1 21298 21298
1 2476 2476
-1
0 0 16223
1 28075 28075
0 0 13005
1 22626 22626
-1
0 0 12489
0 0 743
-1
0 0 5445
1 2862 2862
-1
1 20553 20553
-1
1 17126 17126
1 11796 11796
-1
-1
1 30665 30665
1 11095 11095
0 0 14872
0 0 525
0 0 11524
-1
-1
0 0 11726
-1
0 0 9770
0 0 10900
1 31034 31034
1 7190 7190
0 0 5932
-1
-1
-1
-1
0 0 14653
0 0 8857
-1
-1
0 0 8882
-1
-1
-1
1 2486 2486
0 0 11517
0 0 6229
0 0 5585
1 28669 28669
1 18091 18091
-1
0 0 15140
-1
-1
1 6315 6315
0 0 2062
1 3210 3210
-1
-1
0 0 3679
1 13147 13147
0 0 15238
1 30347 30347
-1
-1
0 0 12625
1 23878 23878
1 17360 17360
0 0 9231
1 9343 9343
1 19112 19112
0 0 13291
1 20085 20085
1 6691 6691
1 18745 18745
-1
1 31616 31616
-1
-1
1 30178 30178
-1
-1
0 0 14742
-1
0 0 14629
0 0 5633
1 25166 25166
-1
0 0 6086
0 0 9422
0 0 10126
0 0 5610
1 28555 28555
-1
-1
0 0 11412
-1
1 31869 31869
-1
1 8642 8642
1 9360 9360
-1
0 0 14274
1 12975 12975
1 14393 14393
-1
0 0 12309
-1
-1
-1
0 0 4994
-1
1 14688 14688
-1
0 0 12353
0 0 2366
-1
1 20491 20491
-1
-1
-1
1 20589 20589
1 18762 18762
1 27348 27348
0 0 635
-1
0 0 3731
-1
-1
0 0 8526
-1
1 13806 13806
1 4877 4877
1 28129 28129
-1
1 12393 12393
-1
-1
-1
-1
-1
0 0 10241
0 0 5901
1 5496 5496
0 0 4172
0 0 4726
-1
0 0 13086
-1
-1
-1
-1
-1
0 0 6586
-1
1 2813 2813
1 12000 12000
1 13496 13496
1 10188 10188
-1
1 17858 17858
0 0 10530
0 0 7162
1 16788 16788
0 0 12139
1 25207 25207
-1
-1
0 0 7536
1 9521 9521
0 0 6419
1 28774 28774
-1
-1
-1
0 0 11943
1 19925 19925
0 0 13351
0 0 3931
-1
0 0 3678
1 21128 21128
1 6585 6585
0 0 16145
1 13198 13198
0 0 8185
1 19615 19615
1 32145 32145
0 0 13378
1 20867 20867
1 16642 16642
0 0 13284
-1
-1
1 1310 1310
0 0 8954
-1
1 32252 32252
1 5719 5719
0 0 5313
1 14914 14914
1 10082 10082
1 23473 23473
-1
1 22337 22337
0 0 6004
-1
-1
-1
0 0 11403
0 0 16138
-1
-1
1 31612 31612
0 0 13294
0 0 11205
1 4962 4962
1 807 807
1 1094 1094
-1
-1
-1
-1
-1
1 31636 31636
0 0 403
1 16513 16513
1 1103 1103
1 31566 31566
-1
1 15923 15923
1 30563 30563
0 0 13228
-1
1 3908 3908
0 0 7321
0 0 7628
0 0 8572
-1
1 23378 23378
-1
0 0 6723
0 0 5030
0 0 9103
1 4048 4048
-1
-1
-1
-1
1 19025 19025
-1
1 24311 24311
0 0 7169
-1
1 23582 23582
1 22286 22286
-1
0 0 3951
1 12636 12636
-1
0 0 4414
1 32464 32464
1 27888 27888
0 0 3731
1 5474 5474
-1
1 9247 9247
0 0 7843
0 0 7653
1 19399 19399
1 2132 2132
0 0 511
1 6692 6692
-1
-1
1 8904 8904
1 16060 16060
-1
1 22822 22822
-1
1 13382 13382
-1
-1
1 28746 28746
0 0 557
0 0 13581
0 0 3650
0 0 16294
1 18934 18934
0 0 15504
0 0 12151
1 29683 29683
1 21495 21495
-1
-1
0 0 12805
-1
1 8954 8954
1 12674 12674
-1
1 13083 13083
0 0 16202
-1
1 10783 10783
0 0 8184
1 24662 24662
1 13378 13378
-1
1 13716 13716
-1
1 6859 6859
1 3150 3150
-1
1 22920 22920
-1
-1
1 19825 19825
-1
-1
1 10653 10653
0 0 1343
0 0 14227
1 4219 4219
0 0 13278
-1
0 0 3374
1 23562 23562
0 0 10921
1 339 339
-1
0 0 1879
1 6929 6929
-1
1 20639 20639
1 12305 12305
1 26353 26353
-1
0 0 13724
0 0 4929
1 23211 23211
0 0 4044
-1
-1
1 2622 2622
0 0 13886
1 31765 31765
-1
-1
1 20099 20099
-1
1 32579 32579
-1
-1
1 7731 7731
0 0 9887
1 6784 6784
0 0 8552
1 10057 10057
0 0 15731
1 14907 14907
0 0 4829
-1
0 0 10609
1 22341 22341
0 0 6663
-1
-1
1 5045 5045
-1
0 0 10975
-1
1 14692 14692
-1
0 0 5034
-1
-1
0 0 11450
1 22425 22425
-1
-1
-1
-1
-1
0 0 5306
-1
-1
-1
1 3454 3454
0 0 11095
1 31395 31395
0 0 11986
-1
0 0 3082
-1
1 21854 21854
-1
1 13362 13362
1 26481 26481
-1
1 18859 18859
-1
-1
-1
1 12535 12535
-1
0 0 13295
1 31419 31419
0 0 8211
0 0 11009
-1
1 7867 7867
-1
0 0 4813
-1
1 19010 19010
0 0 6334
1 6254 6254
1 23647 23647
0 0 8887
-1
0 0 4333
0 0 7382
1 21378 21378
1 17397 17397
-1
0 0 14611
1 11618 11618
1 16525 16525
1 6259 6259
1 22198 22198
1 3096 3096
0 0 12553
1 5714 5714
1 32450 32450
-1
-1
0 0 152
0 0 8026
-1
0 0 1358
1 5476 5476
1 11906 11906
-1
0 0 8080
1 12834 12834
-1
-1
-1
0 0 13827
-1
1 20315 20315
0 0 15508
1 12178 12178
0 0 9425
1 27584 27584
1 15173 15173
0 0 14804
0 0 2309
1 12847 12847
0 0 10256
0 0 15880
-1
-1
1 30254 30254
0 0 5626
-1
-1
0 0 6101
-1
0 0 6285
0 0 3971
1 16662 16662
-1
1 1128 1128
1 20004 20004
1 16305 16305
0 0 12754
-1
1 30594 30594
1 12290 12290
0 0 9794
1 7588 7588
-1
1 13397 13397
0 0 9611
-1
1 30110 30110
0 0 9628
-1
1 28996 28996
-1
1 7677 7677
0 0 7460
0 0 9118
0 0 12412
0 0 12189
1 10268 10268
-1
-1
-1
0 0 11652
1 1103 1103
1 878 878
1 19666 19666
0 0 13521
0 0 9250
0 0 13018
-1
-1
0 0 3001
-1
-1
0 0 16018
1 24720 24720
0 0 4494
1 13500 13500
1 32678 32678
0 0 6317
0 0 46
0 0 16006
0 0 5894
0 0 16009
0 0 12176
1 15204 15204
1 28254 28254
-1
0 0 9448
-1
-1
1 25828 25828
0 0 4286
0 0 12388
-1
0 0 7880
0 0 9258
1 22287 22287
-1
1 1879 1879
-1
0 0 14184
0 0 12623
1 650 650
0 0 130
-1
-1
0 0 9729
1 15218 15218
1 15261 15261
1 6275 6275
-1
0 0 11678
1 6659 6659
-1
0 0 12636
1 30150 30150
0 0 15563
-1
1 29373 29373
1 28826 28826
1 21804 21804
1 8438 8438
-1
-1
-1
1 20369 20369
0 0 4369
1 23803 23803
1 18704 18704
-1
0 0 1904
-1
1 16351 16351
1 26262 26262
0 0 14880
1 3709 3709
0 0 3673
1 7124 7124
0 0 7837
0 0 2272
1 19000 19000
-1
1 23499 23499
0 0 2749
-1
0 0 12448
-1
-1
0 0 13545
1 25885 25885
-1
-1
0 0 10824
-1
1 20133 20133
-1
-1
0 0 13308
-1
1 28834 28834
0 0 9737
1 15995 15995
-1
0 0 364
1 25496 25496
1 31882 31882
-1
0 0 12387
-1
1 20577 20577
-1
1 11589 11589
0 0 4327
0 0 12816
1 12073 12073
1 32346 32346
1 31320 31320
1 4170 4170
1 12423 12423
1 22441 22441
-1
0 0 3875
0 0 411
-1
0 0 1779
-1
0 0 10671
0 0 4704
0 0 2925
-1
1 16942 16942
1 29322 29322
-1
1 17174 17174
-1
0 0 12485
-1
-1
-1
-1
1 13743 13743
-1
-1
1 21827 21827
1 17310 17310
-1
-1
0 0 4749
1 4150 4150
-1
1 13103 13103
0 0 2227
1 25961 25961
0 0 7462
1 15983 15983
-1
1 6766 6766
0 0 13359
0 0 3967
-1
-1
1 27978 27978
-1
0 0 2296
0 0 13582
-1
-1
1 31781 31781
0 0 5124
1 2919 2919
-1
-1
-1
1 21546 21546
0 0 3076
1 4346 4346
1 28904 28904
-1
0 0 9784
0 0 11388
-1
-1
-1
-1
1 21315 21315
1 5231 5231
-1
0 0 5136
0 0 10676
0 0 6127
-1
-1
0 0 14559
-1
0 0 1849
0 0 7948
-1
-1
1 19106 19106
-1
-1
0 0 7527
1 26183 26183
1 11523 11523
-1
0 0 13554
-1
1 10152 10152
1 10989 10989
-1
0 0 4204
-1
-1
1 6686 6686
1 21059 21059
0 0 1374
-1
1 18414 18414
-1
1 22874 22874
1 21013 21013
1 21667 21667
-1
1 28897 28897
0 0 844
1 28238 28238
0 0 3365
1 9793 9793
1 31538 31538
-1
0 0 413
-1
0 0 8977
1 26932 26932
1 14292 14292
-1
0 0 1657
1 9859 9859
1 2482 2482
1 8335 8335
0 0 6517
-1
0 0 2744
-1
1 6044 6044
1 23672 23672
1 2350 2350
1 14547 14547
1 25943 25943
1 12297 12297
0 0 15753
0 0 8706
0 0 14298
1 31212 31212
-1
-1
0 0 4358
-1
0 0 6264
1 14762 14762
1 32255 32255
-1
1 5064 5064
1 7141 7141
-1
-1
-1
1 10792 10792
0 0 1985
-1
-1
0 0 8567
0 0 1298
0 0 14320
-1
1 7130 7130
1 9603 9603
1 21446 21446
1 22192 22192
1 15410 15410
0 0 13832
0 0 13312
0 0 3298
0 0 943
-1
0 0 381
0 0 3518
0 0 11191
1 25946 25946
0 0 8833
1 22437 22437
0 0 5065
-1
0 0 1382
-1
0 0 10064
-1
-1
-1
-1
0 0 6002
-1
1 4212 4212
1 5637 5637
-1
-1
0 0 6676
-1
1 26764 26764
0 0 2468
-1
1 11289 11289
1 7573 7573
0 0 9610
-1
1 682 682
-1
-1
-1
1 27034 27034
-1
1 13470 13470
-1
-1
-1
-1
0 0 6371
-1
-1
1 32460 32460
0 0 13081
0 0 13382
0 0 12844
0 0 4892
1 19678 19678
1 24853 24853
-1
1 23017 23017
-1
0 0 15230
0 0 13563
1 28223 28223
-1
-1
0 0 1425
0 0 14913
0 0 9010
1 21797 21797
1 16063 16063
-1
0 0 3537
-1
-1
1 19303 19303
1 10808 10808
1 4069 4069
1 7797 7797
-1
1 6585 6585
-1
-1
1 31138 31138
1 20408 20408
-1
0 0 13456
1 7913 7913
1 5711 5711
1 11100 11100
0 0 7126
1 2176 2176
0 0 10573
0 0 15598
-1
0 0 15349
0 0 9628
0 0 14144
-1
0 0 8135
-1
-1
1 21671 21671
1 5435 5435
1 2701 2701
-1
-1
1 29852 29852
0 0 4171
0 0 5223
1 15052 15052
-1
1 3744 3744
1 25796 25796
0 0 5539
1 23476 23476
0 0 10798
-1
-1
1 3773 3773
0 0 9475
-1
-1
-1
0 0 11116
0 0 6735
1 3316 3316
1 906 906
1 14228 14228
-1
1 8029 8029
-1
-1
-1
1 1985 1985
0 0 1772
0 0 5423
1 12973 12973
1 23065 23065
-1
0 0 7682
1 22840 22840
-1
-1
1 7613 7613
-1
-1
0 0 12321
-1
-1
-1
1 30966 30966
-1
0 0 3402
-1
0 0 2185
1 6852 6852
-1
0 0 131
-1
0 0 3682
1 14857 14857
1 10378 10378
0 0 13246
0 0 16148
1 20536 20536
0 0 6310
-1
1 14424 14424
-1
-1
0 0 13733
1 16832 16832
-1
1 9536 9536
0 0 13343
-1
0 0 2002
1 496 496
1 653 653
0 0 8704
1 4380 4380
0 0 10225
0 0 4201
1 9542 9542
1 3589 3589
0 0 11680
0 0 8391
-1
1 20163 20163
0 0 11325
0 0 5842
-1
1 25946 25946
-1
-1
0 0 14280
1 14324 14324
0 0 13638
1 7778 7778
1 12726 12726
0 0 3503
-1
-1
-1
0 0 16070
1 1501 1501
-1
1 32667 32667
1 8209 8209
1 1828 1828
1 32212 32212
-1
1 25256 25256
-1
0 0 1225
-1
0 0 3799
1 17 17
0 0 6635
1 13992 13992
0 0 1618
-1
0 0 6480
0 0 9044
1 18610 18610
0 0 1953
1 7386 7386
0 0 12091
-1
1 3261 3261
1 15565 15565
1 21435 21435
-1
1 348 348
1 29355 29355
1 24866 24866
0 0 2043
1 20413 20413
-1
0 0 5742
1 3110 3110
0 0 4001
-1
-1
1 28484 28484
-1
1 30328 30328
0 0 9296
1 4303 4303
-1
0 0 14741
-1
1 16231 16231
0 0 2884
-1
-1
1 15187 15187
-1
-1
1 16412 16412
-1
0 0 6288
0 0 11390
1 7078 7078
-1
0 0 6206
1 189 189
0 0 8868
0 0 15216
1 11294 11294
-1
1 10578 10578
-1
0 0 15813
0 0 5675
1 10777 10777
0 0 15128
0 0 1732
0 0 13665
0 0 9019
1 28328 28328
-1
0 0 9573
-1
0 0 6949
0 0 10194
1 15541 15541
-1
-1
-1
-1
-1
1 24777 24777
1 12534 12534
1 5680 5680
0 0 9051
0 0 3759
0 0 14683
-1
-1
-1
0 0 545
1 26655 26655
1 16959 16959
0 0 2596
1 3390 3390
1 5650 5650
1 20403 20403
1 30382 30382
0 0 71
1 10671 10671
1 7698 7698
1 32378 32378
-1
0 0 8955
1 16728 16728
1 141 141
-1
0 0 5159
0 0 11651
-1
1 32515 32515
-1
-1
1 20934 20934
1 9598 9598
-1
0 0 10519
-1
-1
-1
0 0 2143
0 0 8091
1 361 361
1 8618 8618
1 1250 1250
-1
1 1435 1435
1 17865 17865
1 25900 25900
1 12283 12283
0 0 1652
0 0 6976
1 27829 27829
1 18307 18307
1 23579 23579
-1
0 0 2253
0 0 14008
1 9281 9281
-1
1 19324 19324
-1
1 20782 20782
0 0 3060
0 0 13567
0 0 14746
-1
1 16548 16548
-1
0 0 160
1 30073 30073
0 0 3518
1 17040 17040
-1
0 0 1640
1 17801 17801
-1
-1
-1
-1
1 16322 16322
-1
-1
1 21623 21623
-1
-1
-1
0 0 2554
0 0 4901
0 0 1562
0 0 2337
0 0 5742
-1
1 12202 12202
1 19426 19426
-1
-1
-1
1 4516 4516
1 13412 13412
-1
-1
1 14466 14466
-1
1 17264 17264
-1
0 0 10206
-1
1 31819 31819
0 0 2709
0 0 6058
1 9262 9262
0 0 14939
0 0 1283
-1
1 1745 1745
0 0 4614
0 0 12576
0 0 11582
1 15687 15687
-1
1 11288 11288
0 0 4659
0 0 5672
0 0 15669
-1
0 0 8240
0 0 2252
-1
0 0 559
0 0 15841
0 0 11028
-1
0 0 2755
-1
0 0 14456
1 22685 22685
0 0 12637
1 13161 13161
0 0 11426
-1
0 0 6072
0 0 408
1 2394 2394
1 22858 22858
-1
0 0 9008
-1
0 0 929
0 0 313
-1
0 0 7058
-1
1 23644 23644
-1
0 0 5917
0 0 10674
1 16903 16903
1 16362 16362
0 0 10861
1 6547 6547
0 0 14670
0 0 8137
-1
0 0 9861
-1
0 0 5137
-1
1 1881 1881
1 9446 9446
0 0 12428
0 0 14287
0 0 15558
1 10271 10271
1 694 694
-1
-1
0 0 16169
1 29826 29826
0 0 15065
0 0 11071
0 0 15470
1 7112 7112
-1
1 13168 13168
-1
0 0 3338
-1
-1
1 10914 10914
0 0 3550
-1
0 0 14518
0 0 1830
1 13910 13910
1 28862 28862
-1
0 0 2581
-1
1 16148 16148
0 0 2673
0 0 809
-1
1 15695 15695
-1
0 0 6971
1 7974 7974
-1
-1
-1
0 0 3355
-1
-1
0 0 1632
-1
1 2436 2436
0 0 10028
1 27397 27397
1 20512 20512
-1
0 0 13644
0 0 11842
1 25882 25882
1 12405 12405
0 0 13057
0 0 15189
1 31051 31051
1 28687 28687
1 25951 25951
-1
0 0 8470
1 14216 14216
0 0 829
0 0 6943
1 32638 32638
1 13716 13716
0 0 13140
0 0 10458
0 0 1248
-1
1 14649 14649
-1
-1
-1
0 0 14084
-1
0 0 5374
1 14471 14471
0 0 13304
0 0 5108
1 20301 20301
0 0 8600
1 17236 17236
0 0 14200
-1
0 0 8102
1 11415 11415
0 0 1404
-1
1 10853 10853
1 18082 18082
1 14130 14130
-1
-1
-1
0 0 4598
-1
0 0 1494
-1
-1
-1
0 0 5683
1 12485 12485
1 14559 14559
0 0 14506
1 9781 9781
1 12502 12502
-1
-1
1 25877 25877
1 25975 25975
0 0 6423
-1
-1
0 0 4243
1 14628 14628
0 0 8890
-1
0 0 7477
1 27256 27256
0 0 1126
-1
1 29260 29260
0 0 2108
0 0 2128
1 25461 25461
1 27351 27351
0 0 16204
0 0 14966
-1
1 11676 11676
1 19437 19437
1 20085 20085
-1
1 16944 16944
1 7598 7598
-1
-1
0 0 10837
0 0 221
1 3865 3865
-1
-1
-1
1 3597 3597
0 0 7981
1 12623 12623
-1
0 0 8056
-1
1 17596 17596
0 0 14899
-1
1 7452 7452
0 0 4814
0 0 7244
0 0 15184
0 0 5815
1 10266 10266
1 13702 13702
-1
0 0 12077
-1
1 22884 22884
1 19214 19214
0 0 6251
-1
-1
1 5565 5565
-1
1 14022 14022
0 0 10751
0 0 3759
-1
0 0 12454
1 11225 11225
-1
-1
1 24845 24845
-1
0 0 13691
1 30461 30461
1 16588 16588
-1
1 14359 14359
0 0 11775
-1
0 0 2920
1 7547 7547
0 0 13450
1 24171 24171
-1
0 0 1458
1 367 367
-1
0 0 10338
1 23250 23250
1 22313 22313
0 0 9167
-1
0 0 13830
1 32189 32189
-1
1 26618 26618
-1
0 0 1605
0 0 13582
1 31167 31167
1 8279 8279
0 0 10411
0 0 11985
1 3824 3824
1 6855 6855
0 0 2402
0 0 12781
-1
-1
1 25317 25317
0 0 11287
-1
1 26225 26225
0 0 210
-1
1 13602 13602
1 16931 16931
-1
-1
-1
0 0 14208
1 20280 20280
-1
-1
1 20846 20846
0 0 7407
0 0 13671
1 1263 1263
1 14233 14233
-1
0 0 13806
0 0 10498
-1
0 0 3568
1 5197 5197
-1
1 24482 24482
-1
1 8998 8998
1 2391 2391
-1
0 0 2696
0 0 2296
-1
-1
0 0 4401
1 2872 2872
0 0 3624
-1
-1
1 28943 28943
0 0 3359
0 0 7276
-1
1 29576 29576
1 24077 24077
0 0 16273
0 0 13681
-1
-1
0 0 775
-1
0 0 1508
0 0 501
1 20522 20522
-1
0 0 6439
1 24225 24225
0 0 1380
1 23467 23467
1 13297 13297
0 0 15043
1 27775 27775
1 5567 5567
0 0 9260
0 0 8005
1 9130 9130
1 13965 13965
-1
0 0 3679
1 21736 21736
1 30889 30889
0 0 9177
-1
0 0 5325
0 0 12485
1 1289 1289
-1
1 28264 28264
1 21516 21516
1 14064 14064
0 0 7008
1 16829 16829
1 13038 13038
0 0 6034
1 7858 7858
-1
-1
1 9445 9445
-1
-1
1 32584 32584
0 0 1468
1 10344 10344
0 0 3843
0 0 9241
-1
0 0 16082
-1
1 26979 26979
1 6975 6975
-1
0 0 8630
1 31375 31375
-1
-1
-1
1 12877 12877
0 0 14324
-1
1 22657 22657
1 30873 30873
1 1834 1834
1 6686 6686
0 0 5619
-1
1 31533 31533
-1
1 26501 26501
0 0 4959
1 6483 6483
-1
1 6385 6385
1 23553 23553
-1
0 0 156
-1
-1
-1
0 0 7051
-1
0 0 4883
-1
0 0 13102
0 0 8410
0 0 14884
-1
0 0 5120
0 0 623
-1
0 0 1203
0 0 6031
1 13995 13995
1 7115 7115
-1
-1
0 0 8932
0 0 7073
0 0 10898
0 0 1519
-1
0 0 4557
0 0 15979
1 18665 18665
0 0 12090
-1
0 0 4579
-1
1 26795 26795
1 3941 3941
0 0 15868
-1
-1
0 0 3082
-1
-1
0 0 15488
0 0 11404
-1
1 25363 25363
1 4575 4575
0 0 9636
-1
0 0 1976
-1
1 16609 16609
-1
0 0 11520
-1
-1
0 0 12581
-1
0 0 6197
0 0 3733
0 0 15960
0 0 4019
-1
0 0 14052
-1
-1
-1
-1
0 0 1213
0 0 15104
1 11864 11864
-1
-1
-1
-1
-1
0 0 9073
-1
1 2762 2762
0 0 9472
1 23870 23870
1 7122 7122
0 0 14875
0 0 5517
1 16254 16254
-1
1 19903 19903
0 0 868
1 2015 2015
1 5006 5006
0 0 6983
1 26288 26288
0 0 785
1 22061 22061
-1
-1
-1
-1
0 0 15757
0 0 596
1 1507 1507
1 2555 2555
1 2309 2309
1 2167 2167
1 3318 3318
1 20330 20330
-1
0 0 14457
-1
1 22127 22127
0 0 4208
-1
-1
0 0 2498
1 1561 1561
0 0 11996
-1
0 0 5602
0 0 16168
0 0 16239
0 0 13712
-1
0 0 14955
-1
0 0 9012
-1
0 0 7135
1 27394 27394
0 0 14085
1 4319 4319
-1
0 0 8281
-1
0 0 6823
1 4044 4044
0 0 3765
0 0 6276
1 1946 1946
1 20844 20844
1 19070 19070
-1
-1
1 17759 17759
-1
1 10894 10894
0 0 15075
-1
0 0 3582
0 0 10229
0 0 2750
1 25501 25501
-1
1 29010 29010
-1
-1
-1
0 0 5474
1 402 402
-1
1 32264 32264
1 3145 3145
0 0 15888
-1
0 0 8447
0 0 51
0 0 12188
1 25582 25582
-1
0 0 8532
1 25546 25546
1 2367 2367
0 0 11791
0 0 13072
1 30316 30316
0 0 5316
-1
1 27619 27619
0 0 236
-1
1 26914 26914
0 0 13509
-1
1 16100 16100
1 18414 18414
-1
-1
0 0 16231
0 0 4540
1 24697 24697
-1
1 23650 23650
-1
0 0 4866
1 2259 2259
0 0 6044
-1
-1
1 12027 12027
1 26281 26281
1 22806 22806
0 0 907
1 21307 21307
-1
-1
1 18806 18806
1 14663 14663
-1
0 0 7453
1 6999 6999
-1
0 0 15253
1 2158 2158
1 8304 8304
0 0 1897
1 4453 4453
1 28520 28520
-1
-1
1 7421 7421
0 0 13992
0 0 10849
1 1304 1304
1 10340 10340
1 5418 5418
1 12416 12416
1 22070 22070
1 8017 8017
0 0 12466
1 21889 21889
0 0 1515
-1
1 5710 5710
-1
1 1323 1323
0 0 15350
-1
0 0 7425
-1
-1
1 31713 31713
1 20009 20009
1 21613 21613
1 17621 17621
1 32029 32029
1 4572 4572
0 0 13944
-1
-1
1 2554 2554
1 4952 4952
0 0 3111
1 26458 26458
-1
-1
1 18224 18224
-1
1 24825 24825
1 17288 17288
1 18653 18653
-1
0 0 2452
0 0 3717
0 0 7800
1 14195 14195
1 32093 32093
0 0 13422
1 16711 16711
0 0 4347
1 1286 1286
0 0 15483
1 133 133
0 0 11041
1 22937 22937
0 0 11448
-1
1 2673 2673
-1
1 11016 11016
0 0 12427
-1
0 0 2097
1 3489 3489
0 0 15616
-1
0 0 14092
0 0 3423
1 18950 18950
1 14526 14526
-1
1 28683 28683
-1
1 31964 31964
0 0 14235
-1
0 0 2429
0 0 13281
-1
0 0 5830
-1
0 0 2612
-1
-1
1 20440 20440
-1
1 21223 21223
1 1347 1347
1 21408 21408
1 13224 13224
1 22855 22855
-1
-1
0 0 7248
0 0 14845
1 6282 6282
0 0 1451
1 30988 30988
-1
-1
0 0 275
1 27473 27473
-1
1 15103 15103
1 27978 27978
0 0 13471
1 9962 9962
0 0 7356
0 0 3663
0 0 2368
-1
1 17023 17023
1 17986 17986
1 16173 16173
1 8046 8046
0 0 6946
-1
-1
1 3924 3924
-1
-1
-1
-1
0 0 4624
-1
-1
1 6657 6657
1 17235 17235
0 0 10951
1 30515 30515
0 0 12387
1 31878 31878
-1
1 17090 17090
0 0 5485
-1
-1
1 11876 11876
0 0 7106
1 21301 21301
0 0 15759
0 0 12661
1 20242 20242
-1
-1
1 5510 5510
1 18772 18772
0 0 4884
1 381 381
1 2640 2640
0 0 4623
-1
0 0 12890
0 0 4962
-1
1 11680 11680
0 0 11017
-1
0 0 5083
-1
1 8680 8680
-1
0 0 6751
-1
1 5957 5957
1 6734 6734
1 1996 1996
0 0 13467
0 0 13120
0 0 14279
0 0 12066
-1
0 0 2011
-1
-1
1 23074 23074
1 24902 24902
0 0 9561
0 0 344
0 0 5531
1 1615 1615
1 6179 6179
-1
0 0 5391
0 0 4765
1 14121 14121
-1
-1
0 0 1817
1 19014 19014
0 0 300
1 30087 30087
0 0 15570
1 15966 15966
-1
-1
1 22212 22212
0 0 1691
0 0 10878
0 0 9597
1 10760 10760
1 4093 4093
-1
0 0 12539
-1
1 25025 25025
1 11687 11687
-1
0 0 11029
0 0 10490
-1
-1
0 0 10853
0 0 13177
1 27599 27599
1 27058 27058
1 16914 16914
0 0 14393
-1
-1
0 0 8997
-1
0 0 10132
1 23409 23409
-1
-1
0 0 6681
1 15568 15568
0 0 2118
0 0 15198
-1
0 0 9239
0 0 16192
0 0 6520
-1
1 25979 25979
0 0 4124
1 9903 9903
0 0 8899
-1
1 23635 23635
-1
-1
1 4551 4551
0 0 12057
-1
-1
-1
1 13436 13436
0 0 2799
1 11136 11136
1 5362 5362
0 0 16334
1 16114 16114
-1
-1
-1
1 21594 21594
0 0 15639
-1
1 21985 21985
-1
1 21783 21783
0 0 9
1 32044 32044
-1
-1
0 0 6156
0 0 3920
1 15945 15945
1 16245 16245
-1
-1
1 25525 25525
0 0 10244
1 8653 8653
0 0 10721
-1
-1
0 0 2214
1 13753 13753
-1
0 0 1807
1 15828 15828
0 0 15797
1 21531 21531
-1
1 3367 3367
1 24998 24998
0 0 643
0 0 2816
0 0 13653
1 30718 30718
-1
1 12930 12930
-1
0 0 16293
1 19811 19811
1 24516 24516
1 26893 26893
-1
-1
0 0 12377
-1
1 360 360
1 5300 5300
0 0 9694
0 0 4605
1 9917 9917
0 0 13540
0 0 4269
-1
0 0 8067
-1
1 29315 29315
0 0 86
0 0 7545
0 0 14952
1 5938 5938
0 0 7097
1 17259 17259
1 21287 21287
1 29928 29928
1 11940 11940
-1
1 19316 19316
1 21803 21803
-1
1 7705 7705
0 0 9649
1 19459 19459
1 30619 30619
1 28159 28159
1 21122 21122
-1
-1
1 13015 13015
1 25799 25799
-1
-1
-1
-1
0 0 845
1 32550 32550
1 2472 2472
0 0 14272
-1
1 25791 25791
-1
0 0 13864
-1
1 27741 27741
1 7891 7891
-1
1 17446 17446
1 28582 28582
-1
0 0 4085
-1
1 98 98
1 13019 13019
1 22759 22759
-1
-1
1 16758 16758
-1
-1
1 22803 22803
0 0 3395
0 0 919
1 1418 1418
1 7118 7118
0 0 13560
-1
1 22778 22778
0 0 13125
0 0 1901
1 26110 26110
0 0 15055
0 0 6308
0 0 9495
0 0 8943
-1
0 0 7572
-1
-1
0 0 14461
1 1264 1264
-1
1 29500 29500
0 0 16284
0 0 11716
0 0 11112
-1
-1
-1
0 0 14819
0 0 15414
1 9405 9405
-1
1 25018 25018
0 0 14228
-1
0 0 8186
-1
-1
0 0 5851
1 11585 11585
0 0 1008
0 0 11376
-1
1 28043 28043
-1
-1
-1
0 0 14730
1 10120 10120
-1
1 10406 10406
1 1474 1474
-1
-1
0 0 6286
-1
-1
-1
0 0 13267
1 27989 27989
0 0 13081
0 0 15122
0 0 3033
-1
1 29103 29103
1 20473 20473
1 12335 12335
-1
-1
-1
0 0 11529
-1
1 28152 28152
0 0 1459
-1
-1
0 0 7083
1 3101 3101
1 7919 7919
-1
1 10071 10071
0 0 14746
-1
-1
-1
-1
1 32063 32063
0 0 15090
-1
0 0 16262
1 23040 23040
0 0 11618
0 0 7420
0 0 1284
0 0 9755
0 0 12663
-1
0 0 3694
-1
1 27897 27897
-1
0 0 9072
-1
1 5533 5533
1 31330 31330
0 0 105
0 0 8555
1 4664 4664
0 0 3616
0 0 10151
0 0 7449
-1
1 17863 17863
1 30042 30042
-1
-1
0 0 5028
1 14044 14044
0 0 3183
1 13210 13210
1 23130 23130
0 0 5520
-1
0 0 12549
-1
0 0 4012
1 1929 1929
-1
-1
1 2324 2324
-1
0 0 4652
0 0 1066
0 0 1127
1 20131 20131
0 0 15074
-1
-1
0 0 11280
-1
-1
1 8589 8589
1 22243 22243
-1
-1
-1
-1
1 13802 13802
-1
-1
-1
1 9729 9729
1 14231 14231
0 0 11133
1 27620 27620
1 27242 27242
-1
1 24916 24916
-1
-1
1 12956 12956
1 2017 2017
0 0 463
1 20639 20639
1 19512 19512
0 0 3612
-1
0 0 6429
0 0 5526
0 0 170
-1
0 0 1635
0 0 9346
-1
1 6722 6722
0 0 12163
1 17295 17295
-1
1 15535 15535
1 19806 19806
0 0 5550
0 0 7743
-1
1 11352 11352
-1
-1
1 17903 17903
1 6945 6945
-1
0 0 7582
0 0 13259
0 0 5894
0 0 269
-1
0 0 2
0 0 5255
1 30597 30597
-1
1 24749 24749
-1
1 525 525
0 0 10614
1 2951 2951
1 9314 9314
-1
1 24622 24622
1 27024 27024
1 2387 2387
0 0 15027
-1
0 0 2212
-1
1 6359 6359
-1
0 0 3739
-1
0 0 14804
0 0 15741
1 4704 4704
-1
1 12181 12181
0 0 11304
-1
1 7362 7362
-1
0 0 9499
1 14370 14370
-1
0 0 7614
-1
1 479 479
1 32024 32024
0 0 12832
1 29800 29800
0 0 4625
-1
-1
-1
1 27148 27148
0 0 7200
1 27359 27359
-1
1 16441 16441
-1
-1
1 2963 2963
-1
1 12758 12758
-1
0 0 15567
1 3704 3704
-1
1 7389 7389
0 0 4585
-1
-1
-1
0 0 6687
-1
-1
-1
-1
-1
-1
0 0 9602
1 10504 10504
1 8966 8966
-1
1 5696 5696
1 8704 8704
-1
1 31502 31502
-1
-1
-1
-1
-1
1 10951 10951
1 4903 4903
-1
0 0 14273
0 0 645
1 14198 14198
1 26585 26585
1 29440 29440
-1
0 0 1788
1 30253 30253
0 0 12241
0 0 16110
1 20607 20607
-1
1 4713 4713
1 31159 31159
-1
-1
0 0 14286
0 0 14854
-1
1 27526 27526
-1
0 0 5149
1 21390 21390
0 0 4222
1 1465 1465
1 2055 2055
1 8732 8732
1 4477 4477
-1
-1
-1
0 0 7946
-1
-1
-1
1 17009 17009
-1
0 0 6540
-1
1 32610 32610
-1
-1
-1
1 21855 21855
0 0 9199
1 23886 23886
1 1324 1324
0 0 14208
1 19270 19270
0 0 3162
1 2207 2207
1 7043 7043
0 0 12165
0 0 8321
-1
1 14666 14666
0 0 16076
0 0 2701
1 28559 28559
0 0 6189
-1
-1
-1
-1
-1
0 0 1941
1 17701 17701
1 18850 18850
1 7893 7893
1 3423 3423
0 0 3883
-1
0 0 12505
0 0 7786
-1
0 0 939
-1
1 13793 13793
-1
0 0 716
0 0 2977
1 6722 6722
0 0 13546
1 17335 17335
0 0 8291
0 0 7115
0 0 101
-1
0 0 12045
0 0 7409
0 0 9772
-1
0 0 4169
-1
1 6564 6564
1 19222 19222
1 17091 17091
0 0 2609
0 0 12843
0 0 4693
-1
1 17169 17169
-1
-1
1 26109 26109
0 0 11351
0 0 4112
0 0 14460
-1
1 32432 32432
0 0 13776
1 13120 13120
1 19664 19664
1 15347 15347
1 9808 9808
-1
0 0 7135
0 0 2971
-1
1 15878 15878
1 12416 12416
0 0 9423
0 0 4828
-1
-1
-1
1 7413 7413
0 0 9215
0 0 10057
-1
0 0 4790
0 0 7526
-1
1 32623 32623
-1
-1
-1
0 0 4238
-1
1 2433 2433
-1
1 29435 29435
1 22088 22088
0 0 7068
1 9521 9521
1 264 264
0 0 11689
1 22986 22986
1 1327 1327
1 11043 11043
-1
-1
-1
0 0 11207
1 10478 10478
0 0 4368
-1
1 13683 13683
-1
1 21207 21207
0 0 14570
0 0 1966
1 17834 17834
1 13125 13125
1 21049 21049
1 11706 11706
1 4621 4621
-1
-1
-1
0 0 4334
0 0 1049
-1
-1
0 0 3015
1 4290 4290
0 0 3281
-1
0 0 13069
0 0 2835
-1
1 32412 32412
0 0 959
1 836 836
1 4080 4080
0 0 7033
0 0 8604
1 7327 7327
0 0 15884
-1
0 0 616
1 2784 2784
1 17863 17863
1 2976 2976
0 0 8486
-1
0 0 11229
0 0 15512
-1
1 11380 11380
1 12014 12014
-1
1 5292 5292
1 25677 25677
1 26918 26918
-1
1 17587 17587
0 0 16269
1 25448 25448
-1
0 0 12789
0 0 13278
1 26752 26752
0 0 11888
-1
1 31795 31795
-1
0 0 15750
0 0 4334
0 0 1042
-1
0 0 5925
0 0 2542
1 20314 20314
-1
0 0 9652
0 0 11339
0 0 5152
-1
1 19732 19732
0 0 3228
-1
-1
0 0 9008
0 0 15672
-1
0 0 14764
-1
0 0 6523
0 0 194
1 31679 31679
0 0 657
-1
1 5579 5579
1 16608 16608
1 20786 20786
1 21960 21960
1 771 771
-1
-1
-1
0 0 7673
-1
0 0 13488
1 26278 26278
-1
-1
0 0 6394
1 1479 1479
-1
0 0 15461
-1
0 0 1378
0 0 1777
1 3609 3609
0 0 8400
1 24685 24685
1 20921 20921
-1
1 22531 22531
0 0 15307
-1
-1
0 0 15396
0 0 14029
0 0 5064
-1
1 9935 9935
0 0 8553
-1
1 15481 15481
0 0 7981
1 8483 8483
0 0 10148
-1
-1
0 0 6455
0 0 7502
0 0 4392
1 25221 25221
1 1821 1821
-1
-1
1 31518 31518
1 3229 3229
1 21019 21019
1 5170 5170
-1
1 5087 5087
-1
0 0 9279
0 0 12094
0 0 13290
-1
1 15652 15652
1 24339 24339
0 0 14845
-1
1 1358 1358
0 0 13436
-1
-1
1 31851 31851
-1
1 23624 23624
-1
-1
0 0 4753
-1
0 0 12275
-1
1 16474 16474
1 23002 23002
1 11920 11920
-1
-1
-1
-1
1 8269 8269
0 0 6381
-1
0 0 1507
0 0 6904
-1
0 0 3193
-1
0 0 3161
-1
1 25187 25187
-1
-1
1 25326 25326
1 8946 8946
0 0 8601
0 0 14208
0 0 7613
0 0 2145
0 0 6343
0 0 15926
1 7245 7245
0 0 9468
-1
-1
0 0 14169
0 0 7582
0 0 5805
1 5190 5190
-1
-1
1 28107 28107
-1
0 0 9899
1 22565 22565
0 0 15316
0 0 15910
1 21409 21409
1 24622 24622
-1
-1
1 21653 21653
0 0 2824
1 15285 15285
-1
0 0 4088
1 8328 8328
1 6659 6659
1 7543 7543
1 22489 22489
-1
-1
-1
-1
-1
-1
1 16925 16925
-1
0 0 5187
1 8510 8510
-1
-1
0 0 13376
1 25540 25540
1 12171 12171
-1
0 0 8636
1 19572 19572
-1
-1
-1
0 0 4132
-1
-1
-1
1 9436 9436
-1
0 0 13727
1 6347 6347
-1
-1
1 3179 3179
-1
1 26869 26869
1 6602 6602
-1
0 0 574
-1
1 11761 11761
0 0 1272
-1
0 0 6332
0 0 6286
0 0 13731
0 0 12297
-1
0 0 8854
-1
1 12612 12612
1 16743 16743
0 0 3170
1 7864 7864
-1
-1
-1
-1
0 0 287
-1
1 16358 16358
1 20506 20506
1 28925 28925
1 9541 9541
1 4875 4875
-1
-1
-1
-1
0 0 14076
1 3068 3068
-1
1 5238 5238
1 32087 32087
0 0 11749
-1
-1
-1
1 563 563
-1
-1
-1
-1
1 19907 19907
1 4447 4447
1 158 158
-1
-1
0 0 912
0 0 11444
0 0 6816
0 0 11050
1 29406 29406
0 0 3296
1 20061 20061
1 14391 14391
1 11432 11432
0 0 9622
0 0 13447
-1
1 10065 10065
-1
1 3065 3065
-1
0 0 10103
0 0 10016
0 0 11811
-1
1 30556 30556
1 24933 24933
0 0 2577
-1
1 23224 23224
0 0 7881
1 2365 2365
1 10439 10439
-1
1 6592 6592
1 17227 17227
-1
0 0 4228
0 0 15654
1 8839 8839
0 0 13970
1 18960 18960
1 21364 21364
0 0 2837
-1
1 10024 10024
1 15324 15324
0 0 12668
1 27276 27276
0 0 1441
-1
-1
0 0 1484
1 30361 30361
0 0 12279
0 0 11988
0 0 10846
1 1315 1315
0 0 3499
0 0 3471
0 0 10964
0 0 13968
0 0 7481
-1
-1
1 3476 3476
1 9567 9567
0 0 7151
1 25173 25173
0 0 1634
1 26004 26004
0 0 13226
1 8620 8620
-1
-1
-1
1 17658 17658
0 0 9701
0 0 2271
-1
0 0 8082
-1
-1
1 2671 2671
0 0 8602
1 25781 25781
-1
-1
1 24281 24281
-1
0 0 10009
0 0 11829
0 0 4721
0 0 4902
1 32297 32297
0 0 9479
1 26568 26568
-1
1 7865 7865
1 527 527
0 0 528
0 0 8649
0 0 12096
1 24807 24807
0 0 7574
1 10787 10787
1 1023 1023
1 14866 14866
0 0 3750
1 9166 9166
0 0 4107
-1
0 0 578
0 0 4579
-1
0 0 6579
0 0 3968
1 12932 12932
0 0 2380
-1
0 0 1223
0 0 11808
1 9533 9533
1 23877 23877
0 0 15630
-1
1 31730 31730
-1
-1
1 19314 19314
1 16656 16656
0 0 7055
0 0 6366
-1
0 0 13352
1 11393 11393
1 16613 16613
0 0 15041
-1
-1
0 0 5535
1 30836 30836
-1
-1
-1
-1
1 16798 16798
0 0 5359
-1
0 0 7330
1 14867 14867
-1
1 31771 31771
-1
1 2995 2995
1 25325 25325
-1
1 29160 29160
-1
1 23993 23993
1 14441 14441
0 0 8976
1 1955 1955
-1
-1
-1
1 17991 17991
1 10081 10081
1 31254 31254
0 0 13583
-1
1 1714 1714
1 32273 32273
-1
-1
0 0 5056
1 32415 32415
-1
0 0 5699
-1
1 42 42
0 0 2332
0 0 6057
0 0 14999
0 0 3808
0 0 15074
-1
0 0 14673
-1
-1
1 12995 12995
1 20415 20415
0 0 3259
0 0 10876
0 0 5849
0 0 15212
1 28006 28006
1 9961 9961
1 31648 31648
-1
0 0 14079
1 18739 18739
1 3691 3691
-1
1 25859 25859
-1
1 7767 7767
-1
-1
-1
1 27789 27789
1 5189 5189
1 1031 1031
1 5790 5790
-1
0 0 2280
0 0 2782
0 0 4936
-1
-1
0 0 6950
-1
0 0 2340
1 11836 11836
-1
-1
-1
-1
1 14835 14835
1 18047 18047
0 0 9678
-1
1 25569 25569
-1
1 21672 21672
-1
-1
0 0 16218
1 20224 20224
1 26571 26571
-1
0 0 7460
0 0 3703
1 12983 12983
-1
1 24501 24501
0 0 10255
-1
-1
-1
1 3103 3103
0 0 669
1 31752 31752
0 0 13986
0 0 15474
0 0 823
0 0 12452
0 0 6676
0 0 8867
-1
0 0 1960
1 20328 20328
0 0 7359
-1
1 25339 25339
1 3020 3020
-1
0 0 13550
0 0 13861
0 0 4402
0 0 3118
1 5585 5585
-1
1 1795 1795
1 6380 6380
-1
1 20113 20113
1 18111 18111
1 554 554
-1
0 0 13024
0 0 15161
0 0 12387
0 0 10573
-1
1 12605 12605
1 6611 6611
1 9624 9624
-1
1 9984 9984
1 27978 27978
-1
0 0 13919
0 0 7537
-1
0 0 14927
-1
1 12752 12752
1 10438 10438
0 0 8462
1 27421 27421
1 28918 28918
0 0 9943
-1
-1
0 0 9764
-1
-1
-1
0 0 12926
0 0 1917
0 0 8076
1 19527 19527
-1
-1
1 16139 16139
-1
0 0 15964
-1
0 0 3196
1 3006 3006
0 0 14721
1 25034 25034
-1
-1
0 0 8472
-1
0 0 2383
-1
-1
-1
0 0 10758
1 15121 15121
1 13226 13226
1 564 564
0 0 6128
-1
0 0 11691
0 0 4190
0 0 14592
-1
-1
1 6607 6607
-1
0 0 4882
-1
-1
1 4040 4040
-1
-1
0 0 3031
1 11726 11726
-1
1 2414 2414
1 7687 7687
0 0 10732
0 0 15973
1 24208 24208
1 5886 5886
0 0 10161
-1
0 0 9923
-1
1 1256 1256
1 27493 27493
-1
1 2349 2349
-1
1 29106 29106
-1
-1
1 23018 23018
-1
0 0 13829
0 0 755
1 32756 32756
-1
0 0 6758
1 14788 14788
-1
0 0 4347
1 3892 3892
-1
1 29018 29018
0 0 10601
0 0 3522
0 0 11935
-1
0 0 14068
-1
0 0 3704
1 18479 18479
-1
-1
1 719 719
1 31219 31219
0 0 9644
0 0 15676
0 0 15085
0 0 1316
-1
0 0 11753
-1
0 0 7337
0 0 3316
1 18270 18270
1 30340 30340
-1
-1
-1
0 0 6222
0 0 6551
1 15220 15220
-1
0 0 4845
-1
0 0 6557
0 0 3394
0 0 3418
1 20474 20474
-1
1 31622 31622
0 0 2180
1 23105 23105
1 26247 26247
0 0 14483
0 0 13642
1 6252 6252
1 27182 27182
0 0 10378
1 7037 7037
1 6334 6334
1 12368 12368
0 0 6112
-1
0 0 700
-1
-1
0 0 10098
0 0 1460
-1
0 0 7675
1 15392 15392
-1
0 0 14776
0 0 14173
-1
1 31125 31125
1 28809 28809
1 14255 14255
1 4518 4518
0 0 8508
0 0 3914
0 0 5966
-1
-1
-1
0 0 10375
0 0 2643
-1
0 0 2961
1 16592 16592
-1
0 0 1924
-1
0 0 2364
-1
-1
1 3766 3766
0 0 5613
1 12875 12875
0 0 12061
1 24593 24593
0 0 6473
-1
-1
1 14637 14637
1 2688 2688
0 0 12075
1 6340 6340
0 0 8448
1 25668 25668
0 0 7849
-1
-1
1 23493 23493
0 0 2129
0 0 16283
-1
-1
-1
0 0 4948
0 0 12476
1 21232 21232
0 0 3919
-1
-1
-1
1 13045 13045
0 0 15489
0 0 4386
-1
-1
-1
0 0 948
0 0 7108
1 32302 32302
-1
1 15338 15338
1 25928 25928
1 12947 12947
0 0 3540
1 7904 7904
1 20867 20867
1 22781 22781
0 0 7495
1 7555 7555
1 15424 15424
1 25255 25255
1 3228 3228
1 3506 3506
1 13131 13131
1 7345 7345
1 8429 8429
-1
-1
1 25245 25245
1 10275 10275
1 13403 13403
1 2374 2374
0 0 12394
0 0 9585
-1
0 0 1424
-1
-1
1 19864 19864
1 11290 11290
1 19255 19255
1 21669 21669
0 0 13684
-1
1 23332 23332
0 0 10178
-1
0 0 14422
-1
1 10919 10919
1 8306 8306
1 18765 18765
-1
-1
0 0 13059
1 30753 30753
0 0 10388
0 0 11471
1 19266 19266
-1
-1
-1
1 28143 28143
0 0 16366
1 20369 20369
1 24195 24195
0 0 11258
0 0 14327
-1
1 10779 10779
-1
-1
-1
1 30342 30342
1 30053 30053
-1
1 19274 19274
-1
0 0 3052
0 0 14720
0 0 1699
-1
-1
0 0 7702
0 0 15790
0 0 14268
1 20498 20498
0 0 6968
1 29931 29931
-1
0 0 9372
1 29723 29723
1 4024 4024
1 16279 16279
-1
1 19005 19005
0 0 11572
0 0 13456
-1
1 12079 12079
0 0 6021
-1
0 0 2496
-1
1 5517 5517
0 0 4954
-1
-1
-1
1 16157 16157
-1
0 0 9438
1 23652 23652
-1
0 0 13505
-1
0 0 1094
1 16239 16239
1 4886 4886
-1
0 0 2461
0 0 11687
-1
1 27715 27715
1 24403 24403
0 0 4585
0 0 12408
0 0 15572
1 7326 7326
0 0 12286
1 12644 12644
1 25122 25122
-1
-1
1 8634 8634
-1
-1
0 0 13625
1 6625 6625
-1
0 0 1960
1 21851 21851
1 5489 5489
1 9766 9766
-1
-1
1 28194 28194
-1
-1
1 13677 13677
0 0 6953
0 0 12864
1 30551 30551
0 0 5989
1 9092 9092
0 0 14982
0 0 5969
-1
-1
0 0 12206
1 29039 29039
0 0 15403
0 0 12498
-1
0 0 4610
0 0 3241
-1
-1
0 0 74
-1
1 21088 21088
1 19 19
0 0 1241
-1
0 0 13325
1 31096 31096
1 3286 3286
0 0 9628
-1
-1
0 0 6765
1 11953 11953
0 0 132
1 5823 5823
0 0 5695
0 0 10971
-1
0 0 3037
-1
1 32650 32650
-1
-1
1 29724 29724
0 0 5048
1 10389 10389
-1
0 0 6084
1 27441 27441
1 22772 22772
-1
1 18043 18043
1 410 410
1 9054 9054
-1
0 0 3156
-1
-1
-1
-1
0 0 6868
1 13268 13268
1 15072 15072
1 6775 6775
1 18555 18555
0 0 15674
-1
-1
-1
-1
-1
0 0 11440
1 4488 4488
1 27087 27087
0 0 10579
-1
-1
-1
1 28072 28072
0 0 12296
0 0 8731
1 4213 4213
-1
1 26190 26190
0 0 4033
0 0 15886
1 19969 19969
0 0 14266
1 28891 28891
-1
1 2523 2523
0 0 9628
0 0 3931
-1
0 0 8909
-1
0 0 12293
-1
0 0 15349
-1
0 0 14700
1 31657 31657
0 0 2013
1 6989 6989
-1
1 4436 4436
1 17083 17083
-1
-1
1 14215 14215
-1
1 6363 6363
1 8610 8610
-1
-1
-1
0 0 13052
0 0 1518
-1
0 0 169
-1
1 1670 1670
-1
1 15301 15301
1 7074 7074
-1
-1
0 0 10863
1 4770 4770
0 0 11068
0 0 13484
0 0 12640
-1
0 0 7760
1 14222 14222
1 10734 10734
1 8198 8198
1 4578 4578
-1
-1
-1
1 32264 32264
-1
-1
-1
1 15232 15232
1 6225 6225
0 0 4188
1 6718 6718
0 0 8430
1 32760 32760
1 390 390
-1
0 0 40
1 1256 1256
0 0 14534
-1
1 10295 10295
0 0 9763
-1
0 0 7871
-1
-1
-1
-1
0 0 14780
1 7747 7747
1 22659 22659
-1
0 0 8540
0 0 4864
0 0 5429
-1
0 0 11293
1 6002 6002
0 0 14368
0 0 3926
1 15755 15755
0 0 10439
0 0 10471
-1
1 19803 19803
0 0 5835
-1
-1
-1
1 3469 3469
1 10193 10193
0 0 13067
0 0 11772
1 31416 31416
0 0 4587
-1
1 1117 1117
1 21539 21539
0 0 16351
0 0 10690
-1
-1
0 0 7462
-1
0 0 7563
0 0 15834
-1
-1
-1
-1
0 0 2732
0 0 15461
0 0 4982
-1
1 2514 2514
0 0 4249
1 7579 7579
0 0 12284
-1
0 0 16126
0 0 878
0 0 14926
-1
1 7709 7709
0 0 9509
-1
1 13098 13098
1 12555 12555
-1
-1
0 0 952
-1
1 16327 16327
1 3413 3413
-1
1 26314 26314
-1
0 0 8248
-1
1 17824 17824
1 1198 1198
1 5321 5321
1 20405 20405
-1
0 0 12147
-1
0 0 14849
1 15971 15971
0 0 12525
1 16475 16475
1 22680 22680
1 14061 14061
1 16927 16927
0 0 13739
1 17103 17103
1 16130 16130
-1
-1
-1
-1
-1
1 4566 4566
1 12015 12015
0 0 8090
1 13248 13248
0 0 13337
-1
-1
-1
1 17784 17784
1 31728 31728
0 0 13174
0 0 10936
-1
0 0 8523
-1
-1
1 10979 10979
1 31646 31646
0 0 12080
-1
-1
0 0 2382
0 0 8169
-1
-1
-1
1 7686 7686
-1
0 0 4285
-1
1 9393 9393
1 18841 18841
1 23271 23271
0 0 188
0 0 8008
1 23192 23192
0 0 4984
-1
1 23527 23527
-1
1 7178 7178
1 17023 17023
1 18679 18679
-1
0 0 5876
0 0 10397
0 0 2629
-1
-1
0 0 9715
1 1645 1645
-1
-1
1 31541 31541
-1
-1
1 3274 3274
1 26301 26301
-1
0 0 5777
1 19380 19380
0 0 13245
-1
0 0 7908
0 0 5689
-1
0 0 12366
-1
-1
1 636 636
1 22935 22935
0 0 15473
0 0 2738
0 0 13845
0 0 4224
0 0 1059
0 0 11778
1 7909 7909
-1
1 9961 9961
1 3657 3657
0 0 10253
1 31687 31687
-1
-1
0 0 8912
1 13955 13955
1 10969 10969
0 0 11521
-1
1 11112 11112
-1
0 0 512
0 0 751
1 623 623
1 25072 25072
0 0 987
-1
0 0 1355
-1
1 13589 13589
0 0 8837
0 0 46
0 0 14805
1 17099 17099
-1
-1
1 26841 26841
0 0 5737
1 3794 3794
-1
-1
1 8932 8932
1 13180 13180
-1
0 0 13807
0 0 895
1 25890 25890
0 0 16230
-1
0 0 15859
1 28060 28060
0 0 8739
0 0 8972
1 928 928
-1
0 0 5404
-1
0 0 5883
-1
1 25022 25022
-1
-1
-1
1 32121 32121
-1
-1
-1
-1
0 0 7150
1 31122 31122
-1
1 10915 10915
0 0 6076
0 0 7564
0 0 12452
0 0 4531
0 0 15472
1 30766 30766
-1
-1
-1
1 25524 25524
1 8774 8774
0 0 14369
0 0 518
0 0 8680
0 0 9417
-1
1 5927 5927
1 8305 8305
1 6940 6940
0 0 9642
0 0 12766
-1
1 20869 20869
0 0 7957
0 0 15561
-1
0 0 1579
0 0 8392
0 0 2632
0 0 11714
-1
0 0 3686
-1
1 30760 30760
0 0 609
0 0 4118
-1
-1
1 12384 12384
-1
0 0 1822
1 17067 17067
0 0 6326
-1
1 30544 30544
0 0 16106
-1
0 0 7918
1 30392 30392
1 8293 8293
1 11683 11683
1 27801 27801
-1
1 32428 32428
1 496 496
-1
-1
1 28603 28603
-1
-1
0 0 12057
0 0 5620
0 0 9818
-1
1 24681 24681
1 15185 15185
0 0 1171
0 0 16288
0 0 14417
-1
-1
1 27245 27245
0 0 8876
1 2573 2573
-1
0 0 2891
-1
0 0 5493
1 5848 5848
1 9271 9271
-1
0 0 6026
-1
-1
0 0 8968
-1
-1
-1
-1
-1
0 0 629
1 2771 2771
0 0 6660
-1
0 0 4890
1 12499 12499
0 0 2322
-1
1 6585 6585
0 0 8945
1 31206 31206
0 0 2275
0 0 15223
1 5647 5647
-1
1 27417 27417
-1
1 31598 31598
-1
-1
0 0 14488
0 0 588
1 9217 9217
-1
-1
0 0 5526
1 31755 31755
0 0 10739
-1
0 0 3364
1 2059 2059
0 0 1809
0 0 16064
0 0 648
-1
-1
0 0 10523
1 3376 3376
1 29626 29626
0 0 3193
0 0 4315
1 14674 14674
-1
1 4222 4222
-1
1 31655 31655
-1
0 0 11143
0 0 1828
1 18532 18532
-1
-1
1 1966 1966
-1
-1
1 15775 15775
-1
1 21243 21243
0 0 12146
-1
1 25324 25324
-1
1 4548 4548
1 24070 24070
1 22513 22513
-1
-1
0 0 14370
1 13310 13310
1 1907 1907
-1
-1
1 19553 19553
-1
0 0 10677
0 0 3292
0 0 10600
-1
0 0 6416
1 32560 32560
0 0 11248
-1
0 0 1344
1 24856 24856
1 23951 23951
1 26735 26735
1 32555 32555
-1
1 31163 31163
1 18297 18297
-1
0 0 4181
1 2217 2217
1 26421 26421
0 0 15619
0 0 11610
-1
1 28425 28425
0 0 15250
1 30449 30449
0 0 14180
0 0 11886
1 9069 9069
0 0 12030
0 0 636
1 31645 31645
0 0 8471
0 0 2906
1 24798 24798
1 27066 27066
0 0 4910
1 21691 21691
-1
-1
0 0 16011
1 5879 5879
1 13845 13845
1 26211 26211
-1
0 0 11018
0 0 12992
0 0 14066
-1
-1
0 0 3564
-1
0 0 3079
1 5484 5484
1 24424 24424
0 0 1185
-1
0 0 13608
0 0 13036
1 2732 2732
1 10 10
-1
1 30395 30395
1 5368 5368
-1
-1
0 0 12032
1 19637 19637
0 0 10753
-1
0 0 14146
0 0 6717
0 0 12349
-1
-1
1 21342 21342
0 0 8475
0 0 146
-1
0 0 13759
-1
0 0 6011
0 0 6111
0 0 8253
-1
1 24430 24430
0 0 375
-1
-1
-1
-1
0 0 10001
-1
1 5232 5232
-1
1 28705 28705
0 0 2042
1 20723 20723
1 32120 32120
1 7847 7847
0 0 14632
-1
0 0 14600
-1
-1
1 12267 12267
0 0 7686
1 3231 3231
0 0 2664
0 0 312
1 15534 15534
1 9607 9607
-1
1 28112 28112
1 6039 6039
1 31456 31456
-1
1 18939 18939
-1
0 0 2359
0 0 1658
0 0 7699
0 0 10978
0 0 4671
0 0 903
1 9553 9553
0 0 14690
1 4696 4696
0 0 1724
1 8374 8374
-1
-1
0 0 15427
0 0 2348
1 10776 10776
0 0 1370
0 0 7003
0 0 8896
0 0 6143
-1
-1
-1
1 32407 32407
1 16701 16701
-1
-1
-1
0 0 2061
0 0 11950
0 0 4904
0 0 2279
0 0 5617
-1
0 0 1679
-1
-1
-1
-1
-1
1 16605 16605
1 17340 17340
-1
0 0 6193
-1
1 7654 7654
0 0 1286
-1
-1
-1
-1
0 0 6603
-1
1 16493 16493
0 0 9820
-1
-1
-1
1 18730 18730
1 28710 28710
-1
0 0 7556
0 0 729
-1
-1
0 0 8120
-1
1 7618 7618
1 16105 16105
0 0 7609
1 6306 6306
-1
1 241 241
-1
1 13250 13250
1 27223 27223
0 0 14688
-1
1 9579 9579
0 0 12879
0 0 8117
0 0 921
-1
-1
0 0 13123
-1
1 22578 22578
1 26447 26447
1 29365 29365
-1
1 14379 14379
1 18268 18268
-1
-1
1 14686 14686
1 30241 30241
1 21190 21190
0 0 8348
0 0 16049
1 21223 21223
1 15735 15735
1 8394 8394
1 32146 32146
1 29408 29408
0 0 3049
0 0 11202
1 2444 2444
0 0 2511
0 0 645
-1
-1
0 0 3789
-1
0 0 2484
0 0 3287
-1
-1
-1
0 0 8051
0 0 12878
-1
0 0 13729
1 7949 7949
1 16262 16262
0 0 15016
0 0 9691
1 21139 21139
1 13428 13428
1 2741 2741
-1
-1
1 22481 22481
-1
-1
1 5724 5724
0 0 9206
-1
1 21385 21385
-1
1 8059 8059
0 0 9285
1 12658 12658
1 19494 19494
0 0 15370
1 31895 31895
0 0 9720
0 0 15750
0 0 15961
0 0 12640
1 16030 16030
0 0 8459
-1
-1
0 0 10271
-1
0 0 13810
0 0 7474
0 0 13980
0 0 4425
1 2531 2531
-1
-1
0 0 7991
-1
0 0 1988
-1
-1
1 1253 1253
-1
1 17742 17742
-1
1 16684 16684
1 2690 2690
0 0 15865
0 0 15617
0 0 14245
1 11132 11132
0 0 6147
1 32381 32381
0 0 12205
-1
1 15433 15433
1 25344 25344
0 0 13487
-1
-1
0 0 7357
0 0 4059
0 0 15943
0 0 16194
1 15005 15005
1 4527 4527
-1
0 0 4054
0 0 4656
1 7664 7664
1 7561 7561
-1
1 10366 10366
-1
0 0 11495
0 0 11785
1 27382 27382
0 0 13816
-1
1 14809 14809
-1
-1
-1
1 32494 32494
-1
1 25062 25062
1 3604 3604
1 25901 25901
1 25316 25316
1 18257 18257
-1
0 0 15565
-1
0 0 14111
-1
0 0 2924
-1
1 10007 10007
-1
-1
0 0 3362
0 0 13011
1 11057 11057
0 0 5324
-1
-1
-1
1 1816 1816
0 0 1316
1 21257 21257
0 0 16233
1 8809 8809
-1
0 0 12404
0 0 2575
0 0 7154
1 4245 4245
0 0 9163
-1
0 0 68
1 17153 17153
0 0 6312
0 0 13732
-1
-1
-1
1 27940 27940
1 3444 3444
0 0 9191
-1
0 0 4463
-1
1 14682 14682
1 2592 2592
-1
0 0 5748
-1
0 0 3564
0 0 3081
-1
-1
-1
-1
0 0 5745
-1
-1
-1
-1
0 0 10462
-1
1 21120 21120
1 5533 5533
-1
-1
-1
-1
-1
0 0 13364
-1
-1
0 0 4028
1 10172 10172
1 24900 24900
-1
1 23267 23267
1 11934 11934
-1
0 0 8904
-1
1 10498 10498
1 26123 26123
0 0 2930
-1
-1
0 0 9726
0 0 2113
0 0 14926
1 19578 19578
-1
0 0 4738
-1
-1
-1
1 27562 27562
0 0 13430
1 5747 5747
1 10376 10376
0 0 1385
-1
1 31373 31373
1 12564 12564
1 12933 12933
-1
-1
0 0 6644
-1
-1
0 0 6960
1 30350 30350
1 23249 23249
0 0 6399
1 30295 30295
0 0 14280
0 0 3349
0 0 4903
0 0 6503
1 19714 19714
1 17547 17547
0 0 3366
1 19485 19485
-1
-1
-1
1 11264 11264
1 6661 6661
1 2543 2543
-1
0 0 13323
-1
1 13521 13521
-1
-1
0 0 1462
1 20346 20346
0 0 9108
1 26065 26065
-1
1 14643 14643
1 19019 19019
1 17576 17576
-1
-1
-1
0 0 14220
0 0 15602
0 0 14168
1 9001 9001
-1
0 0 11775
1 60 60
0 0 12147
-1
-1
1 29029 29029
0 0 12880
1 16065 16065
-1
1 14252 14252
1 24256 24256
0 0 14691
1 32384 32384
0 0 16344
-1
-1
-1
-1
0 0 15576
0 0 11267
1 10988 10988
-1
1 2730 2730
0 0 7769
1 18933 18933
0 0 11277
-1
1 16008 16008
1 2631 2631
0 0 8667
1 16007 16007
-1
1 1585 1585
1 15061 15061
1 29611 29611
-1
0 0 1795
1 29038 29038
0 0 3272
0 0 8819
1 20131 20131
-1
0 0 14688
-1
-1
1 15022 15022
0 0 773
1 11313 11313
-1
1 21116 21116
-1
0 0 7596
0 0 15589
-1
0 0 6461
0 0 8417
0 0 11745
1 20133 20133
0 0 8329
-1
0 0 13052
0 0 1087
0 0 12499
-1
-1
1 11158 11158
-1
1 31087 31087
0 0 3950
-1
-1
0 0 216
0 0 14718
0 0 3911
1 11900 11900
-1
-1
1 29965 29965
0 0 3138
0 0 10323
0 0 11647
-1
0 0 6447
1 11013 11013
0 0 6388
-1
-1
0 0 7051
-1
1 24262 24262
-1
-1
-1
-1
0 0 6884
1 3824 3824
1 8505 8505
-1
1 4787 4787
0 0 11969
1 27538 27538
0 0 4280
1 232 232
0 0 15407
1 23130 23130
1 9780 9780
-1
0 0 3280
1 20911 20911
-1
-1
-1
0 0 15256
-1
0 0 3458
0 0 295
1 2179 2179
1 28087 28087
1 23925 23925
1 16367 16367
-1
0 0 6112
1 27342 27342
1 9564 9564
-1
1 24140 24140
1 9262 9262
1 3499 3499
0 0 13895
0 0 9801
1 16247 16247
1 28371 28371
0 0 9394
-1
0 0 13031
-1
-1
0 0 11561
1 25122 25122
1 30978 30978
1 7323 7323
0 0 12918
1 24477 24477
1 2796 2796
-1
1 27262 27262
0 0 7194
-1
0 0 14702
0 0 6392
0 0 10638
1 16267 16267
1 20624 20624
1 10450 10450
0 0 2473
-1
1 12639 12639
1 3540 3540
1 22037 22037
0 0 11005
-1
-1
0 0 178
-1
-1
1 8628 8628
0 0 4420
0 0 12339
0 0 5013
0 0 8468
-1
1 2479 2479
-1
-1
0 0 13150
-1
-1
0 0 9202
1 23343 23343
-1
0 0 4890
-1
0 0 2716
-1
1 886 886
-1
0 0 12281
1 18823 18823
-1
1 27164 27164
0 0 6751
-1
1 16667 16667
0 0 3735
-1
1 17960 17960
-1
1 22029 22029
1 12372 12372
-1
-1
0 0 4731
1 944 944
1 22249 22249
-1
-1
1 10047 10047
1 29187 29187
-1
-1
0 0 2714
-1
1 6091 6091
0 0 13626
1 15621 15621
1 28688 28688
0 0 11233
-1
0 0 14582
0 0 5791
-1
0 0 4402
-1
0 0 10282
0 0 4713
1 6521 6521
1 18878 18878
1 17069 17069
-1
-1
0 0 9273
1 5888 5888
1 7955 7955
0 0 1279
1 22735 22735
-1
1 5237 5237
1 9548 9548
-1
1 24189 24189
-1
0 0 5925
1 14211 14211
1 19602 19602
0 0 15984
1 23871 23871
0 0 4578
-1
-1
1 19738 19738
0 0 5440
1 5730 5730
-1
0 0 4854
-1
-1
-1
0 0 11190
-1
1 22894 22894
0 0 10862
-1
-1
0 0 4081
1 19537 19537
-1
0 0 3732
1 5121 5121
0 0 2765
0 0 3606
0 0 7349
-1
1 25849 25849
1 9673 9673
0 0 10670
0 0 8532
0 0 9561
0 0 9308
1 25269 25269
0 0 12627
-1
0 0 14214
0 0 5495
-1
0 0 11949
0 0 4602
0 0 7395
-1
-1
0 0 10019
1 30145 30145
-1
-1
-1
0 0 7762
1 13866 13866
-1
1 14260 14260
-1
1 23135 23135
1 24942 24942
-1
0 0 11977
1 18829 18829
0 0 6328
-1
1 14848 14848
-1
-1
0 0 1554
-1
1 17624 17624
-1
1 32088 32088
-1
-1
0 0 10302
0 0 1503
1 26617 26617
0 0 10363
-1
-1
-1
1 677 677
0 0 1255
1 12824 12824
1 19257 19257
0 0 3723
1 7072 7072
0 0 10097
-1
0 0 1317
0 0 11927
1 22415 22415
1 24607 24607
0 0 5970
0 0 10111
1 4511 4511
0 0 15959
0 0 5558
-1
0 0 9055
-1
0 0 6310
0 0 16377
0 0 12190
0 0 9260
0 0 12652
1 15918 15918
1 3207 3207
1 4397 4397
-1
1 10194 10194
1 950 950
-1
-1
1 12918 12918
0 0 9217
1 18720 18720
1 22502 22502
0 0 7192
1 1355 1355
-1
1 28417 28417
1 11807 11807
0 0 15688
0 0 1318
-1
0 0 13681
-1
1 27814 27814
-1
1 32032 32032
1 22475 22475
0 0 13979
0 0 9635
-1
1 15352 15352
0 0 13291
1 4653 4653
-1
1 5521 5521
1 7844 7844
-1
0 0 13293
-1
1 18562 18562
0 0 3558
-1
0 0 7679
-1
0 0 5357
-1
0 0 4373
1 24530 24530
0 0 2530
0 0 7359
-1
1 25948 25948
0 0 7191
0 0 14639
0 0 5323
1 6953 6953
0 0 11600
-1
0 0 12099
1 2416 2416
-1
-1
1 31436 31436
1 21549 21549
1 7982 7982
-1
1 22042 22042
-1
-1
0 0 12555
-1
0 0 4193
0 0 5949
-1
1 19786 19786
-1
1 5682 5682
1 11620 11620
-1
-1
-1
0 0 4677
1 6003 6003
-1
1 17186 17186
-1
1 18496 18496
1 22902 22902
0 0 11362
-1
0 0 7449
1 15389 15389
0 0 10852
1 26121 26121
1 17144 17144
-1
0 0 14990
1 23318 23318
-1
0 0 9643
0 0 11273
0 0 12773
1 17387 17387
1 2412 2412
1 32485 32485
0 0 4623
1 31526 31526
0 0 11681
0 0 12311
0 0 68
0 0 13866
-1
0 0 1335
-1
1 28629 28629
-1
-1
-1
0 0 5080
-1
0 0 5410
-1
0 0 1287
1 7804 7804
0 0 9575
1 25224 25224
1 31677 31677
0 0 11316
1 16181 16181
0 0 13247
1 31406 31406
-1
-1
0 0 15642
0 0 11324
1 13248 13248
1 18508 18508
-1
1 1234 1234
0 0 10617
1 2832 2832
0 0 15064
0 0 13326
0 0 1914
1 13015 13015
0 0 14167
1 19927 19927
-1
1 1445 1445
1 4818 4818
-1
1 2670 2670
-1
0 0 11426
1 11611 11611
0 0 1254
0 0 15789
1 10157 10157
0 0 9773
0 0 14695
-1
1 18615 18615
0 0 16028
1 14356 14356
0 0 13709
1 29333 29333
0 0 13398
0 0 2175
0 0 759
0 0 11965
0 0 13511
-1
-1
-1
-1
1 31264 31264
-1
1 22597 22597
1 16570 16570
1 13169 13169
-1
1 3366 3366
1 17898 17898
0 0 12236
0 0 14893
1 27145 27145
-1
-1
-1
-1
-1
1 24335 24335
1 7406 7406
1 1022 1022
-1
1 9622 9622
-1
-1
0 0 13797
0 0 10547
0 0 14727
1 10135 10135
0 0 13390
1 25672 25672
1 20606 20606
-1
0 0 14507
1 8133 8133
-1
1 13962 13962
1 6077 6077
1 19884 19884
0 0 8701
0 0 10920
1 29491 29491
-1
0 0 12728
1 17100 17100
-1
0 0 4130
0 0 11390
0 0 8308
1 4636 4636
1 32362 32362
1 18188 18188
0 0 12105
0 0 10119
1 11994 11994
0 0 57
-1
-1
0 0 13469
1 2794 2794
0 0 13864
-1
-1
1 12684 12684
0 0 746
0 0 9892
1 293 293
0 0 5036
1 28350 28350
1 25120 25120
1 4169 4169
-1
1 22671 22671
1 15941 15941
1 6543 6543
1 4835 4835
-1
-1
1 15853 15853
-1
-1
1 5570 5570
0 0 14607
1 4695 4695
1 23989 23989
1 15577 15577
1 32032 32032
-1
0 0 13822
-1
-1
1 2242 2242
1 16617 16617
1 29350 29350
-1
-1
-1
1 626 626
-1
-1
-1
1 28451 28451
0 0 8772
-1
0 0 8723
0 0 7983
0 0 12396
1 24048 24048
-1
1 11758 11758
-1
0 0 984
0 0 3551
-1
0 0 3510
1 27150 27150
1 18086 18086
0 0 5746
1 31145 31145
1 12829 12829
1 28853 28853
1 3859 3859
1 7198 7198
-1
0 0 15696
1 15395 15395
0 0 14073
1 148 148
-1
0 0 11274
0 0 7689
-1
0 0 8440
1 19975 19975
0 0 14805
1 12928 12928
0 0 681
1 19137 19137
-1
1 24539 24539
-1
-1
0 0 11817
-1
-1
-1
0 0 3531
1 31089 31089
1 7845 7845
1 20080 20080
-1
0 0 9944
-1
-1
1 23216 23216
1 25446 25446
1 11957 11957
1 7409 7409
0 0 2280
-1
-1
1 21870 21870
1 22560 22560
1 8455 8455
1 26478 26478
1 19978 19978
-1
1 7190 7190
-1
1 31403 31403
1 6732 6732
-1
0 0 12131
-1
0 0 10185
0 0 4282
0 0 4374
-1
1 21465 21465
-1
-1
1 4284 4284
0 0 12608
1 6680 6680
1 13323 13323
1 1207 1207
1 13228 13228
1 30387 30387
-1
0 0 2599
1 6848 6848
-1
-1
0 0 8416
1 13545 13545
0 0 6274
-1
-1
-1
-1
1 32110 32110
-1
1 28405 28405
1 13636 13636
-1
0 0 732
0 0 7745
0 0 9039
0 0 2926
0 0 16037
0 0 12987
-1
0 0 14439
1 8968 8968
0 0 12456
-1
0 0 9875
-1
-1
1 23804 23804
0 0 3452
1 24957 24957
1 16898 16898
-1
0 0 3824
-1
-1
0 0 15975
-1
1 11891 11891
1 32477 32477
0 0 13550
1 20189 20189
-1
1 16361 16361
-1
0 0 12956
1 10630 10630
1 31846 31846
-1
-1
-1
1 12718 12718
1 26148 26148
-1
1 29845 29845
1 13154 13154
-1
-1
0 0 6654
0 0 7409
0 0 2240
0 0 7892
1 955 955
-1
-1
0 0 5312
1 17486 17486
1 30120 30120
1 4005 4005
-1
0 0 13995
0 0 15107
0 0 6728
-1
1 2075 2075
-1
0 0 13967
1 2288 2288
-1
0 0 5181
-1
-1
1 24353 24353
-1
1 1209 1209
1 32305 32305
0 0 6736
1 502 502
1 25800 25800
-1
1 4956 4956
0 0 1230
1 20354 20354
1 12215 12215
1 14922 14922
1 4220 4220
-1
0 0 7637
1 10506 10506
0 0 3599
1 13511 13511
1 1847 1847
1 2652 2652
-1
1 7030 7030
1 16062 16062
0 0 5971
1 23470 23470
-1
-1
0 0 2874
-1
0 0 16152
1 22996 22996
-1
-1
0 0 14748
-1
-1
0 0 6950
0 0 14976
1 21824 21824
0 0 11121
1 14529 14529
-1
1 18019 18019
0 0 564
1 27189 27189
1 16146 16146
1 12696 12696
1 6589 6589
-1
0 0 15291
1 19420 19420
1 5313 5313
1 10499 10499
1 29137 29137
0 0 15320
1 11514 11514
0 0 1152
0 0 12468
-1
0 0 12041
-1
1 18667 18667
1 2206 2206
-1
1 627 627
-1
1 28876 28876
-1
0 0 15570
1 30286 30286
0 0 14042
0 0 15081
1 30865 30865
1 5370 5370
1 5869 5869
1 8536 8536
-1
0 0 14610
1 10381 10381
1 7593 7593
1 31612 31612
0 0 4472
-1
-1
0 0 7082
0 0 9584
1 760 760
-1
-1
1 24153 24153
1 13578 13578
1 28706 28706
1 29288 29288
-1
-1
1 26264 26264
-1
0 0 5759
0 0 12951
-1
-1
-1
1 1825 1825
-1
1 14922 14922
-1
0 0 15179
-1
1 8413 8413
0 0 14383
0 0 16100
1 31757 31757
0 0 15217
-1
1 13810 13810
1 28332 28332
-1
1 31203 31203
1 19927 19927
0 0 9981
1 14530 14530
-1
0 0 12317
-1
1 19398 19398
0 0 13077
1 23139 23139
0 0 4216
-1
1 3780 3780
-1
0 0 15211
-1
-1
1 11970 11970
-1
-1
0 0 945
-1
-1
1 12364 12364
1 15610 15610
1 20105 20105
0 0 7700
0 0 7649
1 8523 8523
1 26083 26083
-1
-1
1 4634 4634
-1
-1
-1
0 0 13063
-1
0 0 6216
0 0 10187
1 16178 16178
1 14304 14304
-1
-1
1 28022 28022
0 0 12080
1 25636 25636
-1
0 0 12438
1 12762 12762
1 24468 24468
1 18555 18555
0 0 5832
-1
0 0 4291
1 28366 28366
1 6970 6970
-1
0 0 4767
0 0 9646
-1
0 0 5984
-1
0 0 12875
-1
0 0 2987
0 0 4749
-1
-1
-1
-1
0 0 2957
1 25468 25468
1 29890 29890
0 0 14964
-1
1 29779 29779
0 0 5847
-1
-1
1 10059 10059
-1
0 0 2642
0 0 7097
1 187 187
-1
-1
1 5538 5538
1 3679 3679
0 0 3023
0 0 8005
0 0 13177
0 0 1259
0 0 6887
0 0 9103
1 15857 15857
1 2854 2854
1 12408 12408
1 14104 14104
0 0 11257
1 19251 19251
0 0 4191
0 0 10465
0 0 15815
1 30283 30283
0 0 10021
0 0 3717
1 26398 26398
1 3741 3741
-1
1 3073 3073
-1
1 24253 24253
1 16237 16237
1 14685 14685
-1
0 0 15889
-1
-1
1 7688 7688
0 0 11476
1 2674 2674
-1
1 4032 4032
-1
-1
0 0 4354
0 0 151
1 21114 21114
0 0 7959
-1
1 4035 4035
1 11504 11504
-1
0 0 5729
0 0 2843
-1
1 16826 16826
1 14403 14403
0 0 3457
0 0 13258
1 19444 19444
1 25872 25872
0 0 10098
-1
-1
0 0 8831
1 7010 7010
1 23302 23302
1 24423 24423
0 0 14340
1 16704 16704
-1
1 28108 28108
0 0 12134
1 1802 1802
0 0 6985
1 21363 21363
-1
1 30605 30605
-1
-1
-1
0 0 6190
0 0 13285
-1
-1
-1
0 0 6715
-1
-1
0 0 2816
0 0 13627
0 0 12982
1 5599 5599
-1
1 11934 11934
-1
0 0 14180
-1
1 6309 6309
1 6149 6149
0 0 7637
0 0 15429
-1
0 0 3958
0 0 6689
0 0 9990
0 0 15698
0 0 14917
1 28530 28530
-1
-1
1 11361 11361
-1
0 0 9600
1 5888 5888
-1
1 21460 21460
0 0 2445
1 26194 26194
0 0 5541
-1
-1
1 17029 17029
1 30580 30580
1 19886 19886
-1
1 28045 28045
0 0 5759
0 0 5885
1 25850 25850
0 0 14368
1 13441 13441
-1
1 32040 32040
1 11485 11485
-1
1 22256 22256
0 0 4869
1 385 385
1 26832 26832
0 0 8252
0 0 12632
-1
0 0 5037
-1
1 12527 12527
-1
1 30807 30807
1 7782 7782
-1
-1
0 0 11766
-1
-1
1 23296 23296
1 18249 18249
-1
1 20836 20836
1 27344 27344
1 11036 11036
1 14803 14803
-1
0 0 11916
0 0 1294
0 0 7246
-1
0 0 15515
0 0 4032
-1
-1
1 22122 22122
0 0 2754
0 0 11184
0 0 5371
-1
0 0 9717
0 0 6562
0 0 14771
1 32640 32640
1 11896 11896
-1
0 0 11236
1 8150 8150
-1
-1
-1
-1
1 23084 23084
0 0 10150
0 0 969
1 6567 6567
-1
-1
0 0 3869
-1
0 0 5898
1 10350 10350
1 4952 4952
1 11766 11766
0 0 13497
1 24820 24820
-1
1 17567 17567
-1
0 0 436
1 18783 18783
0 0 4759
1 18258 18258
0 0 15065
-1
0 0 6053
0 0 10956
-1
-1
-1
1 10019 10019
1 7308 7308
-1
0 0 7453
-1
0 0 7118
-1
-1
0 0 11933
1 21632 21632
-1
0 0 4543
1 30124 30124
-1
1 22380 22380
0 0 1836
-1
0 0 2917
1 24673 24673
0 0 11184
-1
1 21457 21457
1 18985 18985
-1
1 1743 1743
0 0 4980
1 4855 4855
0 0 8248
0 0 12667
-1
0 0 5920
0 0 4277
1 31799 31799
1 25239 25239
0 0 14752
1 6010 6010
0 0 3854
-1
-1
1 6419 6419
1 27578 27578
-1
0 0 10386
0 0 6597
-1
1 26370 26370
-1
1 7583 7583
0 0 12662
0 0 7020
0 0 1124
-1
0 0 4443
-1
-1
1 27006 27006
0 0 7121
0 0 12051
1 21134 21134
1 3636 3636
1 3027 3027
-1
0 0 932
1 7516 7516
0 0 11257
0 0 14141
1 4893 4893
1 25126 25126
-1
-1
-1
-1
1 6704 6704
1 30926 30926
0 0 5548
1 17876 17876
1 1205 1205
0 0 14882
-1
0 0 3973
-1
-1
1 18537 18537
-1
0 0 4818
1 24257 24257
-1
1 32116 32116
1 18188 18188
0 0 14679
1 13231 13231
0 0 6633
-1
0 0 3528
0 0 12352
1 1297 1297
1 14227 14227
-1
0 0 4457
0 0 8895
1 27976 27976
0 0 711
-1
-1
-1
0 0 88
1 1976 1976
0 0 2764
-1
-1
1 30356 30356
0 0 2797
1 4478 4478
1 4767 4767
-1
1 7023 7023
0 0 3487
0 0 15333
1 12629 12629
1 24991 24991
0 0 12581
1 31678 31678
1 1947 1947
1 3214 3214
1 17671 17671
0 0 10369
0 0 2454
1 31691 31691
0 0 11309
-1
0 0 465
0 0 5729
-1
0 0 3247
0 0 879
-1
0 0 9728
1 24764 24764
0 0 11200
0 0 3853
1 24887 24887
0 0 4989
-1
0 0 8870
1 19920 19920
0 0 3691
0 0 10540
0 0 6257
-1
1 29235 29235
-1
-1
1 30369 30369
-1
-1
0 0 6611
-1
1 26022 26022
1 14474 14474
-1
1 14216 14216
0 0 16090
0 0 11111
-1
-1
1 11824 11824
-1
0 0 15598
0 0 5356
1 4144 4144
1 19444 19444
1 6809 6809
-1
0 0 1399
-1
0 0 6226
1 24361 24361
1 11847 11847
1 24361 24361
0 0 12688
1 13185 13185
1 7485 7485
1 18078 18078
1 10128 10128
1 12621 12621
1 2165 2165
1 3281 3281
0 0 557
-1
0 0 7260
0 0 5357
0 0 12709
-1
0 0 5308
0 0 16073
1 29713 29713
1 27890 27890
1 13121 13121
1 19993 19993
0 0 3936
0 0 11860
-1
1 22097 22097
-1
-1
1 13553 13553
-1
1 6945 6945
0 0 4452
1 3631 3631
0 0 1049
1 15724 15724
-1
1 2086 2086
-1
-1
0 0 16328
0 0 15694
0 0 4174
0 0 3317
0 0 7715
0 0 13502
0 0 46
0 0 11592
-1
0 0 4010
0 0 3225
0 0 13645
0 0 10915
1 22483 22483
-1
0 0 1949
-1
1 31312 31312
0 0 5100
0 0 3652
1 18716 18716
1 25669 25669
0 0 7546
0 0 1024
1 13805 13805
1 17359 17359
0 0 1883
1 2819 2819
1 5499 5499
0 0 280
1 32623 32623
1 21843 21843
-1
0 0 7974
0 0 13848
-1
1 26713 26713
0 0 11160
1 5457 5457
-1
-1
1 1672 1672
0 0 1397
1 4624 4624
0 0 14325
1 2853 2853
0 0 5550
-1
-1
0 0 12734
1 12747 12747
-1
1 10918 10918
-1
0 0 10829
1 14982 14982
1 30168 30168
1 5735 5735
1 29685 29685
-1
-1
1 6810 6810
0 0 11302
0 0 5537
-1
-1
-1
1 16543 16543
1 9385 9385
1 8469 8469
-1
0 0 53
0 0 5790
1 18005 18005
0 0 14847
0 0 2777
-1
0 0 15931
0 0 14513
0 0 12277
0 0 7085
1 30993 30993
-1
-1
-1
0 0 2030
0 0 13641
0 0 6903
1 32714 32714
0 0 1692
-1
-1
1 27439 27439
-1
-1
1 1254 1254
-1
1 22343 22343
-1
-1
1 9848 9848
-1
1 8081 8081
-1
1 23337 23337
0 0 765
1 13740 13740
1 24768 24768
1 4381 4381
1 6921 6921
0 0 13397
1 26272 26272
1 17028 17028
1 29262 29262
1 29677 29677
-1
1 27539 27539
1 19105 19105
-1
-1
-1
-1
-1
0 0 11273
0 0 2887
1 9103 9103
1 28971 28971
-1
-1
-1
1 2604 2604
-1
1 25349 25349
1 1646 1646
0 0 942
-1
-1
1 11447 11447
0 0 14490
-1
1 25131 25131
0 0 2830
-1
0 0 757
-1
0 0 9017
0 0 10063
1 32573 32573
-1
0 0 987
0 0 6204
-1
1 9920 9920
1 17538 17538
0 0 5191
-1
1 24220 24220
1 29337 29337
-1
0 0 10277
-1
1 3425 3425
-1
0 0 9265
0 0 1992
-1
1 4761 4761
1 21552 21552
0 0 7930
1 25036 25036
1 2006 2006
-1
1 31368 31368
0 0 11895
-1
1 28937 28937
1 27575 27575
0 0 5728
-1
0 0 4432
1 8696 8696
1 18011 18011
-1
0 0 7937
0 0 7970
0 0 10686
0 0 2714
-1
1 10391 10391
-1
0 0 13129
1 10380 10380
1 22130 22130
0 0 701
1 18098 18098
-1
1 8537 8537
1 5000 5000
0 0 11588
1 17487 17487
0 0 5802
1 3194 3194
0 0 3433
0 0 12153
1 24434 24434
0 0 3937
1 21134 21134
0 0 3485
0 0 12833
0 0 3643
1 11646 11646
-1
-1
-1
1 22184 22184
-1
-1
1 9134 9134
1 9943 9943
1 18385 18385
0 0 3296
-1
0 0 12685
0 0 10432
-1
1 6812 6812
1 2884 2884
0 0 5369
0 0 9936
1 16157 16157
0 0 7221
1 25587 25587
0 0 301
1 21504 21504
0 0 1461
0 0 15385
-1
-1
1 11103 11103
1 14274 14274
-1
0 0 9834
1 21549 21549
0 0 10062
0 0 15339
0 0 683
-1
0 0 11021
0 0 976
-1
-1
1 30590 30590
0 0 2988
-1
-1
-1
0 0 13410
1 9222 9222
1 16481 16481
-1
-1
0 0 8497
1 17791 17791
-1
-1
0 0 4047
1 31451 31451
1 12573 12573
-1
-1
1 946 946
0 0 7407
1 8059 8059
-1
1 19463 19463
-1
0 0 9690
-1
-1
1 19229 19229
-1
1 25786 25786
0 0 16132
0 0 14908
-1
0 0 3203
0 0 1800
1 8839 8839
-1
0 0 7292
-1
1 18163 18163
0 0 1365
0 0 15948
-1
-1
-1
-1
-1
1 29941 29941
-1
-1
0 0 8803
-1
-1
1 3209 3209
1 1610 1610
-1
0 0 2967
0 0 200
0 0 13100
0 0 4066
0 0 15242
1 9236 9236
1 1562 1562
-1
1 3284 3284
-1
0 0 1919
1 12569 12569
-1
-1
-1
-1
1 17900 17900
1 3327 3327
-1
1 121 121
0 0 1000
0 0 4113
-1
1 28409 28409
0 0 3286
-1
0 0 3055
0 0 15848
1 141 141
1 19040 19040
1 13369 13369
1 18010 18010
-1
1 31944 31944
1 27618 27618
1 22351 22351
-1
0 0 8403
-1
1 17231 17231
1 3895 3895
-1
-1
-1
0 0 6995
1 8822 8822
0 0 14265
1 31077 31077
-1
0 0 10602
0 0 8757
1 16046 16046
-1
1 25481 25481
-1
1 2665 2665
1 3102 3102
-1
1 26168 26168
0 0 12564
1 14439 14439
1 9695 9695
-1
1 30311 30311
-1
-1
1 12542 12542
-1
0 0 15185
0 0 601
1 5481 5481
0 0 13782
1 13064 13064
0 0 14390
-1
-1
0 0 7354
0 0 12992
1 4921 4921
0 0 2916
1 44 44
1 27995 27995
0 0 1379
1 7335 7335
-1
-1
0 0 786
0 0 14658
0 0 5455
0 0 2909
1 22803 22803
-1
-1
-1
1 28692 28692
0 0 3064
1 23510 23510
-1
0 0 14198
0 0 7688
-1
0 0 14906
1 24360 24360
1 3672 3672
1 7560 7560
1 17785 17785
-1
-1
-1
0 0 2186
1 15817 15817
1 6984 6984
-1
-1
0 0 8011
1 15780 15780
0 0 7824
1 29920 29920
-1
0 0 2374
1 14957 14957
1 24719 24719
1 22961 22961
0 0 15595
0 0 15487
0 0 10602
1 8320 8320
0 0 4891
0 0 11557
0 0 3302
-1
0 0 6116
0 0 14372
0 0 11288
-1
-1
1 13302 13302
0 0 14323
-1
-1
0 0 9705
1 31856 31856
1 99 99
1 8739 8739
1 25188 25188
1 23929 23929
-1
0 0 627
0 0 1625
1 20816 20816
-1
-1
1 16586 16586
0 0 4018
-1
0 0 10453
1 23612 23612
1 21197 21197
-1
-1
0 0 7502
-1
1 31296 31296
-1
0 0 11778
-1
-1
0 0 6088
1 7058 7058
0 0 8057
0 0 7187
-1
1 30179 30179
1 16084 16084
0 0 5667
1 1691 1691
1 24477 24477
0 0 6344
1 5004 5004
1 5548 5548
0 0 5621
1 1175 1175
-1
0 0 13233
0 0 378
1 17018 17018
-1
0 0 6890
0 0 13367
-1
1 7321 7321
0 0 6907
-1
0 0 5349
1 31269 31269
1 10789 10789
1 19976 19976
0 0 11336
1 5059 5059
1 1184 1184
1 14748 14748
0 0 8432
0 0 7633
0 0 3334
-1
1 12160 12160
-1
0 0 12791
0 0 2890
-1
-1
1 21302 21302
1 6152 6152
1 30200 30200
-1
0 0 6488
0 0 791
-1
-1
1 6545 6545
-1
0 0 7418
1 2756 2756
0 0 14072
1 13788 13788
0 0 9233
0 0 11246
-1
1 25489 25489
0 0 8666
-1
-1
-1
1 18414 18414
0 0 15008
-1
-1
-1
1 17646 17646
-1
-1
0 0 5896
0 0 1701
-1
-1
1 19632 19632
1 24689 24689
0 0 12661
0 0 2011
1 12901 12901
-1
1 12323 12323
1 28857 28857
0 0 10194
0 0 8877
-1
-1
-1
1 3238 3238
-1
-1
-1
0 0 2919
-1
1 28155 28155
1 24668 24668
1 28225 28225
1 9215 9215
0 0 11084
0 0 7256
1 5169 5169
-1
0 0 9055
0 0 10876
1 24342 24342
-1
0 0 1531
-1
0 0 13460
-1
1 9419 9419
0 0 3805
0 0 1909
1 27848 27848
-1
1 1470 1470
1 32154 32154
1 9817 9817
-1
0 0 5857
-1
0 0 223
0 0 5915
-1
-1
-1
0 0 1896
1 23146 23146
0 0 14321
0 0 14707
1 11906 11906
-1
1 4542 4542
1 8597 8597
1 27250 27250
0 0 5544
-1
1 14574 14574
0 0 10019
0 0 916
-1
-1
1 2735 2735
1 10834 10834
-1
1 706 706
0 0 15853
1 4991 4991
0 0 4706
-1
-1
1 13195 13195
1 8304 8304
1 1424 1424
0 0 12009
-1
-1
0 0 2347
0 0 15753
-1
-1
1 19651 19651
1 8961 8961
-1
1 20182 20182
-1
0 0 3697
0 0 10284
0 0 13665
1 2570 2570
0 0 10559
0 0 15541
-1
1 16800 16800
1 18082 18082
1 1896 1896
-1
0 0 12968
-1
-1
1 27673 27673
-1
1 10694 10694
1 12196 12196
0 0 6392
-1
1 9716 9716
-1
0 0 553
0 0 3634
-1
-1
1 29199 29199
-1
1 24919 24919
-1
0 0 3675
1 1340 1340
0 0 2472
1 9042 9042
1 5923 5923
-1
0 0 10990
1 28164 28164
0 0 10742
-1
1 7650 7650
-1
1 9203 9203
-1
1 29654 29654
0 0 10621
-1
-1
1 2604 2604
0 0 4262
-1
-1
0 0 12782
1 10998 10998
-1
0 0 766
-1
1 27351 27351
-1
0 0 5932
-1
0 0 6842
1 3235 3235
1 29690 29690
-1
0 0 8637
0 0 2587
-1
1 21919 21919
1 19510 19510
-1
0 0 13264
-1
-1
1 24741 24741
-1
0 0 2274
-1
0 0 12320
0 0 14847
1 30321 30321
1 18374 18374
0 0 8500
0 0 14638
1 13515 13515
-1
0 0 12530
-1
-1
1 998 998
1 17859 17859
1 7313 7313
1 12421 12421
0 0 14989
0 0 14317
-1
-1
1 4116 4116
1 15165 15165
1 30837 30837
1 3849 3849
0 0 7583
1 19144 19144
1 16804 16804
-1
-1
1 1946 1946
-1
0 0 8533
0 0 9226
-1
1 15455 15455
-1
-1
-1
1 5950 5950
-1
1 8921 8921
-1
1 25810 25810
0 0 9143
-1
-1
-1
-1
-1
1 22426 22426
1 5002 5002
1 25364 25364
-1
-1
-1
0 0 16300
1 8801 8801
1 20957 20957
1 28499 28499
1 15353 15353
-1
1 16913 16913
-1
0 0 2531
-1
1 25618 25618
1 15676 15676
1 1940 1940
-1
1 19752 19752
-1
1 17595 17595
1 24768 24768
-1
1 12432 12432
1 23448 23448
0 0 1906
-1
1 5152 5152
1 1548 1548
0 0 8767
0 0 2706
-1
0 0 16126
-1
0 0 5648
-1
-1
0 0 5230
1 19725 19725
1 23535 23535
1 13555 13555
0 0 782
-1
0 0 2116
1 21080 21080
0 0 5737
-1
1 29140 29140
1 5875 5875
1 12435 12435
0 0 9154
0 0 2743
1 32317 32317
-1
1 9746 9746
-1
0 0 11608
-1
1 30227 30227
0 0 506
1 7249 7249
-1
0 0 7389
0 0 5573
-1
-1
-1
-1
1 14764 14764
1 13806 13806
1 23958 23958
0 0 6491
0 0 12733
1 9845 9845
-1
1 13008 13008
0 0 1488
1 11052 11052
0 0 198
-1
0 0 920
0 0 4454
0 0 3609
1 13630 13630
1 16324 16324
1 17589 17589
0 0 4320
1 14575 14575
-1
-1
-1
0 0 8895
-1
1 12037 12037
0 0 2892
0 0 8299
0 0 2531
0 0 6126
0 0 6629
0 0 4639
1 15918 15918
-1
1 25786 25786
0 0 12149
0 0 1640
0 0 12551
-1
0 0 9270
0 0 1647
0 0 7575
-1
1 9018 9018
1 11660 11660
0 0 8971
1 17522 17522
-1
-1
-1
1 23722 23722
0 0 9736
1 28333 28333
1 8790 8790
-1
0 0 5630
1 542 542
-1
0 0 7809
-1
1 14633 14633
1 12135 12135
0 0 5030
0 0 7230
1 28311 28311
1 16604 16604
1 952 952
1 3019 3019
-1
0 0 13331
1 26626 26626
-1
0 0 12713
-1
0 0 8535
-1
0 0 4003
0 0 11481
1 31108 31108
0 0 836
-1
0 0 10053
-1
1 3456 3456
1 3601 3601
-1
0 0 1803
-1
1 27686 27686
0 0 14165
1 32310 32310
0 0 800
0 0 9797
1 22242 22242
0 0 3616
-1
-1
1 19768 19768
1 7120 7120
-1
-1
0 0 5119
0 0 5986
0 0 11600
0 0 11807
0 0 5783
1 5056 5056
1 10897 10897
0 0 6351
-1
-1
1 32388 32388
0 0 3200
0 0 9701
0 0 10901
-1
-1
1 3544 3544
-1
0 0 14955
1 30532 30532
0 0 6213
1 27508 27508
-1
0 0 8596
-1
0 0 5619
-1
-1
0 0 16021
0 0 10017
-1
1 24104 24104
1 20697 20697
-1
0 0 16092
-1
1 15786 15786
0 0 6333
1 23191 23191
0 0 15594
0 0 1900
1 12064 12064
-1
1 7969 7969
-1
0 0 10913
1 2113 2113
0 0 14577
-1
-1
-1
0 0 10332
0 0 7865
1 22012 22012
1 25884 25884
-1
1 23208 23208
-1
1 3150 3150
0 0 5596
-1
0 0 15911
-1
1 10040 10040
0 0 10489
1 1679 1679
-1
1 10870 10870
0 0 7783
-1
-1
1 19753 19753
1 28388 28388
0 0 12564
0 0 3764
1 32648 32648
-1
0 0 3274
0 0 3082
0 0 8296
1 7131 7131
1 18319 18319
1 30848 30848
-1
1 27811 27811
0 0 10119
1 18996 18996
-1
1 13684 13684
1 16456 16456
1 20508 20508
1 28730 28730
-1
1 18230 18230
1 26374 26374
1 1365 1365
1 23180 23180
-1
1 30760 30760
0 0 11554
-1
-1
0 0 15819
0 0 8302
0 0 7712
0 0 898
-1
1 22389 22389
-1
-1
1 820 820
-1
1 28140 28140
0 0 9896
0 0 7234
1 25507 25507
1 21851 21851
-1
-1
1 20221 20221
-1
-1
1 6126 6126
0 0 2417
-1
-1
-1
-1
1 23013 23013
-1
-1
-1
1 9230 9230
-1
0 0 4489
0 0 5398
-1
1 5874 5874
0 0 4846
-1
-1
-1
1 21727 21727
0 0 10619
1 18014 18014
0 0 4923
1 20732 20732
0 0 7117
0 0 10093
1 29138 29138
0 0 9213
1 26389 26389
-1
0 0 5945
0 0 9090
-1
1 29164 29164
1 30867 30867
1 7470 7470
1 21946 21946
-1
0 0 14168
1 19943 19943
0 0 9921
0 0 7509
1 16398 16398
-1
-1
-1
1 19250 19250
-1
-1
1 4948 4948
-1
-1
-1
0 0 14904
1 7228 7228
-1
0 0 1907
-1
0 0 16130
1 22311 22311
-1
-1
0 0 16170
1 160 160
0 0 5074
-1
1 24969 24969
1 2500 2500
1 4738 4738
1 14810 14810
0 0 4384
1 13093 13093
-1
0 0 3704
1 32732 32732
-1
1 29354 29354
-1
0 0 3714
0 0 6385
0 0 2161
-1
-1
0 0 3181
-1
0 0 945
1 14309 14309
0 0 3108
1 22219 22219
0 0 2202
1 23999 23999
-1
0 0 10880
-1
-1
-1
-1
0 0 3887
-1
1 20742 20742
0 0 15532
0 0 7290
-1
0 0 3195
0 0 9292
1 16925 16925
1 29653 29653
-1
-1
-1
0 0 8916
-1
0 0 13748
1 30894 30894
1 6743 6743
1 25004 25004
-1
1 20086 20086
0 0 8536
-1
1 15492 15492
0 0 9287
1 25157 25157
-1
0 0 10921
1 22145 22145
0 0 9974
-1
0 0 10753
1 4732 4732
1 31299 31299
0 0 12058
0 0 10174
-1
0 0 15635
-1
1 12854 12854
0 0 12473
1 3384 3384
-1
0 0 10320
0 0 9791
0 0 7983
0 0 11709
0 0 2010
1 15023 15023
-1
-1
1 7025 7025
-1
-1
0 0 13362
0 0 5802
0 0 14040
1 7381 7381
1 19671 19671
-1
-1
-1
-1
0 0 4628
0 0 12824
1 11400 11400
1 23695 23695
0 0 3352
1 427 427
-1
0 0 14764
1 13705 13705
-1
1 32069 32069
-1
0 0 8804
0 0 11517
1 16488 16488
0 0 1470
-1
-1
-1
0 0 15512
1 18019 18019
1 30204 30204
0 0 1366
1 23522 23522
1 22138 22138
-1
-1
1 26357 26357
0 0 6522
-1
1 28751 28751
-1
-1
-1
0 0 12851
1 14166 14166
1 7857 7857
1 27078 27078
1 26133 26133
0 0 1844
0 0 4073
1 11158 11158
1 13628 13628
1 9826 9826
0 0 14087
-1
1 17667 17667
-1
0 0 13648
0 0 205
-1
-1
-1
-1
1 6750 6750
-1
0 0 4763
-1
1 14611 14611
-1
0 0 7520
1 32409 32409
0 0 15317
-1
-1
-1
1 17184 17184
0 0 3300
-1
1 21346 21346
0 0 8536
1 30475 30475
-1
-1
-1
-1
-1
-1
0 0 696
-1
1 7103 7103
1 21765 21765
1 3314 3314
-1
-1
-1
0 0 7961
1 31224 31224
1 18122 18122
-1
0 0 16033
-1
0 0 6086
-1
-1
0 0 13965
-1
0 0 10674
0 0 5369
-1
0 0 5391
1 11710 11710
1 12301 12301
0 0 12353
0 0 3875
1 13659 13659
0 0 244
0 0 2479
0 0 14971
-1
-1
1 28507 28507
1 2981 2981
1 26472 26472
0 0 8229
-1
-1
-1
-1
-1
1 10355 10355
-1
0 0 7741
0 0 1468
0 0 844
-1
-1
-1
-1
0 0 4605
0 0 7440
-1
1 31625 31625
0 0 5133
0 0 11190
-1
1 3315 3315
1 13369 13369
1 14623 14623
-1
-1
1 22802 22802
-1
1 14190 14190
-1
0 0 8193
1 17821 17821
-1
1 13049 13049
1 5516 5516
1 10048 10048
0 0 4336
1 30578 30578
1 980 980
0 0 9215
-1
1 29984 29984
-1
1 21869 21869
-1
-1
1 5737 5737
-1
-1
-1
0 0 6363
1 8718 8718
1 17134 17134
-1
1 14528 14528
-1
1 19533 19533
1 3928 3928
1 10081 10081
1 10790 10790
-1
1 23746 23746
0 0 4875
1 7722 7722
-1
-1
0 0 14912
0 0 8061
0 0 2257
1 8455 8455
1 25575 25575
1 12556 12556
1 12658 12658
1 28775 28775
1 25010 25010
1 13843 13843
-1
-1
0 0 2296
-1
1 4433 4433
1 4108 4108
1 31187 31187
-1
0 0 12593
1 19310 19310
-1
1 32650 32650
-1
0 0 123
1 23039 23039
0 0 2862
-1
0 0 7229
1 8417 8417
0 0 1432
0 0 3188
1 27865 27865
-1
-1
0 0 14028
0 0 10553
-1
-1
1 19834 19834
0 0 5846
1 8753 8753
-1
1 3608 3608
0 0 7350
1 15824 15824
0 0 14243
-1
0 0 3793
-1
0 0 779
1 20395 20395
-1
1 28615 28615
1 12607 12607
1 11052 11052
-1
1 28718 28718
1 7333 7333
-1
-1
0 0 15314
-1
-1
-1
-1
0 0 4491
0 0 1153
1 30965 30965
1 27878 27878
-1
0 0 10734
-1
-1
0 0 10362
1 20961 20961
-1
0 0 163
0 0 14510
1 32670 32670
0 0 9443
-1
1 12800 12800
1 32264 32264
0 0 4577
0 0 10339
1 17310 17310
0 0 2683
0 0 11174
-1
1 30272 30272
1 17828 17828
-1
1 12704 12704
1 26542 26542
0 0 13976
0 0 6969
1 8992 8992
0 0 8444
-1
1 16845 16845
0 0 552
0 0 1273
-1
-1
-1
1 32176 32176
-1
0 0 2275
0 0 459
0 0 391
0 0 10595
1 22970 22970
0 0 12501
-1
1 8377 8377
1 8894 8894
0 0 2615
0 0 5108
0 0 1278
0 0 4930
1 1085 1085
1 7277 7277
0 0 14966
1 14152 14152
0 0 2826
-1
1 30664 30664
1 30277 30277
-1
0 0 15070
0 0 1434
-1
-1
1 5544 5544
0 0 9821
1 17904 17904
1 975 975
-1
0 0 10400
0 0 14166
0 0 5631
1 17817 17817
-1
-1
0 0 15908
-1
0 0 5503
0 0 16375
-1
0 0 1965
0 0 8895
1 27164 27164
0 0 8270
1 18540 18540
-1
1 4505 4505
1 11328 11328
-1
0 0 2262
0 0 7394
-1
0 0 977
1 22652 22652
0 0 6080
-1
-1
1 13746 13746
1 8110 8110
1 27791 27791
-1
1 4952 4952
0 0 16092
0 0 4320
1 6718 6718
-1
0 0 15621
1 422 422
0 0 9763
0 0 10252
1 2199 2199
0 0 12379
-1
1 17085 17085
-1
1 23949 23949
-1
1 29161 29161
0 0 2648
0 0 7602
-1
1 17947 17947
-1
-1
-1
1 12856 12856
-1
-1
0 0 3290
1 30215 30215
1 1451 1451
1 3455 3455
-1
-1
-1
0 0 9740
0 0 4383
1 844 844
1 21737 21737
0 0 4226
0 0 2139
-1
-1
-1
0 0 13920
1 15608 15608
1 25444 25444
1 6733 6733
0 0 11121
1 1566 1566
0 0 12007
-1
-1
0 0 12331
-1
0 0 14171
-1
0 0 5588
0 0 710
1 26963 26963
0 0 14916
0 0 13436
1 11557 11557
0 0 8943
-1
1 3218 3218
1 26436 26436
1 21065 21065
-1
1 24742 24742
0 0 5194
1 18850 18850
-1
1 30664 30664
1 4425 4425
-1
0 0 666
1 12143 12143
-1
0 0 15118
0 0 13804
1 17015 17015
-1
0 0 4299
1 11458 11458
-1
-1
0 0 13527
0 0 1873
1 6156 6156
1 24788 24788
1 22696 22696
1 14057 14057
0 0 5346
1 2910 2910
0 0 6776
1 2126 2126
0 0 9498
-1
-1
-1
-1
1 31311 31311
-1
-1
-1
-1
-1
1 26064 26064
-1
-1
0 0 6175
1 27552 27552
0 0 5402
0 0 15246
-1
-1
1 13108 13108
-1
1 3268 3268
-1
1 2725 2725
0 0 5881
0 0 10562
1 12818 12818
0 0 2519
-1
0 0 7416
0 0 7035
-1
1 14440 14440
1 20276 20276
0 0 15725
1 12959 12959
0 0 1964
1 13216 13216
0 0 10572
1 12744 12744
1 9941 9941
-1
0 0 16363
-1
-1
0 0 9207
-1
-1
-1
0 0 340
0 0 9239
1 16980 16980
-1
1 26427 26427
1 26850 26850
-1
1 23077 23077
1 11819 11819
-1
-1
-1
0 0 14865
0 0 12073
1 30664 30664
0 0 3193
-1
0 0 3681
0 0 7902
1 27887 27887
0 0 2495
0 0 8649
1 7623 7623
-1
0 0 11446
0 0 580
-1
0 0 6320
0 0 15928
1 20648 20648
0 0 9326
1 18308 18308
-1
1 1724 1724
-1
1 16915 16915
-1
-1
1 3954 3954
-1
1 729 729
0 0 11234
-1
-1
1 17091 17091
-1
1 28216 28216
-1
0 0 10559
0 0 11298
0 0 11428
0 0 11306
1 14750 14750
1 18128 18128
1 6170 6170
0 0 6556
-1
-1
-1
1 30347 30347
-1
1 26727 26727
-1
1 25984 25984
0 0 3150
-1
-1
-1
0 0 8101
1 22955 22955
0 0 1043
-1
0 0 5095
0 0 12902
-1
-1
1 17685 17685
-1
1 4972 4972
1 31805 31805
-1
-1
1 12416 12416
-1
1 21822 21822
-1
-1
-1
1 10537 10537
-1
-1
0 0 11529
0 0 15473
-1
-1
1 14596 14596
0 0 8389
0 0 13795
0 0 9920
1 20554 20554
1 7010 7010
-1
0 0 10760
1 7623 7623
1 13389 13389
-1
-1
-1
-1
-1
1 2725 2725
1 14715 14715
-1
0 0 12428
0 0 5969
0 0 5828
0 0 10959
1 26896 26896
-1
-1
1 9763 9763
0 0 8076
0 0 6293
1 12603 12603
0 0 16298
1 156 156
1 11655 11655
1 8013 8013
-1
0 0 10849
1 27473 27473
0 0 149
1 27610 27610
1 11005 11005
1 18030 18030
-1
0 0 16330
-1
-1
0 0 12838
1 8649 8649
1 27576 27576
-1
0 0 2064
1 27206 27206
1 12523 12523
1 32499 32499
-1
0 0 13567
-1
1 7565 7565
0 0 579
1 25990 25990
0 0 11641
-1
1 4416 4416
-1
-1
1 24029 24029
0 0 6862
-1
0 0 4573
0 0 9335
-1
0 0 16377
-1
0 0 14656
0 0 7323
0 0 4209
0 0 466
1 25720 25720
-1
-1
0 0 5287
0 0 7697
1 15723 15723
0 0 10780
1 8023 8023
-1
-1
1 414 414
0 0 428
-1
-1
1 7825 7825
0 0 3035
0 0 14544
-1
-1
-1
0 0 10284
1 22834 22834
-1
0 0 11509
0 0 14540
1 28855 28855
-1
-1
1 11142 11142
0 0 2840
-1
1 28501 28501
1 26919 26919
1 9701 9701
1 1085 1085
-1
-1
0 0 8014
-1
1 19869 19869
-1
0 0 7185
1 19391 19391
0 0 9808
1 21609 21609
0 0 5349
1 18564 18564
0 0 4947
1 2166 2166
1 229 229
0 0 13638
-1
0 0 1052
1 10063 10063
1 27511 27511
1 14486 14486
1 12432 12432
1 14818 14818
0 0 14338
1 29657 29657
-1
1 20224 20224
0 0 332
-1
1 28915 28915
0 0 9863
0 0 3808
-1
0 0 3672
1 20723 20723
0 0 9043
-1
1 19820 19820
1 9373 9373
0 0 7120
1 24490 24490
0 0 11387
0 0 8894
0 0 3408
-1
0 0 5123
1 31493 31493
-1
1 22241 22241
0 0 9309
0 0 16024
1 23486 23486
1 16635 16635
1 4370 4370
-1
1 10877 10877
-1
1 20848 20848
0 0 10355
-1
0 0 4139
-1
0 0 16314
1 26227 26227
1 26690 26690
0 0 16223
1 29105 29105
0 0 11985
1 11960 11960
0 0 2934
-1
1 29825 29825
0 0 13019
1 21142 21142
0 0 7282
-1
-1
-1
0 0 10626
1 21443 21443
-1
0 0 2705
1 30746 30746
1 9022 9022
1 13403 13403
1 24161 24161
-1
-1
1 23106 23106
1 9426 9426
0 0 9361
1 4976 4976
0 0 9235
-1
-1
0 0 7883
-1
0 0 9000
-1
0 0 5051
0 0 12806
1 19161 19161
0 0 3390
-1
1 18437 18437
0 0 14917
1 20805 20805
0 0 10791
1 27887 27887
-1
0 0 12048
0 0 13547
0 0 5240
-1
0 0 15012
-1
1 5109 5109
1 9148 9148
-1
-1
-1
0 0 10517
-1
-1
0 0 4929
1 27519 27519
-1
1 17002 17002
0 0 9370
-1
-1
-1
1 24123 24123
1 5235 5235
0 0 14129
1 24132 24132
-1
1 12821 12821
-1
-1
0 0 6275
-1
1 12699 12699
1 21818 21818
-1
-1
-1
-1
1 8457 8457
-1
0 0 4399
0 0 11604
-1
1 27829 27829
0 0 2254
-1
-1
-1
-1
-1
1 8889 8889
-1
0 0 10087
1 12455 12455
-1
1 24312 24312
0 0 8779
-1
-1
1 15986 15986
-1
0 0 720
1 32137 32137
0 0 12116
-1
1 5422 5422
0 0 4389
-1
0 0 5564
1 3471 3471
0 0 11883
1 919 919
-1
1 29475 29475
1 32159 32159
0 0 9178
0 0 15918
0 0 2552
0 0 1514
0 0 8234
1 8832 8832
0 0 2321
-1
0 0 3920
-1
-1
0 0 13076
-1
1 8792 8792
0 0 388
-1
-1
1 15528 15528
-1
1 949 949
0 0 4435
0 0 9046
1 26866 26866
1 29906 29906
-1
1 24315 24315
0 0 15671
1 2208 2208
-1
-1
0 0 9374
0 0 3543
-1
1 4722 4722
1 10882 10882
-1
0 0 11140
1 11231 11231
0 0 11715
1 9752 9752
0 0 11873
0 0 1681
1 7225 7225
1 30310 30310
0 0 12772
-1
0 0 11477
0 0 12907
-1
-1
1 26769 26769
1 13515 13515
1 4834 4834
-1
1 20423 20423
-1
0 0 7077
1 2499 2499
0 0 4452
-1
-1
1 15905 15905
0 0 13852
1 1951 1951
-1
-1
0 0 5165
-1
-1
0 0 8189
-1
0 0 8506
0 0 14421
1 19077 19077
-1
0 0 10303
0 0 6729
-1
1 23757 23757
0 0 16280
0 0 16002
-1
1 24263 24263
1 16908 16908
0 0 13644
1 15413 15413
-1
-1
1 3916 3916
0 0 9352
1 3546 3546
1 29984 29984
-1
0 0 11487
-1
1 2738 2738
-1
1 13727 13727
-1
1 3104 3104
0 0 12963
0 0 2571
-1
0 0 10528
0 0 16075
0 0 391
0 0 4629
0 0 10968
0 0 6564
0 0 11961
1 31664 31664
1 11596 11596
-1
0 0 10458
0 0 7058
0 0 3675
-1
0 0 15395
-1
0 0 6507
-1
-1
-1
1 30807 30807
1 4832 4832
0 0 9125
1 5582 5582
1 11815 11815
0 0 15519
-1
0 0 15219
0 0 3580
-1
0 0 3768
-1
1 28353 28353
-1
-1
-1
0 0 5022
-1
0 0 1782
-1
0 0 3125
-1
1 24527 24527
1 26858 26858
1 30220 30220
-1
-1
0 0 6035
-1
1 10875 10875
1 14912 14912
0 0 1170
-1
-1
1 11268 11268
0 0 15732
1 15166 15166
0 0 7073
-1
1 13848 13848
0 0 11661
-1
0 0 2211
1 9338 9338
0 0 14489
1 20346 20346
1 6803 6803
0 0 319
1 9828 9828
1 10106 10106
0 0 4123
1 2487 2487
1 10699 10699
1 13837 13837
-1
-1
-1
-1
1 23878 23878
0 0 11613
-1
1 13353 13353
1 26273 26273
0 0 13295
1 24309 24309
-1
1 27948 27948
0 0 13554
1 15160 15160
-1
1 15017 15017
-1
-1
1 17785 17785
-1
0 0 15848
1 29399 29399
0 0 3449
-1
1 15405 15405
-1
-1
0 0 3271
0 0 2989
1 2734 2734
-1
1 13864 13864
-1
0 0 5338
1 13649 13649
-1
-1
1 11456 11456
-1
-1
1 9809 9809
-1
1 11864 11864
1 12291 12291
0 0 6400
1 30548 30548
1 8809 8809
-1
-1
1 27709 27709
1 16408 16408
-1
-1
1 19694 19694
1 27758 27758
1 15794 15794
1 28979 28979
1 29312 29312
0 0 3374
1 16179 16179
-1
1 9299 9299
0 0 7836
-1
1 32556 32556
0 0 4932
-1
0 0 9695
0 0 3979
1 22664 22664
0 0 10233
-1
1 3004 3004
0 0 12733
-1
0 0 11491
-1
0 0 15465
1 13835 13835
0 0 8634
0 0 5423
-1
1 8210 8210
1 16451 16451
1 24204 24204
0 0 3163
-1
-1
-1
1 16885 16885
1 1905 1905
1 5735 5735
-1
1 8186 8186
1 20811 20811
1 29274 29274
1 16147 16147
-1
0 0 13835
0 0 468
0 0 15150
-1
0 0 5190
1 23017 23017
1 8030 8030
1 15382 15382
-1
-1
1 19097 19097
0 0 1145
0 0 7088
-1
0 0 792
-1
-1
-1
-1
-1
-1
1 22121 22121
0 0 5412
0 0 8706
1 26097 26097
0 0 12852
0 0 10467
1 26339 26339
0 0 14937
1 20420 20420
1 27810 27810
1 23663 23663
1 4915 4915
-1
0 0 11609
-1
0 0 15270
1 23523 23523
-1
-1
1 14013 14013
-1
0 0 15562
-1
-1
0 0 12493
0 0 422
0 0 15343
0 0 7822
0 0 11473
0 0 2948
1 10847 10847
0 0 4798
0 0 4095
0 0 7788
1 6639 6639
1 24861 24861
-1
0 0 12021
0 0 4391
1 6832 6832
-1
1 32537 32537
1 14337 14337
0 0 15846
0 0 3978
1 2906 2906
-1
1 16239 16239
0 0 11825
-1
-1
-1
1 29995 29995
-1
0 0 7437
1 4137 4137
1 25037 25037
0 0 7288
1 31998 31998
1 28844 28844
1 10927 10927
0 0 9416
0 0 12639
-1
0 0 10076
-1
0 0 4729
-1
-1
-1
-1
0 0 15168
-1
0 0 5852
-1
-1
-1
0 0 968
-1
1 17463 17463
0 0 7252
-1
-1
0 0 9183
1 12072 12072
1 10543 10543
-1
1 19996 19996
0 0 16267
-1
1 27176 27176
0 0 15180
0 0 11645
-1
1 29136 29136
0 0 6126
-1
1 4671 4671
1 1618 1618
0 0 3389
1 3013 3013
-1
1 23470 23470
-1
0 0 8740
1 28608 28608
0 0 4946
0 0 7994
1 27899 27899
1 3736 3736
0 0 7584
0 0 1137
-1
0 0 1678
1 15175 15175
1 23505 23505
-1
1 2124 2124
0 0 10853
0 0 9057
0 0 13147
-1
0 0 2126
-1
-1
1 30574 30574
1 12500 12500
0 0 1241
1 4259 4259
1 25495 25495
0 0 4005
0 0 14229
1 27008 27008
-1
-1
0 0 11855
0 0 6918
1 31856 31856
1 23607 23607
0 0 10113
1 29692 29692
-1
1 1973 1973
1 20659 20659
1 14729 14729
1 13464 13464
0 0 1090
-1
1 27630 27630
-1
0 0 7275
0 0 9903
1 1518 1518
0 0 10949
1 411 411
0 0 4930
-1
1 28998 28998
1 14602 14602
1 24653 24653
-1
1 17159 17159
-1
-1
-1
1 129 129
-1
-1
1 11782 11782
0 0 9604
-1
0 0 1798
1 5979 5979
-1
0 0 254
-1
-1
1 30156 30156
1 5949 5949
0 0 10670
0 0 15515
1 8551 8551
0 0 4482
0 0 14999
1 2555 2555
0 0 10983
-1
-1
1 31698 31698
-1
-1
1 22251 22251
0 0 786
1 22479 22479
1 15627 15627
1 24786 24786
1 7520 7520
1 20966 20966
0 0 8550
1 16653 16653
1 31093 31093
0 0 2404
1 14872 14872
0 0 15209
1 11352 11352
-1
0 0 4523
-1
-1
0 0 3068
0 0 13400
1 3412 3412
0 0 2999
0 0 7410
-1
1 4465 4465
-1
0 0 8558
1 18487 18487
0 0 4976
0 0 7883
-1
-1
1 20686 20686
-1
-1
1 17491 17491
0 0 2596
1 15878 15878
1 9549 9549
-1
-1
1 9627 9627
0 0 9592
1 1256 1256
0 0 8779
-1
-1
1 9474 9474
-1
0 0 4915
1 8797 8797
0 0 7950
1 5399 5399
0 0 13801
-1
-1
0 0 6836
1 13719 13719
1 13297 13297
0 0 42
0 0 4269
1 26840 26840
1 8558 8558
-1
1 28981 28981
1 6464 6464
1 32361 32361
1 2100 2100
-1
0 0 16317
-1
-1
0 0 7910
-1
1 10946 10946
-1
-1
-1
-1
0 0 32
0 0 2095
0 0 10185
1 23610 23610
1 6339 6339
0 0 15092
0 0 11731
0 0 1921
-1
-1
1 30630 30630
-1
0 0 9213
-1
1 29401 29401
0 0 11587
1 28378 28378
1 7008 7008
0 0 8067
0 0 3933
0 0 5368
-1
0 0 13182
0 0 10125
1 13823 13823
0 0 5813
-1
0 0 5309
-1
1 15376 15376
-1
0 0 14572
0 0 14120
-1
-1
-1
0 0 7410
-1
0 0 1555
-1
0 0 265
0 0 4283
0 0 10694
1 16179 16179
0 0 14390
1 4896 4896
0 0 2156
0 0 2247
-1
1 29328 29328
-1
1 4451 4451
-1
0 0 12313
1 14797 14797
1 17409 17409
-1
-1
1 13011 13011
-1
-1
1 7240 7240
1 22907 22907
-1
1 26739 26739
0 0 15302
-1
1 15197 15197
1 8896 8896
-1
0 0 12619
-1
1 5548 5548
-1
1 13960 13960
1 18401 18401
1 2793 2793
1 238 238
1 14357 14357
1 26056 26056
-1
-1
-1
-1
0 0 9723
1 17625 17625
-1
-1
-1
-1
-1
0 0 4179
0 0 10471
0 0 10046
0 0 12967
-1
0 0 5108
-1
0 0 14750
1 12067 12067
1 5269 5269
1 24353 24353
0 0 538
-1
1 9959 9959
-1
-1
1 12694 12694
-1
-1
1 7633 7633
0 0 6969
1 15621 15621
-1
-1
1 19135 19135
-1
-1
-1
1 23055 23055
1 3846 3846
1 26687 26687
0 0 15972
-1
0 0 8665
1 19948 19948
1 8770 8770
-1
1 9711 9711
0 0 806
0 0 14080
-1
-1
-1
1 22081 22081
0 0 6751
0 0 8066
-1
-1
1 21396 21396
-1
-1
-1
-1
1 7117 7117
0 0 4955
-1
1 8177 8177
-1
0 0 4438
-1
-1
1 21004 21004
-1
0 0 441
1 27251 27251
1 27328 27328
-1
-1
1 17054 17054
1 7112 7112
-1
-1
-1
-1
0 0 3512
1 32251 32251
0 0 5231
1 10053 10053
1 25858 25858
1 3713 3713
1 17691 17691
-1
-1
0 0 7393
1 2581 2581
0 0 13188
-1
1 10280 10280
1 25723 25723
0 0 12051
0 0 6443
1 24350 24350
-1
1 25046 25046
-1
0 0 9162
0 0 8250
-1
-1
1 17538 17538
1 3864 3864
0 0 346
1 22174 22174
1 22877 22877
0 0 6434
0 0 13882
0 0 16229
1 24740 24740
-1
1 26855 26855
-1
0 0 10539
1 23913 23913
1 576 576
1 21695 21695
1 6777 6777
1 2959 2959
1 14324 14324
1 7037 7037
0 0 16330
1 32670 32670
1 27968 27968
1 31791 31791
1 6454 6454
-1
-1
0 0 11429
0 0 11062
1 16608 16608
1 23898 23898
1 11301 11301
0 0 2599
0 0 11953
0 0 2553
1 6013 6013
1 17525 17525
0 0 438
0 0 1881
-1
0 0 4541
0 0 15039
-1
-1
-1
1 13248 13248
-1
1 31002 31002
1 3757 3757
0 0 829
-1
1 25862 25862
1 21927 21927
1 6297 6297
-1
0 0 13753
1 7708 7708
-1
0 0 9815
1 11254 11254
1 32059 32059
1 8947 8947
0 0 9651
0 0 6275
0 0 13597
-1
1 18626 18626
0 0 320
-1
-1
0 0 8213
-1
0 0 5600
1 11391 11391
-1
-1
1 835 835
0 0 4015
-1
0 0 5801
0 0 1488
0 0 3338
0 0 2034
1 21075 21075
1 10144 10144
0 0 2902
-1
-1
1 29456 29456
-1
-1
-1
-1
0 0 12023
-1
1 11108 11108
1 23429 23429
1 15463 15463
-1
-1
0 0 11227
0 0 13489
-1
0 0 592
1 7859 7859
-1
-1
0 0 2025
1 2779 2779
0 0 7107
-1
-1
1 18065 18065
1 9631 9631
-1
-1
1 12991 12991
0 0 4235
1 1834 1834
0 0 5024
1 23890 23890
-1
-1
0 0 5157
1 1979 1979
1 10513 10513
0 0 927
-1
0 0 7862
1 2978 2978
1 16921 16921
1 9203 9203
1 31329 31329
0 0 9817
-1
