1 17296 17296
-1
-1
-1
1 27120 27120
0 0 7479
0 0 3139
-1
0 0 1231
1 29513 29513
-1
1 31238 31238
-1
0 0 70
1 27827 27827
1 30800 30800
-1
1 15225 15225
-1
-1
-1
-1
0 0 1257
1 3158 3158
-1
1 2985 2985
1 18861 18861
-1
1 11575 11575
0 0 12456
0 0 2955
-1
-1
0 0 6961
-1
1 25325 25325
0 0 13244
1 25861 25861
-1
0 0 8522
1 12108 12108
0 0 16311
-1
0 0 3352
1 13800 13800
-1
-1
-1
0 0 7004
0 0 5611
1 15446 15446
1 24995 24995
-1
-1
-1
0 0 65
-1
-1
0 0 1540
-1
-1
0 0 4882
1 3881 3881
1 22480 22480
-1
0 0 5262
0 0 7865
1 6845 6845
1 22727 22727
0 0 8646
0 0 9569
0 0 12146
0 0 6051
-1
-1
1 26197 26197
-1
0 0 10083
0 0 8947
0 0 3835
1 27665 27665
-1
-1
0 0 2816
1 620 620
1 30844 30844
0 0 12099
1 19074 19074
-1
0 0 505
-1
1 15322 15322
0 0 14700
1 19096 19096
-1
0 0 11167
0 0 6298
1 21564 21564
1 27246 27246
-1
-1
1 14401 14401
1 8254 8254
-1
1 20943 20943
1 19999 19999
1 12149 12149
0 0 3675
1 15759 15759
-1
1 30071 30071
0 0 14135
1 6151 6151
1 166 166
-1
0 0 2837
-1
0 0 4241
0 0 12343
-1
0 0 1294
1 3098 3098
0 0 8537
1 8880 8880
1 6874 6874
0 0 4213
-1
1 8785 8785
0 0 2760
1 12803 12803
-1
0 0 10064
-1
-1
0 0 4561
-1
0 0 3986
-1
0 0 13082
1 15250 15250
-1
1 24572 24572
-1
-1
-1
1 22937 22937
0 0 16096
0 0 6191
-1
-1
-1
-1
-1
-1
0 0 14272
-1
-1
1 15197 15197
1 8182 8182
-1
1 27882 27882
-1
1 32327 32327
-1
1 26064 26064
1 11578 11578
0 0 9368
1 642 642
-1
0 0 13526
0 0 13329
-1
1 32395 32395
-1
1 28610 28610
0 0 9461
1 29898 29898
0 0 6730
-1
-1
0 0 7954
0 0 15533
-1
-1
1 11506 11506
-1
1 3490 3490
-1
1 18044 18044
1 27694 27694
-1
1 29790 29790
-1
-1
-1
-1
1 26803 26803
0 0 6398
-1
0 0 9231
1 6967 6967
-1
-1
-1
-1
0 0 8983
-1
-1
-1
0 0 5610
1 24462 24462
1 11242 11242
0 0 1473
-1
1 30559 30559
1 18882 18882
1 23904 23904
1 3996 3996
-1
1 19926 19926
1 10909 10909
1 17823 17823
1 22397 22397
-1
1 5525 5525
1 452 452
-1
-1
1 16539 16539
1 22000 22000
-1
-1
0 0 3386
-1
0 0 16203
1 14728 14728
0 0 15726
1 7879 7879
0 0 8185
0 0 6456
-1
-1
1 25974 25974
0 0 13536
1 5637 5637
0 0 5351
1 29420 29420
0 0 14161
1 28028 28028
0 0 2896
0 0 10091
1 26777 26777
1 28147 28147
-1
0 0 883
1 32761 32761
1 5990 5990
0 0 14420
0 0 12867
1 5740 5740
0 0 1764
-1
-1
-1
0 0 12991
-1
-1
1 26833 26833
1 16358 16358
0 0 2479
0 0 5488
0 0 12701
1 14281 14281
1 6190 6190
-1
0 0 15697
0 0 3830
1 28864 28864
1 32643 32643
-1
0 0 706
-1
1 10858 10858
0 0 3580
0 0 4191
-1
0 0 12084
1 25340 25340
0 0 13978
1 13684 13684
1 9353 9353
-1
1 12410 12410
1 17506 17506
-1
-1
1 17559 17559
-1
0 0 10855
-1
0 0 6721
1 22069 22069
-1
0 0 11523
1 10414 10414
1 453 453
0 0 7237
1 27855 27855
0 0 4541
-1
0 0 6321
0 0 78
0 0 1758
0 0 9591
1 26703 26703
0 0 8984
0 0 2463
1 15405 15405
0 0 8482
1 30497 30497
-1
-1
0 0 5110
1 3669 3669
0 0 9337
-1
1 27170 27170
1 20619 20619
0 0 8190
0 0 10363
0 0 15162
0 0 4714
1 18679 18679
-1
0 0 11732
-1
0 0 7416
-1
-1
0 0 1859
1 26348 26348
-1
1 23755 23755
-1
0 0 5935
1 3258 3258
1 17606 17606
1 1414 1414
1 21940 21940
0 0 14157
1 22203 22203
1 682 682
-1
-1
0 0 15737
1 2347 2347
1 14191 14191
1 2706 2706
1 26087 26087
-1
1 8174 8174
1 15748 15748
-1
0 0 14087
-1
-1
1 27139 27139
1 29351 29351
0 0 488
-1
0 0 10450
-1
-1
-1
-1
-1
-1
1 13979 13979
0 0 7687
1 14390 14390
0 0 7215
-1
-1
-1
0 0 11399
-1
-1
1 236 236
1 7218 7218
1 19505 19505
0 0 6347
-1
-1
-1
0 0 14858
1 4548 4548
0 0 10542
-1
0 0 7083
1 8445 8445
-1
1 1846 1846
-1
-1
1 26753 26753
-1
1 12601 12601
-1
-1
1 13012 13012
0 0 1331
-1
0 0 9663
-1
0 0 12600
1 22757 22757
0 0 6313
0 0 14421
-1
-1
0 0 11196
-1
1 16750 16750
-1
-1
-1
0 0 9287
-1
-1
-1
1 2018 2018
0 0 5931
1 25191 25191
0 0 4533
0 0 2401
-1
1 26403 26403
-1
0 0 8543
0 0 14908
0 0 15021
1 11172 11172
1 11281 11281
0 0 6228
0 0 12202
-1
1 25138 25138
0 0 14348
0 0 15209
1 3259 3259
0 0 1572
0 0 12312
0 0 1219
1 30652 30652
0 0 9431
-1
-1
0 0 5564
1 26233 26233
1 8610 8610
-1
-1
0 0 12276
0 0 8313
-1
0 0 5875
0 0 7290
-1
1 9386 9386
-1
1 7883 7883
1 19423 19423
0 0 1305
-1
0 0 11942
1 29418 29418
-1
-1
1 9100 9100
1 6061 6061
-1
1 7218 7218
-1
1 25650 25650
1 4760 4760
1 26153 26153
-1
-1
1 29243 29243
1 10852 10852
1 10773 10773
1 19017 19017
-1
0 0 10295
-1
-1
0 0 825
1 233 233
0 0 12019
-1
-1
-1
0 0 11473
0 0 7468
1 16568 16568
0 0 15877
1 6745 6745
1 8583 8583
1 2592 2592
1 4563 4563
0 0 1375
0 0 10995
0 0 13638
-1
0 0 14494
1 7712 7712
0 0 2423
0 0 5122
0 0 10807
-1
0 0 8792
1 1926 1926
0 0 6097
-1
-1
-1
0 0 15279
0 0 10106
1 5925 5925
0 0 7001
1 28123 28123
-1
-1
1 12912 12912
-1
1 13863 13863
-1
1 26656 26656
-1
0 0 11615
-1
1 27965 27965
0 0 7686
-1
1 18756 18756
1 15958 15958
-1
-1
0 0 13670
0 0 4039
-1
0 0 12992
-1
-1
-1
0 0 10789
1 10351 10351
1 31697 31697
-1
0 0 11117
-1
-1
1 5392 5392
0 0 11621
1 6432 6432
-1
-1
-1
-1
1 31181 31181
-1
1 31955 31955
-1
1 14853 14853
0 0 3545
-1
0 0 15133
0 0 705
-1
1 11454 11454
-1
-1
-1
0 0 16257
1 29697 29697
1 17776 17776
-1
-1
1 1165 1165
-1
-1
-1
1 12064 12064
0 0 14798
-1
1 31196 31196
1 21693 21693
-1
-1
0 0 14173
1 217 217
1 6993 6993
-1
1 9730 9730
-1
-1
0 0 9976
0 0 2930
1 27053 27053
1 10519 10519
0 0 482
0 0 3830
-1
-1
0 0 4848
-1
0 0 4270
1 31416 31416
0 0 4921
1 24120 24120
0 0 6495
1 12592 12592
0 0 3695
0 0 5080
0 0 4980
-1
1 6717 6717
-1
0 0 10303
1 31118 31118
-1
-1
-1
1 30444 30444
0 0 15580
-1
1 29492 29492
1 12468 12468
1 14090 14090
-1
0 0 11758
-1
0 0 1371
0 0 16132
0 0 256
1 24268 24268
-1
0 0 10128
1 32134 32134
1 14135 14135
-1
0 0 2915
1 9030 9030
0 0 8863
-1
0 0 16015
0 0 14536
1 13987 13987
-1
0 0 2769
1 19621 19621
-1
0 0 10544
1 10141 10141
0 0 1438
-1
-1
0 0 9048
0 0 10623
1 16154 16154
0 0 15773
0 0 7594
1 17674 17674
1 11893 11893
0 0 3555
0 0 7591
-1
-1
0 0 10749
0 0 14623
1 20669 20669
0 0 662
1 1352 1352
-1
0 0 817
-1
1 32338 32338
1 25490 25490
0 0 5034
-1
1 20336 20336
0 0 14187
1 18801 18801
0 0 1495
1 28464 28464
1 5067 5067
1 6417 6417
-1
0 0 5992
0 0 7513
0 0 6847
0 0 1007
0 0 16227
1 1185 1185
1 23925 23925
-1
1 826 826
1 1024 1024
-1
-1
0 0 15427
0 0 8838
-1
-1
-1
-1
1 19541 19541
-1
0 0 5520
1 328 328
0 0 4154
1 20935 20935
-1
0 0 4426
0 0 913
1 4788 4788
1 30855 30855
1 4812 4812
-1
0 0 9829
1 21910 21910
1 11982 11982
-1
1 7492 7492
0 0 13045
-1
0 0 3758
-1
1 19789 19789
-1
-1
0 0 10521
0 0 5597
1 24015 24015
1 15698 15698
0 0 8000
0 0 10481
-1
0 0 4782
-1
-1
0 0 7745
-1
-1
-1
-1
0 0 765
1 1547 1547
0 0 340
1 23264 23264
-1
0 0 7073
0 0 13590
0 0 162
0 0 462
1 20872 20872
1 5352 5352
1 25764 25764
0 0 7809
1 15304 15304
-1
-1
0 0 15539
0 0 67
-1
-1
1 10033 10033
-1
0 0 12285
0 0 2411
0 0 220
0 0 13369
-1
-1
0 0 16104
0 0 2947
-1
-1
1 1589 1589
1 10224 10224
0 0 12521
-1
0 0 1040
0 0 14217
0 0 5226
1 20567 20567
-1
1 14059 14059
1 12287 12287
0 0 9197
-1
1 20744 20744
-1
-1
1 5741 5741
0 0 15174
0 0 10128
1 31278 31278
1 10524 10524
1 30895 30895
1 28227 28227
1 28559 28559
1 4523 4523
0 0 8350
0 0 2675
-1
1 21129 21129
-1
-1
1 11158 11158
0 0 1035
-1
1 10823 10823
1 24386 24386
-1
-1
0 0 1767
1 31301 31301
-1
1 8110 8110
0 0 3511
-1
1 15492 15492
1 23151 23151
0 0 6888
0 0 15099
0 0 5788
0 0 11072
0 0 13288
-1
0 0 9642
-1
0 0 3198
-1
0 0 8889
-1
1 4636 4636
1 24001 24001
1 19359 19359
1 22629 22629
0 0 10450
0 0 11265
1 19421 19421
0 0 8244
0 0 6178
0 0 9224
0 0 16209
0 0 6108
-1
1 7502 7502
0 0 8621
0 0 3847
1 31608 31608
0 0 2552
-1
0 0 2334
0 0 628
0 0 14016
0 0 3845
1 676 676
1 24617 24617
1 31066 31066
-1
0 0 734
-1
0 0 13976
0 0 9895
-1
0 0 1797
-1
0 0 169
1 4415 4415
-1
-1
0 0 10468
1 31612 31612
-1
1 21233 21233
0 0 1636
1 19726 19726
1 31668 31668
1 6066 6066
-1
0 0 552
0 0 6701
1 18768 18768
1 7675 7675
0 0 14681
-1
0 0 8954
1 2337 2337
1 7479 7479
-1
0 0 16078
1 20911 20911
0 0 13946
0 0 14946
-1
0 0 3264
0 0 6092
0 0 1656
-1
1 19427 19427
-1
1 29353 29353
0 0 12861
0 0 11533
1 28190 28190
0 0 748
1 30246 30246
0 0 9197
1 24763 24763
1 15649 15649
-1
1 1997 1997
1 25776 25776
0 0 13611
-1
-1
-1
1 20223 20223
-1
-1
1 2169 2169
1 216 216
0 0 1705
-1
1 14246 14246
0 0 3881
1 9407 9407
1 23111 23111
-1
0 0 10632
0 0 13519
-1
0 0 6980
-1
1 8457 8457
-1
1 6800 6800
-1
-1
0 0 3084
0 0 2687
-1
-1
0 0 9339
0 0 2232
1 427 427
1 12794 12794
-1
-1
0 0 4413
0 0 2384
1 3869 3869
-1
-1
-1
0 0 15903
0 0 6150
0 0 10920
-1
-1
1 3495 3495
0 0 12885
0 0 4407
1 16541 16541
-1
-1
-1
-1
-1
-1
0 0 3908
-1
0 0 10765
-1
1 386 386
-1
-1
-1
1 12740 12740
-1
0 0 1855
-1
0 0 4523
0 0 5441
0 0 3333
-1
1 26649 26649
-1
0 0 12342
1 30209 30209
0 0 1053
0 0 7498
0 0 6551
-1
-1
1 23365 23365
0 0 12919
1 4025 4025
0 0 1795
-1
1 27105 27105
1 28159 28159
1 20535 20535
1 22815 22815
0 0 9254
0 0 7976
0 0 1001
1 23145 23145
1 22796 22796
1 9568 9568
1 11313 11313
-1
1 22544 22544
-1
1 19961 19961
1 16686 16686
-1
0 0 7370
-1
-1
1 4866 4866
0 0 3665
1 19986 19986
0 0 15693
0 0 5465
1 15178 15178
1 10456 10456
1 27595 27595
1 14636 14636
-1
-1
-1
0 0 10400
-1
-1
1 23142 23142
-1
1 18050 18050
0 0 15967
0 0 1433
0 0 11317
1 14913 14913
1 26497 26497
1 12117 12117
1 28042 28042
-1
0 0 99
1 13151 13151
1 18777 18777
1 31013 31013
-1
0 0 15403
-1
-1
-1
-1
0 0 4924
1 18639 18639
1 754 754
1 2670 2670
1 28273 28273
0 0 14212
0 0 12184
0 0 14382
1 31599 31599
1 14897 14897
0 0 7910
0 0 2285
0 0 7291
1 22277 22277
0 0 8003
0 0 216
1 27942 27942
0 0 8381
1 27124 27124
0 0 4367
0 0 9365
0 0 11421
1 27135 27135
-1
1 18888 18888
0 0 8975
0 0 2353
-1
-1
1 11449 11449
-1
-1
0 0 3166
1 13005 13005
1 24399 24399
1 3950 3950
-1
-1
1 10487 10487
1 19534 19534
-1
0 0 700
-1
1 10172 10172
0 0 9463
1 11290 11290
0 0 13749
1 20005 20005
1 10626 10626
-1
-1
0 0 12210
-1
1 32349 32349
1 30690 30690
1 27472 27472
1 10341 10341
1 5314 5314
1 14860 14860
1 15914 15914
1 24208 24208
0 0 1879
1 6905 6905
0 0 16023
1 13247 13247
0 0 7874
1 9264 9264
0 0 2438
1 9489 9489
1 11359 11359
0 0 836
-1
0 0 12445
-1
1 25264 25264
-1
1 14591 14591
-1
-1
1 16590 16590
1 24509 24509
1 30715 30715
-1
1 8041 8041
0 0 15857
0 0 12976
1 22705 22705
0 0 6344
1 1906 1906
1 6479 6479
1 2281 2281
1 26920 26920
1 131 131
0 0 13258
1 11581 11581
1 13578 13578
0 0 13537
1 27958 27958
1 30675 30675
0 0 14019
0 0 3446
0 0 12918
-1
1 4318 4318
-1
-1
-1
-1
0 0 14387
-1
1 16257 16257
1 27116 27116
1 8727 8727
1 12224 12224
0 0 3409
0 0 11573
1 1913 1913
-1
0 0 15701
1 21590 21590
-1
0 0 9218
-1
-1
1 22510 22510
1 5037 5037
1 11836 11836
-1
1 27908 27908
1 1569 1569
1 16506 16506
1 14111 14111
0 0 11623
-1
-1
0 0 7423
-1
0 0 6018
-1
0 0 14648
1 6756 6756
-1
0 0 12699
-1
-1
1 27359 27359
1 30755 30755
0 0 9301
-1
0 0 13574
-1
0 0 14832
0 0 2028
1 21797 21797
0 0 6814
1 14474 14474
1 12048 12048
-1
0 0 3611
1 30913 30913
0 0 6114
1 3204 3204
1 9316 9316
-1
1 32504 32504
-1
1 25728 25728
1 10244 10244
-1
-1
-1
1 5255 5255
1 8505 8505
1 8984 8984
1 27398 27398
1 24712 24712
-1
-1
1 31751 31751
1 25189 25189
1 26204 26204
0 0 12314
1 31521 31521
1 28784 28784
0 0 7898
-1
-1
0 0 5815
1 4136 4136
0 0 2872
0 0 6838
0 0 4750
1 25669 25669
0 0 8784
1 2514 2514
-1
1 25001 25001
0 0 9356
0 0 4063
-1
1 29063 29063
-1
1 6749 6749
1 7755 7755
-1
1 5827 5827
1 13617 13617
1 3718 3718
0 0 5168
-1
0 0 5703
0 0 12271
-1
0 0 9375
1 30237 30237
1 27206 27206
1 29949 29949
0 0 3535
0 0 9390
-1
0 0 8892
1 26011 26011
0 0 15374
-1
0 0 15970
-1
1 5891 5891
-1
1 7457 7457
-1
0 0 15107
1 5054 5054
-1
1 3427 3427
0 0 13436
1 14332 14332
-1
-1
1 24567 24567
1 13306 13306
0 0 10460
0 0 11626
1 20472 20472
-1
0 0 2541
-1
-1
1 16800 16800
0 0 3067
0 0 16061
-1
-1
1 22848 22848
0 0 15484
-1
-1
0 0 5569
0 0 3459
-1
1 22947 22947
-1
-1
-1
-1
0 0 8196
0 0 5685
0 0 2195
-1
-1
1 17549 17549
1 18841 18841
0 0 4241
0 0 4407
1 3544 3544
0 0 13891
-1
1 20918 20918
-1
0 0 1131
0 0 2912
0 0 9327
0 0 1887
-1
-1
0 0 2783
-1
1 13040 13040
1 22318 22318
0 0 12641
0 0 231
-1
1 31373 31373
-1
0 0 9001
0 0 13918
0 0 11015
-1
1 19708 19708
-1
0 0 15891
1 27127 27127
1 14123 14123
0 0 2091
1 26176 26176
1 11460 11460
-1
1 18550 18550
0 0 4253
0 0 12540
1 28705 28705
1 15637 15637
-1
-1
1 17324 17324
0 0 9159
-1
0 0 666
0 0 3746
0 0 13257
1 16991 16991
0 0 10847
0 0 5544
0 0 13780
0 0 11786
0 0 5466
-1
-1
0 0 4135
-1
0 0 427
-1
-1
1 15040 15040
0 0 9805
0 0 2359
-1
0 0 8572
1 491 491
1 27146 27146
0 0 12308
-1
0 0 3991
0 0 6943
-1
0 0 3774
0 0 10305
-1
-1
-1
-1
-1
-1
-1
0 0 3558
0 0 2867
-1
-1
-1
0 0 7503
1 28915 28915
1 18526 18526
0 0 4572
-1
1 8965 8965
0 0 4848
1 16668 16668
-1
-1
1 30541 30541
-1
1 6018 6018
0 0 11785
0 0 4441
1 32350 32350
0 0 12617
1 2879 2879
-1
0 0 5313
1 2542 2542
1 27493 27493
1 26118 26118
-1
0 0 15172
-1
-1
0 0 3008
-1
-1
-1
1 18263 18263
-1
1 18493 18493
0 0 8674
1 16998 16998
0 0 5969
-1
1 21913 21913
1 4334 4334
-1
0 0 5100
-1
1 14948 14948
1 22300 22300
0 0 9886
1 1962 1962
0 0 11511
-1
0 0 3322
1 1240 1240
-1
1 26764 26764
1 22567 22567
1 11234 11234
1 30058 30058
0 0 1710
-1
-1
1 8878 8878
-1
-1
0 0 1060
-1
1 20909 20909
-1
0 0 12188
1 13212 13212
-1
-1
-1
-1
0 0 13741
0 0 14245
0 0 8618
-1
0 0 14221
1 11234 11234
1 10249 10249
1 15905 15905
-1
0 0 983
-1
-1
0 0 4494
1 21110 21110
-1
-1
-1
-1
-1
0 0 202
0 0 11481
-1
0 0 2074
0 0 8549
0 0 14882
-1
1 7421 7421
0 0 1485
-1
-1
-1
-1
0 0 1199
1 8179 8179
1 16262 16262
1 22850 22850
0 0 13021
-1
0 0 16136
1 30516 30516
-1
-1
0 0 2168
1 18426 18426
1 4064 4064
0 0 12617
1 5567 5567
0 0 7537
1 4343 4343
1 7247 7247
-1
-1
0 0 766
-1
0 0 8563
0 0 15219
0 0 4596
-1
-1
0 0 3921
0 0 8644
0 0 4209
1 26317 26317
0 0 8038
0 0 15615
0 0 9480
0 0 4459
0 0 2267
-1
0 0 10578
-1
-1
-1
-1
1 25187 25187
1 23583 23583
-1
0 0 10334
0 0 1824
0 0 13413
0 0 7454
0 0 1695
1 20575 20575
0 0 1479
1 29259 29259
0 0 8212
0 0 15695
-1
0 0 14188
1 11482 11482
-1
-1
-1
-1
0 0 10161
-1
1 7035 7035
0 0 7921
1 16263 16263
0 0 66
0 0 9203
-1
1 29714 29714
-1
-1
0 0 1726
0 0 10723
0 0 8406
1 6402 6402
-1
1 377 377
1 22818 22818
0 0 7615
0 0 5122
0 0 11851
1 32545 32545
-1
0 0 1662
0 0 10447
0 0 5264
-1
0 0 13455
-1
-1
1 28910 28910
-1
-1
0 0 15174
1 3089 3089
-1
0 0 5099
1 18923 18923
1 32753 32753
0 0 2351
0 0 9287
-1
1 15639 15639
1 14795 14795
0 0 9131
0 0 13938
-1
1 10296 10296
-1
1 26667 26667
1 21243 21243
1 7391 7391
-1
1 22380 22380
1 25584 25584
0 0 11831
1 8743 8743
-1
1 20375 20375
1 28040 28040
-1
-1
-1
1 9539 9539
1 21073 21073
-1
1 10756 10756
1 936 936
0 0 5891
-1
-1
0 0 12315
0 0 7641
0 0 12454
0 0 12109
-1
0 0 12204
1 4613 4613
-1
1 25097 25097
0 0 8328
1 12838 12838
1 32499 32499
1 23566 23566
-1
-1
0 0 15076
-1
1 1654 1654
-1
1 16872 16872
-1
1 9014 9014
0 0 1808
1 16032 16032
-1
1 300 300
0 0 200
1 5009 5009
-1
0 0 12842
-1
0 0 3736
-1
-1
0 0 15683
0 0 4772
1 29560 29560
1 32264 32264
1 9551 9551
1 27508 27508
0 0 3444
1 25070 25070
-1
0 0 16083
1 5587 5587
1 22203 22203
0 0 920
0 0 12369
-1
-1
-1
-1
1 4043 4043
0 0 12043
0 0 15372
-1
1 14608 14608
-1
-1
-1
0 0 14753
-1
0 0 14364
-1
1 12574 12574
-1
0 0 14608
-1
0 0 171
-1
1 23299 23299
0 0 3157
0 0 11658
0 0 4930
1 10222 10222
-1
1 14957 14957
-1
0 0 5011
0 0 9568
0 0 1657
1 13162 13162
0 0 9811
-1
1 28197 28197
1 19204 19204
-1
1 24222 24222
0 0 6653
-1
0 0 8429
-1
0 0 9647
1 27214 27214
0 0 1858
-1
0 0 12887
1 21383 21383
-1
0 0 3475
0 0 14365
1 6262 6262
1 10079 10079
-1
-1
-1
-1
1 11326 11326
-1
0 0 8946
1 15576 15576
0 0 3377
-1
0 0 14407
0 0 15973
-1
0 0 2769
-1
0 0 7920
0 0 5773
1 6802 6802
-1
-1
1 1117 1117
0 0 1880
1 7802 7802
1 31914 31914
1 22456 22456
0 0 16381
1 1991 1991
-1
-1
1 24677 24677
0 0 3161
0 0 8018
-1
0 0 10537
0 0 490
-1
-1
1 17697 17697
1 20568 20568
0 0 9793
-1
1 24989 24989
1 10874 10874
0 0 248
0 0 4685
0 0 9027
1 1040 1040
-1
0 0 373
-1
0 0 640
1 6506 6506
-1
1 19832 19832
1 19397 19397
1 24297 24297
1 31574 31574
1 31557 31557
-1
0 0 9436
-1
0 0 6409
-1
0 0 2698
0 0 1666
0 0 11507
-1
1 29932 29932
1 20674 20674
-1
0 0 2693
1 6758 6758
1 17199 17199
-1
1 15214 15214
-1
0 0 9585
0 0 136
0 0 2646
1 14287 14287
1 5709 5709
-1
1 19279 19279
1 3211 3211
0 0 6678
0 0 11258
-1
-1
1 31768 31768
1 3789 3789
0 0 6175
-1
-1
-1
-1
0 0 12150
-1
0 0 1252
0 0 5505
0 0 14567
-1
0 0 16149
0 0 798
1 10946 10946
0 0 5229
0 0 9054
1 15784 15784
1 31808 31808
1 19639 19639
1 1407 1407
0 0 12332
1 13044 13044
1 23939 23939
-1
-1
1 27198 27198
-1
1 15974 15974
-1
1 20658 20658
-1
0 0 6505
-1
0 0 7756
0 0 15348
0 0 7552
-1
0 0 2103
0 0 9344
0 0 5403
1 15341 15341
1 28513 28513
0 0 11930
0 0 1623
-1
1 16856 16856
-1
1 5143 5143
-1
-1
0 0 7211
1 21523 21523
1 26964 26964
-1
-1
1 20150 20150
-1
0 0 5985
0 0 5172
0 0 10374
-1
0 0 13406
-1
1 8084 8084
0 0 14632
0 0 5597
-1
0 0 14687
1 19715 19715
-1
0 0 11222
0 0 8633
-1
0 0 1267
0 0 14083
-1
1 30494 30494
-1
-1
1 32336 32336
0 0 8057
1 7572 7572
0 0 11776
1 11531 11531
1 29150 29150
1 2777 2777
0 0 4148
1 11120 11120
1 584 584
0 0 2859
1 12241 12241
1 8233 8233
-1
-1
1 11184 11184
1 19795 19795
-1
0 0 1919
0 0 8551
-1
1 29229 29229
-1
0 0 7397
1 7610 7610
0 0 9683
0 0 3790
0 0 8649
1 16119 16119
1 6990 6990
-1
-1
0 0 3795
1 12931 12931
-1
-1
0 0 2133
1 31800 31800
1 20506 20506
0 0 9292
1 9560 9560
0 0 14010
1 7485 7485
-1
-1
-1
0 0 1582
-1
-1
1 8194 8194
-1
-1
-1
0 0 10531
0 0 11957
0 0 8909
0 0 8360
-1
-1
-1
-1
-1
-1
-1
1 19033 19033
1 90 90
0 0 9206
1 17528 17528
1 16173 16173
-1
-1
0 0 16077
-1
1 11127 11127
0 0 16346
1 12401 12401
1 29889 29889
-1
-1
0 0 10200
0 0 1637
0 0 13418
-1
1 25441 25441
0 0 5388
-1
1 14352 14352
1 4448 4448
1 30324 30324
0 0 14622
-1
0 0 15087
0 0 12874
0 0 15158
1 30316 30316
1 19426 19426
1 7338 7338
-1
0 0 15246
-1
-1
1 24409 24409
0 0 6459
1 30129 30129
-1
0 0 13128
0 0 7422
-1
-1
-1
0 0 4913
1 645 645
1 20225 20225
1 2895 2895
1 11280 11280
1 12138 12138
1 11628 11628
0 0 1571
0 0 16336
1 29527 29527
1 17764 17764
0 0 2013
1 2660 2660
-1
1 21315 21315
1 20953 20953
0 0 14192
0 0 13104
1 27864 27864
0 0 10735
1 23884 23884
0 0 15374
0 0 7922
0 0 15952
-1
1 10011 10011
0 0 2638
-1
1 2135 2135
0 0 10559
0 0 7959
1 19588 19588
0 0 8501
0 0 7966
1 13110 13110
-1
1 23128 23128
0 0 9680
0 0 2594
1 27309 27309
1 10329 10329
1 451 451
1 30306 30306
-1
-1
1 26135 26135
1 32647 32647
1 31110 31110
0 0 9158
0 0 4721
1 21283 21283
-1
1 9917 9917
-1
0 0 10059
0 0 4699
0 0 10364
-1
-1
0 0 7814
1 26371 26371
0 0 2519
1 28501 28501
1 12584 12584
1 22733 22733
-1
0 0 14547
0 0 797
1 31234 31234
-1
-1
0 0 1666
-1
1 4833 4833
-1
0 0 2350
0 0 7013
-1
-1
1 24498 24498
1 1204 1204
1 11688 11688
0 0 5093
-1
1 16303 16303
0 0 13430
-1
-1
0 0 10420
1 20199 20199
0 0 16033
0 0 13942
0 0 2335
1 2041 2041
1 32369 32369
-1
0 0 1764
0 0 5292
1 662 662
1 4906 4906
1 5964 5964
1 28044 28044
1 19845 19845
-1
-1
0 0 7801
-1
1 19457 19457
0 0 6516
1 1597 1597
0 0 2279
-1
0 0 13642
1 26352 26352
0 0 392
0 0 13118
1 21602 21602
-1
0 0 10742
0 0 12073
0 0 9936
0 0 14565
0 0 6589
-1
-1
-1
-1
1 7055 7055
1 17821 17821
-1
1 7746 7746
1 25281 25281
-1
-1
0 0 4151
0 0 13119
-1
-1
0 0 13333
0 0 15470
0 0 5883
0 0 1524
-1
0 0 14404
0 0 16054
-1
0 0 7833
-1
1 20759 20759
0 0 1141
1 2320 2320
1 13398 13398
-1
-1
1 24734 24734
1 10547 10547
0 0 16310
1 17121 17121
1 14216 14216
-1
0 0 4677
1 17151 17151
0 0 7798
0 0 6048
1 15302 15302
1 15141 15141
0 0 11245
0 0 4369
0 0 13805
1 29935 29935
0 0 14830
0 0 4503
-1
1 18512 18512
-1
-1
0 0 191
0 0 8709
1 28275 28275
-1
1 25101 25101
0 0 4893
1 19160 19160
1 7722 7722
0 0 9526
0 0 4709
-1
0 0 9484
0 0 15598
0 0 766
1 16899 16899
0 0 2873
0 0 1897
-1
-1
1 29413 29413
0 0 3514
1 7666 7666
0 0 2567
0 0 5466
0 0 1296
0 0 14253
1 2781 2781
1 5433 5433
0 0 10483
-1
-1
1 5723 5723
1 31499 31499
-1
-1
0 0 14221
0 0 14786
1 18965 18965
0 0 11459
0 0 12038
-1
1 24936 24936
-1
0 0 2027
1 12766 12766
-1
-1
1 24499 24499
-1
0 0 7833
1 9270 9270
-1
0 0 5346
0 0 4917
-1
-1
0 0 392
-1
0 0 15029
0 0 11420
-1
1 7759 7759
0 0 4654
-1
1 11855 11855
0 0 14105
1 22347 22347
-1
0 0 6366
-1
-1
1 30271 30271
0 0 13486
-1
0 0 525
1 9387 9387
0 0 4568
1 28360 28360
0 0 525
1 13267 13267
0 0 11061
-1
0 0 3755
-1
0 0 6522
1 719 719
-1
1 27561 27561
-1
1 4171 4171
-1
0 0 7353
-1
-1
1 18101 18101
1 25387 25387
1 8077 8077
-1
1 32611 32611
1 16148 16148
1 2294 2294
-1
0 0 3912
0 0 5248
-1
0 0 6157
-1
1 29398 29398
-1
1 4343 4343
-1
-1
1 15422 15422
1 18933 18933
0 0 15675
1 3907 3907
1 17224 17224
1 8542 8542
0 0 13283
0 0 5189
0 0 2807
-1
-1
1 16417 16417
-1
0 0 15646
1 10403 10403
1 32210 32210
1 4869 4869
0 0 2995
0 0 16332
0 0 6461
0 0 4792
-1
-1
-1
-1
-1
1 15097 15097
-1
-1
0 0 7424
1 1030 1030
1 1457 1457
0 0 7989
0 0 14197
-1
1 30213 30213
-1
0 0 6188
0 0 15559
-1
-1
0 0 13700
-1
-1
-1
1 11787 11787
1 14950 14950
1 26872 26872
0 0 1658
-1
-1
1 15145 15145
0 0 14775
1 30706 30706
0 0 11544
1 10032 10032
1 25132 25132
1 17692 17692
-1
0 0 4634
0 0 14152
0 0 1042
1 19404 19404
-1
0 0 151
-1
1 426 426
0 0 15255
-1
1 7678 7678
0 0 14509
0 0 813
-1
1 32180 32180
0 0 9234
1 10726 10726
0 0 6495
-1
0 0 5663
1 22237 22237
-1
0 0 14548
1 10586 10586
-1
-1
1 4677 4677
1 27927 27927
0 0 7056
-1
1 27033 27033
-1
1 7141 7141
-1
1 22949 22949
0 0 8675
0 0 3845
-1
1 21823 21823
-1
-1
-1
0 0 3143
-1
0 0 5604
0 0 2615
0 0 6345
1 20531 20531
-1
1 7767 7767
1 22684 22684
0 0 14134
-1
1 25922 25922
0 0 3175
-1
-1
1 5354 5354
1 18596 18596
0 0 1842
0 0 13647
1 15161 15161
0 0 10549
1 24860 24860
1 30190 30190
0 0 7784
0 0 9824
1 31799 31799
-1
-1
0 0 12687
1 31700 31700
-1
-1
1 3659 3659
1 21509 21509
1 3559 3559
1 13975 13975
-1
-1
-1
-1
1 3037 3037
0 0 6295
-1
1 3103 3103
-1
0 0 2888
0 0 3504
1 234 234
-1
1 15959 15959
-1
0 0 13191
-1
-1
1 23694 23694
1 15051 15051
1 16311 16311
1 17756 17756
1 3811 3811
1 30614 30614
1 19233 19233
-1
0 0 4044
0 0 5707
1 11635 11635
1 16226 16226
1 20212 20212
1 24872 24872
1 5610 5610
1 14266 14266
-1
-1
0 0 13068
-1
1 26504 26504
-1
0 0 11569
-1
0 0 16342
0 0 10165
-1
-1
-1
0 0 14006
1 2564 2564
-1
1 14853 14853
0 0 11307
-1
0 0 6075
0 0 5903
0 0 5024
0 0 10691
-1
0 0 10352
0 0 13432
-1
1 4548 4548
-1
0 0 1073
1 13027 13027
1 26545 26545
-1
1 327 327
0 0 4808
1 14708 14708
1 22251 22251
1 25731 25731
0 0 169
-1
1 15487 15487
-1
0 0 12609
0 0 1429
1 12533 12533
-1
-1
-1
1 14484 14484
0 0 2266
-1
1 2759 2759
-1
1 3268 3268
-1
1 27390 27390
0 0 16359
0 0 277
1 24835 24835
-1
0 0 7022
1 24710 24710
-1
-1
1 248 248
-1
0 0 9281
1 8055 8055
-1
0 0 12101
-1
1 6462 6462
-1
-1
0 0 3015
1 26765 26765
-1
0 0 3425
1 7660 7660
0 0 6860
-1
0 0 4497
1 1599 1599
1 26508 26508
-1
1 19553 19553
-1
0 0 10371
-1
-1
1 4588 4588
1 11415 11415
1 25143 25143
-1
0 0 14551
-1
0 0 5680
-1
0 0 1688
-1
-1
1 31948 31948
0 0 3421
0 0 8622
1 26810 26810
-1
1 12261 12261
1 21908 21908
-1
1 10813 10813
-1
0 0 15812
1 503 503
0 0 1136
-1
-1
-1
-1
-1
1 5452 5452
0 0 16336
-1
1 9537 9537
0 0 15044
-1
1 13449 13449
1 32768 32768
0 0 1459
-1
0 0 8921
0 0 14573
0 0 4158
0 0 4358
1 17287 17287
-1
1 24537 24537
1 19618 19618
-1
0 0 15587
1 4736 4736
-1
1 25920 25920
1 16416 16416
-1
0 0 12453
-1
-1
1 9847 9847
1 16961 16961
-1
0 0 15103
1 12303 12303
1 1285 1285
-1
1 2368 2368
1 9856 9856
0 0 10621
-1
1 2886 2886
0 0 12809
1 21914 21914
1 28388 28388
-1
-1
0 0 7030
-1
1 11569 11569
-1
0 0 14601
0 0 13602
-1
0 0 4041
1 29630 29630
1 24588 24588
-1
0 0 6008
-1
0 0 297
-1
-1
1 10328 10328
0 0 10535
1 32276 32276
1 22927 22927
0 0 14472
1 15588 15588
-1
1 24509 24509
1 7396 7396
1 32562 32562
0 0 13535
-1
0 0 5108
0 0 11651
1 21534 21534
-1
0 0 10597
1 7016 7016
0 0 15800
0 0 2165
-1
1 26893 26893
0 0 3478
1 15625 15625
1 5302 5302
1 28386 28386
1 8866 8866
-1
1 26745 26745
-1
0 0 9912
0 0 14107
1 1678 1678
-1
1 3085 3085
0 0 1286
1 32259 32259
0 0 12066
1 15426 15426
1 382 382
-1
-1
0 0 6357
0 0 3337
-1
1 26203 26203
0 0 1820
1 31299 31299
1 10217 10217
1 29966 29966
0 0 13657
1 5630 5630
1 10887 10887
1 16407 16407
1 20273 20273
1 27429 27429
-1
0 0 4864
1 31648 31648
0 0 1799
1 9427 9427
1 24587 24587
1 65 65
0 0 770
0 0 6033
1 18091 18091
0 0 4885
0 0 15587
1 9757 9757
1 26120 26120
0 0 5089
-1
1 16131 16131
1 25215 25215
-1
-1
1 31533 31533
-1
1 24912 24912
0 0 16066
-1
1 2094 2094
1 8505 8505
1 28271 28271
-1
-1
-1
1 27174 27174
-1
0 0 11476
1 30577 30577
0 0 15696
-1
1 29472 29472
0 0 8598
1 16586 16586
1 13400 13400
0 0 3599
1 4778 4778
-1
0 0 4559
-1
0 0 3704
0 0 8136
1 7098 7098
-1
1 5853 5853
0 0 9892
-1
1 2966 2966
1 2977 2977
-1
-1
1 6407 6407
0 0 673
-1
1 25625 25625
0 0 13303
0 0 653
0 0 7462
1 3963 3963
1 7705 7705
-1
1 23265 23265
-1
1 1031 1031
1 29812 29812
1 28356 28356
-1
1 18796 18796
-1
-1
1 28870 28870
0 0 3288
1 18952 18952
-1
-1
0 0 56
-1
0 0 6459
0 0 13095
-1
-1
0 0 11972
1 13630 13630
1 11225 11225
0 0 7815
-1
1 23277 23277
-1
0 0 12736
0 0 3564
1 7472 7472
-1
1 28812 28812
-1
0 0 15350
-1
1 12886 12886
0 0 4121
-1
-1
-1
0 0 7027
0 0 9195
1 7703 7703
1 7499 7499
1 25273 25273
1 6068 6068
-1
1 27867 27867
1 16306 16306
1 18034 18034
-1
0 0 3963
-1
-1
-1
1 11999 11999
1 7794 7794
-1
-1
0 0 2968
0 0 1925
0 0 13786
-1
1 6743 6743
-1
1 21796 21796
1 20552 20552
1 23316 23316
0 0 4780
1 26162 26162
1 31891 31891
-1
0 0 11019
1 8973 8973
0 0 7407
1 17657 17657
-1
-1
0 0 15748
1 20936 20936
-1
1 15180 15180
0 0 2000
1 17529 17529
0 0 1521
-1
1 10344 10344
-1
1 14041 14041
1 16363 16363
1 11227 11227
0 0 14134
0 0 10768
-1
-1
0 0 8186
1 1072 1072
-1
-1
1 3309 3309
0 0 1849
0 0 2609
1 2796 2796
1 14729 14729
-1
0 0 7765
0 0 15524
-1
-1
0 0 7606
1 26034 26034
0 0 13011
-1
0 0 10127
0 0 13229
1 14904 14904
-1
1 22220 22220
-1
-1
0 0 3566
-1
1 13741 13741
-1
-1
-1
1 11450 11450
1 6054 6054
-1
-1
0 0 4967
1 9761 9761
0 0 5600
0 0 7482
0 0 271
-1
0 0 2838
0 0 1912
-1
0 0 1356
0 0 14510
-1
-1
0 0 16221
0 0 13594
1 19495 19495
1 25607 25607
1 32369 32369
1 2704 2704
1 15268 15268
-1
1 7906 7906
1 9661 9661
-1
-1
0 0 67
-1
-1
1 13530 13530
-1
1 17415 17415
0 0 106
0 0 6726
-1
0 0 1730
1 27300 27300
1 1642 1642
-1
1 26516 26516
0 0 10766
-1
-1
1 24648 24648
1 6369 6369
0 0 3456
-1
1 27173 27173
0 0 7764
0 0 12530
1 20326 20326
1 30887 30887
1 27580 27580
1 15438 15438
1 30527 30527
1 27835 27835
1 19326 19326
0 0 4041
1 6116 6116
-1
1 6880 6880
1 1858 1858
1 30274 30274
0 0 13259
0 0 4468
1 27034 27034
-1
0 0 511
0 0 15258
-1
1 6659 6659
1 14905 14905
-1
0 0 9189
0 0 1649
0 0 11516
0 0 15729
0 0 1811
0 0 11453
0 0 7601
1 27359 27359
1 32052 32052
0 0 5547
1 23443 23443
-1
1 13367 13367
-1
1 18710 18710
0 0 798
0 0 3092
-1
-1
0 0 1944
-1
1 10669 10669
0 0 11337
-1
-1
0 0 9776
0 0 4022
-1
1 1870 1870
0 0 15694
0 0 813
-1
0 0 2076
1 20586 20586
1 16047 16047
-1
0 0 8442
-1
-1
-1
0 0 2330
0 0 10305
-1
1 13994 13994
1 19418 19418
0 0 15617
1 21263 21263
-1
0 0 12735
1 27266 27266
0 0 8544
0 0 2280
0 0 3575
-1
-1
1 25046 25046
0 0 15701
-1
-1
0 0 5944
-1
1 26074 26074
-1
0 0 11719
1 31111 31111
1 15836 15836
-1
1 4274 4274
-1
-1
0 0 6499
0 0 13498
0 0 7826
-1
1 235 235
1 30207 30207
-1
-1
0 0 12658
-1
1 28119 28119
0 0 288
1 14453 14453
1 25856 25856
1 18100 18100
-1
0 0 490
1 4912 4912
-1
-1
-1
0 0 7887
1 12182 12182
-1
0 0 5643
0 0 6508
-1
-1
1 2602 2602
-1
0 0 15942
-1
0 0 5302
-1
0 0 11556
-1
0 0 12779
1 18836 18836
1 11083 11083
-1
1 4312 4312
1 19111 19111
0 0 12728
0 0 12454
1 16849 16849
1 2815 2815
1 3265 3265
1 8034 8034
0 0 10060
1 7713 7713
0 0 7680
0 0 10987
0 0 6396
0 0 14613
-1
-1
1 13872 13872
-1
1 8137 8137
-1
0 0 14520
-1
1 11224 11224
-1
-1
-1
-1
-1
1 31896 31896
-1
0 0 7629
1 2304 2304
-1
0 0 2690
-1
-1
-1
1 17933 17933
0 0 8492
-1
1 1994 1994
0 0 13941
-1
1 4489 4489
-1
0 0 12075
1 8515 8515
0 0 13042
1 6855 6855
0 0 3856
-1
1 4149 4149
0 0 8797
0 0 8150
-1
0 0 1644
1 13792 13792
-1
-1
1 24192 24192
1 31598 31598
1 13947 13947
-1
1 14001 14001
0 0 13322
-1
-1
1 28227 28227
0 0 10299
0 0 3125
-1
0 0 9970
1 6057 6057
1 10697 10697
1 3994 3994
-1
1 2997 2997
0 0 10800
-1
0 0 7447
1 4635 4635
0 0 13136
1 7312 7312
1 29652 29652
1 9292 9292
0 0 325
1 29608 29608
1 28806 28806
-1
0 0 10011
1 14679 14679
-1
1 20634 20634
0 0 14887
1 29347 29347
-1
1 480 480
0 0 14921
1 16962 16962
1 30896 30896
-1
-1
0 0 1681
0 0 6337
0 0 4922
-1
0 0 14192
1 13120 13120
1 23076 23076
1 26251 26251
-1
0 0 15406
-1
1 29703 29703
0 0 12546
1 10398 10398
0 0 14384
0 0 7179
0 0 6743
-1
1 3464 3464
0 0 9656
0 0 7391
-1
0 0 5677
1 3936 3936
-1
-1
0 0 3428
0 0 16162
-1
1 872 872
0 0 14425
-1
0 0 1386
1 9653 9653
-1
1 22222 22222
-1
0 0 2786
1 16199 16199
0 0 13194
-1
1 9900 9900
-1
0 0 8266
1 20956 20956
-1
1 18748 18748
0 0 328
1 25629 25629
1 30329 30329
0 0 2328
1 22626 22626
0 0 7372
0 0 8726
1 32497 32497
1 31217 31217
-1
1 20822 20822
-1
0 0 15903
0 0 639
-1
1 8199 8199
0 0 14574
0 0 9352
1 8378 8378
0 0 4330
-1
-1
-1
-1
-1
0 0 13414
0 0 1456
0 0 11651
-1
1 30804 30804
1 32436 32436
1 3868 3868
0 0 8734
0 0 15131
1 1344 1344
0 0 14642
1 32586 32586
1 5410 5410
1 29747 29747
1 30876 30876
1 26177 26177
0 0 15999
0 0 12233
-1
1 18623 18623
0 0 4016
-1
1 9346 9346
1 14327 14327
1 23573 23573
0 0 11369
-1
-1
-1
-1
-1
0 0 7714
0 0 10967
0 0 5723
1 20432 20432
-1
1 8621 8621
-1
0 0 12576
0 0 4010
-1
-1
-1
1 2667 2667
-1
1 23988 23988
0 0 1230
0 0 9032
0 0 14514
-1
-1
-1
1 23234 23234
-1
0 0 7985
0 0 12368
0 0 3090
0 0 8735
1 15338 15338
0 0 2593
0 0 12757
0 0 6011
-1
0 0 15030
0 0 340
-1
1 12439 12439
1 10154 10154
-1
0 0 572
-1
-1
1 21346 21346
0 0 13523
0 0 4923
-1
0 0 2085
-1
0 0 12569
0 0 9872
0 0 14337
-1
1 6797 6797
-1
1 25445 25445
-1
0 0 14067
1 28185 28185
0 0 2237
1 6460 6460
1 24856 24856
-1
-1
0 0 2996
0 0 7669
1 26099 26099
-1
0 0 16167
-1
-1
1 28163 28163
0 0 621
-1
0 0 13675
1 18167 18167
-1
0 0 9578
0 0 6952
1 10344 10344
0 0 2835
0 0 14671
0 0 13847
-1
-1
-1
0 0 9718
1 9609 9609
0 0 6163
-1
1 8865 8865
1 7260 7260
-1
0 0 7002
1 15217 15217
1 27382 27382
1 27893 27893
-1
-1
-1
0 0 15751
1 22299 22299
0 0 5299
-1
-1
-1
-1
-1
-1
-1
1 11159 11159
1 3383 3383
0 0 4300
0 0 13711
1 22011 22011
1 23789 23789
0 0 596
1 27551 27551
0 0 11397
-1
-1
0 0 10096
1 120 120
1 19718 19718
1 6388 6388
1 9468 9468
0 0 11525
0 0 7770
1 3549 3549
1 2298 2298
0 0 15118
-1
-1
1 19801 19801
1 30752 30752
0 0 3183
1 10209 10209
0 0 15429
-1
0 0 16045
-1
0 0 2235
1 11796 11796
-1
0 0 12227
-1
1 31944 31944
1 5049 5049
1 10295 10295
-1
-1
-1
1 937 937
-1
-1
-1
1 28716 28716
0 0 10777
1 8955 8955
-1
0 0 3120
1 21523 21523
0 0 15649
1 19600 19600
0 0 7645
-1
-1
-1
-1
1 12747 12747
1 4891 4891
-1
1 31963 31963
1 1083 1083
0 0 9220
1 28137 28137
-1
1 5471 5471
0 0 2409
0 0 13022
0 0 356
1 8229 8229
-1
1 16253 16253
0 0 2269
1 18800 18800
1 276 276
1 12470 12470
-1
0 0 5707
-1
-1
1 27327 27327
1 14304 14304
1 32453 32453
0 0 3300
-1
0 0 11398
0 0 10820
1 1086 1086
0 0 3018
1 31183 31183
-1
1 25700 25700
1 4169 4169
0 0 9766
-1
-1
0 0 5610
1 26527 26527
-1
0 0 11165
1 15004 15004
-1
-1
0 0 4371
1 24664 24664
-1
1 26713 26713
0 0 9758
1 23703 23703
0 0 11059
-1
-1
-1
1 17571 17571
1 5608 5608
0 0 8269
-1
1 7939 7939
-1
0 0 3167
1 10191 10191
1 12505 12505
0 0 4378
-1
0 0 2004
-1
1 11095 11095
1 5217 5217
0 0 15194
-1
1 5545 5545
1 11377 11377
-1
-1
1 1482 1482
0 0 3528
1 32192 32192
1 24468 24468
-1
-1
1 7753 7753
1 14820 14820
0 0 12588
0 0 14960
0 0 4103
1 19099 19099
0 0 2293
0 0 4771
1 11364 11364
1 6838 6838
0 0 3911
1 4642 4642
0 0 8954
-1
-1
1 7698 7698
-1
1 15704 15704
1 18737 18737
0 0 4147
-1
-1
1 9970 9970
1 27041 27041
1 6926 6926
-1
0 0 6438
-1
-1
0 0 5839
-1
1 15332 15332
1 17742 17742
1 32591 32591
1 31527 31527
-1
-1
0 0 11524
-1
1 27659 27659
1 18616 18616
1 17511 17511
1 9803 9803
1 31911 31911
0 0 12323
0 0 5758
-1
1 1159 1159
0 0 13730
1 14034 14034
1 10114 10114
-1
0 0 9874
-1
-1
-1
-1
0 0 7625
1 29653 29653
-1
-1
0 0 2471
1 5379 5379
1 30853 30853
1 2023 2023
0 0 1908
0 0 2246
-1
0 0 4069
1 17195 17195
-1
0 0 15508
-1
1 21588 21588
-1
0 0 4678
0 0 4737
1 29335 29335
-1
0 0 9779
-1
-1
1 4235 4235
1 30533 30533
-1
1 28148 28148
-1
-1
0 0 15814
0 0 5083
1 25765 25765
0 0 1388
1 32061 32061
-1
1 21253 21253
0 0 13400
0 0 11817
-1
1 4040 4040
1 19671 19671
1 7985 7985
0 0 2849
-1
0 0 14448
-1
-1
-1
0 0 2825
-1
0 0 5147
0 0 3535
-1
-1
1 21741 21741
-1
0 0 7503
0 0 449
0 0 14351
-1
1 31625 31625
1 881 881
-1
0 0 12158
1 6599 6599
1 25682 25682
0 0 13134
0 0 9771
1 8356 8356
-1
1 28064 28064
1 8220 8220
0 0 5904
-1
1 9103 9103
-1
1 14192 14192
-1
-1
0 0 8632
0 0 3773
-1
1 28186 28186
0 0 3000
-1
0 0 13638
1 18959 18959
1 27586 27586
0 0 9332
0 0 2853
-1
0 0 10888
0 0 399
0 0 1804
0 0 2059
1 32028 32028
0 0 11868
-1
0 0 2653
-1
0 0 14929
1 21413 21413
1 19776 19776
0 0 5731
0 0 12350
0 0 14888
-1
-1
1 28954 28954
-1
1 23565 23565
-1
0 0 9090
0 0 29
1 9348 9348
1 10736 10736
1 14072 14072
-1
-1
-1
1 32356 32356
-1
1 13235 13235
0 0 15115
-1
-1
-1
1 6466 6466
0 0 16373
1 17118 17118
1 23423 23423
0 0 7411
1 30952 30952
0 0 4485
1 6158 6158
1 24584 24584
-1
0 0 9028
0 0 14052
0 0 7970
1 541 541
0 0 1335
1 14191 14191
-1
0 0 12151
0 0 7826
-1
1 30047 30047
0 0 1917
0 0 4980
0 0 13532
1 11478 11478
1 30545 30545
0 0 12581
1 5533 5533
1 2716 2716
1 20020 20020
1 1202 1202
1 17644 17644
-1
-1
1 5845 5845
-1
-1
-1
-1
-1
1 9250 9250
1 26982 26982
0 0 14446
-1
1 31586 31586
1 3769 3769
0 0 5035
1 21071 21071
0 0 2138
0 0 14525
1 19385 19385
1 9191 9191
0 0 11775
-1
1 9955 9955
0 0 12897
0 0 12953
0 0 2039
-1
1 8860 8860
1 17632 17632
-1
-1
0 0 81
1 29860 29860
1 22546 22546
0 0 5580
1 29687 29687
-1
0 0 4520
-1
0 0 10264
0 0 4521
-1
0 0 10438
1 9176 9176
-1
-1
1 25825 25825
0 0 12918
-1
1 19176 19176
0 0 11548
1 28000 28000
1 11 11
1 26429 26429
1 6929 6929
-1
-1
0 0 12863
-1
0 0 9592
1 5924 5924
-1
1 4440 4440
-1
-1
0 0 4803
1 20325 20325
1 1579 1579
1 29520 29520
0 0 6394
1 11055 11055
-1
-1
1 18836 18836
1 1750 1750
0 0 9207
1 27769 27769
-1
-1
0 0 13251
-1
0 0 15291
-1
0 0 5167
-1
-1
1 6578 6578
-1
0 0 15465
0 0 10399
1 23081 23081
1 16091 16091
0 0 6611
0 0 10801
1 10128 10128
0 0 14835
1 17188 17188
1 1086 1086
0 0 2111
-1
1 32701 32701
-1
0 0 13745
-1
0 0 7676
0 0 11395
-1
0 0 9182
-1
1 17573 17573
-1
1 4703 4703
-1
-1
-1
-1
0 0 9402
-1
0 0 15491
0 0 4823
-1
-1
1 8981 8981
-1
1 3241 3241
0 0 1415
-1
1 7157 7157
1 24366 24366
0 0 12347
0 0 7825
0 0 7137
1 22329 22329
0 0 5034
-1
-1
1 27119 27119
-1
0 0 5150
1 13181 13181
0 0 1414
0 0 5395
1 24534 24534
0 0 11993
-1
-1
-1
1 13292 13292
1 29520 29520
0 0 12283
0 0 10151
-1
0 0 8103
-1
1 1083 1083
1 2670 2670
-1
-1
0 0 6532
-1
1 22208 22208
0 0 13112
1 25489 25489
0 0 3027
1 31748 31748
-1
1 28033 28033
-1
-1
-1
0 0 2156
0 0 11706
1 20742 20742
-1
1 24174 24174
0 0 227
1 18575 18575
1 10857 10857
1 28777 28777
-1
1 25499 25499
0 0 6104
0 0 14692
-1
0 0 928
1 808 808
0 0 15854
1 664 664
1 32043 32043
0 0 8298
0 0 6757
1 16938 16938
1 17433 17433
0 0 309
0 0 10502
1 4591 4591
0 0 6191
0 0 493
-1
-1
-1
1 6081 6081
1 18192 18192
0 0 10224
0 0 13455
-1
0 0 11892
-1
-1
-1
0 0 14881
0 0 9286
-1
1 8085 8085
-1
0 0 13768
-1
1 27438 27438
1 18490 18490
0 0 939
1 14634 14634
0 0 1078
1 20880 20880
-1
1 377 377
-1
1 5842 5842
-1
0 0 15172
-1
-1
1 24277 24277
1 13662 13662
1 31479 31479
1 10531 10531
-1
0 0 4811
1 20674 20674
-1
1 29986 29986
-1
0 0 12536
0 0 9922
1 7910 7910
1 24702 24702
0 0 12785
-1
-1
0 0 2532
-1
0 0 13257
0 0 1141
-1
-1
-1
-1
1 10528 10528
0 0 14002
0 0 17
0 0 2904
1 4289 4289
0 0 13506
-1
0 0 189
0 0 14488
-1
-1
0 0 3980
0 0 3158
0 0 10644
-1
0 0 14966
0 0 14913
1 647 647
1 27252 27252
-1
1 29079 29079
1 28889 28889
1 19181 19181
-1
1 11487 11487
-1
-1
0 0 7114
0 0 14836
0 0 804
-1
0 0 16185
1 5455 5455
0 0 10865
1 7231 7231
0 0 12500
-1
-1
0 0 5075
1 25036 25036
-1
0 0 44
0 0 5356
1 23141 23141
0 0 2641
1 22375 22375
-1
0 0 5945
1 18637 18637
-1
1 31054 31054
-1
-1
0 0 15708
1 436 436
1 21802 21802
-1
0 0 6771
0 0 11290
-1
-1
-1
0 0 1081
-1
-1
-1
-1
1 18439 18439
0 0 1328
1 31316 31316
1 30176 30176
1 10251 10251
0 0 15662
0 0 11649
1 17662 17662
-1
0 0 5596
0 0 224
1 4791 4791
-1
1 16639 16639
-1
-1
0 0 2696
0 0 12842
-1
-1
0 0 2235
0 0 15353
0 0 11800
0 0 13055
-1
-1
0 0 14853
-1
-1
1 25666 25666
-1
-1
0 0 9477
0 0 5923
1 28042 28042
-1
1 15479 15479
1 23606 23606
0 0 11006
1 1277 1277
0 0 9422
1 12332 12332
0 0 6969
1 28258 28258
-1
1 22360 22360
0 0 9544
0 0 13025
1 30974 30974
1 19068 19068
0 0 2842
0 0 15727
-1
1 32367 32367
0 0 3318
-1
0 0 14920
0 0 12879
1 22400 22400
1 29017 29017
-1
1 15239 15239
1 9829 9829
-1
-1
1 12093 12093
-1
0 0 934
1 18257 18257
-1
0 0 5829
-1
1 24072 24072
1 13376 13376
1 6589 6589
0 0 6072
-1
1 17944 17944
-1
0 0 12271
1 20721 20721
-1
0 0 10279
0 0 5343
0 0 8349
0 0 7921
-1
1 9156 9156
1 14862 14862
0 0 6572
0 0 14808
1 4977 4977
1 16922 16922
-1
0 0 6580
0 0 13008
0 0 12544
-1
-1
-1
-1
1 28078 28078
-1
1 11406 11406
-1
1 2611 2611
0 0 2033
-1
-1
-1
-1
0 0 627
0 0 7828
1 23446 23446
-1
-1
-1
0 0 71
1 2489 2489
0 0 2080
1 24034 24034
0 0 14986
-1
0 0 3622
0 0 7622
1 3301 3301
0 0 7223
0 0 2746
0 0 7225
1 4438 4438
0 0 4785
-1
0 0 4262
1 12749 12749
1 9046 9046
-1
0 0 10464
-1
0 0 7823
-1
-1
-1
0 0 1698
0 0 8588
0 0 3827
-1
1 8834 8834
1 7004 7004
1 23603 23603
0 0 10328
-1
-1
1 4171 4171
0 0 11783
-1
0 0 14614
1 15389 15389
0 0 15808
-1
1 3477 3477
-1
-1
0 0 14366
0 0 14800
1 237 237
0 0 8257
-1
0 0 2374
1 4491 4491
0 0 6747
0 0 731
0 0 10424
-1
1 11076 11076
1 3395 3395
0 0 9306
0 0 2485
1 5997 5997
1 25369 25369
1 19096 19096
-1
1 30859 30859
1 26185 26185
1 15273 15273
1 16777 16777
-1
-1
0 0 7591
1 7178 7178
1 9825 9825
-1
1 7232 7232
0 0 15812
-1
-1
-1
1 30716 30716
1 1040 1040
1 7784 7784
-1
1 76 76
0 0 14051
1 3558 3558
1 26252 26252
0 0 876
1 16929 16929
1 19427 19427
0 0 511
-1
1 25344 25344
1 3674 3674
-1
-1
-1
-1
-1
1 8668 8668
-1
0 0 6230
-1
0 0 14794
-1
0 0 2305
-1
-1
1 13999 13999
-1
0 0 13766
1 28343 28343
1 9909 9909
1 3211 3211
0 0 5243
0 0 14113
0 0 8411
1 14832 14832
0 0 37
0 0 15268
1 5285 5285
0 0 2738
1 9010 9010
-1
1 4097 4097
1 22660 22660
-1
-1
-1
0 0 2255
1 13311 13311
0 0 4290
0 0 4987
1 10298 10298
1 92 92
1 6908 6908
1 23034 23034
0 0 6342
0 0 15132
-1
-1
1 5380 5380
-1
0 0 1712
1 4784 4784
0 0 95
1 14838 14838
0 0 13782
0 0 8547
-1
-1
1 23479 23479
0 0 11912
1 30214 30214
1 5265 5265
1 29458 29458
-1
-1
1 31997 31997
0 0 11745
1 9443 9443
0 0 442
0 0 14417
0 0 14433
1 6510 6510
1 12801 12801
-1
0 0 5440
-1
-1
-1
1 23393 23393
-1
0 0 15810
-1
1 15415 15415
-1
0 0 15266
0 0 12519
1 18637 18637
1 17205 17205
1 20110 20110
-1
1 27747 27747
-1
0 0 7429
1 1628 1628
0 0 16148
0 0 11177
1 23187 23187
1 14726 14726
0 0 1763
-1
0 0 14045
-1
-1
1 27748 27748
-1
1 7543 7543
0 0 15666
0 0 15576
-1
-1
-1
-1
0 0 15814
0 0 4608
0 0 4541
-1
1 11355 11355
1 16068 16068
-1
0 0 10913
-1
0 0 13294
0 0 4294
-1
-1
0 0 13160
-1
0 0 15121
0 0 7548
-1
0 0 8748
0 0 1316
1 11441 11441
0 0 12558
-1
0 0 10508
-1
-1
-1
0 0 3546
-1
1 27264 27264
0 0 8917
1 1744 1744
-1
-1
1 11115 11115
-1
-1
0 0 6026
-1
0 0 9623
-1
1 21160 21160
1 13170 13170
0 0 31
1 23861 23861
1 25650 25650
1 5801 5801
0 0 16304
-1
-1
0 0 988
1 22445 22445
1 23705 23705
0 0 10681
0 0 12094
1 15566 15566
1 10031 10031
1 17567 17567
0 0 15904
0 0 11201
-1
-1
1 2120 2120
-1
-1
0 0 11639
1 31817 31817
0 0 5764
1 828 828
1 20736 20736
1 238 238
0 0 7070
1 25754 25754
1 8535 8535
-1
0 0 13155
0 0 2670
-1
1 9360 9360
0 0 10919
1 16319 16319
0 0 5353
-1
0 0 580
0 0 11481
-1
-1
0 0 12128
-1
-1
1 7866 7866
-1
0 0 392
-1
0 0 13509
0 0 15774
1 8031 8031
1 11042 11042
1 32341 32341
1 376 376
1 23942 23942
0 0 355
1 32612 32612
1 27559 27559
-1
-1
-1
0 0 4923
1 24805 24805
-1
-1
0 0 3350
0 0 1616
0 0 11219
0 0 2799
0 0 11662
-1
1 24208 24208
0 0 8123
-1
1 18689 18689
0 0 5098
1 25233 25233
1 17778 17778
1 31202 31202
0 0 13719
1 10674 10674
-1
1 20493 20493
1 31785 31785
1 22989 22989
1 23743 23743
1 26466 26466
1 25256 25256
-1
0 0 15705
0 0 8058
1 17247 17247
0 0 1034
0 0 15559
0 0 9927
0 0 3116
-1
-1
1 26155 26155
0 0 7352
0 0 6291
0 0 13012
0 0 13885
1 13527 13527
-1
0 0 10419
0 0 11440
1 30612 30612
0 0 12291
-1
-1
1 17918 17918
0 0 9343
-1
-1
-1
-1
0 0 13455
1 7438 7438
1 20197 20197
0 0 12215
0 0 6990
0 0 4452
1 25400 25400
0 0 8119
0 0 11558
1 10010 10010
0 0 11251
0 0 3059
0 0 7386
-1
0 0 4790
0 0 15645
-1
0 0 15699
1 32410 32410
0 0 4707
1 18072 18072
1 22968 22968
1 30998 30998
1 28504 28504
-1
1 12296 12296
-1
1 1968 1968
-1
-1
1 14769 14769
0 0 16131
1 4308 4308
-1
-1
1 8580 8580
1 12709 12709
1 28853 28853
0 0 16378
0 0 5732
0 0 377
-1
0 0 11727
-1
0 0 3183
0 0 10270
1 12763 12763
-1
0 0 16337
1 18182 18182
0 0 15628
1 14767 14767
-1
0 0 1828
-1
-1
0 0 3576
-1
1 14592 14592
0 0 13059
1 22219 22219
-1
1 21170 21170
0 0 11171
0 0 16144
-1
0 0 696
0 0 8871
-1
0 0 1661
-1
0 0 1070
0 0 14047
-1
-1
0 0 594
1 28666 28666
0 0 1185
0 0 6782
0 0 15206
1 25492 25492
0 0 14059
-1
-1
1 9209 9209
1 31571 31571
0 0 13618
1 25747 25747
-1
1 819 819
1 11698 11698
0 0 4642
0 0 11610
1 4385 4385
1 17798 17798
0 0 5498
1 6981 6981
1 24444 24444
-1
-1
0 0 14090
-1
-1
1 19056 19056
1 21747 21747
0 0 15809
-1
-1
0 0 4257
1 8177 8177
1 17683 17683
-1
0 0 4670
1 19287 19287
-1
0 0 11423
0 0 6228
0 0 12939
0 0 13145
1 15100 15100
1 26856 26856
-1
-1
-1
-1
-1
-1
0 0 12455
0 0 2368
-1
-1
1 13059 13059
1 5116 5116
0 0 201
0 0 8446
1 11072 11072
-1
-1
1 3662 3662
-1
1 20220 20220
-1
-1
-1
-1
0 0 15844
-1
1 1126 1126
0 0 10795
1 20436 20436
0 0 5856
1 1091 1091
1 9199 9199
-1
1 21688 21688
-1
-1
-1
1 20903 20903
1 8855 8855
0 0 9993
-1
-1
1 23917 23917
0 0 8449
1 25188 25188
0 0 2147
1 8974 8974
-1
-1
1 28981 28981
0 0 11845
-1
1 30540 30540
1 9496 9496
0 0 7092
0 0 4888
0 0 11702
-1
-1
-1
1 32715 32715
-1
1 22695 22695
0 0 4734
-1
-1
-1
0 0 8615
1 28881 28881
0 0 3002
1 22284 22284
-1
-1
-1
-1
1 19047 19047
1 8847 8847
-1
0 0 13580
-1
-1
0 0 16323
1 16481 16481
0 0 13405
1 24695 24695
-1
-1
1 15231 15231
-1
1 20551 20551
1 693 693
1 27058 27058
0 0 15517
1 29994 29994
0 0 2100
0 0 809
-1
0 0 13941
1 8490 8490
1 25077 25077
0 0 10084
0 0 2059
0 0 4983
0 0 15775
-1
-1
-1
1 16236 16236
0 0 13098
0 0 9345
1 30880 30880
1 6860 6860
0 0 965
1 10115 10115
-1
-1
0 0 15398
0 0 501
1 12605 12605
0 0 11106
0 0 11428
1 4456 4456
0 0 15150
-1
0 0 49
0 0 258
-1
-1
-1
-1
0 0 8528
0 0 1653
0 0 9925
1 29130 29130
1 31359 31359
1 343 343
0 0 6385
1 7075 7075
1 11756 11756
-1
-1
0 0 16251
1 1765 1765
0 0 3298
0 0 144
1 5995 5995
0 0 2479
-1
1 29450 29450
-1
1 4540 4540
1 16960 16960
-1
-1
-1
1 30218 30218
1 6533 6533
0 0 14672
1 19203 19203
-1
1 32467 32467
1 26699 26699
0 0 702
0 0 824
-1
1 13010 13010
0 0 15614
1 29895 29895
1 2346 2346
-1
-1
-1
0 0 9428
1 25548 25548
1 3368 3368
1 12964 12964
1 21974 21974
1 15742 15742
-1
-1
1 17649 17649
-1
-1
-1
-1
-1
1 30698 30698
1 32373 32373
1 2272 2272
1 11584 11584
-1
-1
0 0 9433
1 14028 14028
0 0 13567
1 20677 20677
1 15976 15976
0 0 1206
1 3494 3494
-1
1 9923 9923
0 0 14321
-1
0 0 4187
-1
1 32197 32197
-1
1 24491 24491
0 0 10487
0 0 9214
-1
0 0 2616
0 0 4384
0 0 13986
0 0 400
1 29406 29406
-1
0 0 14168
0 0 4905
-1
0 0 10586
-1
0 0 15113
1 7025 7025
1 6674 6674
0 0 7276
0 0 6194
1 11817 11817
0 0 3202
-1
-1
1 3244 3244
1 18158 18158
0 0 6214
1 11657 11657
-1
0 0 5936
1 4898 4898
-1
1 23321 23321
-1
1 9510 9510
0 0 2032
1 26676 26676
-1
1 1524 1524
0 0 12867
0 0 1600
0 0 4902
-1
0 0 9319
-1
-1
1 22922 22922
0 0 1331
0 0 5109
1 7219 7219
0 0 15959
-1
0 0 4206
1 25963 25963
0 0 2093
0 0 10561
0 0 8913
0 0 13044
1 26768 26768
0 0 12308
0 0 12876
0 0 12785
-1
1 25182 25182
-1
0 0 6304
0 0 413
1 11672 11672
0 0 9523
-1
-1
1 22202 22202
-1
0 0 13221
0 0 13092
0 0 10192
0 0 7640
0 0 9061
-1
-1
0 0 14614
-1
-1
0 0 4592
1 27422 27422
0 0 15341
-1
-1
0 0 2679
-1
0 0 6935
0 0 13214
-1
0 0 6975
1 2309 2309
1 31510 31510
1 26155 26155
0 0 13950
-1
0 0 8937
1 7497 7497
1 18729 18729
1 3373 3373
1 8699 8699
0 0 6869
1 14711 14711
0 0 5894
1 27398 27398
1 920 920
1 14730 14730
0 0 7280
-1
-1
1 9914 9914
0 0 8543
1 4471 4471
1 3888 3888
-1
-1
0 0 1418
-1
1 20821 20821
1 30634 30634
1 4870 4870
1 20728 20728
-1
0 0 6918
1 9482 9482
0 0 5415
0 0 140
-1
0 0 15466
0 0 397
1 24223 24223
0 0 13339
1 20105 20105
1 6577 6577
0 0 7307
-1
-1
-1
1 6084 6084
0 0 4520
0 0 4808
1 26883 26883
0 0 9167
0 0 4284
0 0 12537
0 0 10152
1 32725 32725
-1
-1
1 24462 24462
0 0 11042
0 0 9632
0 0 14818
0 0 7675
1 1026 1026
0 0 15291
0 0 11326
0 0 4845
0 0 15595
-1
-1
-1
1 17597 17597
0 0 11673
0 0 4690
1 21936 21936
1 16998 16998
0 0 9828
-1
-1
-1
1 32068 32068
0 0 3948
0 0 1293
1 19270 19270
1 31485 31485
0 0 2761
0 0 5856
1 24032 24032
0 0 6672
1 31066 31066
0 0 14256
0 0 9602
-1
1 22969 22969
-1
-1
-1
-1
-1
1 9077 9077
1 25023 25023
0 0 14354
1 20618 20618
-1
1 15459 15459
-1
-1
1 29096 29096
1 24640 24640
1 23355 23355
-1
1 26531 26531
-1
1 11774 11774
1 20984 20984
1 7661 7661
-1
0 0 13900
-1
-1
1 4290 4290
-1
0 0 8005
-1
0 0 12510
1 21794 21794
1 5842 5842
1 14570 14570
-1
0 0 15980
0 0 13843
-1
0 0 7446
1 13558 13558
1 15529 15529
0 0 2555
0 0 4355
0 0 5953
1 16020 16020
0 0 4493
-1
-1
-1
1 8648 8648
1 22708 22708
0 0 13728
1 6877 6877
1 27606 27606
-1
0 0 13218
-1
0 0 14761
0 0 6779
-1
1 30539 30539
-1
1 8485 8485
-1
-1
-1
1 13447 13447
0 0 3873
1 27495 27495
1 31319 31319
-1
1 5516 5516
1 17592 17592
-1
1 25180 25180
0 0 6498
0 0 8188
0 0 14719
-1
1 16776 16776
0 0 4426
-1
0 0 13145
1 12001 12001
1 32522 32522
-1
1 14029 14029
0 0 8938
0 0 10934
1 4921 4921
0 0 2943
-1
-1
0 0 12631
1 27560 27560
1 3412 3412
0 0 917
1 30519 30519
1 1533 1533
-1
0 0 1415
0 0 13
0 0 11844
0 0 14611
1 19189 19189
-1
0 0 2515
0 0 202
0 0 8490
0 0 7882
0 0 11012
-1
1 11575 11575
0 0 10207
-1
0 0 2191
1 22718 22718
1 27244 27244
0 0 1279
1 2186 2186
0 0 8653
0 0 9076
0 0 13965
1 32518 32518
-1
0 0 14490
0 0 4035
-1
1 15621 15621
-1
-1
0 0 11366
1 17758 17758
0 0 13279
1 17143 17143
1 27399 27399
1 29090 29090
0 0 12544
-1
-1
-1
0 0 3981
0 0 6901
1 16426 16426
-1
1 3088 3088
1 17014 17014
0 0 13597
1 16953 16953
-1
1 24379 24379
1 28581 28581
1 6998 6998
-1
0 0 5828
1 20770 20770
-1
0 0 3686
0 0 11647
0 0 3885
0 0 3967
0 0 12405
1 2581 2581
-1
-1
-1
-1
0 0 12342
-1
1 13654 13654
1 25107 25107
-1
1 13042 13042
0 0 14825
1 9354 9354
0 0 9373
1 9660 9660
0 0 10445
-1
0 0 10553
-1
0 0 5251
1 17603 17603
-1
-1
-1
-1
0 0 3382
1 1848 1848
-1
0 0 15914
0 0 7271
-1
-1
-1
0 0 8102
-1
1 19882 19882
0 0 12491
1 29335 29335
0 0 13476
0 0 907
-1
0 0 8170
-1
1 22523 22523
-1
0 0 11408
-1
0 0 4686
-1
0 0 4355
1 28036 28036
-1
1 2262 2262
0 0 13829
0 0 10302
-1
-1
-1
1 2477 2477
0 0 15895
-1
1 2616 2616
-1
1 6145 6145
-1
1 10153 10153
-1
1 9330 9330
-1
1 456 456
1 16068 16068
1 19326 19326
0 0 8102
1 2907 2907
-1
0 0 5098
-1
0 0 4110
-1
-1
0 0 13482
0 0 14492
-1
1 2471 2471
0 0 7386
0 0 8427
-1
-1
1 19271 19271
-1
0 0 6557
0 0 13372
-1
1 25302 25302
1 17449 17449
0 0 409
1 24800 24800
1 5058 5058
1 1572 1572
1 3611 3611
0 0 7025
1 11837 11837
0 0 7894
0 0 7016
-1
-1
1 17245 17245
-1
-1
-1
0 0 558
-1
0 0 13330
1 6217 6217
1 21229 21229
1 3416 3416
1 9630 9630
1 15621 15621
-1
1 14052 14052
0 0 10689
1 5079 5079
-1
0 0 12650
-1
-1
-1
1 15997 15997
0 0 757
0 0 15852
1 12152 12152
-1
1 20907 20907
1 22583 22583
1 18502 18502
1 15691 15691
1 23892 23892
0 0 8966
-1
-1
1 3927 3927
-1
0 0 12638
-1
1 5369 5369
-1
-1
0 0 14117
1 23250 23250
0 0 12013
0 0 2068
-1
-1
0 0 9771
0 0 12876
1 26498 26498
0 0 3227
0 0 5464
1 7543 7543
-1
1 17432 17432
0 0 3094
-1
-1
-1
0 0 4091
0 0 103
0 0 2455
-1
-1
1 19171 19171
1 30731 30731
0 0 5807
1 25101 25101
-1
-1
-1
0 0 1920
0 0 8761
1 6335 6335
0 0 5065
1 25749 25749
-1
-1
-1
0 0 8864
0 0 117
0 0 6496
-1
0 0 15671
-1
1 30302 30302
0 0 12500
0 0 12414
0 0 12906
0 0 15215
0 0 10077
1 26044 26044
0 0 9411
-1
0 0 14100
-1
0 0 8956
0 0 2197
0 0 2000
1 26590 26590
1 19255 19255
-1
0 0 10453
1 20264 20264
1 31584 31584
0 0 7290
0 0 3343
1 20853 20853
1 18984 18984
0 0 5467
-1
1 26330 26330
1 27988 27988
1 16592 16592
0 0 7846
1 4706 4706
1 7489 7489
-1
-1
1 3723 3723
0 0 4783
0 0 4934
0 0 9922
0 0 9443
1 17581 17581
0 0 7961
-1
0 0 6525
0 0 12067
0 0 4509
-1
-1
1 31188 31188
1 8101 8101
1 28168 28168
1 18477 18477
0 0 2570
-1
0 0 90
0 0 12893
-1
0 0 12253
1 4785 4785
-1
0 0 2570
0 0 9976
0 0 15183
1 714 714
0 0 14491
-1
1 5108 5108
-1
1 3278 3278
-1
1 8056 8056
1 11350 11350
1 21635 21635
1 15315 15315
0 0 4580
1 28944 28944
-1
1 2684 2684
-1
1 23742 23742
0 0 5079
1 18425 18425
1 20841 20841
1 4687 4687
0 0 13416
-1
1 27030 27030
1 7844 7844
1 12900 12900
0 0 6531
0 0 3238
0 0 649
0 0 4022
1 22115 22115
1 1998 1998
1 7144 7144
0 0 10948
0 0 1686
0 0 14999
1 14559 14559
0 0 2739
0 0 8518
-1
0 0 5845
1 6984 6984
-1
0 0 13827
1 5234 5234
1 20358 20358
0 0 12695
0 0 16165
0 0 13863
-1
0 0 4067
1 8717 8717
-1
0 0 2538
-1
0 0 4481
-1
1 25977 25977
1 30941 30941
-1
0 0 2330
1 31132 31132
0 0 2867
-1
0 0 14077
-1
0 0 4391
0 0 10086
1 26149 26149
-1
-1
0 0 6897
0 0 5890
1 31549 31549
1 3215 3215
-1
-1
1 31993 31993
0 0 1225
-1
0 0 6778
1 2597 2597
0 0 13735
0 0 8986
1 15083 15083
-1
-1
1 15163 15163
1 18280 18280
-1
1 17788 17788
0 0 7071
0 0 13441
0 0 9841
1 2620 2620
0 0 13662
1 18754 18754
1 22606 22606
0 0 677
-1
0 0 11412
0 0 6534
1 16657 16657
-1
-1
-1
1 2091 2091
-1
0 0 13839
-1
1 6633 6633
-1
0 0 4983
0 0 12703
0 0 5991
-1
1 2532 2532
-1
-1
0 0 63
-1
0 0 10856
1 27940 27940
-1
0 0 6366
1 897 897
1 28194 28194
-1
-1
0 0 11679
1 23135 23135
0 0 8728
1 2600 2600
1 31897 31897
1 31717 31717
-1
1 27849 27849
0 0 10201
0 0 8312
-1
1 28903 28903
-1
0 0 14391
1 5132 5132
0 0 14655
0 0 587
-1
1 25101 25101
0 0 1405
0 0 12421
1 20752 20752
-1
1 19905 19905
0 0 10953
-1
1 27260 27260
1 21669 21669
1 18358 18358
-1
-1
-1
-1
0 0 742
-1
1 12646 12646
0 0 10279
1 1051 1051
1 11141 11141
-1
1 18614 18614
-1
-1
1 31742 31742
1 5021 5021
-1
0 0 4470
1 2019 2019
0 0 12343
0 0 14173
-1
-1
-1
0 0 71
0 0 1428
-1
1 8037 8037
0 0 12104
-1
-1
1 962 962
1 14114 14114
-1
-1
0 0 16319
-1
0 0 4882
1 18209 18209
1 26730 26730
1 26098 26098
1 31677 31677
1 27298 27298
1 25575 25575
0 0 15739
0 0 2748
-1
0 0 2998
-1
-1
-1
1 10503 10503
-1
-1
0 0 8768
0 0 2025
1 1998 1998
1 11533 11533
-1
0 0 6723
-1
1 25863 25863
-1
-1
0 0 10845
-1
-1
0 0 679
-1
-1
1 921 921
-1
-1
0 0 4464
-1
0 0 8644
1 9399 9399
0 0 10645
0 0 778
0 0 1338
1 29611 29611
-1
-1
0 0 10318
1 395 395
0 0 11573
-1
-1
0 0 10631
1 13566 13566
0 0 399
0 0 11163
1 28450 28450
-1
0 0 5751
0 0 9776
-1
-1
-1
1 23356 23356
1 14511 14511
0 0 4945
-1
1 3800 3800
-1
1 3886 3886
-1
-1
1 23713 23713
0 0 10535
0 0 10953
1 30451 30451
1 32118 32118
0 0 9978
0 0 4809
0 0 1209
0 0 3668
1 22245 22245
0 0 5310
0 0 9948
0 0 1864
0 0 6300
1 31538 31538
-1
0 0 1756
-1
-1
1 28018 28018
0 0 6065
0 0 3340
-1
-1
1 10242 10242
-1
-1
1 20906 20906
-1
0 0 14196
1 10766 10766
0 0 3211
-1
0 0 13459
1 19551 19551
1 10024 10024
1 23219 23219
1 11074 11074
0 0 8806
0 0 8932
0 0 1184
-1
-1
1 23542 23542
1 9876 9876
0 0 14336
1 23596 23596
0 0 1826
-1
-1
1 3222 3222
0 0 6062
-1
1 4924 4924
-1
-1
-1
-1
0 0 2552
0 0 8433
-1
-1
1 11154 11154
0 0 2499
-1
-1
1 12984 12984
0 0 4778
-1
0 0 7142
-1
1 14300 14300
1 2961 2961
0 0 2546
1 31724 31724
0 0 13917
0 0 9132
1 32659 32659
-1
0 0 13201
0 0 3681
1 30725 30725
0 0 11495
0 0 7726
-1
-1
-1
0 0 6689
-1
0 0 4869
-1
-1
-1
1 412 412
1 20060 20060
-1
0 0 4587
0 0 15223
-1
0 0 7644
-1
-1
-1
1 20976 20976
1 10203 10203
-1
0 0 360
0 0 3363
0 0 11919
-1
0 0 3303
-1
0 0 15066
1 1908 1908
-1
1 32436 32436
-1
0 0 15210
0 0 2867
-1
-1
-1
1 10184 10184
-1
1 14645 14645
0 0 10379
-1
-1
1 7909 7909
1 23135 23135
-1
-1
1 16786 16786
1 6032 6032
0 0 765
1 17987 17987
0 0 4399
0 0 8184
1 32209 32209
1 16090 16090
-1
1 2585 2585
1 14072 14072
0 0 12134
1 24560 24560
-1
0 0 15394
-1
-1
-1
1 2947 2947
-1
-1
0 0 14037
1 27120 27120
-1
0 0 12986
0 0 9855
-1
-1
0 0 5806
0 0 5953
-1
-1
-1
1 10060 10060
1 13065 13065
1 1813 1813
0 0 16301
0 0 11166
-1
0 0 14938
-1
1 24973 24973
1 15878 15878
1 16921 16921
-1
-1
-1
1 3177 3177
1 28627 28627
-1
1 31893 31893
-1
0 0 3021
0 0 10679
0 0 11850
1 5584 5584
0 0 9899
-1
1 215 215
1 6680 6680
0 0 8639
1 2459 2459
1 3233 3233
-1
1 27975 27975
0 0 12193
1 23598 23598
1 18086 18086
1 785 785
0 0 1669
1 28970 28970
-1
0 0 11131
1 17101 17101
0 0 6045
-1
1 31043 31043
1 54 54
1 26737 26737
0 0 13859
0 0 5755
-1
-1
1 29994 29994
1 11334 11334
1 727 727
0 0 7163
-1
0 0 7820
0 0 8582
-1
0 0 14105
0 0 2757
-1
1 7293 7293
-1
1 4203 4203
0 0 7898
-1
0 0 15259
0 0 6368
0 0 974
-1
-1
-1
0 0 15883
0 0 9577
1 25310 25310
1 4314 4314
-1
-1
0 0 5438
1 11564 11564
0 0 2343
0 0 10700
0 0 11913
0 0 13060
0 0 8465
0 0 14891
0 0 11609
1 16635 16635
1 22965 22965
0 0 11276
0 0 15742
0 0 3039
-1
0 0 1715
-1
1 19649 19649
-1
1 9142 9142
-1
0 0 10196
0 0 5784
0 0 3068
-1
-1
-1
1 4369 4369
0 0 12908
1 2747 2747
0 0 9889
0 0 13865
0 0 14500
-1
-1
1 6666 6666
0 0 15533
0 0 5267
0 0 3016
1 18931 18931
0 0 13279
1 9536 9536
-1
1 26562 26562
1 25270 25270
-1
-1
0 0 13261
1 31898 31898
-1
1 9993 9993
0 0 12621
-1
-1
-1
0 0 422
1 17894 17894
0 0 4973
0 0 14311
1 16948 16948
1 19169 19169
0 0 7570
0 0 15858
-1
-1
-1
1 11823 11823
-1
0 0 11808
-1
0 0 9393
1 12557 12557
0 0 14872
-1
-1
1 31344 31344
0 0 975
-1
1 14458 14458
-1
0 0 11712
-1
1 28269 28269
1 24212 24212
0 0 12978
-1
1 21092 21092
1 13373 13373
1 7141 7141
0 0 9044
-1
-1
1 5945 5945
-1
-1
0 0 8948
-1
1 23218 23218
0 0 12484
1 11788 11788
0 0 11267
-1
-1
1 25060 25060
1 31307 31307
-1
1 30513 30513
1 12387 12387
-1
-1
-1
-1
-1
0 0 14772
1 21835 21835
0 0 1009
-1
-1
0 0 12097
1 779 779
0 0 12373
-1
1 11954 11954
1 9771 9771
1 3104 3104
1 20628 20628
-1
-1
-1
0 0 8406
1 27517 27517
0 0 11791
1 32492 32492
0 0 10890
-1
1 21689 21689
0 0 6694
-1
0 0 7299
-1
1 20990 20990
0 0 11157
1 7197 7197
-1
1 25141 25141
0 0 6018
-1
-1
0 0 5087
-1
-1
1 2038 2038
-1
-1
1 30197 30197
1 6526 6526
-1
0 0 3853
-1
1 14133 14133
1 28512 28512
1 22776 22776
0 0 5414
-1
1 9008 9008
0 0 5131
1 1963 1963
0 0 8421
0 0 3643
0 0 6031
0 0 3235
-1
-1
1 23020 23020
0 0 2925
-1
-1
1 4368 4368
0 0 7485
-1
-1
1 15949 15949
1 26890 26890
0 0 3487
1 24461 24461
-1
1 10947 10947
1 30902 30902
0 0 7246
-1
0 0 14808
1 25950 25950
0 0 3440
-1
0 0 7707
0 0 2256
1 22292 22292
0 0 7385
-1
1 8537 8537
-1
-1
-1
-1
0 0 13836
0 0 812
0 0 9542
0 0 15224
0 0 4578
-1
-1
0 0 6951
-1
1 4301 4301
0 0 14841
1 21796 21796
-1
-1
-1
0 0 8714
1 13490 13490
-1
0 0 6170
0 0 282
0 0 1596
0 0 9409
0 0 16318
-1
0 0 13931
-1
0 0 9094
-1
0 0 4126
0 0 2667
-1
1 11749 11749
0 0 8791
0 0 2134
-1
-1
0 0 15904
1 31099 31099
1 18583 18583
0 0 15288
0 0 14032
1 12358 12358
1 30110 30110
1 3558 3558
0 0 2630
1 13252 13252
1 22016 22016
-1
1 25174 25174
0 0 8817
-1
1 13817 13817
1 11879 11879
-1
-1
-1
-1
1 27060 27060
0 0 13112
0 0 11383
0 0 14382
0 0 14689
0 0 16261
1 14322 14322
1 26610 26610
-1
1 30153 30153
1 6280 6280
-1
1 30811 30811
1 29342 29342
0 0 11157
-1
1 24824 24824
-1
-1
0 0 9851
-1
-1
1 24639 24639
1 17354 17354
0 0 5382
-1
-1
-1
0 0 1832
0 0 10637
1 13587 13587
0 0 9085
-1
0 0 9981
1 24949 24949
0 0 11217
1 4882 4882
1 10104 10104
1 26309 26309
1 30757 30757
0 0 10249
1 22997 22997
-1
0 0 10222
0 0 1878
1 29088 29088
1 17848 17848
-1
1 10020 10020
0 0 6943
1 7428 7428
1 20903 20903
1 22385 22385
0 0 4405
-1
-1
0 0 13280
1 11442 11442
-1
1 27722 27722
0 0 3961
1 24563 24563
0 0 13457
0 0 14317
0 0 909
1 17381 17381
0 0 7868
1 4175 4175
1 513 513
0 0 2760
-1
1 22408 22408
-1
0 0 10217
1 10069 10069
0 0 4031
1 6318 6318
0 0 494
0 0 14766
-1
1 18184 18184
-1
1 25566 25566
-1
1 1610 1610
0 0 10329
1 28671 28671
1 27423 27423
0 0 2335
1 30722 30722
0 0 5802
0 0 3679
1 2406 2406
0 0 2963
0 0 5684
0 0 8653
1 12660 12660
-1
0 0 4765
-1
0 0 1513
-1
1 29627 29627
-1
1 14876 14876
0 0 5890
0 0 12840
0 0 5547
-1
1 10134 10134
1 20564 20564
0 0 12129
0 0 8819
0 0 11894
0 0 1355
-1
0 0 14098
1 515 515
0 0 3563
0 0 15040
-1
0 0 10066
1 20302 20302
1 9867 9867
1 2538 2538
1 5877 5877
1 3877 3877
0 0 10813
0 0 6643
1 13287 13287
-1
1 7903 7903
1 15557 15557
0 0 7650
-1
0 0 9837
-1
-1
1 25944 25944
-1
1 14534 14534
1 6922 6922
1 3298 3298
-1
0 0 12927
-1
1 10603 10603
0 0 14323
-1
-1
0 0 15018
1 15537 15537
0 0 8010
1 26332 26332
-1
1 13294 13294
0 0 3679
1 15774 15774
-1
1 29881 29881
0 0 14681
1 31356 31356
0 0 7290
0 0 5280
0 0 12428
1 4191 4191
1 22213 22213
0 0 13221
1 28875 28875
0 0 7681
1 12973 12973
0 0 12374
-1
0 0 11836
1 6469 6469
1 25552 25552
-1
1 7080 7080
-1
-1
1 23003 23003
1 26312 26312
-1
-1
1 10477 10477
-1
0 0 3588
0 0 6036
0 0 16146
0 0 5297
0 0 6653
1 13974 13974
-1
-1
-1
1 28172 28172
1 1293 1293
-1
-1
0 0 11509
1 17281 17281
1 22606 22606
1 5263 5263
0 0 12117
0 0 7505
0 0 5394
-1
1 16725 16725
0 0 11884
1 2987 2987
1 28781 28781
-1
0 0 15132
0 0 15197
-1
0 0 9536
-1
0 0 14977
0 0 11172
-1
1 10845 10845
1 14467 14467
1 22166 22166
0 0 13865
-1
0 0 520
1 24228 24228
-1
-1
-1
1 4580 4580
-1
0 0 2832
-1
-1
0 0 8431
1 11996 11996
-1
1 8843 8843
-1
1 32027 32027
1 9328 9328
-1
-1
-1
0 0 8541
-1
0 0 10959
0 0 1437
-1
0 0 13755
0 0 11281
0 0 11987
-1
0 0 11475
0 0 5144
0 0 8663
-1
-1
1 20438 20438
-1
-1
-1
-1
-1
0 0 13663
0 0 15229
-1
1 69 69
-1
-1
0 0 14030
0 0 10316
0 0 9756
-1
1 26445 26445
1 6455 6455
-1
0 0 13407
-1
1 27567 27567
0 0 10811
1 16594 16594
1 6754 6754
0 0 2592
-1
-1
0 0 7733
1 24159 24159
1 7475 7475
1 22600 22600
-1
-1
0 0 12796
-1
1 22884 22884
1 19481 19481
0 0 9906
1 18437 18437
1 8431 8431
1 19232 19232
-1
-1
0 0 12400
-1
1 10565 10565
-1
0 0 16284
0 0 7212
-1
-1
0 0 16324
1 18093 18093
-1
0 0 16333
-1
-1
1 10375 10375
-1
1 15174 15174
0 0 13652
1 26425 26425
1 14646 14646
-1
1 17965 17965
0 0 53
-1
1 833 833
0 0 11257
0 0 14846
1 20124 20124
0 0 14501
-1
0 0 15375
1 23924 23924
-1
-1
-1
-1
0 0 2005
0 0 797
0 0 11964
0 0 11625
1 25301 25301
0 0 6202
1 14137 14137
-1
0 0 1748
1 15465 15465
0 0 14794
-1
-1
1 19661 19661
1 30690 30690
1 26593 26593
-1
-1
1 713 713
-1
0 0 6214
-1
0 0 6756
1 4865 4865
1 20444 20444
-1
1 26801 26801
1 32278 32278
0 0 15986
-1
0 0 11795
1 6513 6513
0 0 6514
-1
1 10277 10277
1 31444 31444
1 4784 4784
1 32069 32069
0 0 1211
-1
0 0 10647
0 0 13115
-1
1 12155 12155
1 473 473
1 10506 10506
-1
1 23689 23689
0 0 2464
1 773 773
0 0 11433
0 0 5655
1 17288 17288
-1
0 0 4868
1 23922 23922
0 0 9074
-1
1 6911 6911
-1
0 0 9490
1 13253 13253
0 0 7998
-1
1 17190 17190
-1
-1
-1
0 0 2221
-1
-1
0 0 898
-1
1 1238 1238
-1
-1
0 0 5896
-1
-1
0 0 10167
1 20445 20445
1 31586 31586
-1
1 26560 26560
-1
-1
-1
-1
1 8358 8358
0 0 5372
-1
1 21595 21595
0 0 3314
1 18208 18208
0 0 14219
1 15693 15693
-1
0 0 373
-1
0 0 1283
1 8469 8469
-1
0 0 16245
1 32258 32258
1 18751 18751
-1
1 27999 27999
0 0 12755
-1
-1
-1
1 14546 14546
1 6369 6369
-1
1 31719 31719
1 11095 11095
0 0 12741
0 0 15741
-1
0 0 12990
-1
1 15306 15306
-1
-1
-1
0 0 13210
-1
-1
0 0 10719
-1
-1
1 14777 14777
0 0 8719
1 16493 16493
1 20130 20130
1 26540 26540
1 3659 3659
0 0 10180
1 22617 22617
1 20715 20715
1 29600 29600
0 0 8811
0 0 7411
1 20722 20722
0 0 13382
1 23873 23873
1 25714 25714
0 0 2970
0 0 14986
1 9699 9699
1 15097 15097
0 0 14795
0 0 12966
1 12428 12428
1 27341 27341
1 29429 29429
1 18915 18915
0 0 3104
1 5138 5138
-1
-1
1 21946 21946
0 0 8481
1 6608 6608
-1
-1
1 13484 13484
-1
0 0 5078
0 0 6702
0 0 15223
1 8357 8357
-1
-1
1 18815 18815
0 0 2055
1 31007 31007
1 8003 8003
0 0 11540
0 0 1482
0 0 15014
1 26357 26357
0 0 9794
-1
0 0 4698
1 25728 25728
0 0 2372
0 0 12033
1 20129 20129
-1
0 0 2682
1 28497 28497
0 0 2489
1 23908 23908
0 0 5619
1 10892 10892
-1
0 0 10192
1 26442 26442
1 29706 29706
1 16295 16295
0 0 16192
0 0 5039
0 0 4490
-1
0 0 2362
1 1340 1340
-1
0 0 8812
1 26533 26533
0 0 1444
1 10428 10428
1 1651 1651
-1
1 15812 15812
1 3378 3378
-1
-1
0 0 14751
1 23524 23524
0 0 3951
0 0 16163
0 0 16013
-1
0 0 10060
1 18831 18831
0 0 4107
-1
1 30613 30613
-1
-1
1 10045 10045
0 0 8252
-1
1 2027 2027
1 26745 26745
-1
1 17544 17544
0 0 6574
1 9282 9282
0 0 765
1 17065 17065
0 0 13067
0 0 10100
1 2762 2762
0 0 7754
1 9463 9463
-1
1 20710 20710
0 0 7549
-1
0 0 3694
1 27866 27866
1 31680 31680
0 0 6498
0 0 5256
0 0 10786
1 18043 18043
0 0 5768
1 7924 7924
-1
-1
0 0 9631
1 28188 28188
-1
1 29628 29628
1 30418 30418
0 0 8329
0 0 14618
0 0 14139
-1
0 0 5355
-1
0 0 15943
0 0 3175
-1
-1
0 0 15569
-1
-1
0 0 2329
1 22018 22018
-1
-1
1 10966 10966
-1
-1
0 0 6094
0 0 8028
0 0 8244
-1
0 0 8592
0 0 12760
0 0 10122
-1
-1
0 0 13008
1 22356 22356
1 4693 4693
-1
-1
1 13436 13436
1 16325 16325
1 14185 14185
-1
0 0 4298
1 4529 4529
0 0 15272
-1
0 0 3820
-1
1 26845 26845
-1
0 0 4253
1 6596 6596
-1
1 2833 2833
-1
-1
0 0 6434
1 26677 26677
0 0 12748
1 2663 2663
-1
-1
-1
0 0 5696
0 0 3058
-1
1 4414 4414
0 0 7257
-1
1 20282 20282
-1
-1
-1
0 0 2084
1 32252 32252
-1
-1
-1
1 23930 23930
1 15554 15554
-1
0 0 3896
-1
0 0 9843
0 0 2656
0 0 16357
-1
0 0 12714
-1
1 27383 27383
1 7240 7240
-1
0 0 12372
1 4873 4873
0 0 13746
1 19391 19391
1 2891 2891
1 26918 26918
1 23992 23992
-1
-1
-1
0 0 13034
1 8379 8379
0 0 1475
0 0 14019
-1
1 20217 20217
-1
0 0 1150
0 0 5729
0 0 11552
1 27068 27068
0 0 7921
-1
-1
-1
0 0 7586
0 0 6127
-1
1 19695 19695
-1
0 0 2909
0 0 6901
1 6787 6787
-1
-1
0 0 7816
-1
1 28652 28652
1 14596 14596
1 24319 24319
-1
-1
-1
0 0 13381
-1
0 0 4534
1 19951 19951
1 12254 12254
1 15827 15827
0 0 10111
1 16374 16374
-1
0 0 2976
0 0 13125
0 0 16198
0 0 271
-1
0 0 6110
0 0 219
-1
1 21872 21872
1 9554 9554
1 16173 16173
0 0 10830
-1
0 0 3023
0 0 10093
0 0 15194
0 0 7217
1 7433 7433
-1
-1
1 5364 5364
-1
-1
1 2111 2111
0 0 12619
0 0 13852
1 6650 6650
-1
1 32607 32607
-1
0 0 1449
1 6938 6938
-1
1 8876 8876
0 0 4741
0 0 8282
-1
0 0 1978
1 19143 19143
-1
0 0 7559
0 0 10421
-1
1 8602 8602
1 9643 9643
0 0 15296
1 21987 21987
0 0 6006
-1
-1
-1
0 0 11740
0 0 15110
-1
0 0 5740
1 1557 1557
1 25564 25564
1 16941 16941
-1
0 0 3765
-1
0 0 16297
-1
-1
-1
1 15491 15491
1 2297 2297
1 10821 10821
0 0 1913
-1
0 0 1960
0 0 6369
-1
0 0 8165
-1
1 27427 27427
-1
1 881 881
-1
-1
0 0 7447
0 0 10660
-1
-1
0 0 3598
-1
-1
0 0 5159
-1
1 24456 24456
-1
0 0 9032
0 0 12675
1 28195 28195
0 0 11715
0 0 12640
-1
-1
-1
0 0 16008
1 12691 12691
-1
0 0 2505
-1
-1
0 0 9560
-1
-1
0 0 7731
1 15793 15793
1 13264 13264
1 13334 13334
0 0 9148
1 28907 28907
0 0 6064
1 8416 8416
1 22368 22368
0 0 6812
0 0 2871
0 0 14998
1 27421 27421
0 0 8005
1 24932 24932
0 0 7377
-1
-1
1 2269 2269
1 6336 6336
1 31314 31314
0 0 14636
-1
0 0 7083
0 0 1221
-1
-1
0 0 11910
0 0 9868
-1
0 0 12546
-1
1 29885 29885
-1
0 0 14746
-1
-1
-1
-1
1 25148 25148
0 0 7180
0 0 12803
1 22079 22079
0 0 6518
0 0 4300
-1
1 6260 6260
1 25823 25823
0 0 6625
1 9298 9298
1 16222 16222
-1
-1
-1
0 0 16374
0 0 2988
0 0 9099
1 27596 27596
-1
1 4501 4501
1 6571 6571
0 0 12169
1 2109 2109
-1
1 24760 24760
-1
-1
-1
0 0 8713
0 0 8762
-1
0 0 4154
-1
-1
1 14441 14441
0 0 13288
-1
-1
0 0 13427
0 0 15172
-1
-1
-1
-1
-1
0 0 11525
1 29729 29729
-1
0 0 11579
-1
-1
0 0 15409
1 31899 31899
1 23824 23824
0 0 4859
1 19384 19384
-1
1 22733 22733
1 30745 30745
0 0 3762
-1
0 0 1903
-1
0 0 15587
1 27372 27372
-1
0 0 12438
1 23062 23062
-1
-1
-1
-1
-1
1 19005 19005
0 0 11374
0 0 10041
1 8523 8523
0 0 12571
-1
0 0 199
0 0 14838
0 0 3066
0 0 7021
1 30643 30643
1 3624 3624
-1
-1
1 22969 22969
1 5278 5278
1 25290 25290
0 0 4876
0 0 8231
-1
1 26461 26461
1 26319 26319
1 19573 19573
0 0 3778
0 0 3284
-1
1 4096 4096
1 29566 29566
1 6172 6172
1 18157 18157
-1
1 1475 1475
-1
1 25689 25689
0 0 11744
-1
-1
1 6365 6365
1 18498 18498
-1
-1
-1
0 0 6883
-1
-1
0 0 7287
-1
0 0 3716
1 26198 26198
0 0 9745
-1
0 0 10216
0 0 7194
-1
0 0 7007
-1
0 0 9657
-1
-1
1 1136 1136
-1
0 0 5761
-1
1 9336 9336
1 29158 29158
0 0 9471
-1
1 1587 1587
0 0 1850
-1
-1
1 14874 14874
-1
-1
1 6366 6366
1 24091 24091
-1
0 0 9046
0 0 7439
1 23065 23065
0 0 13017
0 0 16186
0 0 5551
0 0 13876
-1
0 0 16375
0 0 2929
-1
0 0 1486
0 0 5830
-1
1 30878 30878
-1
1 23929 23929
-1
1 28659 28659
1 17409 17409
-1
1 5363 5363
0 0 8381
-1
-1
-1
-1
0 0 13604
1 3754 3754
0 0 9116
-1
-1
0 0 15990
0 0 13440
1 3086 3086
-1
-1
-1
-1
-1
1 1720 1720
0 0 1425
-1
1 27749 27749
-1
-1
1 18506 18506
1 8934 8934
0 0 12872
1 8667 8667
1 18547 18547
0 0 5798
0 0 6755
-1
0 0 15400
0 0 7367
-1
-1
0 0 3533
0 0 8988
-1
1 10005 10005
1 19331 19331
0 0 14709
0 0 1014
-1
-1
-1
-1
0 0 14558
-1
1 25412 25412
-1
1 29118 29118
0 0 9598
0 0 8198
0 0 8795
0 0 9348
0 0 5593
1 16418 16418
-1
1 25927 25927
-1
-1
0 0 12596
-1
1 13043 13043
1 28751 28751
-1
1 17634 17634
0 0 13214
0 0 6932
-1
-1
-1
-1
-1
1 2921 2921
1 4009 4009
0 0 4240
-1
1 5832 5832
-1
1 15352 15352
-1
0 0 13434
1 8288 8288
1 6356 6356
0 0 1832
1 28387 28387
-1
1 11078 11078
1 26532 26532
0 0 10607
0 0 12481
1 3695 3695
1 15155 15155
-1
1 14754 14754
0 0 6851
0 0 15735
0 0 2527
0 0 3385
-1
1 22012 22012
1 21594 21594
-1
1 10178 10178
1 3378 3378
0 0 11702
0 0 4327
0 0 4892
-1
-1
0 0 1481
0 0 12321
0 0 2942
1 20230 20230
0 0 14012
1 18683 18683
-1
1 15841 15841
1 20157 20157
-1
1 15392 15392
0 0 3184
1 8851 8851
1 2759 2759
-1
0 0 6240
0 0 2639
1 21365 21365
0 0 11734
1 30869 30869
0 0 4798
-1
-1
0 0 5920
-1
0 0 6268
1 8182 8182
0 0 10623
0 0 5356
0 0 14640
1 30493 30493
1 29657 29657
-1
0 0 7474
-1
1 16947 16947
1 17031 17031
0 0 12640
1 4818 4818
-1
0 0 8047
0 0 2593
0 0 3102
-1
1 29096 29096
0 0 5031
-1
1 3957 3957
1 3114 3114
-1
-1
1 12711 12711
0 0 7246
-1
-1
0 0 10581
-1
-1
1 14460 14460
1 89 89
-1
1 2008 2008
-1
-1
1 31928 31928
-1
1 22763 22763
1 8379 8379
-1
1 14437 14437
-1
0 0 6179
-1
0 0 9038
1 18491 18491
-1
0 0 14209
-1
0 0 2438
1 30556 30556
1 10369 10369
-1
1 32637 32637
1 15669 15669
-1
-1
1 16274 16274
-1
1 16134 16134
1 25659 25659
-1
-1
1 23709 23709
-1
-1
-1
1 12942 12942
-1
0 0 6446
-1
1 1410 1410
0 0 11797
-1
1 8237 8237
1 30104 30104
0 0 6126
-1
-1
1 31458 31458
-1
1 8956 8956
0 0 16219
1 12774 12774
-1
0 0 7559
-1
-1
-1
1 15926 15926
0 0 10757
0 0 11324
-1
-1
-1
0 0 9195
-1
0 0 9387
1 23714 23714
0 0 6344
-1
1 5918 5918
-1
1 21487 21487
0 0 4134
0 0 2633
0 0 10523
-1
1 19012 19012
1 5339 5339
0 0 269
1 13702 13702
1 21632 21632
1 25429 25429
1 31683 31683
0 0 6220
1 20312 20312
-1
-1
-1
0 0 15323
1 31828 31828
1 15742 15742
0 0 5540
-1
-1
0 0 3287
0 0 5371
-1
1 14717 14717
0 0 5232
1 8706 8706
-1
1 17265 17265
-1
-1
-1
1 6148 6148
0 0 1618
0 0 163
0 0 10249
0 0 1278
1 30709 30709
1 32561 32561
1 18501 18501
1 18520 18520
-1
1 27863 27863
-1
-1
0 0 16033
0 0 11641
1 29345 29345
1 15914 15914
0 0 1338
1 20404 20404
0 0 9851
-1
-1
-1
-1
-1
0 0 537
0 0 13839
0 0 5558
0 0 6603
1 26988 26988
0 0 3573
-1
-1
-1
-1
1 15242 15242
1 1024 1024
1 7099 7099
1 30752 30752
0 0 956
1 1604 1604
-1
-1
-1
-1
1 16701 16701
1 10814 10814
0 0 2501
1 2042 2042
-1
1 7678 7678
1 27928 27928
-1
0 0 15973
0 0 2546
0 0 1736
-1
0 0 12908
1 14379 14379
1 32731 32731
1 9164 9164
1 9852 9852
1 30199 30199
1 9587 9587
0 0 11866
0 0 14805
0 0 4597
-1
1 3876 3876
0 0 11734
0 0 74
0 0 14894
0 0 2220
1 21406 21406
0 0 16254
0 0 6915
1 4674 4674
-1
-1
0 0 1625
-1
-1
0 0 5938
0 0 8480
0 0 14651
1 6185 6185
0 0 11802
1 2595 2595
0 0 4563
1 273 273
0 0 14129
1 29152 29152
1 4180 4180
-1
0 0 9437
0 0 4297
1 9842 9842
0 0 13921
1 25208 25208
-1
1 30634 30634
-1
-1
0 0 6295
0 0 3819
1 1529 1529
0 0 4786
0 0 1367
-1
-1
0 0 15081
1 20571 20571
0 0 579
1 1263 1263
0 0 11412
-1
1 2629 2629
-1
-1
1 24517 24517
0 0 13368
1 20253 20253
-1
1 27580 27580
1 13676 13676
0 0 12471
-1
0 0 3241
1 31433 31433
-1
1 8066 8066
-1
-1
1 10512 10512
-1
1 8239 8239
0 0 4095
1 7494 7494
1 10840 10840
-1
-1
1 144 144
-1
1 4291 4291
0 0 16353
-1
-1
1 13481 13481
1 2516 2516
-1
1 21699 21699
1 4278 4278
1 5382 5382
0 0 670
0 0 15661
1 6064 6064
0 0 1963
1 23505 23505
0 0 12207
0 0 12153
0 0 7933
-1
-1
1 12012 12012
1 20953 20953
1 21251 21251
0 0 15561
0 0 12752
0 0 9735
1 28615 28615
0 0 2829
0 0 3731
1 12909 12909
0 0 12412
-1
0 0 8212
1 5111 5111
0 0 11613
1 7882 7882
1 18024 18024
-1
1 31881 31881
1 17794 17794
1 24374 24374
-1
1 6575 6575
-1
-1
-1
0 0 10471
0 0 224
1 1200 1200
0 0 2593
-1
1 13840 13840
1 102 102
-1
1 21025 21025
0 0 333
-1
-1
-1
1 12520 12520
1 12149 12149
-1
1 17435 17435
1 27506 27506
0 0 2151
1 1382 1382
0 0 12291
1 10790 10790
0 0 15127
-1
1 21397 21397
0 0 14195
0 0 9923
0 0 6981
1 17077 17077
1 21001 21001
1 28380 28380
1 4765 4765
0 0 4307
-1
1 23758 23758
1 25062 25062
-1
1 16403 16403
-1
-1
0 0 10837
-1
-1
0 0 6518
1 24419 24419
0 0 386
1 5498 5498
1 21014 21014
-1
0 0 9214
0 0 14970
1 22605 22605
-1
-1
1 24124 24124
-1
0 0 16022
1 4399 4399
-1
1 5113 5113
0 0 15174
1 30435 30435
1 11926 11926
-1
-1
0 0 882
1 31114 31114
1 19234 19234
-1
0 0 5321
1 26385 26385
1 26552 26552
1 18655 18655
-1
-1
1 5689 5689
1 26877 26877
0 0 10839
0 0 11451
0 0 10666
0 0 9673
-1
1 7896 7896
0 0 10359
1 24229 24229
0 0 9626
1 22736 22736
0 0 9551
1 1934 1934
0 0 5711
-1
0 0 5401
1 27514 27514
1 14187 14187
1 18790 18790
-1
-1
-1
0 0 5779
-1
0 0 3481
1 10960 10960
0 0 6241
0 0 8418
-1
0 0 427
-1
0 0 14903
1 1739 1739
1 11812 11812
-1
1 12419 12419
0 0 5684
0 0 10568
-1
0 0 14788
-1
1 20841 20841
0 0 22
0 0 5210
0 0 8317
0 0 185
1 11728 11728
-1
0 0 3036
0 0 7664
1 10638 10638
-1
-1
1 14558 14558
-1
0 0 8371
0 0 8352
-1
-1
0 0 1914
-1
1 4342 4342
1 22041 22041
-1
-1
0 0 11220
0 0 12843
0 0 8946
1 2295 2295
1 8474 8474
-1
1 1115 1115
0 0 1577
1 23482 23482
0 0 5960
1 14347 14347
-1
-1
0 0 6382
0 0 2304
1 12684 12684
0 0 13889
0 0 15526
-1
0 0 77
1 9035 9035
-1
-1
0 0 14905
0 0 2753
0 0 2572
1 7043 7043
-1
1 20570 20570
1 25445 25445
1 12950 12950
0 0 3072
0 0 11452
0 0 16348
-1
-1
0 0 9660
1 30081 30081
0 0 980
1 31853 31853
-1
1 32314 32314
-1
1 14840 14840
-1
-1
0 0 9738
1 12082 12082
0 0 14537
0 0 4465
0 0 2126
-1
-1
1 18358 18358
-1
1 31496 31496
1 12151 12151
0 0 12575
0 0 14810
-1
0 0 4321
-1
1 15111 15111
0 0 15348
1 31703 31703
0 0 4361
0 0 9500
-1
0 0 246
0 0 5745
0 0 8407
-1
-1
0 0 9398
0 0 11710
-1
0 0 3430
0 0 16050
0 0 2042
1 18155 18155
1 13135 13135
1 20625 20625
1 2577 2577
0 0 16091
-1
1 3406 3406
1 27658 27658
-1
1 16937 16937
-1
1 25542 25542
-1
-1
0 0 13925
0 0 1969
0 0 8833
0 0 9089
0 0 2770
-1
-1
0 0 6747
-1
-1
-1
-1
0 0 5426
0 0 1036
-1
1 22454 22454
0 0 1199
1 12763 12763
1 28407 28407
-1
-1
0 0 11083
1 4494 4494
1 11088 11088
1 17671 17671
-1
0 0 11693
0 0 8940
1 6848 6848
1 30714 30714
0 0 14740
-1
0 0 14002
1 9190 9190
1 5521 5521
-1
0 0 12886
-1
1 28040 28040
0 0 2571
0 0 10353
0 0 5490
-1
-1
1 31589 31589
1 5876 5876
-1
1 20292 20292
-1
0 0 8966
0 0 11979
1 19920 19920
-1
-1
-1
1 10001 10001
0 0 8335
1 5515 5515
-1
-1
1 14748 14748
0 0 15943
0 0 2309
1 1181 1181
1 22766 22766
-1
-1
1 14529 14529
-1
1 6250 6250
-1
-1
0 0 12545
-1
0 0 9789
-1
0 0 11094
-1
-1
0 0 8412
-1
0 0 4195
-1
-1
-1
1 6612 6612
-1
-1
-1
0 0 14920
-1
-1
1 26591 26591
1 32196 32196
1 5274 5274
1 24731 24731
0 0 2259
-1
-1
-1
-1
0 0 2073
0 0 15450
0 0 11465
1 19168 19168
1 25089 25089
1 9125 9125
1 15879 15879
1 5755 5755
1 19568 19568
-1
-1
1 8489 8489
1 22089 22089
0 0 5064
1 32263 32263
-1
-1
-1
-1
1 3947 3947
0 0 15032
0 0 3264
1 26966 26966
0 0 4068
0 0 9197
0 0 5258
1 28639 28639
1 14799 14799
1 11498 11498
-1
0 0 14426
1 7442 7442
-1
1 1634 1634
0 0 12313
1 32189 32189
-1
1 26772 26772
1 3108 3108
0 0 10888
-1
0 0 11262
-1
-1
-1
1 12138 12138
0 0 9587
-1
-1
0 0 8958
-1
1 17952 17952
0 0 7732
-1
-1
-1
1 26388 26388
-1
1 4775 4775
-1
1 19603 19603
-1
0 0 8657
0 0 8251
0 0 2795
-1
-1
1 11482 11482
1 2307 2307
1 390 390
0 0 4143
1 27822 27822
1 24048 24048
0 0 7432
1 15602 15602
0 0 3763
0 0 12629
1 22230 22230
-1
0 0 15173
1 28658 28658
1 924 924
0 0 15638
-1
0 0 5853
1 21748 21748
1 26588 26588
0 0 10954
-1
1 201 201
-1
1 8556 8556
1 12709 12709
1 26328 26328
-1
1 12948 12948
0 0 3609
1 26930 26930
1 9839 9839
0 0 9531
1 14617 14617
1 5307 5307
0 0 10620
-1
0 0 6121
0 0 3287
1 7546 7546
-1
1 8714 8714
0 0 2571
-1
-1
0 0 4111
1 9302 9302
-1
-1
-1
1 22435 22435
1 28347 28347
-1
1 5608 5608
0 0 12354
0 0 10724
-1
-1
0 0 4013
-1
1 32168 32168
1 13631 13631
-1
1 1677 1677
1 2258 2258
0 0 8436
1 2164 2164
-1
0 0 10239
1 11638 11638
-1
0 0 15636
1 19938 19938
0 0 1689
0 0 3765
-1
1 8002 8002
1 18717 18717
0 0 822
-1
1 17275 17275
1 24683 24683
0 0 13050
0 0 6187
1 11515 11515
0 0 16130
1 2860 2860
1 29344 29344
0 0 4323
1 23813 23813
-1
1 15163 15163
-1
0 0 16031
0 0 6775
1 25857 25857
-1
1 10162 10162
0 0 375
1 13376 13376
-1
1 17179 17179
1 19084 19084
0 0 2461
0 0 5035
-1
0 0 13448
-1
0 0 3968
0 0 5014
1 18462 18462
1 559 559
1 7469 7469
0 0 5412
-1
-1
1 32490 32490
1 27714 27714
-1
1 9726 9726
0 0 7277
-1
0 0 539
0 0 5231
0 0 986
1 20590 20590
1 21957 21957
0 0 14597
0 0 14435
0 0 5978
1 27246 27246
1 21360 21360
-1
1 7425 7425
1 30795 30795
0 0 13433
-1
1 30686 30686
-1
0 0 4724
0 0 1195
1 13964 13964
1 18347 18347
0 0 5709
-1
1 12159 12159
-1
1 1223 1223
1 30720 30720
0 0 5744
-1
1 3617 3617
1 19677 19677
0 0 10373
1 7442 7442
1 20942 20942
0 0 3479
0 0 9607
0 0 11723
0 0 3828
1 16095 16095
0 0 11672
1 25904 25904
1 29181 29181
1 28909 28909
0 0 5044
0 0 11851
1 15248 15248
1 26605 26605
1 24546 24546
0 0 12331
-1
0 0 9282
0 0 6590
-1
1 9723 9723
0 0 13047
-1
0 0 10911
1 18459 18459
0 0 10558
1 19488 19488
0 0 11666
0 0 1444
1 16400 16400
-1
1 22496 22496
0 0 16165
1 12448 12448
-1
1 1189 1189
1 6363 6363
0 0 15195
0 0 14514
-1
1 10280 10280
0 0 763
0 0 1864
1 1453 1453
1 2899 2899
-1
-1
0 0 7227
0 0 8185
1 1737 1737
-1
1 14677 14677
0 0 8008
-1
-1
1 20637 20637
-1
-1
0 0 2848
-1
0 0 7899
-1
1 12213 12213
-1
1 13973 13973
-1
-1
1 20269 20269
-1
0 0 1351
1 30099 30099
-1
0 0 10008
-1
0 0 8029
-1
-1
1 2496 2496
0 0 15682
0 0 5621
1 25916 25916
-1
-1
1 10228 10228
-1
0 0 11543
0 0 9950
0 0 7024
1 6714 6714
-1
1 6019 6019
-1
-1
1 3331 3331
0 0 6356
0 0 9771
-1
0 0 9523
1 537 537
0 0 15544
-1
-1
1 11258 11258
0 0 965
1 31829 31829
-1
0 0 12818
-1
1 25416 25416
0 0 9824
0 0 2770
0 0 14456
1 15026 15026
-1
0 0 11037
-1
0 0 10030
1 6717 6717
-1
0 0 1826
-1
0 0 6256
-1
1 20066 20066
0 0 432
0 0 13729
1 6916 6916
-1
-1
1 9022 9022
-1
1 432 432
1 1717 1717
0 0 10142
-1
1 19929 19929
1 2775 2775
0 0 10590
0 0 13704
1 27699 27699
0 0 5629
1 7889 7889
0 0 13607
1 32203 32203
0 0 13387
0 0 4433
0 0 12792
1 18434 18434
0 0 4873
1 3051 3051
0 0 15430
1 7438 7438
0 0 11943
1 22394 22394
-1
-1
1 5918 5918
1 12722 12722
-1
1 5019 5019
0 0 7266
0 0 4998
0 0 11851
0 0 4885
-1
0 0 4680
0 0 58
-1
1 4598 4598
-1
-1
0 0 7035
1 29394 29394
0 0 280
1 3264 3264
0 0 1116
1 22310 22310
-1
-1
0 0 15097
0 0 12030
-1
-1
-1
0 0 12010
-1
0 0 4169
-1
1 24864 24864
1 657 657
1 13560 13560
0 0 757
0 0 14690
0 0 4104
0 0 2703
1 25889 25889
0 0 7501
-1
1 26376 26376
1 14401 14401
-1
-1
1 3694 3694
-1
-1
0 0 7311
-1
-1
0 0 5970
0 0 15262
0 0 9736
1 30078 30078
0 0 815
0 0 1682
-1
0 0 7396
1 21337 21337
0 0 5746
1 30937 30937
-1
1 16807 16807
1 16415 16415
1 3600 3600
-1
0 0 4328
-1
-1
-1
-1
1 28793 28793
-1
0 0 13421
-1
1 15171 15171
0 0 8622
-1
1 15345 15345
-1
1 19456 19456
1 12748 12748
-1
-1
0 0 12157
-1
-1
-1
-1
-1
0 0 15116
1 4147 4147
-1
-1
0 0 11386
0 0 1614
0 0 4041
-1
1 20010 20010
0 0 11616
0 0 13569
0 0 13759
-1
0 0 1478
1 538 538
0 0 12123
-1
-1
0 0 1383
-1
1 32441 32441
0 0 13652
-1
1 31859 31859
-1
1 32308 32308
1 16759 16759
-1
-1
-1
1 10846 10846
1 16146 16146
-1
1 9963 9963
-1
0 0 3647
-1
1 19017 19017
-1
1 25226 25226
1 16402 16402
1 28908 28908
1 32479 32479
0 0 14258
0 0 5817
-1
-1
0 0 11
-1
0 0 5024
0 0 2176
0 0 5242
-1
0 0 5346
-1
1 7726 7726
1 32046 32046
-1
1 28612 28612
1 19523 19523
-1
0 0 5554
1 2770 2770
-1
-1
0 0 13732
-1
0 0 12502
0 0 13935
0 0 3506
-1
1 30758 30758
0 0 16355
1 9550 9550
-1
-1
1 11110 11110
0 0 5016
1 3089 3089
0 0 14748
1 6027 6027
0 0 8741
-1
0 0 16184
-1
-1
1 3205 3205
-1
-1
-1
-1
1 16572 16572
1 4467 4467
1 17933 17933
1 30046 30046
1 24295 24295
-1
1 6030 6030
0 0 4129
-1
1 27130 27130
0 0 12568
1 28941 28941
-1
0 0 10948
1 551 551
0 0 1365
-1
-1
-1
0 0 13985
-1
-1
0 0 12078
-1
-1
1 750 750
1 16363 16363
-1
1 32732 32732
1 2754 2754
-1
-1
0 0 12039
0 0 4079
0 0 2314
1 20036 20036
-1
0 0 13632
1 9723 9723
-1
-1
0 0 3950
-1
0 0 14169
-1
-1
-1
1 31259 31259
1 10495 10495
1 27723 27723
1 977 977
1 9965 9965
-1
1 27142 27142
1 4020 4020
-1
-1
-1
0 0 11706
-1
0 0 13864
0 0 4743
0 0 13724
0 0 11784
1 17022 17022
0 0 8222
0 0 4318
0 0 7393
1 19273 19273
0 0 15769
1 20687 20687
-1
1 826 826
0 0 13793
1 6611 6611
1 27139 27139
-1
0 0 4633
-1
-1
1 28756 28756
-1
1 33 33
1 32080 32080
-1
0 0 3976
-1
-1
-1
1 1229 1229
0 0 3367
-1
1 2263 2263
1 16906 16906
-1
-1
1 19528 19528
-1
-1
0 0 3598
0 0 13031
1 19107 19107
0 0 2341
-1
0 0 14154
0 0 14455
0 0 1942
1 5947 5947
1 29078 29078
0 0 14030
-1
-1
-1
1 13701 13701
1 13167 13167
0 0 14934
1 11875 11875
1 26358 26358
1 24891 24891
0 0 13576
0 0 12775
0 0 793
1 16054 16054
1 15459 15459
-1
0 0 1273
-1
0 0 8867
-1
0 0 7150
-1
0 0 3270
0 0 6940
-1
1 9389 9389
0 0 3808
-1
1 3745 3745
0 0 410
-1
1 10226 10226
0 0 14089
1 5942 5942
-1
1 25263 25263
1 19938 19938
1 20477 20477
1 20804 20804
0 0 7179
1 23034 23034
-1
0 0 1285
-1
-1
1 19182 19182
-1
-1
1 25863 25863
-1
1 27578 27578
-1
1 28572 28572
-1
1 5720 5720
0 0 8546
0 0 9053
-1
-1
-1
-1
1 6187 6187
-1
1 19969 19969
-1
0 0 3089
1 30023 30023
0 0 9498
0 0 1162
-1
-1
0 0 7302
0 0 10286
0 0 1391
1 7814 7814
1 1857 1857
0 0 1432
0 0 154
1 29962 29962
-1
1 31626 31626
-1
-1
0 0 7205
0 0 15656
-1
0 0 7006
1 20917 20917
0 0 4593
1 25896 25896
1 4552 4552
1 22697 22697
0 0 10826
-1
1 5341 5341
-1
0 0 14996
-1
-1
0 0 7291
-1
1 19926 19926
-1
-1
-1
0 0 15662
1 21442 21442
0 0 1925
1 20296 20296
1 25547 25547
-1
0 0 11354
0 0 6877
0 0 3509
0 0 9419
-1
1 10299 10299
1 25880 25880
-1
0 0 13476
-1
-1
-1
0 0 10008
-1
0 0 14068
0 0 2589
1 570 570
1 19527 19527
1 22052 22052
-1
-1
1 26872 26872
1 21410 21410
0 0 6255
1 31170 31170
0 0 13339
0 0 12111
1 5632 5632
-1
1 21700 21700
1 13552 13552
0 0 14442
-1
1 15319 15319
0 0 9533
1 14719 14719
0 0 2090
-1
0 0 1245
0 0 6568
-1
0 0 6869
1 25664 25664
0 0 169
0 0 3314
0 0 8142
1 13101 13101
1 2754 2754
1 31971 31971
0 0 15801
-1
0 0 6086
1 25899 25899
-1
-1
-1
0 0 8961
-1
-1
-1
1 4610 4610
0 0 3570
0 0 15218
-1
1 918 918
0 0 15120
1 12578 12578
1 4024 4024
-1
-1
1 29118 29118
0 0 3072
0 0 1452
-1
-1
0 0 7941
0 0 13569
1 15271 15271
1 8801 8801
-1
-1
1 2795 2795
-1
0 0 13763
0 0 12175
0 0 11160
0 0 13339
-1
0 0 4419
1 28805 28805
0 0 5950
-1
0 0 13527
1 25835 25835
1 27625 27625
-1
-1
0 0 1644
-1
-1
1 5066 5066
1 26552 26552
1 12128 12128
-1
0 0 12586
1 18535 18535
0 0 14842
1 20068 20068
0 0 5734
0 0 10460
0 0 3810
-1
1 25231 25231
-1
0 0 12706
1 24626 24626
-1
-1
-1
1 14460 14460
-1
-1
0 0 1867
1 9536 9536
1 8997 8997
0 0 6155
1 5692 5692
-1
0 0 3811
-1
-1
1 8222 8222
1 2414 2414
1 17655 17655
-1
-1
-1
0 0 15201
0 0 3541
1 32414 32414
-1
-1
-1
1 974 974
1 14865 14865
-1
-1
1 10703 10703
0 0 10491
1 21951 21951
-1
-1
1 25942 25942
1 11082 11082
1 19576 19576
-1
1 3240 3240
1 15784 15784
1 14366 14366
1 14811 14811
0 0 6685
1 12432 12432
1 6435 6435
0 0 2406
0 0 6743
-1
-1
1 21160 21160
-1
-1
0 0 13091
0 0 11644
-1
-1
0 0 268
1 24954 24954
0 0 11907
-1
0 0 471
-1
-1
-1
1 3920 3920
0 0 14337
-1
-1
1 16992 16992
0 0 14467
0 0 6714
0 0 1775
0 0 10728
0 0 11674
-1
1 19983 19983
-1
-1
0 0 14820
1 11541 11541
-1
1 25405 25405
0 0 1295
1 30382 30382
1 19979 19979
0 0 6107
-1
0 0 6469
1 28554 28554
1 15248 15248
0 0 4312
1 28884 28884
0 0 10667
1 27867 27867
-1
-1
0 0 14892
1 6877 6877
1 29747 29747
1 23171 23171
1 2704 2704
1 25228 25228
0 0 13415
1 24826 24826
1 11153 11153
-1
-1
1 26876 26876
0 0 7553
1 14937 14937
0 0 12927
0 0 3130
-1
-1
1 3368 3368
0 0 15455
0 0 1691
0 0 1161
1 4003 4003
0 0 14744
0 0 14613
-1
-1
0 0 3783
1 6900 6900
1 24268 24268
-1
0 0 11081
-1
0 0 2744
1 8134 8134
-1
1 32582 32582
0 0 11113
1 14323 14323
0 0 7069
0 0 8400
1 7617 7617
-1
-1
0 0 13114
-1
1 26255 26255
1 10504 10504
0 0 13134
-1
1 19157 19157
0 0 11847
-1
-1
1 17797 17797
1 28445 28445
1 11323 11323
-1
-1
-1
-1
-1
-1
0 0 1517
1 4067 4067
-1
1 285 285
0 0 8216
0 0 7522
1 14875 14875
-1
1 20704 20704
0 0 11296
1 10101 10101
0 0 16166
1 30749 30749
1 28990 28990
0 0 12438
0 0 2910
1 28433 28433
-1
1 1939 1939
-1
1 6747 6747
1 15042 15042
1 15027 15027
1 17298 17298
0 0 838
1 32762 32762
0 0 16227
-1
-1
-1
1 28864 28864
-1
0 0 7003
1 27368 27368
1 19137 19137
1 32375 32375
-1
1 5961 5961
-1
1 8093 8093
-1
-1
0 0 15929
0 0 15888
-1
-1
1 25327 25327
1 21443 21443
1 15055 15055
1 14646 14646
-1
0 0 10124
1 27237 27237
1 23971 23971
0 0 13754
0 0 7173
1 22979 22979
0 0 2004
1 21761 21761
0 0 299
-1
0 0 13326
1 2372 2372
0 0 4614
0 0 9139
1 31852 31852
-1
0 0 7946
0 0 3882
-1
-1
-1
0 0 1966
0 0 10262
-1
-1
1 8179 8179
1 3544 3544
0 0 13474
1 15334 15334
-1
0 0 6761
1 24352 24352
-1
0 0 8822
0 0 8309
-1
0 0 2199
1 18686 18686
-1
0 0 13938
1 15680 15680
1 5376 5376
1 30233 30233
1 15481 15481
1 24854 24854
0 0 14102
-1
0 0 6396
0 0 4890
0 0 12185
0 0 11829
0 0 15420
-1
0 0 14936
1 30202 30202
0 0 3237
1 18308 18308
-1
1 13351 13351
0 0 14389
-1
1 25708 25708
0 0 13606
-1
0 0 9332
-1
1 24282 24282
-1
1 32061 32061
1 29822 29822
1 11218 11218
-1
1 24413 24413
1 11582 11582
1 28492 28492
-1
1 3737 3737
1 6985 6985
-1
0 0 15732
1 23832 23832
-1
1 14725 14725
1 21062 21062
-1
1 7788 7788
1 9558 9558
0 0 9425
1 16787 16787
-1
0 0 12647
1 13473 13473
1 18045 18045
0 0 4453
0 0 13811
-1
1 18823 18823
0 0 7480
-1
0 0 6208
0 0 13628
0 0 7746
-1
0 0 14675
0 0 16246
-1
-1
0 0 4603
0 0 13676
0 0 16253
1 11892 11892
-1
1 18687 18687
-1
1 8359 8359
1 30804 30804
0 0 12732
-1
-1
-1
-1
0 0 2355
-1
0 0 6420
1 25970 25970
0 0 5103
-1
-1
-1
-1
1 29615 29615
-1
1 1821 1821
-1
1 4793 4793
0 0 1155
0 0 14616
-1
-1
0 0 10336
-1
1 2432 2432
1 4213 4213
0 0 1627
1 4137 4137
1 19450 19450
0 0 5640
1 22243 22243
1 32044 32044
1 18 18
0 0 13534
-1
1 28073 28073
1 16829 16829
1 16929 16929
-1
0 0 5185
1 999 999
-1
1 12906 12906
-1
0 0 7798
0 0 3978
-1
-1
0 0 12687
0 0 2026
0 0 6407
1 20327 20327
1 14662 14662
0 0 600
0 0 1181
-1
0 0 13709
0 0 4634
1 7699 7699
0 0 3179
0 0 15590
0 0 6912
-1
-1
0 0 15422
0 0 8611
-1
-1
0 0 3168
1 1870 1870
-1
-1
-1
0 0 6136
0 0 3357
1 25906 25906
1 6053 6053
1 28192 28192
0 0 4476
0 0 9173
0 0 8474
0 0 11055
-1
-1
0 0 14236
-1
1 27045 27045
-1
-1
0 0 11770
1 9577 9577
0 0 1187
1 8060 8060
0 0 11356
1 11909 11909
0 0 4762
0 0 6950
1 12128 12128
0 0 6194
1 3597 3597
0 0 8153
-1
-1
-1
-1
1 6280 6280
0 0 14611
1 3036 3036
-1
1 6932 6932
0 0 9777
-1
1 16079 16079
-1
1 19740 19740
1 24750 24750
1 312 312
1 15432 15432
0 0 10017
0 0 9746
0 0 6728
1 27124 27124
-1
-1
-1
1 28280 28280
1 16408 16408
1 4105 4105
-1
-1
0 0 7254
0 0 13502
1 7889 7889
0 0 10230
0 0 11579
1 14549 14549
0 0 544
-1
1 7786 7786
0 0 13781
0 0 11431
-1
-1
0 0 6257
1 31022 31022
1 2239 2239
1 26528 26528
1 318 318
1 30597 30597
1 20487 20487
-1
0 0 15334
1 15597 15597
-1
-1
-1
0 0 14778
0 0 2239
1 15149 15149
-1
1 17180 17180
0 0 1056
-1
0 0 10847
0 0 12078
0 0 13295
0 0 16170
0 0 7529
0 0 12111
-1
1 17223 17223
0 0 9581
-1
0 0 7128
0 0 9933
1 12385 12385
0 0 10441
0 0 15499
-1
-1
1 6751 6751
0 0 11102
0 0 10887
0 0 983
0 0 11950
0 0 2263
0 0 13537
1 1964 1964
1 4667 4667
-1
0 0 9729
-1
0 0 10574
1 14728 14728
1 8728 8728
0 0 777
-1
0 0 14324
-1
0 0 7189
1 8497 8497
1 18314 18314
-1
-1
1 3310 3310
-1
0 0 16116
-1
-1
0 0 7662
1 31717 31717
1 24953 24953
0 0 14595
-1
1 28607 28607
0 0 15622
0 0 785
0 0 10230
0 0 14783
-1
1 2528 2528
1 10337 10337
1 24281 24281
-1
-1
-1
1 27579 27579
-1
0 0 12253
0 0 10532
0 0 5475
-1
-1
-1
-1
0 0 12339
-1
0 0 9077
-1
1 11358 11358
0 0 3766
1 13139 13139
-1
0 0 1745
0 0 9053
1 9742 9742
-1
1 3365 3365
0 0 13246
1 11624 11624
-1
-1
-1
-1
1 8177 8177
1 13644 13644
0 0 8837
1 28932 28932
-1
0 0 10747
-1
-1
-1
1 24044 24044
-1
-1
1 12278 12278
0 0 12704
-1
1 29474 29474
0 0 15764
1 17757 17757
-1
-1
0 0 103
-1
1 8381 8381
-1
0 0 4218
1 16185 16185
0 0 14551
-1
-1
1 3311 3311
1 9409 9409
1 28513 28513
0 0 15813
1 17497 17497
0 0 13373
1 15289 15289
1 3614 3614
0 0 3715
1 1487 1487
-1
-1
-1
1 15530 15530
0 0 8914
0 0 4316
1 32382 32382
1 28776 28776
0 0 3425
0 0 4173
-1
1 9308 9308
0 0 1190
1 6176 6176
0 0 1704
-1
1 31805 31805
-1
0 0 10052
0 0 10873
0 0 10126
0 0 4739
1 694 694
-1
1 7820 7820
0 0 3826
0 0 10521
1 4879 4879
1 26813 26813
1 20317 20317
-1
-1
1 32247 32247
1 28913 28913
1 7195 7195
0 0 8521
0 0 8331
0 0 170
-1
0 0 10501
1 14344 14344
1 23278 23278
-1
1 30363 30363
1 27729 27729
0 0 3118
1 19796 19796
1 17833 17833
0 0 3523
0 0 9335
0 0 7338
1 398 398
1 14294 14294
-1
-1
1 1560 1560
1 14462 14462
-1
0 0 5770
-1
-1
0 0 1490
-1
-1
0 0 14362
-1
0 0 9213
0 0 247
-1
1 29448 29448
0 0 11153
0 0 2261
0 0 666
1 13923 13923
1 26463 26463
1 26720 26720
1 3332 3332
1 30145 30145
0 0 2789
1 24851 24851
0 0 5540
-1
1 15834 15834
1 10173 10173
1 2255 2255
0 0 4288
0 0 4327
-1
1 6007 6007
-1
0 0 12706
-1
0 0 6489
-1
-1
0 0 11792
0 0 2053
1 30286 30286
-1
-1
1 32663 32663
0 0 11659
1 24843 24843
-1
-1
-1
1 21644 21644
0 0 3317
-1
1 25743 25743
-1
1 8906 8906
0 0 15072
-1
1 23131 23131
0 0 7137
1 13383 13383
0 0 5929
0 0 11216
-1
0 0 10971
0 0 5117
0 0 8575
1 45 45
-1
0 0 809
0 0 11073
-1
0 0 9179
0 0 9179
-1
1 11785 11785
-1
0 0 11999
1 7254 7254
-1
1 22598 22598
-1
-1
-1
1 20599 20599
-1
1 22803 22803
0 0 10631
-1
0 0 5370
1 19735 19735
-1
-1
1 24543 24543
1 6644 6644
1 31892 31892
0 0 9919
1 8155 8155
1 23171 23171
1 18902 18902
-1
0 0 5787
1 22897 22897
0 0 8028
-1
0 0 12024
-1
0 0 15779
-1
1 24382 24382
1 3908 3908
1 30460 30460
1 4778 4778
-1
0 0 7059
0 0 16038
-1
-1
-1
0 0 15631
0 0 4588
1 1328 1328
0 0 2599
-1
-1
0 0 7474
0 0 1926
-1
-1
0 0 15838
1 30740 30740
1 23525 23525
-1
1 8227 8227
-1
1 26697 26697
1 26517 26517
1 30011 30011
-1
-1
0 0 4370
1 984 984
1 21 21
-1
1 26100 26100
-1
-1
0 0 6099
0 0 13012
1 25586 25586
0 0 1172
-1
1 23543 23543
-1
0 0 14113
-1
0 0 1557
-1
1 7463 7463
1 32463 32463
-1
0 0 13295
0 0 5368
1 13977 13977
-1
1 29530 29530
1 24714 24714
1 11526 11526
-1
1 2520 2520
1 23862 23862
-1
-1
1 12235 12235
1 29962 29962
1 16996 16996
-1
1 7515 7515
-1
0 0 4450
0 0 7747
1 8933 8933
-1
0 0 1749
-1
0 0 11964
-1
0 0 3990
1 6176 6176
0 0 7597
-1
0 0 12908
-1
-1
1 15959 15959
-1
-1
-1
-1
1 13617 13617
0 0 4328
-1
-1
-1
-1
1 1879 1879
1 13409 13409
1 4916 4916
0 0 31
-1
0 0 2745
1 14058 14058
1 24214 24214
-1
1 22538 22538
1 19107 19107
1 409 409
0 0 10627
0 0 2477
0 0 2573
0 0 15594
0 0 5413
-1
-1
1 14567 14567
-1
0 0 8644
0 0 889
-1
1 19363 19363
1 4847 4847
1 26889 26889
-1
-1
-1
1 23375 23375
1 6666 6666
-1
0 0 8750
1 3009 3009
1 31680 31680
1 23348 23348
-1
1 3155 3155
1 28180 28180
-1
1 19112 19112
-1
-1
1 13446 13446
0 0 3455
0 0 10800
1 9096 9096
1 21301 21301
0 0 3589
