0 0 14022
1 8144 8144
1 12152 12152
1 3608 3608
-1
1 15002 15002
-1
-1
1 20888 20888
0 0 10135
-1
-1
-1
-1
1 15444 15444
-1
-1
1 13901 13901
-1
-1
1 18917 18917
1 4991 4991
0 0 9681
-1
0 0 5805
0 0 612
-1
0 0 3165
-1
0 0 3212
0 0 13789
0 0 4180
1 30010 30010
1 27777 27777
1 30157 30157
-1
-1
-1
0 0 16063
1 2590 2590
-1
1 29072 29072
-1
0 0 8956
-1
0 0 15816
-1
1 2971 2971
0 0 4513
0 0 7466
-1
-1
1 26990 26990
1 14630 14630
0 0 9074
0 0 8406
1 11028 11028
1 24428 24428
-1
1 32655 32655
1 3838 3838
0 0 1434
0 0 16072
1 5920 5920
-1
-1
0 0 13906
1 10516 10516
0 0 15911
1 19384 19384
0 0 8702
1 5379 5379
-1
0 0 7713
1 30045 30045
-1
0 0 8316
0 0 1911
1 6224 6224
1 12961 12961
1 5374 5374
0 0 6207
1 10406 10406
1 21620 21620
1 13518 13518
-1
0 0 10872
-1
-1
0 0 3327
0 0 11906
1 5480 5480
1 18405 18405
-1
-1
0 0 6338
1 12801 12801
0 0 15953
1 32063 32063
0 0 3032
0 0 10569
-1
0 0 3827
1 30884 30884
-1
1 11910 11910
1 22618 22618
0 0 5437
0 0 12981
1 16967 16967
0 0 15907
-1
-1
-1
0 0 14540
0 0 14745
0 0 3234
1 6477 6477
-1
0 0 15328
0 0 9954
1 21442 21442
0 0 10305
-1
1 24370 24370
1 13235 13235
-1
0 0 3467
1 12698 12698
0 0 12105
0 0 10349
0 0 9649
0 0 10309
0 0 16060
-1
1 28738 28738
1 1436 1436
-1
0 0 14676
-1
-1
1 7382 7382
1 6965 6965
1 8339 8339
-1
1 28720 28720
-1
1 26790 26790
0 0 8712
1 16973 16973
0 0 5939
0 0 2506
0 0 3741
1 27637 27637
-1
0 0 3476
1 4646 4646
-1
-1
1 16147 16147
-1
0 0 10338
-1
1 30567 30567
-1
0 0 14938
1 4342 4342
-1
-1
1 18109 18109
-1
-1
0 0 13649
-1
1 30303 30303
0 0 7935
1 3782 3782
-1
-1
1 2061 2061
1 8819 8819
0 0 8906
-1
0 0 2594
1 29294 29294
0 0 236
-1
1 4494 4494
1 24064 24064
-1
1 15470 15470
1 18620 18620
0 0 9915
1 631 631
1 9755 9755
0 0 1920
-1
1 2520 2520
1 19614 19614
1 18547 18547
0 0 7849
1 11056 11056
-1
-1
-1
-1
1 20228 20228
1 28341 28341
1 16314 16314
0 0 14257
-1
0 0 12884
-1
1 14949 14949
0 0 12546
-1
0 0 336
1 29868 29868
1 22441 22441
0 0 8700
1 32768 32768
-1
-1
-1
-1
-1
0 0 7455
1 17774 17774
0 0 16030
-1
1 24751 24751
-1
1 21244 21244
0 0 6682
0 0 1281
-1
0 0 14073
-1
1 9826 9826
-1
-1
-1
1 3644 3644
1 20920 20920
0 0 14205
0 0 15358
1 20676 20676
-1
0 0 8584
-1
0 0 2360
-1
1 30055 30055
0 0 4202
1 31611 31611
0 0 15625
1 29323 29323
0 0 4269
-1
1 3567 3567
1 7822 7822
0 0 5484
-1
-1
0 0 13762
0 0 4228
1 15898 15898
1 9917 9917
0 0 2
-1
-1
-1
-1
0 0 5132
1 25051 25051
0 0 12606
0 0 15311
1 5534 5534
0 0 15590
0 0 8703
0 0 13439
1 11813 11813
-1
0 0 5357
1 31604 31604
1 31129 31129
1 8009 8009
-1
0 0 9941
1 11533 11533
1 971 971
-1
1 27094 27094
0 0 12955
0 0 2953
0 0 1519
0 0 11796
1 28909 28909
1 1989 1989
-1
-1
-1
0 0 2855
-1
-1
1 26658 26658
1 21339 21339
-1
-1
-1
1 28257 28257
1 26783 26783
0 0 13525
-1
-1
0 0 12777
0 0 1971
-1
0 0 11896
1 2331 2331
0 0 9581
-1
-1
-1
0 0 13866
1 6779 6779
1 23522 23522
1 22438 22438
1 14893 14893
0 0 12689
-1
-1
0 0 2973
0 0 1257
0 0 14509
0 0 2502
0 0 7341
1 5197 5197
1 11262 11262
1 31776 31776
-1
0 0 1788
-1
1 14941 14941
1 31318 31318
1 4702 4702
1 19826 19826
1 26317 26317
0 0 14144
0 0 13270
-1
0 0 11249
1 12118 12118
0 0 5273
1 30561 30561
0 0 2615
0 0 14757
1 488 488
-1
1 22058 22058
-1
0 0 15219
-1
1 7217 7217
1 5855 5855
1 16875 16875
1 20514 20514
-1
0 0 4027
0 0 7660
1 29956 29956
0 0 13760
0 0 15626
1 22322 22322
0 0 8083
-1
-1
0 0 5457
1 25474 25474
0 0 2822
1 5631 5631
1 2937 2937
1 27344 27344
1 20437 20437
-1
0 0 7187
0 0 6151
-1
0 0 1530
-1
0 0 14209
1 17066 17066
0 0 10663
0 0 13758
0 0 12632
0 0 13669
1 30090 30090
0 0 11678
-1
1 7747 7747
-1
1 11779 11779
-1
1 19350 19350
0 0 6729
1 23924 23924
-1
1 4652 4652
1 24743 24743
-1
-1
0 0 2664
-1
0 0 13839
-1
-1
1 826 826
-1
1 24320 24320
0 0 9396
1 918 918
1 1084 1084
-1
-1
1 30958 30958
1 16417 16417
0 0 8082
-1
0 0 2109
1 7431 7431
0 0 12016
-1
0 0 4924
1 31247 31247
1 15669 15669
-1
-1
1 30718 30718
1 19733 19733
-1
0 0 12390
0 0 479
-1
-1
0 0 14744
0 0 14446
1 12055 12055
0 0 5151
0 0 7824
1 9229 9229
-1
-1
-1
-1
1 16843 16843
1 4766 4766
-1
-1
-1
0 0 6997
1 1266 1266
0 0 1860
0 0 10155
-1
0 0 10479
-1
-1
1 27357 27357
1 12178 12178
1 15888 15888
1 32284 32284
1 9581 9581
1 17905 17905
0 0 8586
0 0 1839
1 19942 19942
-1
1 16628 16628
1 8387 8387
0 0 3995
0 0 14763
1 8065 8065
1 1191 1191
1 21683 21683
1 1212 1212
1 9777 9777
1 1583 1583
1 11411 11411
-1
1 18077 18077
0 0 1632
1 31345 31345
1 12335 12335
1 30468 30468
0 0 9411
-1
0 0 6681
0 0 3683
1 30191 30191
1 4238 4238
1 2707 2707
-1
0 0 4374
-1
-1
1 30874 30874
0 0 2523
-1
0 0 2174
0 0 8657
-1
1 27738 27738
0 0 5517
-1
1 3551 3551
1 25303 25303
1 26816 26816
1 1319 1319
0 0 12062
0 0 4290
0 0 1663
0 0 7033
0 0 6197
-1
-1
0 0 11995
-1
-1
-1
-1
1 15263 15263
0 0 14842
-1
1 27086 27086
1 2696 2696
1 19999 19999
1 21555 21555
-1
1 13314 13314
0 0 5637
0 0 7325
1 8233 8233
0 0 9396
0 0 15733
-1
0 0 1748
-1
-1
1 24762 24762
0 0 4323
0 0 7579
1 27825 27825
0 0 7627
0 0 557
1 13222 13222
0 0 9973
-1
-1
1 7446 7446
1 20927 20927
0 0 14675
-1
0 0 13465
0 0 13351
1 24023 24023
0 0 7932
1 18542 18542
0 0 11089
0 0 5097
-1
0 0 1087
0 0 1170
0 0 11440
-1
-1
-1
0 0 14886
1 7902 7902
0 0 3498
-1
-1
1 29517 29517
-1
0 0 9389
1 397 397
0 0 14088
1 20405 20405
1 9247 9247
1 24333 24333
0 0 354
1 14581 14581
0 0 11204
1 22855 22855
0 0 10262
1 18407 18407
-1
0 0 14413
-1
0 0 5774
-1
0 0 6839
1 22222 22222
-1
0 0 9377
1 11947 11947
-1
-1
0 0 9383
-1
1 5587 5587
-1
1 22076 22076
-1
-1
0 0 1138
-1
-1
-1
-1
1 1782 1782
1 2531 2531
1 4000 4000
0 0 12615
0 0 368
1 3028 3028
-1
-1
1 4319 4319
-1
-1
1 18903 18903
1 6205 6205
0 0 14629
0 0 3786
0 0 14728
1 20388 20388
0 0 6958
0 0 3239
1 9829 9829
1 8100 8100
0 0 8540
-1
0 0 4073
1 5424 5424
-1
1 21012 21012
-1
0 0 12816
-1
1 21359 21359
1 30536 30536
0 0 15577
1 32192 32192
-1
0 0 11665
-1
0 0 6088
1 25574 25574
0 0 16091
-1
0 0 1362
1 2731 2731
0 0 14317
0 0 9194
-1
-1
-1
1 16266 16266
-1
0 0 13019
0 0 2423
-1
1 4355 4355
-1
0 0 9962
1 121 121
1 20802 20802
1 3540 3540
1 31037 31037
0 0 11359
1 29732 29732
1 3478 3478
0 0 6822
-1
1 6115 6115
1 16960 16960
1 9200 9200
0 0 7065
0 0 5341
1 9204 9204
1 10067 10067
-1
0 0 5686
0 0 1595
0 0 6197
-1
1 3772 3772
0 0 8410
1 7531 7531
-1
1 4594 4594
1 4151 4151
1 10321 10321
1 17106 17106
-1
1 30131 30131
0 0 12973
0 0 1451
1 29643 29643
-1
1 20873 20873
0 0 9709
1 27667 27667
-1
0 0 14482
1 23511 23511
-1
0 0 6978
0 0 16156
-1
-1
1 1826 1826
-1
1 3617 3617
-1
0 0 14822
0 0 11873
0 0 9836
0 0 3177
1 7564 7564
1 12707 12707
-1
1 8279 8279
-1
1 18382 18382
-1
1 5636 5636
-1
0 0 10192
-1
1 14795 14795
0 0 14630
-1
0 0 7256
1 9632 9632
1 19734 19734
1 9230 9230
0 0 2271
-1
0 0 11744
0 0 13725
1 18613 18613
-1
-1
1 1585 1585
0 0 7738
-1
0 0 3060
0 0 787
-1
0 0 5011
1 27028 27028
1 20878 20878
0 0 5226
1 22049 22049
-1
-1
-1
1 5946 5946
1 5279 5279
0 0 6901
1 3278 3278
0 0 6208
-1
0 0 15439
0 0 11585
0 0 6917
-1
-1
1 25740 25740
-1
0 0 7323
1 11319 11319
1 6281 6281
0 0 10663
0 0 6639
0 0 1786
0 0 8510
0 0 8674
-1
1 32211 32211
-1
0 0 14204
1 1292 1292
1 22123 22123
1 8012 8012
-1
-1
0 0 13579
-1
0 0 1183
0 0 1834
0 0 187
0 0 5364
0 0 4759
-1
0 0 13556
0 0 5705
1 29333 29333
1 11222 11222
-1
-1
-1
-1
-1
1 4457 4457
-1
1 23533 23533
1 18328 18328
0 0 14780
-1
0 0 6589
1 21770 21770
0 0 1498
-1
1 3893 3893
1 22906 22906
0 0 14275
0 0 13940
-1
-1
1 24129 24129
0 0 14504
1 30860 30860
0 0 11714
0 0 6603
-1
0 0 11032
-1
1 27165 27165
0 0 14398
-1
0 0 476
0 0 5865
-1
1 31176 31176
0 0 14223
1 32405 32405
0 0 14945
1 25627 25627
0 0 15919
-1
-1
1 6511 6511
0 0 11910
-1
-1
1 26446 26446
-1
0 0 7779
1 2150 2150
0 0 754
1 970 970
1 1484 1484
-1
-1
-1
0 0 11916
-1
-1
1 32317 32317
0 0 1842
-1
1 9176 9176
1 20331 20331
-1
-1
0 0 5554
0 0 6597
0 0 13735
0 0 8673
1 23466 23466
0 0 6852
0 0 12711
1 31846 31846
0 0 3222
1 10008 10008
1 17171 17171
-1
1 11415 11415
0 0 16280
1 27211 27211
0 0 8229
1 23861 23861
-1
0 0 1345
0 0 15440
-1
1 8230 8230
-1
0 0 7612
0 0 7613
1 17350 17350
-1
-1
0 0 8120
1 12400 12400
-1
-1
0 0 6429
1 20720 20720
-1
0 0 5880
-1
0 0 7722
1 2215 2215
1 17992 17992
-1
0 0 567
0 0 6726
1 13873 13873
1 15952 15952
1 5206 5206
1 6995 6995
0 0 10473
1 25951 25951
1 7909 7909
0 0 11219
0 0 12590
1 29361 29361
0 0 3741
-1
-1
-1
1 23865 23865
-1
-1
0 0 6029
1 8199 8199
-1
1 219 219
1 21897 21897
1 18576 18576
1 12388 12388
-1
0 0 2804
0 0 3329
0 0 4858
0 0 224
-1
1 1615 1615
1 6372 6372
0 0 15901
1 15290 15290
0 0 1623
1 13087 13087
-1
-1
-1
-1
1 22312 22312
0 0 15284
1 19921 19921
1 22810 22810
0 0 11996
-1
1 31703 31703
1 29733 29733
1 24267 24267
0 0 6410
-1
0 0 13577
1 6070 6070
0 0 3655
1 23466 23466
0 0 12192
-1
0 0 7052
-1
1 20085 20085
1 23567 23567
1 23447 23447
-1
1 19286 19286
-1
1 1043 1043
0 0 8380
-1
-1
0 0 12957
1 17769 17769
1 14385 14385
1 7234 7234
1 6369 6369
-1
-1
0 0 3637
-1
0 0 2159
0 0 495
1 8778 8778
1 18334 18334
-1
0 0 12558
1 14679 14679
0 0 10055
-1
1 15019 15019
1 17424 17424
1 1193 1193
-1
-1
-1
0 0 5499
0 0 15959
-1
0 0 5188
-1
-1
-1
0 0 8811
1 27502 27502
-1
0 0 12556
-1
0 0 812
-1
0 0 1514
-1
-1
1 19857 19857
-1
-1
0 0 6012
1 17082 17082
1 4364 4364
0 0 383
-1
-1
-1
0 0 1979
1 19929 19929
0 0 11372
1 19989 19989
-1
-1
1 21422 21422
-1
1 14669 14669
-1
1 1380 1380
1 925 925
1 8569 8569
-1
1 342 342
0 0 182
-1
0 0 6024
1 28963 28963
0 0 5192
-1
1 18711 18711
1 9005 9005
0 0 9666
0 0 145
1 26467 26467
0 0 5261
0 0 7439
0 0 10486
-1
1 1622 1622
1 25635 25635
-1
-1
1 28303 28303
0 0 1497
-1
-1
-1
1 2007 2007
-1
-1
1 1797 1797
-1
1 18946 18946
0 0 9294
-1
0 0 8374
0 0 8434
-1
0 0 1569
1 19426 19426
0 0 14051
-1
0 0 8570
-1
0 0 894
-1
1 15437 15437
0 0 12363
-1
-1
-1
-1
1 3023 3023
0 0 10253
0 0 9396
1 8581 8581
0 0 8532
1 2627 2627
0 0 1989
-1
1 6737 6737
0 0 8686
0 0 5388
0 0 8366
0 0 15832
1 11799 11799
0 0 11862
0 0 1708
1 31926 31926
-1
-1
-1
-1
-1
0 0 3858
0 0 13453
1 19829 19829
1 2153 2153
0 0 15048
0 0 9177
0 0 6733
-1
0 0 8587
0 0 870
0 0 9120
1 26540 26540
-1
1 25292 25292
1 7654 7654
-1
1 22249 22249
1 21754 21754
1 5392 5392
0 0 11220
0 0 1007
0 0 13056
-1
1 22315 22315
-1
-1
0 0 4363
1 9532 9532
0 0 6276
1 13119 13119
0 0 6089
-1
-1
0 0 2592
0 0 13541
0 0 6082
0 0 1812
1 29362 29362
1 17116 17116
-1
0 0 10919
-1
1 18401 18401
-1
1 13184 13184
1 25287 25287
1 26491 26491
-1
1 15249 15249
-1
1 18510 18510
-1
-1
1 10283 10283
1 12163 12163
0 0 13707
-1
0 0 6907
1 30534 30534
-1
0 0 9880
-1
-1
-1
-1
0 0 6993
0 0 6304
-1
1 32593 32593
0 0 4715
1 19299 19299
0 0 11121
0 0 9696
0 0 15955
-1
0 0 10231
1 5440 5440
0 0 14939
1 3237 3237
-1
-1
1 10382 10382
-1
1 29135 29135
0 0 3136
1 27418 27418
-1
-1
-1
0 0 5268
0 0 193
0 0 5271
0 0 13164
1 23533 23533
-1
-1
-1
-1
1 14610 14610
-1
1 589 589
-1
-1
-1
-1
-1
0 0 14037
0 0 16272
1 24866 24866
1 11225 11225
0 0 7507
-1
-1
-1
0 0 13985
0 0 15189
1 15837 15837
0 0 10502
0 0 4982
-1
0 0 3274
-1
0 0 775
0 0 10964
1 26436 26436
1 8419 8419
1 11418 11418
1 22710 22710
0 0 15111
-1
-1
1 13879 13879
0 0 2093
0 0 13765
1 67 67
0 0 10165
-1
-1
1 7510 7510
1 21682 21682
-1
1 23409 23409
-1
-1
0 0 739
-1
-1
0 0 12251
1 748 748
0 0 8225
-1
0 0 14390
-1
-1
0 0 1300
0 0 9233
0 0 15320
-1
-1
0 0 2105
0 0 11913
1 31154 31154
0 0 3945
0 0 2185
0 0 12637
-1
-1
-1
-1
1 17993 17993
0 0 5015
0 0 4082
1 7245 7245
-1
1 9770 9770
-1
0 0 1548
1 14048 14048
1 13106 13106
-1
1 16621 16621
1 22782 22782
-1
1 14393 14393
0 0 1939
0 0 8866
0 0 10632
-1
0 0 176
0 0 9765
1 5829 5829
0 0 6635
-1
1 18821 18821
-1
-1
0 0 14678
-1
1 15677 15677
0 0 7274
0 0 13415
0 0 9462
1 28790 28790
-1
0 0 12042
0 0 6270
-1
-1
1 1524 1524
0 0 9604
-1
1 7008 7008
-1
-1
0 0 14421
1 28446 28446
1 7190 7190
0 0 4052
1 26119 26119
0 0 15884
1 11666 11666
-1
0 0 10757
-1
-1
-1
1 17676 17676
0 0 13214
1 31089 31089
1 15466 15466
-1
0 0 12543
1 10020 10020
0 0 15086
1 7788 7788
0 0 2581
0 0 6016
-1
1 5127 5127
1 27942 27942
-1
1 29775 29775
0 0 8717
0 0 13886
-1
-1
0 0 1094
-1
1 19488 19488
1 24566 24566
-1
-1
-1
-1
0 0 7908
-1
-1
-1
1 3447 3447
1 8457 8457
0 0 14371
1 7592 7592
-1
0 0 9871
0 0 2201
0 0 10925
-1
-1
-1
-1
-1
1 25448 25448
1 22857 22857
1 19952 19952
1 21963 21963
1 7882 7882
1 3358 3358
-1
0 0 2154
1 1841 1841
-1
0 0 6328
0 0 8079
0 0 8071
1 21117 21117
1 25054 25054
0 0 12445
1 3192 3192
-1
-1
-1
0 0 4563
0 0 2104
1 23754 23754
1 32706 32706
0 0 188
1 26685 26685
1 13219 13219
1 32097 32097
0 0 11000
1 25405 25405
1 14839 14839
0 0 14110
1 32434 32434
0 0 2722
-1
0 0 9469
1 4487 4487
0 0 5556
1 26132 26132
1 18114 18114
0 0 15215
0 0 11585
0 0 16300
1 20415 20415
-1
0 0 11994
0 0 518
1 2981 2981
-1
-1
1 21548 21548
-1
0 0 14122
1 21291 21291
-1
0 0 15293
1 17995 17995
1 11649 11649
-1
1 14561 14561
-1
1 6415 6415
0 0 2116
0 0 9869
0 0 2850
-1
1 16201 16201
-1
0 0 12794
1 16612 16612
0 0 4626
1 10134 10134
0 0 14674
-1
1 29931 29931
-1
-1
1 12400 12400
-1
1 19012 19012
0 0 8374
0 0 4113
-1
-1
0 0 8233
1 29113 29113
-1
-1
-1
-1
1 22937 22937
1 28176 28176
-1
1 770 770
0 0 4903
-1
1 16734 16734
0 0 1035
-1
-1
-1
1 9938 9938
-1
-1
0 0 4321
-1
-1
0 0 10678
1 4737 4737
1 13293 13293
-1
0 0 13613
0 0 14721
-1
0 0 11188
1 16973 16973
1 6368 6368
0 0 12972
-1
0 0 9311
0 0 12076
-1
0 0 15331
-1
1 3275 3275
0 0 5420
1 20103 20103
0 0 10314
1 22336 22336
-1
1 30994 30994
1 18942 18942
0 0 12912
0 0 15161
-1
-1
1 27514 27514
0 0 2894
-1
-1
-1
0 0 2230
-1
1 31014 31014
0 0 2432
0 0 5010
0 0 12273
1 24207 24207
-1
-1
-1
1 7371 7371
1 18 18
-1
0 0 8416
0 0 3387
-1
1 22609 22609
1 7285 7285
1 4020 4020
0 0 14229
1 10003 10003
0 0 3744
1 23719 23719
-1
0 0 1155
-1
-1
1 30473 30473
0 0 2498
1 13358 13358
0 0 7849
1 20666 20666
1 12846 12846
0 0 2698
-1
1 22696 22696
-1
-1
0 0 4727
-1
1 28878 28878
1 2707 2707
-1
0 0 10146
0 0 13547
-1
0 0 3608
-1
-1
-1
0 0 9397
-1
-1
0 0 10918
0 0 3591
1 7054 7054
0 0 15333
-1
1 24804 24804
-1
-1
-1
0 0 11997
-1
0 0 8121
1 23464 23464
0 0 11248
0 0 7579
0 0 4327
0 0 13156
0 0 5462
0 0 309
0 0 7570
0 0 8359
-1
1 21297 21297
0 0 5247
0 0 8972
-1
0 0 6180
0 0 5780
1 13934 13934
0 0 5499
1 16922 16922
1 31800 31800
0 0 15929
0 0 7865
-1
-1
0 0 16090
0 0 6011
0 0 6231
-1
-1
-1
0 0 9337
1 8824 8824
1 4113 4113
-1
0 0 14583
0 0 11986
0 0 3547
-1
1 28090 28090
0 0 8134
0 0 13911
-1
0 0 10634
0 0 3823
1 22264 22264
-1
-1
-1
0 0 13436
0 0 4300
0 0 13774
0 0 5917
0 0 5883
0 0 6923
1 508 508
0 0 1910
-1
1 22385 22385
1 27975 27975
-1
-1
1 20406 20406
-1
0 0 576
-1
0 0 10298
0 0 14855
1 6691 6691
-1
0 0 1185
-1
-1
1 4081 4081
1 20024 20024
1 22064 22064
0 0 1245
0 0 8273
-1
0 0 13833
0 0 9668
-1
-1
0 0 14868
1 4486 4486
-1
0 0 7579
-1
0 0 5348
0 0 10886
1 6033 6033
-1
1 2603 2603
0 0 6628
-1
0 0 14999
-1
-1
0 0 1992
1 30934 30934
1 18572 18572
-1
0 0 9805
0 0 1540
0 0 3530
-1
0 0 657
1 9156 9156
0 0 14056
-1
0 0 13618
1 7209 7209
0 0 4790
-1
1 17182 17182
-1
1 14173 14173
-1
-1
0 0 2325
0 0 747
1 24127 24127
1 27799 27799
-1
1 20182 20182
-1
1 4330 4330
1 7404 7404
1 10904 10904
0 0 98
-1
0 0 15299
0 0 3344
1 1896 1896
0 0 4649
0 0 16068
-1
1 2854 2854
-1
0 0 8584
-1
0 0 1454
1 10756 10756
1 22366 22366
1 32115 32115
1 15826 15826
0 0 1089
1 16217 16217
-1
-1
-1
-1
-1
-1
1 5059 5059
0 0 7311
0 0 8909
0 0 6224
-1
1 20329 20329
0 0 147
1 27901 27901
-1
0 0 5039
1 30 30
1 24518 24518
1 26023 26023
1 28568 28568
1 20198 20198
0 0 5323
0 0 2405
1 31572 31572
0 0 12757
-1
0 0 14665
-1
1 23771 23771
1 11950 11950
-1
-1
1 20393 20393
-1
1 27153 27153
-1
0 0 4933
-1
0 0 1323
1 23704 23704
-1
1 32173 32173
-1
-1
0 0 15836
-1
1 14120 14120
0 0 16335
1 11206 11206
1 21793 21793
1 9691 9691
-1
-1
-1
-1
1 21457 21457
0 0 7160
0 0 36
-1
0 0 13845
1 3302 3302
0 0 12191
1 7887 7887
1 23979 23979
-1
-1
0 0 6870
-1
1 23983 23983
-1
-1
-1
-1
-1
1 11044 11044
1 20902 20902
1 908 908
0 0 374
0 0 8014
-1
1 3672 3672
-1
0 0 7446
-1
-1
-1
1 30861 30861
0 0 2531
1 2415 2415
1 20145 20145
0 0 14781
0 0 4640
1 5842 5842
-1
1 2614 2614
1 24096 24096
0 0 142
0 0 4943
-1
-1
0 0 7555
1 5043 5043
0 0 3414
1 32338 32338
-1
1 19790 19790
0 0 5247
1 16357 16357
1 16865 16865
0 0 10641
1 31047 31047
1 18009 18009
1 22805 22805
-1
-1
-1
1 361 361
1 28482 28482
0 0 14027
1 17011 17011
0 0 3252
1 31077 31077
-1
-1
-1
1 3194 3194
-1
1 2333 2333
-1
1 7080 7080
0 0 813
-1
1 6096 6096
1 13690 13690
1 28403 28403
0 0 1417
0 0 14171
1 26208 26208
-1
1 30179 30179
1 8186 8186
1 11054 11054
0 0 6707
0 0 12713
1 32060 32060
0 0 14797
1 29738 29738
0 0 14141
0 0 12721
0 0 6753
0 0 4148
-1
-1
0 0 1491
-1
1 31759 31759
1 7506 7506
1 28583 28583
1 968 968
1 13795 13795
-1
0 0 14983
0 0 6904
-1
-1
0 0 4035
0 0 975
-1
0 0 10591
0 0 8783
1 21469 21469
1 8931 8931
-1
-1
-1
1 1460 1460
-1
0 0 5811
0 0 555
-1
0 0 344
1 3113 3113
1 11838 11838
0 0 9339
-1
-1
1 15122 15122
0 0 15651
0 0 13875
-1
0 0 5689
1 31664 31664
-1
0 0 1800
-1
0 0 2687
1 29882 29882
0 0 14987
1 8688 8688
1 8351 8351
-1
1 21322 21322
-1
0 0 6929
1 8304 8304
-1
0 0 4230
1 25790 25790
-1
-1
1 15777 15777
-1
-1
1 14515 14515
0 0 14893
1 28493 28493
1 3249 3249
0 0 10726
1 1910 1910
0 0 5935
0 0 7469
0 0 6062
-1
0 0 6371
-1
0 0 247
1 11734 11734
0 0 15928
1 26458 26458
-1
-1
0 0 7156
1 26847 26847
1 15777 15777
0 0 15098
1 24290 24290
-1
-1
0 0 5767
0 0 15320
1 11950 11950
0 0 13817
0 0 6821
1 24271 24271
0 0 3872
1 15778 15778
-1
-1
1 8979 8979
0 0 12312
-1
1 26518 26518
0 0 10297
1 29286 29286
0 0 15332
0 0 14258
1 7284 7284
0 0 5620
-1
1 5842 5842
0 0 7990
1 12226 12226
-1
1 30347 30347
0 0 3771
-1
1 6359 6359
-1
0 0 10104
0 0 3409
-1
0 0 15077
-1
0 0 5018
1 16529 16529
0 0 7472
0 0 9858
-1
1 24168 24168
0 0 4912
1 32304 32304
-1
0 0 14148
-1
0 0 7159
-1
0 0 6779
1 3019 3019
1 4209 4209
0 0 5023
1 27060 27060
-1
-1
0 0 3503
-1
-1
-1
1 4692 4692
0 0 7331
-1
0 0 6986
0 0 11593
1 29369 29369
-1
0 0 13692
1 22897 22897
0 0 14939
1 20419 20419
1 7706 7706
-1
0 0 15979
1 1440 1440
-1
0 0 240
-1
-1
1 14858 14858
0 0 12171
-1
0 0 3869
1 1208 1208
0 0 10137
1 15937 15937
0 0 4275
-1
-1
-1
0 0 9068
0 0 16377
-1
0 0 3650
0 0 14673
0 0 15036
-1
-1
1 20601 20601
-1
0 0 16117
0 0 4989
1 7734 7734
1 2754 2754
0 0 8099
-1
1 1623 1623
0 0 9163
-1
1 30293 30293
1 2686 2686
1 24585 24585
0 0 14238
1 16531 16531
-1
-1
-1
0 0 2501
-1
0 0 11624
1 16229 16229
1 7686 7686
-1
1 12377 12377
0 0 3676
0 0 9192
-1
-1
0 0 8151
1 14396 14396
-1
0 0 13685
1 20447 20447
0 0 13902
-1
-1
-1
0 0 12132
-1
1 30818 30818
1 4033 4033
1 15265 15265
1 28855 28855
0 0 14741
-1
0 0 5313
1 16944 16944
1 29478 29478
0 0 10486
0 0 3946
0 0 5982
0 0 8214
1 32335 32335
1 18558 18558
-1
1 8666 8666
-1
-1
1 25316 25316
0 0 12037
0 0 1453
-1
1 11975 11975
-1
0 0 9544
-1
-1
1 23497 23497
0 0 15092
-1
0 0 9367
1 29416 29416
1 29540 29540
-1
0 0 5160
1 31917 31917
1 9061 9061
0 0 15812
0 0 8476
0 0 10214
0 0 4506
1 21851 21851
1 7311 7311
0 0 1053
1 8060 8060
0 0 4269
1 23459 23459
-1
-1
-1
0 0 13938
0 0 3355
1 27676 27676
1 26520 26520
0 0 8373
-1
-1
1 18170 18170
1 6255 6255
-1
-1
1 8148 8148
1 22990 22990
0 0 15411
1 25555 25555
0 0 8609
1 137 137
0 0 8937
1 11752 11752
-1
1 5448 5448
-1
0 0 1804
-1
0 0 7273
1 3131 3131
1 17966 17966
-1
-1
1 3369 3369
1 24027 24027
-1
1 22310 22310
0 0 10579
-1
-1
-1
-1
-1
0 0 8987
0 0 8657
0 0 1292
1 7197 7197
1 17699 17699
0 0 5235
1 2593 2593
-1
-1
-1
1 22490 22490
1 12895 12895
0 0 10219
0 0 2384
1 27190 27190
-1
-1
0 0 4451
0 0 12982
0 0 10962
0 0 2468
1 23459 23459
1 2424 2424
1 14996 14996
-1
0 0 10356
0 0 6219
0 0 15597
0 0 13670
-1
-1
0 0 8135
0 0 5865
1 25638 25638
-1
-1
-1
-1
0 0 13482
0 0 11274
0 0 10830
1 4061 4061
0 0 15874
-1
1 27808 27808
-1
0 0 1341
-1
-1
0 0 7381
-1
0 0 14479
-1
1 23047 23047
-1
0 0 7197
1 4324 4324
1 18794 18794
1 7498 7498
0 0 9900
-1
-1
0 0 6710
0 0 5848
1 21259 21259
-1
0 0 12249
0 0 9713
-1
-1
1 5956 5956
1 12905 12905
0 0 15111
-1
1 15248 15248
1 13866 13866
-1
-1
0 0 12773
1 14573 14573
-1
-1
0 0 7732
-1
-1
1 8452 8452
-1
0 0 261
1 23238 23238
1 28652 28652
0 0 8447
0 0 373
0 0 5613
0 0 2950
-1
-1
-1
1 16926 16926
1 20570 20570
1 30587 30587
1 26421 26421
1 5503 5503
0 0 10902
1 18057 18057
-1
-1
1 24511 24511
-1
1 11700 11700
-1
1 18275 18275
1 6850 6850
1 30309 30309
-1
-1
-1
-1
0 0 11244
1 26627 26627
0 0 420
-1
0 0 6615
-1
1 19920 19920
0 0 3673
-1
1 24560 24560
-1
-1
1 15890 15890
0 0 4938
0 0 3996
0 0 7438
0 0 4988
0 0 4647
0 0 4058
-1
-1
-1
0 0 9315
0 0 13888
0 0 8169
-1
1 7796 7796
-1
0 0 571
0 0 11158
-1
0 0 13688
0 0 13027
1 17467 17467
0 0 13210
0 0 7450
-1
0 0 3128
-1
1 5314 5314
0 0 15719
1 22352 22352
-1
1 18668 18668
-1
1 7073 7073
1 18009 18009
0 0 8389
-1
-1
1 2349 2349
1 15485 15485
1 5382 5382
-1
1 20419 20419
-1
1 27988 27988
0 0 6458
0 0 4000
-1
0 0 974
0 0 2701
0 0 11290
-1
1 29195 29195
1 27533 27533
-1
0 0 3360
-1
-1
-1
-1
-1
0 0 7693
0 0 4171
-1
1 3116 3116
-1
0 0 6159
0 0 11616
0 0 7337
-1
1 3634 3634
1 17961 17961
0 0 15952
0 0 8779
1 1075 1075
-1
1 4253 4253
1 7276 7276
0 0 7221
1 5206 5206
0 0 10744
-1
-1
-1
1 25577 25577
0 0 16284
0 0 8710
0 0 7022
-1
0 0 16117
-1
1 3970 3970
0 0 5016
1 16272 16272
-1
-1
-1
0 0 920
1 24521 24521
1 8954 8954
0 0 1114
0 0 8907
1 31235 31235
0 0 13185
-1
-1
0 0 15532
-1
0 0 8311
1 21935 21935
0 0 8856
-1
1 18614 18614
-1
0 0 9259
-1
1 25246 25246
-1
0 0 10686
-1
-1
-1
1 4018 4018
0 0 13913
0 0 5471
0 0 10615
-1
1 26205 26205
-1
1 12339 12339
-1
0 0 15293
1 20623 20623
-1
1 22496 22496
1 1099 1099
1 11000 11000
1 32232 32232
1 626 626
0 0 13126
-1
-1
1 24787 24787
-1
1 1324 1324
0 0 8
1 4847 4847
0 0 14973
-1
-1
1 29335 29335
1 31420 31420
-1
1 15470 15470
-1
1 1563 1563
-1
0 0 5052
1 570 570
-1
1 3468 3468
1 23817 23817
-1
-1
0 0 3088
1 24104 24104
1 29449 29449
1 17217 17217
-1
0 0 18
1 12991 12991
0 0 13187
1 26028 26028
0 0 7561
0 0 13128
0 0 2140
-1
1 2118 2118
0 0 454
1 5820 5820
-1
0 0 10350
1 3231 3231
0 0 13889
0 0 833
0 0 13849
-1
-1
-1
1 11885 11885
1 29503 29503
1 7445 7445
0 0 5649
-1
0 0 14672
-1
1 9899 9899
-1
1 22207 22207
-1
1 32208 32208
0 0 13281
1 23937 23937
0 0 14284
0 0 9291
-1
1 29100 29100
-1
1 4647 4647
-1
0 0 16054
0 0 8946
0 0 14889
1 25202 25202
-1
1 12246 12246
-1
-1
0 0 40
0 0 12614
0 0 8429
1 6411 6411
-1
1 10526 10526
1 30857 30857
0 0 13205
1 23131 23131
1 8995 8995
-1
1 6563 6563
1 20033 20033
0 0 15772
-1
-1
1 5623 5623
1 11647 11647
-1
1 27806 27806
0 0 11953
1 24090 24090
1 24878 24878
0 0 4997
0 0 4585
-1
-1
1 18082 18082
0 0 3897
-1
-1
-1
-1
0 0 11
-1
0 0 11337
1 20861 20861
1 1862 1862
-1
0 0 15227
0 0 11293
0 0 9886
0 0 15060
-1
-1
-1
-1
1 19494 19494
-1
1 3580 3580
0 0 4578
-1
0 0 8827
1 2377 2377
-1
-1
-1
1 361 361
0 0 15692
0 0 3926
1 11455 11455
1 40 40
-1
0 0 13896
1 30709 30709
-1
-1
1 7750 7750
0 0 15003
1 19660 19660
-1
0 0 14282
-1
0 0 2798
1 1180 1180
1 519 519
-1
0 0 7284
0 0 2226
-1
1 15615 15615
-1
0 0 1347
-1
-1
0 0 7995
0 0 5701
1 5783 5783
-1
-1
0 0 16207
1 19408 19408
-1
1 22438 22438
1 32020 32020
0 0 3567
1 6886 6886
1 23566 23566
1 21472 21472
0 0 11697
0 0 15062
-1
0 0 5262
0 0 9506
-1
-1
-1
0 0 8472
0 0 11784
-1
1 30979 30979
1 29970 29970
0 0 2313
0 0 5597
1 8467 8467
0 0 7630
1 13489 13489
0 0 14704
-1
1 29640 29640
0 0 8525
1 4485 4485
-1
-1
-1
0 0 2777
-1
0 0 14615
0 0 885
-1
1 14088 14088
0 0 8341
-1
0 0 4473
-1
-1
0 0 7064
-1
-1
0 0 4266
0 0 2465
1 9811 9811
-1
-1
0 0 8428
1 890 890
0 0 16211
-1
1 13145 13145
1 23499 23499
1 17578 17578
-1
0 0 15816
1 6765 6765
-1
0 0 13619
1 13357 13357
-1
-1
1 22721 22721
-1
-1
-1
0 0 8301
1 14796 14796
1 7699 7699
-1
1 19165 19165
0 0 5904
0 0 1457
1 26183 26183
0 0 4185
1 5762 5762
1 25613 25613
0 0 2734
-1
1 8084 8084
-1
-1
0 0 13224
1 6877 6877
0 0 14137
0 0 4560
0 0 7073
-1
-1
0 0 4771
0 0 12077
-1
1 6776 6776
-1
-1
1 18225 18225
1 32504 32504
0 0 6728
1 2999 2999
0 0 6651
-1
0 0 11649
1 9029 9029
-1
0 0 14670
0 0 6222
-1
0 0 6279
-1
0 0 5197
0 0 11882
0 0 8001
1 26365 26365
1 11239 11239
-1
-1
-1
1 9097 9097
-1
-1
-1
0 0 2455
0 0 5684
0 0 13834
1 11183 11183
0 0 8661
-1
0 0 8441
-1
-1
-1
0 0 15342
-1
-1
-1
1 21102 21102
0 0 9550
1 31720 31720
-1
0 0 14098
0 0 5094
-1
1 15493 15493
0 0 14579
0 0 1696
1 27156 27156
-1
1 20858 20858
-1
-1
-1
0 0 4101
0 0 11205
0 0 7895
1 30159 30159
1 29354 29354
0 0 7226
1 25648 25648
-1
0 0 10596
1 5838 5838
-1
-1
-1
0 0 1877
-1
0 0 12613
1 17994 17994
-1
-1
1 11433 11433
0 0 3204
-1
1 9591 9591
-1
-1
1 21209 21209
-1
1 29801 29801
0 0 2953
0 0 15023
-1
0 0 5881
1 8082 8082
-1
-1
1 7121 7121
-1
0 0 772
-1
-1
0 0 5753
0 0 6277
0 0 15317
-1
-1
1 31428 31428
1 14844 14844
0 0 15860
-1
-1
1 29290 29290
-1
0 0 7804
0 0 546
-1
0 0 14214
0 0 4485
-1
-1
0 0 11032
-1
-1
1 24930 24930
1 26002 26002
-1
1 24946 24946
1 9593 9593
1 16301 16301
0 0 13997
1 6571 6571
1 2109 2109
-1
1 17329 17329
1 9853 9853
1 22403 22403
0 0 8166
0 0 1853
-1
0 0 13218
1 18457 18457
1 16817 16817
0 0 11744
0 0 13839
1 11441 11441
0 0 4763
1 12518 12518
0 0 13034
-1
1 1867 1867
0 0 6279
-1
1 14530 14530
-1
1 17823 17823
0 0 3781
0 0 8786
-1
1 28287 28287
-1
1 17059 17059
0 0 15354
1 14492 14492
0 0 5410
-1
1 19011 19011
-1
-1
-1
-1
-1
0 0 15630
1 16475 16475
0 0 2013
1 7000 7000
0 0 486
0 0 982
0 0 11903
1 9077 9077
1 7540 7540
1 3612 3612
-1
-1
-1
0 0 5807
1 6152 6152
0 0 14462
0 0 2930
-1
-1
0 0 13305
0 0 2898
-1
1 12219 12219
1 26651 26651
1 11083 11083
1 30466 30466
-1
0 0 3074
-1
0 0 7850
-1
0 0 7715
0 0 6371
0 0 3832
-1
-1
-1
1 2978 2978
0 0 6089
0 0 153
1 25523 25523
-1
1 1897 1897
-1
-1
-1
-1
1 31447 31447
1 11437 11437
-1
0 0 12268
-1
0 0 7791
-1
1 32750 32750
-1
1 31379 31379
-1
1 13285 13285
0 0 14157
0 0 11392
0 0 15531
-1
0 0 13996
1 3456 3456
1 23063 23063
-1
-1
-1
0 0 7401
-1
0 0 6063
-1
1 25525 25525
0 0 1251
-1
-1
1 20916 20916
0 0 11772
-1
0 0 16147
0 0 1411
-1
-1
0 0 9624
-1
0 0 2534
1 19907 19907
1 18266 18266
0 0 13030
0 0 7866
0 0 10931
1 23802 23802
-1
0 0 10849
-1
0 0 9797
-1
-1
0 0 4259
1 1831 1831
0 0 10686
-1
-1
-1
0 0 2314
0 0 13228
1 27780 27780
0 0 4633
-1
-1
-1
-1
-1
1 7062 7062
0 0 409
1 26843 26843
1 24195 24195
0 0 11084
1 20076 20076
1 226 226
0 0 1499
-1
1 6568 6568
0 0 6670
1 25116 25116
1 15242 15242
-1
-1
0 0 2446
-1
0 0 3644
-1
0 0 11504
1 30875 30875
0 0 10497
1 26290 26290
1 14808 14808
1 29533 29533
-1
0 0 1744
0 0 9882
0 0 11308
-1
-1
1 9069 9069
1 25530 25530
-1
-1
0 0 6110
-1
0 0 14930
-1
1 18337 18337
1 31312 31312
1 18592 18592
1 21927 21927
1 12638 12638
1 335 335
0 0 15843
0 0 6343
0 0 8509
-1
0 0 2008
1 31100 31100
-1
0 0 4976
1 20729 20729
1 32755 32755
-1
0 0 8331
-1
1 21784 21784
1 24259 24259
-1
1 15412 15412
-1
-1
1 3171 3171
-1
1 12088 12088
1 26512 26512
-1
0 0 725
0 0 7065
-1
1 21532 21532
0 0 6087
0 0 15469
1 27019 27019
-1
-1
1 5640 5640
1 13674 13674
1 21869 21869
1 22574 22574
0 0 3741
1 29144 29144
0 0 5145
-1
0 0 14857
0 0 11585
-1
1 12709 12709
0 0 10475
-1
1 26411 26411
-1
0 0 9464
-1
-1
0 0 1413
-1
-1
1 10501 10501
0 0 863
0 0 10557
-1
-1
-1
0 0 2682
-1
1 22221 22221
0 0 9629
1 23251 23251
1 9517 9517
1 15605 15605
-1
1 20914 20914
0 0 8949
1 18386 18386
1 9330 9330
0 0 2346
0 0 4854
-1
0 0 13486
1 6942 6942
1 32705 32705
-1
-1
0 0 11597
0 0 4000
1 19522 19522
0 0 5925
0 0 9467
-1
0 0 11264
1 15649 15649
1 6020 6020
1 23537 23537
0 0 8024
-1
-1
1 6562 6562
1 7431 7431
0 0 12449
-1
0 0 1408
-1
0 0 3838
-1
0 0 1500
1 4348 4348
-1
1 27125 27125
0 0 2011
0 0 6783
-1
-1
1 29103 29103
-1
-1
-1
-1
0 0 13564
0 0 5112
0 0 8333
1 809 809
0 0 1813
-1
-1
1 3173 3173
1 30201 30201
0 0 15439
-1
-1
-1
1 7466 7466
1 16985 16985
-1
1 16688 16688
-1
-1
0 0 576
0 0 10105
0 0 15314
1 18998 18998
-1
0 0 9476
0 0 7335
0 0 6178
0 0 10355
-1
0 0 1210
1 193 193
1 26590 26590
-1
0 0 6813
0 0 14731
-1
1 14015 14015
-1
0 0 3563
1 24860 24860
0 0 11979
1 17382 17382
1 10040 10040
-1
0 0 1111
0 0 10775
0 0 4554
1 24033 24033
1 9316 9316
-1
-1
-1
0 0 1659
0 0 13089
0 0 8492
0 0 4538
1 16648 16648
1 27658 27658
0 0 13651
-1
0 0 4625
1 512 512
-1
1 31577 31577
0 0 10392
1 21357 21357
1 18218 18218
0 0 9918
0 0 16000
1 5278 5278
-1
-1
-1
0 0 1201
-1
-1
-1
0 0 3528
0 0 12560
1 32109 32109
0 0 12542
0 0 192
0 0 3552
1 21502 21502
0 0 2851
-1
0 0 4300
0 0 4083
0 0 5790
-1
0 0 10055
-1
0 0 1475
1 11658 11658
-1
0 0 12962
-1
-1
0 0 12875
-1
-1
0 0 10845
1 15914 15914
1 23632 23632
0 0 9574
0 0 2859
0 0 620
0 0 3558
1 15944 15944
0 0 9289
-1
-1
-1
1 28644 28644
1 20626 20626
1 27957 27957
0 0 15120
-1
1 30523 30523
-1
-1
-1
-1
0 0 13670
-1
0 0 169
0 0 3426
0 0 8050
1 18553 18553
0 0 15298
-1
0 0 2077
1 20360 20360
-1
-1
1 5453 5453
-1
1 30721 30721
1 16038 16038
-1
1 20718 20718
0 0 14393
-1
0 0 893
0 0 7341
-1
1 411 411
1 15973 15973
-1
1 17714 17714
-1
1 11312 11312
-1
0 0 1823
-1
0 0 5591
0 0 14290
0 0 6476
1 2897 2897
-1
1 27204 27204
-1
1 22648 22648
1 10719 10719
0 0 14631
1 2268 2268
-1
1 6028 6028
-1
0 0 15825
-1
-1
-1
-1
-1
-1
-1
-1
1 30236 30236
0 0 9320
1 9853 9853
-1
1 672 672
1 3721 3721
-1
0 0 6633
1 7160 7160
-1
0 0 12655
-1
0 0 5958
0 0 13084
0 0 13545
1 32308 32308
1 15725 15725
1 21856 21856
0 0 12256
0 0 9137
1 3274 3274
-1
0 0 7467
0 0 5948
-1
0 0 2371
1 20017 20017
1 17867 17867
1 12914 12914
0 0 872
1 24904 24904
1 15412 15412
0 0 6826
0 0 9946
0 0 9919
1 5006 5006
0 0 2929
1 20484 20484
0 0 6538
0 0 13214
1 3714 3714
0 0 9383
1 15155 15155
1 17056 17056
0 0 12765
-1
0 0 13619
1 1957 1957
-1
0 0 14845
0 0 399
1 25910 25910
-1
1 23762 23762
0 0 15383
1 24005 24005
0 0 14206
-1
0 0 14246
0 0 12002
0 0 7207
-1
1 21398 21398
0 0 12568
1 1670 1670
0 0 10026
0 0 15365
0 0 6017
1 24198 24198
1 31201 31201
0 0 9478
-1
0 0 12137
1 2191 2191
0 0 2546
1 19426 19426
-1
-1
-1
-1
-1
0 0 4983
-1
0 0 13260
0 0 10224
1 12889 12889
-1
-1
1 25323 25323
0 0 4779
1 13924 13924
-1
-1
0 0 9080
0 0 14820
0 0 12185
1 28912 28912
1 3054 3054
0 0 14513
0 0 1234
-1
-1
-1
-1
-1
0 0 8076
1 18483 18483
-1
-1
1 32303 32303
1 15258 15258
1 6394 6394
1 12126 12126
1 20349 20349
-1
-1
-1
1 30241 30241
0 0 13868
-1
-1
-1
-1
0 0 10570
1 3513 3513
0 0 11037
1 1310 1310
-1
-1
-1
0 0 8804
-1
0 0 630
1 27586 27586
-1
1 22782 22782
0 0 6887
-1
1 29533 29533
1 27423 27423
0 0 13233
-1
1 4795 4795
-1
-1
-1
-1
1 28426 28426
0 0 11771
0 0 10422
0 0 9365
1 6897 6897
0 0 1535
-1
1 25481 25481
-1
1 7111 7111
0 0 2220
0 0 1388
1 4939 4939
1 28268 28268
0 0 392
0 0 7869
1 20851 20851
1 16945 16945
1 1606 1606
-1
-1
0 0 5500
-1
-1
0 0 5581
-1
-1
1 30687 30687
1 21993 21993
0 0 817
0 0 9012
0 0 9833
-1
1 31619 31619
0 0 5820
-1
-1
0 0 14290
-1
0 0 10
-1
1 101 101
0 0 14532
0 0 9243
1 17632 17632
0 0 10239
1 32537 32537
0 0 13147
1 18719 18719
0 0 14314
1 11820 11820
-1
-1
1 23276 23276
-1
-1
1 15957 15957
-1
-1
0 0 10020
1 1497 1497
-1
-1
1 1679 1679
1 1971 1971
-1
1 13192 13192
1 18574 18574
1 9459 9459
1 4532 4532
0 0 6649
1 12190 12190
-1
-1
0 0 6149
0 0 8253
0 0 8510
0 0 13285
1 15644 15644
0 0 1504
-1
-1
-1
-1
1 9289 9289
1 23783 23783
0 0 11668
1 3717 3717
0 0 11335
1 29052 29052
1 3598 3598
1 14645 14645
1 10352 10352
0 0 9188
0 0 12639
1 14775 14775
0 0 1998
0 0 11501
0 0 9837
-1
0 0 2722
0 0 5301
0 0 4705
0 0 14001
0 0 12622
-1
1 17950 17950
0 0 7024
-1
-1
1 15960 15960
1 14295 14295
1 6723 6723
1 6461 6461
0 0 1424
0 0 9781
0 0 5575
1 2090 2090
0 0 13427
-1
0 0 14274
0 0 1949
0 0 6321
0 0 3571
-1
-1
0 0 9480
0 0 2245
1 23445 23445
0 0 7060
1 8878 8878
-1
1 7886 7886
-1
-1
0 0 14930
-1
0 0 14096
-1
1 11948 11948
0 0 11107
1 5896 5896
1 17424 17424
0 0 6941
-1
0 0 14785
1 4781 4781
-1
1 10922 10922
0 0 14842
1 5486 5486
-1
0 0 7228
1 14570 14570
0 0 11541
-1
1 31376 31376
1 11663 11663
-1
-1
-1
0 0 6426
-1
-1
1 3789 3789
-1
-1
0 0 8273
-1
0 0 4799
1 7677 7677
1 27420 27420
-1
1 31995 31995
1 20353 20353
0 0 2324
0 0 4880
0 0 15763
1 19612 19612
0 0 1557
1 3804 3804
1 30601 30601
0 0 14592
0 0 5685
0 0 5206
-1
1 8612 8612
-1
1 25754 25754
0 0 7195
0 0 6306
-1
0 0 2648
-1
-1
-1
1 29314 29314
1 6913 6913
0 0 2200
-1
-1
0 0 14295
0 0 2340
1 28528 28528
-1
-1
1 8685 8685
0 0 2929
-1
1 32620 32620
-1
1 18042 18042
0 0 690
-1
1 20444 20444
-1
1 30046 30046
0 0 13964
-1
1 13075 13075
1 13898 13898
1 29110 29110
1 13220 13220
1 26001 26001
-1
1 32399 32399
0 0 13787
1 24617 24617
-1
-1
-1
0 0 10729
1 26762 26762
1 19438 19438
1 17189 17189
-1
1 10916 10916
-1
0 0 7753
0 0 10197
1 5815 5815
-1
1 15521 15521
0 0 2910
0 0 15809
1 25352 25352
0 0 8225
1 18855 18855
1 5070 5070
1 30232 30232
-1
-1
0 0 13936
1 16718 16718
0 0 11119
-1
1 23813 23813
1 28253 28253
0 0 10250
-1
0 0 1287
0 0 2380
-1
-1
-1
0 0 15551
0 0 13546
0 0 3682
1 22181 22181
1 32551 32551
1 24755 24755
1 1982 1982
0 0 13555
1 31448 31448
-1
0 0 2074
0 0 3900
-1
-1
0 0 5736
-1
-1
-1
-1
1 17820 17820
-1
-1
-1
-1
0 0 7285
-1
1 26600 26600
1 6246 6246
1 29826 29826
-1
1 243 243
-1
1 30622 30622
1 32662 32662
-1
0 0 3510
-1
0 0 1990
0 0 9518
1 5638 5638
0 0 10303
1 9519 9519
0 0 784
0 0 11713
1 1193 1193
-1
-1
0 0 11636
1 16936 16936
1 11138 11138
-1
-1
0 0 16355
-1
1 6310 6310
1 24210 24210
1 3449 3449
-1
1 28485 28485
-1
1 20179 20179
0 0 1674
1 7518 7518
1 28793 28793
1 1422 1422
0 0 7893
0 0 10325
0 0 2845
0 0 5636
-1
-1
0 0 8233
-1
0 0 4836
0 0 1504
1 24548 24548
-1
1 27956 27956
1 9334 9334
1 11794 11794
1 952 952
0 0 9115
1 31030 31030
1 4743 4743
0 0 16020
-1
0 0 5656
-1
-1
-1
0 0 5115
-1
0 0 11366
1 21046 21046
-1
0 0 6701
1 8846 8846
0 0 3752
1 11571 11571
-1
-1
-1
1 23617 23617
1 19982 19982
0 0 7157
0 0 10275
-1
-1
0 0 2869
-1
-1
-1
1 27641 27641
0 0 11407
1 3849 3849
-1
-1
0 0 681
1 15974 15974
-1
0 0 10443
0 0 5326
1 1342 1342
-1
-1
-1
0 0 9492
0 0 6349
0 0 1775
-1
0 0 4752
0 0 12660
-1
1 10490 10490
1 518 518
0 0 12859
0 0 5144
1 28133 28133
1 21277 21277
0 0 6612
0 0 9660
-1
-1
0 0 16113
-1
-1
1 23008 23008
0 0 901
1 14450 14450
1 32656 32656
-1
-1
1 24485 24485
0 0 4130
-1
-1
1 6326 6326
0 0 15132
-1
0 0 7868
-1
1 26195 26195
1 31666 31666
1 12104 12104
1 16768 16768
0 0 1950
0 0 12203
-1
0 0 8172
1 2022 2022
0 0 15788
1 7565 7565
-1
1 11777 11777
0 0 5633
0 0 4739
0 0 14021
-1
-1
-1
1 1244 1244
1 8745 8745
1 19415 19415
1 13656 13656
-1
0 0 6136
0 0 7491
0 0 1509
-1
1 30619 30619
0 0 6385
1 27957 27957
0 0 1592
1 560 560
0 0 6675
1 9903 9903
1 6510 6510
0 0 9021
1 16243 16243
0 0 42
-1
1 26506 26506
1 74 74
-1
1 16940 16940
1 815 815
1 5140 5140
0 0 10581
0 0 686
-1
1 23452 23452
1 3369 3369
-1
0 0 10030
1 23954 23954
1 18541 18541
-1
-1
-1
1 5417 5417
-1
1 17638 17638
-1
0 0 2824
1 24115 24115
-1
-1
0 0 4910
1 17876 17876
1 20467 20467
0 0 5838
-1
-1
-1
1 13615 13615
0 0 10700
0 0 14633
-1
1 9986 9986
1 31757 31757
1 16606 16606
0 0 15321
0 0 3200
1 2033 2033
0 0 8124
-1
0 0 3452
1 24208 24208
0 0 6249
0 0 16293
-1
0 0 11102
0 0 12706
0 0 1965
0 0 5960
-1
-1
0 0 880
0 0 3040
1 19343 19343
0 0 9977
0 0 13938
1 29970 29970
1 15851 15851
0 0 9671
0 0 11867
-1
-1
-1
0 0 10805
0 0 8198
0 0 11062
0 0 16295
-1
1 6249 6249
-1
-1
-1
-1
0 0 7809
-1
1 20860 20860
1 15885 15885
1 7622 7622
1 4974 4974
0 0 9245
0 0 8304
0 0 13328
0 0 12659
1 8756 8756
-1
1 29576 29576
0 0 15492
0 0 3912
0 0 4233
-1
-1
0 0 8800
1 15318 15318
0 0 4733
1 12407 12407
0 0 6523
-1
0 0 11141
1 24561 24561
-1
0 0 7818
-1
1 6005 6005
-1
1 1485 1485
-1
1 16371 16371
0 0 12503
-1
0 0 15299
-1
0 0 4194
-1
1 31701 31701
0 0 10796
0 0 6125
0 0 13556
1 15240 15240
0 0 10027
0 0 4892
-1
-1
0 0 3391
0 0 2999
-1
1 16654 16654
1 11509 11509
0 0 12519
-1
0 0 6547
0 0 8450
0 0 1656
0 0 5411
-1
1 30872 30872
-1
1 18873 18873
-1
0 0 15969
-1
-1
1 12604 12604
-1
1 2618 2618
0 0 6875
0 0 11988
0 0 10093
0 0 5257
-1
-1
0 0 2703
-1
-1
1 11624 11624
0 0 12116
-1
1 10574 10574
0 0 15836
-1
-1
1 85 85
-1
-1
0 0 11956
1 17212 17212
-1
-1
0 0 913
-1
1 32428 32428
0 0 11786
-1
-1
1 22569 22569
-1
1 13784 13784
-1
0 0 4461
0 0 2263
-1
0 0 8786
1 24730 24730
-1
-1
1 12514 12514
-1
0 0 6776
0 0 12502
0 0 14172
-1
-1
1 13659 13659
-1
0 0 2413
0 0 9148
0 0 9130
-1
0 0 5771
-1
1 26419 26419
-1
1 13015 13015
-1
-1
-1
1 14732 14732
-1
0 0 2672
1 24701 24701
-1
0 0 3592
1 825 825
0 0 683
1 14380 14380
-1
0 0 1732
-1
-1
1 11418 11418
-1
0 0 3019
-1
0 0 14225
0 0 7752
-1
1 16626 16626
0 0 13486
1 25586 25586
0 0 8889
0 0 9154
1 1938 1938
-1
-1
1 18831 18831
0 0 16283
1 1939 1939
-1
1 25253 25253
-1
-1
0 0 4893
-1
0 0 5794
1 5800 5800
0 0 8439
1 9413 9413
1 6853 6853
-1
1 27411 27411
1 25861 25861
1 5347 5347
1 1398 1398
0 0 7061
-1
0 0 13857
0 0 11401
-1
1 8072 8072
0 0 1240
0 0 1601
0 0 6810
0 0 3788
1 2198 2198
-1
-1
0 0 1035
1 24968 24968
-1
0 0 15229
-1
1 9402 9402
1 29234 29234
1 6965 6965
0 0 11667
0 0 8771
0 0 15700
-1
0 0 466
0 0 14326
1 16867 16867
-1
1 30059 30059
-1
-1
1 8370 8370
1 24892 24892
1 25515 25515
0 0 3598
-1
-1
0 0 9177
1 23109 23109
0 0 11997
-1
0 0 2521
-1
1 28781 28781
1 29612 29612
1 9049 9049
1 24338 24338
0 0 5210
0 0 125
-1
0 0 2428
0 0 15701
-1
-1
1 26749 26749
1 31692 31692
-1
1 23245 23245
0 0 5075
0 0 699
1 19840 19840
1 13398 13398
-1
0 0 13238
1 23445 23445
1 27803 27803
-1
-1
0 0 406
-1
1 9849 9849
1 25157 25157
0 0 6361
1 20518 20518
-1
-1
0 0 10439
0 0 6645
-1
0 0 3233
-1
-1
1 11307 11307
1 16350 16350
-1
-1
-1
-1
-1
-1
1 11302 11302
-1
0 0 10561
1 18944 18944
1 3300 3300
1 24221 24221
1 17412 17412
1 24148 24148
1 6864 6864
-1
1 12990 12990
0 0 11493
-1
1 9748 9748
-1
1 9523 9523
0 0 2535
-1
-1
-1
1 29083 29083
-1
1 7464 7464
-1
1 28423 28423
1 9741 9741
0 0 1888
-1
0 0 845
1 3129 3129
-1
0 0 10075
-1
-1
-1
-1
1 418 418
0 0 3264
-1
-1
1 14585 14585
-1
-1
-1
0 0 12188
-1
1 21349 21349
1 14872 14872
0 0 10846
0 0 2345
1 14657 14657
0 0 7976
1 12322 12322
-1
1 13200 13200
0 0 13022
0 0 9830
0 0 5180
1 24199 24199
-1
-1
0 0 4739
1 32478 32478
-1
-1
1 24133 24133
0 0 7209
1 3445 3445
-1
0 0 13740
1 21540 21540
1 6430 6430
-1
1 6216 6216
-1
0 0 3282
-1
1 14462 14462
0 0 5436
1 30229 30229
1 20356 20356
0 0 1190
-1
0 0 11089
0 0 1174
0 0 4658
0 0 4247
1 24354 24354
1 30398 30398
1 607 607
-1
1 31116 31116
1 15105 15105
-1
1 20444 20444
1 12417 12417
-1
1 17102 17102
0 0 4560
-1
0 0 14083
1 26469 26469
0 0 2859
-1
1 2346 2346
-1
1 30564 30564
-1
-1
-1
-1
0 0 53
1 25959 25959
-1
0 0 13462
1 31413 31413
0 0 13052
1 4291 4291
0 0 6561
1 10927 10927
-1
0 0 6017
0 0 15798
1 9585 9585
1 29871 29871
-1
1 673 673
0 0 6749
1 19046 19046
-1
1 20699 20699
0 0 8373
-1
-1
-1
-1
-1
0 0 12335
-1
1 318 318
0 0 8184
1 12026 12026
-1
-1
-1
0 0 15906
1 20823 20823
-1
-1
-1
-1
-1
-1
-1
1 13069 13069
-1
0 0 10200
1 6343 6343
0 0 6709
0 0 7446
1 15175 15175
-1
1 25925 25925
0 0 10715
1 23539 23539
-1
0 0 6302
1 10347 10347
-1
1 15413 15413
0 0 11770
0 0 15625
1 21779 21779
0 0 8175
0 0 13259
1 23838 23838
-1
0 0 1890
0 0 1448
-1
1 4055 4055
0 0 3326
1 14800 14800
1 21827 21827
0 0 13574
1 11646 11646
0 0 7142
0 0 16246
0 0 8865
0 0 338
0 0 8510
-1
0 0 2353
1 25264 25264
1 17950 17950
0 0 12272
1 25244 25244
0 0 11426
-1
1 14101 14101
0 0 6896
-1
0 0 1437
0 0 1356
-1
1 9094 9094
-1
1 15868 15868
-1
-1
1 7255 7255
-1
-1
-1
1 2247 2247
1 25289 25289
-1
-1
0 0 3956
-1
0 0 1876
0 0 9331
0 0 9481
0 0 4828
0 0 2172
-1
0 0 3154
-1
0 0 2740
1 16033 16033
1 635 635
0 0 2211
0 0 3588
0 0 13787
0 0 8127
1 4623 4623
1 9774 9774
-1
1 11797 11797
1 2610 2610
1 9462 9462
1 15879 15879
-1
-1
0 0 15327
1 31112 31112
1 12597 12597
1 8055 8055
0 0 15701
-1
-1
0 0 2772
-1
0 0 5991
0 0 5176
-1
-1
0 0 5079
-1
-1
0 0 16075
1 28275 28275
1 14492 14492
1 3649 3649
0 0 2716
0 0 6896
0 0 14080
-1
0 0 10835
0 0 6161
-1
-1
1 13596 13596
-1
-1
-1
-1
-1
-1
1 654 654
1 30681 30681
0 0 8318
1 10557 10557
0 0 7951
1 16874 16874
1 14233 14233
0 0 15722
-1
1 18836 18836
0 0 15648
1 26556 26556
0 0 7187
0 0 12851
1 31737 31737
0 0 14858
-1
1 29364 29364
0 0 6227
-1
0 0 8549
-1
1 24472 24472
1 10796 10796
-1
-1
-1
0 0 10017
0 0 4086
1 26544 26544
-1
-1
0 0 8614
0 0 3320
-1
0 0 7034
0 0 12754
0 0 12067
1 9864 9864
-1
0 0 12984
-1
0 0 7663
-1
1 17490 17490
0 0 10637
0 0 7481
1 8737 8737
1 3471 3471
-1
1 30538 30538
1 20160 20160
0 0 13641
1 31663 31663
0 0 14184
1 3441 3441
1 15207 15207
0 0 12091
0 0 5035
1 28675 28675
1 16704 16704
1 25036 25036
0 0 4552
-1
0 0 11386
0 0 2330
1 25875 25875
0 0 15877
-1
0 0 6586
0 0 16237
0 0 6231
1 2676 2676
1 28441 28441
0 0 7141
-1
0 0 11087
0 0 2423
1 15649 15649
1 28677 28677
1 32355 32355
0 0 12228
1 25866 25866
0 0 5566
-1
-1
-1
1 17885 17885
0 0 7871
-1
-1
0 0 8584
1 26709 26709
1 10666 10666
1 9104 9104
1 6795 6795
0 0 15713
-1
-1
-1
1 25314 25314
1 15029 15029
1 979 979
1 3749 3749
1 25455 25455
1 17874 17874
-1
0 0 15133
1 32332 32332
0 0 5779
-1
0 0 9599
1 28414 28414
1 20835 20835
0 0 2706
-1
0 0 6808
-1
-1
-1
0 0 6039
-1
1 32020 32020
0 0 9815
-1
-1
1 15525 15525
0 0 9348
1 8187 8187
0 0 1308
1 31770 31770
1 16721 16721
1 31513 31513
0 0 5796
-1
0 0 10960
-1
0 0 1475
0 0 9665
0 0 139
1 2713 2713
1 27391 27391
-1
0 0 12327
1 30370 30370
0 0 13891
-1
0 0 1016
1 22151 22151
-1
1 31638 31638
-1
1 14262 14262
-1
1 18421 18421
1 21017 21017
1 17600 17600
0 0 982
1 8718 8718
1 24699 24699
-1
0 0 5692
-1
-1
-1
0 0 566
0 0 12375
1 25316 25316
0 0 1831
1 16755 16755
0 0 7401
-1
-1
0 0 10973
0 0 12147
0 0 3738
-1
0 0 8475
1 26994 26994
-1
-1
0 0 14989
1 27233 27233
-1
-1
0 0 7218
-1
1 22674 22674
1 6293 6293
1 12369 12369
1 18187 18187
0 0 14098
-1
1 27109 27109
0 0 12297
-1
0 0 11388
-1
0 0 16265
-1
0 0 5977
-1
1 3950 3950
-1
0 0 9994
-1
0 0 6515
0 0 6009
1 26626 26626
-1
1 1058 1058
-1
-1
-1
1 26927 26927
1 1032 1032
1 27214 27214
0 0 6785
1 30204 30204
0 0 4781
1 12075 12075
1 19384 19384
-1
-1
1 3220 3220
-1
-1
1 31678 31678
0 0 11920
-1
0 0 11150
0 0 670
-1
-1
-1
0 0 7839
-1
1 5849 5849
0 0 13740
1 709 709
-1
0 0 4376
-1
1 2259 2259
-1
0 0 11711
-1
-1
-1
0 0 15996
1 28578 28578
-1
-1
1 802 802
-1
-1
-1
1 15163 15163
0 0 13694
-1
-1
1 25034 25034
0 0 13828
0 0 2665
1 27044 27044
0 0 10381
0 0 11972
-1
0 0 3464
-1
-1
-1
0 0 1602
1 3838 3838
1 8920 8920
-1
-1
1 10619 10619
0 0 12780
-1
1 3912 3912
-1
-1
-1
1 8600 8600
-1
0 0 14846
1 8423 8423
0 0 11638
0 0 14546
0 0 5525
-1
0 0 9744
1 1976 1976
-1
-1
1 21169 21169
-1
0 0 5700
0 0 10347
1 831 831
0 0 7488
1 5789 5789
0 0 13015
1 9233 9233
0 0 15787
1 7517 7517
-1
1 14223 14223
1 5546 5546
0 0 13082
-1
0 0 2916
-1
-1
0 0 4867
0 0 3575
-1
0 0 3045
1 3050 3050
1 23766 23766
1 2105 2105
1 30422 30422
0 0 12797
0 0 15037
0 0 6204
1 6543 6543
-1
-1
1 3651 3651
-1
0 0 10372
1 27534 27534
1 20583 20583
1 28654 28654
-1
0 0 3859
0 0 7228
-1
1 12070 12070
-1
1 31051 31051
1 1427 1427
1 14488 14488
-1
1 9597 9597
-1
1 16519 16519
-1
1 11755 11755
-1
-1
-1
-1
-1
0 0 3024
0 0 10801
-1
-1
0 0 11804
-1
0 0 16359
1 4782 4782
-1
-1
-1
1 31410 31410
0 0 6135
1 20996 20996
-1
0 0 6270
0 0 10505
-1
1 28063 28063
-1
-1
0 0 10762
0 0 13231
1 6387 6387
1 15253 15253
1 16157 16157
1 29150 29150
1 4644 4644
-1
0 0 5424
0 0 11632
0 0 11984
1 5925 5925
1 10268 10268
1 12144 12144
1 8615 8615
1 2151 2151
0 0 10645
-1
1 83 83
0 0 7227
1 14732 14732
1 12956 12956
-1
0 0 14969
1 22249 22249
1 10778 10778
1 16534 16534
1 9086 9086
-1
0 0 9714
0 0 13359
-1
1 6238 6238
0 0 11628
0 0 13851
0 0 11833
0 0 826
0 0 12297
0 0 1943
0 0 2651
-1
1 14709 14709
-1
-1
1 28645 28645
-1
1 22473 22473
-1
-1
1 20244 20244
1 25604 25604
0 0 5401
-1
1 20841 20841
0 0 6348
1 19338 19338
0 0 523
1 16666 16666
1 25356 25356
-1
1 17556 17556
0 0 5806
1 12875 12875
0 0 10730
1 5312 5312
-1
1 21286 21286
0 0 5167
1 6988 6988
1 8649 8649
-1
0 0 6281
1 2702 2702
-1
-1
0 0 1892
1 27391 27391
-1
-1
0 0 1899
1 30142 30142
-1
0 0 1153
-1
-1
0 0 6188
1 17466 17466
0 0 12412
1 28878 28878
1 28133 28133
0 0 14799
0 0 13160
-1
1 27464 27464
1 9788 9788
-1
0 0 14397
0 0 3534
0 0 7296
0 0 12875
-1
1 8258 8258
1 18754 18754
0 0 15730
1 5056 5056
1 22362 22362
1 14134 14134
1 29031 29031
-1
1 31308 31308
-1
-1
0 0 14830
-1
-1
0 0 8698
-1
0 0 11349
-1
0 0 4415
-1
-1
-1
-1
1 28600 28600
1 7909 7909
1 10097 10097
1 17576 17576
0 0 2406
-1
-1
0 0 2863
1 10876 10876
-1
-1
0 0 16310
-1
0 0 7318
0 0 4613
-1
-1
-1
-1
0 0 48
1 1075 1075
-1
-1
1 30332 30332
-1
1 5024 5024
0 0 15372
0 0 7852
1 9683 9683
0 0 1772
-1
-1
1 29650 29650
-1
-1
0 0 8757
-1
1 29130 29130
0 0 14142
-1
1 17236 17236
1 14459 14459
-1
-1
-1
0 0 10740
0 0 7566
0 0 14144
1 18606 18606
0 0 13021
-1
-1
-1
-1
-1
-1
0 0 9502
0 0 13627
-1
1 7882 7882
-1
-1
1 2687 2687
0 0 7646
0 0 78
0 0 1562
0 0 3923
-1
1 2107 2107
-1
0 0 10830
-1
1 26285 26285
-1
1 278 278
1 11679 11679
0 0 13668
-1
0 0 7125
0 0 14781
-1
1 12812 12812
0 0 11945
0 0 9089
0 0 7236
1 7165 7165
0 0 9593
0 0 4234
1 22669 22669
0 0 4919
-1
0 0 14857
0 0 6140
0 0 2555
-1
0 0 303
0 0 15020
0 0 7220
1 6952 6952
-1
0 0 13547
1 26464 26464
1 26282 26282
0 0 12486
-1
0 0 14686
-1
-1
-1
-1
1 5363 5363
0 0 11401
1 31219 31219
0 0 8760
-1
-1
-1
-1
1 24365 24365
-1
-1
1 20683 20683
-1
1 10864 10864
-1
0 0 6202
1 13283 13283
0 0 13855
-1
-1
0 0 6391
0 0 12
0 0 6021
-1
1 20450 20450
1 7693 7693
-1
0 0 1504
0 0 15962
1 9643 9643
1 24280 24280
1 9755 9755
1 3641 3641
-1
-1
-1
0 0 10711
1 19645 19645
0 0 9824
0 0 11225
-1
0 0 1459
-1
0 0 6500
0 0 15014
1 28452 28452
1 18753 18753
1 2621 2621
0 0 10927
-1
0 0 10703
0 0 15635
1 1592 1592
1 7924 7924
0 0 16267
0 0 816
0 0 15811
0 0 5422
1 10296 10296
0 0 3204
0 0 12464
1 22147 22147
0 0 8606
0 0 2176
-1
1 23325 23325
-1
0 0 12344
1 26611 26611
-1
1 25841 25841
0 0 7586
-1
0 0 7882
1 14529 14529
1 21928 21928
-1
1 12143 12143
-1
1 12943 12943
1 25527 25527
1 16055 16055
1 15274 15274
0 0 280
0 0 15779
1 7862 7862
-1
1 4231 4231
1 5337 5337
0 0 1500
-1
-1
1 14754 14754
-1
-1
0 0 5512
1 441 441
-1
-1
1 7308 7308
1 9883 9883
0 0 15817
0 0 15724
0 0 12840
0 0 4819
-1
1 18451 18451
1 682 682
1 29342 29342
-1
-1
-1
0 0 7445
0 0 10472
0 0 1107
-1
0 0 6700
-1
1 7350 7350
1 22728 22728
-1
0 0 946
-1
0 0 15021
0 0 7259
1 25620 25620
0 0 6782
1 25994 25994
-1
1 7841 7841
1 18498 18498
1 954 954
-1
0 0 8642
-1
0 0 10763
0 0 2121
0 0 11038
1 7621 7621
0 0 8583
1 11350 11350
0 0 3043
-1
1 29651 29651
0 0 14846
1 23849 23849
-1
0 0 3950
-1
1 30189 30189
0 0 15461
0 0 50
0 0 16064
0 0 4431
-1
-1
-1
1 6990 6990
1 28889 28889
1 29102 29102
1 27691 27691
-1
-1
-1
-1
1 15743 15743
0 0 15977
1 19415 19415
-1
0 0 9114
0 0 1163
-1
1 4546 4546
1 23123 23123
0 0 2201
1 28484 28484
-1
-1
1 3694 3694
-1
0 0 8133
0 0 1009
1 31927 31927
0 0 13388
-1
0 0 4435
0 0 656
-1
0 0 7215
0 0 8767
-1
-1
0 0 5391
1 19870 19870
1 22858 22858
1 30796 30796
0 0 8374
-1
-1
-1
-1
0 0 3022
-1
1 25341 25341
1 30242 30242
0 0 9915
-1
-1
0 0 8025
0 0 14538
-1
1 24400 24400
-1
1 28605 28605
0 0 2014
0 0 6484
1 25560 25560
-1
-1
-1
0 0 12217
0 0 13938
1 715 715
1 1013 1013
1 10125 10125
-1
-1
0 0 7192
1 18983 18983
-1
0 0 1622
1 6215 6215
-1
-1
0 0 3790
-1
1 27830 27830
-1
1 13277 13277
0 0 14594
-1
-1
0 0 12156
1 9237 9237
-1
1 27326 27326
0 0 11405
-1
0 0 13603
-1
0 0 6347
1 30750 30750
0 0 15660
1 25026 25026
1 1889 1889
-1
-1
-1
-1
1 2087 2087
0 0 9922
1 15377 15377
0 0 8695
0 0 6075
1 24251 24251
0 0 5594
1 9551 9551
0 0 16314
-1
-1
1 24126 24126
1 23509 23509
0 0 3820
0 0 4860
1 31077 31077
0 0 1734
0 0 4058
1 30245 30245
-1
-1
-1
0 0 14858
1 25777 25777
-1
1 31827 31827
0 0 6186
-1
0 0 13810
1 3553 3553
0 0 3262
-1
0 0 4280
0 0 10083
1 8868 8868
0 0 12851
0 0 10704
1 29475 29475
1 31207 31207
1 32675 32675
0 0 13762
0 0 3774
0 0 10099
1 19880 19880
0 0 1655
0 0 4251
-1
1 29762 29762
0 0 14971
-1
0 0 10137
-1
-1
0 0 15092
1 15317 15317
1 10764 10764
0 0 6470
-1
1 9694 9694
-1
0 0 6542
0 0 5794
1 5635 5635
1 12575 12575
-1
-1
1 3452 3452
1 13657 13657
0 0 770
1 12697 12697
1 15495 15495
-1
-1
1 15917 15917
1 18659 18659
0 0 11437
0 0 2890
0 0 13752
0 0 4651
-1
-1
-1
-1
-1
1 1648 1648
-1
1 676 676
0 0 6260
-1
0 0 8514
-1
1 23186 23186
-1
0 0 15506
-1
1 31548 31548
0 0 10876
0 0 3067
1 6620 6620
0 0 7938
-1
1 25946 25946
-1
0 0 5269
1 11658 11658
0 0 7945
0 0 10971
-1
1 18946 18946
0 0 11236
-1
1 18509 18509
1 25250 25250
1 4997 4997
0 0 4001
0 0 14209
0 0 13889
-1
-1
-1
-1
-1
0 0 15722
0 0 14372
1 24138 24138
-1
0 0 437
0 0 13813
0 0 4316
-1
1 9473 9473
-1
0 0 11581
-1
-1
-1
-1
1 28780 28780
1 25247 25247
0 0 12619
0 0 7229
0 0 189
0 0 2902
-1
0 0 11697
1 8958 8958
0 0 10337
-1
1 15345 15345
0 0 1667
-1
0 0 16
0 0 15570
-1
-1
0 0 2611
1 25792 25792
0 0 8621
1 24268 24268
-1
0 0 3685
0 0 8156
-1
0 0 10688
1 16141 16141
0 0 3296
-1
-1
0 0 4748
-1
1 7390 7390
-1
-1
-1
1 14452 14452
-1
0 0 7051
-1
1 17641 17641
1 7303 7303
1 22009 22009
0 0 415
0 0 8948
1 26364 26364
-1
-1
0 0 9553
-1
-1
0 0 15383
0 0 550
1 32247 32247
1 16238 16238
0 0 5015
-1
-1
1 14042 14042
0 0 14452
-1
-1
0 0 4617
-1
1 29107 29107
-1
1 19340 19340
0 0 7418
0 0 4989
0 0 884
0 0 1917
-1
1 30966 30966
-1
1 23515 23515
1 28195 28195
0 0 7864
-1
1 10730 10730
1 13021 13021
1 18875 18875
0 0 4719
-1
0 0 9024
1 2346 2346
1 24022 24022
-1
0 0 12293
1 9111 9111
1 24287 24287
0 0 400
-1
-1
-1
1 7216 7216
0 0 7001
-1
0 0 5352
0 0 10578
-1
1 6016 6016
1 5287 5287
0 0 7721
-1
1 10793 10793
-1
-1
1 14580 14580
0 0 1827
1 8054 8054
0 0 7944
0 0 4274
0 0 16292
1 16309 16309
1 19104 19104
-1
1 17062 17062
1 24901 24901
0 0 4150
0 0 5829
0 0 10026
1 10979 10979
-1
-1
-1
1 624 624
0 0 2904
1 29533 29533
-1
0 0 954
-1
1 28384 28384
0 0 16289
-1
-1
-1
0 0 10977
0 0 914
1 28717 28717
0 0 1912
1 15787 15787
1 3987 3987
-1
-1
1 30862 30862
0 0 8954
1 11327 11327
0 0 11852
0 0 8960
-1
1 4424 4424
-1
1 2586 2586
1 6686 6686
-1
-1
-1
-1
0 0 11880
-1
1 5177 5177
1 25632 25632
1 12850 12850
1 9248 9248
1 4997 4997
1 246 246
-1
-1
-1
0 0 12122
1 286 286
1 23385 23385
0 0 2159
0 0 1528
-1
0 0 6777
-1
0 0 14190
-1
1 23262 23262
0 0 13372
-1
-1
1 21366 21366
1 13349 13349
1 29650 29650
-1
1 21755 21755
-1
1 1787 1787
0 0 15338
1 30735 30735
-1
1 5908 5908
1 27944 27944
-1
-1
1 24069 24069
0 0 195
1 4204 4204
1 20776 20776
-1
-1
0 0 9399
0 0 1680
0 0 8679
0 0 3271
0 0 60
1 11067 11067
1 12717 12717
0 0 11070
-1
0 0 8104
1 31091 31091
1 20980 20980
1 29282 29282
1 27062 27062
-1
0 0 11522
1 18462 18462
-1
1 8785 8785
1 12539 12539
1 9879 9879
-1
-1
0 0 11764
0 0 9786
0 0 11073
-1
1 295 295
-1
-1
1 26462 26462
1 22222 22222
-1
-1
1 9836 9836
1 8510 8510
-1
0 0 8081
-1
-1
-1
0 0 4066
0 0 465
-1
1 13043 13043
-1
-1
-1
0 0 2791
-1
1 30727 30727
1 4483 4483
1 8594 8594
-1
1 7381 7381
-1
0 0 6916
1 12223 12223
-1
-1
-1
1 21799 21799
1 9974 9974
-1
-1
1 21965 21965
1 25354 25354
1 27888 27888
1 6976 6976
1 19393 19393
1 8710 8710
-1
0 0 5325
1 7960 7960
-1
1 20202 20202
1 6248 6248
0 0 5685
0 0 1056
1 212 212
1 2377 2377
1 31573 31573
-1
0 0 12630
1 31810 31810
-1
1 24097 24097
0 0 11492
0 0 2333
-1
1 18389 18389
-1
0 0 12222
1 31616 31616
-1
0 0 7412
-1
0 0 13916
0 0 13428
1 26083 26083
-1
-1
-1
1 14868 14868
-1
-1
0 0 7002
0 0 7568
1 26113 26113
0 0 6663
-1
-1
1 11730 11730
-1
1 20372 20372
0 0 5853
-1
1 2944 2944
1 21174 21174
0 0 9652
-1
1 23538 23538
1 17446 17446
-1
-1
0 0 9695
0 0 12408
0 0 9678
-1
0 0 8409
-1
0 0 6828
-1
1 17440 17440
1 20736 20736
0 0 13560
1 5252 5252
-1
1 7700 7700
-1
1 7934 7934
-1
-1
-1
0 0 10067
1 30362 30362
1 12267 12267
1 15337 15337
-1
-1
-1
1 13779 13779
-1
-1
0 0 2867
0 0 143
1 16967 16967
-1
0 0 13545
0 0 6709
1 21169 21169
-1
1 19814 19814
0 0 8776
0 0 1729
1 2657 2657
0 0 10508
-1
-1
-1
1 8965 8965
1 3395 3395
-1
0 0 4372
0 0 12276
1 22879 22879
-1
0 0 3905
1 1954 1954
-1
0 0 9605
0 0 3497
0 0 14684
-1
0 0 4987
0 0 15375
0 0 12012
1 8123 8123
0 0 3897
-1
0 0 549
-1
0 0 2952
-1
1 19077 19077
-1
-1
0 0 16172
-1
-1
0 0 15664
-1
1 1223 1223
0 0 4824
0 0 4115
1 800 800
-1
1 30509 30509
0 0 14617
1 10648 10648
1 9721 9721
1 1709 1709
-1
1 16156 16156
0 0 1619
1 31237 31237
0 0 12044
0 0 13993
-1
-1
-1
0 0 11824
-1
0 0 10282
0 0 5613
-1
0 0 9970
1 1864 1864
-1
-1
1 31685 31685
1 22276 22276
0 0 5060
-1
1 17048 17048
0 0 2647
1 11984 11984
0 0 7726
0 0 4141
1 14133 14133
0 0 9654
0 0 16014
1 6704 6704
-1
0 0 16257
-1
1 14045 14045
0 0 6950
0 0 2059
1 11843 11843
0 0 1189
-1
-1
0 0 7260
-1
-1
1 15442 15442
0 0 5525
1 1732 1732
1 19783 19783
0 0 14782
-1
1 21207 21207
0 0 2564
1 13612 13612
0 0 9380
-1
1 4992 4992
-1
-1
1 32394 32394
0 0 11611
0 0 9977
0 0 7975
0 0 6596
0 0 1661
1 11307 11307
1 24755 24755
1 2203 2203
-1
1 6193 6193
1 28723 28723
0 0 13798
0 0 1566
-1
1 28984 28984
1 1482 1482
1 6058 6058
0 0 6618
-1
0 0 12850
-1
0 0 4795
-1
-1
0 0 1980
0 0 3910
1 29615 29615
1 3948 3948
0 0 3506
0 0 15432
0 0 13908
-1
0 0 12665
-1
1 21103 21103
-1
-1
-1
0 0 15488
-1
-1
0 0 2259
0 0 5169
0 0 8255
-1
-1
-1
-1
1 9915 9915
-1
0 0 15966
0 0 2818
1 12491 12491
-1
-1
0 0 3290
-1
1 7913 7913
0 0 13178
1 23790 23790
-1
0 0 15636
1 24121 24121
-1
-1
-1
-1
0 0 10572
-1
1 19739 19739
1 4771 4771
0 0 8152
-1
0 0 11229
-1
1 26273 26273
0 0 16252
-1
0 0 5587
-1
1 5223 5223
1 17473 17473
0 0 2957
0 0 1394
0 0 12392
0 0 14965
1 16281 16281
1 14335 14335
0 0 9036
-1
0 0 15404
1 896 896
1 27490 27490
-1
1 7439 7439
-1
0 0 13133
1 32204 32204
-1
1 14033 14033
1 32752 32752
0 0 5040
-1
-1
1 32214 32214
1 1450 1450
-1
-1
-1
-1
1 26648 26648
1 10914 10914
-1
-1
0 0 3267
0 0 14626
-1
-1
-1
-1
0 0 4707
-1
0 0 7821
1 16995 16995
0 0 13054
-1
0 0 9013
-1
0 0 4675
-1
0 0 6771
1 32042 32042
0 0 14872
0 0 12525
1 16108 16108
1 27623 27623
0 0 3528
0 0 15194
0 0 13681
1 25655 25655
-1
0 0 3597
1 30127 30127
-1
1 20621 20621
0 0 7103
0 0 9376
0 0 7603
1 2979 2979
1 16048 16048
-1
1 16014 16014
0 0 815
-1
0 0 1341
0 0 3179
1 20137 20137
0 0 11363
1 14221 14221
0 0 12670
1 19499 19499
-1
1 2368 2368
0 0 6769
0 0 16234
0 0 10213
1 27666 27666
-1
-1
-1
1 4233 4233
-1
1 25514 25514
0 0 6068
1 20909 20909
-1
-1
1 14911 14911
-1
1 5511 5511
0 0 3191
0 0 15560
-1
0 0 10921
1 7330 7330
1 26423 26423
1 30136 30136
0 0 8972
1 24232 24232
1 30318 30318
-1
0 0 12254
0 0 3941
-1
0 0 13668
0 0 5790
-1
1 1133 1133
-1
1 18238 18238
1 25703 25703
1 20257 20257
1 13999 13999
1 24205 24205
1 12490 12490
1 26683 26683
0 0 7336
-1
0 0 11022
-1
-1
1 28649 28649
1 17021 17021
1 7366 7366
-1
0 0 350
-1
0 0 2464
-1
1 18797 18797
-1
0 0 4509
1 9765 9765
1 15092 15092
1 7589 7589
0 0 2679
0 0 8031
-1
0 0 7713
0 0 10626
-1
-1
-1
0 0 5760
-1
0 0 14416
0 0 14734
0 0 5352
-1
0 0 10208
-1
-1
1 23750 23750
0 0 15589
0 0 6343
1 7055 7055
1 31527 31527
-1
1 27687 27687
-1
-1
1 25104 25104
1 6556 6556
0 0 12597
0 0 3853
1 31716 31716
-1
0 0 15211
-1
0 0 11879
1 16780 16780
1 20175 20175
-1
1 2999 2999
0 0 9139
0 0 7550
-1
1 20388 20388
1 993 993
-1
0 0 12357
-1
-1
1 11786 11786
1 30266 30266
0 0 4406
-1
0 0 5270
-1
0 0 8007
-1
-1
1 32553 32553
0 0 1954
-1
1 30527 30527
-1
0 0 13542
1 25863 25863
0 0 13221
1 4853 4853
0 0 14660
1 568 568
0 0 9607
1 17545 17545
1 6015 6015
0 0 15083
0 0 2603
0 0 74
0 0 3436
-1
-1
0 0 11600
-1
1 22008 22008
0 0 12030
1 22332 22332
-1
-1
0 0 7279
-1
-1
1 7509 7509
-1
1 13920 13920
1 4169 4169
0 0 12397
-1
-1
0 0 1527
0 0 14344
-1
1 7606 7606
-1
-1
-1
0 0 8943
0 0 14760
0 0 10055
0 0 2597
1 15667 15667
0 0 6334
0 0 6880
-1
1 21854 21854
1 8279 8279
0 0 12987
1 25946 25946
-1
1 19697 19697
0 0 15911
-1
0 0 5942
-1
0 0 11989
-1
1 13750 13750
-1
1 20532 20532
1 28373 28373
1 10143 10143
0 0 5315
1 11347 11347
-1
0 0 6130
1 9758 9758
0 0 3419
-1
1 8137 8137
1 30313 30313
1 25298 25298
0 0 11022
0 0 8776
1 13009 13009
0 0 9390
0 0 1130
1 19969 19969
0 0 1330
0 0 16231
0 0 14258
0 0 8821
0 0 13994
1 7656 7656
-1
0 0 2253
1 18293 18293
1 14892 14892
0 0 7901
1 4713 4713
0 0 9569
-1
-1
1 16941 16941
0 0 9452
-1
-1
1 28355 28355
-1
1 17674 17674
1 17159 17159
1 32651 32651
1 14347 14347
-1
-1
-1
1 32278 32278
0 0 2100
0 0 896
0 0 229
1 4810 4810
0 0 416
1 26459 26459
1 7191 7191
1 26998 26998
0 0 2466
0 0 6774
0 0 13472
1 1298 1298
0 0 4619
0 0 183
-1
1 17079 17079
0 0 12879
1 9212 9212
-1
1 13345 13345
1 32135 32135
0 0 11721
-1
0 0 1306
1 20415 20415
0 0 204
1 21091 21091
-1
1 17144 17144
1 19539 19539
1 18564 18564
0 0 6469
1 9257 9257
0 0 4280
-1
-1
-1
1 30846 30846
1 20433 20433
1 28826 28826
0 0 721
1 19824 19824
0 0 8525
-1
1 19628 19628
0 0 4495
1 30956 30956
-1
0 0 7704
1 5573 5573
-1
0 0 14289
0 0 10876
0 0 16066
1 18312 18312
1 11407 11407
1 1046 1046
1 8413 8413
-1
-1
0 0 14509
1 30521 30521
-1
1 12145 12145
1 24027 24027
1 31588 31588
1 20432 20432
1 23453 23453
0 0 2362
-1
0 0 4781
-1
-1
0 0 13347
0 0 13686
1 966 966
-1
-1
-1
0 0 4648
-1
0 0 6233
0 0 14526
1 17309 17309
0 0 12626
1 12673 12673
-1
1 6347 6347
-1
-1
1 18006 18006
-1
0 0 4131
-1
1 13937 13937
0 0 2563
-1
0 0 15374
1 9356 9356
0 0 5445
0 0 4058
-1
0 0 4345
0 0 3696
1 18022 18022
0 0 15449
0 0 14266
1 29532 29532
1 24277 24277
0 0 5817
1 5095 5095
1 19575 19575
0 0 12836
-1
0 0 338
-1
0 0 13285
-1
1 20999 20999
-1
0 0 10070
1 3716 3716
-1
1 16610 16610
-1
0 0 6765
1 21061 21061
0 0 8134
1 26646 26646
-1
1 10606 10606
-1
-1
0 0 6583
0 0 1387
-1
1 10059 10059
-1
-1
0 0 12557
-1
-1
1 16946 16946
0 0 406
-1
0 0 6014
-1
-1
1 26028 26028
-1
-1
1 19427 19427
-1
0 0 8626
0 0 13008
-1
0 0 607
1 15893 15893
-1
1 20802 20802
1 11039 11039
0 0 4972
0 0 11739
1 25008 25008
1 11206 11206
0 0 11489
1 25931 25931
-1
1 10802 10802
0 0 931
-1
1 18241 18241
-1
1 14008 14008
0 0 1710
0 0 985
1 16554 16554
1 22743 22743
1 13957 13957
1 23261 23261
-1
-1
-1
0 0 14495
1 28363 28363
-1
-1
1 30976 30976
0 0 3685
1 18411 18411
0 0 3828
1 10344 10344
1 31002 31002
1 24414 24414
1 30885 30885
1 22631 22631
-1
-1
0 0 15174
1 12045 12045
0 0 7214
0 0 5623
1 27344 27344
1 23056 23056
0 0 16295
-1
0 0 9553
-1
1 27030 27030
0 0 7275
1 21439 21439
-1
1 4251 4251
-1
0 0 8560
-1
1 32269 32269
1 2437 2437
0 0 3363
1 31579 31579
-1
-1
0 0 15387
-1
1 27463 27463
0 0 9171
-1
-1
1 16959 16959
1 26095 26095
-1
-1
1 31496 31496
-1
-1
0 0 2275
-1
0 0 3191
-1
1 14128 14128
-1
0 0 10525
0 0 6079
1 5195 5195
1 42 42
0 0 9973
1 9263 9263
0 0 4076
-1
1 324 324
-1
1 30270 30270
-1
1 2670 2670
0 0 15938
-1
-1
1 757 757
1 10101 10101
-1
1 19588 19588
-1
-1
0 0 11211
-1
-1
-1
0 0 4819
0 0 13871
-1
-1
1 8359 8359
0 0 10130
-1
0 0 4994
0 0 10667
-1
0 0 11576
0 0 8374
1 1941 1941
-1
0 0 12347
0 0 10018
1 16617 16617
0 0 1428
1 14746 14746
0 0 4103
0 0 9086
0 0 12444
-1
1 29655 29655
-1
-1
-1
0 0 13268
-1
0 0 371
0 0 6959
1 277 277
0 0 1655
0 0 15267
0 0 5899
1 17328 17328
-1
1 15944 15944
-1
1 22418 22418
1 7578 7578
-1
-1
1 16345 16345
1 9202 9202
0 0 11217
0 0 7470
-1
-1
-1
0 0 11057
0 0 3084
-1
-1
1 16285 16285
1 8159 8159
-1
0 0 685
0 0 4063
-1
-1
1 23192 23192
-1
0 0 16140
0 0 16239
1 15383 15383
0 0 9202
-1
1 21318 21318
1 25085 25085
-1
-1
1 14934 14934
-1
1 8483 8483
1 1203 1203
-1
-1
0 0 12572
-1
1 25241 25241
-1
-1
-1
0 0 14782
0 0 11129
-1
1 10445 10445
1 23397 23397
-1
-1
0 0 15702
1 28679 28679
-1
0 0 1395
1 16722 16722
0 0 14683
1 27666 27666
0 0 10263
1 21647 21647
-1
1 29572 29572
-1
0 0 3167
1 12490 12490
0 0 14870
0 0 6375
1 13627 13627
-1
-1
0 0 13732
-1
1 10270 10270
-1
1 1478 1478
0 0 3411
0 0 7618
0 0 7277
1 12117 12117
-1
1 17773 17773
0 0 12493
0 0 8690
1 773 773
0 0 3926
-1
0 0 8163
-1
0 0 4059
-1
1 16949 16949
0 0 7782
1 27430 27430
0 0 13839
1 8138 8138
-1
-1
1 25824 25824
0 0 643
-1
-1
1 5421 5421
-1
0 0 11813
0 0 3381
1 9783 9783
1 3811 3811
0 0 10197
0 0 12766
1 5750 5750
0 0 11580
0 0 814
0 0 1543
1 10275 10275
1 12442 12442
0 0 4981
-1
0 0 12255
0 0 5470
0 0 1972
1 32032 32032
0 0 2372
0 0 11420
-1
0 0 8599
0 0 645
-1
-1
0 0 1006
-1
1 26122 26122
-1
-1
1 3743 3743
0 0 5889
0 0 3713
1 20671 20671
1 19860 19860
-1
-1
0 0 9650
0 0 9345
0 0 13839
0 0 2750
0 0 11075
0 0 13730
-1
-1
-1
0 0 2684
1 32519 32519
1 29892 29892
0 0 8472
1 11139 11139
-1
0 0 7056
0 0 12579
-1
1 23528 23528
-1
0 0 7036
-1
-1
0 0 181
0 0 3700
0 0 5370
-1
-1
-1
0 0 8766
-1
0 0 5558
0 0 2270
0 0 13537
-1
1 30339 30339
0 0 1548
0 0 9760
-1
1 5729 5729
1 13216 13216
1 18615 18615
0 0 6130
-1
0 0 13077
1 29863 29863
1 9010 9010
-1
0 0 983
0 0 7788
0 0 6838
-1
-1
0 0 2538
0 0 7995
1 21803 21803
1 30023 30023
0 0 6197
1 7312 7312
0 0 10428
1 9857 9857
0 0 11798
1 30435 30435
0 0 15958
0 0 2819
0 0 10489
1 4090 4090
0 0 13144
1 21505 21505
1 11351 11351
1 10309 10309
-1
0 0 739
1 25655 25655
1 28824 28824
0 0 16175
0 0 4133
1 24374 24374
1 3242 3242
0 0 7031
1 12968 12968
-1
-1
-1
1 16539 16539
0 0 3576
1 3167 3167
1 3803 3803
-1
0 0 5538
0 0 13874
-1
1 13423 13423
0 0 4852
-1
-1
-1
0 0 3435
1 10413 10413
0 0 12706
1 5507 5507
-1
-1
-1
1 22254 22254
0 0 2140
1 13407 13407
1 32030 32030
-1
0 0 3639
-1
1 22020 22020
-1
0 0 12920
0 0 6098
-1
-1
-1
-1
0 0 10716
0 0 2483
1 25535 25535
0 0 10359
-1
0 0 12722
-1
-1
0 0 6162
1 5480 5480
1 7597 7597
0 0 6770
-1
1 30685 30685
0 0 5993
-1
-1
0 0 2858
-1
-1
0 0 3946
-1
0 0 3785
0 0 2151
0 0 13083
1 22091 22091
-1
-1
0 0 5742
-1
0 0 1067
1 25557 25557
0 0 1154
-1
0 0 12686
1 7531 7531
1 18031 18031
0 0 1361
1 21632 21632
1 11808 11808
0 0 7791
1 3842 3842
0 0 14810
-1
0 0 6991
0 0 12583
1 21431 21431
-1
-1
1 29501 29501
-1
1 21033 21033
-1
1 15393 15393
1 5088 5088
0 0 12541
1 31943 31943
1 3444 3444
-1
1 24173 24173
1 24680 24680
0 0 13354
-1
1 17378 17378
-1
-1
0 0 14670
1 25884 25884
1 14701 14701
0 0 8372
1 7131 7131
1 11715 11715
1 29335 29335
-1
-1
0 0 14961
-1
-1
-1
1 24425 24425
1 24258 24258
0 0 11890
-1
-1
0 0 8208
0 0 15281
0 0 14412
1 30435 30435
0 0 14203
-1
0 0 702
1 18856 18856
-1
-1
1 25252 25252
-1
0 0 3316
1 14021 14021
1 7039 7039
0 0 15777
1 10370 10370
-1
-1
0 0 865
-1
-1
1 15965 15965
0 0 6035
-1
-1
-1
0 0 12608
0 0 3597
-1
0 0 13036
-1
1 6713 6713
1 7438 7438
0 0 12925
-1
-1
-1
1 11770 11770
-1
1 21777 21777
-1
-1
1 9442 9442
0 0 16383
1 28709 28709
0 0 4994
1 29468 29468
0 0 8311
-1
-1
-1
0 0 14081
0 0 3384
-1
1 27120 27120
-1
1 6839 6839
1 8196 8196
-1
1 25664 25664
1 21365 21365
-1
-1
0 0 9764
0 0 12848
-1
1 6377 6377
-1
-1
1 14858 14858
0 0 11269
1 4271 4271
0 0 8548
-1
1 31828 31828
1 27524 27524
0 0 4659
-1
0 0 4085
1 28655 28655
1 27501 27501
0 0 8340
0 0 14570
1 24116 24116
-1
1 17613 17613
-1
1 14620 14620
-1
-1
0 0 8730
0 0 7738
0 0 16239
1 1782 1782
-1
0 0 12742
1 17564 17564
-1
0 0 11843
-1
0 0 7711
1 25324 25324
-1
0 0 12137
0 0 4528
-1
0 0 2313
1 440 440
0 0 4451
1 19187 19187
-1
0 0 12643
-1
-1
-1
1 19557 19557
0 0 2570
0 0 15048
-1
1 16252 16252
-1
0 0 4445
-1
1 27127 27127
0 0 14851
-1
1 13829 13829
0 0 5795
0 0 14975
0 0 15951
0 0 10352
0 0 6768
0 0 15452
0 0 4336
1 23549 23549
1 7358 7358
-1
-1
1 29021 29021
-1
-1
1 13790 13790
1 9571 9571
-1
1 27140 27140
0 0 2461
1 18775 18775
-1
-1
-1
0 0 7922
0 0 7712
-1
1 21245 21245
1 21915 21915
1 29192 29192
1 25136 25136
0 0 6030
0 0 9143
1 14008 14008
-1
0 0 7700
-1
-1
-1
1 12328 12328
-1
0 0 13271
-1
0 0 10098
0 0 12986
-1
1 31465 31465
-1
0 0 12871
-1
1 26172 26172
1 26514 26514
-1
0 0 7137
1 10876 10876
-1
0 0 11679
-1
-1
1 3802 3802
0 0 552
0 0 3315
1 14489 14489
0 0 14969
1 10539 10539
-1
-1
0 0 9423
1 30919 30919
0 0 8966
-1
0 0 896
-1
1 7397 7397
1 29176 29176
-1
0 0 15563
0 0 15475
-1
0 0 5614
-1
1 22227 22227
0 0 2654
-1
0 0 13221
-1
1 26263 26263
-1
1 26972 26972
-1
0 0 8100
-1
-1
1 26324 26324
-1
0 0 5158
-1
1 32189 32189
1 20379 20379
0 0 11039
1 25302 25302
-1
1 25611 25611
-1
-1
0 0 11473
1 24048 24048
-1
-1
0 0 5930
1 29324 29324
-1
1 31744 31744
-1
1 3268 3268
0 0 7825
0 0 5735
-1
1 22435 22435
1 8213 8213
-1
0 0 3771
0 0 11370
0 0 14129
1 1534 1534
1 7695 7695
0 0 3478
-1
-1
0 0 2792
1 26912 26912
1 21320 21320
1 27296 27296
-1
-1
0 0 6581
0 0 5707
0 0 15763
0 0 12144
1 24312 24312
-1
1 2223 2223
-1
0 0 9521
-1
-1
0 0 4810
1 8408 8408
-1
0 0 3712
-1
-1
0 0 4723
1 22614 22614
0 0 8573
1 5261 5261
-1
-1
0 0 8939
0 0 7746
1 28892 28892
-1
1 9996 9996
0 0 14590
-1
1 16303 16303
-1
-1
-1
1 7855 7855
1 31753 31753
1 32073 32073
-1
1 11575 11575
0 0 472
-1
0 0 15010
-1
0 0 15159
1 22234 22234
0 0 5782
-1
1 5515 5515
-1
0 0 11368
-1
0 0 4731
1 19283 19283
0 0 3119
-1
0 0 2785
1 12260 12260
1 5226 5226
0 0 14509
0 0 8272
1 9114 9114
0 0 53
-1
1 12400 12400
0 0 14478
0 0 5790
-1
-1
-1
-1
0 0 151
0 0 6649
1 23409 23409
0 0 16218
0 0 9614
0 0 11079
1 28773 28773
0 0 12099
0 0 2117
0 0 12404
0 0 15924
-1
0 0 8867
-1
-1
1 11249 11249
1 13848 13848
0 0 7446
-1
0 0 9286
-1
0 0 5775
-1
0 0 8820
1 29513 29513
-1
0 0 1736
-1
1 8405 8405
0 0 13314
-1
-1
0 0 5354
1 10326 10326
-1
0 0 13612
0 0 7378
0 0 11932
1 16059 16059
1 5372 5372
-1
-1
1 17853 17853
0 0 11929
-1
0 0 5820
0 0 6102
-1
-1
1 8791 8791
-1
0 0 8257
1 18879 18879
0 0 4578
-1
-1
1 10851 10851
0 0 14700
0 0 1291
0 0 1465
1 31218 31218
1 1365 1365
0 0 6732
-1
-1
0 0 14348
0 0 5252
0 0 1464
1 17221 17221
0 0 12501
0 0 10637
0 0 13798
0 0 12807
-1
0 0 482
1 13355 13355
1 32462 32462
1 25215 25215
1 24514 24514
0 0 13
-1
0 0 16065
-1
0 0 14278
-1
0 0 3561
-1
0 0 5294
-1
0 0 9427
1 8176 8176
1 28101 28101
-1
-1
0 0 8105
0 0 7282
1 20010 20010
0 0 11582
0 0 4820
0 0 15007
0 0 2718
1 31524 31524
0 0 16226
1 15931 15931
0 0 6007
-1
-1
0 0 6483
-1
-1
0 0 4792
0 0 11160
-1
1 15086 15086
1 4857 4857
1 2284 2284
-1
1 19592 19592
-1
1 32721 32721
0 0 7865
1 22660 22660
0 0 9261
0 0 12445
1 28285 28285
1 13025 13025
1 10310 10310
1 25193 25193
1 21594 21594
0 0 15199
-1
-1
0 0 3684
1 230 230
1 21242 21242
1 10118 10118
0 0 8390
1 31293 31293
1 747 747
1 15335 15335
-1
-1
1 8698 8698
-1
-1
0 0 1260
1 32612 32612
1 32735 32735
1 26699 26699
-1
-1
-1
-1
1 24242 24242
1 15512 15512
0 0 13450
0 0 566
-1
1 12468 12468
-1
0 0 8732
0 0 2577
1 30926 30926
1 12277 12277
0 0 917
-1
-1
1 748 748
0 0 10388
0 0 15333
-1
1 29484 29484
0 0 9805
0 0 11728
1 13981 13981
0 0 7122
-1
-1
1 3217 3217
0 0 979
-1
-1
-1
1 7534 7534
1 31226 31226
-1
-1
0 0 9290
1 26914 26914
-1
-1
-1
1 773 773
0 0 8435
1 8660 8660
1 26462 26462
1 16804 16804
0 0 14113
-1
0 0 13783
1 21251 21251
0 0 8644
1 17370 17370
1 15284 15284
-1
0 0 10180
-1
0 0 11199
1 8489 8489
1 22833 22833
-1
-1
-1
0 0 3469
-1
1 6935 6935
-1
0 0 1791
1 11658 11658
1 758 758
1 14813 14813
-1
-1
1 27586 27586
0 0 6912
0 0 10149
1 16765 16765
-1
1 31091 31091
1 17501 17501
1 12116 12116
1 15630 15630
1 31835 31835
1 15543 15543
0 0 526
1 14529 14529
0 0 8881
0 0 15011
1 27954 27954
1 4295 4295
0 0 12313
1 30750 30750
0 0 14105
-1
-1
-1
0 0 14271
0 0 9086
-1
0 0 15054
1 23742 23742
1 23422 23422
-1
0 0 12877
0 0 10670
1 28152 28152
1 17001 17001
0 0 9672
-1
1 27278 27278
1 7128 7128
1 25536 25536
-1
0 0 2340
0 0 8505
0 0 331
-1
0 0 9929
-1
0 0 6671
0 0 2258
0 0 1886
1 843 843
1 25994 25994
1 21797 21797
-1
0 0 11347
0 0 4056
1 29592 29592
1 23645 23645
-1
1 20875 20875
0 0 7778
0 0 10932
1 21607 21607
0 0 5467
1 26163 26163
-1
0 0 9920
-1
0 0 9434
-1
1 22036 22036
0 0 12758
0 0 6637
1 18080 18080
1 23175 23175
-1
-1
1 7528 7528
-1
1 13133 13133
1 21297 21297
-1
1 20401 20401
0 0 2139
1 475 475
0 0 2056
1 21446 21446
-1
0 0 7054
1 22139 22139
1 6005 6005
1 8458 8458
1 18141 18141
0 0 6652
-1
1 23754 23754
-1
0 0 10820
1 15494 15494
1 3514 3514
-1
1 7824 7824
1 5478 5478
1 7007 7007
0 0 12998
1 30036 30036
0 0 7405
-1
0 0 6538
0 0 1473
0 0 5493
0 0 11530
0 0 10635
1 17833 17833
0 0 9555
0 0 5234
0 0 3786
1 11452 11452
-1
-1
0 0 13734
-1
0 0 7471
0 0 4524
-1
1 31340 31340
-1
0 0 267
1 15952 15952
0 0 1970
0 0 6749
0 0 6415
-1
-1
1 1806 1806
-1
1 14472 14472
0 0 15570
0 0 2774
0 0 3177
-1
0 0 7568
0 0 4061
1 20405 20405
-1
1 5410 5410
-1
1 7506 7506
-1
-1
0 0 10547
0 0 6128
0 0 179
-1
1 19560 19560
1 22457 22457
0 0 16162
-1
1 8613 8613
-1
0 0 8971
-1
1 7004 7004
1 613 613
1 22280 22280
-1
-1
0 0 10127
-1
-1
1 25403 25403
0 0 9465
1 30046 30046
1 3970 3970
-1
-1
1 21235 21235
-1
1 8507 8507
0 0 3743
-1
1 26195 26195
-1
-1
0 0 5460
0 0 6366
1 25295 25295
0 0 16052
0 0 12042
1 3073 3073
1 24775 24775
0 0 427
1 30550 30550
-1
-1
0 0 9957
0 0 8287
0 0 124
-1
0 0 7381
-1
0 0 6156
0 0 11236
1 9218 9218
1 14735 14735
1 11241 11241
-1
1 1149 1149
-1
-1
0 0 9133
-1
-1
1 10684 10684
-1
1 6857 6857
0 0 11307
-1
1 21204 21204
-1
0 0 9851
-1
1 22702 22702
0 0 5861
1 21329 21329
1 9534 9534
0 0 1141
1 9104 9104
0 0 4331
0 0 130
-1
-1
0 0 13021
0 0 11358
0 0 13387
0 0 8993
1 8561 8561
0 0 14793
1 20624 20624
0 0 10515
-1
-1
-1
0 0 7757
0 0 11718
-1
-1
0 0 15516
-1
1 31190 31190
0 0 6363
-1
-1
1 9254 9254
-1
0 0 13371
-1
1 29642 29642
-1
-1
-1
0 0 6242
-1
0 0 12846
1 27231 27231
-1
1 19168 19168
1 4083 4083
-1
0 0 1249
-1
0 0 1491
1 1442 1442
-1
0 0 4546
0 0 15685
-1
1 15884 15884
0 0 4633
-1
1 17906 17906
0 0 13902
1 21689 21689
-1
1 31984 31984
1 25295 25295
-1
-1
1 20596 20596
1 17250 17250
-1
-1
0 0 6039
0 0 12732
1 25125 25125
1 4866 4866
-1
0 0 1677
0 0 14836
0 0 4137
-1
0 0 10458
-1
1 6208 6208
0 0 6899
-1
-1
0 0 124
-1
0 0 6841
1 16269 16269
0 0 3625
1 10334 10334
1 8929 8929
1 20761 20761
0 0 6437
1 28808 28808
0 0 11886
-1
-1
0 0 6670
-1
-1
1 15268 15268
1 11757 11757
1 11361 11361
0 0 7177
1 23599 23599
1 11144 11144
1 3925 3925
1 6384 6384
-1
1 27591 27591
0 0 14166
1 25405 25405
1 7985 7985
-1
1 11993 11993
-1
-1
-1
0 0 4694
1 19294 19294
-1
-1
0 0 3056
1 31767 31767
1 843 843
-1
-1
0 0 15493
0 0 295
-1
0 0 10587
-1
-1
0 0 9351
-1
1 32023 32023
1 5925 5925
0 0 9542
0 0 13045
-1
1 21029 21029
1 24307 24307
1 17385 17385
1 16537 16537
1 1979 1979
-1
0 0 4900
-1
1 25687 25687
1 28071 28071
1 32508 32508
-1
-1
-1
-1
1 27379 27379
-1
-1
0 0 10258
0 0 8648
1 18013 18013
0 0 9711
1 26868 26868
-1
1 466 466
1 18897 18897
-1
1 24177 24177
1 23330 23330
0 0 2669
-1
1 27641 27641
-1
0 0 6664
0 0 14932
-1
-1
-1
-1
-1
0 0 12259
0 0 14426
1 30623 30623
-1
1 3400 3400
1 3361 3361
1 27412 27412
0 0 14711
1 11005 11005
0 0 5215
1 4062 4062
0 0 6959
-1
-1
-1
-1
0 0 11021
1 14711 14711
1 3284 3284
0 0 9392
0 0 16308
1 7091 7091
-1
1 17530 17530
-1
-1
-1
1 19842 19842
-1
-1
0 0 4309
-1
1 24758 24758
-1
-1
1 22038 22038
0 0 9013
-1
0 0 16356
0 0 5283
1 16431 16431
1 17440 17440
-1
1 28337 28337
1 13089 13089
-1
1 27346 27346
0 0 4440
1 8066 8066
-1
0 0 14214
-1
1 6967 6967
1 12374 12374
-1
0 0 14077
-1
0 0 5266
0 0 6874
0 0 7112
-1
1 19139 19139
1 15390 15390
0 0 6315
0 0 11059
0 0 8522
-1
0 0 5152
-1
0 0 15707
1 16441 16441
0 0 12703
-1
1 14484 14484
0 0 5599
1 18890 18890
0 0 5419
0 0 9642
1 11508 11508
-1
1 27978 27978
0 0 9524
-1
0 0 6274
1 1485 1485
1 25603 25603
0 0 13934
1 23992 23992
0 0 4742
1 15256 15256
-1
0 0 9602
-1
0 0 11314
1 14525 14525
-1
1 28694 28694
-1
0 0 11264
1 11552 11552
0 0 8372
0 0 15408
-1
1 13843 13843
-1
1 16218 16218
1 20070 20070
0 0 12917
-1
1 8220 8220
0 0 8049
0 0 11552
1 3762 3762
1 15925 15925
0 0 13582
1 18488 18488
1 22124 22124
1 2042 2042
-1
0 0 9338
0 0 1951
-1
0 0 9705
1 17696 17696
1 26647 26647
-1
0 0 356
1 27237 27237
1 7430 7430
1 19581 19581
0 0 9530
0 0 6395
-1
0 0 4986
-1
0 0 15235
0 0 7699
0 0 10457
1 17201 17201
1 7504 7504
-1
-1
0 0 5614
0 0 9159
-1
-1
0 0 13497
-1
-1
-1
0 0 10111
0 0 4728
1 14881 14881
-1
0 0 2932
1 8993 8993
1 4722 4722
0 0 4187
-1
1 6242 6242
-1
1 26004 26004
-1
0 0 8705
-1
1 14260 14260
0 0 3130
-1
1 30488 30488
0 0 5230
1 3424 3424
-1
1 10828 10828
0 0 14412
1 16162 16162
1 1929 1929
-1
1 10933 10933
-1
1 24481 24481
1 18114 18114
-1
-1
-1
0 0 634
-1
0 0 10369
0 0 4388
-1
1 24039 24039
-1
-1
0 0 5844
-1
0 0 16173
1 12421 12421
0 0 9784
0 0 3566
0 0 11307
1 22601 22601
-1
0 0 7948
1 28724 28724
1 6894 6894
1 30180 30180
-1
-1
-1
-1
-1
0 0 9726
1 31319 31319
0 0 10877
1 541 541
0 0 7880
-1
0 0 1915
1 1890 1890
-1
-1
0 0 13752
0 0 14009
0 0 4347
0 0 14530
-1
0 0 10021
0 0 13093
0 0 607
0 0 4770
1 1200 1200
0 0 13849
-1
0 0 12663
0 0 9556
1 28396 28396
0 0 11603
1 10420 10420
-1
1 17812 17812
0 0 10821
0 0 9418
1 28862 28862
1 5551 5551
0 0 3505
1 9786 9786
1 5053 5053
-1
-1
-1
0 0 15497
1 24385 24385
-1
-1
-1
0 0 10522
1 26412 26412
0 0 293
-1
1 1680 1680
-1
0 0 12896
1 25453 25453
0 0 10151
0 0 6273
1 21074 21074
-1
0 0 9828
0 0 5715
-1
1 7527 7527
1 3903 3903
-1
-1
-1
1 18774 18774
0 0 6147
-1
0 0 13812
-1
-1
0 0 3783
-1
1 14824 14824
1 2851 2851
-1
-1
1 10269 10269
0 0 5360
-1
1 10250 10250
0 0 10548
1 22867 22867
0 0 274
1 26965 26965
0 0 7794
0 0 11175
-1
1 28348 28348
-1
1 11819 11819
-1
-1
0 0 5659
1 27461 27461
0 0 1188
0 0 11559
1 31282 31282
0 0 12991
1 11986 11986
-1
1 4002 4002
1 5051 5051
-1
-1
0 0 2121
0 0 14770
1 18533 18533
1 5807 5807
0 0 1913
0 0 16242
0 0 2679
1 7789 7789
1 32023 32023
-1
1 13489 13489
-1
0 0 6171
0 0 5531
0 0 12325
1 14530 14530
-1
1 15478 15478
1 13556 13556
1 16873 16873
1 10170 10170
-1
-1
1 7052 7052
-1
-1
-1
1 29915 29915
0 0 5125
-1
0 0 12275
1 4687 4687
-1
-1
1 14738 14738
0 0 7697
-1
-1
-1
-1
0 0 15596
0 0 5600
1 29606 29606
0 0 14289
-1
1 16895 16895
1 15710 15710
0 0 12173
1 438 438
1 29896 29896
1 19749 19749
1 29570 29570
-1
0 0 15068
0 0 318
0 0 6325
0 0 12354
0 0 5113
-1
1 2085 2085
-1
1 30362 30362
-1
-1
1 32500 32500
-1
1 2710 2710
0 0 3352
1 31842 31842
1 13527 13527
0 0 12233
-1
1 31727 31727
1 3402 3402
-1
-1
0 0 10888
0 0 14450
0 0 7873
1 23300 23300
1 31907 31907
0 0 6704
0 0 6247
-1
0 0 5043
0 0 1468
1 17095 17095
0 0 4757
1 31869 31869
-1
0 0 11226
1 9976 9976
1 22512 22512
1 21895 21895
-1
1 30836 30836
0 0 3733
0 0 10949
0 0 4442
-1
0 0 3262
1 24645 24645
0 0 1026
1 22180 22180
-1
0 0 13060
1 13256 13256
-1
-1
0 0 9876
0 0 4091
0 0 13024
1 26356 26356
0 0 3135
0 0 13207
0 0 3537
1 526 526
1 7653 7653
0 0 6041
1 16398 16398
0 0 12629
1 19648 19648
1 9062 9062
0 0 4427
1 26094 26094
1 1138 1138
-1
1 17425 17425
0 0 8755
0 0 15729
1 10537 10537
0 0 8845
-1
0 0 6528
-1
1 25744 25744
1 7448 7448
0 0 414
1 25462 25462
0 0 1802
0 0 3053
0 0 5637
-1
-1
1 1002 1002
1 32354 32354
0 0 7108
0 0 10836
-1
1 4673 4673
0 0 11134
1 2899 2899
0 0 13093
0 0 1684
-1
0 0 1567
0 0 15908
-1
-1
1 11361 11361
1 22502 22502
0 0 5201
-1
0 0 2619
0 0 7259
0 0 6438
1 2923 2923
1 16254 16254
1 25258 25258
1 29224 29224
0 0 15941
-1
1 8347 8347
-1
-1
0 0 9816
-1
1 845 845
1 10522 10522
-1
0 0 4770
-1
0 0 1204
1 20538 20538
0 0 3407
-1
1 865 865
1 13616 13616
-1
0 0 13217
-1
0 0 1361
1 31466 31466
-1
0 0 12046
0 0 4279
-1
0 0 4530
0 0 623
0 0 10327
1 31377 31377
0 0 4
1 13897 13897
-1
0 0 10571
0 0 852
0 0 9947
1 23395 23395
1 8898 8898
0 0 575
-1
0 0 11123
-1
0 0 15073
-1
0 0 3074
1 21224 21224
0 0 9757
0 0 789
-1
1 28432 28432
0 0 8916
-1
1 30743 30743
1 4274 4274
1 21076 21076
0 0 3469
-1
1 27040 27040
-1
0 0 15337
0 0 8369
0 0 11270
-1
-1
-1
0 0 13447
-1
0 0 6390
1 24040 24040
-1
1 7989 7989
1 19687 19687
0 0 12622
-1
1 28522 28522
1 2848 2848
0 0 5624
0 0 4403
-1
-1
-1
-1
1 18700 18700
-1
1 19966 19966
-1
1 2247 2247
1 25457 25457
0 0 7317
0 0 13932
-1
-1
0 0 15723
-1
0 0 14039
1 10430 10430
1 32550 32550
-1
0 0 5472
0 0 14937
-1
0 0 14741
0 0 6233
-1
1 14093 14093
-1
-1
-1
1 5438 5438
-1
0 0 15187
0 0 4812
-1
1 2633 2633
0 0 13143
0 0 15207
0 0 4811
1 24976 24976
1 15519 15519
0 0 3888
0 0 9015
0 0 797
0 0 2819
-1
0 0 4903
0 0 14432
-1
-1
0 0 4282
1 28789 28789
1 21883 21883
0 0 10916
-1
-1
0 0 11035
-1
0 0 2748
1 7746 7746
1 27841 27841
1 11864 11864
0 0 3735
1 5117 5117
1 11581 11581
1 12475 12475
-1
0 0 4504
0 0 10727
0 0 2307
-1
0 0 4498
1 11038 11038
0 0 14739
1 5711 5711
-1
1 728 728
1 16942 16942
1 11528 11528
0 0 10556
0 0 6934
0 0 14953
0 0 1110
-1
1 16978 16978
1 21231 21231
1 6374 6374
1 3877 3877
-1
1 20735 20735
0 0 16270
0 0 6912
-1
-1
0 0 9856
1 7320 7320
1 30315 30315
0 0 13971
-1
0 0 5113
0 0 726
0 0 12534
0 0 16239
-1
0 0 10433
1 18693 18693
0 0 9476
0 0 13380
0 0 15836
1 29603 29603
0 0 7201
-1
-1
0 0 10061
1 26127 26127
0 0 2149
-1
1 11494 11494
0 0 5018
0 0 13516
-1
-1
1 13628 13628
1 10250 10250
1 12242 12242
0 0 13960
1 28150 28150
-1
1 32622 32622
0 0 14604
0 0 4346
1 29650 29650
1 12682 12682
0 0 8929
1 29454 29454
-1
0 0 13959
0 0 9118
0 0 8559
-1
-1
1 19160 19160
-1
0 0 114
0 0 8642
1 21642 21642
0 0 5486
-1
0 0 15278
0 0 12598
1 1941 1941
1 4272 4272
1 9062 9062
1 18238 18238
0 0 7307
0 0 16336
0 0 14415
-1
0 0 1190
-1
-1
-1
-1
1 8718 8718
-1
-1
-1
-1
-1
-1
1 8716 8716
0 0 13634
0 0 13138
0 0 15238
0 0 8353
0 0 14861
0 0 3729
-1
-1
1 9235 9235
0 0 5383
1 12996 12996
-1
0 0 981
-1
0 0 9160
1 19433 19433
1 2052 2052
-1
1 16716 16716
1 26695 26695
-1
-1
-1
0 0 15513
1 3558 3558
1 3135 3135
0 0 801
0 0 13410
1 18339 18339
-1
1 6580 6580
1 18645 18645
-1
1 9007 9007
0 0 13249
0 0 10434
-1
0 0 16346
0 0 241
-1
-1
1 29663 29663
1 7467 7467
-1
0 0 2278
0 0 7923
-1
-1
0 0 9785
1 27398 27398
1 409 409
-1
-1
0 0 3839
0 0 11858
-1
-1
0 0 13003
-1
0 0 11877
1 26765 26765
1 8982 8982
1 31860 31860
-1
-1
-1
-1
1 2889 2889
1 4800 4800
-1
-1
1 4672 4672
1 1099 1099
1 27150 27150
-1
0 0 2258
1 12880 12880
1 16847 16847
1 14050 14050
0 0 12735
0 0 3095
1 12062 12062
1 9479 9479
1 22048 22048
0 0 13269
-1
0 0 13852
-1
1 19307 19307
0 0 1782
0 0 9920
0 0 417
1 14716 14716
1 30650 30650
0 0 4678
0 0 6426
-1
0 0 8792
1 4654 4654
0 0 11240
1 25777 25777
-1
0 0 7021
-1
1 19810 19810
1 25051 25051
-1
1 30414 30414
1 11385 11385
1 9854 9854
1 29790 29790
0 0 5473
0 0 15163
1 5157 5157
0 0 7530
-1
-1
-1
1 30869 30869
-1
0 0 2507
1 31361 31361
1 27081 27081
0 0 15030
-1
0 0 6626
-1
0 0 15270
0 0 6857
-1
0 0 13682
0 0 12332
-1
1 8628 8628
0 0 2857
1 3542 3542
1 2932 2932
-1
-1
1 19530 19530
0 0 450
1 2356 2356
1 10771 10771
0 0 767
1 12938 12938
0 0 8109
1 4675 4675
0 0 193
1 1158 1158
-1
1 6394 6394
-1
0 0 816
1 24724 24724
0 0 2752
0 0 1605
1 14437 14437
-1
-1
-1
1 28868 28868
-1
1 17627 17627
1 3621 3621
0 0 9992
-1
1 11636 11636
-1
-1
1 27472 27472
-1
-1
0 0 15707
1 18224 18224
0 0 4000
1 30325 30325
0 0 11221
0 0 2814
1 14994 14994
0 0 7860
1 18882 18882
0 0 2427
0 0 4691
1 12706 12706
0 0 8067
0 0 6834
1 28650 28650
0 0 12525
0 0 13936
1 5900 5900
0 0 691
1 2187 2187
0 0 6481
0 0 13662
1 20305 20305
1 2675 2675
-1
-1
-1
0 0 650
-1
-1
1 7652 7652
-1
1 5452 5452
1 32178 32178
1 23333 23333
-1
1 12566 12566
1 15694 15694
0 0 384
0 0 6711
0 0 1689
0 0 15318
-1
1 9187 9187
1 6343 6343
1 11827 11827
1 22595 22595
-1
1 24160 24160
0 0 15460
1 19297 19297
0 0 11160
-1
0 0 15918
-1
0 0 8001
0 0 5345
0 0 14510
0 0 4055
0 0 14618
1 5142 5142
0 0 7455
-1
0 0 13717
0 0 2882
0 0 1277
0 0 4737
1 23570 23570
1 18959 18959
-1
-1
1 28632 28632
0 0 4363
1 29561 29561
-1
1 6191 6191
0 0 6002
1 16448 16448
1 28108 28108
-1
0 0 14354
1 14061 14061
0 0 11641
1 5681 5681
0 0 7090
0 0 1861
0 0 14687
-1
1 6809 6809
0 0 725
0 0 5284
1 509 509
-1
0 0 15473
1 8391 8391
-1
1 419 419
1 2377 2377
-1
0 0 2523
-1
-1
-1
1 14563 14563
-1
0 0 6605
0 0 14832
1 24517 24517
1 23711 23711
1 8396 8396
0 0 2018
1 4981 4981
1 17772 17772
1 3767 3767
1 23388 23388
1 9932 9932
1 4295 4295
1 26248 26248
-1
1 13034 13034
1 4548 4548
0 0 1656
-1
0 0 4824
0 0 6957
1 30885 30885
0 0 8280
-1
-1
0 0 11375
-1
0 0 13003
0 0 5074
0 0 9708
1 30094 30094
0 0 3176
1 19773 19773
0 0 4778
-1
1 3046 3046
-1
0 0 8843
-1
0 0 12038
1 16760 16760
1 32103 32103
0 0 6639
0 0 5408
0 0 3819
0 0 1225
0 0 10135
0 0 736
0 0 321
-1
-1
0 0 1863
1 3734 3734
1 20166 20166
0 0 6645
-1
1 25228 25228
1 5625 5625
-1
1 4849 4849
0 0 8545
0 0 5425
-1
-1
1 18942 18942
0 0 15089
1 5636 5636
0 0 14056
-1
1 25182 25182
-1
1 9496 9496
-1
1 16445 16445
1 3001 3001
1 464 464
0 0 9449
0 0 7798
1 20710 20710
0 0 6829
0 0 4107
1 26974 26974
0 0 12163
-1
0 0 15687
-1
0 0 15578
1 13484 13484
-1
0 0 3821
1 10539 10539
0 0 3715
-1
0 0 10733
0 0 4711
-1
0 0 12954
1 4743 4743
0 0 9937
-1
-1
0 0 14066
-1
-1
-1
1 21625 21625
-1
1 20154 20154
1 16378 16378
-1
0 0 12111
1 27381 27381
0 0 11999
1 6406 6406
-1
1 13512 13512
1 13700 13700
-1
1 20814 20814
0 0 3293
0 0 10498
1 3522 3522
1 9634 9634
0 0 8842
1 2530 2530
-1
-1
0 0 12083
0 0 6415
1 10370 10370
0 0 10661
-1
0 0 12368
1 7400 7400
-1
-1
0 0 8027
-1
1 5750 5750
1 29246 29246
0 0 13767
-1
0 0 13259
-1
0 0 14173
0 0 14418
0 0 4114
0 0 2642
0 0 7514
1 27614 27614
-1
0 0 6445
-1
-1
1 7057 7057
1 3165 3165
1 3172 3172
1 23703 23703
1 655 655
0 0 15151
1 1020 1020
1 9492 9492
-1
1 17102 17102
1 7464 7464
1 25771 25771
-1
-1
0 0 6953
1 9765 9765
1 22489 22489
1 3484 3484
-1
0 0 5799
1 6927 6927
1 19762 19762
1 17995 17995
0 0 16060
0 0 4407
-1
1 17762 17762
1 28664 28664
0 0 14713
1 14284 14284
0 0 13576
0 0 11602
-1
-1
1 7474 7474
0 0 9005
0 0 14464
1 4983 4983
-1
0 0 6846
1 26032 26032
1 10338 10338
-1
0 0 15670
-1
0 0 11100
-1
1 7701 7701
-1
1 532 532
0 0 10237
0 0 11057
-1
1 3156 3156
1 6063 6063
1 3268 3268
-1
1 25628 25628
1 20684 20684
-1
0 0 15807
-1
1 5483 5483
1 12830 12830
1 20695 20695
-1
-1
-1
-1
0 0 8057
1 17301 17301
-1
0 0 12408
0 0 3328
0 0 4453
0 0 10677
-1
-1
0 0 1773
0 0 11829
0 0 2932
-1
1 8019 8019
0 0 5377
-1
-1
1 22056 22056
0 0 5602
0 0 16223
1 30263 30263
0 0 3097
1 3910 3910
0 0 2412
1 11816 11816
-1
-1
0 0 12119
0 0 13579
1 22196 22196
-1
0 0 3233
0 0 8456
-1
0 0 871
0 0 923
0 0 13428
0 0 12595
-1
0 0 684
0 0 1371
1 29765 29765
-1
1 8980 8980
0 0 7593
1 20760 20760
-1
-1
-1
1 13557 13557
-1
0 0 929
0 0 4894
0 0 2922
0 0 2685
1 14405 14405
-1
0 0 7559
0 0 10931
1 767 767
0 0 7524
-1
0 0 3101
0 0 6346
0 0 4871
1 15871 15871
-1
1 12231 12231
1 9819 9819
0 0 5999
0 0 12818
1 5508 5508
1 31712 31712
0 0 3513
1 24904 24904
1 16728 16728
-1
-1
0 0 4855
0 0 378
-1
0 0 5035
1 3562 3562
0 0 10967
1 9580 9580
0 0 1017
0 0 3463
1 11008 11008
-1
1 31703 31703
0 0 3545
0 0 8835
1 28916 28916
1 4199 4199
0 0 12443
0 0 4226
0 0 6680
1 18787 18787
-1
-1
1 9111 9111
1 25460 25460
0 0 9007
-1
-1
0 0 4946
0 0 12584
-1
-1
0 0 9331
1 6330 6330
-1
0 0 2489
1 24716 24716
0 0 5575
-1
-1
0 0 13158
0 0 15199
-1
0 0 909
1 19012 19012
0 0 2915
-1
0 0 1773
-1
0 0 3984
1 30423 30423
-1
-1
0 0 12392
0 0 4704
-1
1 7012 7012
1 16599 16599
1 25580 25580
0 0 9573
0 0 15502
0 0 3935
1 4393 4393
0 0 9819
-1
-1
0 0 4404
1 17952 17952
0 0 10731
0 0 1780
-1
-1
1 28323 28323
1 15694 15694
-1
-1
1 10645 10645
-1
-1
-1
1 9290 9290
-1
0 0 293
0 0 6638
-1
0 0 3902
0 0 12244
-1
1 12785 12785
0 0 1126
-1
-1
-1
-1
0 0 10395
0 0 10502
-1
1 572 572
0 0 5425
0 0 6408
-1
-1
0 0 9842
0 0 5436
-1
-1
1 2965 2965
0 0 1782
1 23818 23818
-1
-1
-1
-1
0 0 10080
1 21148 21148
1 30693 30693
1 19270 19270
0 0 5728
1 31194 31194
0 0 837
1 16987 16987
0 0 2497
-1
1 15744 15744
1 16598 16598
0 0 16231
-1
-1
1 14345 14345
-1
1 22238 22238
0 0 65
0 0 15059
1 5567 5567
1 23410 23410
0 0 10600
0 0 4899
0 0 4100
1 11282 11282
1 1776 1776
1 26595 26595
1 10534 10534
-1
0 0 3253
0 0 13871
0 0 9595
-1
-1
-1
1 14554 14554
0 0 1353
-1
0 0 5104
0 0 2842
-1
-1
-1
0 0 11896
1 1497 1497
1 17287 17287
1 1175 1175
1 21495 21495
1 5912 5912
0 0 3419
0 0 9558
1 5563 5563
1 17447 17447
0 0 73
1 3217 3217
-1
-1
-1
0 0 1712
-1
-1
0 0 11997
-1
1 20763 20763
1 16098 16098
-1
1 4644 4644
1 12298 12298
1 26901 26901
0 0 14128
1 32194 32194
0 0 787
-1
1 7677 7677
0 0 1616
0 0 13755
-1
1 12844 12844
-1
1 14602 14602
0 0 3370
0 0 5366
0 0 4963
-1
-1
0 0 12928
1 2265 2265
-1
0 0 1150
1 17008 17008
0 0 10337
1 21893 21893
0 0 11179
-1
1 17060 17060
-1
-1
0 0 486
0 0 2176
-1
-1
1 5275 5275
0 0 4000
-1
-1
1 20103 20103
0 0 10774
1 26533 26533
0 0 14446
1 1643 1643
0 0 15932
0 0 7157
-1
-1
0 0 7835
1 20504 20504
1 16651 16651
-1
-1
-1
-1
-1
1 30025 30025
0 0 6591
1 13416 13416
-1
1 22329 22329
-1
0 0 6868
0 0 7663
0 0 15849
1 21677 21677
0 0 5688
-1
1 10138 10138
1 17091 17091
1 2474 2474
-1
-1
0 0 10076
-1
1 24964 24964
0 0 7974
0 0 10989
0 0 13157
-1
-1
0 0 12923
-1
0 0 11116
0 0 14383
-1
-1
-1
-1
1 21245 21245
1 26930 26930
-1
1 283 283
0 0 10701
0 0 398
-1
-1
-1
0 0 16357
1 7150 7150
0 0 14600
0 0 7415
-1
0 0 5945
0 0 2921
1 24051 24051
-1
1 9399 9399
0 0 10630
1 22552 22552
1 20102 20102
0 0 14606
1 9745 9745
0 0 3494
1 32143 32143
-1
0 0 2317
0 0 10820
0 0 10106
-1
0 0 5985
0 0 2209
1 15605 15605
1 32062 32062
1 19336 19336
-1
-1
0 0 2260
1 8785 8785
0 0 596
-1
-1
0 0 3313
1 29530 29530
1 27414 27414
0 0 10281
1 6251 6251
1 4756 4756
-1
-1
-1
1 17379 17379
0 0 6945
1 29148 29148
0 0 3966
-1
-1
1 12891 12891
1 14035 14035
-1
1 23955 23955
-1
-1
-1
0 0 7032
0 0 6008
-1
1 23683 23683
0 0 1842
0 0 240
-1
1 14856 14856
-1
0 0 10165
1 31314 31314
-1
0 0 5162
1 29989 29989
-1
0 0 5357
1 20998 20998
0 0 5174
-1
0 0 12094
-1
0 0 14958
-1
1 24924 24924
1 13237 13237
-1
-1
1 29610 29610
1 28994 28994
-1
-1
-1
0 0 3889
0 0 2543
-1
-1
1 10937 10937
1 16891 16891
1 8097 8097
-1
1 6028 6028
1 31960 31960
1 11933 11933
0 0 8436
-1
1 13867 13867
-1
-1
0 0 8054
-1
1 29524 29524
1 11558 11558
0 0 350
0 0 4656
0 0 3336
0 0 9674
-1
-1
0 0 6940
-1
1 18752 18752
-1
1 3783 3783
-1
0 0 15687
-1
1 7835 7835
0 0 9617
-1
0 0 3484
1 18167 18167
1 457 457
0 0 4291
1 14607 14607
0 0 2306
-1
0 0 11281
1 27810 27810
0 0 679
-1
1 15405 15405
1 7050 7050
-1
1 29980 29980
-1
0 0 13523
1 17082 17082
0 0 1569
0 0 3774
1 18331 18331
1 18279 18279
1 20548 20548
0 0 12903
-1
0 0 16179
-1
-1
-1
1 23481 23481
-1
0 0 3713
0 0 2923
0 0 1761
1 11947 11947
-1
1 5457 5457
1 16328 16328
-1
0 0 9368
-1
1 27768 27768
1 25620 25620
-1
-1
-1
-1
0 0 8987
1 28144 28144
-1
0 0 6228
0 0 5101
1 20058 20058
-1
0 0 2399
1 815 815
0 0 15780
-1
1 22011 22011
0 0 14086
0 0 8513
0 0 6354
0 0 9406
1 20856 20856
1 32281 32281
0 0 928
-1
0 0 12811
1 25310 25310
1 4904 4904
1 31698 31698
0 0 6744
-1
0 0 12947
1 27252 27252
1 17588 17588
-1
0 0 2421
-1
-1
0 0 3389
0 0 5444
1 1539 1539
1 29923 29923
1 1796 1796
-1
0 0 2603
-1
1 4565 4565
0 0 9289
1 29478 29478
0 0 10736
1 216 216
-1
1 29615 29615
1 462 462
0 0 11550
-1
-1
1 2858 2858
1 13044 13044
-1
0 0 12409
1 14816 14816
1 3382 3382
1 21144 21144
1 17850 17850
1 24188 24188
0 0 9086
0 0 5007
-1
-1
0 0 3139
1 4141 4141
1 6549 6549
1 31699 31699
1 8919 8919
-1
1 27213 27213
0 0 687
-1
-1
-1
0 0 9654
-1
-1
0 0 199
-1
-1
0 0 4013
0 0 7211
0 0 8163
0 0 11114
1 22461 22461
-1
1 14336 14336
1 5623 5623
0 0 11271
-1
1 9628 9628
1 30722 30722
0 0 13344
1 31493 31493
-1
0 0 10411
1 28839 28839
-1
-1
-1
1 31864 31864
1 27107 27107
-1
0 0 13523
0 0 9768
-1
0 0 3577
1 27443 27443
1 30894 30894
1 22622 22622
1 21274 21274
-1
0 0 4667
1 32273 32273
1 22827 22827
0 0 12256
-1
1 1388 1388
1 20048 20048
0 0 2356
-1
0 0 6140
1 341 341
-1
0 0 199
1 28739 28739
0 0 3350
0 0 14099
1 16180 16180
1 28763 28763
1 21613 21613
-1
1 3602 3602
1 10326 10326
1 18894 18894
1 23914 23914
-1
1 1228 1228
0 0 9815
0 0 11483
0 0 4389
