0 0 13760
-1
-1
0 0 13797
1 2528 2528
1 15135 15135
-1
-1
0 0 5313
1 25308 25308
0 0 13026
0 0 13264
1 9151 9151
-1
0 0 5532
-1
1 29083 29083
0 0 4963
0 0 4221
0 0 15342
0 0 2089
0 0 4781
-1
1 7861 7861
-1
0 0 14356
0 0 15165
0 0 4980
1 21838 21838
0 0 8251
0 0 13521
1 10579 10579
-1
-1
0 0 11892
-1
-1
-1
0 0 5267
1 24758 24758
-1
0 0 9211
0 0 13587
0 0 9383
0 0 6077
0 0 16000
1 11043 11043
-1
0 0 13423
0 0 13033
-1
0 0 8158
1 12367 12367
1 14116 14116
-1
-1
-1
1 18441 18441
1 19662 19662
0 0 15759
0 0 103
0 0 7474
-1
-1
0 0 16012
-1
1 31292 31292
-1
1 26345 26345
-1
1 12203 12203
1 14176 14176
1 23455 23455
0 0 4373
0 0 3901
-1
1 19408 19408
0 0 10165
0 0 1990
-1
1 4035 4035
-1
0 0 11735
1 4044 4044
-1
1 25567 25567
0 0 7188
-1
0 0 4810
1 23587 23587
-1
1 8723 8723
1 18184 18184
1 26328 26328
0 0 8258
0 0 8236
1 13414 13414
0 0 15083
1 13747 13747
1 20762 20762
-1
1 2764 2764
-1
1 22050 22050
0 0 14179
1 20411 20411
0 0 10627
0 0 10725
0 0 11903
1 32630 32630
0 0 2137
1 24961 24961
0 0 6468
0 0 3860
1 10833 10833
1 2635 2635
-1
1 462 462
1 31433 31433
-1
0 0 3166
0 0 5468
-1
1 3592 3592
-1
1 27661 27661
-1
-1
0 0 730
1 25669 25669
-1
1 16808 16808
0 0 7563
-1
0 0 893
-1
0 0 7296
1 28390 28390
0 0 3075
1 24854 24854
0 0 931
1 21349 21349
-1
0 0 14501
1 23920 23920
1 13301 13301
1 12153 12153
-1
0 0 925
0 0 5016
-1
0 0 12717
1 6423 6423
-1
0 0 14499
-1
1 29863 29863
0 0 6179
1 6874 6874
0 0 16188
-1
1 19711 19711
-1
1 10246 10246
1 23675 23675
1 19233 19233
1 26693 26693
-1
0 0 6981
0 0 12022
0 0 7902
1 30401 30401
-1
-1
0 0 1307
-1
1 23737 23737
-1
0 0 1458
0 0 9163
-1
1 10822 10822
0 0 9144
0 0 6551
1 17122 17122
0 0 6187
1 10607 10607
1 15855 15855
1 9357 9357
-1
0 0 14073
1 17876 17876
0 0 13227
1 32324 32324
0 0 12221
-1
1 10345 10345
1 4455 4455
1 25341 25341
-1
0 0 4563
0 0 7559
0 0 10803
0 0 4998
1 30753 30753
0 0 8183
0 0 6538
1 5777 5777
1 15523 15523
0 0 7431
-1
0 0 1905
0 0 12819
1 8526 8526
1 8695 8695
-1
0 0 14639
0 0 4591
1 21164 21164
1 9825 9825
-1
1 20162 20162
0 0 7507
1 13751 13751
-1
-1
0 0 2819
0 0 3991
1 13088 13088
0 0 10081
0 0 12209
1 12048 12048
0 0 15945
-1
-1
1 17462 17462
-1
0 0 4739
1 22959 22959
-1
-1
0 0 9070
-1
1 2463 2463
1 31195 31195
-1
-1
1 30972 30972
0 0 8677
-1
1 23871 23871
0 0 3689
0 0 1506
-1
1 22840 22840
-1
-1
0 0 6584
0 0 5628
1 29818 29818
-1
0 0 15543
1 1462 1462
0 0 14339
1 32145 32145
0 0 15442
1 21916 21916
0 0 12351
0 0 8240
1 18179 18179
-1
0 0 6458
1 3930 3930
0 0 11243
0 0 5413
-1
-1
-1
1 26797 26797
-1
-1
1 25502 25502
-1
-1
0 0 1482
-1
-1
-1
1 28433 28433
1 5079 5079
0 0 4296
1 18581 18581
1 5610 5610
0 0 9176
1 15927 15927
1 13971 13971
0 0 4464
1 21911 21911
0 0 4179
0 0 10003
-1
0 0 5649
-1
1 1665 1665
1 23208 23208
1 6970 6970
-1
0 0 12594
1 14590 14590
0 0 11853
1 9564 9564
1 8358 8358
-1
1 27736 27736
0 0 2994
1 15539 15539
-1
1 12628 12628
0 0 5753
1 16139 16139
-1
-1
0 0 7046
1 23999 23999
0 0 11070
0 0 6114
-1
-1
-1
-1
0 0 3795
1 8047 8047
-1
-1
0 0 6456
0 0 2939
0 0 7115
1 32586 32586
0 0 10922
1 17645 17645
0 0 1399
0 0 248
0 0 13388
-1
1 24123 24123
-1
-1
-1
0 0 7282
-1
-1
1 22410 22410
-1
-1
-1
1 13880 13880
1 9945 9945
0 0 13301
1 18111 18111
0 0 7865
-1
1 8976 8976
1 7387 7387
0 0 4939
-1
-1
1 640 640
-1
0 0 14643
-1
0 0 12176
1 25574 25574
1 11974 11974
0 0 9533
-1
0 0 15894
1 20974 20974
1 1724 1724
0 0 11503
1 12177 12177
1 12001 12001
1 32560 32560
0 0 5522
0 0 3560
1 30295 30295
1 14158 14158
-1
0 0 2592
0 0 11679
1 26213 26213
-1
1 4678 4678
1 1845 1845
1 4118 4118
-1
-1
-1
1 27861 27861
1 10638 10638
-1
-1
-1
-1
-1
-1
0 0 9787
0 0 12764
-1
-1
-1
1 7899 7899
1 23999 23999
0 0 5387
0 0 3649
-1
0 0 13071
-1
0 0 14769
0 0 15536
1 31256 31256
1 2029 2029
1 24947 24947
0 0 7550
1 5552 5552
0 0 3109
0 0 8059
0 0 4466
0 0 12225
-1
1 7425 7425
1 24537 24537
-1
-1
1 32252 32252
-1
-1
-1
0 0 12050
-1
1 23953 23953
-1
1 3085 3085
-1
-1
1 11975 11975
0 0 10380
1 5577 5577
0 0 10330
0 0 2054
0 0 13568
-1
0 0 5375
1 293 293
1 20308 20308
-1
-1
1 31471 31471
1 19954 19954
1 2618 2618
-1
-1
0 0 14280
0 0 3792
-1
1 4255 4255
0 0 6556
0 0 2130
0 0 8438
0 0 10276
1 5576 5576
-1
-1
1 31020 31020
0 0 13623
-1
-1
0 0 151
0 0 409
-1
-1
0 0 13300
1 10604 10604
-1
-1
0 0 11667
0 0 13092
0 0 11895
0 0 2212
-1
-1
1 13508 13508
1 2794 2794
1 4189 4189
0 0 13666
-1
-1
0 0 7866
1 28769 28769
0 0 7939
-1
-1
-1
0 0 15846
0 0 2921
1 21284 21284
0 0 14117
-1
1 22084 22084
0 0 4808
0 0 11399
1 12003 12003
-1
-1
1 32737 32737
0 0 12770
0 0 6269
-1
0 0 3656
-1
-1
-1
1 17724 17724
-1
0 0 6295
0 0 14762
1 21722 21722
-1
-1
-1
0 0 4570
-1
1 14343 14343
-1
-1
-1
1 5638 5638
-1
0 0 10993
0 0 14545
-1
0 0 12310
0 0 7287
0 0 14526
1 6305 6305
1 19174 19174
1 31650 31650
-1
0 0 9799
0 0 8514
1 10346 10346
1 28310 28310
0 0 288
1 9927 9927
1 10761 10761
1 21624 21624
0 0 7528
0 0 850
-1
0 0 15156
0 0 8502
0 0 6753
-1
0 0 13004
0 0 2157
-1
1 16099 16099
1 11185 11185
-1
-1
0 0 4027
1 26442 26442
1 11801 11801
-1
0 0 9353
0 0 7225
0 0 1385
-1
0 0 13687
-1
1 15155 15155
-1
1 24 24
-1
-1
1 10802 10802
1 26610 26610
0 0 5392
0 0 7433
1 28301 28301
-1
1 1189 1189
-1
0 0 11229
0 0 13038
-1
0 0 2799
-1
0 0 13929
1 19543 19543
-1
0 0 10649
-1
1 4358 4358
1 13058 13058
-1
-1
1 7174 7174
-1
0 0 500
-1
-1
0 0 16275
0 0 12291
0 0 11501
0 0 6393
0 0 7498
-1
0 0 11931
-1
1 307 307
-1
0 0 5496
0 0 6607
0 0 2616
0 0 7498
-1
-1
1 26961 26961
0 0 10285
-1
1 15818 15818
1 22764 22764
1 22382 22382
0 0 2247
1 24344 24344
0 0 4213
0 0 16363
1 21282 21282
-1
1 13326 13326
-1
1 7464 7464
-1
1 23208 23208
-1
1 11246 11246
1 4837 4837
1 8993 8993
0 0 5341
1 10262 10262
0 0 14634
0 0 4409
1 3371 3371
0 0 1930
1 31638 31638
0 0 598
1 27024 27024
1 27569 27569
1 17595 17595
0 0 14009
-1
-1
-1
-1
0 0 5742
1 30356 30356
-1
-1
0 0 7915
-1
-1
-1
0 0 14967
1 15510 15510
1 25599 25599
1 20474 20474
-1
1 11414 11414
-1
1 3141 3141
-1
0 0 4968
1 17758 17758
-1
-1
-1
-1
0 0 6408
0 0 6262
1 9117 9117
1 12028 12028
1 17540 17540
1 21851 21851
1 3797 3797
0 0 14860
1 1476 1476
1 28603 28603
0 0 6986
1 26939 26939
-1
-1
-1
1 9456 9456
1 32102 32102
1 26899 26899
1 2191 2191
1 3003 3003
1 8539 8539
0 0 1560
0 0 10504
0 0 11848
-1
-1
-1
-1
0 0 15912
0 0 14487
0 0 9218
0 0 15294
0 0 11118
0 0 3701
1 10035 10035
-1
1 20677 20677
0 0 15196
-1
-1
0 0 15745
0 0 15909
0 0 2023
1 17868 17868
1 5920 5920
0 0 65
0 0 5177
1 28025 28025
-1
1 32762 32762
-1
-1
1 20747 20747
1 17788 17788
-1
1 21963 21963
1 18771 18771
1 24201 24201
0 0 15467
1 6801 6801
1 6511 6511
-1
0 0 13480
-1
0 0 13991
0 0 15589
-1
-1
1 13429 13429
0 0 11904
1 19841 19841
0 0 2126
-1
1 28364 28364
0 0 67
0 0 985
0 0 4035
1 19887 19887
0 0 16052
0 0 1519
0 0 7277
1 9698 9698
0 0 3985
-1
1 8522 8522
-1
-1
-1
-1
0 0 12621
1 18596 18596
1 32058 32058
1 22956 22956
0 0 7755
-1
1 14936 14936
1 12200 12200
-1
-1
-1
1 20948 20948
0 0 15929
1 18532 18532
0 0 10473
0 0 2867
1 9087 9087
1 18168 18168
-1
0 0 1557
1 21268 21268
0 0 1841
1 6241 6241
0 0 9600
-1
1 17981 17981
-1
1 5209 5209
-1
-1
0 0 7459
1 17342 17342
-1
1 17739 17739
-1
-1
0 0 13784
1 5333 5333
0 0 9601
-1
-1
-1
0 0 5210
-1
1 2380 2380
-1
0 0 10922
0 0 2181
0 0 6993
-1
-1
0 0 10151
1 5363 5363
1 416 416
-1
0 0 7222
1 4021 4021
0 0 10609
1 19613 19613
-1
-1
-1
1 13832 13832
0 0 13515
-1
0 0 1671
-1
1 19588 19588
-1
1 27532 27532
-1
1 24849 24849
0 0 14359
1 1855 1855
1 31887 31887
0 0 335
-1
-1
-1
1 19623 19623
-1
1 3598 3598
0 0 10227
0 0 3481
1 22411 22411
-1
1 7359 7359
0 0 11696
-1
1 21333 21333
-1
1 11236 11236
1 7045 7045
0 0 12364
0 0 11323
1 19845 19845
1 4537 4537
0 0 16150
0 0 1082
-1
1 4592 4592
0 0 6899
1 9229 9229
0 0 592
0 0 1417
-1
-1
0 0 3398
-1
0 0 14624
1 1091 1091
1 4986 4986
-1
0 0 9624
0 0 1233
-1
1 7964 7964
0 0 13298
1 1306 1306
0 0 9997
1 2189 2189
0 0 2792
1 25837 25837
1 5344 5344
1 21118 21118
-1
-1
1 22988 22988
1 8336 8336
1 14054 14054
-1
0 0 13164
-1
0 0 7441
-1
0 0 7819
0 0 10764
0 0 2020
1 6485 6485
-1
0 0 1385
-1
-1
-1
-1
0 0 11144
-1
0 0 11035
1 12262 12262
-1
-1
-1
0 0 2205
1 10393 10393
1 2030 2030
1 10668 10668
1 17857 17857
-1
0 0 14638
-1
-1
0 0 2749
-1
1 10355 10355
-1
-1
0 0 5254
1 1205 1205
1 6015 6015
0 0 6662
0 0 12640
-1
1 22482 22482
0 0 7722
-1
1 11206 11206
0 0 5199
-1
-1
0 0 13547
1 3626 3626
0 0 12570
1 7015 7015
1 19430 19430
-1
0 0 11510
0 0 10217
-1
1 18829 18829
1 6557 6557
1 31315 31315
0 0 10799
0 0 825
-1
0 0 12008
0 0 7509
-1
1 18759 18759
0 0 8276
0 0 2781
1 24966 24966
1 5630 5630
1 26928 26928
1 15214 15214
0 0 11197
-1
-1
1 20927 20927
1 31673 31673
-1
0 0 8106
-1
-1
-1
1 14810 14810
0 0 9659
-1
-1
-1
-1
-1
1 5062 5062
0 0 9467
1 22316 22316
1 5629 5629
1 32053 32053
1 23982 23982
-1
1 13726 13726
-1
0 0 3585
1 27238 27238
-1
0 0 12781
-1
1 11160 11160
-1
0 0 14106
1 10429 10429
0 0 5623
0 0 2914
-1
0 0 14962
-1
1 1053 1053
-1
0 0 14356
-1
-1
-1
-1
-1
-1
0 0 2208
-1
0 0 5544
1 29593 29593
0 0 366
0 0 6784
1 23035 23035
0 0 3604
-1
1 13144 13144
0 0 7805
0 0 15677
1 3041 3041
1 28192 28192
0 0 13240
1 32711 32711
1 11698 11698
-1
1 17558 17558
-1
-1
-1
-1
0 0 12838
0 0 14931
0 0 11083
1 20270 20270
-1
0 0 14804
1 18275 18275
-1
-1
-1
0 0 4259
1 31499 31499
0 0 3523
-1
-1
1 19345 19345
0 0 15238
0 0 10035
1 16108 16108
-1
1 8677 8677
1 15443 15443
1 27935 27935
0 0 2204
1 20715 20715
-1
-1
0 0 13050
0 0 10967
1 12836 12836
0 0 2947
-1
1 8948 8948
1 23294 23294
1 17761 17761
0 0 9194
-1
1 11689 11689
-1
-1
-1
0 0 6041
1 14705 14705
-1
1 18948 18948
1 2298 2298
1 27399 27399
-1
0 0 13637
-1
0 0 7038
-1
-1
0 0 12728
-1
-1
-1
1 10502 10502
0 0 5858
-1
-1
0 0 6355
-1
1 17201 17201
0 0 555
0 0 7660
1 21704 21704
1 18435 18435
0 0 10836
-1
1 10621 10621
1 15474 15474
1 22867 22867
0 0 15891
-1
0 0 15139
1 31572 31572
0 0 761
0 0 5405
0 0 9966
1 23265 23265
1 14763 14763
-1
-1
-1
0 0 6077
-1
0 0 15307
1 12912 12912
-1
-1
0 0 5612
1 18271 18271
-1
0 0 11454
0 0 14727
1 3249 3249
1 15734 15734
1 23821 23821
1 27128 27128
0 0 5392
-1
-1
-1
0 0 5323
1 9583 9583
-1
1 13895 13895
-1
0 0 7746
0 0 241
0 0 8584
1 27728 27728
-1
-1
1 16209 16209
-1
0 0 1879
1 7998 7998
0 0 7254
-1
1 18727 18727
0 0 1456
1 9437 9437
1 12768 12768
-1
0 0 13243
-1
0 0 35
0 0 8971
1 30319 30319
1 2036 2036
0 0 9964
-1
1 25900 25900
0 0 919
-1
-1
0 0 11138
-1
1 5992 5992
-1
1 16960 16960
0 0 1105
1 793 793
-1
-1
0 0 6292
1 9824 9824
-1
0 0 11241
1 28850 28850
1 1177 1177
0 0 13138
-1
0 0 10188
0 0 9961
1 30738 30738
-1
0 0 354
-1
-1
-1
0 0 7707
-1
1 24089 24089
0 0 11934
-1
0 0 7324
-1
1 868 868
-1
0 0 7509
-1
1 31635 31635
-1
0 0 8637
1 29530 29530
-1
1 15976 15976
-1
0 0 16332
0 0 10166
-1
-1
-1
0 0 7961
0 0 6949
-1
1 30465 30465
1 3628 3628
1 1823 1823
-1
1 17762 17762
0 0 16069
1 24834 24834
1 28940 28940
-1
-1
-1
-1
1 10684 10684
-1
-1
0 0 10464
0 0 5169
0 0 16141
-1
-1
-1
0 0 11700
1 24910 24910
1 19301 19301
-1
-1
0 0 1861
-1
-1
1 17454 17454
-1
0 0 9606
-1
0 0 9139
1 24953 24953
1 18650 18650
-1
0 0 11746
1 4244 4244
1 2311 2311
1 22037 22037
-1
0 0 3757
1 9217 9217
0 0 12649
1 8557 8557
1 2739 2739
1 6374 6374
-1
0 0 11532
0 0 6412
0 0 2310
-1
0 0 7636
-1
0 0 15549
-1
-1
-1
0 0 11958
-1
0 0 1052
-1
1 9427 9427
-1
-1
0 0 8712
1 5075 5075
0 0 13789
0 0 5646
-1
1 8260 8260
1 996 996
0 0 14500
1 28509 28509
1 5682 5682
-1
1 9110 9110
1 10280 10280
0 0 1582
-1
1 24522 24522
1 28586 28586
0 0 5213
-1
-1
1 4368 4368
1 13551 13551
-1
0 0 6509
-1
-1
1 21146 21146
0 0 2375
0 0 15447
1 8459 8459
-1
1 30428 30428
1 8489 8489
-1
-1
-1
-1
-1
-1
0 0 951
0 0 9527
-1
-1
0 0 13333
0 0 16058
1 26726 26726
-1
-1
0 0 11372
1 31233 31233
-1
1 5921 5921
-1
1 2566 2566
-1
-1
1 12178 12178
1 19954 19954
1 31320 31320
0 0 5561
0 0 6879
0 0 3578
-1
1 3478 3478
0 0 5504
0 0 14265
0 0 13712
0 0 8721
0 0 4922
0 0 7873
-1
0 0 8923
0 0 6248
0 0 3256
0 0 5699
0 0 11191
0 0 6764
1 10560 10560
0 0 14916
-1
1 16360 16360
0 0 13584
0 0 6944
0 0 8556
-1
1 17662 17662
0 0 14187
0 0 16319
-1
1 29427 29427
0 0 1700
0 0 11666
-1
-1
-1
0 0 10067
-1
-1
-1
-1
-1
0 0 11777
-1
1 27750 27750
1 25792 25792
1 4863 4863
1 22888 22888
0 0 3279
1 14483 14483
1 2859 2859
1 14581 14581
1 19873 19873
-1
-1
1 10929 10929
-1
1 2906 2906
1 29208 29208
0 0 13362
-1
1 14338 14338
1 26141 26141
1 8620 8620
0 0 13553
-1
0 0 8045
0 0 10813
-1
1 19949 19949
1 12021 12021
1 30099 30099
-1
0 0 7021
1 10949 10949
0 0 13448
1 31675 31675
0 0 13376
-1
1 19166 19166
-1
1 13029 13029
-1
0 0 927
0 0 3668
0 0 2130
0 0 15351
-1
-1
0 0 7094
0 0 11977
0 0 2735
-1
1 30850 30850
1 23472 23472
0 0 1762
-1
-1
0 0 12204
0 0 1924
0 0 10338
0 0 1473
0 0 4966
-1
1 15942 15942
1 20056 20056
-1
0 0 2699
0 0 6650
0 0 16167
0 0 11674
1 30503 30503
-1
-1
1 25396 25396
-1
0 0 13139
0 0 12136
-1
0 0 8990
-1
0 0 10354
0 0 2519
-1
1 1787 1787
0 0 4632
1 18413 18413
-1
1 1416 1416
-1
-1
1 14546 14546
-1
1 16087 16087
-1
-1
0 0 7238
1 10333 10333
-1
-1
0 0 2729
0 0 5174
1 4702 4702
-1
0 0 4639
0 0 14887
-1
1 31329 31329
1 31704 31704
-1
0 0 14863
0 0 7404
0 0 3343
-1
1 24747 24747
-1
1 24836 24836
0 0 11943
-1
-1
1 25327 25327
0 0 7205
-1
-1
1 32569 32569
0 0 11541
-1
0 0 14251
1 20144 20144
0 0 12180
-1
-1
-1
1 10522 10522
1 1681 1681
0 0 3225
0 0 8785
-1
0 0 10561
-1
-1
0 0 12548
-1
0 0 12843
0 0 10660
0 0 14982
-1
1 24398 24398
1 31891 31891
0 0 781
1 5473 5473
1 32445 32445
0 0 8241
-1
-1
0 0 2443
0 0 13273
-1
1 25003 25003
-1
-1
-1
0 0 16044
1 30447 30447
-1
0 0 331
1 19468 19468
1 15221 15221
-1
1 19221 19221
0 0 4290
1 16369 16369
1 2267 2267
-1
1 182 182
0 0 9724
-1
0 0 6686
-1
0 0 5178
-1
1 16599 16599
-1
1 10274 10274
0 0 4881
-1
1 6328 6328
0 0 9
1 23554 23554
1 20943 20943
1 18920 18920
-1
0 0 14279
1 3094 3094
0 0 2704
-1
1 29390 29390
1 30499 30499
-1
1 29067 29067
-1
1 20508 20508
0 0 7563
0 0 673
-1
-1
0 0 8163
-1
0 0 4938
-1
0 0 1461
1 19526 19526
1 14655 14655
-1
-1
1 6265 6265
0 0 11833
1 7939 7939
-1
0 0 10916
1 3174 3174
-1
0 0 3182
0 0 9628
0 0 13669
-1
1 9899 9899
-1
-1
-1
-1
-1
0 0 6129
-1
0 0 3517
0 0 9463
0 0 8922
1 14789 14789
0 0 8153
1 11173 11173
1 28983 28983
1 12304 12304
-1
-1
0 0 11631
-1
0 0 7907
1 9732 9732
-1
0 0 15106
-1
-1
1 26912 26912
0 0 568
1 21196 21196
0 0 5509
1 25315 25315
-1
0 0 3867
1 28845 28845
-1
-1
1 3767 3767
-1
0 0 6462
-1
-1
-1
1 18096 18096
1 17133 17133
1 9397 9397
1 28720 28720
1 23767 23767
0 0 4250
-1
1 7403 7403
0 0 8064
-1
1 31546 31546
0 0 13185
0 0 3547
0 0 11326
-1
0 0 14515
1 8814 8814
0 0 3264
1 15349 15349
-1
1 28698 28698
-1
0 0 5121
0 0 7873
1 19353 19353
-1
-1
1 26944 26944
1 12867 12867
1 186 186
-1
0 0 1324
0 0 6705
-1
-1
-1
0 0 4313
-1
1 15636 15636
0 0 13087
0 0 757
-1
1 23831 23831
1 12723 12723
0 0 14998
0 0 2134
1 23852 23852
1 29903 29903
0 0 5193
1 1040 1040
0 0 11339
-1
-1
-1
1 12367 12367
-1
0 0 10750
0 0 8821
-1
0 0 1681
-1
1 21405 21405
0 0 7
-1
-1
1 17563 17563
0 0 14212
1 16881 16881
1 14349 14349
-1
-1
1 17213 17213
0 0 2028
1 8777 8777
0 0 11215
0 0 3628
0 0 8215
0 0 5226
1 25572 25572
-1
0 0 5606
-1
0 0 13944
0 0 4809
1 27357 27357
-1
-1
0 0 8584
-1
-1
0 0 762
-1
0 0 1325
1 920 920
1 22071 22071
-1
0 0 11122
-1
1 23768 23768
-1
-1
1 15502 15502
-1
0 0 12563
0 0 16005
-1
0 0 3974
0 0 16024
0 0 639
1 27442 27442
-1
-1
0 0 3629
0 0 12630
1 32069 32069
-1
-1
-1
1 11629 11629
1 22600 22600
-1
-1
-1
1 13411 13411
0 0 14740
1 31466 31466
-1
0 0 15665
1 27702 27702
1 27078 27078
-1
1 24126 24126
-1
0 0 4071
1 105 105
1 12604 12604
1 11716 11716
0 0 1940
0 0 5075
-1
0 0 1518
-1
-1
-1
1 10878 10878
0 0 15772
-1
-1
1 7446 7446
0 0 9037
-1
0 0 9829
-1
1 22945 22945
0 0 12827
0 0 12832
0 0 15634
1 25555 25555
1 23292 23292
1 30323 30323
1 12092 12092
0 0 14245
0 0 16257
-1
1 22155 22155
0 0 14492
0 0 2553
0 0 12126
1 16962 16962
0 0 5423
1 9641 9641
1 14969 14969
-1
1 22420 22420
0 0 7770
0 0 16032
1 18040 18040
1 12868 12868
1 25305 25305
-1
-1
0 0 8311
-1
1 28377 28377
1 26495 26495
-1
1 21637 21637
0 0 11512
0 0 9159
-1
-1
1 1438 1438
1 12344 12344
-1
0 0 7663
1 30488 30488
0 0 12972
1 27400 27400
1 1310 1310
-1
-1
0 0 9698
-1
1 875 875
-1
-1
1 9393 9393
1 21841 21841
0 0 4163
1 14864 14864
0 0 76
-1
1 18628 18628
-1
-1
-1
1 18972 18972
-1
-1
0 0 9689
0 0 8658
0 0 14773
0 0 10499
0 0 786
-1
-1
1 23442 23442
-1
0 0 12147
0 0 959
1 8234 8234
1 19967 19967
1 22413 22413
-1
0 0 2420
1 7056 7056
-1
-1
1 27552 27552
-1
0 0 5237
0 0 621
1 11090 11090
1 17164 17164
1 4295 4295
1 18542 18542
0 0 14428
-1
1 6431 6431
1 992 992
0 0 3679
1 12233 12233
-1
-1
1 18181 18181
0 0 2850
-1
-1
1 608 608
-1
1 15215 15215
0 0 111
1 29015 29015
-1
1 22747 22747
-1
1 10919 10919
1 6440 6440
1 8408 8408
0 0 11138
-1
0 0 9874
-1
-1
0 0 5026
1 18171 18171
0 0 6131
-1
1 17806 17806
0 0 6755
0 0 10851
1 13972 13972
1 23849 23849
-1
-1
1 1119 1119
1 7510 7510
1 5186 5186
0 0 1205
-1
-1
0 0 13732
0 0 6555
-1
0 0 8819
0 0 4343
0 0 8055
1 27536 27536
-1
-1
1 28088 28088
1 11759 11759
-1
-1
-1
0 0 13878
1 30896 30896
1 3629 3629
1 32356 32356
1 22537 22537
0 0 15731
0 0 3521
-1
-1
1 13853 13853
1 26608 26608
1 8825 8825
-1
1 4407 4407
0 0 3885
0 0 4702
0 0 12570
0 0 6947
-1
1 15994 15994
-1
-1
-1
-1
1 31794 31794
0 0 4303
-1
1 28198 28198
1 14032 14032
-1
0 0 11378
0 0 15690
0 0 5851
0 0 12778
-1
0 0 2623
0 0 9793
1 15614 15614
-1
0 0 10628
1 16489 16489
1 15322 15322
1 26752 26752
1 27589 27589
1 26801 26801
-1
0 0 2406
1 3906 3906
-1
1 19425 19425
0 0 6945
-1
-1
1 25639 25639
-1
1 31331 31331
0 0 7970
1 10584 10584
-1
1 10848 10848
0 0 7668
-1
-1
0 0 3942
1 31485 31485
1 27891 27891
-1
0 0 9531
1 16834 16834
0 0 15372
1 5529 5529
1 22047 22047
1 23562 23562
1 17057 17057
-1
0 0 5759
0 0 1502
-1
-1
-1
0 0 9386
0 0 15561
0 0 4218
1 12409 12409
0 0 10800
-1
0 0 3837
-1
-1
1 5179 5179
1 777 777
0 0 13652
0 0 9147
0 0 7573
-1
0 0 12621
0 0 834
-1
-1
0 0 7237
0 0 2308
1 22643 22643
-1
-1
1 29819 29819
0 0 12120
0 0 237
1 20069 20069
1 29280 29280
-1
-1
-1
-1
1 9119 9119
1 11466 11466
1 18357 18357
0 0 9218
0 0 12278
0 0 8170
1 3053 3053
0 0 4058
1 5768 5768
-1
0 0 7070
-1
0 0 1664
0 0 1184
-1
1 17034 17034
0 0 5389
0 0 1099
0 0 7039
0 0 11212
-1
-1
0 0 12991
1 19451 19451
0 0 12836
1 18212 18212
0 0 15388
0 0 877
0 0 16053
1 23754 23754
1 3219 3219
-1
0 0 14114
0 0 4097
-1
-1
1 30498 30498
-1
0 0 1741
1 17301 17301
0 0 4670
-1
0 0 11311
1 23292 23292
1 903 903
1 29738 29738
0 0 9467
0 0 12455
1 9893 9893
-1
0 0 12038
-1
1 31212 31212
-1
1 12871 12871
-1
-1
1 14977 14977
-1
1 29548 29548
-1
1 10538 10538
1 22126 22126
1 17646 17646
0 0 7905
0 0 111
-1
1 6335 6335
0 0 3356
0 0 14053
0 0 15046
-1
0 0 14638
-1
0 0 11047
0 0 7096
0 0 7552
-1
0 0 1793
1 21780 21780
-1
0 0 3567
-1
0 0 13765
1 21387 21387
0 0 1448
0 0 14010
-1
0 0 7819
0 0 10521
-1
1 8788 8788
1 25451 25451
1 30501 30501
-1
1 8714 8714
0 0 6957
-1
1 26967 26967
0 0 5420
1 21871 21871
-1
1 9220 9220
1 7393 7393
0 0 14898
1 14365 14365
-1
-1
1 4010 4010
-1
1 12966 12966
0 0 10252
-1
-1
0 0 9090
-1
-1
-1
1 5958 5958
1 9046 9046
-1
1 17526 17526
-1
1 15828 15828
0 0 7842
-1
0 0 3554
0 0 3010
1 15436 15436
0 0 12864
-1
-1
-1
1 18543 18543
1 14657 14657
0 0 11111
-1
0 0 14337
1 18837 18837
-1
-1
1 11469 11469
0 0 5135
1 17563 17563
0 0 908
-1
1 31083 31083
0 0 10189
0 0 15078
-1
-1
-1
1 28425 28425
1 1933 1933
1 22731 22731
1 12332 12332
0 0 2904
-1
-1
0 0 7120
-1
1 13255 13255
1 13366 13366
-1
1 1345 1345
1 29218 29218
1 5507 5507
0 0 6389
-1
0 0 5613
-1
0 0 10574
1 16785 16785
0 0 7058
0 0 3926
1 25821 25821
-1
-1
1 13680 13680
-1
1 22255 22255
0 0 14055
1 30682 30682
-1
1 13328 13328
1 20919 20919
-1
1 9114 9114
1 27629 27629
0 0 11421
1 9454 9454
-1
1 16697 16697
1 2480 2480
-1
0 0 16262
-1
0 0 8416
-1
-1
0 0 16122
0 0 8435
1 21265 21265
1 10862 10862
1 5966 5966
0 0 635
1 1678 1678
0 0 4495
1 27376 27376
1 26774 26774
0 0 10664
-1
0 0 2441
-1
0 0 14222
-1
-1
1 6452 6452
1 29220 29220
1 608 608
0 0 15517
0 0 11793
1 13204 13204
1 179 179
1 18614 18614
1 11388 11388
1 30217 30217
1 4803 4803
0 0 13388
1 9609 9609
1 25623 25623
1 5298 5298
-1
-1
0 0 11873
1 23224 23224
1 31549 31549
-1
1 4102 4102
0 0 6351
1 274 274
-1
1 27472 27472
-1
1 22136 22136
-1
0 0 11009
0 0 10642
0 0 7613
-1
1 15860 15860
-1
1 15067 15067
0 0 7155
0 0 14839
-1
1 28300 28300
0 0 4406
0 0 11287
1 14495 14495
0 0 2587
1 19389 19389
-1
-1
-1
1 5528 5528
1 13505 13505
-1
0 0 1230
1 9231 9231
1 11091 11091
1 671 671
1 8108 8108
0 0 770
1 21933 21933
0 0 10248
1 3422 3422
0 0 5850
1 27856 27856
0 0 14863
1 26205 26205
1 14633 14633
-1
0 0 13688
1 27915 27915
1 2757 2757
1 30270 30270
-1
-1
0 0 6367
1 28882 28882
0 0 5490
-1
0 0 4430
1 4544 4544
0 0 11163
-1
-1
-1
1 11696 11696
0 0 3927
1 12755 12755
1 2230 2230
1 18527 18527
1 2816 2816
0 0 2096
1 10918 10918
0 0 2352
-1
0 0 11552
-1
1 26728 26728
1 12554 12554
1 15904 15904
-1
1 2365 2365
1 3085 3085
1 13056 13056
-1
-1
1 26179 26179
0 0 12378
-1
-1
0 0 3658
0 0 11316
0 0 6766
-1
1 23583 23583
-1
1 12455 12455
0 0 4719
0 0 11096
1 31763 31763
0 0 3126
1 29981 29981
-1
0 0 6848
0 0 8510
0 0 2107
1 18094 18094
-1
1 27416 27416
1 29248 29248
-1
-1
0 0 8314
-1
0 0 10768
1 20181 20181
-1
-1
1 16549 16549
-1
1 26255 26255
0 0 3793
1 20951 20951
1 23390 23390
1 8318 8318
1 2934 2934
0 0 11320
1 17379 17379
1 9486 9486
-1
1 3556 3556
0 0 8327
1 2746 2746
1 15131 15131
-1
0 0 11729
1 13681 13681
0 0 4683
0 0 12492
-1
1 4884 4884
-1
1 14014 14014
1 328 328
1 10234 10234
0 0 5773
0 0 8386
0 0 7746
-1
0 0 8035
0 0 9520
0 0 15173
-1
1 21147 21147
-1
0 0 11487
1 29924 29924
1 3550 3550
1 24364 24364
1 2658 2658
-1
0 0 12529
-1
-1
-1
1 3224 3224
0 0 489
1 10506 10506
1 23490 23490
1 26875 26875
-1
-1
0 0 13819
-1
0 0 11554
0 0 13820
1 31341 31341
-1
0 0 2109
1 6737 6737
-1
-1
1 10164 10164
-1
-1
-1
-1
-1
0 0 2344
1 17268 17268
0 0 12872
-1
0 0 4609
0 0 15900
0 0 5487
0 0 14874
0 0 3082
-1
-1
1 1011 1011
0 0 9944
0 0 7156
1 12592 12592
-1
1 30204 30204
0 0 13266
1 28311 28311
0 0 2014
0 0 4166
0 0 6698
-1
1 18040 18040
1 6123 6123
-1
0 0 7793
0 0 2806
0 0 1803
-1
-1
1 16836 16836
1 6402 6402
0 0 10045
-1
0 0 1981
1 32529 32529
1 14021 14021
-1
1 7906 7906
-1
1 23312 23312
1 30526 30526
-1
0 0 12734
1 11164 11164
-1
1 2220 2220
1 29032 29032
0 0 12061
1 18417 18417
1 25301 25301
1 17050 17050
-1
1 1049 1049
-1
1 31547 31547
1 4066 4066
-1
1 211 211
0 0 9589
0 0 11642
0 0 4244
1 18407 18407
0 0 13468
0 0 2199
1 31830 31830
0 0 7498
1 25133 25133
1 7112 7112
1 22431 22431
0 0 7845
0 0 6497
0 0 15941
-1
1 15184 15184
-1
0 0 3883
0 0 6758
1 7997 7997
1 24186 24186
-1
-1
-1
-1
-1
0 0 12449
0 0 8556
1 4671 4671
0 0 7338
-1
1 28893 28893
-1
-1
0 0 6248
-1
1 9012 9012
0 0 5865
1 14134 14134
1 24160 24160
1 21910 21910
0 0 15041
0 0 6468
1 19885 19885
0 0 4828
1 29317 29317
-1
1 9283 9283
-1
0 0 5420
-1
1 14681 14681
-1
-1
-1
0 0 6142
0 0 11710
0 0 10860
0 0 2174
1 3985 3985
-1
1 26726 26726
0 0 15105
-1
1 15750 15750
1 18825 18825
1 17433 17433
-1
0 0 5018
0 0 851
1 16831 16831
0 0 2192
-1
-1
-1
-1
0 0 11875
-1
0 0 5846
-1
1 11919 11919
-1
1 20078 20078
1 25920 25920
1 20108 20108
1 20438 20438
0 0 15964
1 22159 22159
-1
1 13534 13534
1 3976 3976
0 0 4562
0 0 11828
-1
-1
-1
1 9168 9168
1 26799 26799
1 10051 10051
0 0 1770
0 0 2749
0 0 7924
-1
-1
0 0 10024
-1
0 0 8024
0 0 16051
-1
-1
0 0 1377
1 4083 4083
1 18000 18000
1 14132 14132
0 0 9488
-1
1 4621 4621
-1
0 0 6747
-1
-1
1 31547 31547
0 0 3218
0 0 3754
0 0 14342
0 0 12339
0 0 4256
0 0 12070
-1
1 23227 23227
1 26255 26255
1 31524 31524
0 0 10019
-1
-1
0 0 7740
0 0 4624
0 0 12991
1 26734 26734
-1
0 0 3087
0 0 759
-1
1 7984 7984
0 0 15767
-1
1 24597 24597
1 27505 27505
1 18483 18483
1 2122 2122
1 5888 5888
0 0 14709
0 0 6209
0 0 10519
1 10772 10772
0 0 11631
1 30822 30822
-1
-1
0 0 4273
0 0 4558
0 0 3319
1 20027 20027
-1
1 29144 29144
0 0 2142
-1
-1
1 11071 11071
0 0 15435
0 0 1998
-1
0 0 7797
-1
0 0 14190
-1
0 0 4789
-1
-1
1 8762 8762
-1
0 0 4797
-1
1 5430 5430
1 1886 1886
1 9210 9210
0 0 16201
-1
1 1460 1460
0 0 1266
1 20963 20963
-1
0 0 14031
1 24714 24714
-1
1 3142 3142
-1
0 0 6246
1 23938 23938
0 0 14159
0 0 5621
1 13221 13221
0 0 2110
0 0 2059
-1
-1
0 0 7983
-1
0 0 11937
0 0 15401
1 19393 19393
0 0 4583
-1
0 0 6269
0 0 13750
1 8852 8852
-1
1 6877 6877
-1
1 23174 23174
-1
0 0 4969
0 0 8045
1 23290 23290
1 18781 18781
-1
1 1976 1976
-1
0 0 7460
0 0 7206
-1
1 31198 31198
-1
0 0 12405
0 0 935
0 0 5070
0 0 769
-1
-1
1 15738 15738
1 31480 31480
1 17216 17216
1 14840 14840
0 0 7991
1 23813 23813
1 27914 27914
1 17937 17937
-1
1 7775 7775
-1
0 0 4515
1 6435 6435
0 0 6169
0 0 15216
0 0 5365
-1
1 12058 12058
0 0 5755
-1
1 1302 1302
-1
0 0 1214
0 0 15341
0 0 11464
1 31464 31464
0 0 1364
-1
0 0 4719
1 19150 19150
1 26438 26438
-1
1 5956 5956
0 0 2917
-1
0 0 14776
-1
0 0 12320
1 23529 23529
-1
1 6026 6026
-1
-1
-1
0 0 2637
0 0 5872
0 0 9766
1 30549 30549
-1
0 0 11145
-1
-1
0 0 12799
1 28880 28880
0 0 9037
1 26373 26373
0 0 12796
1 6587 6587
1 31517 31517
1 1989 1989
1 1564 1564
0 0 4791
0 0 2333
-1
1 25425 25425
1 2299 2299
-1
1 25707 25707
-1
0 0 2992
-1
0 0 8379
-1
-1
1 17552 17552
1 26942 26942
-1
1 29060 29060
1 14680 14680
1 19288 19288
1 4005 4005
1 14730 14730
-1
0 0 3974
-1
1 19963 19963
1 20968 20968
-1
-1
-1
-1
1 2538 2538
0 0 1226
1 17958 17958
0 0 10999
1 3751 3751
-1
1 27081 27081
-1
-1
1 29456 29456
0 0 339
1 6932 6932
0 0 9563
1 973 973
-1
1 30287 30287
1 22355 22355
0 0 15757
-1
0 0 2081
1 2613 2613
0 0 1383
1 3774 3774
-1
-1
-1
1 5995 5995
1 19876 19876
0 0 10058
1 4574 4574
1 12105 12105
-1
-1
-1
-1
-1
0 0 3652
1 11061 11061
0 0 2233
0 0 12256
0 0 12018
1 92 92
-1
1 12256 12256
0 0 1535
-1
0 0 3136
0 0 12339
-1
1 25253 25253
-1
0 0 12710
0 0 11285
-1
-1
0 0 12498
-1
0 0 15069
1 11616 11616
0 0 3592
1 28539 28539
-1
0 0 15169
1 6982 6982
1 8009 8009
-1
0 0 11625
-1
0 0 465
-1
0 0 3101
0 0 9001
0 0 16241
-1
-1
0 0 62
-1
1 6493 6493
1 5210 5210
-1
0 0 15225
1 9 9
1 17071 17071
0 0 603
0 0 3260
0 0 12934
1 12894 12894
0 0 7561
0 0 15270
0 0 7784
1 12315 12315
0 0 12214
-1
0 0 6857
0 0 6277
1 3352 3352
0 0 5504
-1
-1
1 27651 27651
1 18486 18486
1 18214 18214
-1
-1
1 2145 2145
-1
-1
0 0 10131
0 0 9175
-1
1 32672 32672
0 0 9037
1 24828 24828
1 29065 29065
-1
1 1727 1727
-1
0 0 2128
1 12618 12618
1 28136 28136
0 0 14546
1 20881 20881
1 32731 32731
1 31222 31222
-1
0 0 12700
-1
0 0 15472
1 29292 29292
-1
-1
1 2356 2356
0 0 5953
1 19523 19523
-1
-1
-1
0 0 12674
1 32305 32305
0 0 3856
1 10899 10899
0 0 1309
1 17044 17044
1 22326 22326
-1
0 0 2738
-1
-1
-1
1 22743 22743
0 0 506
0 0 14898
1 20190 20190
-1
0 0 7792
-1
1 14757 14757
-1
-1
1 10465 10465
1 4551 4551
1 7976 7976
-1
-1
0 0 7524
-1
0 0 3297
1 7349 7349
1 17891 17891
1 18175 18175
-1
-1
0 0 2880
0 0 4675
-1
1 18730 18730
0 0 11105
1 2523 2523
0 0 10556
1 13743 13743
1 15358 15358
1 1009 1009
1 8858 8858
0 0 1124
0 0 3484
-1
1 18283 18283
1 32153 32153
0 0 9944
0 0 4783
1 9971 9971
1 10072 10072
1 25940 25940
1 2884 2884
0 0 11285
0 0 14569
1 12616 12616
-1
1 3968 3968
1 29156 29156
0 0 2355
0 0 8738
1 23382 23382
-1
-1
1 2149 2149
-1
0 0 9050
1 6912 6912
0 0 5782
1 18129 18129
-1
1 13618 13618
-1
1 17790 17790
0 0 4777
1 8948 8948
0 0 14379
1 16315 16315
0 0 13720
0 0 146
-1
1 304 304
0 0 8003
1 2386 2386
1 19803 19803
-1
-1
-1
0 0 8599
1 7578 7578
0 0 557
1 30826 30826
-1
-1
-1
0 0 3389
-1
1 27647 27647
-1
0 0 15079
0 0 3788
0 0 399
1 539 539
0 0 11135
1 23504 23504
0 0 12911
-1
-1
-1
-1
0 0 7292
-1
1 6739 6739
1 14330 14330
-1
-1
-1
-1
-1
-1
-1
1 23634 23634
1 11865 11865
0 0 4632
1 943 943
-1
0 0 9489
0 0 3458
0 0 8942
-1
-1
-1
-1
0 0 11217
0 0 7296
-1
1 21780 21780
1 14589 14589
0 0 4079
1 21903 21903
-1
0 0 7509
-1
1 22344 22344
1 22394 22394
1 21393 21393
-1
1 29601 29601
-1
0 0 3013
1 13338 13338
0 0 15951
0 0 931
0 0 4595
1 2590 2590
1 502 502
1 8790 8790
1 23525 23525
-1
1 30103 30103
1 19444 19444
0 0 15007
-1
-1
0 0 3938
-1
-1
-1
0 0 9501
-1
1 12895 12895
0 0 11383
0 0 9616
0 0 7909
0 0 7946
0 0 4412
1 29716 29716
0 0 3611
-1
1 12915 12915
1 17924 17924
-1
-1
1 18050 18050
0 0 3164
1 3225 3225
1 29162 29162
-1
1 4935 4935
-1
1 31870 31870
-1
-1
0 0 10688
-1
1 10274 10274
-1
0 0 9508
-1
1 23166 23166
1 16774 16774
-1
-1
0 0 9303
0 0 1864
-1
0 0 15605
1 24082 24082
-1
-1
0 0 4021
1 12982 12982
-1
1 26358 26358
-1
1 4064 4064
1 26476 26476
-1
0 0 16382
-1
1 9412 9412
1 6079 6079
-1
1 18906 18906
1 13855 13855
1 25394 25394
-1
1 14262 14262
0 0 16302
0 0 9333
1 15210 15210
0 0 1176
1 307 307
1 25671 25671
1 25878 25878
1 12561 12561
0 0 2261
-1
1 7919 7919
-1
1 25762 25762
0 0 2771
-1
-1
1 25672 25672
1 1068 1068
0 0 8141
0 0 3707
1 22947 22947
0 0 12586
0 0 1868
1 16850 16850
1 25869 25869
-1
-1
1 11273 11273
-1
-1
0 0 13487
1 19226 19226
1 30482 30482
0 0 4193
-1
-1
1 3972 3972
-1
0 0 7398
-1
1 689 689
-1
1 20323 20323
1 14208 14208
-1
1 5876 5876
-1
0 0 5191
-1
-1
0 0 12514
1 29191 29191
-1
0 0 8175
-1
0 0 4367
1 8800 8800
-1
0 0 4877
0 0 7328
1 7319 7319
0 0 15341
0 0 11142
-1
0 0 6321
-1
0 0 9766
-1
-1
-1
1 28266 28266
0 0 11868
0 0 10225
0 0 4158
0 0 14019
1 32213 32213
0 0 3838
-1
1 29145 29145
1 5798 5798
1 28793 28793
0 0 11627
1 7213 7213
0 0 10664
0 0 206
0 0 4034
0 0 11057
1 4523 4523
0 0 13695
-1
0 0 14838
-1
0 0 14087
1 3411 3411
0 0 4393
1 11864 11864
-1
-1
-1
1 6494 6494
0 0 14472
-1
0 0 16023
0 0 15423
-1
1 4086 4086
0 0 3532
-1
1 9623 9623
0 0 1530
-1
-1
0 0 4533
1 13515 13515
-1
1 17683 17683
0 0 8686
1 22922 22922
0 0 522
-1
-1
-1
1 23247 23247
1 26062 26062
0 0 6317
1 30009 30009
1 13678 13678
0 0 7000
1 9941 9941
1 8714 8714
0 0 8534
-1
1 4299 4299
0 0 8129
-1
1 15845 15845
-1
0 0 10171
1 15322 15322
0 0 8573
-1
-1
0 0 336
-1
0 0 11851
-1
0 0 12638
0 0 1479
0 0 8528
1 1579 1579
-1
1 3977 3977
0 0 2959
0 0 7013
1 23808 23808
-1
1 7355 7355
1 6092 6092
0 0 7505
1 13274 13274
1 24183 24183
1 311 311
0 0 13510
0 0 9139
-1
-1
-1
1 31021 31021
-1
-1
1 28810 28810
-1
0 0 15602
-1
-1
0 0 8265
0 0 3359
1 14133 14133
1 4963 4963
0 0 5505
1 9257 9257
1 32170 32170
0 0 6949
1 13913 13913
1 22303 22303
-1
1 15552 15552
1 29055 29055
1 9837 9837
-1
-1
1 25109 25109
-1
0 0 1388
1 12426 12426
1 18671 18671
1 19818 19818
1 29840 29840
-1
1 13974 13974
-1
1 32643 32643
0 0 3573
0 0 14306
0 0 6541
-1
0 0 10275
1 8685 8685
1 6817 6817
0 0 21
1 9545 9545
-1
1 20148 20148
-1
1 12113 12113
-1
1 23403 23403
-1
-1
0 0 723
-1
0 0 14076
-1
0 0 7888
-1
0 0 1944
1 27112 27112
1 466 466
-1
1 28115 28115
0 0 1381
1 16993 16993
0 0 9616
0 0 14409
0 0 12317
-1
0 0 10752
1 26261 26261
0 0 6086
1 9914 9914
0 0 11776
0 0 4602
-1
0 0 8940
-1
-1
0 0 4175
1 12543 12543
0 0 14625
-1
0 0 12023
-1
0 0 5862
1 12820 12820
0 0 11940
1 703 703
0 0 4608
1 7805 7805
1 10213 10213
1 5711 5711
0 0 3403
1 1683 1683
-1
1 10445 10445
0 0 9803
1 12966 12966
1 8120 8120
0 0 4890
-1
-1
0 0 5732
1 11064 11064
-1
-1
-1
-1
-1
-1
1 25715 25715
-1
0 0 5362
0 0 13779
-1
1 28623 28623
1 22520 22520
-1
1 20825 20825
-1
0 0 16328
0 0 1151
0 0 7776
0 0 13650
-1
1 30480 30480
1 30980 30980
-1
0 0 5883
-1
-1
-1
-1
0 0 10266
-1
-1
-1
1 32008 32008
-1
-1
1 17128 17128
-1
-1
1 20137 20137
1 20626 20626
-1
1 20570 20570
0 0 5928
0 0 15547
-1
1 19136 19136
-1
0 0 2013
0 0 12155
0 0 7518
0 0 4489
1 10832 10832
1 14218 14218
0 0 12013
1 30344 30344
0 0 11968
1 27358 27358
0 0 11425
1 2122 2122
0 0 8629
-1
1 27177 27177
-1
1 21630 21630
-1
-1
-1
1 4096 4096
-1
-1
-1
1 29834 29834
-1
1 9639 9639
1 19997 19997
0 0 9285
0 0 697
1 29631 29631
-1
1 12992 12992
0 0 14417
0 0 14859
-1
1 8897 8897
-1
-1
1 13912 13912
1 2423 2423
0 0 12481
-1
-1
-1
-1
0 0 16230
-1
0 0 1060
-1
-1
0 0 4378
0 0 12973
1 15561 15561
0 0 13006
-1
0 0 12807
-1
-1
-1
-1
-1
-1
0 0 5617
-1
1 20037 20037
-1
1 4412 4412
0 0 5963
0 0 9403
1 26176 26176
-1
1 8217 8217
1 10795 10795
0 0 11589
1 14340 14340
0 0 11107
-1
-1
-1
1 13391 13391
1 550 550
0 0 1134
-1
-1
0 0 13226
-1
1 31537 31537
0 0 5807
-1
1 21422 21422
1 17040 17040
-1
0 0 9567
-1
0 0 9290
0 0 13614
-1
-1
-1
-1
1 19305 19305
1 15950 15950
0 0 4749
1 20390 20390
1 25881 25881
1 949 949
0 0 975
-1
1 26131 26131
-1
-1
-1
0 0 15895
0 0 8510
-1
0 0 237
1 7869 7869
0 0 12835
-1
1 7864 7864
1 19198 19198
1 28904 28904
1 32695 32695
1 9654 9654
1 4265 4265
-1
0 0 15405
-1
0 0 14132
0 0 15728
0 0 357
0 0 11444
1 32344 32344
-1
0 0 5703
1 1630 1630
0 0 14662
0 0 6855
-1
1 24303 24303
-1
0 0 10175
-1
1 11790 11790
0 0 12647
-1
0 0 13208
1 21888 21888
0 0 15777
0 0 16195
-1
-1
0 0 11494
1 32754 32754
0 0 14228
-1
-1
-1
0 0 7096
-1
0 0 2228
0 0 11292
0 0 1979
-1
0 0 3394
-1
1 25699 25699
0 0 14656
-1
1 4697 4697
0 0 11720
1 24176 24176
-1
-1
0 0 903
0 0 7203
0 0 4897
1 444 444
1 27171 27171
1 19048 19048
0 0 10899
-1
0 0 9954
-1
0 0 4544
1 17163 17163
1 25890 25890
-1
0 0 13858
-1
1 16920 16920
-1
0 0 8368
1 19503 19503
-1
1 23754 23754
0 0 3095
-1
-1
0 0 296
-1
1 31825 31825
0 0 1075
1 3557 3557
-1
-1
0 0 267
1 13242 13242
1 30412 30412
1 11226 11226
0 0 14951
1 18132 18132
-1
-1
-1
-1
1 10329 10329
0 0 7737
1 30181 30181
-1
1 4727 4727
-1
-1
0 0 5999
-1
-1
1 1501 1501
0 0 5031
-1
1 12812 12812
-1
1 25610 25610
1 3207 3207
1 5561 5561
-1
-1
1 3269 3269
1 13220 13220
-1
1 7849 7849
1 17578 17578
0 0 12284
-1
-1
0 0 4354
-1
1 19332 19332
1 20883 20883
-1
-1
0 0 15064
1 15144 15144
-1
-1
0 0 13709
0 0 4721
0 0 9366
0 0 125
1 30741 30741
1 27319 27319
1 22778 22778
-1
0 0 13396
1 1519 1519
0 0 4936
0 0 8296
-1
1 5544 5544
-1
0 0 2084
0 0 10013
-1
0 0 8207
0 0 10282
0 0 14631
1 12084 12084
0 0 704
1 5329 5329
-1
-1
1 9338 9338
1 6961 6961
1 30919 30919
-1
0 0 3185
1 15101 15101
-1
-1
1 388 388
1 9807 9807
-1
1 11586 11586
0 0 9806
0 0 15659
0 0 11840
-1
-1
0 0 4075
-1
0 0 11579
-1
-1
1 6103 6103
0 0 15868
1 22887 22887
-1
-1
1 10153 10153
-1
-1
0 0 11043
-1
-1
0 0 8835
0 0 10675
-1
-1
-1
1 21859 21859
1 15805 15805
0 0 1000
1 11074 11074
1 16338 16338
-1
1 699 699
0 0 11003
1 15868 15868
0 0 413
-1
0 0 2694
0 0 5038
-1
-1
1 32762 32762
0 0 6674
1 10968 10968
-1
-1
-1
-1
0 0 16358
-1
-1
0 0 9014
-1
1 11820 11820
1 6606 6606
1 2280 2280
0 0 7297
0 0 11034
1 8609 8609
-1
1 11345 11345
1 25109 25109
0 0 3819
-1
1 13207 13207
1 25661 25661
0 0 11436
1 31522 31522
1 27721 27721
1 17072 17072
1 12097 12097
0 0 10902
-1
-1
0 0 8113
1 16948 16948
1 26233 26233
1 16742 16742
0 0 14687
1 8285 8285
-1
1 5140 5140
-1
-1
0 0 8257
1 6368 6368
1 8255 8255
-1
1 20311 20311
0 0 14233
-1
-1
-1
-1
0 0 2426
1 28216 28216
1 22385 22385
1 24428 24428
1 15062 15062
-1
0 0 2931
0 0 1410
1 22863 22863
1 30613 30613
1 302 302
0 0 7747
1 5586 5586
0 0 37
1 31426 31426
0 0 3232
1 17665 17665
1 11548 11548
0 0 15048
0 0 12231
-1
0 0 10769
1 11643 11643
1 1892 1892
1 31482 31482
0 0 8612
0 0 6764
1 13001 13001
1 5520 5520
0 0 11368
0 0 10361
1 28249 28249
1 876 876
1 27601 27601
0 0 4931
1 16834 16834
-1
1 1202 1202
1 13897 13897
0 0 2084
-1
0 0 13016
1 10590 10590
0 0 9376
-1
-1
1 28128 28128
0 0 13388
1 31932 31932
-1
0 0 4527
0 0 9128
0 0 3438
-1
0 0 11180
0 0 7675
-1
-1
1 4551 4551
-1
1 30146 30146
-1
1 12691 12691
-1
1 4988 4988
-1
-1
1 17791 17791
-1
0 0 6509
-1
0 0 6749
0 0 4723
1 13759 13759
1 5403 5403
1 6130 6130
0 0 10914
1 10667 10667
0 0 14345
0 0 12505
0 0 12056
-1
1 10440 10440
-1
0 0 2722
0 0 15873
0 0 7981
1 14553 14553
0 0 7973
1 30965 30965
-1
1 8891 8891
0 0 16354
0 0 638
1 29033 29033
1 23833 23833
0 0 5042
1 2156 2156
0 0 13238
1 25827 25827
0 0 8010
0 0 4727
-1
-1
-1
1 15873 15873
1 19622 19622
1 29402 29402
1 14024 14024
-1
1 29084 29084
1 30409 30409
1 28063 28063
0 0 4086
-1
0 0 2644
-1
-1
1 8899 8899
0 0 8229
1 3937 3937
0 0 12500
1 4844 4844
0 0 12747
-1
-1
1 8372 8372
1 7945 7945
-1
0 0 14839
-1
-1
1 13080 13080
1 18733 18733
0 0 10696
-1
0 0 5650
0 0 2651
1 6205 6205
0 0 12828
0 0 10814
1 6392 6392
-1
-1
-1
-1
1 23413 23413
-1
-1
-1
-1
1 21643 21643
0 0 736
1 23535 23535
-1
0 0 15365
0 0 8479
-1
0 0 2010
0 0 8235
0 0 5602
-1
0 0 7203
0 0 4049
1 27387 27387
0 0 9964
1 2185 2185
1 29613 29613
0 0 2144
0 0 2063
-1
1 13904 13904
1 19107 19107
1 32375 32375
1 29613 29613
1 32246 32246
1 26471 26471
0 0 1380
-1
1 19998 19998
0 0 5571
-1
1 9411 9411
0 0 7149
-1
0 0 12036
0 0 2659
0 0 9514
0 0 6554
0 0 9652
-1
-1
1 9401 9401
-1
-1
1 28540 28540
0 0 14656
0 0 4247
0 0 2499
0 0 13742
-1
-1
-1
-1
1 30074 30074
-1
1 5301 5301
-1
1 6721 6721
1 2266 2266
-1
-1
-1
0 0 12582
0 0 365
-1
-1
1 7734 7734
1 25239 25239
-1
-1
0 0 6988
0 0 5867
1 10770 10770
1 12935 12935
-1
0 0 11658
-1
1 5606 5606
0 0 14519
-1
-1
1 24885 24885
0 0 1796
0 0 746
-1
1 28994 28994
0 0 11827
0 0 15113
-1
1 3092 3092
-1
1 14035 14035
-1
1 13666 13666
1 26203 26203
0 0 12203
1 13480 13480
1 21271 21271
0 0 2395
1 22869 22869
0 0 2231
0 0 4330
-1
-1
1 22270 22270
0 0 15543
1 3032 3032
1 32729 32729
-1
0 0 12471
1 11483 11483
-1
-1
0 0 15046
0 0 16005
-1
0 0 2992
-1
1 4440 4440
0 0 9219
-1
0 0 144
0 0 10948
1 18221 18221
0 0 10546
1 32146 32146
0 0 602
-1
-1
-1
0 0 14565
-1
1 6847 6847
-1
0 0 4101
0 0 9957
0 0 5668
1 23984 23984
0 0 5573
-1
-1
1 8534 8534
1 434 434
0 0 7566
1 23047 23047
0 0 295
1 27072 27072
-1
1 21203 21203
0 0 1619
-1
1 31438 31438
1 16199 16199
0 0 16083
0 0 6226
1 22757 22757
-1
1 6211 6211
0 0 1485
1 21633 21633
0 0 9305
0 0 9429
-1
0 0 4428
1 2790 2790
-1
-1
-1
0 0 7706
0 0 453
1 23456 23456
0 0 1195
1 25581 25581
-1
1 24117 24117
1 24751 24751
1 18675 18675
1 31672 31672
-1
1 20706 20706
0 0 4383
0 0 4705
-1
-1
0 0 2988
-1
-1
1 1081 1081
0 0 2161
0 0 6362
1 2378 2378
0 0 5847
0 0 11399
-1
-1
0 0 719
1 3108 3108
0 0 14244
1 490 490
1 29078 29078
-1
0 0 10143
1 8793 8793
-1
1 4491 4491
-1
-1
-1
-1
1 5644 5644
0 0 10914
1 4054 4054
-1
0 0 16232
1 29454 29454
0 0 495
1 7531 7531
1 24093 24093
0 0 10195
0 0 4277
0 0 7062
1 13865 13865
0 0 9731
0 0 800
1 1530 1530
-1
1 27897 27897
0 0 6473
0 0 1117
0 0 1139
-1
1 25995 25995
0 0 2675
-1
1 17909 17909
-1
-1
-1
1 10044 10044
0 0 14577
-1
1 17801 17801
-1
-1
0 0 13053
1 30479 30479
1 31084 31084
0 0 15699
0 0 477
1 2702 2702
0 0 4102
0 0 9309
-1
-1
0 0 12550
0 0 12091
1 20917 20917
0 0 14981
1 5338 5338
0 0 2265
1 10983 10983
1 26325 26325
1 20022 20022
0 0 3483
1 16944 16944
-1
0 0 9818
0 0 8608
1 24254 24254
0 0 12514
-1
1 24068 24068
1 21332 21332
1 15983 15983
-1
1 6183 6183
1 11978 11978
-1
1 4038 4038
-1
-1
-1
1 3766 3766
-1
-1
-1
0 0 3279
1 30355 30355
1 32383 32383
-1
1 30350 30350
1 19263 19263
0 0 11893
1 17750 17750
0 0 6130
-1
-1
1 16368 16368
-1
-1
-1
0 0 4010
0 0 15608
1 8747 8747
0 0 11967
1 29951 29951
0 0 6341
0 0 6401
1 13458 13458
-1
0 0 14893
-1
1 31259 31259
1 28957 28957
1 482 482
-1
0 0 8347
0 0 8198
-1
-1
-1
1 20282 20282
1 18517 18517
1 18298 18298
0 0 9347
0 0 4179
-1
-1
1 31198 31198
1 3464 3464
0 0 11854
-1
1 23949 23949
-1
-1
-1
1 17430 17430
1 7544 7544
-1
-1
1 16785 16785
-1
1 9578 9578
0 0 5502
-1
-1
0 0 4073
1 11735 11735
-1
1 11013 11013
0 0 13106
1 10108 10108
0 0 8736
0 0 3103
1 112 112
1 11938 11938
0 0 11453
-1
1 16788 16788
-1
1 26820 26820
1 13882 13882
1 12871 12871
-1
0 0 3224
0 0 4138
1 18513 18513
1 29577 29577
1 26974 26974
1 11290 11290
1 28496 28496
-1
-1
1 31478 31478
-1
0 0 9549
1 3191 3191
0 0 3528
1 20165 20165
0 0 14349
1 22284 22284
-1
1 22552 22552
-1
0 0 4316
0 0 15559
-1
1 26872 26872
1 14468 14468
0 0 16223
0 0 14090
0 0 1018
0 0 2309
0 0 3874
0 0 521
1 23676 23676
0 0 12284
0 0 7716
1 27010 27010
0 0 160
-1
-1
1 27295 27295
-1
1 23094 23094
0 0 6389
0 0 4861
-1
0 0 738
-1
0 0 6781
1 30140 30140
-1
1 17914 17914
0 0 4651
1 6905 6905
1 26943 26943
-1
-1
0 0 3933
-1
1 14852 14852
-1
1 31209 31209
0 0 1015
1 27113 27113
1 6211 6211
-1
-1
0 0 7534
-1
-1
-1
1 3289 3289
0 0 5617
-1
1 14938 14938
0 0 14409
1 12797 12797
-1
0 0 9832
-1
-1
1 22266 22266
-1
0 0 1851
1 22882 22882
-1
-1
1 5639 5639
0 0 13977
0 0 7189
0 0 9647
-1
0 0 4820
0 0 10121
1 7346 7346
1 32102 32102
0 0 14987
-1
0 0 7169
1 26705 26705
1 18215 18215
-1
-1
1 1911 1911
-1
-1
0 0 9563
0 0 10644
0 0 444
1 31600 31600
1 21468 21468
1 23787 23787
0 0 24
1 27670 27670
-1
0 0 4602
1 17783 17783
0 0 10630
-1
0 0 7384
1 23834 23834
1 23943 23943
0 0 2518
-1
-1
0 0 3033
1 25238 25238
0 0 15998
1 24780 24780
-1
1 32194 32194
1 20711 20711
-1
-1
-1
1 14654 14654
-1
0 0 8801
-1
-1
-1
-1
-1
1 17446 17446
-1
0 0 9895
0 0 3078
0 0 6489
-1
-1
0 0 2391
-1
-1
-1
0 0 10698
1 12220 12220
-1
1 9223 9223
-1
1 19693 19693
1 24998 24998
0 0 14021
0 0 7124
-1
-1
1 13520 13520
1 16075 16075
-1
-1
0 0 10686
0 0 12938
1 13612 13612
1 12261 12261
-1
1 10993 10993
0 0 13037
-1
-1
0 0 7919
1 9971 9971
0 0 7650
-1
0 0 3193
-1
0 0 2545
-1
1 30035 30035
1 3015 3015
1 27440 27440
0 0 552
1 2746 2746
-1
0 0 7921
-1
0 0 4091
1 17528 17528
0 0 1729
1 16929 16929
-1
-1
0 0 13494
-1
0 0 8651
-1
-1
0 0 15938
1 8058 8058
0 0 804
1 11194 11194
0 0 2700
1 26425 26425
0 0 5754
0 0 4413
1 13343 13343
-1
1 11624 11624
1 1860 1860
1 26542 26542
1 9000 9000
1 18083 18083
-1
0 0 1127
-1
1 11993 11993
-1
-1
-1
0 0 5113
0 0 7995
0 0 9435
0 0 832
1 25611 25611
0 0 2840
1 13013 13013
1 31568 31568
-1
0 0 3742
-1
1 7427 7427
-1
0 0 98
0 0 13845
0 0 5933
-1
1 31038 31038
1 6384 6384
1 18344 18344
-1
-1
0 0 10144
1 18261 18261
1 7312 7312
-1
1 16836 16836
1 4699 4699
0 0 9386
-1
0 0 8012
-1
0 0 15302
1 16023 16023
1 11219 11219
1 29251 29251
-1
1 20070 20070
1 21494 21494
0 0 2880
1 14337 14337
0 0 14321
1 638 638
0 0 10981
1 5200 5200
-1
1 28760 28760
-1
1 24379 24379
-1
-1
0 0 6733
1 27728 27728
0 0 13984
1 19455 19455
0 0 1548
-1
0 0 8567
-1
-1
-1
1 30060 30060
1 1646 1646
0 0 15078
-1
-1
1 2227 2227
1 20725 20725
1 21068 21068
1 26703 26703
-1
0 0 12212
1 17280 17280
-1
0 0 12877
0 0 7689
-1
0 0 3344
-1
1 16114 16114
1 9217 9217
0 0 14322
0 0 5473
-1
0 0 15289
-1
1 1580 1580
-1
1 19102 19102
-1
-1
1 2937 2937
0 0 9035
1 32182 32182
-1
-1
1 19496 19496
0 0 4781
1 16537 16537
0 0 618
1 22602 22602
1 31276 31276
1 8799 8799
-1
1 14512 14512
0 0 8750
1 23499 23499
-1
0 0 2078
1 27380 27380
-1
1 31977 31977
-1
-1
0 0 3105
1 1259 1259
1 9565 9565
1 9865 9865
0 0 13059
-1
0 0 11679
1 28725 28725
-1
1 10295 10295
-1
-1
1 2767 2767
1 22603 22603
0 0 5331
1 10363 10363
1 29637 29637
0 0 6162
1 17202 17202
-1
1 8232 8232
0 0 12718
0 0 6632
-1
1 22610 22610
0 0 3343
-1
-1
-1
0 0 8403
-1
0 0 2268
-1
-1
1 19026 19026
0 0 6405
0 0 2534
1 1137 1137
0 0 15352
0 0 3793
1 14121 14121
-1
0 0 5536
0 0 8761
-1
-1
1 9287 9287
1 13257 13257
1 629 629
1 13604 13604
0 0 929
1 7870 7870
-1
-1
1 4388 4388
-1
-1
0 0 6961
1 7181 7181
0 0 10770
-1
0 0 13238
-1
0 0 14137
1 32180 32180
-1
1 31375 31375
0 0 12943
0 0 15328
-1
0 0 3706
0 0 3060
-1
1 32081 32081
-1
1 20327 20327
0 0 7058
0 0 5426
-1
1 30081 30081
1 3307 3307
-1
1 22717 22717
-1
-1
0 0 11415
1 27880 27880
-1
-1
1 18727 18727
-1
-1
1 31413 31413
1 2168 2168
-1
1 20665 20665
0 0 6930
1 1847 1847
-1
0 0 6915
-1
-1
0 0 836
1 32076 32076
0 0 14733
1 6700 6700
1 6477 6477
1 26558 26558
0 0 8310
0 0 7030
1 25068 25068
-1
1 29542 29542
-1
0 0 5616
0 0 14095
0 0 2920
-1
0 0 4526
-1
-1
0 0 597
0 0 11490
1 1634 1634
0 0 1385
-1
1 6701 6701
-1
0 0 6493
0 0 16162
1 3558 3558
-1
0 0 8601
-1
1 12526 12526
0 0 5637
0 0 12578
1 12519 12519
-1
0 0 2524
0 0 9912
1 15900 15900
0 0 16056
0 0 2714
0 0 11027
1 29884 29884
0 0 6775
1 25979 25979
0 0 5927
0 0 2415
-1
1 17376 17376
-1
1 23340 23340
-1
0 0 4419
-1
0 0 12979
0 0 9117
-1
0 0 6618
-1
0 0 11456
-1
1 15150 15150
-1
-1
-1
0 0 1009
1 21441 21441
-1
0 0 3274
1 21745 21745
1 31283 31283
1 26389 26389
-1
-1
0 0 7036
1 26660 26660
1 6731 6731
-1
-1
1 20827 20827
1 15711 15711
-1
-1
-1
1 13229 13229
-1
1 5577 5577
1 136 136
-1
0 0 7338
0 0 9638
0 0 177
-1
-1
1 5502 5502
-1
-1
1 13366 13366
-1
0 0 10543
0 0 16330
0 0 2008
1 25969 25969
0 0 13710
1 31123 31123
1 20855 20855
-1
0 0 15585
-1
-1
-1
1 16740 16740
1 9177 9177
1 16760 16760
0 0 12567
1 5699 5699
-1
1 25946 25946
1 10867 10867
0 0 6443
0 0 14113
-1
1 26055 26055
1 22990 22990
0 0 4212
1 22766 22766
0 0 5738
0 0 10179
0 0 12148
-1
-1
0 0 3275
-1
1 30188 30188
1 14870 14870
-1
-1
1 27271 27271
1 11390 11390
-1
1 21829 21829
1 14358 14358
1 5123 5123
0 0 16015
1 13710 13710
-1
0 0 7064
-1
-1
-1
0 0 16081
-1
-1
1 4997 4997
1 4241 4241
-1
0 0 6744
1 3890 3890
-1
-1
1 24979 24979
-1
1 31627 31627
1 27815 27815
0 0 8832
0 0 8178
-1
1 13133 13133
1 5280 5280
0 0 110
0 0 12836
-1
0 0 9207
1 27976 27976
0 0 3305
1 8394 8394
1 28863 28863
1 6788 6788
0 0 14359
-1
1 25525 25525
1 5981 5981
0 0 5325
-1
-1
1 10389 10389
1 3562 3562
-1
0 0 13797
1 21859 21859
-1
1 19950 19950
1 17626 17626
1 17392 17392
1 1379 1379
0 0 14313
1 28907 28907
1 26075 26075
1 18582 18582
1 20471 20471
-1
1 29879 29879
-1
1 12184 12184
-1
0 0 8004
1 32283 32283
-1
0 0 2517
1 16970 16970
0 0 8119
0 0 2338
1 18281 18281
0 0 3637
0 0 1101
-1
1 18655 18655
-1
1 24595 24595
1 4297 4297
1 31866 31866
1 5057 5057
1 1631 1631
-1
0 0 13181
1 11673 11673
1 13977 13977
0 0 939
0 0 2812
-1
0 0 7032
1 14339 14339
1 22617 22617
-1
0 0 7316
0 0 8878
-1
1 13333 13333
1 2841 2841
0 0 10362
-1
0 0 2290
1 5932 5932
-1
0 0 12208
1 18900 18900
1 13537 13537
-1
0 0 11327
0 0 4594
0 0 9381
0 0 15085
0 0 11902
0 0 14662
-1
1 13722 13722
1 26168 26168
-1
-1
1 22387 22387
-1
1 26304 26304
0 0 15321
1 30639 30639
-1
1 13820 13820
-1
-1
1 16288 16288
0 0 2839
-1
1 22003 22003
0 0 9434
1 14741 14741
1 10665 10665
-1
0 0 2285
-1
0 0 1111
1 1974 1974
1 28138 28138
1 19108 19108
1 19410 19410
-1
0 0 8648
1 23045 23045
0 0 3181
1 24457 24457
-1
1 22793 22793
-1
-1
-1
1 29230 29230
-1
0 0 11679
-1
1 998 998
-1
0 0 2064
-1
-1
1 2108 2108
1 13284 13284
0 0 3241
0 0 5325
0 0 13459
1 138 138
-1
-1
0 0 3874
0 0 14054
-1
-1
-1
-1
1 9849 9849
0 0 14645
0 0 2622
1 26762 26762
1 13572 13572
0 0 15785
0 0 5756
-1
1 23156 23156
1 15002 15002
0 0 3254
-1
0 0 7626
1 12373 12373
-1
0 0 14032
0 0 10624
-1
0 0 9840
0 0 9090
1 18859 18859
0 0 2331
0 0 1009
-1
1 8025 8025
0 0 15201
0 0 10224
1 16933 16933
0 0 4497
-1
1 26062 26062
0 0 7266
0 0 7674
0 0 4607
0 0 10842
0 0 9838
-1
1 9807 9807
1 12843 12843
1 17890 17890
1 8847 8847
1 30786 30786
1 12005 12005
1 32509 32509
-1
0 0 11717
1 30499 30499
0 0 9669
0 0 11535
1 23117 23117
-1
-1
1 22784 22784
1 25510 25510
0 0 15374
1 20588 20588
-1
-1
0 0 7137
0 0 14463
-1
1 9795 9795
-1
0 0 14141
-1
-1
0 0 8673
-1
0 0 4510
-1
1 14846 14846
1 25317 25317
1 17164 17164
-1
-1
-1
1 22462 22462
-1
0 0 6139
1 7709 7709
1 15663 15663
1 16669 16669
0 0 10951
1 15836 15836
1 1423 1423
-1
0 0 13835
-1
-1
0 0 3471
0 0 6167
1 9881 9881
1 23176 23176
-1
1 16391 16391
1 2809 2809
-1
-1
0 0 1524
1 22645 22645
0 0 15584
-1
-1
0 0 5856
1 16941 16941
0 0 14885
1 1610 1610
1 1346 1346
1 2964 2964
1 28484 28484
-1
-1
1 21107 21107
1 15801 15801
1 28185 28185
1 6674 6674
1 19866 19866
1 16902 16902
0 0 11016
1 12083 12083
1 5807 5807
-1
1 21344 21344
1 20276 20276
1 8875 8875
1 12625 12625
1 8922 8922
0 0 12609
0 0 1326
1 8776 8776
1 5991 5991
-1
0 0 4465
0 0 7939
1 23169 23169
-1
1 26162 26162
1 25388 25388
1 31928 31928
0 0 10747
-1
1 22600 22600
-1
0 0 6430
1 12330 12330
1 6243 6243
0 0 7053
0 0 3644
-1
-1
-1
-1
0 0 9662
0 0 13175
-1
1 5905 5905
-1
-1
-1
0 0 1193
0 0 1106
1 19217 19217
-1
0 0 12841
0 0 15982
0 0 5933
-1
-1
-1
0 0 5156
1 23885 23885
-1
1 26114 26114
1 16658 16658
1 18448 18448
1 7244 7244
-1
0 0 11437
0 0 15721
-1
-1
0 0 9053
1 5378 5378
0 0 8047
-1
0 0 8225
0 0 8589
1 27248 27248
-1
0 0 3450
0 0 12183
1 21422 21422
0 0 1120
0 0 11043
-1
0 0 3197
0 0 4858
1 30881 30881
1 8321 8321
0 0 9717
0 0 15090
-1
1 25161 25161
1 1475 1475
-1
0 0 1264
0 0 7697
1 19459 19459
-1
0 0 9327
-1
0 0 8813
1 31006 31006
1 30741 30741
-1
-1
-1
0 0 3610
-1
-1
0 0 3053
1 31711 31711
1 32048 32048
-1
0 0 8312
-1
0 0 6710
-1
1 31846 31846
-1
1 1840 1840
1 14506 14506
0 0 5897
-1
0 0 758
1 16731 16731
1 8988 8988
0 0 10618
-1
0 0 15058
0 0 3393
0 0 14231
1 23402 23402
-1
0 0 3786
1 29637 29637
0 0 9079
-1
-1
1 21251 21251
-1
-1
0 0 4437
1 25902 25902
-1
0 0 12800
-1
0 0 14972
0 0 14819
1 19712 19712
1 7795 7795
1 7185 7185
0 0 3839
-1
1 9251 9251
0 0 14281
1 631 631
-1
0 0 8485
-1
-1
0 0 1719
0 0 15427
1 5262 5262
0 0 9828
0 0 3200
0 0 2660
1 27146 27146
1 28837 28837
-1
0 0 11754
-1
1 7111 7111
1 9234 9234
-1
1 22306 22306
1 1056 1056
-1
0 0 14660
-1
-1
-1
0 0 13614
0 0 10972
-1
0 0 4059
1 24152 24152
1 16420 16420
-1
0 0 7575
-1
-1
0 0 7673
0 0 9168
1 20030 20030
1 16698 16698
0 0 12527
-1
0 0 11899
0 0 9618
1 32218 32218
-1
1 3699 3699
-1
0 0 13170
-1
0 0 438
0 0 2301
-1
1 13686 13686
-1
1 16481 16481
-1
0 0 6949
0 0 16176
-1
1 25849 25849
0 0 4417
-1
1 16436 16436
1 12098 12098
0 0 10485
1 26921 26921
-1
-1
0 0 3135
1 12776 12776
0 0 7865
0 0 4725
-1
0 0 6704
-1
-1
0 0 6539
0 0 4938
-1
1 5257 5257
1 1178 1178
1 13791 13791
1 5626 5626
1 4941 4941
0 0 12447
-1
1 21369 21369
1 8803 8803
0 0 11972
0 0 7263
0 0 13587
1 31141 31141
1 29993 29993
0 0 15381
-1
-1
-1
1 3417 3417
1 16123 16123
0 0 2047
-1
-1
-1
-1
1 8106 8106
1 6469 6469
-1
-1
0 0 13216
-1
-1
-1
1 32319 32319
1 26461 26461
-1
1 27546 27546
0 0 13577
1 3516 3516
-1
0 0 7373
0 0 7020
0 0 7132
-1
-1
1 15335 15335
-1
-1
0 0 7508
1 12359 12359
0 0 2010
0 0 5781
-1
1 3890 3890
0 0 7691
-1
1 7659 7659
0 0 9805
1 18917 18917
0 0 2297
0 0 6266
0 0 11474
1 24673 24673
1 18628 18628
1 16488 16488
-1
0 0 4883
0 0 7475
0 0 7771
-1
1 2463 2463
-1
0 0 2100
0 0 7997
1 22927 22927
0 0 5685
-1
0 0 11647
-1
1 20436 20436
1 7544 7544
0 0 10291
0 0 3901
1 7453 7453
-1
0 0 11973
-1
-1
0 0 5167
-1
1 17536 17536
1 225 225
-1
0 0 1856
-1
0 0 12033
-1
-1
0 0 8253
1 6997 6997
-1
0 0 4585
-1
-1
-1
-1
-1
-1
0 0 2994
-1
1 23087 23087
0 0 8236
0 0 15191
-1
-1
0 0 14219
1 14675 14675
1 5004 5004
0 0 9353
1 11997 11997
0 0 1252
-1
-1
0 0 9714
-1
0 0 9483
0 0 7581
-1
0 0 14514
0 0 12764
1 17561 17561
0 0 9012
0 0 2351
-1
-1
0 0 7374
0 0 13030
1 2480 2480
-1
-1
0 0 16134
-1
0 0 6203
-1
1 16524 16524
1 12233 12233
-1
1 17237 17237
0 0 8998
1 25975 25975
-1
0 0 6732
0 0 1588
-1
-1
-1
0 0 14916
1 4262 4262
0 0 1622
1 11927 11927
-1
1 27619 27619
1 195 195
0 0 15857
-1
-1
1 19771 19771
0 0 8555
1 30946 30946
1 1477 1477
0 0 16217
0 0 13584
0 0 4970
-1
0 0 15185
-1
0 0 6824
1 18317 18317
0 0 4584
0 0 15628
0 0 13819
0 0 9157
-1
-1
0 0 7488
1 18250 18250
-1
-1
0 0 7324
0 0 4919
0 0 13456
-1
-1
1 9807 9807
-1
-1
0 0 4897
0 0 1852
1 24042 24042
-1
1 29838 29838
1 8491 8491
1 23158 23158
0 0 8504
-1
-1
-1
1 26455 26455
0 0 10142
1 8113 8113
0 0 6498
0 0 6608
1 19601 19601
1 28168 28168
-1
-1
1 24145 24145
1 17649 17649
1 12221 12221
-1
1 29544 29544
1 4015 4015
-1
1 5024 5024
-1
1 32572 32572
1 6714 6714
1 18180 18180
1 13611 13611
1 11970 11970
0 0 15798
0 0 10889
-1
1 6179 6179
1 28756 28756
1 14264 14264
1 18371 18371
1 22642 22642
1 11171 11171
1 19537 19537
-1
-1
0 0 15025
-1
0 0 9516
-1
1 13170 13170
1 11546 11546
0 0 268
1 13385 13385
-1
0 0 2789
-1
0 0 2133
1 7189 7189
0 0 14648
1 10932 10932
-1
-1
0 0 3734
0 0 1329
0 0 15594
-1
-1
1 3756 3756
1 26348 26348
1 7821 7821
0 0 3354
1 9321 9321
1 17121 17121
1 26360 26360
0 0 11652
-1
-1
1 6637 6637
0 0 14337
-1
-1
1 15850 15850
-1
1 28694 28694
1 12691 12691
-1
-1
1 20804 20804
1 11678 11678
0 0 16265
-1
-1
0 0 16077
1 32478 32478
1 32442 32442
0 0 13333
1 17394 17394
-1
1 24068 24068
0 0 8399
1 18886 18886
0 0 432
1 31269 31269
1 3118 3118
-1
1 11056 11056
0 0 1502
-1
-1
1 3746 3746
0 0 14765
-1
0 0 9019
0 0 14954
0 0 772
-1
1 6413 6413
-1
1 10686 10686
1 6513 6513
-1
-1
1 16873 16873
0 0 11139
1 15243 15243
-1
1 27629 27629
1 20673 20673
1 8535 8535
0 0 16309
1 2976 2976
1 1575 1575
-1
-1
1 10187 10187
1 20819 20819
1 15948 15948
1 32395 32395
-1
-1
1 14608 14608
1 451 451
1 31353 31353
1 2382 2382
0 0 1165
0 0 5945
1 3539 3539
0 0 2524
0 0 892
0 0 5975
0 0 8235
1 8221 8221
1 3186 3186
1 22362 22362
-1
-1
0 0 9342
1 8367 8367
0 0 4739
-1
-1
-1
0 0 4053
0 0 9027
-1
1 10716 10716
-1
1 1558 1558
1 22471 22471
-1
1 29725 29725
1 13540 13540
0 0 1389
1 24974 24974
-1
1 21076 21076
1 21861 21861
0 0 130
0 0 9237
1 7644 7644
0 0 11211
0 0 6703
1 13573 13573
-1
-1
1 22819 22819
-1
-1
1 21041 21041
-1
1 10819 10819
0 0 1454
-1
1 31261 31261
0 0 304
1 11519 11519
-1
1 26626 26626
0 0 13980
-1
-1
-1
1 23625 23625
0 0 6782
1 9863 9863
1 23621 23621
0 0 10882
-1
1 24474 24474
0 0 8549
0 0 7848
-1
1 10021 10021
0 0 6469
-1
0 0 14585
0 0 10005
1 12718 12718
-1
0 0 10717
1 17254 17254
1 29101 29101
-1
0 0 4336
1 14272 14272
-1
1 23557 23557
1 9165 9165
1 4826 4826
-1
-1
0 0 9149
0 0 7108
0 0 10489
0 0 9145
0 0 6397
1 6228 6228
0 0 12307
0 0 5241
1 8172 8172
0 0 3580
0 0 1281
-1
-1
0 0 10482
0 0 13241
-1
-1
1 30397 30397
0 0 9118
-1
0 0 13442
-1
-1
-1
1 19508 19508
0 0 5733
-1
0 0 2667
-1
0 0 4325
1 20832 20832
-1
-1
-1
-1
0 0 14060
0 0 4880
0 0 5697
0 0 3514
1 421 421
0 0 5248
-1
0 0 5750
-1
-1
1 29717 29717
0 0 10410
0 0 13576
1 22725 22725
1 5321 5321
0 0 8199
1 7255 7255
0 0 5451
-1
0 0 12780
-1
1 19607 19607
0 0 11567
0 0 4509
1 21780 21780
0 0 5560
-1
-1
-1
1 25182 25182
-1
1 23846 23846
0 0 9182
1 19373 19373
-1
0 0 15926
0 0 8110
1 24898 24898
1 15408 15408
1 16844 16844
0 0 2056
0 0 13962
-1
-1
-1
-1
-1
0 0 306
1 4370 4370
1 29358 29358
-1
0 0 6783
0 0 16087
1 9545 9545
1 21692 21692
0 0 7861
0 0 640
0 0 10338
-1
1 11051 11051
-1
1 5886 5886
-1
1 3733 3733
0 0 1711
0 0 3696
0 0 5762
1 12625 12625
-1
0 0 13690
1 18570 18570
1 7902 7902
-1
1 7628 7628
0 0 10213
0 0 16005
0 0 3126
1 26261 26261
1 588 588
-1
0 0 8916
-1
0 0 9890
-1
-1
0 0 3141
-1
0 0 8567
1 19673 19673
0 0 6072
0 0 14465
0 0 748
1 15404 15404
-1
-1
1 31463 31463
0 0 7038
1 21501 21501
0 0 14571
0 0 5168
0 0 5486
0 0 5162
1 22541 22541
-1
1 6611 6611
1 29948 29948
1 464 464
0 0 15791
0 0 7021
0 0 4318
-1
0 0 7756
1 21086 21086
1 16246 16246
1 24128 24128
-1
1 5828 5828
1 10395 10395
0 0 8297
1 27140 27140
1 5344 5344
-1
-1
1 26467 26467
1 8316 8316
1 10715 10715
-1
-1
-1
1 27456 27456
-1
-1
1 22820 22820
1 15269 15269
0 0 3964
1 19099 19099
-1
-1
1 7237 7237
-1
0 0 654
1 11618 11618
0 0 7258
-1
1 3953 3953
0 0 7250
0 0 4190
-1
1 14342 14342
0 0 3037
-1
1 10478 10478
-1
1 462 462
-1
0 0 14084
1 25794 25794
1 27801 27801
0 0 14231
0 0 11930
1 22321 22321
-1
-1
-1
0 0 14008
0 0 914
1 4494 4494
0 0 739
0 0 2661
0 0 16352
-1
1 16440 16440
0 0 6586
0 0 7651
-1
1 10203 10203
0 0 2704
0 0 4269
0 0 8317
0 0 4932
1 10094 10094
1 26666 26666
1 4877 4877
1 13804 13804
0 0 826
-1
0 0 8843
0 0 15364
1 22845 22845
0 0 411
0 0 7590
-1
-1
-1
0 0 4810
-1
-1
0 0 5769
1 25613 25613
1 25125 25125
1 2394 2394
1 2005 2005
0 0 7618
-1
1 12835 12835
0 0 8086
0 0 11520
1 6017 6017
0 0 7638
1 5079 5079
0 0 5532
0 0 15027
0 0 4765
1 23592 23592
0 0 16012
1 1852 1852
-1
-1
0 0 14880
1 9123 9123
1 3629 3629
0 0 16377
1 20612 20612
1 13841 13841
-1
0 0 15418
-1
-1
1 2331 2331
-1
-1
0 0 15099
0 0 8571
1 24418 24418
0 0 7271
1 28415 28415
-1
-1
1 9565 9565
0 0 15124
-1
-1
1 3000 3000
0 0 14152
0 0 6358
0 0 15099
-1
0 0 10640
1 7102 7102
0 0 13780
-1
1 20250 20250
-1
0 0 6790
-1
1 9875 9875
-1
1 22228 22228
0 0 12498
1 28405 28405
1 4344 4344
0 0 10399
-1
0 0 3006
0 0 9456
-1
-1
1 16827 16827
0 0 4287
1 11763 11763
-1
0 0 13579
0 0 1583
1 16166 16166
1 20154 20154
1 24645 24645
0 0 1666
0 0 15337
-1
0 0 2027
1 16486 16486
-1
1 14534 14534
0 0 3158
-1
-1
1 10047 10047
0 0 7100
1 12921 12921
0 0 7245
0 0 10559
0 0 16164
1 32730 32730
0 0 10749
0 0 12992
-1
1 26199 26199
0 0 13040
-1
0 0 15577
-1
0 0 7914
-1
-1
1 9987 9987
0 0 13884
0 0 4158
0 0 11362
1 14209 14209
-1
0 0 14585
-1
1 5820 5820
1 26798 26798
1 1698 1698
-1
-1
-1
-1
-1
0 0 8066
0 0 3076
-1
0 0 10691
-1
0 0 7443
0 0 8466
1 7329 7329
0 0 4174
0 0 13481
-1
-1
1 21806 21806
0 0 1499
1 25930 25930
0 0 13660
0 0 8642
1 3219 3219
1 27968 27968
-1
0 0 14513
0 0 15965
-1
-1
-1
-1
1 11408 11408
-1
1 27523 27523
0 0 3725
1 5471 5471
1 4974 4974
-1
-1
-1
0 0 11895
-1
0 0 13057
-1
1 27840 27840
0 0 8311
0 0 12958
0 0 881
0 0 10537
-1
1 18904 18904
0 0 5125
0 0 503
0 0 15634
0 0 15578
-1
0 0 11156
0 0 7541
1 17477 17477
1 17052 17052
-1
-1
0 0 10632
-1
1 6277 6277
-1
0 0 13594
-1
1 11006 11006
0 0 297
0 0 15470
-1
-1
1 14624 14624
-1
-1
0 0 4553
1 20365 20365
0 0 4590
0 0 12017
1 12157 12157
-1
-1
1 4933 4933
-1
0 0 4496
-1
0 0 13413
-1
1 21591 21591
-1
-1
0 0 13305
-1
0 0 8562
1 12704 12704
-1
1 9069 9069
-1
1 15588 15588
-1
1 27029 27029
0 0 5984
1 28979 28979
0 0 673
1 1687 1687
0 0 11235
-1
0 0 11180
0 0 2652
-1
-1
-1
1 18229 18229
1 8151 8151
1 27449 27449
1 10083 10083
1 22201 22201
-1
1 12306 12306
0 0 11739
0 0 7924
0 0 5220
1 363 363
-1
1 17880 17880
-1
-1
0 0 14191
-1
0 0 2241
0 0 9318
0 0 1603
0 0 12234
0 0 9637
1 11507 11507
0 0 8279
1 23635 23635
0 0 4375
0 0 14696
0 0 12072
1 6322 6322
-1
1 7221 7221
-1
0 0 2246
0 0 11802
1 13350 13350
-1
1 27952 27952
-1
-1
0 0 1528
1 14303 14303
-1
0 0 10848
1 7029 7029
-1
0 0 13706
-1
-1
1 25644 25644
0 0 10268
-1
0 0 4480
1 23699 23699
0 0 1119
0 0 362
-1
0 0 3402
-1
1 5058 5058
0 0 10078
-1
0 0 2885
1 31753 31753
0 0 6830
1 24185 24185
1 20947 20947
1 12877 12877
1 30182 30182
-1
1 32130 32130
-1
0 0 11321
-1
-1
-1
-1
1 32245 32245
-1
0 0 10236
-1
1 30844 30844
0 0 11431
1 1577 1577
1 17820 17820
0 0 3174
1 24919 24919
-1
-1
-1
0 0 8871
-1
-1
-1
1 18056 18056
-1
0 0 121
0 0 3870
-1
-1
0 0 14966
0 0 12762
1 30087 30087
-1
0 0 1985
-1
1 14047 14047
0 0 9283
-1
0 0 2948
-1
1 30607 30607
-1
-1
0 0 8065
1 16413 16413
-1
-1
-1
-1
-1
0 0 2260
1 8836 8836
1 18722 18722
-1
0 0 6135
-1
-1
1 9156 9156
1 275 275
-1
0 0 4002
1 8565 8565
1 13380 13380
1 6164 6164
0 0 16350
-1
0 0 9554
-1
1 20856 20856
1 32424 32424
-1
-1
0 0 3707
-1
1 23099 23099
0 0 10699
1 20971 20971
0 0 1055
-1
0 0 1664
0 0 11744
0 0 69
1 19193 19193
1 29994 29994
1 1552 1552
1 14133 14133
-1
1 21161 21161
-1
1 7184 7184
1 30528 30528
1 16552 16552
1 22167 22167
-1
-1
1 32616 32616
1 23947 23947
-1
-1
0 0 2653
1 16242 16242
0 0 1455
0 0 9786
0 0 7747
-1
-1
0 0 1045
1 10570 10570
1 24530 24530
1 29893 29893
1 15213 15213
1 5265 5265
-1
1 11341 11341
-1
-1
1 2599 2599
0 0 5623
0 0 15788
-1
1 10308 10308
0 0 5132
0 0 6272
-1
1 21538 21538
-1
0 0 7324
1 1475 1475
0 0 8781
1 627 627
1 22625 22625
1 9151 9151
-1
-1
0 0 15527
-1
-1
1 4215 4215
0 0 1255
0 0 2350
0 0 9993
-1
-1
-1
0 0 12918
0 0 5694
-1
0 0 8673
0 0 1235
1 14682 14682
-1
1 18599 18599
-1
1 17948 17948
1 7833 7833
0 0 11182
-1
1 30373 30373
-1
-1
-1
0 0 14615
-1
0 0 6889
-1
-1
-1
-1
0 0 3401
-1
1 28520 28520
1 8462 8462
-1
-1
-1
-1
1 22742 22742
1 28501 28501
1 12556 12556
-1
0 0 15464
-1
-1
1 11513 11513
1 30729 30729
-1
-1
1 17334 17334
1 29413 29413
-1
1 20387 20387
0 0 3143
0 0 4029
0 0 2523
0 0 14041
1 19766 19766
1 29209 29209
0 0 13820
-1
0 0 697
0 0 2270
-1
0 0 1179
1 10143 10143
-1
0 0 14614
-1
-1
1 15520 15520
1 8986 8986
1 20979 20979
-1
0 0 1521
0 0 7078
1 27483 27483
0 0 15681
0 0 9371
1 28948 28948
1 5703 5703
1 18703 18703
-1
0 0 4810
-1
0 0 3264
0 0 5607
1 13641 13641
0 0 14826
-1
0 0 8028
0 0 10814
1 27502 27502
-1
1 13306 13306
-1
-1
0 0 7207
0 0 692
1 6335 6335
1 7707 7707
1 25303 25303
1 7308 7308
-1
0 0 11951
-1
0 0 7055
1 5203 5203
0 0 11238
-1
-1
0 0 7492
1 16605 16605
-1
-1
0 0 9017
-1
-1
1 29282 29282
1 25895 25895
1 3226 3226
-1
1 21921 21921
0 0 3530
-1
0 0 7425
0 0 16068
1 24317 24317
0 0 11578
0 0 4783
0 0 12231
0 0 16058
-1
-1
1 17624 17624
0 0 11059
-1
0 0 662
-1
0 0 12678
1 5514 5514
-1
0 0 1457
-1
0 0 12324
-1
0 0 7419
-1
1 8797 8797
0 0 9948
0 0 12219
0 0 14536
-1
0 0 1245
1 2835 2835
-1
1 22778 22778
0 0 951
0 0 5460
-1
-1
-1
0 0 10150
-1
0 0 10992
0 0 10227
0 0 8419
0 0 14646
-1
1 19677 19677
1 26387 26387
0 0 7388
-1
1 233 233
-1
0 0 5714
1 9419 9419
-1
-1
-1
1 14549 14549
0 0 15039
-1
0 0 13410
1 14102 14102
-1
1 29518 29518
0 0 12095
-1
1 6641 6641
0 0 7116
-1
-1
0 0 3789
0 0 7281
0 0 11558
-1
0 0 15844
-1
-1
1 320 320
1 7165 7165
1 5195 5195
0 0 14156
1 26093 26093
-1
-1
-1
0 0 16208
0 0 693
0 0 11034
1 22940 22940
1 21803 21803
1 13325 13325
-1
0 0 3202
0 0 1190
0 0 12357
0 0 12617
0 0 872
1 23867 23867
-1
-1
-1
0 0 2320
1 3400 3400
-1
-1
-1
-1
1 10886 10886
1 5756 5756
1 31041 31041
1 21708 21708
1 10924 10924
1 6124 6124
0 0 9353
-1
1 26102 26102
1 31917 31917
0 0 3846
-1
1 7818 7818
1 17670 17670
-1
0 0 12753
1 2110 2110
1 4238 4238
-1
-1
1 27936 27936
-1
1 21631 21631
0 0 15262
-1
0 0 10140
-1
-1
0 0 9551
0 0 7512
1 27446 27446
-1
1 28375 28375
1 15108 15108
1 32007 32007
1 6538 6538
0 0 12091
0 0 1529
1 7814 7814
1 11073 11073
-1
1 27530 27530
0 0 14759
1 29715 29715
-1
1 17075 17075
0 0 8247
1 7806 7806
-1
1 7589 7589
-1
-1
1 26423 26423
-1
1 14896 14896
1 22148 22148
-1
1 17259 17259
1 18611 18611
0 0 14208
1 31553 31553
0 0 14827
1 7245 7245
-1
0 0 7269
0 0 2588
0 0 13929
-1
0 0 4597
0 0 12405
-1
0 0 15398
0 0 10344
1 7331 7331
1 11941 11941
1 10086 10086
0 0 7280
0 0 7281
-1
0 0 8049
1 3892 3892
1 20102 20102
0 0 7014
-1
0 0 12939
-1
0 0 15175
1 9188 9188
1 7817 7817
1 4345 4345
-1
0 0 8901
0 0 7007
1 20641 20641
-1
1 18651 18651
0 0 10831
-1
0 0 13425
1 4052 4052
1 12102 12102
1 27928 27928
0 0 170
1 144 144
-1
0 0 1819
1 16464 16464
-1
1 21345 21345
-1
-1
0 0 12166
-1
-1
0 0 11404
0 0 8432
-1
-1
1 12763 12763
0 0 9421
1 4688 4688
-1
1 6170 6170
-1
1 8531 8531
1 5966 5966
0 0 6009
1 1729 1729
-1
-1
-1
0 0 8944
0 0 14950
-1
1 24366 24366
1 20042 20042
0 0 2999
-1
0 0 11336
0 0 8357
0 0 13198
-1
0 0 9671
1 22847 22847
0 0 2839
1 5290 5290
1 4104 4104
1 2588 2588
-1
-1
-1
0 0 14580
-1
1 28967 28967
1 31166 31166
-1
-1
1 19999 19999
1 16642 16642
0 0 487
1 29418 29418
0 0 13611
0 0 9065
1 4316 4316
0 0 5214
-1
1 20566 20566
-1
-1
1 27600 27600
-1
-1
1 30799 30799
0 0 5764
-1
0 0 9180
1 28750 28750
1 1645 1645
0 0 3567
-1
0 0 16375
0 0 14662
-1
0 0 903
0 0 10504
0 0 35
1 598 598
-1
-1
-1
-1
0 0 15650
-1
1 25783 25783
-1
0 0 10627
1 16212 16212
-1
-1
0 0 4498
0 0 3560
1 5205 5205
1 7635 7635
1 22828 22828
-1
1 965 965
0 0 6747
-1
1 32558 32558
-1
0 0 15980
1 30465 30465
1 22388 22388
1 4901 4901
0 0 6119
-1
1 22156 22156
0 0 12513
-1
-1
1 9772 9772
1 25897 25897
1 20439 20439
-1
-1
0 0 15745
-1
-1
1 27862 27862
1 17100 17100
0 0 9927
1 32453 32453
0 0 8678
1 30294 30294
-1
0 0 11517
-1
-1
-1
0 0 5440
-1
-1
1 29496 29496
0 0 12309
-1
1 26384 26384
1 31056 31056
0 0 12399
-1
1 13273 13273
1 2408 2408
-1
-1
1 4580 4580
0 0 16014
0 0 15922
0 0 3163
-1
0 0 15105
0 0 756
-1
1 12473 12473
0 0 5391
0 0 9326
0 0 8188
1 20498 20498
-1
-1
-1
0 0 8037
0 0 16041
0 0 2472
0 0 5657
0 0 189
-1
1 11811 11811
-1
-1
-1
1 14857 14857
0 0 11003
-1
-1
-1
0 0 14013
0 0 9184
1 20129 20129
-1
1 24849 24849
1 29788 29788
1 24818 24818
1 31521 31521
-1
-1
0 0 7549
1 19371 19371
1 11415 11415
0 0 4068
-1
0 0 8268
1 14554 14554
1 12177 12177
0 0 9478
0 0 11443
1 25303 25303
0 0 7669
-1
-1
-1
1 16865 16865
-1
1 10507 10507
1 2404 2404
0 0 12651
-1
0 0 6753
-1
1 19714 19714
0 0 7761
0 0 12176
0 0 2183
0 0 14837
-1
-1
0 0 9385
1 6381 6381
0 0 9266
1 4465 4465
1 26086 26086
0 0 4574
1 597 597
-1
0 0 7830
1 19163 19163
0 0 13234
0 0 11138
0 0 16286
0 0 1554
0 0 3228
1 16770 16770
1 23141 23141
0 0 15011
1 26595 26595
0 0 11282
1 28580 28580
1 15423 15423
-1
1 27464 27464
0 0 2967
-1
0 0 16304
-1
0 0 14966
0 0 9265
-1
-1
0 0 11900
1 32692 32692
-1
0 0 12855
0 0 1043
1 23082 23082
0 0 2005
1 4658 4658
-1
-1
-1
-1
-1
0 0 8246
-1
0 0 9652
-1
0 0 6783
0 0 8652
1 12694 12694
-1
-1
1 30217 30217
-1
-1
1 7853 7853
0 0 1933
-1
1 6379 6379
0 0 12291
-1
0 0 4722
-1
0 0 13047
1 14817 14817
1 20195 20195
1 28568 28568
-1
0 0 4810
-1
-1
0 0 11517
0 0 6774
0 0 4331
1 23116 23116
1 26366 26366
-1
-1
1 18197 18197
1 14154 14154
0 0 9278
1 24478 24478
0 0 715
0 0 1296
-1
1 13551 13551
-1
1 14232 14232
0 0 4618
0 0 3553
0 0 9382
-1
0 0 11699
-1
1 19715 19715
0 0 4333
0 0 14137
-1
1 14459 14459
-1
0 0 6698
0 0 12388
1 9465 9465
0 0 11559
-1
-1
0 0 6330
0 0 9997
-1
0 0 13681
1 10011 10011
0 0 14644
0 0 3942
1 19581 19581
1 28107 28107
-1
0 0 12236
1 11410 11410
1 20633 20633
0 0 7282
0 0 6981
1 3698 3698
-1
1 20945 20945
-1
-1
0 0 10482
1 18876 18876
0 0 8265
1 21297 21297
0 0 8071
1 23254 23254
-1
0 0 1609
0 0 3928
-1
1 10216 10216
0 0 8930
0 0 4015
0 0 513
0 0 3573
-1
0 0 16117
-1
1 11979 11979
1 8819 8819
1 31184 31184
-1
0 0 12552
-1
0 0 3298
-1
1 32445 32445
1 18120 18120
0 0 8216
-1
0 0 2271
-1
-1
-1
0 0 7231
1 16779 16779
1 8084 8084
1 18865 18865
-1
1 15965 15965
1 96 96
1 19392 19392
-1
1 25286 25286
1 4171 4171
-1
0 0 9018
-1
1 8130 8130
-1
-1
0 0 9696
0 0 13043
1 18529 18529
-1
0 0 11866
0 0 8836
-1
-1
-1
-1
1 15176 15176
-1
0 0 6507
0 0 15699
0 0 15147
1 7800 7800
1 28765 28765
0 0 6949
-1
1 22549 22549
-1
-1
0 0 9391
0 0 300
0 0 2663
0 0 6204
1 21813 21813
-1
0 0 11398
-1
-1
1 23758 23758
-1
-1
-1
-1
1 31158 31158
-1
0 0 5841
1 20827 20827
1 12651 12651
1 15259 15259
1 22661 22661
1 17966 17966
-1
-1
-1
-1
-1
-1
0 0 12652
-1
-1
0 0 9814
-1
-1
-1
0 0 13843
0 0 9855
1 8888 8888
1 22415 22415
0 0 10951
0 0 2579
0 0 1450
1 355 355
-1
0 0 11401
-1
1 29269 29269
0 0 2415
-1
0 0 1571
1 6199 6199
1 24994 24994
0 0 1846
0 0 3110
0 0 6197
0 0 13446
1 7615 7615
-1
1 30821 30821
0 0 7078
1 18853 18853
1 27477 27477
-1
-1
1 3492 3492
-1
0 0 12411
-1
1 19605 19605
0 0 2681
-1
0 0 10497
-1
1 5255 5255
0 0 4379
0 0 647
-1
-1
0 0 3178
1 15855 15855
0 0 15357
0 0 12023
0 0 5845
-1
1 2879 2879
1 31409 31409
1 11450 11450
-1
1 28448 28448
1 30517 30517
1 9757 9757
1 6679 6679
0 0 10870
1 1108 1108
1 28284 28284
-1
-1
0 0 15918
1 28566 28566
1 9990 9990
0 0 4378
1 8081 8081
-1
0 0 13632
-1
1 8359 8359
0 0 8112
1 19434 19434
1 7987 7987
1 328 328
-1
0 0 11788
0 0 5998
1 16019 16019
0 0 5634
-1
1 15678 15678
1 19867 19867
1 16314 16314
1 16150 16150
0 0 14586
1 26596 26596
-1
1 9234 9234
1 17135 17135
-1
1 12289 12289
0 0 2709
1 7414 7414
-1
-1
-1
-1
0 0 8554
-1
0 0 6563
1 5213 5213
0 0 3066
-1
1 24599 24599
-1
0 0 14368
1 30832 30832
1 20892 20892
1 14817 14817
0 0 13115
1 3463 3463
1 18430 18430
1 21159 21159
0 0 6308
1 2986 2986
-1
-1
-1
-1
-1
1 4590 4590
1 18003 18003
0 0 12931
1 16370 16370
1 26724 26724
0 0 9497
0 0 4245
0 0 4470
1 18584 18584
0 0 8063
1 31023 31023
-1
-1
1 8879 8879
0 0 11230
-1
1 3263 3263
1 2604 2604
-1
1 17080 17080
1 24393 24393
0 0 9963
-1
-1
0 0 7390
1 1533 1533
1 29384 29384
1 7878 7878
0 0 4731
-1
-1
1 24221 24221
0 0 19
-1
0 0 8165
1 28787 28787
-1
1 4713 4713
1 14495 14495
0 0 16368
1 30170 30170
1 5197 5197
0 0 7006
0 0 13144
0 0 15729
1 10519 10519
0 0 13238
1 8547 8547
-1
-1
1 10889 10889
-1
0 0 4778
-1
0 0 4480
-1
-1
-1
-1
0 0 15982
-1
-1
-1
-1
-1
1 29863 29863
0 0 6471
0 0 5494
1 1546 1546
1 9853 9853
-1
-1
0 0 6420
1 769 769
-1
-1
1 22017 22017
1 21356 21356
0 0 3642
-1
1 5048 5048
1 16358 16358
-1
1 26812 26812
-1
-1
1 2936 2936
1 32261 32261
0 0 15091
1 17269 17269
1 23443 23443
1 10779 10779
0 0 13410
1 9763 9763
1 17837 17837
0 0 9334
-1
0 0 4744
-1
1 13217 13217
0 0 12897
0 0 3927
0 0 13327
0 0 2694
1 3009 3009
0 0 1453
1 18375 18375
1 3646 3646
1 32436 32436
0 0 1271
1 8468 8468
-1
-1
1 15410 15410
1 16670 16670
1 9764 9764
1 27731 27731
0 0 14770
-1
-1
-1
1 11449 11449
0 0 12511
0 0 11617
-1
-1
-1
0 0 8015
-1
0 0 2216
-1
-1
-1
-1
-1
1 26053 26053
-1
0 0 14028
0 0 12257
1 14387 14387
1 27450 27450
0 0 14959
0 0 12229
0 0 9403
-1
-1
0 0 5084
1 28709 28709
0 0 7396
1 2874 2874
0 0 15758
-1
0 0 12767
1 2050 2050
0 0 1549
-1
0 0 14256
-1
-1
0 0 8833
0 0 1839
-1
0 0 10410
0 0 89
-1
0 0 11827
0 0 11869
1 24639 24639
-1
-1
0 0 8839
-1
-1
1 31866 31866
1 535 535
1 24267 24267
-1
0 0 9333
0 0 10008
0 0 5503
0 0 8304
-1
1 14026 14026
1 20088 20088
0 0 3190
-1
0 0 15986
-1
0 0 7597
-1
1 17819 17819
-1
0 0 16191
0 0 3879
-1
-1
1 19325 19325
-1
1 14995 14995
-1
1 5839 5839
0 0 99
1 14825 14825
-1
0 0 5216
1 18692 18692
0 0 14718
-1
0 0 6905
-1
-1
0 0 15737
0 0 9197
-1
0 0 5807
0 0 15173
0 0 15010
-1
1 5727 5727
1 19380 19380
1 27337 27337
0 0 13467
1 6531 6531
1 13533 13533
0 0 8622
-1
0 0 15242
1 31146 31146
0 0 6241
1 3478 3478
1 26739 26739
0 0 8634
-1
1 29236 29236
0 0 8265
1 16841 16841
-1
-1
0 0 11836
-1
0 0 10306
1 18297 18297
0 0 12768
1 17472 17472
0 0 10877
0 0 1044
-1
1 28416 28416
-1
1 18557 18557
1 31433 31433
-1
-1
0 0 10830
-1
-1
0 0 11674
-1
1 22804 22804
1 18748 18748
1 22346 22346
-1
-1
0 0 8793
1 30181 30181
1 16007 16007
-1
1 3171 3171
-1
1 4576 4576
-1
1 557 557
1 13619 13619
-1
-1
-1
-1
-1
0 0 14878
-1
0 0 3643
1 11867 11867
0 0 1584
-1
0 0 1663
1 24976 24976
0 0 11869
-1
-1
1 2251 2251
-1
-1
1 9558 9558
1 29754 29754
1 23882 23882
0 0 4184
1 10882 10882
1 26112 26112
1 19539 19539
0 0 2275
0 0 5884
1 7858 7858
1 566 566
-1
1 16956 16956
0 0 7405
-1
0 0 2547
-1
1 23161 23161
1 30984 30984
1 16909 16909
1 976 976
0 0 5055
-1
1 13399 13399
0 0 13859
1 6224 6224
-1
0 0 15882
-1
1 4425 4425
0 0 6984
0 0 12773
-1
0 0 10268
-1
1 17329 17329
-1
0 0 5231
1 5611 5611
0 0 4889
1 25778 25778
1 4465 4465
-1
-1
-1
0 0 16270
0 0 1457
1 8894 8894
0 0 4052
0 0 2367
1 8633 8633
0 0 14994
1 19285 19285
1 5159 5159
0 0 16
1 13280 13280
1 2050 2050
1 16670 16670
1 18637 18637
0 0 15344
0 0 8592
0 0 13230
-1
0 0 15268
-1
0 0 10537
1 3389 3389
-1
-1
-1
-1
-1
0 0 3455
0 0 10543
0 0 8872
1 19436 19436
1 3680 3680
-1
0 0 14379
1 15344 15344
1 981 981
1 13503 13503
-1
1 10655 10655
-1
1 5268 5268
1 26310 26310
-1
0 0 6968
-1
-1
-1
0 0 2739
1 31558 31558
0 0 8836
0 0 16287
1 15115 15115
1 21195 21195
1 21761 21761
1 20404 20404
1 18330 18330
-1
-1
1 3367 3367
1 18207 18207
0 0 1243
1 17281 17281
0 0 7164
-1
1 13055 13055
1 21738 21738
1 956 956
1 19811 19811
-1
1 2002 2002
0 0 13788
1 29665 29665
0 0 1156
0 0 462
-1
0 0 1769
-1
-1
0 0 1924
1 29158 29158
-1
-1
1 16367 16367
-1
-1
1 19021 19021
-1
-1
-1
-1
1 18479 18479
1 8018 8018
-1
1 30665 30665
-1
0 0 4984
0 0 272
0 0 1454
-1
0 0 330
-1
0 0 15581
-1
-1
0 0 2272
-1
0 0 4601
0 0 12851
-1
0 0 8564
-1
1 22242 22242
0 0 11980
0 0 2879
0 0 7884
0 0 15232
1 28627 28627
-1
0 0 9566
0 0 3868
-1
0 0 3952
0 0 12704
-1
1 15538 15538
1 19559 19559
-1
-1
1 8118 8118
1 9712 9712
-1
-1
1 2932 2932
0 0 15428
1 2515 2515
1 2074 2074
0 0 1918
1 10452 10452
1 29345 29345
0 0 10295
0 0 7916
0 0 12741
-1
-1
-1
-1
-1
-1
0 0 15985
-1
-1
-1
1 23266 23266
1 1284 1284
1 29339 29339
-1
1 18643 18643
-1
1 16901 16901
0 0 16119
1 23554 23554
-1
1 7477 7477
0 0 1137
0 0 1173
1 32382 32382
1 15954 15954
1 26168 26168
0 0 4224
-1
1 14264 14264
-1
0 0 3668
-1
1 10360 10360
1 29515 29515
-1
0 0 7800
1 16598 16598
1 9985 9985
-1
-1
0 0 2916
0 0 11009
-1
-1
1 19071 19071
1 3807 3807
0 0 13873
1 16299 16299
1 31447 31447
0 0 14907
1 18242 18242
-1
1 2533 2533
0 0 4927
1 19038 19038
0 0 8941
1 12657 12657
1 31232 31232
0 0 5124
0 0 229
0 0 13244
-1
1 24326 24326
0 0 6939
1 4778 4778
-1
-1
0 0 4821
1 3818 3818
1 4646 4646
-1
-1
0 0 233
-1
0 0 2177
0 0 732
0 0 16278
1 13791 13791
-1
1 29391 29391
1 32122 32122
-1
1 12728 12728
-1
1 6766 6766
1 18622 18622
-1
0 0 9327
1 12146 12146
0 0 14554
-1
1 12108 12108
0 0 6929
1 13243 13243
-1
0 0 7775
-1
-1
1 4923 4923
1 19041 19041
-1
1 32015 32015
1 323 323
1 5748 5748
-1
-1
-1
0 0 12901
1 25826 25826
-1
1 23239 23239
-1
-1
-1
-1
-1
1 29457 29457
0 0 6896
0 0 7199
-1
1 17557 17557
1 15252 15252
0 0 11028
1 8317 8317
0 0 3066
0 0 10760
1 28520 28520
-1
-1
-1
1 7929 7929
0 0 11948
-1
0 0 9981
0 0 3748
-1
1 32550 32550
-1
0 0 15963
0 0 14421
1 4066 4066
0 0 5644
1 13853 13853
0 0 12207
1 4403 4403
0 0 6041
1 1348 1348
0 0 943
1 30733 30733
0 0 14867
-1
1 10974 10974
0 0 7820
0 0 751
0 0 16096
-1
-1
0 0 7308
1 3565 3565
-1
1 488 488
-1
0 0 13638
0 0 10343
1 7680 7680
-1
1 31146 31146
1 5930 5930
-1
0 0 6287
0 0 4005
1 27547 27547
0 0 10805
1 10195 10195
-1
1 11592 11592
0 0 11620
0 0 8787
1 20186 20186
1 31213 31213
-1
0 0 9447
1 5906 5906
-1
0 0 4766
1 16084 16084
0 0 3502
0 0 2934
-1
1 30996 30996
0 0 6272
-1
0 0 2735
-1
1 9781 9781
0 0 11137
1 15738 15738
1 31452 31452
0 0 5973
-1
-1
-1
0 0 4096
1 22490 22490
1 18109 18109
1 417 417
0 0 16169
-1
1 24369 24369
0 0 14011
0 0 11346
-1
1 22545 22545
-1
1 30073 30073
-1
0 0 9377
1 5301 5301
1 20287 20287
1 8363 8363
1 31462 31462
1 27202 27202
-1
1 7687 7687
0 0 3300
1 24085 24085
1 16946 16946
0 0 12572
-1
1 25426 25426
1 5255 5255
1 22013 22013
0 0 6791
-1
0 0 8079
0 0 15316
0 0 7564
-1
0 0 15832
0 0 9681
-1
1 18402 18402
0 0 6514
1 7398 7398
0 0 7628
-1
-1
-1
-1
1 30145 30145
1 31143 31143
-1
1 13278 13278
1 8933 8933
0 0 13030
1 7012 7012
-1
0 0 83
1 28357 28357
0 0 4694
1 23962 23962
-1
-1
1 30289 30289
-1
0 0 1589
1 31969 31969
0 0 9891
0 0 8926
1 26741 26741
0 0 5405
1 12435 12435
-1
-1
1 11738 11738
-1
-1
-1
0 0 13502
1 32178 32178
-1
1 4152 4152
1 15060 15060
1 15479 15479
-1
1 31034 31034
0 0 9219
1 17015 17015
0 0 4918
1 23090 23090
-1
-1
0 0 4959
0 0 11203
-1
-1
0 0 3224
1 26864 26864
0 0 3268
0 0 3449
-1
0 0 4350
-1
0 0 3629
0 0 13288
1 19083 19083
-1
-1
0 0 12153
-1
-1
1 329 329
0 0 11150
-1
0 0 14723
0 0 10625
1 25417 25417
-1
-1
1 7554 7554
-1
-1
0 0 15701
0 0 11304
-1
0 0 14307
0 0 3814
1 15375 15375
0 0 4513
0 0 11808
0 0 2730
-1
0 0 6001
0 0 2379
0 0 15853
1 14648 14648
0 0 6398
1 28488 28488
0 0 882
-1
1 10055 10055
-1
-1
1 4743 4743
-1
0 0 13620
-1
0 0 11903
-1
0 0 3071
0 0 688
0 0 15202
1 2518 2518
0 0 13726
0 0 15678
0 0 14081
1 118 118
1 14793 14793
0 0 7375
0 0 11004
1 14422 14422
1 13468 13468
-1
0 0 13245
0 0 15089
-1
-1
0 0 14519
0 0 12829
1 16032 16032
1 17786 17786
1 6479 6479
0 0 11482
-1
0 0 13991
0 0 13782
0 0 13866
-1
-1
-1
-1
1 19693 19693
-1
-1
1 10932 10932
0 0 12189
1 19429 19429
-1
0 0 11459
-1
-1
0 0 9845
1 1195 1195
0 0 33
0 0 13743
-1
0 0 4630
1 12804 12804
1 13613 13613
0 0 14237
-1
1 5844 5844
0 0 13026
-1
0 0 11581
0 0 7843
0 0 2738
0 0 893
0 0 7281
1 5446 5446
0 0 13341
-1
0 0 2544
-1
-1
1 3311 3311
-1
1 820 820
-1
-1
-1
0 0 7692
0 0 9196
1 15139 15139
0 0 14913
0 0 1722
0 0 781
1 28479 28479
0 0 1791
-1
0 0 6829
1 7392 7392
0 0 6389
0 0 2833
1 30725 30725
0 0 2911
1 19929 19929
1 12042 12042
0 0 4603
-1
0 0 11144
-1
0 0 8065
1 17934 17934
1 12048 12048
1 12581 12581
-1
-1
0 0 11266
1 5480 5480
-1
0 0 7369
0 0 15531
-1
1 10947 10947
-1
-1
0 0 13625
-1
-1
1 18331 18331
-1
0 0 3098
0 0 4685
-1
1 6861 6861
1 19578 19578
1 7462 7462
0 0 3080
1 28784 28784
-1
0 0 5764
-1
1 721 721
0 0 5895
1 29766 29766
0 0 11796
-1
0 0 1372
-1
1 23800 23800
1 5144 5144
-1
0 0 16097
0 0 1097
0 0 2106
0 0 69
-1
1 12210 12210
-1
1 7235 7235
1 17473 17473
0 0 4768
1 27258 27258
1 1534 1534
1 28846 28846
-1
1 17170 17170
1 29540 29540
0 0 5590
0 0 11953
1 18361 18361
-1
0 0 13862
1 31059 31059
-1
0 0 2768
1 302 302
1 3947 3947
1 25130 25130
1 24847 24847
0 0 8326
0 0 2190
1 15747 15747
0 0 9004
1 2863 2863
1 23817 23817
1 20743 20743
-1
-1
-1
1 3278 3278
-1
1 6488 6488
0 0 7575
-1
1 26355 26355
0 0 5548
-1
0 0 13977
-1
0 0 2633
-1
1 15141 15141
-1
-1
0 0 10994
1 9481 9481
1 5623 5623
0 0 1923
-1
0 0 9100
1 22194 22194
-1
1 4272 4272
0 0 2036
-1
-1
0 0 15740
-1
1 9647 9647
0 0 13542
0 0 9715
1 11950 11950
1 29952 29952
0 0 15423
1 23975 23975
-1
0 0 12714
-1
0 0 9356
1 14191 14191
-1
0 0 13579
0 0 5417
-1
-1
1 9863 9863
1 13593 13593
-1
1 3923 3923
1 12 12
0 0 3253
1 4604 4604
1 13284 13284
-1
0 0 7163
-1
0 0 14793
1 2761 2761
1 9890 9890
0 0 7963
0 0 12999
1 30250 30250
-1
-1
1 29431 29431
1 25589 25589
-1
-1
0 0 12722
1 21874 21874
-1
-1
1 14690 14690
-1
-1
1 20328 20328
1 24300 24300
0 0 11007
-1
0 0 14070
0 0 4346
-1
1 6312 6312
-1
-1
0 0 10061
0 0 4503
0 0 13395
0 0 9095
1 8564 8564
0 0 12834
-1
-1
1 22350 22350
-1
0 0 11654
1 4691 4691
0 0 3837
0 0 11417
1 28068 28068
-1
0 0 11440
0 0 11084
1 25912 25912
1 19617 19617
0 0 12799
1 22182 22182
0 0 7775
0 0 6359
1 8031 8031
1 27748 27748
0 0 13888
0 0 5901
1 21671 21671
-1
0 0 14669
-1
1 25870 25870
0 0 5963
-1
-1
0 0 9519
0 0 15375
0 0 15673
1 31010 31010
1 26489 26489
1 27264 27264
-1
1 21332 21332
0 0 5223
-1
0 0 5727
0 0 10182
1 29929 29929
-1
1 17734 17734
0 0 8651
-1
-1
1 24376 24376
0 0 6743
-1
1 7420 7420
-1
-1
0 0 7773
1 20704 20704
-1
-1
-1
1 30321 30321
-1
-1
0 0 15332
1 26228 26228
1 28118 28118
0 0 7852
-1
0 0 6064
-1
0 0 15133
1 18099 18099
1 14819 14819
0 0 15318
0 0 9746
0 0 2339
1 15708 15708
1 15982 15982
0 0 5952
-1
0 0 559
0 0 16010
1 24619 24619
0 0 5226
-1
1 1320 1320
-1
0 0 2175
-1
1 13831 13831
-1
1 2651 2651
-1
0 0 10928
1 14340 14340
1 23538 23538
-1
-1
-1
1 15845 15845
-1
-1
1 31558 31558
-1
0 0 9572
1 1198 1198
1 28009 28009
0 0 11742
1 28888 28888
0 0 6009
-1
0 0 14561
1 7778 7778
-1
-1
0 0 3764
0 0 12967
1 15293 15293
0 0 5911
1 29617 29617
0 0 9182
1 3178 3178
-1
1 28084 28084
0 0 13884
1 30955 30955
1 31574 31574
0 0 13453
0 0 4548
1 32358 32358
-1
0 0 15443
-1
1 9556 9556
-1
-1
-1
0 0 9473
0 0 11725
-1
-1
0 0 6793
1 24883 24883
1 21059 21059
1 21885 21885
-1
0 0 10446
-1
1 21898 21898
1 24958 24958
1 25322 25322
1 18195 18195
1 1352 1352
-1
-1
0 0 10818
-1
0 0 7320
0 0 10654
0 0 10433
0 0 7524
0 0 5129
1 22187 22187
-1
0 0 3268
0 0 6145
1 27853 27853
1 26938 26938
1 21233 21233
-1
0 0 16253
0 0 11766
0 0 673
0 0 6022
0 0 1214
0 0 3985
-1
0 0 7359
1 18449 18449
-1
-1
-1
1 12907 12907
0 0 5810
1 7997 7997
1 4553 4553
0 0 9303
1 2316 2316
0 0 13218
-1
1 12281 12281
-1
-1
-1
-1
1 20606 20606
-1
-1
1 6601 6601
0 0 13549
-1
-1
1 32711 32711
1 10024 10024
0 0 3929
0 0 7569
-1
-1
1 27649 27649
-1
-1
-1
1 19301 19301
0 0 14784
1 31985 31985
-1
1 2524 2524
-1
1 2890 2890
1 5515 5515
1 17685 17685
-1
1 16842 16842
-1
0 0 14330
-1
-1
-1
0 0 5002
0 0 3231
1 10730 10730
1 2251 2251
0 0 10911
0 0 9529
1 17985 17985
0 0 9149
-1
-1
1 18735 18735
0 0 895
1 21480 21480
1 26613 26613
1 2482 2482
1 4935 4935
0 0 5314
1 31810 31810
1 25276 25276
0 0 15850
-1
-1
0 0 16345
0 0 8736
1 18646 18646
0 0 10865
-1
1 25782 25782
0 0 11056
0 0 6870
-1
0 0 3385
0 0 14110
0 0 10791
1 23920 23920
-1
0 0 1897
0 0 1994
1 31400 31400
0 0 5010
0 0 11939
-1
-1
-1
-1
1 11622 11622
1 1374 1374
0 0 11888
0 0 8802
1 11567 11567
-1
0 0 13370
0 0 12554
-1
1 28201 28201
-1
-1
0 0 15178
-1
1 12443 12443
1 13575 13575
1 27111 27111
1 2568 2568
0 0 10732
-1
0 0 13141
-1
-1
-1
0 0 3620
1 1340 1340
1 28774 28774
0 0 7540
1 14983 14983
1 7863 7863
0 0 7596
-1
0 0 11516
0 0 14756
1 3233 3233
1 26982 26982
-1
1 16674 16674
1 28930 28930
0 0 15383
1 11759 11759
1 24300 24300
1 29011 29011
1 29485 29485
1 11330 11330
1 22590 22590
0 0 2431
1 4133 4133
0 0 8242
0 0 11540
0 0 5186
-1
0 0 3912
0 0 14293
1 29175 29175
-1
0 0 13160
1 3646 3646
1 3454 3454
0 0 16014
0 0 7877
1 29259 29259
1 14292 14292
1 28982 28982
0 0 6648
1 19375 19375
0 0 11876
1 9129 9129
-1
1 14909 14909
1 30656 30656
-1
0 0 988
-1
1 17455 17455
0 0 2337
0 0 6677
0 0 4210
1 15906 15906
0 0 5630
1 8036 8036
-1
1 29368 29368
1 6203 6203
0 0 1312
1 3809 3809
1 8356 8356
1 20551 20551
-1
0 0 16118
0 0 5207
1 8227 8227
-1
1 3092 3092
1 20015 20015
-1
-1
-1
1 18329 18329
1 16333 16333
1 16250 16250
-1
1 7916 7916
1 15775 15775
0 0 5210
-1
0 0 12577
0 0 9252
-1
0 0 10224
1 9285 9285
-1
0 0 5780
-1
-1
-1
0 0 15358
0 0 10558
0 0 7280
0 0 6208
-1
1 31881 31881
0 0 5658
1 24634 24634
1 7650 7650
0 0 15913
-1
1 9192 9192
0 0 9347
1 23797 23797
1 1871 1871
1 18962 18962
1 24468 24468
-1
1 18632 18632
1 5493 5493
0 0 5010
1 20868 20868
0 0 10982
-1
0 0 14806
0 0 2744
-1
0 0 15212
0 0 10231
1 9016 9016
-1
0 0 8170
-1
1 15036 15036
0 0 7798
1 3331 3331
0 0 3054
0 0 14633
0 0 8489
-1
0 0 15323
1 4933 4933
-1
-1
-1
-1
0 0 2838
1 3769 3769
0 0 1932
0 0 2071
1 6036 6036
0 0 13786
1 22857 22857
1 7676 7676
1 26894 26894
0 0 5396
0 0 13283
-1
1 10887 10887
1 28252 28252
1 11769 11769
0 0 16294
-1
1 16965 16965
0 0 10572
1 2017 2017
0 0 14211
0 0 7431
-1
-1
0 0 10916
1 26780 26780
0 0 10963
0 0 12439
1 8956 8956
0 0 4607
0 0 3925
0 0 15767
1 11890 11890
1 6657 6657
-1
-1
1 28046 28046
-1
-1
0 0 11008
-1
0 0 10049
0 0 5006
-1
-1
0 0 7116
-1
-1
-1
-1
1 7159 7159
0 0 7446
1 20849 20849
0 0 9714
1 9626 9626
1 9325 9325
-1
-1
1 5617 5617
0 0 6950
-1
-1
-1
-1
1 19038 19038
-1
1 5478 5478
1 1235 1235
0 0 13948
1 9326 9326
-1
1 468 468
-1
0 0 15719
1 12269 12269
1 4131 4131
-1
1 22223 22223
1 29911 29911
0 0 1864
-1
0 0 211
1 8288 8288
0 0 2286
-1
0 0 2913
-1
-1
1 23224 23224
-1
1 22232 22232
-1
0 0 101
0 0 2493
1 26333 26333
1 26719 26719
0 0 4633
-1
1 2221 2221
0 0 9639
0 0 15368
0 0 6068
0 0 8755
0 0 13529
0 0 975
0 0 1445
-1
1 4745 4745
0 0 6995
0 0 2079
0 0 13589
1 12861 12861
0 0 2307
1 22298 22298
1 28181 28181
-1
1 28723 28723
1 12010 12010
0 0 82
1 22076 22076
1 25011 25011
1 4464 4464
1 30361 30361
-1
0 0 14544
1 26527 26527
1 11658 11658
-1
0 0 6934
1 7712 7712
1 17504 17504
1 12174 12174
1 12569 12569
1 2510 2510
1 9175 9175
-1
1 61 61
-1
1 22272 22272
-1
0 0 12034
0 0 13331
0 0 6625
0 0 3875
1 29165 29165
-1
-1
0 0 14646
-1
0 0 13389
-1
-1
-1
1 28975 28975
1 4982 4982
0 0 8627
1 15383 15383
1 5212 5212
1 21403 21403
1 26243 26243
0 0 7495
-1
1 14013 14013
0 0 2281
-1
-1
-1
0 0 10061
-1
1 2520 2520
1 12739 12739
0 0 3978
1 24610 24610
-1
-1
-1
0 0 3245
-1
0 0 12080
-1
0 0 5529
1 22549 22549
-1
0 0 9440
-1
0 0 2527
-1
0 0 11244
1 12908 12908
1 32243 32243
-1
-1
1 11160 11160
0 0 4429
1 3590 3590
1 4701 4701
1 30199 30199
1 15826 15826
1 8657 8657
-1
-1
0 0 14388
0 0 10112
0 0 9437
-1
1 17508 17508
-1
1 28787 28787
-1
0 0 189
-1
0 0 5576
0 0 12404
-1
0 0 15298
1 26823 26823
0 0 8536
1 13664 13664
-1
0 0 8800
1 26336 26336
1 18595 18595
0 0 2931
-1
-1
-1
0 0 7229
0 0 2230
0 0 806
1 16370 16370
1 11483 11483
-1
1 17637 17637
-1
-1
-1
-1
0 0 2204
0 0 9293
1 18197 18197
0 0 13286
-1
0 0 12140
1 16890 16890
0 0 2615
-1
0 0 13135
0 0 8317
1 24200 24200
1 21074 21074
1 18224 18224
0 0 11567
1 11188 11188
-1
1 161 161
1 9189 9189
-1
0 0 5069
0 0 12845
0 0 6048
1 19859 19859
-1
0 0 3788
1 22169 22169
-1
-1
1 2542 2542
1 22789 22789
-1
-1
-1
-1
1 847 847
1 1515 1515
1 12486 12486
-1
0 0 1025
-1
-1
-1
-1
0 0 4970
1 1786 1786
0 0 5240
0 0 2451
-1
1 25279 25279
0 0 3797
1 4384 4384
0 0 4214
-1
1 19483 19483
1 11783 11783
1 6574 6574
0 0 1316
-1
0 0 8809
0 0 10785
0 0 12814
-1
-1
-1
-1
1 2225 2225
-1
1 11302 11302
1 24958 24958
-1
1 15847 15847
0 0 621
0 0 10952
1 32232 32232
-1
0 0 6037
-1
-1
-1
1 6601 6601
0 0 8640
0 0 11927
1 31558 31558
0 0 1936
1 14682 14682
-1
0 0 9461
0 0 3300
-1
-1
-1
0 0 7307
0 0 15588
1 3237 3237
0 0 3412
1 25996 25996
-1
0 0 12821
-1
0 0 12977
1 16194 16194
1 12184 12184
0 0 15405
1 28931 28931
-1
1 29475 29475
0 0 14861
1 10128 10128
-1
-1
1 21225 21225
0 0 10671
1 26916 26916
0 0 11607
0 0 15018
1 32372 32372
1 32507 32507
0 0 8687
-1
1 22286 22286
0 0 14402
-1
1 7583 7583
-1
1 2350 2350
1 5301 5301
1 23682 23682
0 0 1251
0 0 15775
-1
0 0 4354
-1
0 0 11304
1 25368 25368
0 0 7374
0 0 9786
0 0 11495
-1
0 0 9320
1 3143 3143
0 0 15549
1 19689 19689
0 0 2013
0 0 12710
1 23019 23019
1 20076 20076
1 31113 31113
0 0 7573
0 0 16260
1 8009 8009
0 0 16000
0 0 734
-1
-1
0 0 9852
1 29078 29078
1 4239 4239
-1
0 0 11373
1 28280 28280
-1
1 2486 2486
1 7462 7462
0 0 238
1 31466 31466
0 0 16190
-1
0 0 13751
0 0 10693
0 0 2608
0 0 2734
0 0 3272
0 0 8217
0 0 4328
1 14377 14377
0 0 14057
1 23574 23574
0 0 6227
1 16933 16933
0 0 10432
-1
0 0 15708
0 0 3161
0 0 3338
1 4492 4492
0 0 6948
1 8519 8519
-1
-1
-1
0 0 8440
1 22500 22500
1 293 293
0 0 8740
-1
-1
-1
-1
0 0 3272
1 25139 25139
-1
0 0 10354
0 0 512
0 0 9685
-1
1 16621 16621
0 0 3900
-1
0 0 15090
-1
-1
-1
0 0 5041
1 30317 30317
-1
1 18517 18517
0 0 15326
1 21307 21307
1 25807 25807
-1
1 16452 16452
0 0 13426
0 0 1284
1 19017 19017
-1
0 0 15579
0 0 15646
1 15709 15709
-1
1 11765 11765
-1
0 0 640
1 17788 17788
0 0 4138
-1
1 24277 24277
1 21490 21490
0 0 7488
1 21735 21735
-1
1 28053 28053
-1
1 18835 18835
-1
1 27697 27697
-1
-1
-1
0 0 4016
-1
0 0 4326
0 0 8594
0 0 4747
-1
0 0 12718
0 0 1267
-1
1 16963 16963
0 0 10329
-1
-1
1 649 649
0 0 14304
1 26647 26647
1 27186 27186
0 0 13689
0 0 6214
1 20305 20305
1 7546 7546
1 24263 24263
1 11700 11700
-1
0 0 9397
-1
-1
1 26828 26828
1 9322 9322
-1
-1
0 0 457
-1
-1
1 8835 8835
1 29922 29922
-1
-1
1 16434 16434
0 0 3455
-1
0 0 15126
-1
-1
0 0 8417
1 16386 16386
1 13519 13519
0 0 12251
0 0 1245
0 0 11390
1 758 758
0 0 11439
0 0 10127
0 0 7938
1 15137 15137
0 0 15222
0 0 10193
-1
0 0 11983
0 0 12308
1 15951 15951
0 0 5844
-1
1 14607 14607
-1
-1
0 0 14488
-1
0 0 16375
1 11346 11346
1 21191 21191
-1
1 24599 24599
0 0 5849
1 20661 20661
-1
-1
-1
0 0 10006
0 0 16
0 0 11563
-1
-1
0 0 15518
0 0 9102
1 10358 10358
0 0 10166
0 0 8985
0 0 830
1 1509 1509
1 9726 9726
-1
0 0 13327
1 27890 27890
1 4782 4782
1 22901 22901
0 0 7872
0 0 2050
-1
0 0 471
1 12915 12915
0 0 14139
-1
1 666 666
1 30107 30107
1 16662 16662
1 28353 28353
-1
-1
1 13989 13989
-1
-1
0 0 10531
1 89 89
0 0 14759
1 27438 27438
-1
0 0 5934
1 31960 31960
0 0 5320
0 0 6685
-1
-1
1 24516 24516
-1
0 0 5856
1 2747 2747
-1
1 18802 18802
1 6841 6841
0 0 12471
1 22848 22848
0 0 10329
-1
-1
1 8605 8605
0 0 3729
-1
0 0 490
0 0 8825
0 0 4782
0 0 6183
-1
-1
0 0 5092
0 0 9493
1 9662 9662
-1
-1
0 0 4093
-1
0 0 676
0 0 12174
1 27383 27383
1 22196 22196
-1
1 25728 25728
-1
-1
-1
1 17942 17942
0 0 14045
-1
-1
1 22766 22766
0 0 15072
1 895 895
1 8986 8986
1 31982 31982
1 7285 7285
1 10799 10799
-1
0 0 2728
1 5084 5084
1 27299 27299
0 0 12361
-1
-1
1 8708 8708
1 30273 30273
1 17342 17342
0 0 1733
0 0 5638
0 0 16077
1 19809 19809
-1
0 0 14789
0 0 11890
1 21394 21394
1 29934 29934
1 21219 21219
-1
1 18861 18861
-1
-1
0 0 5882
-1
1 23396 23396
-1
1 19280 19280
-1
0 0 10872
-1
-1
0 0 1927
1 24976 24976
-1
0 0 14161
0 0 580
1 4952 4952
1 4705 4705
-1
0 0 469
0 0 9129
-1
0 0 15202
0 0 676
0 0 10495
1 8456 8456
0 0 147
0 0 1479
1 31692 31692
1 10110 10110
0 0 11924
0 0 5436
-1
-1
1 9626 9626
-1
-1
-1
1 7807 7807
1 15950 15950
1 19018 19018
0 0 10716
1 2448 2448
0 0 12397
0 0 11476
-1
0 0 9564
-1
1 9010 9010
0 0 12427
-1
-1
0 0 11975
1 23229 23229
0 0 2692
1 19732 19732
-1
0 0 3254
0 0 7365
1 31415 31415
0 0 664
0 0 6756
0 0 12782
1 32438 32438
1 11020 11020
-1
0 0 6967
1 7171 7171
-1
-1
-1
1 11363 11363
-1
0 0 9653
1 29852 29852
-1
-1
1 20194 20194
0 0 1165
-1
-1
1 14434 14434
1 12448 12448
1 31380 31380
1 8320 8320
1 22405 22405
-1
-1
1 31994 31994
-1
-1
1 20298 20298
-1
1 7425 7425
-1
1 7336 7336
0 0 14561
1 31733 31733
-1
0 0 7510
0 0 2984
0 0 6496
-1
1 27579 27579
-1
1 15713 15713
0 0 3860
0 0 712
1 2571 2571
1 30059 30059
1 32259 32259
-1
0 0 4439
0 0 322
1 56 56
1 11794 11794
-1
-1
0 0 2285
0 0 12970
1 12436 12436
0 0 2549
1 22452 22452
1 30601 30601
-1
-1
0 0 2400
0 0 3398
-1
-1
-1
0 0 15687
-1
-1
0 0 561
1 25239 25239
1 18948 18948
-1
0 0 6459
0 0 6782
0 0 361
-1
1 15799 15799
0 0 6647
0 0 4456
1 27072 27072
1 18337 18337
0 0 3317
1 11651 11651
-1
-1
-1
0 0 5877
0 0 9539
-1
0 0 4313
0 0 6525
1 18241 18241
1 25456 25456
0 0 10066
-1
-1
0 0 11596
0 0 11511
1 13721 13721
0 0 2030
1 11767 11767
1 14134 14134
0 0 4776
-1
0 0 3811
1 30068 30068
-1
-1
0 0 3641
0 0 955
1 6367 6367
0 0 11305
-1
1 23647 23647
-1
0 0 16203
0 0 2825
0 0 9233
1 27967 27967
0 0 6787
