-1
0 0 15078
-1
-1
1 23000 23000
0 0 7611
1 7253 7253
-1
1 14710 14710
0 0 3410
1 24247 24247
-1
-1
1 691 691
-1
1 26548 26548
-1
1 7279 7279
-1
0 0 7985
1 5276 5276
-1
-1
1 26597 26597
-1
-1
1 3298 3298
0 0 6190
-1
0 0 6149
-1
-1
0 0 3724
-1
0 0 9768
0 0 11669
-1
-1
-1
-1
1 3399 3399
-1
1 9715 9715
0 0 4207
1 11332 11332
-1
0 0 5270
-1
-1
0 0 360
-1
1 28362 28362
1 13541 13541
0 0 1425
1 16207 16207
-1
0 0 6599
0 0 12686
0 0 5784
1 19837 19837
-1
-1
0 0 4809
-1
-1
1 6303 6303
0 0 11344
1 28874 28874
0 0 5885
-1
0 0 4367
-1
1 12747 12747
0 0 13069
-1
1 18368 18368
0 0 5168
0 0 10206
-1
0 0 3322
-1
-1
-1
0 0 1625
1 12473 12473
1 22929 22929
-1
1 27814 27814
0 0 6754
-1
0 0 15275
0 0 10904
0 0 14479
-1
0 0 2797
-1
1 13823 13823
1 18084 18084
-1
-1
1 22763 22763
0 0 14857
0 0 2325
0 0 8080
0 0 7841
1 4232 4232
-1
1 28499 28499
-1
0 0 5152
-1
1 6922 6922
1 32714 32714
1 27881 27881
0 0 15718
-1
1 5720 5720
1 29221 29221
1 18422 18422
-1
0 0 4103
-1
0 0 2762
-1
0 0 6773
-1
0 0 6914
1 30446 30446
-1
1 15718 15718
-1
0 0 7574
1 11464 11464
0 0 15080
1 14501 14501
-1
0 0 759
-1
1 12528 12528
0 0 6636
0 0 7108
1 19738 19738
0 0 11424
-1
0 0 8542
0 0 12433
-1
1 518 518
-1
1 5405 5405
0 0 13632
1 6283 6283
0 0 13781
0 0 4193
0 0 14613
0 0 10916
0 0 6953
0 0 5469
1 6220 6220
1 32274 32274
1 13682 13682
0 0 14994
0 0 13948
-1
1 6096 6096
-1
0 0 15335
0 0 7951
-1
1 6156 6156
1 26761 26761
-1
-1
-1
-1
1 609 609
1 4273 4273
0 0 1340
-1
1 29170 29170
-1
0 0 8542
-1
-1
0 0 9965
-1
-1
-1
0 0 10698
0 0 10310
0 0 1914
1 28303 28303
1 9024 9024
1 9762 9762
-1
0 0 2826
1 18500 18500
-1
0 0 14580
1 18972 18972
1 26589 26589
-1
1 5592 5592
0 0 8794
-1
0 0 15974
0 0 9615
0 0 6289
-1
0 0 8341
0 0 16094
-1
-1
1 15167 15167
1 30530 30530
1 3478 3478
1 15581 15581
1 28158 28158
-1
1 4774 4774
-1
0 0 2473
1 11323 11323
-1
1 19826 19826
1 18588 18588
-1
0 0 6189
1 11363 11363
1 2859 2859
0 0 1176
0 0 1889
0 0 14033
1 1222 1222
0 0 8591
-1
1 11616 11616
1 10279 10279
1 9870 9870
1 30622 30622
1 9892 9892
1 7548 7548
0 0 11533
0 0 11463
0 0 5603
-1
0 0 4861
0 0 16148
0 0 14201
0 0 12928
0 0 12857
-1
-1
-1
0 0 8496
-1
0 0 7459
-1
0 0 10200
1 25474 25474
-1
0 0 11327
1 24552 24552
0 0 8233
0 0 1228
0 0 11995
0 0 7502
0 0 11819
1 16543 16543
-1
1 7163 7163
0 0 11529
1 31523 31523
0 0 15317
0 0 672
0 0 13535
0 0 7183
-1
0 0 11937
-1
1 23133 23133
1 12783 12783
1 24805 24805
1 28489 28489
1 16641 16641
0 0 14432
1 25510 25510
1 25245 25245
0 0 6143
-1
1 24595 24595
0 0 7653
1 2210 2210
1 2391 2391
-1
1 21259 21259
0 0 10498
1 6324 6324
-1
1 6481 6481
-1
-1
-1
-1
1 29605 29605
1 26613 26613
-1
0 0 11927
0 0 8672
1 10409 10409
1 8025 8025
-1
-1
0 0 7814
1 28398 28398
-1
0 0 15896
0 0 13811
1 25162 25162
-1
-1
1 19321 19321
-1
-1
1 7490 7490
1 15860 15860
1 5286 5286
1 31533 31533
1 7459 7459
1 15871 15871
-1
0 0 11870
-1
1 31538 31538
1 24020 24020
-1
-1
-1
-1
0 0 4112
1 7406 7406
0 0 10144
-1
-1
1 30249 30249
1 11925 11925
1 30926 30926
-1
0 0 13629
1 17667 17667
0 0 10311
1 507 507
0 0 1933
1 26216 26216
0 0 12998
1 19646 19646
-1
-1
-1
0 0 5756
-1
0 0 2795
0 0 625
-1
0 0 4831
1 32097 32097
0 0 10079
-1
-1
1 11235 11235
0 0 4847
1 24276 24276
-1
1 16895 16895
-1
-1
-1
1 28364 28364
0 0 5219
-1
0 0 13584
-1
1 177 177
1 9167 9167
1 17660 17660
-1
-1
1 24042 24042
1 15045 15045
-1
1 8736 8736
1 7342 7342
0 0 10812
1 10364 10364
1 3006 3006
-1
1 9579 9579
0 0 9970
0 0 4437
0 0 2127
-1
-1
1 4769 4769
-1
1 12524 12524
0 0 8337
-1
-1
0 0 8481
-1
0 0 13450
-1
1 6499 6499
1 4634 4634
0 0 633
-1
0 0 3680
0 0 6751
-1
-1
1 24615 24615
-1
0 0 15330
0 0 8006
0 0 5784
0 0 7959
-1
0 0 5140
1 23506 23506
0 0 3710
-1
0 0 16216
0 0 15718
1 11077 11077
0 0 2230
1 16511 16511
-1
0 0 9845
1 204 204
0 0 2319
-1
-1
-1
-1
0 0 11071
1 26261 26261
0 0 6090
-1
0 0 3669
0 0 3154
-1
0 0 10099
-1
-1
1 6743 6743
0 0 9065
-1
0 0 12183
-1
1 8153 8153
1 18228 18228
0 0 11637
0 0 15934
1 25149 25149
0 0 12943
1 13795 13795
-1
0 0 15867
1 26135 26135
-1
1 23214 23214
0 0 12953
1 28842 28842
0 0 11520
-1
1 5328 5328
0 0 8155
-1
-1
1 17636 17636
-1
1 12296 12296
0 0 4394
-1
-1
1 26200 26200
-1
-1
-1
-1
-1
1 27451 27451
-1
-1
-1
0 0 16320
-1
-1
0 0 14091
1 25647 25647
-1
1 19306 19306
1 3297 3297
-1
-1
0 0 13238
-1
0 0 6225
1 13130 13130
0 0 7766
0 0 122
1 23709 23709
-1
-1
-1
-1
1 5585 5585
1 22229 22229
-1
0 0 3534
1 30349 30349
-1
-1
0 0 4935
-1
0 0 4643
-1
-1
1 15501 15501
1 23093 23093
-1
-1
1 11887 11887
-1
-1
0 0 8954
0 0 6574
1 3269 3269
0 0 3420
0 0 8515
0 0 10172
0 0 3939
1 3124 3124
1 11376 11376
-1
0 0 3364
1 32165 32165
1 29882 29882
1 11872 11872
-1
1 26156 26156
-1
-1
1 6270 6270
1 5379 5379
0 0 5897
-1
0 0 10266
1 12788 12788
-1
0 0 6932
-1
1 3549 3549
-1
-1
1 16255 16255
1 17203 17203
-1
1 11252 11252
1 12875 12875
0 0 4925
0 0 9054
-1
1 20632 20632
0 0 873
1 6300 6300
1 27308 27308
1 7587 7587
1 15975 15975
0 0 310
-1
1 2208 2208
-1
-1
-1
-1
1 26218 26218
0 0 3844
-1
-1
0 0 7053
0 0 3603
-1
-1
-1
-1
1 31732 31732
1 20034 20034
0 0 1513
1 15326 15326
0 0 7727
1 63 63
-1
0 0 15553
0 0 7507
0 0 12591
-1
-1
1 20741 20741
0 0 6846
-1
0 0 14305
1 7936 7936
-1
1 30716 30716
0 0 2705
-1
1 20086 20086
1 13000 13000
1 21168 21168
-1
1 26576 26576
1 16127 16127
-1
-1
0 0 4374
0 0 8544
1 31133 31133
-1
0 0 5524
1 13762 13762
-1
0 0 3437
1 24288 24288
1 20935 20935
1 22298 22298
0 0 787
1 9305 9305
1 21293 21293
1 5888 5888
1 17665 17665
0 0 3337
1 2403 2403
0 0 1148
0 0 2504
1 4735 4735
0 0 7093
-1
-1
-1
-1
0 0 13348
0 0 8463
0 0 14847
-1
-1
1 26000 26000
-1
1 7870 7870
1 6492 6492
1 16550 16550
1 5750 5750
-1
-1
1 15788 15788
1 30318 30318
1 1488 1488
-1
1 29507 29507
0 0 4964
1 2409 2409
-1
0 0 1648
0 0 8659
1 18459 18459
-1
-1
0 0 8331
-1
-1
1 9511 9511
0 0 7121
-1
-1
-1
0 0 96
1 24583 24583
0 0 11432
1 13753 13753
-1
0 0 12129
0 0 6062
-1
0 0 2100
0 0 15175
0 0 16224
-1
1 12073 12073
1 18032 18032
1 17341 17341
1 24633 24633
-1
-1
-1
-1
1 27255 27255
-1
-1
1 7285 7285
-1
-1
0 0 14061
0 0 11286
1 23564 23564
-1
0 0 13222
-1
-1
1 7594 7594
1 422 422
-1
-1
0 0 3719
1 10205 10205
1 28293 28293
0 0 11424
-1
0 0 14223
1 26950 26950
-1
1 32231 32231
0 0 1444
1 27467 27467
1 28169 28169
1 12608 12608
1 4978 4978
-1
0 0 866
1 23362 23362
1 5730 5730
1 19783 19783
-1
-1
0 0 16266
1 12069 12069
0 0 2817
0 0 8052
0 0 9372
1 32018 32018
1 7430 7430
-1
1 1461 1461
0 0 15882
0 0 5383
1 13281 13281
0 0 6032
1 18565 18565
-1
0 0 3019
1 20037 20037
1 7824 7824
1 25896 25896
-1
-1
0 0 14684
0 0 2476
-1
-1
0 0 11560
1 20688 20688
1 25649 25649
0 0 11470
0 0 8706
-1
1 10878 10878
1 16696 16696
0 0 40
-1
-1
0 0 16011
0 0 3330
1 19721 19721
-1
0 0 13534
-1
0 0 8712
-1
-1
1 30608 30608
1 6303 6303
0 0 1257
-1
-1
0 0 14709
0 0 7470
0 0 5386
1 5313 5313
0 0 7439
0 0 1609
-1
0 0 6175
1 16600 16600
1 9478 9478
-1
1 28398 28398
1 16809 16809
1 28633 28633
1 10373 10373
1 25072 25072
1 11161 11161
-1
0 0 12178
0 0 11353
-1
0 0 4871
-1
1 2429 2429
0 0 15383
-1
1 23272 23272
0 0 1267
1 20390 20390
0 0 5486
-1
1 5983 5983
-1
0 0 10732
0 0 7401
0 0 6098
1 12953 12953
1 4907 4907
-1
-1
0 0 1935
0 0 3073
1 26551 26551
0 0 15905
0 0 10829
0 0 3730
-1
1 10818 10818
-1
1 6500 6500
-1
1 14172 14172
0 0 12551
-1
-1
1 17014 17014
-1
-1
0 0 3063
1 19913 19913
1 22162 22162
0 0 7803
0 0 1913
-1
-1
-1
1 23076 23076
0 0 12497
0 0 1668
-1
-1
0 0 15840
0 0 6640
1 30567 30567
0 0 1419
-1
1 20370 20370
-1
-1
1 28552 28552
0 0 7474
-1
1 24278 24278
0 0 14880
1 26512 26512
0 0 14215
0 0 8214
0 0 2041
1 20421 20421
1 20852 20852
0 0 2651
-1
-1
1 16992 16992
1 29630 29630
-1
-1
0 0 2124
-1
0 0 1150
0 0 3287
-1
1 20608 20608
0 0 7915
1 26465 26465
0 0 7865
1 15446 15446
-1
-1
0 0 15427
1 2020 2020
0 0 1024
1 23518 23518
1 23243 23243
1 29945 29945
1 3488 3488
1 16232 16232
1 9453 9453
1 20122 20122
1 6194 6194
1 25532 25532
1 11435 11435
-1
-1
-1
-1
1 27796 27796
1 24036 24036
0 0 2333
-1
-1
1 17394 17394
1 26824 26824
0 0 4824
0 0 9857
-1
1 8670 8670
1 9317 9317
1 1975 1975
-1
0 0 8008
0 0 5519
-1
0 0 1270
0 0 562
0 0 5192
0 0 5414
-1
-1
1 5131 5131
-1
0 0 8378
1 29392 29392
-1
0 0 8004
-1
1 3383 3383
-1
1 3506 3506
0 0 14449
0 0 16048
1 24245 24245
1 14589 14589
-1
0 0 9547
-1
-1
-1
1 7065 7065
1 9855 9855
-1
1 26309 26309
0 0 6539
1 20133 20133
0 0 8088
1 19340 19340
1 15416 15416
1 25103 25103
1 6929 6929
0 0 1897
1 26391 26391
1 11944 11944
0 0 1968
-1
0 0 10912
0 0 4023
0 0 522
-1
0 0 11036
0 0 11899
-1
-1
1 29683 29683
0 0 7923
-1
0 0 5847
1 20316 20316
1 1914 1914
1 22609 22609
-1
-1
0 0 16128
-1
-1
1 4259 4259
-1
0 0 1882
0 0 12687
0 0 9677
1 4484 4484
0 0 4548
1 13091 13091
1 22382 22382
0 0 4994
0 0 1308
1 20485 20485
1 9040 9040
-1
-1
1 15132 15132
0 0 14383
1 17949 17949
-1
1 13719 13719
0 0 12057
0 0 2071
1 12537 12537
-1
-1
0 0 10951
1 28574 28574
-1
1 28102 28102
-1
0 0 8337
1 32010 32010
1 30580 30580
-1
0 0 6289
0 0 4978
1 15048 15048
-1
1 24559 24559
0 0 5752
-1
0 0 14256
-1
1 16849 16849
1 13627 13627
1 31823 31823
1 19886 19886
0 0 2497
0 0 3573
1 28114 28114
-1
1 5070 5070
1 25696 25696
0 0 8167
-1
-1
-1
1 25793 25793
1 773 773
-1
0 0 15196
1 22072 22072
0 0 14276
0 0 9510
-1
0 0 15019
-1
1 11549 11549
1 20996 20996
1 15188 15188
-1
-1
1 8797 8797
1 14843 14843
-1
0 0 14032
1 9028 9028
0 0 13845
1 27197 27197
-1
-1
-1
-1
1 30617 30617
-1
1 30470 30470
0 0 10397
1 13206 13206
0 0 2293
0 0 938
0 0 15202
-1
-1
-1
0 0 6824
-1
0 0 4339
-1
1 32698 32698
1 19466 19466
1 6541 6541
1 2606 2606
0 0 4809
1 23035 23035
1 7540 7540
-1
-1
0 0 15578
0 0 8917
1 5453 5453
1 31821 31821
-1
1 26675 26675
-1
0 0 10795
0 0 11163
0 0 4801
-1
1 28437 28437
1 24431 24431
0 0 8834
-1
1 28446 28446
-1
0 0 12490
1 32525 32525
-1
1 20565 20565
0 0 13060
-1
-1
1 6633 6633
-1
0 0 15360
1 10061 10061
-1
1 31904 31904
-1
0 0 14828
-1
0 0 6743
-1
-1
1 5494 5494
1 18798 18798
1 13006 13006
0 0 2102
-1
-1
0 0 12957
0 0 15840
0 0 14673
0 0 5673
0 0 1995
1 20561 20561
0 0 6077
1 29695 29695
-1
0 0 15362
1 9626 9626
1 13422 13422
1 25969 25969
0 0 9851
1 27900 27900
0 0 3395
1 20233 20233
0 0 9980
-1
-1
-1
0 0 4487
0 0 1490
0 0 9287
-1
1 29169 29169
0 0 3140
0 0 7815
0 0 13728
0 0 326
1 8941 8941
0 0 15532
0 0 6235
0 0 6591
1 2930 2930
0 0 11275
-1
-1
0 0 967
1 20326 20326
1 19071 19071
1 19823 19823
-1
0 0 13997
1 24195 24195
0 0 11993
0 0 11713
-1
0 0 3269
0 0 15083
0 0 10612
0 0 13340
0 0 5103
1 10624 10624
-1
-1
1 12000 12000
0 0 14082
-1
0 0 8618
0 0 14017
1 16116 16116
-1
0 0 4980
-1
0 0 2374
-1
0 0 3144
0 0 43
0 0 3872
1 7621 7621
0 0 5637
0 0 11113
-1
0 0 3570
1 12554 12554
-1
1 15064 15064
0 0 7646
0 0 16346
0 0 4320
0 0 7571
-1
0 0 2706
1 12149 12149
1 2921 2921
0 0 5328
-1
0 0 8655
1 4251 4251
0 0 3047
1 7297 7297
-1
0 0 3315
0 0 5239
-1
0 0 8667
-1
1 1763 1763
1 32255 32255
0 0 2754
0 0 2496
1 14431 14431
0 0 278
1 2702 2702
-1
-1
0 0 12256
1 15285 15285
-1
-1
0 0 14912
0 0 14584
1 31270 31270
-1
-1
1 9932 9932
1 3340 3340
-1
-1
0 0 10867
1 1521 1521
1 28804 28804
1 18642 18642
0 0 3129
-1
-1
0 0 10567
-1
-1
-1
0 0 11345
0 0 13769
0 0 331
0 0 11982
0 0 1286
0 0 12280
0 0 14460
0 0 8303
0 0 3294
0 0 4650
0 0 13743
-1
0 0 1420
1 21590 21590
0 0 10123
-1
0 0 10046
0 0 16
1 12968 12968
1 1451 1451
0 0 5851
0 0 15994
0 0 7460
-1
0 0 1091
-1
0 0 7731
-1
0 0 12435
0 0 5513
0 0 6927
0 0 8672
1 14524 14524
0 0 2656
1 4040 4040
1 21436 21436
-1
0 0 2205
-1
-1
-1
1 30371 30371
1 26431 26431
0 0 4749
-1
1 21300 21300
-1
1 6925 6925
0 0 15796
1 28086 28086
0 0 8254
-1
-1
0 0 2820
0 0 11505
-1
0 0 11761
1 17825 17825
-1
0 0 9810
-1
-1
1 3314 3314
1 32344 32344
-1
1 25420 25420
0 0 4009
0 0 4223
-1
-1
-1
0 0 834
0 0 14401
1 21730 21730
1 138 138
0 0 5456
-1
1 14536 14536
1 27598 27598
0 0 1461
1 24106 24106
1 25034 25034
-1
0 0 10465
-1
-1
1 20732 20732
-1
-1
-1
0 0 1541
0 0 5614
-1
-1
-1
-1
1 2638 2638
-1
0 0 10938
1 2982 2982
-1
-1
0 0 5463
1 311 311
-1
1 8527 8527
-1
-1
-1
1 3924 3924
1 11283 11283
1 15874 15874
1 9984 9984
0 0 1870
-1
-1
-1
0 0 8740
-1
0 0 11810
0 0 16196
1 1804 1804
0 0 6069
-1
-1
-1
0 0 6726
-1
-1
-1
0 0 2872
0 0 3320
1 16365 16365
0 0 10625
1 15362 15362
-1
1 14174 14174
0 0 16150
-1
1 11976 11976
0 0 3647
-1
1 29513 29513
0 0 6283
1 17964 17964
-1
0 0 8938
1 16358 16358
1 29874 29874
-1
1 14004 14004
1 24754 24754
-1
-1
1 10964 10964
0 0 1634
0 0 5603
-1
-1
-1
0 0 14939
1 9645 9645
-1
0 0 2319
0 0 9759
0 0 7476
0 0 5563
-1
-1
-1
1 18272 18272
-1
-1
-1
1 7601 7601
1 8933 8933
0 0 13814
-1
0 0 3975
1 19293 19293
1 6042 6042
0 0 6355
1 15826 15826
1 25962 25962
0 0 6498
0 0 14170
-1
-1
0 0 5600
1 12464 12464
-1
1 9799 9799
-1
-1
-1
0 0 15671
-1
1 24822 24822
0 0 8871
1 15318 15318
1 28750 28750
-1
-1
1 10427 10427
-1
1 24388 24388
-1
0 0 2263
1 2179 2179
1 8211 8211
0 0 15073
1 536 536
0 0 2287
-1
-1
1 14509 14509
1 11289 11289
0 0 5951
0 0 7521
0 0 14334
0 0 7571
-1
0 0 5194
1 30439 30439
1 31218 31218
-1
1 17662 17662
-1
-1
0 0 118
-1
1 22454 22454
1 46 46
0 0 1775
-1
-1
-1
1 24620 24620
1 19732 19732
1 15285 15285
1 19502 19502
0 0 4913
0 0 1816
0 0 9514
0 0 15841
1 12321 12321
0 0 2281
0 0 13405
1 31380 31380
0 0 1868
1 14279 14279
1 25108 25108
0 0 8477
0 0 649
0 0 8520
0 0 3313
0 0 9120
0 0 9395
1 7136 7136
-1
0 0 4817
1 5256 5256
1 26911 26911
0 0 1985
0 0 3753
-1
-1
0 0 9534
0 0 12124
1 17741 17741
-1
-1
1 10031 10031
0 0 4185
0 0 13899
1 19030 19030
1 11650 11650
-1
1 30516 30516
-1
0 0 12090
0 0 10401
0 0 12011
1 1920 1920
1 26940 26940
0 0 15890
0 0 11598
-1
1 7171 7171
1 7310 7310
1 13018 13018
1 21171 21171
0 0 2100
-1
0 0 9676
-1
-1
-1
-1
-1
0 0 11364
0 0 3186
-1
-1
0 0 9442
-1
-1
1 26713 26713
1 16223 16223
0 0 2268
0 0 5355
1 22585 22585
1 22521 22521
-1
1 16685 16685
1 5758 5758
-1
0 0 3944
-1
0 0 2037
1 18556 18556
1 10005 10005
-1
0 0 7432
-1
1 16310 16310
0 0 1210
0 0 9710
-1
-1
-1
-1
-1
-1
1 24154 24154
-1
-1
1 31312 31312
1 19534 19534
0 0 9552
0 0 1228
-1
1 5627 5627
1 29737 29737
1 10084 10084
0 0 9121
0 0 6919
-1
-1
0 0 11177
-1
0 0 12219
1 23785 23785
0 0 15773
-1
0 0 14440
0 0 9590
-1
1 12017 12017
0 0 13941
0 0 9073
-1
1 31974 31974
-1
-1
0 0 14908
1 27945 27945
1 20763 20763
-1
-1
-1
-1
1 9329 9329
1 10348 10348
-1
-1
1 19699 19699
0 0 8077
1 20664 20664
1 2614 2614
-1
1 20460 20460
0 0 6355
-1
-1
-1
0 0 4465
0 0 16026
-1
0 0 6721
-1
-1
1 23453 23453
0 0 8539
0 0 15110
0 0 9905
1 25032 25032
0 0 10363
0 0 12917
0 0 1156
1 390 390
-1
-1
1 13561 13561
1 26661 26661
1 24913 24913
0 0 1507
0 0 7637
-1
0 0 4416
-1
0 0 3511
1 10629 10629
0 0 14702
-1
1 32482 32482
0 0 8018
-1
-1
1 9597 9597
-1
-1
0 0 4327
-1
-1
1 30909 30909
1 19293 19293
-1
1 24205 24205
-1
0 0 4333
0 0 6361
-1
0 0 14202
0 0 14711
0 0 9413
-1
1 17981 17981
0 0 5879
1 17341 17341
0 0 11713
1 29622 29622
-1
0 0 14237
0 0 1524
0 0 13618
0 0 14669
-1
-1
0 0 5107
-1
1 28647 28647
-1
0 0 8821
1 18352 18352
1 18070 18070
-1
-1
-1
0 0 2373
-1
1 6806 6806
-1
-1
-1
1 128 128
0 0 10038
1 15198 15198
1 2855 2855
1 29041 29041
0 0 7500
1 3162 3162
1 1282 1282
-1
1 3566 3566
0 0 15852
1 16312 16312
0 0 4194
0 0 14375
0 0 16093
1 17205 17205
1 22794 22794
0 0 13926
1 8885 8885
1 15061 15061
-1
1 1585 1585
-1
-1
-1
0 0 3516
0 0 9717
1 8254 8254
-1
-1
-1
1 1670 1670
1 9675 9675
0 0 1745
0 0 14426
0 0 11641
0 0 7830
1 24067 24067
-1
0 0 723
-1
0 0 1310
1 30603 30603
1 11574 11574
1 16443 16443
0 0 2281
0 0 14920
1 4909 4909
1 28428 28428
0 0 7612
1 17446 17446
-1
0 0 8568
0 0 5322
0 0 13435
0 0 285
1 19818 19818
0 0 8034
-1
1 13738 13738
-1
1 21080 21080
-1
1 25905 25905
0 0 10378
-1
-1
1 13469 13469
-1
0 0 567
1 22582 22582
-1
1 20658 20658
1 20886 20886
1 22672 22672
0 0 15952
1 13065 13065
0 0 2484
1 19968 19968
0 0 13901
-1
1 27709 27709
0 0 3389
1 29753 29753
0 0 4694
0 0 7948
1 32072 32072
1 527 527
1 27821 27821
1 3897 3897
0 0 3523
0 0 7314
1 3172 3172
-1
-1
1 3441 3441
1 13469 13469
0 0 1054
0 0 16247
-1
-1
-1
-1
-1
0 0 14290
1 30775 30775
1 21801 21801
0 0 2845
-1
1 29008 29008
-1
1 8125 8125
1 21165 21165
1 25435 25435
1 11250 11250
-1
-1
0 0 2047
-1
-1
-1
0 0 8332
-1
-1
1 20333 20333
1 32055 32055
1 6840 6840
-1
0 0 8530
-1
0 0 12839
0 0 4932
-1
-1
0 0 2207
0 0 10874
-1
1 21090 21090
1 25493 25493
1 8767 8767
1 31658 31658
1 26569 26569
1 25011 25011
0 0 7786
-1
-1
1 16077 16077
0 0 840
0 0 2159
1 11141 11141
-1
-1
1 7489 7489
1 18591 18591
1 26094 26094
0 0 13727
-1
-1
1 772 772
1 15280 15280
0 0 5814
0 0 605
-1
1 12106 12106
0 0 16175
0 0 540
0 0 14634
1 13486 13486
1 23288 23288
-1
0 0 7434
0 0 1145
1 26110 26110
1 29459 29459
1 6261 6261
-1
1 25804 25804
1 30114 30114
1 22859 22859
1 5561 5561
1 20434 20434
-1
1 12735 12735
-1
0 0 6537
1 23056 23056
-1
1 27233 27233
1 24228 24228
1 8922 8922
-1
0 0 12568
0 0 13209
1 30288 30288
0 0 13677
0 0 4468
1 30334 30334
1 28970 28970
-1
-1
-1
-1
0 0 10099
-1
0 0 9812
-1
-1
1 13796 13796
-1
-1
-1
-1
1 30636 30636
0 0 6203
1 1341 1341
-1
1 24466 24466
0 0 13525
-1
0 0 15431
-1
0 0 299
0 0 16295
1 4933 4933
-1
1 9502 9502
1 6278 6278
1 6565 6565
1 27812 27812
0 0 7982
-1
0 0 7880
-1
1 8346 8346
0 0 11302
0 0 9136
1 23018 23018
0 0 15501
0 0 15237
1 29275 29275
1 14183 14183
1 5199 5199
0 0 16152
0 0 3232
1 686 686
1 29281 29281
0 0 7699
1 12997 12997
-1
0 0 5590
1 31018 31018
0 0 3845
1 21432 21432
-1
-1
0 0 8087
1 20670 20670
0 0 2739
-1
0 0 13791
0 0 15753
0 0 11271
-1
0 0 5021
1 20295 20295
-1
-1
0 0 6093
-1
1 11352 11352
1 7006 7006
1 22984 22984
0 0 1858
0 0 1397
0 0 10892
-1
1 11031 11031
1 12013 12013
0 0 8797
0 0 6780
0 0 8912
-1
-1
1 8980 8980
-1
-1
0 0 8131
-1
1 9474 9474
-1
1 2021 2021
1 12660 12660
1 31750 31750
-1
0 0 4301
0 0 13572
0 0 13098
0 0 3969
1 25042 25042
1 4994 4994
1 20788 20788
1 25958 25958
-1
0 0 7733
-1
0 0 12464
-1
0 0 11615
0 0 13715
-1
1 19771 19771
1 18546 18546
-1
0 0 11255
-1
-1
1 169 169
0 0 13112
-1
-1
-1
1 2913 2913
1 22042 22042
1 17160 17160
0 0 1249
-1
0 0 8115
1 17981 17981
-1
1 6054 6054
-1
-1
1 20412 20412
-1
1 9560 9560
1 10881 10881
-1
-1
0 0 5512
-1
0 0 16015
0 0 1140
1 17382 17382
0 0 9912
-1
1 27310 27310
0 0 3322
1 11471 11471
-1
1 32049 32049
1 13739 13739
1 18029 18029
0 0 9188
1 22932 22932
1 9810 9810
-1
-1
0 0 13656
-1
0 0 7691
1 10847 10847
1 4497 4497
1 2212 2212
0 0 6060
1 7643 7643
0 0 3324
0 0 959
-1
0 0 13067
1 32471 32471
-1
1 7217 7217
-1
1 32472 32472
1 22269 22269
-1
1 279 279
-1
1 13128 13128
-1
0 0 7099
1 18531 18531
-1
-1
0 0 7525
1 31297 31297
0 0 3942
-1
-1
1 28905 28905
0 0 4242
0 0 1514
-1
-1
0 0 9045
-1
-1
-1
-1
0 0 5383
0 0 791
0 0 10028
-1
-1
-1
1 8297 8297
1 29886 29886
1 27902 27902
-1
0 0 1876
0 0 8648
0 0 11231
-1
0 0 4643
-1
1 9728 9728
0 0 3654
0 0 6355
1 9675 9675
-1
0 0 8977
1 8418 8418
1 16787 16787
0 0 6876
1 23206 23206
-1
1 32451 32451
0 0 11891
0 0 2287
1 30926 30926
0 0 3757
1 7174 7174
-1
0 0 1881
0 0 5912
0 0 4044
1 9457 9457
1 14811 14811
-1
-1
-1
-1
0 0 4229
0 0 6948
-1
0 0 5773
0 0 8879
1 26666 26666
-1
0 0 515
-1
0 0 4734
-1
0 0 13166
1 10766 10766
1 31233 31233
-1
0 0 2246
-1
-1
1 19524 19524
0 0 11097
-1
-1
0 0 3104
0 0 12819
0 0 13141
1 7847 7847
0 0 8835
-1
1 18756 18756
0 0 2767
1 567 567
0 0 4387
-1
0 0 13041
0 0 5061
0 0 8080
0 0 1502
1 14057 14057
-1
0 0 6863
1 14418 14418
-1
-1
0 0 14220
1 26836 26836
-1
1 2346 2346
1 23324 23324
0 0 15127
0 0 12051
0 0 16288
1 25577 25577
-1
0 0 6858
1 28344 28344
1 13044 13044
0 0 4772
1 9972 9972
-1
1 17763 17763
1 7303 7303
1 13816 13816
1 32 32
1 20628 20628
1 23706 23706
1 28360 28360
0 0 1365
-1
-1
0 0 318
0 0 2149
1 19120 19120
-1
1 13221 13221
1 9858 9858
1 9686 9686
0 0 9746
0 0 2401
-1
-1
0 0 12545
-1
0 0 2697
0 0 11864
-1
-1
0 0 15847
0 0 4013
1 12363 12363
1 12478 12478
-1
1 4089 4089
1 13174 13174
-1
-1
-1
-1
-1
1 32193 32193
0 0 6111
-1
-1
1 9226 9226
-1
-1
0 0 16290
1 27825 27825
0 0 7082
-1
1 10171 10171
1 18411 18411
-1
1 8424 8424
-1
-1
1 15690 15690
-1
0 0 8571
-1
0 0 1740
-1
1 29765 29765
0 0 1687
-1
1 15440 15440
-1
-1
0 0 7605
-1
-1
-1
1 1753 1753
1 2486 2486
-1
-1
-1
-1
1 22723 22723
0 0 2259
1 4052 4052
0 0 15540
1 22553 22553
0 0 13697
1 12294 12294
1 10530 10530
-1
0 0 10527
0 0 8442
0 0 6592
0 0 10972
1 17114 17114
1 8690 8690
1 1145 1145
1 27081 27081
-1
1 11272 11272
1 9557 9557
-1
1 20983 20983
0 0 4154
0 0 8857
0 0 6628
0 0 15978
-1
-1
0 0 14940
1 31428 31428
0 0 9374
0 0 12099
-1
1 28580 28580
1 23445 23445
0 0 4078
-1
1 10473 10473
-1
-1
1 25545 25545
-1
1 26351 26351
1 28031 28031
-1
1 24910 24910
-1
1 6692 6692
0 0 9413
-1
1 22018 22018
0 0 3682
0 0 7176
-1
1 10982 10982
0 0 656
1 29796 29796
0 0 11944
0 0 8175
1 25925 25925
-1
0 0 12640
-1
0 0 15629
1 22103 22103
1 8425 8425
1 1751 1751
0 0 4589
0 0 9730
1 17375 17375
1 25082 25082
0 0 5959
-1
1 21961 21961
1 26748 26748
0 0 13645
1 9370 9370
-1
-1
0 0 2713
0 0 1509
0 0 3133
-1
-1
-1
-1
1 20225 20225
1 28161 28161
0 0 15302
-1
1 6732 6732
0 0 8611
-1
1 19323 19323
1 7394 7394
1 22067 22067
0 0 13686
-1
0 0 7917
0 0 2513
1 20499 20499
1 15908 15908
0 0 8513
0 0 11296
-1
-1
1 17113 17113
-1
-1
1 28501 28501
0 0 14090
0 0 15858
0 0 13411
0 0 6640
0 0 3980
-1
-1
0 0 2972
1 16646 16646
1 22038 22038
0 0 8897
-1
0 0 469
0 0 5345
0 0 2490
0 0 5019
0 0 12293
0 0 3207
-1
0 0 4899
-1
-1
-1
-1
0 0 394
1 9288 9288
-1
0 0 14551
0 0 6436
-1
-1
1 17255 17255
0 0 680
0 0 2621
-1
1 23600 23600
1 5814 5814
0 0 13325
1 15097 15097
0 0 12374
1 30004 30004
-1
-1
-1
-1
-1
-1
-1
1 9326 9326
-1
-1
1 28386 28386
-1
-1
0 0 5839
1 6556 6556
-1
1 18658 18658
1 20543 20543
-1
0 0 6532
1 25358 25358
1 13853 13853
1 19928 19928
-1
-1
1 5110 5110
0 0 1491
1 16565 16565
-1
-1
-1
0 0 4069
1 15578 15578
-1
0 0 8118
1 13371 13371
0 0 9365
0 0 1421
0 0 8276
-1
-1
-1
0 0 14817
-1
0 0 7201
-1
0 0 8103
0 0 6825
1 15439 15439
-1
-1
-1
1 6934 6934
1 28382 28382
1 8425 8425
0 0 5388
1 13390 13390
-1
-1
1 10581 10581
-1
1 12036 12036
1 27810 27810
-1
0 0 5124
0 0 345
0 0 4511
1 29678 29678
1 16024 16024
-1
-1
1 478 478
1 2229 2229
1 17511 17511
1 3884 3884
-1
1 26041 26041
1 16062 16062
1 19793 19793
1 3968 3968
0 0 6759
-1
0 0 14923
1 6525 6525
0 0 14012
0 0 4970
-1
1 16418 16418
1 2061 2061
-1
1 10503 10503
1 7382 7382
1 13876 13876
1 30929 30929
-1
-1
-1
-1
1 13126 13126
-1
1 13697 13697
-1
-1
-1
-1
-1
0 0 11694
-1
-1
1 21318 21318
1 1506 1506
0 0 3419
-1
1 31410 31410
0 0 7497
-1
1 30840 30840
0 0 14111
0 0 5364
1 7749 7749
1 9904 9904
1 31625 31625
0 0 9657
1 10104 10104
0 0 4297
-1
0 0 7978
-1
1 7487 7487
-1
-1
0 0 10163
-1
-1
1 19856 19856
-1
0 0 5061
-1
0 0 6473
-1
-1
0 0 697
1 27459 27459
0 0 13723
0 0 9988
-1
1 29734 29734
1 22582 22582
1 6737 6737
-1
-1
-1
0 0 2874
0 0 2842
-1
0 0 2750
0 0 1711
-1
0 0 6010
1 16197 16197
-1
0 0 1292
1 16636 16636
-1
1 24772 24772
-1
0 0 7491
-1
1 30265 30265
0 0 13467
-1
1 3350 3350
-1
1 5509 5509
0 0 8153
0 0 10911
1 6979 6979
0 0 4710
-1
1 14157 14157
1 28998 28998
0 0 5690
0 0 14386
1 982 982
1 7582 7582
-1
0 0 3456
0 0 14736
1 26579 26579
0 0 11308
-1
1 2474 2474
1 25923 25923
1 19115 19115
0 0 2453
0 0 9809
0 0 10447
-1
-1
-1
1 14188 14188
0 0 3546
1 11031 11031
0 0 11666
0 0 13377
-1
-1
-1
0 0 9032
-1
-1
-1
0 0 11723
1 960 960
-1
1 5060 5060
1 17002 17002
1 28996 28996
-1
0 0 1619
1 24372 24372
0 0 7389
0 0 1409
0 0 8700
0 0 13305
0 0 3077
1 14991 14991
1 9867 9867
-1
1 25614 25614
1 16112 16112
0 0 1328
-1
0 0 16265
0 0 8306
0 0 409
-1
1 4186 4186
-1
0 0 886
-1
1 4507 4507
0 0 7797
-1
-1
0 0 5568
1 1630 1630
1 31948 31948
1 19225 19225
0 0 12563
1 15657 15657
0 0 14119
0 0 12512
1 4514 4514
1 31473 31473
-1
0 0 6410
1 14967 14967
0 0 8373
1 19877 19877
-1
1 7713 7713
-1
0 0 14534
0 0 13613
-1
-1
0 0 6337
-1
0 0 7630
-1
-1
1 20580 20580
-1
1 27482 27482
-1
0 0 4516
-1
-1
-1
1 15852 15852
0 0 12324
-1
-1
1 7608 7608
1 79 79
1 22990 22990
-1
0 0 3316
1 14897 14897
0 0 14591
1 24112 24112
1 15378 15378
0 0 11396
-1
1 51 51
1 26774 26774
-1
1 25300 25300
0 0 10538
-1
-1
-1
1 20927 20927
-1
0 0 399
0 0 4176
0 0 3370
1 32042 32042
1 28001 28001
1 32212 32212
-1
-1
1 25574 25574
1 1008 1008
-1
0 0 173
1 26113 26113
0 0 1261
0 0 11886
-1
-1
1 22154 22154
1 13420 13420
0 0 1580
-1
1 8585 8585
0 0 15689
1 29270 29270
0 0 108
-1
0 0 2291
1 11264 11264
0 0 6024
0 0 15171
-1
0 0 3778
0 0 5410
1 1792 1792
-1
0 0 12723
1 26625 26625
0 0 10719
1 30970 30970
-1
0 0 4768
-1
1 32396 32396
-1
0 0 12668
1 11606 11606
1 24913 24913
-1
1 12941 12941
0 0 7334
0 0 13900
0 0 10254
0 0 10540
-1
1 25834 25834
1 11736 11736
1 6698 6698
-1
1 23674 23674
-1
1 14274 14274
-1
0 0 11227
-1
0 0 7596
-1
0 0 8415
-1
-1
0 0 13411
-1
-1
1 7322 7322
-1
-1
1 14497 14497
1 22389 22389
0 0 4928
1 6894 6894
0 0 4366
-1
-1
0 0 12668
0 0 8909
-1
-1
-1
1 350 350
-1
1 18258 18258
0 0 12071
-1
0 0 12300
1 29037 29037
1 11136 11136
-1
-1
-1
-1
-1
-1
-1
0 0 7062
-1
0 0 279
0 0 784
0 0 7843
0 0 5219
0 0 12763
0 0 3022
-1
-1
-1
0 0 12603
1 13256 13256
1 27411 27411
-1
0 0 8461
-1
-1
-1
0 0 3973
0 0 466
0 0 218
0 0 13355
-1
-1
1 3272 3272
0 0 15907
0 0 9107
0 0 7479
1 20162 20162
0 0 8400
1 22839 22839
-1
-1
0 0 10017
-1
-1
0 0 15563
-1
-1
-1
0 0 5290
-1
-1
1 15177 15177
1 32456 32456
-1
0 0 13413
1 11849 11849
1 18804 18804
1 974 974
-1
-1
0 0 8217
-1
-1
0 0 3319
0 0 9431
-1
-1
0 0 4592
1 5356 5356
0 0 12746
-1
-1
1 447 447
1 14610 14610
-1
0 0 322
0 0 11432
1 1162 1162
0 0 5455
-1
1 22174 22174
0 0 5873
0 0 8126
1 5563 5563
-1
0 0 11516
1 9849 9849
1 774 774
0 0 9537
-1
0 0 11944
0 0 5354
-1
-1
1 5976 5976
-1
-1
-1
1 11765 11765
-1
0 0 16217
0 0 11263
0 0 12434
0 0 9547
1 2696 2696
-1
-1
1 24118 24118
1 13879 13879
-1
0 0 10371
-1
0 0 16045
0 0 4317
1 13075 13075
1 8031 8031
0 0 5361
1 25012 25012
-1
1 7421 7421
-1
1 13689 13689
1 14431 14431
1 17199 17199
1 9614 9614
0 0 373
0 0 8952
0 0 11329
1 3255 3255
1 18014 18014
0 0 6415
0 0 16155
0 0 13609
1 28447 28447
0 0 452
-1
1 12149 12149
-1
-1
1 12361 12361
1 16008 16008
-1
0 0 15406
-1
1 29641 29641
1 13534 13534
-1
-1
-1
-1
0 0 14314
1 108 108
1 1516 1516
-1
1 29621 29621
-1
0 0 5238
1 3388 3388
-1
-1
1 16216 16216
1 8257 8257
1 3873 3873
0 0 5070
-1
0 0 7322
1 4750 4750
0 0 4419
-1
-1
1 29998 29998
0 0 638
1 24709 24709
0 0 14119
1 740 740
-1
1 20524 20524
1 12175 12175
0 0 3027
0 0 14493
1 14570 14570
-1
-1
1 29077 29077
-1
0 0 6732
0 0 13512
-1
0 0 6795
1 30899 30899
-1
-1
-1
1 32209 32209
-1
1 24276 24276
1 37 37
1 1662 1662
0 0 12345
1 14371 14371
1 9912 9912
-1
1 20006 20006
-1
0 0 9526
-1
-1
1 9148 9148
-1
-1
1 23842 23842
1 12786 12786
1 22919 22919
0 0 1397
1 12332 12332
-1
1 30562 30562
0 0 8938
0 0 6682
0 0 15778
1 6221 6221
1 1423 1423
0 0 11145
-1
1 22036 22036
-1
-1
0 0 12302
1 9944 9944
-1
1 32629 32629
1 23002 23002
0 0 8903
-1
-1
0 0 5028
0 0 13632
0 0 13323
1 2686 2686
1 24483 24483
-1
0 0 7756
1 32022 32022
0 0 2413
0 0 3823
0 0 8126
0 0 10571
1 19986 19986
-1
-1
-1
1 28708 28708
1 24782 24782
-1
0 0 7603
1 19994 19994
-1
1 9464 9464
-1
-1
1 18533 18533
-1
-1
0 0 13813
1 6535 6535
0 0 1724
0 0 9222
0 0 9904
0 0 14207
1 15234 15234
0 0 1545
-1
1 26503 26503
1 8050 8050
1 16832 16832
-1
0 0 537
1 14308 14308
-1
0 0 243
1 20709 20709
0 0 626
1 28883 28883
1 27268 27268
1 23770 23770
-1
-1
-1
1 796 796
1 32528 32528
-1
1 29152 29152
0 0 391
1 25627 25627
1 14809 14809
1 4755 4755
-1
-1
0 0 3773
1 10008 10008
1 17960 17960
1 2291 2291
0 0 15595
1 28141 28141
0 0 7451
1 2777 2777
1 13666 13666
1 26175 26175
1 19137 19137
1 9312 9312
1 22314 22314
0 0 10810
-1
-1
0 0 11174
-1
0 0 3416
0 0 7041
-1
0 0 9358
1 24989 24989
0 0 16106
0 0 3522
0 0 7533
-1
0 0 12381
0 0 7389
0 0 6410
0 0 7410
0 0 8216
1 15248 15248
-1
-1
0 0 14421
-1
0 0 13415
1 8729 8729
-1
-1
1 20796 20796
-1
1 30002 30002
-1
-1
0 0 8762
-1
0 0 15815
0 0 12388
0 0 13386
1 19443 19443
-1
-1
0 0 15417
1 18823 18823
-1
1 16104 16104
1 31921 31921
0 0 6375
1 21435 21435
0 0 14168
0 0 10595
1 25320 25320
-1
0 0 13111
-1
-1
1 25323 25323
-1
0 0 6839
-1
1 4748 4748
0 0 9908
0 0 6343
-1
0 0 8157
0 0 4958
-1
1 5814 5814
-1
-1
-1
0 0 452
0 0 12521
0 0 3618
0 0 16109
0 0 9523
1 11957 11957
0 0 15651
1 14380 14380
0 0 5068
1 23066 23066
0 0 5715
0 0 7399
-1
1 31409 31409
0 0 4677
-1
1 20454 20454
1 25276 25276
1 2897 2897
-1
0 0 2413
0 0 10313
-1
0 0 1832
1 17621 17621
1 28449 28449
1 28406 28406
-1
0 0 11825
1 9829 9829
1 16401 16401
0 0 5821
1 7684 7684
-1
0 0 4291
-1
1 10419 10419
-1
0 0 5275
-1
1 21079 21079
-1
0 0 2074
0 0 6812
-1
-1
1 18248 18248
1 14975 14975
0 0 9206
-1
0 0 11703
1 30581 30581
1 29430 29430
-1
0 0 5420
1 17483 17483
0 0 12819
1 7752 7752
1 26345 26345
-1
1 24490 24490
1 8572 8572
0 0 14044
1 255 255
-1
1 13411 13411
-1
0 0 14001
1 19628 19628
1 11586 11586
0 0 9211
0 0 8665
-1
1 13559 13559
1 32156 32156
0 0 9634
-1
-1
0 0 3443
-1
-1
0 0 12822
0 0 6203
1 4773 4773
-1
1 7880 7880
1 922 922
1 20930 20930
0 0 5222
1 16237 16237
0 0 2410
0 0 8414
1 30928 30928
-1
0 0 13615
0 0 3783
0 0 7765
0 0 1713
1 18598 18598
0 0 514
0 0 12106
1 22124 22124
0 0 2404
0 0 2079
0 0 9178
0 0 14074
1 6428 6428
0 0 8474
-1
-1
-1
0 0 7063
-1
1 27211 27211
-1
-1
1 4308 4308
0 0 443
0 0 12166
0 0 14970
-1
-1
0 0 7037
1 26486 26486
-1
-1
0 0 12580
0 0 2228
1 342 342
-1
-1
1 25145 25145
1 18088 18088
-1
-1
0 0 9427
1 29394 29394
0 0 11816
0 0 9083
-1
1 14356 14356
1 9161 9161
-1
1 24583 24583
-1
1 3162 3162
-1
-1
0 0 3979
1 24283 24283
-1
0 0 5648
1 8986 8986
-1
0 0 11212
-1
-1
0 0 4662
1 16819 16819
0 0 5479
0 0 5363
-1
1 23787 23787
-1
-1
1 20422 20422
1 23969 23969
0 0 1813
0 0 2547
0 0 2342
0 0 5556
0 0 5599
1 19962 19962
0 0 3768
1 30092 30092
0 0 9925
0 0 7580
0 0 5707
-1
1 6120 6120
-1
-1
1 19846 19846
0 0 6853
-1
1 1369 1369
0 0 7288
1 32756 32756
-1
-1
-1
1 30720 30720
1 13980 13980
0 0 6430
-1
0 0 1838
0 0 15660
-1
1 5671 5671
1 15368 15368
1 31535 31535
0 0 12563
1 10934 10934
-1
0 0 847
1 12736 12736
0 0 920
1 11769 11769
0 0 16140
1 27972 27972
1 2738 2738
-1
-1
-1
-1
-1
1 13756 13756
1 25852 25852
-1
-1
-1
-1
-1
-1
1 26551 26551
0 0 4604
0 0 42
0 0 1125
-1
1 380 380
1 27582 27582
-1
1 14573 14573
0 0 12048
-1
1 9175 9175
1 23104 23104
1 6903 6903
-1
1 28563 28563
-1
1 12448 12448
-1
1 23125 23125
1 27183 27183
1 24532 24532
-1
0 0 15366
0 0 1126
-1
1 3788 3788
0 0 2495
0 0 10146
-1
1 18297 18297
1 9925 9925
-1
0 0 194
0 0 299
-1
1 10686 10686
0 0 12429
-1
0 0 1643
1 7521 7521
0 0 11325
-1
0 0 11899
0 0 143
1 21333 21333
-1
0 0 8268
1 6569 6569
0 0 3189
-1
1 7672 7672
1 21543 21543
1 31894 31894
0 0 13046
-1
0 0 12633
0 0 12063
1 19407 19407
-1
1 10457 10457
1 31462 31462
0 0 16308
-1
0 0 15374
0 0 1679
0 0 10865
0 0 10960
1 7284 7284
1 15759 15759
-1
-1
-1
1 25459 25459
0 0 14873
0 0 11837
0 0 14781
0 0 2701
-1
-1
1 29402 29402
0 0 1075
0 0 6424
1 11151 11151
0 0 5334
-1
0 0 12259
0 0 5950
-1
1 7263 7263
1 23180 23180
0 0 10763
0 0 261
-1
1 31769 31769
-1
0 0 3060
1 18697 18697
-1
0 0 10820
0 0 2924
0 0 8334
1 13674 13674
1 11793 11793
-1
-1
1 18788 18788
-1
0 0 13514
0 0 11587
1 21901 21901
-1
-1
-1
0 0 961
0 0 11436
0 0 14719
0 0 16159
1 24978 24978
0 0 7270
1 11262 11262
0 0 12095
-1
1 3303 3303
-1
1 5199 5199
0 0 5349
1 30112 30112
1 23831 23831
-1
-1
-1
1 16681 16681
0 0 11008
0 0 11491
0 0 6203
1 5499 5499
0 0 6689
-1
1 1964 1964
0 0 11733
0 0 12013
1 2136 2136
-1
1 23881 23881
1 17896 17896
0 0 15358
-1
0 0 15407
0 0 7123
1 18319 18319
-1
1 15332 15332
-1
-1
-1
-1
0 0 14391
-1
-1
1 18413 18413
1 6859 6859
0 0 7455
1 21139 21139
1 936 936
0 0 4925
0 0 1082
0 0 2268
-1
1 24217 24217
0 0 9257
1 32730 32730
-1
1 6484 6484
1 9859 9859
-1
0 0 14212
-1
-1
-1
0 0 8454
0 0 7394
0 0 5886
1 25312 25312
-1
0 0 15326
1 23450 23450
0 0 5993
1 15827 15827
0 0 7402
0 0 1176
-1
1 6311 6311
1 29987 29987
0 0 3255
-1
0 0 841
-1
-1
0 0 14347
0 0 10368
0 0 12615
1 31376 31376
0 0 11189
-1
1 18231 18231
0 0 7720
-1
1 32462 32462
0 0 15764
0 0 7607
-1
-1
1 3803 3803
0 0 14478
-1
0 0 12728
1 29529 29529
1 23484 23484
1 9324 9324
1 2042 2042
-1
1 21351 21351
0 0 11280
-1
1 2250 2250
0 0 5940
-1
-1
-1
-1
-1
1 13044 13044
1 4707 4707
0 0 13523
1 5278 5278
-1
-1
0 0 2815
-1
1 11481 11481
0 0 2087
1 14053 14053
-1
1 845 845
1 296 296
-1
-1
0 0 3530
-1
-1
-1
0 0 1407
-1
1 32670 32670
1 14518 14518
-1
1 6144 6144
0 0 9910
-1
1 11954 11954
1 25591 25591
0 0 13937
0 0 11920
1 27996 27996
-1
0 0 7403
0 0 16091
0 0 4212
1 9008 9008
1 16333 16333
1 21626 21626
0 0 11444
0 0 7442
0 0 3906
1 27659 27659
0 0 9649
1 6892 6892
-1
1 32089 32089
0 0 13864
0 0 488
1 21803 21803
-1
-1
-1
0 0 7435
0 0 3532
0 0 6235
1 9478 9478
0 0 1372
-1
0 0 12850
1 18767 18767
-1
-1
1 20602 20602
-1
1 20319 20319
1 6384 6384
-1
-1
1 1534 1534
1 8665 8665
1 9405 9405
1 6890 6890
-1
-1
-1
0 0 4916
0 0 8336
1 7117 7117
1 17888 17888
0 0 7830
-1
-1
0 0 11856
-1
-1
0 0 10114
0 0 3522
-1
0 0 7495
0 0 1023
-1
0 0 16063
-1
-1
1 27788 27788
-1
0 0 10048
1 11406 11406
1 503 503
-1
-1
-1
1 28439 28439
0 0 2671
0 0 8608
-1
-1
-1
1 4485 4485
-1
1 22662 22662
1 6727 6727
1 19584 19584
-1
-1
1 9922 9922
-1
0 0 12446
0 0 14013
1 383 383
0 0 14487
0 0 2112
0 0 11818
1 10949 10949
1 10030 10030
0 0 8095
1 4564 4564
0 0 6840
0 0 3518
-1
1 32506 32506
1 22382 22382
-1
-1
0 0 11355
1 19010 19010
-1
0 0 7790
0 0 12856
0 0 15810
0 0 9709
-1
-1
-1
-1
0 0 11376
-1
1 10004 10004
1 14725 14725
1 8321 8321
1 26324 26324
-1
0 0 363
-1
-1
-1
0 0 6794
1 1919 1919
1 20626 20626
0 0 10544
1 23185 23185
0 0 2809
1 14842 14842
1 31483 31483
0 0 7851
1 8443 8443
0 0 8429
-1
0 0 9681
-1
-1
1 6566 6566
-1
0 0 4039
1 10768 10768
0 0 9308
0 0 12764
0 0 2151
1 32717 32717
1 19565 19565
-1
-1
0 0 1001
-1
-1
1 14270 14270
-1
1 22936 22936
1 12107 12107
0 0 4173
-1
1 18609 18609
1 28671 28671
0 0 7197
-1
1 10416 10416
1 28557 28557
-1
0 0 9570
1 12376 12376
0 0 12264
1 27966 27966
1 2128 2128
1 21119 21119
0 0 6060
0 0 5175
0 0 1210
1 16017 16017
0 0 1782
-1
-1
-1
0 0 8320
1 7978 7978
0 0 2140
1 5127 5127
-1
1 762 762
1 2893 2893
1 28580 28580
-1
-1
-1
0 0 5456
0 0 3
1 27622 27622
1 2803 2803
-1
0 0 15794
1 3263 3263
-1
-1
1 22952 22952
-1
0 0 13818
1 12367 12367
0 0 10369
1 26507 26507
0 0 12664
0 0 4244
0 0 7788
1 31156 31156
1 19795 19795
0 0 6042
-1
-1
1 449 449
1 17192 17192
1 25735 25735
-1
1 9552 9552
-1
0 0 3286
0 0 16178
0 0 1028
0 0 9528
-1
0 0 7066
0 0 10421
0 0 9672
0 0 5774
1 11746 11746
1 31976 31976
0 0 12181
-1
1 12652 12652
0 0 4915
0 0 16043
1 19869 19869
1 23331 23331
1 9919 9919
0 0 12639
0 0 14942
-1
-1
1 24868 24868
1 26496 26496
1 15616 15616
1 6960 6960
0 0 16364
0 0 5738
0 0 3062
1 21056 21056
0 0 13857
1 16984 16984
0 0 8136
-1
-1
1 24801 24801
-1
1 14048 14048
-1
-1
0 0 2584
1 9890 9890
1 32634 32634
-1
0 0 13640
1 32741 32741
1 17365 17365
0 0 180
-1
1 1316 1316
1 13717 13717
1 31195 31195
-1
1 17998 17998
1 8474 8474
0 0 9857
0 0 6557
-1
1 19544 19544
0 0 6837
-1
-1
1 26452 26452
-1
0 0 9549
0 0 8305
-1
1 14900 14900
-1
1 29587 29587
0 0 2310
1 29488 29488
-1
-1
-1
-1
0 0 7604
1 177 177
1 19978 19978
-1
-1
1 28254 28254
1 3050 3050
0 0 10297
0 0 8626
-1
1 2392 2392
0 0 1923
1 27651 27651
-1
-1
-1
-1
-1
1 830 830
-1
-1
0 0 14031
0 0 2508
0 0 3984
0 0 4792
1 32707 32707
1 23621 23621
0 0 12294
0 0 5287
1 15524 15524
0 0 16020
-1
1 14898 14898
-1
-1
1 16275 16275
1 8014 8014
-1
0 0 3071
0 0 7777
0 0 3923
0 0 5727
1 29724 29724
1 22986 22986
-1
-1
1 24005 24005
1 6260 6260
1 8519 8519
1 7456 7456
1 27198 27198
0 0 3744
0 0 15262
1 9617 9617
0 0 12466
0 0 14834
-1
0 0 2520
1 20006 20006
1 9161 9161
0 0 14927
1 10606 10606
1 24326 24326
1 5256 5256
-1
1 22832 22832
-1
-1
1 21330 21330
-1
-1
0 0 8582
-1
0 0 7889
1 31656 31656
0 0 3272
0 0 3865
0 0 11504
0 0 13209
1 23398 23398
0 0 13659
-1
-1
1 9393 9393
0 0 2731
1 30969 30969
0 0 9255
1 23748 23748
0 0 13957
0 0 5069
-1
1 19111 19111
0 0 7948
-1
1 28819 28819
-1
0 0 11600
0 0 178
0 0 5307
0 0 14018
1 29458 29458
0 0 1734
1 23141 23141
1 10129 10129
1 16051 16051
0 0 8529
-1
0 0 15691
-1
1 16650 16650
0 0 1207
0 0 6097
0 0 2268
-1
1 645 645
-1
1 30285 30285
-1
0 0 3405
-1
1 18796 18796
1 29634 29634
1 20956 20956
1 8423 8423
1 13312 13312
-1
0 0 10759
1 29199 29199
-1
0 0 14578
0 0 5252
1 23813 23813
-1
1 1179 1179
0 0 6811
1 28301 28301
-1
-1
1 2582 2582
0 0 13455
1 17807 17807
1 4632 4632
-1
0 0 13491
1 3215 3215
-1
-1
-1
1 14430 14430
0 0 14739
0 0 13633
-1
-1
-1
0 0 3097
1 13000 13000
0 0 8776
1 14825 14825
1 27578 27578
0 0 14616
0 0 16110
0 0 14713
0 0 4041
1 27961 27961
0 0 5986
1 30656 30656
1 3784 3784
1 23619 23619
1 32716 32716
1 18940 18940
1 1400 1400
0 0 2228
0 0 4199
1 19788 19788
0 0 12459
1 7413 7413
1 4472 4472
0 0 10721
1 553 553
1 16873 16873
-1
0 0 15671
-1
-1
1 21145 21145
0 0 10980
-1
0 0 9797
0 0 3847
-1
0 0 11498
1 11836 11836
-1
-1
1 22356 22356
1 14941 14941
1 1846 1846
-1
1 22873 22873
0 0 14969
1 13406 13406
0 0 7786
0 0 848
-1
1 21529 21529
0 0 6514
0 0 11712
-1
1 5812 5812
0 0 8334
0 0 3375
-1
0 0 3176
1 24106 24106
0 0 1562
1 24123 24123
-1
-1
0 0 2186
1 31341 31341
0 0 5979
1 9515 9515
1 159 159
1 6768 6768
-1
1 1976 1976
0 0 11590
0 0 4185
0 0 8753
1 21320 21320
0 0 9108
-1
0 0 2553
0 0 613
0 0 13288
0 0 31
0 0 14039
1 17187 17187
0 0 15293
-1
0 0 10562
-1
0 0 7573
-1
1 13236 13236
-1
1 17020 17020
-1
1 23379 23379
1 31685 31685
0 0 15376
0 0 1113
1 9418 9418
0 0 16234
1 600 600
1 27405 27405
0 0 683
1 27629 27629
0 0 14782
0 0 7741
-1
0 0 11798
0 0 9531
0 0 15390
-1
1 31263 31263
0 0 8612
-1
0 0 7656
1 15942 15942
1 30595 30595
1 7383 7383
1 15143 15143
0 0 15820
-1
1 15036 15036
-1
0 0 7681
0 0 8113
0 0 13063
1 18212 18212
1 27871 27871
-1
-1
-1
1 23426 23426
1 16705 16705
0 0 2601
0 0 2654
-1
0 0 5681
-1
1 9711 9711
0 0 4371
1 5510 5510
0 0 5547
0 0 5779
1 13583 13583
1 29511 29511
0 0 5261
0 0 9822
0 0 4679
-1
1 522 522
1 1757 1757
-1
-1
-1
-1
-1
1 21801 21801
0 0 10575
1 5529 5529
0 0 5083
0 0 8022
-1
0 0 7449
1 23413 23413
1 24473 24473
-1
0 0 11562
1 20801 20801
-1
1 17755 17755
0 0 870
-1
-1
-1
1 29509 29509
-1
0 0 2310
0 0 9461
0 0 14170
-1
1 27842 27842
-1
1 11239 11239
1 11466 11466
-1
0 0 5199
-1
1 3760 3760
1 5646 5646
1 30023 30023
-1
1 9355 9355
-1
0 0 6179
-1
-1
0 0 8144
0 0 238
1 27743 27743
-1
1 26391 26391
1 10998 10998
0 0 8883
1 26200 26200
1 3040 3040
-1
1 32103 32103
1 7368 7368
-1
0 0 14078
1 12279 12279
0 0 14792
1 9849 9849
1 15820 15820
-1
0 0 12099
1 8514 8514
0 0 13557
0 0 2407
-1
0 0 10793
-1
1 13165 13165
-1
1 5336 5336
0 0 7496
-1
1 1580 1580
0 0 459
-1
0 0 4238
0 0 16229
0 0 7858
1 14082 14082
-1
0 0 648
-1
0 0 16063
-1
1 14864 14864
1 17647 17647
-1
-1
0 0 3684
-1
0 0 15981
1 6899 6899
0 0 2904
-1
1 6086 6086
-1
1 22578 22578
-1
0 0 5874
1 20300 20300
1 1323 1323
0 0 8116
-1
-1
0 0 6327
0 0 1757
-1
1 3791 3791
-1
-1
0 0 8927
1 5325 5325
-1
1 15416 15416
-1
1 14004 14004
0 0 16123
-1
-1
-1
-1
0 0 12714
0 0 11225
1 4471 4471
0 0 7875
1 29274 29274
1 11892 11892
-1
-1
0 0 10492
-1
1 26318 26318
0 0 3259
1 19615 19615
-1
0 0 11397
-1
1 80 80
1 31071 31071
1 2995 2995
-1
-1
0 0 14774
-1
-1
0 0 4065
0 0 8636
1 29280 29280
-1
1 11758 11758
-1
-1
0 0 14836
-1
-1
0 0 7462
0 0 15781
-1
0 0 13593
-1
-1
1 30171 30171
-1
-1
0 0 10336
0 0 15199
-1
0 0 4614
0 0 10882
1 15764 15764
0 0 8174
0 0 5893
0 0 12653
1 24341 24341
0 0 3622
-1
-1
-1
0 0 12053
0 0 1415
1 6808 6808
1 16472 16472
0 0 10726
1 19186 19186
0 0 12584
1 9836 9836
0 0 14559
1 19383 19383
-1
0 0 8807
1 18243 18243
-1
1 22949 22949
0 0 12302
0 0 8550
0 0 12510
0 0 12707
0 0 7170
-1
1 18042 18042
-1
-1
1 3268 3268
1 19479 19479
0 0 7485
-1
0 0 11855
0 0 16273
0 0 1957
1 30933 30933
-1
1 9985 9985
1 25558 25558
0 0 3972
1 24547 24547
1 15981 15981
1 15775 15775
1 6127 6127
-1
1 15348 15348
0 0 3661
-1
-1
-1
1 22453 22453
1 8957 8957
1 9037 9037
1 4519 4519
0 0 9381
-1
1 24435 24435
-1
1 19375 19375
-1
0 0 10794
0 0 15882
-1
-1
0 0 2128
0 0 1455
1 1774 1774
-1
-1
1 11383 11383
0 0 6744
0 0 4641
0 0 7262
0 0 13146
0 0 776
1 449 449
1 11760 11760
1 16708 16708
0 0 2131
1 27297 27297
0 0 2860
0 0 11732
0 0 12925
-1
1 14246 14246
1 22070 22070
1 15116 15116
-1
1 4933 4933
-1
0 0 14182
1 19452 19452
0 0 9575
0 0 2595
0 0 9809
-1
1 21651 21651
1 10520 10520
-1
1 30949 30949
1 25 25
-1
0 0 12980
1 27202 27202
1 19094 19094
-1
1 31721 31721
1 9762 9762
0 0 443
0 0 10483
-1
-1
0 0 8302
0 0 10939
1 4535 4535
0 0 7630
0 0 4620
-1
-1
1 3393 3393
0 0 14107
1 18630 18630
1 5999 5999
-1
-1
1 10988 10988
0 0 11221
0 0 10563
1 1208 1208
-1
-1
-1
-1
-1
0 0 1822
-1
-1
1 20130 20130
1 8038 8038
0 0 937
0 0 5923
0 0 4623
1 2246 2246
0 0 6888
-1
0 0 15120
0 0 5907
0 0 15085
-1
0 0 15135
-1
0 0 14545
0 0 7749
-1
-1
0 0 8054
1 21885 21885
-1
1 12031 12031
0 0 1991
1 15694 15694
1 20987 20987
0 0 1387
0 0 6393
-1
1 29802 29802
-1
1 24984 24984
-1
-1
1 12489 12489
0 0 13257
0 0 335
0 0 5908
1 7514 7514
0 0 1413
0 0 1163
0 0 11762
0 0 9542
1 20920 20920
1 22090 22090
1 7735 7735
0 0 9375
1 4206 4206
-1
1 25766 25766
0 0 7458
-1
1 4659 4659
-1
-1
0 0 13254
1 23189 23189
0 0 3283
0 0 12456
0 0 5307
0 0 11013
1 7789 7789
0 0 13471
-1
1 20650 20650
1 29885 29885
1 12369 12369
1 18722 18722
1 5313 5313
-1
1 25243 25243
-1
1 24399 24399
0 0 12930
0 0 7060
-1
0 0 4676
0 0 14825
1 7286 7286
-1
1 9301 9301
1 24279 24279
-1
-1
1 20178 20178
1 1039 1039
-1
0 0 4704
1 30926 30926
0 0 13798
1 10269 10269
-1
0 0 12326
0 0 14489
1 3052 3052
1 22282 22282
1 265 265
-1
-1
0 0 14112
1 14573 14573
-1
0 0 100
0 0 13314
1 15512 15512
1 12225 12225
-1
0 0 15273
0 0 11760
-1
0 0 10836
-1
-1
0 0 14873
-1
0 0 6956
1 32666 32666
-1
-1
-1
-1
0 0 854
-1
-1
-1
-1
0 0 987
1 10927 10927
1 18345 18345
-1
1 15056 15056
0 0 11415
-1
0 0 15580
0 0 12306
1 1092 1092
0 0 3737
-1
1 510 510
1 9613 9613
0 0 12360
-1
1 10778 10778
1 20919 20919
0 0 5714
0 0 10621
1 24107 24107
-1
-1
0 0 2003
-1
1 14289 14289
-1
-1
-1
0 0 2945
0 0 2399
0 0 13571
-1
0 0 3661
-1
0 0 14829
-1
0 0 9749
1 18527 18527
1 400 400
0 0 5238
-1
-1
1 17161 17161
0 0 8284
-1
-1
-1
0 0 2692
1 8350 8350
0 0 14799
0 0 13494
1 3373 3373
1 23779 23779
0 0 10066
1 28735 28735
-1
1 25132 25132
0 0 6607
1 20384 20384
1 16646 16646
0 0 2050
-1
-1
1 11169 11169
0 0 902
-1
1 17275 17275
0 0 8306
-1
0 0 3603
-1
0 0 8625
1 11146 11146
0 0 3245
1 2070 2070
0 0 2132
1 5154 5154
0 0 4479
-1
1 19891 19891
0 0 1686
0 0 7101
0 0 13029
-1
-1
1 5481 5481
1 27403 27403
1 19283 19283
1 6846 6846
1 28700 28700
-1
0 0 5588
0 0 13187
0 0 14859
0 0 2164
-1
0 0 547
-1
0 0 1043
1 10982 10982
-1
0 0 10619
1 23736 23736
1 22470 22470
1 19216 19216
0 0 14004
-1
-1
-1
0 0 13470
0 0 5016
0 0 9773
-1
-1
0 0 6954
0 0 8352
1 20778 20778
0 0 4267
1 5706 5706
-1
-1
1 31434 31434
1 26241 26241
-1
1 20039 20039
0 0 5243
0 0 5791
-1
-1
0 0 15066
1 20509 20509
-1
1 11261 11261
1 272 272
1 23689 23689
1 20054 20054
1 16429 16429
0 0 6884
0 0 4129
1 25896 25896
0 0 16281
-1
-1
1 18753 18753
1 26687 26687
-1
-1
1 18130 18130
1 1556 1556
0 0 4950
0 0 9246
0 0 321
-1
1 28650 28650
1 21194 21194
-1
-1
0 0 4905
-1
0 0 15887
0 0 12296
1 860 860
-1
0 0 9996
0 0 10971
0 0 15705
-1
1 20308 20308
0 0 14992
0 0 5980
-1
1 19000 19000
0 0 15493
1 13569 13569
-1
-1
-1
-1
-1
1 21609 21609
-1
0 0 3286
-1
0 0 7655
0 0 8224
1 11196 11196
0 0 7847
-1
0 0 11075
-1
1 14069 14069
-1
1 13088 13088
-1
1 25325 25325
-1
0 0 2400
1 21535 21535
1 20452 20452
-1
0 0 2582
-1
1 21723 21723
0 0 190
1 30914 30914
-1
-1
1 24260 24260
1 13551 13551
1 23731 23731
0 0 6074
-1
-1
1 11925 11925
1 22843 22843
1 21481 21481
1 6191 6191
0 0 9535
1 9295 9295
1 18567 18567
-1
0 0 9657
-1
0 0 3895
0 0 251
0 0 5398
1 2629 2629
1 29154 29154
1 9560 9560
-1
0 0 14327
0 0 10443
1 1935 1935
0 0 12711
-1
0 0 3483
1 4248 4248
0 0 11797
-1
-1
1 8065 8065
-1
0 0 3989
0 0 9299
0 0 13687
0 0 11475
1 9415 9415
-1
-1
-1
1 17930 17930
-1
1 15043 15043
-1
0 0 13787
1 19491 19491
1 9941 9941
0 0 11755
0 0 14068
0 0 9807
-1
-1
0 0 11846
-1
-1
0 0 11193
1 6113 6113
0 0 13267
0 0 2407
0 0 12883
0 0 7295
1 20540 20540
0 0 8861
0 0 7563
1 19019 19019
1 12238 12238
-1
0 0 10129
-1
-1
-1
-1
-1
0 0 8891
-1
-1
0 0 1774
0 0 13978
1 15355 15355
1 29185 29185
0 0 11788
-1
-1
1 10651 10651
1 3069 3069
-1
0 0 10797
1 27943 27943
-1
1 30475 30475
1 4514 4514
1 186 186
1 8478 8478
-1
1 24668 24668
1 16411 16411
0 0 3980
-1
-1
1 839 839
0 0 14492
-1
0 0 2276
1 21229 21229
-1
-1
1 3324 3324
-1
1 32135 32135
1 6627 6627
1 7079 7079
1 6381 6381
1 25362 25362
0 0 10883
-1
1 19628 19628
-1
-1
-1
-1
1 23380 23380
0 0 3282
1 24406 24406
0 0 2644
-1
1 24489 24489
1 27429 27429
0 0 4608
1 19408 19408
1 14700 14700
-1
0 0 5418
0 0 12111
1 19795 19795
0 0 5770
-1
0 0 7439
0 0 1885
0 0 12924
1 30308 30308
1 24819 24819
1 10862 10862
0 0 12301
1 15579 15579
-1
-1
0 0 6697
0 0 14947
-1
0 0 16157
0 0 5825
1 11846 11846
-1
-1
1 3625 3625
-1
1 8583 8583
1 30523 30523
0 0 4074
-1
0 0 8025
-1
1 5031 5031
-1
-1
-1
-1
0 0 1686
0 0 6819
1 12444 12444
0 0 12185
-1
1 7779 7779
0 0 7051
1 25495 25495
1 2570 2570
0 0 6708
0 0 12673
1 5239 5239
0 0 6933
0 0 1249
0 0 6043
-1
0 0 2328
-1
-1
0 0 14382
1 29966 29966
1 1616 1616
1 20235 20235
-1
-1
0 0 4864
1 10526 10526
1 22795 22795
1 25132 25132
0 0 7042
0 0 15532
0 0 13993
-1
0 0 12596
-1
0 0 14070
-1
0 0 11787
0 0 3087
1 16473 16473
1 27834 27834
1 23365 23365
-1
1 6059 6059
-1
1 25345 25345
-1
1 25864 25864
1 2218 2218
1 23213 23213
-1
1 6189 6189
1 18951 18951
0 0 15166
0 0 12204
-1
-1
1 28667 28667
0 0 16367
0 0 3407
1 7029 7029
1 3715 3715
1 4110 4110
0 0 13154
1 14642 14642
0 0 16356
1 8224 8224
-1
-1
-1
-1
-1
-1
0 0 10742
-1
1 16430 16430
1 5581 5581
-1
-1
1 17870 17870
1 3574 3574
-1
1 26914 26914
1 22494 22494
-1
-1
0 0 12337
1 16334 16334
-1
-1
-1
-1
0 0 3156
0 0 1435
1 18322 18322
-1
1 26750 26750
1 2977 2977
1 3649 3649
-1
-1
1 12614 12614
-1
1 11956 11956
0 0 12751
0 0 13903
0 0 5995
1 20544 20544
1 7309 7309
-1
1 28084 28084
0 0 9845
0 0 12073
0 0 4344
1 24454 24454
1 16815 16815
1 12997 12997
0 0 10496
1 19049 19049
1 25243 25243
-1
1 9456 9456
0 0 1592
0 0 11689
0 0 9986
-1
1 26658 26658
-1
0 0 7294
0 0 8731
0 0 4220
-1
-1
0 0 10913
-1
1 13516 13516
-1
-1
0 0 3038
-1
1 3477 3477
-1
1 16868 16868
1 9375 9375
1 30209 30209
0 0 3613
1 2719 2719
-1
1 20234 20234
1 2519 2519
-1
-1
-1
0 0 5686
1 17090 17090
-1
-1
0 0 1691
-1
0 0 14770
-1
1 10183 10183
1 18564 18564
1 8909 8909
-1
-1
-1
1 32044 32044
-1
-1
0 0 14788
1 28691 28691
1 15655 15655
-1
1 896 896
-1
1 4417 4417
1 14497 14497
0 0 15703
1 7341 7341
0 0 4212
0 0 13064
1 31344 31344
1 2538 2538
0 0 8819
1 20370 20370
1 1048 1048
1 26565 26565
1 29240 29240
0 0 16257
0 0 8885
1 20276 20276
0 0 14149
-1
0 0 6802
1 2500 2500
0 0 10850
1 20295 20295
0 0 16314
1 25106 25106
0 0 13503
0 0 8893
-1
-1
-1
1 27992 27992
-1
-1
-1
0 0 10929
0 0 16377
0 0 14637
-1
0 0 13943
0 0 14455
0 0 8566
-1
-1
1 28851 28851
0 0 3074
-1
0 0 14209
1 21156 21156
-1
0 0 9742
0 0 5228
0 0 11150
1 29369 29369
1 1793 1793
1 12750 12750
0 0 3061
1 32192 32192
0 0 5947
1 27865 27865
0 0 8807
0 0 1169
1 26855 26855
0 0 4196
-1
1 30150 30150
0 0 442
-1
1 10923 10923
-1
1 13937 13937
1 25774 25774
1 12651 12651
-1
-1
1 25057 25057
1 26836 26836
-1
0 0 5384
0 0 14778
0 0 13557
0 0 5084
1 15327 15327
-1
1 24232 24232
1 4078 4078
0 0 8379
1 8279 8279
0 0 14142
-1
1 32431 32431
1 31620 31620
-1
-1
1 19860 19860
1 11214 11214
1 11109 11109
1 13911 13911
1 4839 4839
1 18678 18678
0 0 9613
0 0 9386
0 0 333
1 21394 21394
1 29733 29733
-1
0 0 6700
-1
1 3257 3257
-1
-1
0 0 12621
0 0 2494
1 30957 30957
0 0 11529
1 216 216
-1
1 21410 21410
0 0 1074
1 16677 16677
-1
0 0 313
1 18025 18025
1 16314 16314
-1
-1
1 16843 16843
1 1190 1190
-1
-1
0 0 2933
1 7241 7241
0 0 14527
-1
1 5470 5470
-1
1 12636 12636
-1
1 21611 21611
0 0 9966
0 0 7762
-1
0 0 3015
-1
0 0 3022
-1
0 0 380
0 0 12424
0 0 4031
0 0 14347
0 0 4102
-1
-1
1 24566 24566
1 12773 12773
0 0 9181
1 17072 17072
-1
-1
0 0 12488
0 0 6875
-1
-1
1 26871 26871
1 28183 28183
1 16075 16075
1 21242 21242
1 28610 28610
1 8528 8528
-1
0 0 13103
-1
1 6357 6357
-1
1 3339 3339
1 6658 6658
1 32394 32394
-1
1 21199 21199
-1
-1
1 22408 22408
0 0 1623
-1
0 0 3250
0 0 11936
0 0 5808
-1
-1
0 0 14204
-1
0 0 7272
0 0 10897
0 0 7179
0 0 5844
-1
1 20773 20773
0 0 1354
1 24496 24496
-1
0 0 7713
1 28549 28549
-1
0 0 707
-1
0 0 964
-1
-1
0 0 2114
0 0 7595
1 9686 9686
0 0 153
1 31148 31148
0 0 7709
0 0 2372
1 4000 4000
1 23277 23277
0 0 10825
1 25887 25887
0 0 3600
1 7211 7211
1 2132 2132
1 1575 1575
0 0 8272
-1
-1
0 0 15472
1 10085 10085
0 0 13684
1 25791 25791
0 0 4063
1 29568 29568
1 14960 14960
1 14771 14771
0 0 10357
1 31068 31068
1 5893 5893
1 29603 29603
1 15040 15040
-1
1 21965 21965
-1
1 6223 6223
-1
-1
0 0 2101
-1
0 0 15357
0 0 2537
1 24620 24620
-1
-1
1 6176 6176
-1
0 0 385
1 28486 28486
-1
-1
1 10666 10666
-1
0 0 9680
1 24455 24455
1 14183 14183
1 21460 21460
-1
0 0 3748
-1
1 31453 31453
1 14725 14725
-1
1 7033 7033
1 6556 6556
0 0 2897
0 0 3384
-1
-1
1 28461 28461
1 1627 1627
-1
1 4567 4567
0 0 11818
0 0 11558
0 0 15663
-1
-1
1 30585 30585
-1
1 31486 31486
0 0 8123
1 28966 28966
0 0 7714
-1
-1
1 19759 19759
-1
-1
0 0 194
-1
-1
0 0 7204
-1
0 0 6612
1 13082 13082
0 0 3611
-1
0 0 5528
0 0 1610
-1
-1
0 0 2085
-1
-1
0 0 1626
-1
0 0 14384
1 23403 23403
1 12219 12219
0 0 2273
-1
-1
-1
1 9178 9178
1 27889 27889
0 0 13243
-1
-1
1 16003 16003
1 28837 28837
0 0 15734
-1
0 0 11403
-1
0 0 13130
-1
0 0 15090
1 25923 25923
1 27636 27636
0 0 9524
-1
0 0 10144
-1
1 24698 24698
1 15150 15150
0 0 6542
-1
-1
-1
-1
0 0 1520
1 12507 12507
0 0 9127
-1
0 0 8562
-1
-1
1 18312 18312
-1
1 2589 2589
-1
1 31139 31139
1 14479 14479
0 0 13177
-1
0 0 12273
-1
0 0 4404
0 0 3085
0 0 9601
-1
0 0 8491
0 0 2255
1 11799 11799
1 22287 22287
0 0 13460
0 0 16243
1 18179 18179
1 17932 17932
0 0 4909
-1
-1
1 24043 24043
-1
-1
1 11035 11035
-1
-1
0 0 11454
0 0 6746
1 6425 6425
1 15843 15843
1 5892 5892
-1
1 12976 12976
1 30373 30373
-1
1 26256 26256
0 0 1373
0 0 11384
0 0 1787
-1
1 21116 21116
1 7485 7485
-1
-1
1 13359 13359
0 0 11850
0 0 6828
-1
-1
0 0 12428
1 21230 21230
0 0 7981
1 9754 9754
1 18042 18042
0 0 4108
1 18848 18848
1 18442 18442
0 0 13632
1 19933 19933
-1
-1
1 11655 11655
-1
-1
1 8590 8590
0 0 383
-1
0 0 12564
-1
0 0 10483
0 0 1503
0 0 719
0 0 15465
1 9562 9562
0 0 1207
-1
0 0 1234
0 0 5761
0 0 12642
-1
-1
0 0 1742
1 1908 1908
1 27073 27073
-1
0 0 192
-1
1 5240 5240
0 0 1008
1 18705 18705
0 0 10407
-1
-1
-1
1 25323 25323
-1
1 32106 32106
0 0 8991
0 0 14566
-1
0 0 5114
-1
1 1454 1454
1 18168 18168
0 0 1564
0 0 12919
-1
-1
1 1968 1968
-1
1 19304 19304
0 0 3430
-1
1 1578 1578
0 0 11550
0 0 5049
1 23017 23017
-1
0 0 4228
0 0 8434
0 0 2161
0 0 3612
0 0 12296
1 14687 14687
1 2177 2177
-1
-1
-1
1 32386 32386
1 15014 15014
1 22605 22605
1 12572 12572
0 0 5708
0 0 10769
0 0 6147
0 0 16130
1 5354 5354
0 0 4893
-1
1 8772 8772
1 7824 7824
1 28121 28121
1 29574 29574
0 0 7968
1 538 538
0 0 12926
1 14213 14213
0 0 8920
1 1545 1545
0 0 12701
0 0 15767
-1
0 0 1450
0 0 10012
0 0 6961
-1
-1
-1
1 17462 17462
0 0 13619
0 0 3724
0 0 3386
0 0 15287
-1
-1
0 0 12531
0 0 16261
0 0 8323
-1
0 0 14782
1 6840 6840
0 0 2658
1 32389 32389
0 0 353
-1
-1
0 0 6211
1 1112 1112
1 19344 19344
1 21177 21177
1 10574 10574
-1
1 27678 27678
0 0 11962
0 0 12216
1 2383 2383
0 0 10308
1 15854 15854
0 0 12862
0 0 14314
-1
-1
0 0 2229
1 24556 24556
0 0 3513
1 16061 16061
0 0 409
1 15131 15131
0 0 4987
-1
1 26421 26421
0 0 2939
1 22877 22877
0 0 10591
0 0 3048
-1
0 0 10646
1 22002 22002
1 2256 2256
-1
1 668 668
-1
1 1015 1015
-1
0 0 9227
0 0 15373
-1
1 14269 14269
1 27326 27326
0 0 14975
1 2185 2185
-1
1 23782 23782
-1
0 0 10718
1 17737 17737
-1
1 30894 30894
-1
1 16894 16894
0 0 3589
1 992 992
1 335 335
0 0 3444
1 28212 28212
1 6773 6773
0 0 3416
-1
1 21302 21302
0 0 11096
1 9015 9015
1 11683 11683
-1
1 12843 12843
1 5703 5703
0 0 12898
0 0 4524
-1
0 0 15066
0 0 481
0 0 163
1 3306 3306
0 0 4902
1 12981 12981
0 0 2130
-1
-1
-1
1 25372 25372
1 32010 32010
0 0 11248
0 0 3176
0 0 2372
-1
1 12726 12726
1 18833 18833
-1
-1
-1
-1
0 0 4572
1 28081 28081
0 0 11261
-1
-1
1 24853 24853
1 8315 8315
1 21607 21607
0 0 10513
0 0 11055
0 0 9261
1 22430 22430
-1
0 0 4600
-1
-1
-1
0 0 9855
0 0 12714
0 0 3165
1 24386 24386
1 14866 14866
0 0 13583
-1
0 0 16216
-1
0 0 8277
-1
0 0 9658
1 18 18
1 24111 24111
0 0 1138
1 2292 2292
0 0 154
0 0 8110
1 21515 21515
0 0 14883
1 14282 14282
0 0 4458
-1
-1
-1
1 5549 5549
-1
-1
0 0 3113
0 0 10232
-1
-1
-1
1 24861 24861
0 0 7591
-1
0 0 12034
1 11428 11428
0 0 16289
-1
0 0 9988
0 0 6966
0 0 2052
0 0 1583
-1
1 16207 16207
1 21067 21067
0 0 916
1 14205 14205
1 12700 12700
1 16330 16330
-1
1 1163 1163
0 0 11978
1 2008 2008
0 0 7594
0 0 2680
-1
0 0 16366
0 0 9377
-1
1 15443 15443
-1
-1
0 0 6543
1 3554 3554
-1
-1
-1
-1
1 4962 4962
0 0 9341
1 11261 11261
0 0 11677
0 0 15915
-1
-1
1 19204 19204
-1
0 0 12620
1 30408 30408
0 0 9084
0 0 9416
-1
1 21911 21911
1 20728 20728
-1
-1
1 30711 30711
1 347 347
1 26814 26814
0 0 5575
0 0 10516
1 25450 25450
0 0 11000
-1
-1
1 8677 8677
0 0 2741
1 2046 2046
0 0 10710
0 0 446
1 113 113
0 0 10191
1 12709 12709
0 0 7083
-1
0 0 4
1 5563 5563
0 0 14535
0 0 7563
-1
0 0 12971
-1
1 2974 2974
1 23036 23036
-1
0 0 7840
1 31367 31367
1 9643 9643
0 0 13031
1 12341 12341
-1
-1
1 5149 5149
1 21879 21879
0 0 1622
-1
-1
1 5477 5477
-1
-1
0 0 8432
0 0 3112
-1
1 7403 7403
1 30015 30015
1 4864 4864
-1
1 11078 11078
1 13077 13077
-1
0 0 16253
0 0 272
1 26983 26983
-1
1 24626 24626
-1
1 32144 32144
1 8880 8880
0 0 9370
-1
1 5308 5308
-1
-1
1 26908 26908
1 11372 11372
0 0 12636
0 0 11556
1 6762 6762
-1
1 8354 8354
-1
0 0 5275
0 0 10240
0 0 12084
0 0 5935
-1
-1
1 30326 30326
1 8333 8333
1 12917 12917
-1
0 0 2065
-1
0 0 1885
-1
-1
0 0 12487
1 25894 25894
-1
1 16772 16772
-1
0 0 6547
1 31483 31483
1 2354 2354
-1
0 0 15982
-1
0 0 3512
1 20739 20739
0 0 2252
-1
0 0 7662
0 0 7517
0 0 4147
-1
1 13832 13832
0 0 14813
1 7296 7296
1 20302 20302
1 10746 10746
1 6457 6457
-1
1 25721 25721
1 10412 10412
-1
0 0 1222
0 0 1418
1 8332 8332
1 27122 27122
1 7805 7805
1 8630 8630
-1
1 23679 23679
1 25011 25011
0 0 10087
-1
-1
-1
1 6428 6428
0 0 10222
-1
0 0 2192
-1
0 0 4010
0 0 7741
-1
1 17667 17667
-1
-1
0 0 15268
1 21058 21058
1 13771 13771
-1
0 0 724
0 0 6786
0 0 3717
0 0 4561
-1
1 13615 13615
1 4410 4410
-1
0 0 15019
1 7674 7674
0 0 13870
0 0 13005
0 0 739
-1
0 0 10610
1 24261 24261
0 0 15815
0 0 13566
1 4158 4158
0 0 8556
0 0 7841
-1
0 0 8612
0 0 12880
1 22822 22822
0 0 9266
0 0 11626
0 0 833
1 27065 27065
0 0 13845
0 0 12564
1 2805 2805
0 0 9493
-1
0 0 3775
0 0 14978
0 0 3440
1 3533 3533
0 0 15171
1 14542 14542
0 0 2807
-1
0 0 7279
0 0 11779
0 0 6611
1 22573 22573
0 0 3920
-1
0 0 3969
0 0 1308
1 11477 11477
-1
-1
-1
1 24571 24571
-1
1 29496 29496
0 0 4696
-1
1 22637 22637
0 0 5130
0 0 14754
-1
-1
-1
1 32013 32013
0 0 3364
0 0 9138
-1
1 15151 15151
0 0 5207
1 29639 29639
0 0 13893
1 12836 12836
1 16328 16328
-1
0 0 8134
-1
-1
1 23672 23672
1 5512 5512
-1
-1
1 29737 29737
1 27728 27728
1 25885 25885
1 28074 28074
1 20770 20770
0 0 6326
0 0 9237
-1
1 29447 29447
-1
1 32211 32211
-1
1 399 399
0 0 2850
-1
-1
1 19716 19716
0 0 11275
0 0 4554
1 16373 16373
-1
-1
1 9866 9866
1 342 342
0 0 11493
1 15806 15806
1 25305 25305
-1
-1
0 0 11695
1 29123 29123
0 0 15825
-1
-1
1 17756 17756
0 0 4683
-1
1 24576 24576
1 24845 24845
1 7087 7087
1 30864 30864
0 0 3266
1 25108 25108
-1
-1
-1
1 22530 22530
-1
0 0 15378
0 0 7396
0 0 13982
1 5272 5272
1 21519 21519
1 11459 11459
1 24443 24443
0 0 7909
-1
-1
0 0 9254
0 0 8243
-1
0 0 5731
-1
0 0 1837
-1
0 0 8289
1 4605 4605
1 32001 32001
0 0 10528
1 2870 2870
0 0 11982
1 16813 16813
1 19273 19273
1 29980 29980
1 13897 13897
-1
0 0 10114
-1
0 0 6171
1 7461 7461
-1
-1
1 32359 32359
1 16089 16089
-1
1 12002 12002
0 0 13723
1 30050 30050
0 0 13285
1 8699 8699
-1
0 0 2220
-1
-1
0 0 8413
0 0 7971
-1
1 11170 11170
0 0 10401
0 0 6036
-1
1 32589 32589
1 27670 27670
1 6897 6897
1 3441 3441
1 28060 28060
1 20657 20657
-1
1 18420 18420
1 6110 6110
-1
-1
1 18399 18399
1 22680 22680
0 0 16043
-1
0 0 825
0 0 3072
0 0 3071
1 26720 26720
-1
-1
-1
-1
-1
-1
1 13438 13438
-1
-1
1 23707 23707
-1
0 0 6566
1 14845 14845
-1
0 0 15709
-1
1 8520 8520
1 30533 30533
-1
0 0 13050
0 0 8876
1 4552 4552
1 11598 11598
1 11256 11256
0 0 2174
1 24117 24117
0 0 10276
0 0 6808
1 30736 30736
-1
0 0 14857
0 0 2946
-1
-1
-1
0 0 5794
0 0 5174
0 0 114
0 0 13839
0 0 15199
-1
1 14317 14317
1 182 182
0 0 8407
-1
-1
1 14283 14283
-1
-1
0 0 9003
1 28954 28954
1 23855 23855
1 4470 4470
0 0 8466
1 3764 3764
-1
0 0 9292
0 0 15397
0 0 3774
1 29130 29130
-1
0 0 2082
-1
0 0 8390
-1
-1
0 0 7596
1 2238 2238
-1
-1
-1
-1
0 0 7301
-1
-1
1 21133 21133
1 23126 23126
1 19290 19290
0 0 2243
-1
-1
1 20242 20242
-1
-1
-1
-1
1 6740 6740
-1
0 0 4218
1 27419 27419
1 19254 19254
0 0 12927
0 0 1968
0 0 7156
-1
-1
0 0 15938
-1
-1
-1
-1
1 11791 11791
1 25327 25327
-1
1 10397 10397
0 0 8014
1 1463 1463
1 7721 7721
-1
-1
0 0 6935
0 0 8921
-1
-1
1 30032 30032
0 0 15814
1 32469 32469
-1
0 0 10040
0 0 3401
-1
0 0 7538
0 0 16344
-1
0 0 5322
-1
-1
1 19277 19277
0 0 14332
-1
1 1106 1106
0 0 12796
-1
0 0 6927
1 7840 7840
1 23745 23745
-1
0 0 14653
0 0 4086
-1
0 0 678
-1
-1
0 0 8584
0 0 1854
-1
-1
-1
-1
-1
1 26951 26951
-1
-1
0 0 5619
0 0 4248
0 0 2081
0 0 743
0 0 15801
-1
-1
1 10044 10044
1 16272 16272
0 0 326
0 0 14877
-1
-1
1 6189 6189
0 0 10390
-1
0 0 12504
1 4677 4677
0 0 844
1 22626 22626
0 0 12329
1 22845 22845
-1
-1
1 3516 3516
-1
-1
-1
0 0 3200
-1
-1
0 0 4736
0 0 8497
0 0 11001
0 0 7271
0 0 7975
-1
0 0 15436
-1
-1
-1
0 0 14284
1 15337 15337
1 15462 15462
-1
1 28116 28116
1 5261 5261
1 6417 6417
-1
0 0 4480
-1
0 0 1647
0 0 5321
1 29734 29734
1 15451 15451
-1
1 1949 1949
-1
1 23709 23709
0 0 10433
0 0 8361
1 3111 3111
0 0 5686
0 0 15212
-1
1 1080 1080
0 0 15485
1 11608 11608
-1
0 0 3543
-1
-1
1 24673 24673
0 0 220
0 0 4514
-1
-1
1 32215 32215
1 30499 30499
1 1697 1697
-1
1 22623 22623
0 0 7807
-1
-1
-1
1 14536 14536
-1
-1
-1
0 0 3955
1 3370 3370
0 0 1227
1 20655 20655
0 0 6235
-1
0 0 6242
-1
0 0 5249
0 0 13972
1 6956 6956
0 0 10472
0 0 15430
0 0 7473
1 55 55
0 0 6038
-1
0 0 11043
1 24070 24070
1 26230 26230
1 2350 2350
0 0 8360
0 0 7927
-1
0 0 7430
-1
1 18677 18677
-1
1 19131 19131
0 0 9554
0 0 5677
0 0 13900
0 0 6815
1 8009 8009
1 19979 19979
1 29939 29939
0 0 4682
-1
1 20780 20780
0 0 4902
-1
0 0 11263
0 0 13643
-1
-1
0 0 2993
0 0 683
1 11827 11827
0 0 6402
1 27514 27514
1 14124 14124
0 0 759
1 6895 6895
0 0 3503
0 0 645
-1
-1
0 0 15521
-1
0 0 10930
-1
0 0 8562
1 32694 32694
1 19650 19650
-1
0 0 10512
0 0 5496
0 0 15257
0 0 15395
-1
-1
1 9883 9883
1 31145 31145
-1
1 7043 7043
0 0 14362
1 8204 8204
-1
0 0 8704
-1
0 0 13556
-1
0 0 14193
1 31364 31364
-1
1 9997 9997
1 15551 15551
-1
1 4385 4385
-1
1 13790 13790
-1
-1
0 0 4522
0 0 5982
0 0 5102
-1
0 0 6135
1 31880 31880
0 0 2774
-1
-1
0 0 15571
1 14702 14702
-1
0 0 11233
0 0 11544
1 13560 13560
-1
1 210 210
1 20594 20594
1 14842 14842
0 0 12604
-1
1 362 362
0 0 4410
1 16015 16015
0 0 6988
0 0 9382
-1
-1
1 16157 16157
1 20484 20484
0 0 2365
-1
1 3635 3635
-1
1 21548 21548
0 0 395
0 0 377
0 0 12168
0 0 10065
-1
-1
-1
-1
0 0 13922
1 24880 24880
1 4832 4832
0 0 8931
-1
0 0 10464
1 32493 32493
1 29499 29499
0 0 8699
0 0 911
-1
0 0 3584
-1
0 0 11811
-1
0 0 12741
-1
-1
-1
1 15014 15014
1 11961 11961
-1
0 0 6241
-1
1 15394 15394
-1
-1
1 24660 24660
-1
0 0 1613
1 24070 24070
1 28572 28572
1 14303 14303
1 32421 32421
0 0 14567
-1
1 3587 3587
0 0 15423
0 0 12761
1 22286 22286
1 30370 30370
-1
0 0 13302
-1
0 0 12802
0 0 13608
0 0 6395
1 30718 30718
-1
0 0 8266
1 2292 2292
-1
0 0 2051
1 19518 19518
-1
-1
0 0 14654
0 0 14545
1 2037 2037
0 0 9344
-1
0 0 8407
0 0 7334
1 8056 8056
-1
-1
-1
0 0 8771
0 0 3429
0 0 7077
1 21248 21248
-1
-1
1 16918 16918
1 29801 29801
0 0 7796
0 0 13320
0 0 14718
-1
0 0 11882
0 0 3348
-1
0 0 31
0 0 704
0 0 1068
-1
-1
0 0 12134
-1
-1
1 18129 18129
-1
0 0 2178
1 29313 29313
-1
0 0 15724
1 10859 10859
0 0 3921
0 0 2489
0 0 1915
-1
-1
1 24855 24855
0 0 7096
-1
0 0 8714
-1
-1
1 3408 3408
0 0 9283
0 0 12418
1 6221 6221
-1
1 20395 20395
1 1129 1129
-1
0 0 7160
-1
0 0 11969
0 0 5940
-1
-1
1 1950 1950
-1
1 22776 22776
1 4434 4434
0 0 2977
0 0 5117
1 16989 16989
0 0 2774
-1
0 0 12089
-1
0 0 8969
0 0 12571
0 0 12350
0 0 9241
-1
-1
0 0 10143
0 0 12802
0 0 16023
0 0 6856
0 0 14420
1 20509 20509
0 0 11000
1 8629 8629
-1
1 32524 32524
0 0 14313
0 0 7647
1 15991 15991
0 0 3053
0 0 4996
1 9885 9885
-1
-1
-1
1 25204 25204
1 3360 3360
-1
0 0 1247
1 8476 8476
0 0 8348
1 32000 32000
-1
1 27297 27297
-1
-1
1 9303 9303
-1
-1
1 15472 15472
0 0 12699
1 30838 30838
0 0 13844
-1
1 15965 15965
0 0 4657
-1
0 0 16119
0 0 13382
1 9061 9061
-1
0 0 2804
0 0 10317
0 0 8198
0 0 14144
-1
0 0 4345
-1
0 0 10308
0 0 5228
1 5398 5398
0 0 2953
-1
-1
-1
1 20116 20116
0 0 6601
0 0 15152
1 5915 5915
1 14083 14083
0 0 8832
-1
1 3295 3295
0 0 9978
1 20747 20747
-1
1 17201 17201
0 0 3161
0 0 10782
0 0 2666
0 0 11706
1 2229 2229
-1
0 0 15682
0 0 15249
-1
0 0 6123
0 0 11687
1 14403 14403
0 0 9025
0 0 11323
1 26594 26594
0 0 2299
0 0 15973
-1
1 4831 4831
0 0 13432
-1
1 2585 2585
1 7516 7516
1 1015 1015
0 0 3210
0 0 9317
0 0 14770
-1
-1
1 9617 9617
-1
1 24237 24237
-1
0 0 7371
1 25601 25601
-1
1 8173 8173
0 0 2028
1 19950 19950
1 25825 25825
0 0 2464
-1
-1
0 0 712
0 0 5103
0 0 9618
-1
0 0 3406
-1
1 11216 11216
1 24133 24133
-1
0 0 7434
-1
0 0 14242
0 0 10900
0 0 14876
-1
-1
1 13324 13324
1 447 447
-1
1 26851 26851
1 19215 19215
-1
-1
-1
1 30934 30934
-1
0 0 26
0 0 11314
0 0 4620
0 0 8898
0 0 2840
0 0 14010
1 15391 15391
-1
0 0 1900
1 14028 14028
0 0 1189
1 2172 2172
1 27204 27204
-1
1 19856 19856
0 0 5394
0 0 12336
1 21593 21593
1 13556 13556
0 0 8790
1 31088 31088
1 13358 13358
0 0 2825
0 0 13381
-1
1 26765 26765
-1
0 0 11507
0 0 1287
1 27690 27690
1 10189 10189
0 0 14989
-1
0 0 4372
1 32517 32517
1 25401 25401
1 30647 30647
-1
1 20012 20012
1 7813 7813
-1
1 14126 14126
1 30785 30785
1 18168 18168
0 0 8609
1 30531 30531
1 7639 7639
-1
0 0 1617
0 0 14958
0 0 1738
0 0 9049
0 0 4454
0 0 1137
-1
0 0 14711
0 0 8123
-1
-1
1 3898 3898
1 4523 4523
-1
0 0 11514
-1
0 0 8995
-1
1 32746 32746
0 0 9295
0 0 12348
0 0 9590
-1
0 0 15911
1 25160 25160
-1
-1
0 0 4890
-1
1 1370 1370
0 0 3382
-1
1 16886 16886
0 0 7302
1 2381 2381
-1
1 27267 27267
1 205 205
-1
-1
0 0 2181
0 0 11085
1 31779 31779
-1
-1
0 0 3123
0 0 6341
1 17645 17645
1 2172 2172
0 0 10828
1 28934 28934
1 4599 4599
1 20149 20149
0 0 13125
1 3524 3524
-1
0 0 16194
1 25352 25352
1 1 1
0 0 2361
0 0 7921
0 0 10859
0 0 713
0 0 2883
-1
-1
0 0 2350
1 4209 4209
1 28374 28374
-1
0 0 2158
-1
-1
0 0 15038
-1
-1
-1
-1
-1
1 9588 9588
1 15653 15653
1 3525 3525
-1
-1
-1
1 30140 30140
1 24527 24527
-1
1 1220 1220
0 0 16256
0 0 1702
1 14321 14321
1 15364 15364
-1
-1
1 12859 12859
0 0 12396
0 0 1721
1 21252 21252
0 0 2133
-1
-1
0 0 2416
1 4659 4659
-1
1 25756 25756
1 7497 7497
0 0 7358
0 0 2178
0 0 13660
1 6659 6659
0 0 6322
-1
0 0 5022
-1
1 377 377
0 0 14928
1 26819 26819
0 0 11052
0 0 2368
0 0 3492
1 32599 32599
0 0 495
-1
1 3504 3504
-1
1 28811 28811
0 0 9660
1 30438 30438
-1
0 0 6849
1 13173 13173
-1
1 7754 7754
-1
1 5500 5500
-1
1 7225 7225
1 13911 13911
1 29654 29654
0 0 9959
-1
-1
0 0 11903
-1
1 26948 26948
0 0 1555
0 0 4114
1 26831 26831
1 28639 28639
0 0 4561
-1
-1
0 0 15909
0 0 7932
1 8114 8114
-1
1 3625 3625
-1
0 0 15167
1 28424 28424
-1
-1
1 29968 29968
0 0 11000
1 17801 17801
1 27138 27138
-1
1 27318 27318
1 21652 21652
1 14348 14348
0 0 9992
1 11139 11139
1 25889 25889
1 29497 29497
0 0 11840
0 0 5161
-1
1 9375 9375
0 0 2528
-1
0 0 15784
1 14827 14827
1 21461 21461
0 0 10508
-1
1 21978 21978
1 31349 31349
1 9386 9386
-1
-1
-1
1 16252 16252
0 0 13041
0 0 9346
-1
-1
-1
0 0 4561
1 2778 2778
0 0 669
-1
-1
-1
0 0 3121
1 6652 6652
0 0 9181
0 0 4630
-1
0 0 9212
1 24720 24720
-1
-1
0 0 7596
0 0 9657
0 0 11930
1 32484 32484
1 3338 3338
1 9666 9666
0 0 8124
-1
1 32752 32752
-1
0 0 2419
0 0 3906
-1
1 3721 3721
0 0 734
0 0 6693
1 16807 16807
-1
0 0 695
0 0 1776
-1
-1
0 0 10644
-1
-1
0 0 10134
1 26690 26690
0 0 505
1 13606 13606
1 2616 2616
-1
0 0 15007
0 0 4122
1 19066 19066
1 29199 29199
-1
1 4437 4437
-1
1 23294 23294
0 0 14952
0 0 3718
0 0 3097
-1
-1
-1
1 7908 7908
1 3403 3403
1 8064 8064
-1
1 20033 20033
1 17821 17821
1 19178 19178
1 29841 29841
-1
1 22149 22149
0 0 3154
-1
0 0 13798
-1
-1
1 27617 27617
0 0 5611
-1
0 0 11372
0 0 11538
-1
0 0 11089
-1
0 0 14750
-1
-1
1 15861 15861
1 15692 15692
1 18499 18499
0 0 5305
-1
-1
1 9303 9303
1 9388 9388
-1
0 0 10445
-1
-1
1 17047 17047
-1
-1
1 10949 10949
-1
0 0 11543
-1
0 0 15188
-1
-1
0 0 2006
1 10399 10399
-1
1 22892 22892
-1
0 0 1943
0 0 10991
0 0 1409
1 11302 11302
0 0 838
0 0 14354
-1
1 30946 30946
0 0 3731
-1
0 0 10935
0 0 1168
1 2078 2078
1 17726 17726
-1
1 31836 31836
1 26565 26565
1 15143 15143
-1
1 6436 6436
1 23589 23589
1 16532 16532
-1
1 11676 11676
1 27001 27001
1 26786 26786
0 0 2943
1 16378 16378
0 0 5721
-1
1 20040 20040
1 3850 3850
-1
1 3385 3385
0 0 14451
-1
-1
-1
1 18493 18493
-1
1 23589 23589
1 10595 10595
0 0 12817
0 0 15296
1 13281 13281
0 0 15906
-1
-1
1 21055 21055
-1
0 0 539
1 5637 5637
-1
1 12045 12045
1 22741 22741
-1
-1
-1
-1
1 1791 1791
0 0 14235
-1
0 0 5244
0 0 7495
-1
0 0 875
0 0 16019
0 0 10812
0 0 12176
1 2213 2213
1 29550 29550
1 9423 9423
-1
1 16139 16139
0 0 2210
0 0 11485
0 0 12827
0 0 12084
0 0 4490
-1
-1
-1
-1
0 0 10662
1 18249 18249
-1
1 4624 4624
1 7975 7975
0 0 5579
-1
-1
-1
0 0 9781
1 16536 16536
0 0 3295
0 0 10089
0 0 3477
-1
1 18436 18436
-1
-1
1 19319 19319
-1
1 25756 25756
0 0 9854
-1
0 0 8841
-1
-1
0 0 9459
0 0 6783
-1
0 0 1951
0 0 5205
-1
-1
-1
1 26687 26687
1 1936 1936
1 10100 10100
-1
0 0 3791
0 0 5832
0 0 8471
-1
0 0 13325
1 4315 4315
1 15892 15892
0 0 9997
0 0 3309
-1
-1
1 18104 18104
0 0 6185
1 5758 5758
0 0 5884
-1
1 7381 7381
-1
-1
0 0 457
-1
-1
0 0 5508
-1
1 25417 25417
-1
1 14355 14355
0 0 15609
1 20346 20346
1 6550 6550
1 21104 21104
-1
0 0 15255
-1
-1
1 2025 2025
-1
0 0 8006
-1
1 10821 10821
1 16321 16321
1 14999 14999
-1
0 0 2915
0 0 8893
-1
0 0 402
1 7672 7672
-1
-1
-1
0 0 5517
1 30196 30196
-1
0 0 12929
-1
-1
-1
0 0 2568
1 29881 29881
1 26143 26143
-1
1 16987 16987
1 1465 1465
-1
-1
-1
1 24242 24242
-1
1 4882 4882
1 13975 13975
-1
1 16619 16619
0 0 10598
0 0 7353
0 0 4010
-1
1 3108 3108
0 0 4911
1 17700 17700
-1
1 23311 23311
1 30211 30211
0 0 9242
0 0 6530
0 0 6460
1 20379 20379
1 3740 3740
0 0 16278
1 2238 2238
1 6518 6518
1 22049 22049
0 0 3384
0 0 10776
-1
0 0 3168
-1
-1
0 0 13001
0 0 8342
-1
1 16045 16045
-1
-1
0 0 460
0 0 1359
0 0 3761
0 0 1619
1 31148 31148
0 0 10055
1 6633 6633
-1
1 21875 21875
1 15379 15379
1 5424 5424
0 0 11151
1 29295 29295
1 32695 32695
1 15635 15635
-1
-1
1 28023 28023
-1
-1
-1
0 0 16035
1 14848 14848
1 29363 29363
1 4883 4883
-1
1 19491 19491
-1
0 0 1021
-1
-1
1 8347 8347
0 0 5892
0 0 7463
0 0 3341
1 19191 19191
0 0 15003
1 22111 22111
1 8194 8194
0 0 15115
0 0 10407
-1
0 0 13018
0 0 2574
-1
0 0 565
-1
-1
1 3486 3486
1 28205 28205
0 0 9403
1 15829 15829
0 0 10889
-1
-1
-1
-1
-1
1 20778 20778
-1
1 1959 1959
0 0 3601
0 0 12043
1 19499 19499
1 9853 9853
1 31259 31259
-1
0 0 837
0 0 11525
-1
0 0 7541
-1
1 26302 26302
0 0 11025
-1
1 31593 31593
1 12631 12631
1 4306 4306
-1
0 0 7246
0 0 5046
0 0 8592
0 0 5192
1 7328 7328
0 0 15346
1 18496 18496
0 0 4144
0 0 1577
-1
0 0 6635
0 0 8052
-1
0 0 5799
-1
0 0 10058
1 13875 13875
0 0 2458
-1
-1
1 11167 11167
0 0 15157
0 0 15255
-1
1 7216 7216
0 0 1536
-1
-1
1 18759 18759
-1
1 13616 13616
0 0 1691
1 18297 18297
0 0 8270
0 0 12873
1 6675 6675
-1
0 0 14513
0 0 13650
0 0 5468
1 29824 29824
-1
-1
1 8095 8095
1 13569 13569
1 14129 14129
1 22767 22767
1 14801 14801
1 8949 8949
-1
1 19213 19213
-1
0 0 13114
-1
0 0 10327
0 0 15381
0 0 4837
1 30549 30549
1 12775 12775
1 26058 26058
1 31223 31223
0 0 4694
1 16835 16835
1 15532 15532
0 0 6552
0 0 12216
0 0 1376
-1
1 27995 27995
1 28620 28620
-1
1 1919 1919
1 29847 29847
-1
1 16985 16985
0 0 7878
-1
-1
1 19381 19381
1 4622 4622
0 0 2904
0 0 4406
-1
0 0 10465
-1
0 0 10086
0 0 14409
1 24320 24320
1 22893 22893
0 0 3966
1 13581 13581
1 8747 8747
0 0 9436
1 13727 13727
-1
1 19008 19008
0 0 4095
-1
-1
0 0 11942
0 0 7141
1 24928 24928
0 0 9535
1 6389 6389
-1
-1
1 8461 8461
0 0 4472
1 13203 13203
0 0 6227
1 30479 30479
1 2442 2442
-1
0 0 10422
-1
1 5152 5152
0 0 1841
0 0 13223
1 22301 22301
0 0 12755
0 0 9645
-1
-1
1 25379 25379
1 13514 13514
-1
-1
-1
0 0 14612
1 1794 1794
0 0 810
0 0 12738
0 0 8013
0 0 14895
1 2164 2164
1 346 346
1 19840 19840
1 16834 16834
0 0 647
1 6668 6668
0 0 16243
-1
-1
1 4741 4741
-1
-1
0 0 15817
-1
0 0 2558
1 28763 28763
-1
0 0 9261
-1
1 15432 15432
-1
0 0 2425
0 0 15287
1 23896 23896
1 15164 15164
0 0 1123
0 0 9973
1 23616 23616
1 3130 3130
0 0 12946
0 0 1798
1 5898 5898
0 0 12983
-1
-1
-1
1 13982 13982
-1
1 14314 14314
1 26123 26123
1 30853 30853
0 0 12191
-1
-1
1 6480 6480
-1
0 0 12331
1 30772 30772
-1
1 3935 3935
-1
-1
-1
-1
1 3555 3555
1 28829 28829
0 0 1426
-1
0 0 3011
-1
-1
1 23658 23658
-1
-1
-1
-1
-1
1 17302 17302
0 0 7933
0 0 4916
1 31456 31456
1 19158 19158
-1
0 0 12540
0 0 8236
1 1795 1795
-1
0 0 9456
0 0 12249
1 19735 19735
0 0 14989
1 31474 31474
0 0 4267
-1
0 0 2037
1 10263 10263
0 0 6708
-1
0 0 2624
-1
1 29498 29498
1 10469 10469
0 0 8382
0 0 459
0 0 15338
0 0 560
0 0 7865
0 0 11603
1 115 115
0 0 8966
-1
1 4139 4139
0 0 4611
-1
0 0 12199
1 19697 19697
0 0 11097
0 0 10312
0 0 3408
1 729 729
1 15951 15951
0 0 16035
1 30906 30906
0 0 1706
-1
-1
-1
0 0 4342
0 0 13216
0 0 5788
0 0 5065
0 0 2140
1 17736 17736
-1
1 8539 8539
0 0 10870
-1
0 0 13767
-1
-1
1 22849 22849
1 10040 10040
1 12060 12060
0 0 6737
1 20382 20382
-1
-1
1 4713 4713
0 0 9922
0 0 8241
1 28341 28341
1 6937 6937
1 26733 26733
1 22272 22272
0 0 543
-1
1 28676 28676
-1
0 0 11444
0 0 6604
-1
0 0 10632
1 21659 21659
-1
1 12784 12784
0 0 12556
1 4022 4022
-1
0 0 11152
-1
1 21643 21643
-1
1 14265 14265
-1
-1
-1
1 23015 23015
0 0 9804
1 11631 11631
1 25761 25761
0 0 13448
0 0 7771
-1
1 27873 27873
-1
-1
-1
0 0 14276
1 232 232
0 0 3417
0 0 11525
-1
0 0 4465
0 0 13089
-1
1 29112 29112
1 7536 7536
1 3846 3846
-1
-1
0 0 1212
1 16936 16936
-1
0 0 2477
1 20506 20506
0 0 3923
0 0 3384
0 0 2909
-1
-1
1 11231 11231
-1
-1
-1
-1
-1
1 4142 4142
1 22 22
0 0 14843
-1
-1
0 0 8955
0 0 1741
1 1911 1911
-1
0 0 647
-1
0 0 163
1 11274 11274
1 14807 14807
1 14564 14564
-1
0 0 1785
1 19990 19990
-1
0 0 3493
0 0 2898
1 8554 8554
0 0 1352
0 0 5228
-1
-1
-1
1 14413 14413
1 24404 24404
-1
0 0 3536
-1
0 0 4904
1 11250 11250
0 0 3157
1 18424 18424
1 6924 6924
1 5580 5580
0 0 11820
-1
-1
1 3512 3512
1 23026 23026
-1
1 16893 16893
1 26828 26828
-1
1 3272 3272
1 12493 12493
-1
-1
-1
1 16279 16279
-1
0 0 8446
0 0 3927
-1
-1
1 18622 18622
-1
-1
1 15175 15175
0 0 1493
0 0 242
0 0 7289
-1
1 17989 17989
1 32295 32295
-1
-1
0 0 14145
1 30130 30130
-1
0 0 3902
0 0 2215
0 0 15584
0 0 452
1 25123 25123
0 0 16259
1 6817 6817
0 0 16164
1 3700 3700
-1
1 18488 18488
-1
0 0 12838
0 0 1146
0 0 317
-1
1 31452 31452
-1
-1
1 23420 23420
0 0 13332
0 0 4008
0 0 8228
1 29783 29783
0 0 7365
1 32004 32004
-1
0 0 9130
-1
-1
0 0 15401
1 18678 18678
0 0 2765
-1
1 18220 18220
1 21742 21742
-1
1 403 403
0 0 14353
-1
1 24420 24420
0 0 13234
-1
1 18873 18873
0 0 2165
-1
1 7807 7807
1 13944 13944
1 31873 31873
0 0 2297
-1
1 28263 28263
-1
1 11989 11989
1 15221 15221
-1
0 0 15332
0 0 16019
-1
1 7912 7912
0 0 8096
-1
-1
1 26886 26886
-1
-1
1 19895 19895
-1
1 3325 3325
-1
0 0 9156
1 2596 2596
-1
0 0 5161
0 0 13681
-1
1 30715 30715
0 0 4935
-1
-1
-1
-1
0 0 11726
-1
0 0 1466
-1
0 0 9940
-1
1 849 849
0 0 9080
1 9103 9103
-1
-1
1 3090 3090
0 0 5100
1 30567 30567
-1
1 15268 15268
0 0 12241
-1
0 0 1407
1 7909 7909
-1
-1
1 2566 2566
0 0 5507
0 0 11007
1 4224 4224
0 0 14303
1 19888 19888
1 26669 26669
1 16971 16971
-1
1 2426 2426
1 1551 1551
1 4902 4902
1 3680 3680
0 0 12602
1 4386 4386
1 5516 5516
1 10853 10853
1 6815 6815
1 14459 14459
-1
0 0 6700
1 15986 15986
0 0 13471
0 0 6189
0 0 10190
0 0 171
0 0 1942
0 0 10587
-1
-1
0 0 4743
1 4997 4997
1 56 56
1 20416 20416
-1
0 0 15009
0 0 1851
1 9566 9566
0 0 13611
0 0 7567
-1
0 0 2975
1 20288 20288
1 28028 28028
0 0 10215
-1
1 24612 24612
-1
1 31557 31557
-1
-1
0 0 12075
1 21218 21218
1 15743 15743
-1
1 4126 4126
0 0 1876
1 13117 13117
-1
0 0 9984
1 14187 14187
0 0 7958
0 0 12246
0 0 5875
0 0 12202
1 14015 14015
-1
-1
-1
1 13786 13786
0 0 9948
-1
1 9956 9956
-1
0 0 5304
-1
-1
0 0 13380
1 21741 21741
-1
-1
1 8364 8364
1 7296 7296
0 0 14919
-1
0 0 6332
-1
-1
1 19279 19279
1 24985 24985
1 20509 20509
1 3684 3684
1 12886 12886
1 4908 4908
1 1328 1328
0 0 15925
0 0 2766
-1
0 0 11447
-1
1 22976 22976
-1
1 7313 7313
1 8152 8152
-1
1 2055 2055
0 0 9072
1 18260 18260
0 0 13210
1 20254 20254
0 0 9438
0 0 12102
-1
0 0 2501
-1
0 0 1671
1 10030 10030
-1
0 0 1919
0 0 14988
1 25554 25554
-1
0 0 8962
1 30753 30753
-1
-1
-1
1 19279 19279
-1
0 0 1605
-1
1 23550 23550
0 0 14696
-1
-1
1 1087 1087
0 0 16316
-1
-1
-1
0 0 9430
0 0 393
0 0 11370
1 3642 3642
0 0 7059
0 0 2214
1 18371 18371
1 31768 31768
1 2417 2417
1 22837 22837
1 7745 7745
1 13009 13009
0 0 15160
0 0 6744
1 8843 8843
1 12151 12151
0 0 2155
1 24866 24866
0 0 7415
0 0 4970
1 175 175
0 0 15852
1 18769 18769
-1
0 0 1515
-1
0 0 13011
1 6743 6743
-1
1 27685 27685
-1
0 0 6024
1 937 937
-1
0 0 11833
0 0 9300
-1
-1
1 26043 26043
1 21995 21995
0 0 14179
0 0 3771
-1
1 2137 2137
0 0 12468
0 0 7414
1 14321 14321
0 0 3155
0 0 8309
0 0 1356
0 0 16084
1 23356 23356
0 0 10492
-1
-1
1 9396 9396
-1
0 0 2662
-1
0 0 16176
1 7419 7419
1 6675 6675
1 26923 26923
0 0 5474
0 0 7603
0 0 14856
0 0 14188
-1
1 30026 30026
0 0 14146
-1
0 0 14180
-1
0 0 15314
1 24141 24141
0 0 6393
0 0 8574
1 31903 31903
1 6262 6262
1 22512 22512
-1
0 0 2823
0 0 2725
0 0 14946
0 0 6583
0 0 578
1 30448 30448
1 173 173
1 22201 22201
1 32010 32010
-1
0 0 1613
0 0 9370
0 0 8907
1 2584 2584
0 0 9048
-1
-1
-1
0 0 10084
0 0 13846
0 0 1851
-1
0 0 11638
1 23470 23470
-1
0 0 4555
0 0 5615
-1
0 0 9858
1 5722 5722
0 0 10441
1 511 511
0 0 7647
-1
1 16302 16302
0 0 10663
0 0 3889
0 0 8515
0 0 6408
1 29975 29975
1 3989 3989
0 0 11460
0 0 12451
1 29035 29035
-1
-1
1 1816 1816
0 0 16023
-1
1 26875 26875
1 13051 13051
0 0 14413
1 14928 14928
-1
-1
-1
-1
-1
0 0 6445
1 8952 8952
1 15201 15201
-1
-1
0 0 12223
-1
1 26948 26948
-1
-1
0 0 11811
1 29771 29771
0 0 5773
0 0 13876
-1
0 0 566
0 0 11346
0 0 10733
0 0 2863
-1
1 12344 12344
0 0 2523
0 0 4100
0 0 8859
-1
-1
0 0 14630
1 2484 2484
-1
-1
0 0 11809
1 3054 3054
1 16809 16809
0 0 3823
-1
0 0 14752
-1
0 0 11344
0 0 15213
0 0 11533
0 0 11602
0 0 9128
-1
1 11904 11904
-1
1 4845 4845
0 0 2633
-1
-1
-1
0 0 11793
-1
0 0 9000
0 0 8321
0 0 12470
1 6458 6458
-1
0 0 3468
-1
0 0 5244
1 7574 7574
1 599 599
-1
-1
0 0 2820
-1
1 29432 29432
0 0 7009
0 0 9095
-1
0 0 7778
-1
0 0 409
-1
1 1308 1308
-1
0 0 2199
-1
1 22405 22405
1 32281 32281
0 0 12345
-1
-1
0 0 6818
1 3491 3491
0 0 13736
0 0 11510
1 16196 16196
0 0 7052
-1
-1
-1
1 8544 8544
0 0 14000
1 1080 1080
-1
0 0 5596
1 16572 16572
-1
1 24741 24741
-1
1 30414 30414
0 0 16117
0 0 13920
-1
1 8193 8193
1 28814 28814
1 1335 1335
0 0 4442
0 0 840
-1
0 0 4273
1 26979 26979
0 0 904
0 0 2516
0 0 8854
0 0 1335
0 0 7281
1 25033 25033
1 20885 20885
0 0 2536
1 26307 26307
-1
0 0 4759
1 7604 7604
0 0 11167
0 0 6043
0 0 1616
0 0 8061
0 0 12953
1 9572 9572
0 0 402
0 0 10459
0 0 13357
-1
-1
-1
1 28089 28089
-1
1 9786 9786
-1
0 0 8215
-1
0 0 11090
0 0 770
0 0 8311
0 0 4854
0 0 10090
1 244 244
0 0 2044
0 0 2209
0 0 5431
1 23881 23881
1 1194 1194
0 0 2140
-1
0 0 4968
1 30254 30254
0 0 1265
0 0 6490
0 0 9734
-1
-1
0 0 14402
-1
0 0 1860
0 0 2424
1 1281 1281
-1
-1
-1
1 22700 22700
-1
0 0 256
1 17709 17709
-1
0 0 10572
-1
1 1925 1925
1 17533 17533
0 0 15033
1 5841 5841
0 0 8269
-1
1 32707 32707
0 0 8909
1 18736 18736
-1
-1
0 0 8248
0 0 7741
0 0 10512
1 3889 3889
0 0 5562
0 0 10835
-1
1 27586 27586
1 12187 12187
0 0 2983
1 27869 27869
1 14260 14260
-1
-1
0 0 16230
-1
-1
0 0 13162
-1
1 11101 11101
1 1882 1882
1 26803 26803
1 22628 22628
-1
0 0 6614
1 2064 2064
0 0 11354
1 10110 10110
-1
1 20302 20302
0 0 3513
0 0 14387
1 27720 27720
0 0 6049
0 0 2706
1 1190 1190
0 0 9439
1 23478 23478
0 0 6769
1 20782 20782
-1
0 0 15349
1 29920 29920
-1
-1
-1
1 15069 15069
-1
-1
0 0 14949
-1
1 11411 11411
-1
1 14774 14774
-1
-1
-1
1 16354 16354
0 0 4434
-1
-1
-1
0 0 2473
1 6496 6496
-1
-1
1 26110 26110
-1
1 19747 19747
-1
0 0 14384
0 0 7065
1 15209 15209
0 0 5761
0 0 11173
-1
-1
0 0 15629
0 0 14222
0 0 12194
-1
-1
-1
1 12922 12922
0 0 8922
0 0 5479
1 25583 25583
-1
1 2159 2159
-1
1 7193 7193
-1
-1
0 0 700
1 11394 11394
0 0 4113
0 0 215
0 0 6955
-1
-1
0 0 2546
0 0 3323
-1
1 530 530
1 29349 29349
-1
-1
-1
-1
-1
1 15819 15819
-1
-1
0 0 6989
-1
0 0 11433
1 25978 25978
0 0 5662
0 0 10
1 18470 18470
1 19668 19668
1 8607 8607
0 0 12203
-1
-1
-1
0 0 5280
1 22766 22766
1 6080 6080
1 23332 23332
-1
0 0 5814
-1
-1
0 0 6813
-1
1 15812 15812
0 0 6870
1 21588 21588
-1
0 0 6796
0 0 15778
0 0 1172
0 0 15093
-1
0 0 7548
1 19825 19825
1 32092 32092
1 28155 28155
1 28223 28223
0 0 444
0 0 6433
-1
1 15369 15369
-1
-1
0 0 9566
-1
1 3022 3022
0 0 11265
1 26723 26723
-1
1 4632 4632
1 18088 18088
-1
0 0 3334
0 0 4490
0 0 2989
1 8967 8967
0 0 7390
0 0 4537
-1
-1
0 0 2801
0 0 14779
0 0 2526
-1
0 0 9809
1 8053 8053
-1
-1
0 0 12427
-1
1 29656 29656
0 0 1140
1 10192 10192
1 27686 27686
0 0 9435
0 0 9368
-1
1 5739 5739
1 29088 29088
-1
0 0 14404
-1
1 16243 16243
1 27335 27335
1 25447 25447
0 0 3528
1 27205 27205
1 26797 26797
0 0 14757
1 13819 13819
-1
1 21908 21908
-1
0 0 12153
0 0 14107
0 0 172
1 13273 13273
-1
-1
1 29230 29230
1 13573 13573
0 0 9342
1 20775 20775
1 3353 3353
0 0 16026
-1
0 0 6429
1 3697 3697
1 24715 24715
-1
0 0 7427
0 0 10546
1 29086 29086
1 20638 20638
-1
0 0 14010
1 24055 24055
0 0 14453
0 0 6532
0 0 2683
1 6806 6806
-1
0 0 12971
-1
1 24683 24683
-1
-1
-1
1 30942 30942
0 0 7377
-1
0 0 5424
-1
-1
-1
0 0 14725
-1
0 0 3465
0 0 10974
1 26813 26813
1 3373 3373
-1
0 0 700
1 6210 6210
1 3233 3233
1 11204 11204
1 190 190
0 0 9566
0 0 3326
-1
-1
0 0 14097
-1
-1
-1
-1
1 4312 4312
1 634 634
1 27175 27175
1 6820 6820
-1
-1
0 0 13112
1 17487 17487
-1
-1
0 0 6136
-1
0 0 746
-1
1 24706 24706
0 0 13097
0 0 1210
1 32029 32029
0 0 13336
0 0 14553
-1
0 0 15936
1 445 445
1 24800 24800
-1
1 15163 15163
0 0 15245
-1
0 0 10674
1 2171 2171
-1
1 26191 26191
1 2314 2314
0 0 8066
0 0 6671
0 0 6939
0 0 16039
-1
0 0 4632
0 0 7964
-1
1 32735 32735
0 0 15605
0 0 7837
-1
-1
0 0 8036
-1
1 5536 5536
-1
0 0 6970
1 21751 21751
0 0 14519
0 0 5770
0 0 10663
1 19999 19999
-1
1 5299 5299
0 0 15733
0 0 18
1 5479 5479
-1
-1
0 0 1991
1 10561 10561
0 0 734
-1
0 0 1886
0 0 1693
0 0 4354
0 0 9296
-1
0 0 10823
1 3583 3583
1 28831 28831
-1
1 6123 6123
0 0 12902
0 0 3688
1 17507 17507
-1
1 13088 13088
1 1152 1152
0 0 15399
0 0 9693
0 0 13280
0 0 14552
1 28857 28857
1 14668 14668
-1
0 0 713
1 1402 1402
1 9767 9767
-1
-1
1 30650 30650
0 0 2270
-1
1 9542 9542
1 31349 31349
0 0 3578
-1
1 28675 28675
-1
0 0 4307
0 0 12686
1 6220 6220
-1
1 10530 10530
-1
-1
0 0 173
1 7849 7849
0 0 3756
-1
1 20984 20984
-1
0 0 2914
-1
-1
0 0 3795
1 19328 19328
-1
-1
-1
-1
-1
1 3344 3344
1 8894 8894
1 31422 31422
-1
0 0 2000
1 29115 29115
-1
1 30359 30359
1 6744 6744
1 12627 12627
1 12667 12667
0 0 6809
-1
1 30070 30070
-1
0 0 9361
1 6815 6815
1 23557 23557
-1
-1
-1
1 6487 6487
0 0 12847
0 0 8947
0 0 1919
0 0 10843
-1
-1
1 26640 26640
0 0 10863
0 0 6651
1 3252 3252
0 0 16104
-1
0 0 5826
0 0 6025
-1
0 0 2919
-1
-1
0 0 343
1 29653 29653
0 0 13740
0 0 9673
1 14784 14784
-1
0 0 5187
0 0 6135
0 0 12087
1 10823 10823
0 0 3515
0 0 15342
-1
-1
0 0 7527
-1
0 0 917
-1
1 27594 27594
-1
0 0 2280
-1
-1
-1
1 14398 14398
1 32593 32593
-1
-1
1 20307 20307
0 0 10680
0 0 12550
0 0 10537
1 575 575
1 6509 6509
1 17140 17140
0 0 4053
-1
0 0 12347
1 23508 23508
-1
-1
0 0 1238
-1
0 0 1990
1 875 875
-1
1 17495 17495
1 24675 24675
-1
1 15348 15348
-1
0 0 1240
-1
-1
-1
-1
-1
-1
-1
1 29573 29573
-1
1 12254 12254
0 0 5244
-1
1 5964 5964
1 4697 4697
1 10896 10896
-1
-1
0 0 14289
-1
1 31752 31752
1 24238 24238
-1
-1
1 19528 19528
1 21731 21731
-1
-1
1 1691 1691
1 8405 8405
0 0 9810
0 0 968
1 22103 22103
1 30073 30073
1 18366 18366
0 0 7352
0 0 9026
1 793 793
1 16633 16633
1 503 503
0 0 4910
0 0 16361
0 0 14893
0 0 15662
-1
1 20 20
0 0 1901
-1
1 21000 21000
0 0 3986
1 6891 6891
0 0 5505
0 0 15595
1 30623 30623
0 0 7797
0 0 4427
0 0 8485
1 27629 27629
1 16305 16305
1 22958 22958
-1
-1
-1
-1
0 0 8619
0 0 15857
-1
1 13799 13799
-1
-1
0 0 42
-1
1 5277 5277
0 0 14591
-1
-1
-1
1 15063 15063
-1
1 12997 12997
0 0 15462
0 0 1852
1 14993 14993
1 15205 15205
-1
0 0 14861
0 0 10400
-1
-1
-1
0 0 476
0 0 15614
-1
-1
0 0 7345
-1
-1
-1
1 11547 11547
0 0 6242
-1
0 0 12240
0 0 13531
0 0 7191
-1
1 21278 21278
0 0 2876
0 0 4804
0 0 3467
0 0 747
0 0 2511
-1
-1
0 0 551
0 0 13162
1 8015 8015
0 0 8476
-1
-1
0 0 3783
0 0 13719
-1
1 7277 7277
-1
-1
1 13407 13407
0 0 15096
1 28711 28711
0 0 10161
1 4383 4383
1 7365 7365
-1
-1
-1
1 7516 7516
1 24529 24529
0 0 6700
1 31088 31088
0 0 8782
0 0 10729
-1
-1
1 15456 15456
0 0 2811
1 14018 14018
-1
1 30709 30709
0 0 14464
-1
0 0 2138
0 0 14414
1 1344 1344
1 1678 1678
0 0 6272
-1
0 0 7311
0 0 11412
1 2159 2159
-1
1 31127 31127
1 30447 30447
-1
-1
-1
0 0 5301
1 16342 16342
-1
0 0 5137
1 3669 3669
1 31542 31542
1 31693 31693
1 13714 13714
1 19489 19489
-1
-1
1 16207 16207
0 0 2873
-1
1 1587 1587
1 2744 2744
1 672 672
-1
1 15396 15396
1 30402 30402
1 11318 11318
0 0 15980
0 0 5743
0 0 13881
1 10614 10614
-1
1 19631 19631
0 0 4019
0 0 10218
1 17897 17897
-1
-1
1 18550 18550
-1
1 9337 9337
-1
0 0 14941
0 0 5976
0 0 8741
1 5386 5386
1 8880 8880
1 30389 30389
0 0 9713
1 26150 26150
1 4508 4508
-1
-1
1 1720 1720
-1
1 9852 9852
1 6799 6799
1 13395 13395
0 0 6196
0 0 11970
0 0 6797
0 0 15695
1 7510 7510
1 14943 14943
1 18269 18269
-1
0 0 16169
1 25539 25539
0 0 8537
0 0 11427
0 0 15890
1 5560 5560
-1
0 0 12778
-1
1 10780 10780
1 26199 26199
-1
0 0 6520
-1
0 0 10642
0 0 7774
1 27774 27774
0 0 11492
1 15111 15111
1 16190 16190
-1
-1
1 3104 3104
1 16435 16435
1 10083 10083
-1
-1
0 0 1776
-1
-1
0 0 15264
1 18723 18723
-1
1 19520 19520
-1
1 30184 30184
0 0 2137
1 2154 2154
-1
-1
0 0 15328
0 0 8670
0 0 13591
1 13855 13855
-1
1 29447 29447
0 0 6109
1 13649 13649
1 11098 11098
-1
-1
0 0 10054
-1
1 10095 10095
0 0 10379
-1
-1
1 30291 30291
0 0 10094
1 4218 4218
0 0 4196
1 11709 11709
0 0 13901
0 0 6344
0 0 5773
1 17824 17824
1 30447 30447
0 0 5945
-1
-1
1 25195 25195
-1
-1
0 0 2279
-1
0 0 9758
0 0 6338
-1
0 0 2291
0 0 275
-1
0 0 5901
-1
0 0 1905
-1
-1
1 27057 27057
0 0 1520
0 0 16218
0 0 11644
-1
-1
-1
-1
1 30633 30633
1 32604 32604
-1
-1
1 26696 26696
0 0 16017
1 19829 19829
0 0 4680
1 30960 30960
-1
1 24428 24428
-1
-1
1 2321 2321
1 6232 6232
1 17990 17990
0 0 13556
1 5498 5498
1 9726 9726
-1
-1
1 6782 6782
-1
1 1424 1424
1 5681 5681
1 4143 4143
-1
0 0 5816
1 16722 16722
-1
1 17793 17793
0 0 10819
0 0 5206
-1
-1
-1
1 29727 29727
1 7227 7227
-1
-1
0 0 7613
-1
-1
1 25679 25679
-1
1 30429 30429
1 10717 10717
-1
-1
-1
0 0 5411
1 2935 2935
1 27918 27918
0 0 9681
1 26610 26610
-1
0 0 11115
1 27596 27596
-1
1 9211 9211
0 0 5176
-1
-1
0 0 12138
-1
0 0 10761
-1
1 5525 5525
-1
0 0 765
-1
0 0 10673
0 0 9510
1 29324 29324
-1
0 0 10910
1 12437 12437
1 24544 24544
0 0 298
1 25202 25202
1 31850 31850
0 0 3152
0 0 4547
-1
1 3608 3608
-1
0 0 14855
0 0 6511
1 27618 27618
-1
-1
0 0 6765
0 0 10046
-1
-1
0 0 4191
0 0 16074
-1
0 0 1132
-1
0 0 15906
-1
0 0 2232
0 0 9910
1 1441 1441
1 4440 4440
0 0 8449
0 0 10702
0 0 11416
0 0 10029
0 0 16125
0 0 6080
1 22379 22379
0 0 5753
0 0 11009
-1
-1
1 18303 18303
0 0 11830
-1
0 0 10953
1 29172 29172
-1
0 0 2853
0 0 3547
-1
1 29014 29014
1 30851 30851
-1
1 22855 22855
1 1416 1416
0 0 7753
1 10515 10515
1 25199 25199
0 0 5700
0 0 881
0 0 1758
1 1299 1299
0 0 12888
1 13743 13743
-1
1 3212 3212
1 14612 14612
0 0 7366
-1
0 0 10337
0 0 8954
-1
0 0 13027
1 1720 1720
-1
-1
0 0 10772
1 24831 24831
0 0 3490
1 16016 16016
1 14429 14429
0 0 30
-1
1 1123 1123
1 27984 27984
1 13231 13231
-1
0 0 12099
-1
1 2468 2468
-1
0 0 14081
-1
-1
-1
0 0 2267
1 27789 27789
0 0 4698
1 4062 4062
0 0 8040
0 0 12566
0 0 6953
-1
-1
1 3304 3304
0 0 10812
0 0 6518
-1
-1
-1
-1
1 25577 25577
0 0 1624
-1
0 0 765
1 8862 8862
-1
0 0 4219
-1
1 32029 32029
-1
1 25728 25728
-1
-1
-1
1 13400 13400
1 17996 17996
1 15856 15856
0 0 5096
0 0 12426
0 0 3917
0 0 7881
-1
0 0 10225
-1
0 0 1613
1 15336 15336
-1
-1
0 0 8576
0 0 10369
0 0 4385
0 0 10348
-1
0 0 8313
0 0 3527
-1
1 29044 29044
1 31201 31201
-1
0 0 3350
-1
-1
0 0 5794
1 13971 13971
1 15942 15942
1 29996 29996
0 0 14896
0 0 5851
0 0 10318
-1
1 19436 19436
-1
1 29710 29710
0 0 1313
-1
0 0 14483
-1
-1
-1
-1
-1
-1
0 0 7293
-1
0 0 8041
0 0 7856
0 0 15036
-1
-1
1 31642 31642
1 15653 15653
1 20160 20160
1 2357 2357
0 0 4313
1 24111 24111
0 0 15063
0 0 8692
-1
0 0 2348
0 0 2629
0 0 4094
1 27324 27324
1 12155 12155
-1
-1
1 23022 23022
1 10240 10240
1 384 384
-1
0 0 10559
0 0 11699
1 23253 23253
-1
-1
1 14019 14019
-1
1 8421 8421
-1
1 9531 9531
-1
1 23027 23027
-1
1 20619 20619
1 3054 3054
1 17206 17206
-1
-1
1 23660 23660
1 12342 12342
1 7825 7825
1 28800 28800
1 28424 28424
-1
1 17127 17127
1 5633 5633
0 0 14970
0 0 8348
-1
0 0 1414
-1
-1
0 0 5451
0 0 13538
-1
1 9937 9937
-1
0 0 3821
-1
-1
0 0 14306
-1
1 14866 14866
-1
0 0 9109
0 0 8168
0 0 6906
-1
-1
0 0 4285
1 14090 14090
0 0 6327
-1
1 12567 12567
0 0 14519
1 3544 3544
1 24542 24542
1 18878 18878
1 32244 32244
1 5221 5221
0 0 12514
1 27418 27418
-1
1 1085 1085
1 27532 27532
1 2537 2537
0 0 10640
1 26584 26584
0 0 2107
1 12416 12416
0 0 16055
1 23938 23938
0 0 6941
1 28485 28485
-1
1 12254 12254
1 29059 29059
1 7476 7476
1 28948 28948
0 0 7984
-1
-1
1 4553 4553
-1
1 16651 16651
0 0 6958
0 0 2047
0 0 3177
-1
-1
0 0 1555
1 6222 6222
1 14959 14959
-1
1 29665 29665
1 15374 15374
-1
0 0 2827
1 22153 22153
-1
0 0 5160
1 28918 28918
0 0 1237
-1
0 0 13039
0 0 3846
1 7557 7557
-1
0 0 14920
1 15095 15095
1 8589 8589
-1
-1
-1
-1
1 27554 27554
0 0 7208
0 0 4425
1 32504 32504
0 0 7359
1 18741 18741
0 0 239
0 0 7652
1 19251 19251
1 19439 19439
1 11057 11057
-1
1 4386 4386
0 0 9350
-1
1 1139 1139
1 20230 20230
-1
0 0 4285
-1
-1
1 9967 9967
0 0 9686
0 0 9788
0 0 12955
0 0 12361
1 11098 11098
0 0 13775
0 0 268
0 0 10157
0 0 4585
-1
1 16669 16669
1 24218 24218
0 0 11259
0 0 6477
1 1568 1568
0 0 13066
-1
-1
0 0 13737
0 0 9026
0 0 6109
1 277 277
0 0 13532
1 22041 22041
0 0 3522
-1
-1
1 7413 7413
1 17487 17487
0 0 3840
-1
-1
-1
0 0 12190
1 22348 22348
1 1483 1483
0 0 8270
1 13194 13194
0 0 13157
0 0 6439
-1
0 0 11943
1 25731 25731
1 21545 21545
-1
0 0 12179
0 0 10873
-1
-1
1 12386 12386
1 30445 30445
0 0 3383
1 31301 31301
0 0 8387
