-1
0 0 10726
0 0 1472
0 0 9406
0 0 8426
-1
1 23800 23800
1 29457 29457
0 0 183
-1
0 0 3480
-1
0 0 4779
1 17167 17167
0 0 3341
-1
0 0 3968
0 0 2977
1 16717 16717
1 24998 24998
-1
0 0 7068
0 0 11073
0 0 1598
-1
0 0 11717
0 0 11274
1 13590 13590
-1
1 26579 26579
1 26506 26506
1 12799 12799
1 29150 29150
-1
-1
0 0 581
1 22205 22205
-1
1 21712 21712
1 14158 14158
0 0 6435
0 0 3885
1 17369 17369
1 19622 19622
0 0 13652
1 32371 32371
0 0 5144
1 15665 15665
1 11898 11898
-1
-1
-1
-1
1 13602 13602
-1
0 0 9301
-1
0 0 6226
-1
1 30381 30381
-1
-1
1 5112 5112
1 4867 4867
0 0 669
1 11061 11061
0 0 1001
1 32545 32545
0 0 10433
1 31942 31942
0 0 3500
1 22973 22973
0 0 3696
1 2066 2066
0 0 9165
0 0 13993
1 22183 22183
0 0 2034
-1
0 0 5967
1 2696 2696
-1
-1
0 0 9618
1 25371 25371
0 0 10805
1 7011 7011
0 0 9174
-1
0 0 3876
-1
1 11966 11966
1 17963 17963
1 23560 23560
1 135 135
1 20266 20266
-1
1 28427 28427
-1
-1
-1
1 26805 26805
0 0 2024
1 13215 13215
1 25729 25729
1 28911 28911
0 0 9945
0 0 16012
0 0 10825
0 0 7763
-1
0 0 15335
0 0 13109
1 5194 5194
-1
1 8548 8548
0 0 2785
0 0 13608
-1
-1
-1
-1
1 9061 9061
1 24201 24201
-1
0 0 4659
1 15478 15478
-1
1 22992 22992
-1
-1
-1
1 9633 9633
1 3554 3554
-1
1 24114 24114
0 0 13874
0 0 11033
1 15717 15717
0 0 3740
-1
0 0 1274
-1
1 16897 16897
1 13666 13666
0 0 15324
0 0 6753
-1
-1
1 3092 3092
0 0 15170
1 13091 13091
0 0 2682
1 30751 30751
1 12955 12955
-1
1 22313 22313
1 26613 26613
-1
-1
0 0 196
0 0 9372
-1
1 22693 22693
0 0 15037
-1
1 16276 16276
1 12984 12984
-1
0 0 14990
0 0 7927
-1
0 0 14742
-1
0 0 3846
1 30325 30325
1 10925 10925
-1
-1
1 1824 1824
0 0 15907
1 3831 3831
1 12943 12943
0 0 10509
-1
1 24276 24276
1 15945 15945
0 0 13607
0 0 13709
1 3058 3058
0 0 4026
-1
-1
0 0 15624
1 6361 6361
-1
1 6193 6193
0 0 3195
1 31069 31069
0 0 9528
1 2553 2553
0 0 9590
-1
-1
1 10843 10843
-1
0 0 2962
1 15980 15980
-1
0 0 605
-1
-1
0 0 13137
-1
1 25064 25064
1 6372 6372
0 0 12558
1 21263 21263
1 19887 19887
1 2249 2249
1 87 87
1 13724 13724
-1
0 0 9230
-1
-1
-1
-1
1 26884 26884
0 0 5295
1 24087 24087
0 0 16205
0 0 4884
-1
1 20107 20107
0 0 13852
1 8310 8310
-1
1 3325 3325
1 805 805
0 0 2719
-1
1 737 737
0 0 8386
0 0 606
0 0 9867
1 978 978
0 0 95
0 0 8771
1 12816 12816
0 0 5127
0 0 4607
0 0 4368
1 18997 18997
0 0 7034
0 0 11095
0 0 2742
-1
1 8590 8590
1 23301 23301
0 0 409
-1
0 0 1664
0 0 13372
0 0 1999
-1
-1
1 6722 6722
-1
1 11710 11710
1 11989 11989
-1
0 0 6275
-1
1 29372 29372
-1
-1
-1
1 22413 22413
-1
-1
0 0 3212
0 0 10834
0 0 16022
0 0 3547
-1
1 9349 9349
-1
-1
1 31392 31392
-1
0 0 15026
1 16893 16893
1 10794 10794
-1
-1
-1
-1
-1
-1
0 0 6969
-1
0 0 13814
-1
0 0 8209
1 20050 20050
1 29759 29759
1 23188 23188
0 0 1169
1 20144 20144
0 0 11819
0 0 11350
0 0 2212
1 25958 25958
0 0 3417
1 5525 5525
0 0 15404
-1
1 31990 31990
1 29946 29946
-1
0 0 6953
1 8803 8803
-1
0 0 8274
0 0 8838
0 0 819
0 0 292
-1
-1
0 0 3462
1 31587 31587
1 27858 27858
0 0 5564
1 29574 29574
0 0 3375
1 13779 13779
1 27207 27207
0 0 16213
1 3514 3514
1 9711 9711
1 30185 30185
0 0 10425
1 31552 31552
1 16928 16928
0 0 6685
-1
-1
0 0 419
1 15892 15892
-1
-1
1 2215 2215
1 9689 9689
1 25083 25083
-1
1 23144 23144
0 0 9975
-1
0 0 4702
-1
1 20282 20282
0 0 7283
-1
0 0 1935
0 0 14293
0 0 6767
0 0 14160
-1
1 10417 10417
-1
-1
1 25464 25464
1 15810 15810
0 0 6926
-1
-1
-1
-1
-1
1 18370 18370
1 29414 29414
1 27511 27511
1 26574 26574
-1
-1
1 21850 21850
0 0 352
-1
-1
1 24460 24460
-1
1 15131 15131
0 0 6744
1 31323 31323
1 238 238
0 0 9292
-1
0 0 12188
-1
0 0 12536
0 0 2921
1 19257 19257
-1
-1
1 15224 15224
1 18840 18840
0 0 1517
1 2300 2300
0 0 1850
0 0 1817
1 9901 9901
-1
0 0 9843
1 24585 24585
-1
-1
-1
0 0 2529
1 10952 10952
-1
1 16042 16042
-1
-1
0 0 7122
0 0 7909
-1
-1
1 1149 1149
0 0 3709
1 25041 25041
-1
1 16094 16094
-1
0 0 7662
1 20652 20652
0 0 14048
-1
0 0 1425
0 0 5682
0 0 12992
-1
-1
-1
1 27228 27228
0 0 6314
-1
-1
-1
1 12278 12278
0 0 14905
0 0 12461
1 6876 6876
-1
-1
0 0 10402
1 5363 5363
-1
-1
-1
-1
-1
1 27627 27627
-1
0 0 10159
1 30519 30519
1 4713 4713
0 0 3197
-1
1 28031 28031
1 14847 14847
1 16064 16064
-1
-1
-1
0 0 14309
1 7931 7931
1 17776 17776
0 0 2054
-1
1 23675 23675
1 13143 13143
1 3754 3754
0 0 15323
-1
1 9824 9824
1 13231 13231
-1
1 30278 30278
1 28662 28662
0 0 11875
0 0 3505
1 28811 28811
0 0 12098
1 27845 27845
1 2623 2623
0 0 9050
0 0 8701
0 0 783
0 0 8410
1 505 505
1 3152 3152
1 21867 21867
-1
1 8437 8437
1 25596 25596
-1
-1
-1
0 0 14141
1 10750 10750
-1
1 11891 11891
0 0 1638
0 0 7381
0 0 16271
-1
-1
0 0 3213
0 0 3383
-1
1 21380 21380
-1
-1
0 0 7066
-1
-1
0 0 14598
-1
1 30069 30069
-1
1 31769 31769
1 23536 23536
-1
-1
0 0 12022
0 0 9011
0 0 5147
1 12099 12099
1 5074 5074
-1
0 0 10458
1 6544 6544
1 13911 13911
0 0 13839
0 0 13517
1 3252 3252
1 18639 18639
-1
0 0 6023
-1
1 6096 6096
0 0 2300
1 20409 20409
0 0 15012
1 10165 10165
1 11595 11595
0 0 12067
1 20409 20409
1 13084 13084
0 0 15214
1 22758 22758
0 0 12543
0 0 7348
0 0 15633
0 0 8166
-1
1 7487 7487
-1
0 0 7643
1 17940 17940
0 0 10630
-1
-1
-1
0 0 4032
1 26815 26815
1 14078 14078
1 24325 24325
1 26123 26123
0 0 15211
1 3300 3300
-1
1 1891 1891
-1
0 0 12522
1 1166 1166
-1
-1
1 6812 6812
1 20564 20564
-1
1 22063 22063
0 0 15814
-1
1 10976 10976
-1
1 16121 16121
-1
1 13156 13156
1 28916 28916
-1
0 0 7119
1 7362 7362
-1
-1
1 30358 30358
-1
-1
0 0 4380
-1
-1
1 15997 15997
-1
1 23297 23297
-1
0 0 4701
-1
0 0 1301
0 0 15799
-1
0 0 8992
1 1199 1199
-1
-1
1 10921 10921
1 2434 2434
-1
0 0 6175
1 2243 2243
-1
-1
0 0 7753
1 1416 1416
1 19231 19231
0 0 14617
1 18768 18768
-1
1 17033 17033
1 18552 18552
0 0 5614
0 0 3140
-1
1 8224 8224
1 5758 5758
1 1480 1480
-1
1 25120 25120
0 0 13681
-1
1 28001 28001
0 0 9625
0 0 3659
1 26227 26227
1 7178 7178
0 0 13612
1 9104 9104
1 29564 29564
1 3008 3008
-1
0 0 16211
0 0 6454
0 0 4189
1 2339 2339
0 0 8969
-1
0 0 1004
0 0 2637
-1
0 0 9907
0 0 4238
1 23240 23240
1 22745 22745
-1
1 31273 31273
-1
1 23068 23068
-1
1 22731 22731
0 0 8165
1 18574 18574
1 16395 16395
1 21871 21871
-1
-1
0 0 8250
0 0 723
-1
-1
1 9029 9029
0 0 6994
-1
-1
1 4402 4402
-1
-1
1 20666 20666
0 0 5562
1 13579 13579
1 1343 1343
-1
-1
1 8591 8591
1 14329 14329
-1
-1
1 12828 12828
-1
0 0 4683
1 18597 18597
-1
1 29863 29863
1 8446 8446
0 0 1823
1 10645 10645
-1
-1
-1
0 0 14432
-1
1 6722 6722
-1
-1
-1
0 0 13621
1 14935 14935
1 13862 13862
0 0 5270
-1
1 531 531
0 0 11514
-1
0 0 12375
1 4309 4309
0 0 2449
1 10573 10573
1 27120 27120
-1
-1
0 0 7303
0 0 10390
1 13041 13041
1 5463 5463
0 0 11514
1 6003 6003
-1
-1
1 8478 8478
0 0 9688
0 0 15216
0 0 9806
1 4584 4584
0 0 16029
1 11451 11451
1 9066 9066
-1
-1
1 794 794
1 6932 6932
0 0 1557
1 13938 13938
-1
1 15831 15831
1 5686 5686
0 0 8862
1 7761 7761
0 0 651
1 14340 14340
0 0 6724
1 10662 10662
0 0 10732
-1
0 0 15760
-1
1 325 325
-1
-1
-1
1 29482 29482
-1
-1
1 7629 7629
0 0 9276
1 18119 18119
-1
1 24807 24807
-1
0 0 12437
-1
0 0 94
-1
-1
0 0 11266
1 2276 2276
-1
-1
1 13719 13719
-1
0 0 9045
0 0 5806
-1
-1
0 0 5649
0 0 16229
-1
0 0 12738
-1
0 0 11636
-1
-1
1 30489 30489
0 0 906
1 20276 20276
-1
1 21398 21398
1 7913 7913
-1
0 0 6276
-1
0 0 4453
1 18997 18997
0 0 1085
0 0 10960
0 0 2864
0 0 990
-1
-1
0 0 6027
-1
0 0 9610
-1
1 4759 4759
0 0 5900
1 11579 11579
1 15798 15798
0 0 4779
0 0 14861
0 0 10789
0 0 10329
0 0 13447
-1
-1
1 1056 1056
-1
0 0 1324
1 23887 23887
1 7474 7474
-1
-1
1 10850 10850
-1
0 0 4427
-1
-1
-1
1 28696 28696
0 0 9324
0 0 6759
1 27600 27600
0 0 15566
0 0 4951
1 29917 29917
1 13749 13749
1 12532 12532
1 17296 17296
-1
-1
1 31407 31407
0 0 7376
-1
-1
0 0 1619
1 7791 7791
-1
-1
0 0 11833
-1
1 16486 16486
0 0 2631
-1
-1
0 0 3352
-1
-1
1 31764 31764
1 19285 19285
0 0 12471
1 25568 25568
1 24215 24215
-1
1 5140 5140
-1
-1
0 0 14665
1 16810 16810
0 0 2265
0 0 3133
0 0 2068
1 10677 10677
1 4113 4113
0 0 13506
1 28947 28947
-1
0 0 12151
1 31673 31673
0 0 5933
0 0 2875
1 31753 31753
0 0 1491
-1
1 26860 26860
0 0 11181
-1
-1
0 0 15147
-1
1 20317 20317
-1
0 0 15862
-1
0 0 9757
-1
0 0 4040
1 4378 4378
0 0 1788
1 26998 26998
1 23103 23103
0 0 16138
0 0 8204
-1
-1
0 0 7006
-1
-1
1 1919 1919
-1
0 0 1347
1 31706 31706
0 0 5411
-1
-1
-1
0 0 1221
-1
-1
-1
1 11134 11134
0 0 8633
1 11747 11747
1 30120 30120
0 0 7230
-1
1 21763 21763
-1
0 0 10946
1 8336 8336
1 25104 25104
0 0 8036
-1
-1
-1
-1
-1
0 0 16378
0 0 6832
0 0 16362
1 30926 30926
-1
0 0 5900
-1
0 0 12823
1 2884 2884
0 0 4946
1 30207 30207
0 0 4819
-1
0 0 3355
-1
-1
1 10343 10343
0 0 10611
0 0 14175
1 22108 22108
-1
1 31792 31792
1 9197 9197
1 15664 15664
-1
1 17779 17779
-1
-1
-1
1 5236 5236
1 22324 22324
-1
0 0 7802
0 0 9196
-1
1 782 782
0 0 5437
-1
-1
1 27503 27503
1 32106 32106
1 12774 12774
-1
-1
1 6690 6690
1 14543 14543
-1
1 23238 23238
0 0 226
1 14756 14756
1 12660 12660
0 0 10854
0 0 14428
1 1280 1280
-1
0 0 3818
0 0 1685
-1
-1
-1
0 0 4803
-1
0 0 3591
-1
1 32511 32511
1 12718 12718
0 0 5447
1 17790 17790
-1
0 0 69
-1
0 0 5028
1 8937 8937
-1
0 0 4502
-1
0 0 13833
-1
1 18921 18921
0 0 435
-1
1 7519 7519
0 0 10628
-1
0 0 8398
1 29365 29365
0 0 7569
1 32433 32433
-1
0 0 5007
-1
-1
0 0 3704
1 23200 23200
0 0 7200
-1
0 0 2986
1 19999 19999
1 18313 18313
1 8031 8031
0 0 5449
0 0 6900
-1
1 16121 16121
-1
1 7213 7213
-1
0 0 15297
0 0 5539
1 21375 21375
-1
1 27568 27568
1 5823 5823
0 0 15531
1 10425 10425
1 12381 12381
0 0 8713
1 2190 2190
0 0 9859
0 0 4995
0 0 5335
0 0 15859
0 0 14000
-1
1 20029 20029
1 132 132
-1
-1
-1
1 14444 14444
0 0 3488
1 12271 12271
-1
1 3340 3340
1 25046 25046
1 6594 6594
-1
0 0 2266
1 29587 29587
1 23072 23072
-1
-1
0 0 15203
-1
1 29916 29916
1 2249 2249
1 18377 18377
1 19454 19454
-1
-1
-1
-1
-1
-1
1 18841 18841
0 0 9842
1 684 684
0 0 5710
0 0 13778
-1
1 20446 20446
-1
-1
0 0 11064
-1
1 10548 10548
0 0 445
-1
0 0 10754
-1
1 24091 24091
0 0 12863
-1
-1
0 0 15268
0 0 3101
-1
0 0 9084
1 1399 1399
-1
0 0 347
1 31149 31149
0 0 2000
1 11033 11033
-1
-1
1 9153 9153
1 26843 26843
1 17277 17277
0 0 6420
0 0 3756
-1
-1
1 9115 9115
0 0 15862
0 0 6416
1 22606 22606
1 28064 28064
-1
0 0 15054
-1
1 5573 5573
0 0 2201
1 17887 17887
-1
-1
0 0 12991
-1
0 0 1866
-1
-1
0 0 11672
-1
0 0 3513
1 15063 15063
-1
-1
1 20745 20745
0 0 4235
1 2930 2930
-1
-1
0 0 11697
0 0 16020
-1
0 0 3454
-1
0 0 4385
-1
-1
0 0 14492
-1
1 27761 27761
0 0 7528
0 0 10507
-1
0 0 13013
0 0 11497
0 0 1878
-1
1 27823 27823
-1
-1
-1
0 0 15185
-1
0 0 16170
0 0 12806
-1
-1
0 0 4973
1 17386 17386
1 20294 20294
0 0 11087
0 0 2434
1 21406 21406
1 15128 15128
0 0 9886
0 0 15177
-1
-1
0 0 7714
0 0 15336
-1
0 0 39
1 7047 7047
-1
1 2718 2718
1 12778 12778
1 20281 20281
0 0 8
-1
0 0 11258
0 0 5432
0 0 1371
0 0 3409
0 0 9690
0 0 213
1 30551 30551
1 24187 24187
1 15410 15410
1 19783 19783
1 23117 23117
1 24961 24961
1 27838 27838
1 23560 23560
1 29050 29050
0 0 2254
-1
-1
0 0 15713
-1
0 0 13255
-1
1 6799 6799
1 27611 27611
-1
-1
1 21068 21068
-1
0 0 4469
0 0 15546
1 1770 1770
1 11315 11315
-1
-1
0 0 2991
-1
1 27095 27095
0 0 1615
-1
0 0 1520
0 0 343
1 13465 13465
0 0 4183
1 29561 29561
0 0 7628
0 0 1011
-1
-1
-1
1 3917 3917
0 0 6808
1 26056 26056
-1
-1
1 22196 22196
-1
-1
1 31994 31994
0 0 11790
1 8798 8798
1 25070 25070
0 0 9698
1 12410 12410
-1
-1
-1
-1
1 1111 1111
1 2637 2637
1 5749 5749
0 0 8056
1 29568 29568
0 0 6034
1 23479 23479
1 7997 7997
0 0 9353
0 0 650
-1
1 6122 6122
0 0 12441
1 4719 4719
1 5536 5536
1 23325 23325
1 24618 24618
-1
1 12666 12666
-1
1 19688 19688
1 10626 10626
-1
1 2234 2234
1 15230 15230
0 0 11290
0 0 15540
-1
-1
-1
0 0 964
0 0 4163
0 0 3989
1 9813 9813
1 25200 25200
0 0 1027
-1
-1
1 19937 19937
0 0 7581
1 29066 29066
1 21108 21108
0 0 12287
0 0 15666
0 0 12452
1 15265 15265
0 0 8679
1 25032 25032
0 0 1438
-1
1 3007 3007
1 20527 20527
0 0 8890
0 0 15012
-1
1 23910 23910
-1
1 12028 12028
-1
0 0 12382
0 0 4490
1 8625 8625
-1
0 0 964
0 0 2342
1 30512 30512
0 0 14823
-1
1 20070 20070
1 32513 32513
1 22103 22103
-1
-1
-1
0 0 14684
0 0 7258
-1
1 10141 10141
0 0 14989
-1
0 0 8992
0 0 4968
1 17673 17673
0 0 9219
0 0 12587
0 0 12564
1 26611 26611
0 0 4016
-1
0 0 10179
-1
0 0 8440
-1
1 29066 29066
0 0 2167
0 0 7060
-1
-1
-1
-1
1 4142 4142
-1
-1
0 0 4159
-1
0 0 12012
1 30951 30951
1 16410 16410
-1
0 0 13265
0 0 8801
0 0 4908
-1
-1
-1
-1
0 0 1385
-1
-1
-1
1 13025 13025
0 0 12681
1 26318 26318
1 31449 31449
1 18867 18867
0 0 6918
1 24060 24060
-1
0 0 8001
1 23643 23643
1 13243 13243
1 5997 5997
0 0 5270
0 0 6883
1 5929 5929
1 29767 29767
-1
-1
0 0 741
-1
0 0 3296
-1
-1
-1
1 10518 10518
0 0 2254
0 0 4308
1 8232 8232
0 0 13075
-1
-1
0 0 8224
-1
1 21217 21217
-1
0 0 11356
0 0 431
-1
-1
-1
0 0 6923
1 9004 9004
-1
-1
-1
1 29408 29408
-1
0 0 15678
-1
0 0 5090
1 27809 27809
-1
0 0 7100
0 0 13414
1 27686 27686
0 0 5745
0 0 10165
1 2608 2608
-1
0 0 7545
1 23443 23443
1 31719 31719
1 19322 19322
1 27046 27046
-1
0 0 9241
-1
1 26830 26830
0 0 1401
1 8722 8722
0 0 14470
0 0 1823
1 762 762
0 0 488
0 0 14363
-1
-1
-1
-1
-1
-1
0 0 10663
-1
-1
1 30392 30392
-1
0 0 7473
1 13828 13828
0 0 343
1 4404 4404
0 0 12460
-1
1 4695 4695
-1
0 0 4032
0 0 2732
0 0 13891
0 0 5666
0 0 8085
1 30810 30810
-1
-1
1 28047 28047
0 0 6764
0 0 4663
1 30597 30597
-1
0 0 7590
1 2046 2046
1 30403 30403
1 6367 6367
0 0 14746
1 1731 1731
0 0 15645
-1
-1
-1
1 18721 18721
-1
1 8036 8036
-1
1 16363 16363
-1
-1
-1
1 16084 16084
1 8113 8113
-1
-1
0 0 5165
-1
0 0 2638
1 8404 8404
-1
1 6926 6926
-1
-1
0 0 7110
-1
0 0 2599
-1
-1
-1
-1
-1
0 0 13028
0 0 7856
0 0 3730
1 30417 30417
0 0 14349
-1
-1
0 0 9859
0 0 14282
0 0 3853
1 25909 25909
1 8424 8424
-1
0 0 7079
0 0 9301
0 0 4037
0 0 4824
1 17506 17506
-1
0 0 11984
1 7767 7767
-1
0 0 14322
-1
0 0 7827
1 5474 5474
-1
0 0 8220
1 31374 31374
0 0 6517
-1
1 727 727
-1
-1
-1
0 0 4885
-1
0 0 2848
-1
-1
0 0 7351
0 0 9665
-1
1 1846 1846
1 25641 25641
0 0 2253
0 0 3428
1 9261 9261
0 0 9925
0 0 13598
1 26691 26691
0 0 8875
0 0 5259
1 13825 13825
0 0 14188
-1
0 0 8394
0 0 9073
0 0 9394
0 0 15972
-1
0 0 353
0 0 13025
-1
0 0 14310
0 0 2802
-1
0 0 10758
-1
-1
0 0 14525
0 0 271
-1
-1
0 0 4881
1 19419 19419
-1
0 0 3304
-1
1 17552 17552
0 0 1171
0 0 5621
1 31271 31271
-1
0 0 161
1 23028 23028
-1
0 0 5232
0 0 7945
-1
0 0 4092
1 17235 17235
1 2115 2115
0 0 10004
-1
-1
0 0 12385
-1
-1
1 22453 22453
1 20291 20291
-1
-1
1 19157 19157
0 0 8286
1 29853 29853
1 15505 15505
0 0 11020
1 30184 30184
-1
-1
1 12275 12275
-1
-1
0 0 9953
-1
-1
0 0 3570
1 23003 23003
0 0 4850
1 27619 27619
0 0 2697
-1
0 0 3466
1 24052 24052
0 0 12332
0 0 12675
1 22024 22024
-1
0 0 12829
1 1496 1496
0 0 9267
1 19429 19429
-1
1 22955 22955
1 7162 7162
0 0 14423
0 0 15208
0 0 1107
-1
0 0 2375
1 8450 8450
0 0 14589
1 21910 21910
0 0 4179
1 4036 4036
-1
-1
0 0 3947
1 30480 30480
-1
0 0 6525
-1
1 30785 30785
1 22388 22388
-1
1 10720 10720
1 17558 17558
0 0 7384
0 0 834
0 0 1129
1 20403 20403
0 0 12398
1 32097 32097
-1
1 4641 4641
-1
1 5327 5327
1 8147 8147
0 0 11748
1 1955 1955
1 6236 6236
0 0 16136
-1
-1
-1
-1
0 0 11320
1 12059 12059
-1
-1
-1
1 31063 31063
-1
0 0 62
0 0 9193
1 13019 13019
1 23361 23361
-1
1 17951 17951
-1
-1
-1
0 0 8496
1 14008 14008
-1
1 22537 22537
1 13887 13887
0 0 106
-1
1 10089 10089
0 0 9059
1 30405 30405
0 0 12145
1 6571 6571
-1
-1
-1
-1
1 2543 2543
-1
-1
-1
0 0 4878
-1
-1
0 0 3297
-1
1 29961 29961
0 0 2325
1 26983 26983
-1
1 20811 20811
1 540 540
-1
-1
0 0 14932
1 20782 20782
1 18954 18954
1 16314 16314
-1
-1
1 8370 8370
0 0 3459
1 21326 21326
-1
0 0 848
-1
1 26794 26794
-1
-1
-1
1 30285 30285
1 20130 20130
1 16146 16146
-1
-1
0 0 14734
1 18781 18781
0 0 15506
-1
0 0 15271
-1
-1
1 7358 7358
1 11192 11192
0 0 8071
1 19032 19032
-1
-1
-1
1 2513 2513
1 4343 4343
-1
-1
1 31692 31692
-1
-1
1 9777 9777
1 1400 1400
0 0 1558
-1
0 0 2527
1 13419 13419
1 6456 6456
0 0 14040
-1
-1
1 5843 5843
0 0 7289
1 2185 2185
1 8548 8548
1 25270 25270
1 20969 20969
0 0 10347
1 11013 11013
0 0 11471
1 7221 7221
-1
1 17955 17955
-1
1 3356 3356
1 7210 7210
0 0 6114
0 0 14019
1 13832 13832
1 3418 3418
0 0 9770
-1
0 0 12163
-1
1 2597 2597
0 0 5598
-1
-1
-1
1 3416 3416
1 29096 29096
0 0 1414
1 4916 4916
-1
-1
1 4232 4232
0 0 8579
-1
1 10556 10556
-1
-1
0 0 5783
0 0 4456
0 0 1434
0 0 2832
1 9089 9089
0 0 14879
1 24266 24266
-1
0 0 6665
0 0 1287
1 29498 29498
1 12258 12258
0 0 3814
1 7023 7023
1 16927 16927
0 0 2910
-1
-1
0 0 428
-1
-1
-1
-1
0 0 4357
1 317 317
0 0 5224
1 23192 23192
1 8527 8527
1 2685 2685
0 0 8772
1 27183 27183
-1
-1
1 20174 20174
0 0 9758
-1
-1
1 27435 27435
1 2420 2420
1 15423 15423
0 0 11503
-1
-1
-1
1 5230 5230
0 0 11191
-1
0 0 11073
0 0 6660
0 0 7818
0 0 6276
0 0 5070
-1
-1
0 0 14936
0 0 5229
-1
-1
-1
0 0 8125
0 0 676
-1
-1
-1
1 27992 27992
-1
1 16614 16614
-1
-1
1 2335 2335
-1
1 6471 6471
-1
0 0 15735
1 7247 7247
0 0 16005
-1
-1
0 0 15291
-1
1 26435 26435
-1
0 0 10110
1 598 598
0 0 2751
1 17280 17280
0 0 5089
-1
0 0 14736
1 1007 1007
1 23024 23024
0 0 12389
0 0 11054
1 9223 9223
0 0 8120
0 0 6940
1 25714 25714
1 5097 5097
0 0 14649
0 0 16363
0 0 11280
-1
0 0 3571
-1
-1
1 5701 5701
-1
0 0 13970
-1
-1
1 1737 1737
-1
1 11148 11148
1 23008 23008
-1
-1
1 21241 21241
1 920 920
-1
1 19316 19316
0 0 9727
-1
-1
0 0 1087
1 6901 6901
-1
1 11177 11177
0 0 7057
-1
-1
0 0 5392
1 24869 24869
-1
1 22303 22303
1 26159 26159
1 2348 2348
-1
-1
0 0 5399
-1
-1
1 20863 20863
0 0 10267
0 0 7341
-1
1 11462 11462
-1
-1
1 25577 25577
1 15576 15576
1 164 164
1 7610 7610
-1
1 17487 17487
1 20625 20625
1 31191 31191
1 12373 12373
-1
1 23195 23195
-1
1 15089 15089
0 0 12994
1 28976 28976
-1
0 0 7848
0 0 15061
0 0 11969
-1
-1
-1
0 0 7940
0 0 2130
1 20467 20467
1 5215 5215
0 0 14975
1 30287 30287
0 0 7717
0 0 214
0 0 4976
1 31994 31994
1 21903 21903
0 0 13120
0 0 9338
-1
0 0 13291
1 20631 20631
-1
-1
0 0 6621
1 1613 1613
-1
0 0 1519
-1
0 0 14481
-1
-1
0 0 3109
1 6208 6208
1 21280 21280
1 13953 13953
-1
-1
-1
0 0 9542
0 0 9386
0 0 3468
-1
0 0 16216
0 0 10655
1 18386 18386
0 0 4398
0 0 9410
0 0 14997
0 0 7145
1 20526 20526
0 0 13886
1 5457 5457
0 0 12792
-1
1 1653 1653
0 0 307
-1
0 0 8919
1 13871 13871
-1
0 0 7889
1 4727 4727
-1
0 0 12269
1 5661 5661
1 22599 22599
0 0 2091
-1
0 0 707
1 15829 15829
1 3640 3640
-1
1 19689 19689
0 0 2766
1 32192 32192
0 0 2080
-1
1 23642 23642
0 0 6481
-1
1 10251 10251
-1
-1
0 0 6676
0 0 7884
-1
-1
1 14744 14744
-1
1 17488 17488
1 1227 1227
-1
-1
-1
0 0 14774
1 16703 16703
-1
0 0 7964
0 0 15780
0 0 8990
0 0 12039
-1
-1
-1
1 20755 20755
1 5106 5106
1 24250 24250
1 14481 14481
-1
-1
0 0 13770
-1
0 0 14134
1 8289 8289
1 26927 26927
0 0 3279
1 23761 23761
-1
-1
0 0 6984
1 5068 5068
0 0 1365
-1
-1
0 0 2848
1 8263 8263
1 23426 23426
-1
1 16560 16560
0 0 2842
1 4758 4758
0 0 12668
1 21448 21448
-1
1 32731 32731
0 0 10989
0 0 1898
0 0 14673
0 0 9840
-1
0 0 11555
0 0 14446
-1
1 11334 11334
1 566 566
0 0 1517
1 1251 1251
1 23283 23283
1 218 218
-1
0 0 6521
0 0 2887
-1
1 23041 23041
0 0 15860
0 0 2460
1 223 223
-1
-1
-1
-1
-1
-1
0 0 7962
-1
1 5248 5248
0 0 6697
-1
-1
-1
0 0 6586
-1
0 0 7927
-1
-1
-1
0 0 3412
0 0 15775
0 0 14057
0 0 9906
1 10484 10484
0 0 12821
1 25188 25188
1 14036 14036
1 27344 27344
1 13201 13201
0 0 15733
1 31428 31428
-1
0 0 12880
0 0 16004
0 0 635
1 12132 12132
-1
0 0 14755
-1
0 0 10725
0 0 4196
1 32655 32655
0 0 7898
1 5152 5152
1 5651 5651
1 15795 15795
1 10712 10712
-1
1 11880 11880
1 13798 13798
1 21607 21607
0 0 6017
1 8139 8139
0 0 12191
1 1590 1590
-1
1 18308 18308
1 12859 12859
-1
0 0 10275
1 22683 22683
-1
1 14335 14335
-1
1 6752 6752
1 7417 7417
0 0 2330
1 21098 21098
-1
-1
1 17702 17702
1 23701 23701
1 6531 6531
-1
-1
0 0 13589
-1
1 22239 22239
0 0 6640
0 0 1663
0 0 9688
0 0 5973
0 0 12036
-1
1 27331 27331
0 0 10804
0 0 11602
-1
1 7151 7151
0 0 13018
-1
-1
0 0 9519
0 0 15368
0 0 6163
1 12542 12542
1 10626 10626
0 0 9647
-1
1 7225 7225
1 907 907
1 3175 3175
0 0 3502
0 0 16327
0 0 3064
1 10068 10068
0 0 15124
0 0 2918
1 2539 2539
-1
0 0 8636
-1
0 0 12158
1 14209 14209
-1
-1
-1
1 2189 2189
1 24563 24563
0 0 14609
-1
-1
0 0 16100
-1
1 18974 18974
0 0 9819
1 2174 2174
1 28318 28318
-1
1 7033 7033
-1
-1
1 22650 22650
-1
1 1297 1297
0 0 3580
-1
0 0 1326
1 12731 12731
1 16712 16712
1 32031 32031
0 0 4477
-1
0 0 1543
1 20874 20874
-1
-1
-1
-1
0 0 15223
1 27486 27486
1 8956 8956
1 15613 15613
-1
1 17318 17318
0 0 16317
0 0 11403
0 0 10804
-1
0 0 13199
-1
-1
-1
0 0 8343
0 0 9082
-1
0 0 15298
1 20756 20756
0 0 9584
0 0 2197
-1
-1
0 0 11286
0 0 13877
0 0 9257
-1
1 19610 19610
1 1646 1646
1 12339 12339
-1
1 24232 24232
1 23243 23243
-1
1 5159 5159
-1
0 0 6975
-1
1 31826 31826
-1
0 0 11571
1 11959 11959
0 0 13536
0 0 1499
-1
1 9358 9358
-1
1 8247 8247
-1
1 10229 10229
0 0 16143
1 29156 29156
0 0 12158
0 0 11497
-1
1 31829 31829
-1
0 0 1035
-1
-1
0 0 14721
1 13358 13358
0 0 4752
0 0 6116
-1
1 10640 10640
0 0 8817
0 0 2218
1 6410 6410
0 0 4634
1 12577 12577
0 0 13531
0 0 13561
1 1817 1817
1 1473 1473
1 23778 23778
-1
0 0 4446
0 0 11299
1 30085 30085
-1
-1
0 0 8493
1 921 921
-1
0 0 108
1 31818 31818
-1
-1
-1
1 1929 1929
0 0 8352
0 0 7765
-1
0 0 13462
0 0 3786
1 12283 12283
1 18135 18135
1 29805 29805
0 0 15085
-1
-1
-1
1 11743 11743
-1
0 0 10836
0 0 1329
0 0 15063
-1
-1
-1
1 6174 6174
1 200 200
-1
-1
0 0 11424
1 7339 7339
-1
-1
1 25845 25845
-1
1 7302 7302
1 563 563
-1
-1
1 2183 2183
1 27616 27616
1 6474 6474
0 0 11238
0 0 8093
1 8713 8713
0 0 12666
0 0 16007
1 30940 30940
-1
0 0 800
0 0 2390
-1
-1
0 0 12207
0 0 9125
-1
1 7037 7037
1 6464 6464
0 0 5944
1 445 445
0 0 9904
0 0 1550
0 0 2437
-1
0 0 10637
-1
-1
0 0 7641
-1
1 1775 1775
-1
0 0 6578
0 0 4670
-1
-1
0 0 5119
-1
1 4575 4575
1 17670 17670
0 0 16365
1 10209 10209
0 0 6670
-1
0 0 4649
1 19077 19077
1 25393 25393
1 30174 30174
1 18507 18507
-1
-1
0 0 6682
1 16039 16039
-1
1 30056 30056
-1
1 24782 24782
1 10471 10471
-1
1 32628 32628
0 0 663
1 27974 27974
0 0 11173
-1
1 1464 1464
1 19009 19009
-1
0 0 9491
-1
-1
-1
1 2723 2723
0 0 5582
0 0 649
1 14516 14516
0 0 5195
1 12526 12526
-1
-1
0 0 9842
0 0 10153
0 0 8811
0 0 7698
0 0 5802
0 0 487
1 27688 27688
0 0 5939
-1
1 17901 17901
1 3915 3915
1 17769 17769
1 14637 14637
-1
0 0 15896
0 0 13268
-1
1 3266 3266
1 21614 21614
1 3175 3175
-1
1 24479 24479
-1
0 0 11542
1 20772 20772
-1
-1
-1
0 0 10319
0 0 9179
0 0 4629
0 0 3869
-1
1 10671 10671
0 0 247
0 0 8242
1 29970 29970
1 1654 1654
-1
1 4184 4184
1 15166 15166
0 0 2521
0 0 5828
0 0 3383
-1
-1
0 0 14381
-1
0 0 12659
0 0 2785
-1
-1
1 24687 24687
-1
-1
1 9743 9743
0 0 11748
1 9846 9846
-1
0 0 1415
0 0 729
-1
0 0 3158
0 0 5114
0 0 168
0 0 8785
-1
-1
-1
0 0 7661
-1
-1
1 21805 21805
0 0 9134
1 27357 27357
-1
0 0 11027
-1
1 30981 30981
-1
1 20297 20297
1 11769 11769
1 13056 13056
1 20558 20558
-1
1 6072 6072
1 20166 20166
0 0 3169
1 11730 11730
-1
1 8949 8949
1 6996 6996
-1
-1
0 0 2215
1 28879 28879
1 17718 17718
0 0 9910
1 313 313
-1
0 0 3760
0 0 11422
1 27198 27198
-1
1 20513 20513
-1
1 28299 28299
0 0 15780
0 0 10226
0 0 15765
-1
1 30029 30029
0 0 8128
0 0 4435
0 0 6898
-1
1 29866 29866
0 0 6281
-1
0 0 5573
0 0 1344
0 0 10676
1 7302 7302
0 0 938
0 0 512
-1
1 7506 7506
0 0 262
0 0 16199
0 0 6310
1 12779 12779
1 10086 10086
1 29811 29811
0 0 10735
-1
1 26712 26712
1 3928 3928
0 0 2739
0 0 4072
0 0 1230
0 0 1383
1 26350 26350
-1
1 8756 8756
-1
-1
0 0 15641
0 0 5359
0 0 5393
-1
-1
0 0 3025
1 29970 29970
1 28108 28108
-1
0 0 2086
-1
-1
1 3061 3061
1 9452 9452
0 0 8269
-1
1 14245 14245
0 0 4264
1 1825 1825
1 24830 24830
-1
1 27282 27282
1 13844 13844
0 0 13601
0 0 4855
1 28044 28044
1 29222 29222
1 23679 23679
1 9863 9863
1 7516 7516
-1
0 0 2865
1 14121 14121
-1
-1
1 18593 18593
0 0 14230
1 22094 22094
0 0 6244
1 7285 7285
1 17042 17042
-1
-1
-1
-1
0 0 12630
1 24221 24221
-1
1 27047 27047
1 965 965
0 0 14421
1 30172 30172
1 774 774
-1
0 0 5066
0 0 3331
0 0 13330
-1
1 12585 12585
0 0 12431
1 22963 22963
-1
-1
0 0 14329
-1
-1
-1
-1
-1
0 0 4197
-1
0 0 15954
1 15756 15756
1 15919 15919
-1
0 0 9755
-1
1 1169 1169
0 0 13801
-1
-1
1 8196 8196
-1
-1
0 0 10858
-1
0 0 908
1 25074 25074
-1
1 31544 31544
0 0 6540
0 0 7430
0 0 9935
0 0 12730
0 0 13266
0 0 11644
-1
-1
0 0 16249
-1
0 0 3404
-1
-1
0 0 13772
0 0 9151
0 0 4812
-1
1 15684 15684
0 0 16
-1
-1
0 0 3157
0 0 14274
0 0 934
1 30036 30036
1 19410 19410
-1
1 366 366
-1
0 0 8097
-1
1 10102 10102
1 9013 9013
0 0 13892
0 0 6341
1 16611 16611
1 11200 11200
0 0 12890
1 10876 10876
1 17913 17913
0 0 3694
1 26330 26330
1 359 359
1 32317 32317
1 11076 11076
-1
-1
0 0 6013
0 0 3019
1 25215 25215
-1
-1
1 24794 24794
0 0 13661
0 0 6383
1 2784 2784
-1
-1
0 0 288
0 0 7160
0 0 11927
1 28473 28473
1 24536 24536
-1
0 0 13918
-1
-1
1 4501 4501
-1
-1
0 0 14665
1 27177 27177
-1
-1
-1
0 0 8664
1 19467 19467
0 0 5483
0 0 12966
-1
-1
-1
1 21065 21065
-1
0 0 6038
1 26464 26464
0 0 16065
1 15357 15357
1 23662 23662
-1
-1
1 31398 31398
1 23104 23104
0 0 14219
-1
-1
-1
-1
-1
1 32457 32457
0 0 1690
0 0 9383
1 1938 1938
1 7300 7300
0 0 12113
0 0 8812
1 28020 28020
-1
0 0 10011
-1
0 0 9172
0 0 13911
-1
0 0 3904
-1
1 28279 28279
-1
1 15323 15323
-1
1 27621 27621
1 20742 20742
1 23062 23062
-1
0 0 4454
-1
1 31769 31769
0 0 11055
1 4300 4300
1 30993 30993
1 4561 4561
-1
1 29119 29119
0 0 10374
1 32429 32429
1 8378 8378
0 0 10020
1 14592 14592
0 0 6162
-1
0 0 3368
-1
1 17453 17453
0 0 11005
-1
-1
0 0 8162
1 23795 23795
0 0 2019
-1
1 21869 21869
1 19872 19872
0 0 5611
-1
-1
-1
1 18855 18855
1 10415 10415
-1
1 31078 31078
-1
0 0 10543
1 24325 24325
0 0 2335
-1
0 0 4861
1 1987 1987
-1
-1
0 0 14765
-1
1 26562 26562
1 24059 24059
1 17338 17338
-1
1 6023 6023
1 332 332
0 0 15900
1 10809 10809
1 1432 1432
-1
1 4188 4188
-1
1 16540 16540
0 0 9865
-1
0 0 11485
-1
1 18547 18547
1 141 141
1 29330 29330
-1
-1
-1
0 0 12292
1 10987 10987
-1
-1
1 12750 12750
-1
-1
0 0 1144
-1
0 0 2097
-1
1 32146 32146
1 8605 8605
-1
0 0 9128
1 15200 15200
-1
1 6686 6686
1 28300 28300
-1
-1
1 6624 6624
-1
1 14837 14837
0 0 5317
1 29884 29884
-1
-1
0 0 2884
-1
0 0 13735
1 17276 17276
1 6682 6682
0 0 1932
0 0 9431
1 4112 4112
1 2575 2575
1 28065 28065
-1
1 13570 13570
1 8766 8766
-1
1 29767 29767
-1
-1
1 4423 4423
0 0 15209
0 0 11498
1 12204 12204
1 27076 27076
0 0 16193
1 32470 32470
0 0 8852
0 0 14422
0 0 7221
0 0 7615
0 0 12332
-1
0 0 14705
0 0 235
-1
-1
-1
-1
-1
0 0 5891
-1
0 0 9693
0 0 12003
1 16362 16362
0 0 5185
0 0 14696
-1
1 29906 29906
1 31081 31081
1 32687 32687
-1
1 6140 6140
-1
1 25299 25299
-1
-1
1 17882 17882
-1
-1
1 7233 7233
0 0 12930
0 0 12849
-1
-1
0 0 2178
1 12736 12736
-1
0 0 12603
0 0 6153
1 26700 26700
0 0 1843
1 14069 14069
0 0 13655
1 25975 25975
0 0 7450
0 0 13645
-1
1 32155 32155
-1
0 0 14225
1 1757 1757
-1
1 17747 17747
-1
0 0 11168
1 8607 8607
1 22743 22743
1 14192 14192
1 3540 3540
0 0 3985
1 20821 20821
1 13278 13278
1 14314 14314
-1
0 0 3063
0 0 15294
-1
1 28719 28719
-1
1 22584 22584
1 14525 14525
1 4662 4662
-1
0 0 3217
1 8818 8818
0 0 2116
0 0 13901
1 9459 9459
0 0 6478
1 20642 20642
0 0 15732
-1
-1
0 0 2734
0 0 10339
1 23885 23885
1 19120 19120
0 0 4283
-1
1 5110 5110
1 24497 24497
-1
0 0 16342
0 0 1889
1 16986 16986
0 0 11424
1 17208 17208
0 0 3598
1 7521 7521
-1
1 24671 24671
1 24849 24849
1 18241 18241
-1
-1
0 0 489
-1
0 0 8216
-1
1 26165 26165
1 17225 17225
-1
1 6536 6536
0 0 14361
1 24507 24507
-1
1 27841 27841
0 0 13621
0 0 5708
-1
0 0 10206
-1
0 0 600
-1
0 0 14317
0 0 8728
1 21908 21908
-1
-1
1 9901 9901
1 32282 32282
0 0 13005
1 29588 29588
0 0 4641
1 15583 15583
0 0 13991
0 0 9731
1 26177 26177
1 11968 11968
1 10154 10154
-1
1 26014 26014
-1
-1
0 0 4963
0 0 6842
0 0 11987
0 0 11341
-1
-1
1 32316 32316
0 0 10406
0 0 9914
0 0 8786
0 0 776
0 0 10989
0 0 1935
1 11110 11110
0 0 364
-1
-1
0 0 6967
-1
0 0 4491
1 31536 31536
-1
-1
1 13565 13565
1 19117 19117
-1
1 5579 5579
-1
-1
-1
1 12833 12833
0 0 1488
0 0 7153
0 0 13250
0 0 9329
1 23409 23409
0 0 1444
-1
-1
-1
0 0 7981
-1
1 11541 11541
1 23852 23852
-1
-1
-1
-1
1 16904 16904
1 10912 10912
-1
1 31766 31766
0 0 6713
-1
0 0 4405
-1
-1
1 3935 3935
1 24343 24343
-1
1 23241 23241
0 0 7669
0 0 6502
1 20505 20505
1 8733 8733
-1
0 0 3417
-1
1 2133 2133
1 21140 21140
0 0 6873
1 19538 19538
1 1966 1966
1 4051 4051
-1
0 0 14904
1 20456 20456
-1
0 0 6207
-1
-1
0 0 4416
0 0 15546
-1
1 7322 7322
0 0 2612
0 0 2667
1 4319 4319
0 0 13138
1 29839 29839
0 0 6643
-1
0 0 222
0 0 8358
0 0 2129
1 1294 1294
-1
-1
-1
-1
0 0 1396
0 0 4489
-1
1 31272 31272
0 0 10072
0 0 11965
1 20738 20738
1 12011 12011
1 3055 3055
-1
-1
-1
-1
1 32083 32083
0 0 2619
1 19875 19875
-1
0 0 9405
-1
-1
-1
0 0 1855
-1
0 0 6767
0 0 1811
0 0 12523
0 0 7793
-1
0 0 2934
-1
-1
1 20428 20428
0 0 14368
0 0 15172
0 0 15752
-1
1 30881 30881
-1
-1
0 0 12268
-1
1 19215 19215
1 21838 21838
0 0 15680
0 0 15684
0 0 11562
0 0 11926
1 19631 19631
-1
1 15653 15653
1 24384 24384
1 2163 2163
-1
-1
1 25866 25866
0 0 14879
-1
0 0 2660
1 26828 26828
1 28011 28011
1 3074 3074
0 0 4214
-1
1 31411 31411
0 0 10960
1 21559 21559
1 19991 19991
0 0 14171
0 0 5472
0 0 2709
1 14969 14969
1 6778 6778
1 23935 23935
-1
-1
1 4068 4068
0 0 5122
0 0 3172
1 11475 11475
0 0 14880
0 0 2427
1 5800 5800
0 0 7390
1 25279 25279
1 27653 27653
1 23967 23967
0 0 10736
-1
1 19549 19549
1 4452 4452
0 0 720
-1
1 12086 12086
0 0 13287
-1
1 14270 14270
1 6215 6215
-1
1 22616 22616
-1
1 19021 19021
1 23988 23988
-1
0 0 6408
-1
-1
-1
0 0 3729
0 0 799
-1
-1
0 0 5066
1 6968 6968
-1
1 9234 9234
1 30135 30135
-1
-1
-1
1 26683 26683
0 0 11349
-1
0 0 8783
-1
-1
1 22274 22274
1 18959 18959
-1
-1
-1
0 0 11657
1 3960 3960
1 31880 31880
-1
0 0 6588
1 14811 14811
1 26984 26984
1 4292 4292
-1
1 32127 32127
0 0 9532
0 0 15230
1 1527 1527
1 2543 2543
-1
1 22582 22582
-1
-1
0 0 5349
1 30401 30401
1 11346 11346
-1
0 0 16310
0 0 585
1 5896 5896
0 0 8045
-1
-1
-1
-1
-1
1 13077 13077
-1
-1
1 9906 9906
-1
0 0 12918
0 0 652
1 24158 24158
0 0 9629
-1
0 0 9755
0 0 13559
1 5440 5440
-1
-1
-1
1 20162 20162
-1
0 0 6486
0 0 5362
1 23858 23858
1 10350 10350
-1
-1
1 10662 10662
0 0 5901
-1
0 0 8451
-1
1 22619 22619
1 15417 15417
0 0 14895
1 549 549
-1
0 0 6964
0 0 14085
0 0 12423
1 1537 1537
0 0 4998
0 0 3285
1 2235 2235
0 0 1572
0 0 12869
1 6629 6629
-1
1 27109 27109
1 10415 10415
0 0 6128
-1
-1
-1
0 0 6373
0 0 10737
1 20685 20685
-1
-1
0 0 15025
-1
-1
1 29235 29235
1 20219 20219
-1
1 25173 25173
1 20637 20637
0 0 8150
-1
1 12372 12372
-1
-1
0 0 4092
1 29427 29427
-1
0 0 4161
0 0 14681
0 0 12509
0 0 10188
1 3159 3159
-1
1 27541 27541
-1
0 0 5585
0 0 8824
-1
-1
-1
-1
1 39 39
1 22267 22267
-1
1 12096 12096
1 17449 17449
0 0 7519
-1
1 26863 26863
0 0 5483
-1
0 0 14710
0 0 14819
0 0 7878
1 10565 10565
0 0 13473
1 31763 31763
-1
0 0 11299
-1
-1
-1
1 16458 16458
1 25515 25515
0 0 4430
1 27263 27263
-1
0 0 4155
1 12618 12618
0 0 2100
1 11780 11780
-1
0 0 1448
-1
0 0 13835
-1
-1
0 0 3038
0 0 14451
-1
-1
0 0 11389
1 13549 13549
-1
1 25508 25508
0 0 13479
0 0 5075
0 0 8614
0 0 4551
-1
1 30229 30229
-1
-1
1 14256 14256
-1
0 0 7063
1 26083 26083
0 0 1111
1 9377 9377
1 3555 3555
1 13565 13565
-1
0 0 13931
0 0 6396
-1
0 0 11275
-1
-1
0 0 10503
1 27723 27723
1 10734 10734
0 0 2915
-1
-1
1 14207 14207
0 0 3019
0 0 2494
-1
1 22584 22584
1 10998 10998
-1
-1
1 3898 3898
-1
0 0 7384
0 0 890
-1
-1
0 0 15630
-1
0 0 11671
0 0 3476
-1
1 24152 24152
1 18550 18550
-1
1 9693 9693
1 21100 21100
0 0 15576
1 14308 14308
0 0 12698
1 15638 15638
1 15124 15124
0 0 1430
1 22519 22519
1 13104 13104
1 343 343
1 22399 22399
0 0 584
-1
-1
1 12161 12161
-1
-1
1 4341 4341
1 6006 6006
0 0 13153
-1
-1
1 4040 4040
1 30855 30855
-1
0 0 4048
-1
1 18291 18291
1 19378 19378
1 17956 17956
1 20190 20190
0 0 2851
0 0 683
-1
1 16809 16809
-1
1 17757 17757
0 0 7371
-1
0 0 7289
-1
0 0 6106
0 0 5392
1 30749 30749
0 0 10802
-1
0 0 4118
-1
-1
0 0 5187
1 20327 20327
1 12449 12449
1 30291 30291
0 0 7424
0 0 2478
0 0 7474
-1
-1
1 29242 29242
0 0 11355
-1
0 0 5520
1 18257 18257
-1
0 0 4618
1 9252 9252
0 0 16075
-1
0 0 48
-1
0 0 11538
-1
1 2807 2807
-1
-1
0 0 14258
-1
-1
-1
-1
-1
0 0 8599
0 0 5776
-1
-1
0 0 6197
-1
0 0 11386
0 0 7561
-1
1 19080 19080
0 0 809
1 19307 19307
1 31916 31916
-1
-1
0 0 4340
1 3407 3407
0 0 12662
0 0 4690
1 10592 10592
0 0 2525
1 29498 29498
0 0 1585
-1
-1
0 0 12870
0 0 5587
1 6169 6169
1 14666 14666
0 0 8561
-1
0 0 14078
0 0 1814
1 18402 18402
-1
-1
1 24913 24913
-1
1 11638 11638
0 0 811
0 0 12912
1 24494 24494
-1
-1
-1
-1
-1
0 0 6407
-1
0 0 5237
1 3572 3572
1 15260 15260
1 23001 23001
-1
1 12630 12630
-1
-1
1 6870 6870
1 11810 11810
-1
0 0 10689
1 21357 21357
-1
1 16006 16006
-1
1 30444 30444
1 10104 10104
-1
1 16887 16887
1 12861 12861
0 0 10389
0 0 560
1 17772 17772
1 6380 6380
-1
1 23765 23765
1 14956 14956
1 20395 20395
-1
-1
-1
0 0 9064
1 26734 26734
-1
0 0 12586
1 1238 1238
0 0 1293
-1
1 24428 24428
-1
-1
-1
0 0 8116
1 3353 3353
-1
1 26179 26179
1 10796 10796
1 20863 20863
-1
1 21347 21347
-1
-1
0 0 3752
-1
0 0 13071
-1
-1
1 28749 28749
-1
0 0 10191
1 6586 6586
1 5721 5721
0 0 15307
0 0 14831
1 9554 9554
-1
-1
1 15324 15324
0 0 2041
1 6968 6968
0 0 15764
1 24018 24018
1 19145 19145
1 22821 22821
0 0 12575
1 32549 32549
0 0 10144
0 0 7226
1 5549 5549
1 11993 11993
-1
0 0 3575
-1
0 0 14348
0 0 5525
0 0 13022
0 0 8731
1 21681 21681
0 0 6309
-1
-1
-1
0 0 9656
1 4349 4349
-1
0 0 5035
1 30176 30176
1 31290 31290
1 20330 20330
0 0 10329
0 0 15886
-1
0 0 13686
0 0 7298
-1
0 0 10507
0 0 12448
1 30929 30929
-1
1 18523 18523
1 26245 26245
0 0 4894
-1
-1
0 0 11119
1 24463 24463
0 0 10746
-1
0 0 3706
1 26040 26040
0 0 4021
1 1281 1281
1 10359 10359
-1
0 0 3125
1 27381 27381
-1
1 6261 6261
0 0 9644
0 0 243
-1
1 17048 17048
0 0 9196
-1
0 0 1531
0 0 11480
1 20312 20312
-1
1 8626 8626
0 0 1199
-1
1 26933 26933
1 2546 2546
1 3815 3815
1 1232 1232
0 0 15628
-1
1 17334 17334
-1
-1
0 0 14029
1 14295 14295
1 12645 12645
-1
-1
1 23676 23676
1 10727 10727
1 6018 6018
-1
1 15996 15996
0 0 11133
1 6928 6928
0 0 635
0 0 10343
-1
1 27237 27237
-1
1 18195 18195
-1
1 31840 31840
-1
0 0 5
0 0 11612
-1
1 11574 11574
0 0 13
-1
0 0 796
1 31002 31002
1 31692 31692
1 7009 7009
-1
-1
0 0 14631
-1
-1
1 20486 20486
-1
1 26917 26917
-1
0 0 6966
0 0 10325
-1
-1
-1
-1
0 0 4484
0 0 11486
0 0 2927
0 0 9271
0 0 8936
0 0 539
0 0 7663
1 27672 27672
1 23632 23632
1 27334 27334
0 0 7880
1 20758 20758
1 30522 30522
-1
1 5749 5749
0 0 5001
0 0 5697
-1
0 0 5579
-1
0 0 755
1 32570 32570
0 0 8577
1 26726 26726
-1
1 30039 30039
0 0 1316
1 17987 17987
0 0 2783
1 11992 11992
-1
1 32557 32557
1 25851 25851
0 0 11388
-1
-1
1 22244 22244
1 31961 31961
1 8219 8219
-1
0 0 12485
-1
-1
0 0 3213
1 21950 21950
-1
0 0 3111
1 9419 9419
0 0 7883
0 0 2696
-1
0 0 16035
-1
-1
0 0 2279
-1
-1
1 19744 19744
0 0 5006
-1
0 0 13744
0 0 12283
-1
0 0 12010
0 0 13760
-1
1 1501 1501
-1
-1
1 29064 29064
0 0 11618
1 8530 8530
0 0 14803
1 22312 22312
-1
0 0 6067
-1
1 9664 9664
1 29670 29670
-1
-1
0 0 3869
-1
0 0 11811
1 14547 14547
0 0 11700
0 0 8403
-1
1 5612 5612
-1
0 0 3347
-1
-1
1 3984 3984
-1
1 21964 21964
1 28631 28631
1 21533 21533
-1
-1
1 11002 11002
-1
-1
-1
1 23524 23524
0 0 14019
1 419 419
0 0 5533
0 0 6610
1 24272 24272
-1
-1
1 1174 1174
1 5993 5993
-1
-1
-1
1 23362 23362
1 6095 6095
0 0 6179
1 10419 10419
1 3759 3759
1 12454 12454
-1
1 31073 31073
-1
0 0 9669
1 26196 26196
0 0 13728
1 5766 5766
0 0 8571
-1
1 12413 12413
1 15371 15371
0 0 5170
1 8974 8974
1 9092 9092
-1
0 0 1387
1 25559 25559
0 0 2756
-1
-1
0 0 649
-1
1 25564 25564
0 0 1710
0 0 2247
-1
-1
1 6533 6533
1 27965 27965
1 14205 14205
1 7924 7924
0 0 15342
1 4020 4020
0 0 10784
-1
1 31862 31862
-1
0 0 2942
1 30163 30163
1 28651 28651
-1
1 2554 2554
0 0 13359
0 0 8940
1 32445 32445
0 0 2531
-1
1 25439 25439
1 28796 28796
1 17845 17845
0 0 11555
0 0 15057
1 1291 1291
0 0 7471
-1
-1
0 0 15148
-1
-1
1 3081 3081
-1
-1
1 10383 10383
1 15624 15624
0 0 6538
1 15884 15884
-1
-1
-1
1 27723 27723
0 0 6818
-1
0 0 1272
-1
0 0 7903
-1
0 0 13733
1 13803 13803
0 0 11311
-1
0 0 5172
0 0 10934
-1
0 0 9817
-1
0 0 8950
1 17294 17294
1 1315 1315
1 22073 22073
-1
-1
-1
1 23082 23082
1 11798 11798
0 0 3934
0 0 1717
0 0 8879
-1
1 8148 8148
0 0 15347
0 0 12775
0 0 4661
-1
-1
-1
1 32226 32226
0 0 950
1 26701 26701
0 0 7165
0 0 10649
0 0 14856
-1
0 0 4463
1 5615 5615
1 11564 11564
1 1986 1986
-1
1 10478 10478
1 23885 23885
0 0 10384
-1
1 20172 20172
1 11490 11490
0 0 3133
0 0 5200
0 0 5171
1 13503 13503
1 13891 13891
-1
-1
0 0 78
1 11501 11501
1 20247 20247
-1
1 8595 8595
1 20338 20338
-1
-1
-1
0 0 15334
1 29705 29705
-1
0 0 4250
-1
0 0 7053
-1
1 17290 17290
-1
0 0 11530
1 31906 31906
-1
0 0 7362
1 25668 25668
-1
-1
1 31978 31978
-1
0 0 8668
-1
0 0 8809
0 0 10708
-1
0 0 431
0 0 1769
0 0 1944
0 0 12561
0 0 2680
1 6400 6400
-1
0 0 2137
-1
-1
1 28344 28344
1 25638 25638
0 0 14726
0 0 5105
0 0 15920
0 0 5928
-1
-1
1 20558 20558
1 6728 6728
-1
1 31630 31630
-1
0 0 3443
1 14268 14268
1 26407 26407
0 0 12520
0 0 13478
0 0 9888
-1
0 0 16149
1 4956 4956
0 0 4527
0 0 14314
1 9049 9049
1 6714 6714
1 30067 30067
-1
1 7000 7000
1 8403 8403
1 20154 20154
0 0 9931
1 14152 14152
1 10836 10836
1 15578 15578
0 0 14829
1 18927 18927
1 26801 26801
1 4698 4698
1 25957 25957
-1
0 0 3472
-1
0 0 2623
0 0 15064
0 0 15950
0 0 2694
0 0 11833
-1
0 0 8498
0 0 15136
1 2067 2067
0 0 14922
1 10873 10873
1 7132 7132
1 26677 26677
1 19155 19155
1 6691 6691
0 0 9004
0 0 15640
1 22238 22238
-1
-1
-1
-1
1 4260 4260
0 0 2286
0 0 12117
-1
0 0 3182
-1
1 17645 17645
1 24338 24338
1 22635 22635
1 10102 10102
-1
-1
0 0 14646
0 0 10403
1 8716 8716
-1
1 14397 14397
0 0 1546
1 5957 5957
0 0 14100
-1
1 26644 26644
0 0 9754
1 1245 1245
-1
-1
1 3154 3154
-1
1 5313 5313
0 0 2304
-1
-1
0 0 4139
0 0 8872
0 0 10951
1 6884 6884
-1
-1
-1
1 30236 30236
1 27496 27496
0 0 389
0 0 8
1 17533 17533
1 7573 7573
1 6063 6063
-1
1 760 760
-1
0 0 254
-1
1 25123 25123
1 27955 27955
0 0 8612
-1
-1
0 0 2870
0 0 809
0 0 9020
-1
1 15120 15120
1 16823 16823
0 0 768
-1
0 0 4437
0 0 13629
1 1482 1482
0 0 1637
-1
1 13958 13958
0 0 8700
1 22166 22166
1 11607 11607
0 0 14225
1 3379 3379
-1
0 0 12204
-1
0 0 14741
0 0 6168
1 24374 24374
-1
-1
-1
-1
-1
-1
0 0 14033
-1
0 0 7666
0 0 755
-1
0 0 8268
-1
-1
0 0 10916
1 8417 8417
-1
0 0 11853
-1
1 22682 22682
-1
0 0 1789
-1
0 0 7100
-1
1 26172 26172
1 2731 2731
1 22775 22775
1 12291 12291
1 18734 18734
1 18409 18409
-1
1 6920 6920
-1
1 22097 22097
1 21398 21398
-1
1 4711 4711
1 23260 23260
0 0 4223
-1
1 26587 26587
1 31529 31529
1 26268 26268
0 0 15044
0 0 429
0 0 9212
0 0 12829
1 5868 5868
0 0 929
-1
1 3181 3181
-1
0 0 13053
-1
0 0 12677
1 17890 17890
0 0 9270
0 0 4691
-1
0 0 3128
-1
-1
0 0 5148
1 25773 25773
1 9131 9131
1 1284 1284
-1
0 0 8104
0 0 15535
-1
0 0 4450
0 0 12604
-1
1 5641 5641
0 0 5932
1 20514 20514
-1
-1
1 30197 30197
1 1203 1203
1 29441 29441
1 24369 24369
1 3147 3147
0 0 7352
-1
-1
1 18769 18769
0 0 7044
0 0 6272
-1
1 14530 14530
0 0 7172
-1
-1
1 6300 6300
-1
1 15596 15596
1 2848 2848
-1
1 9975 9975
0 0 6939
1 9026 9026
0 0 493
0 0 3324
0 0 9259
-1
1 22801 22801
0 0 10180
-1
0 0 7261
1 8019 8019
-1
0 0 9866
1 29113 29113
-1
0 0 7334
1 21752 21752
-1
1 17289 17289
-1
1 23869 23869
1 19109 19109
0 0 4279
1 31245 31245
0 0 8
0 0 4938
-1
-1
1 29475 29475
0 0 4082
0 0 755
1 1497 1497
1 7722 7722
1 15598 15598
1 15748 15748
0 0 11342
1 16733 16733
-1
1 26627 26627
1 32508 32508
0 0 5628
-1
0 0 13513
1 28573 28573
0 0 351
1 18057 18057
-1
0 0 770
1 5748 5748
0 0 1575
0 0 13689
-1
-1
0 0 12949
1 18166 18166
1 2495 2495
0 0 1383
-1
1 8043 8043
0 0 11914
1 21393 21393
-1
0 0 6571
-1
-1
0 0 12789
0 0 1151
0 0 4306
0 0 10485
0 0 3964
1 7279 7279
0 0 5342
0 0 13211
1 2303 2303
-1
0 0 10656
-1
1 29921 29921
0 0 8273
1 31449 31449
-1
0 0 15061
0 0 3176
0 0 1097
-1
1 30982 30982
0 0 1355
0 0 10542
0 0 2028
-1
1 18518 18518
1 3721 3721
-1
1 4708 4708
1 24881 24881
1 22098 22098
1 1134 1134
1 6006 6006
0 0 12230
-1
-1
0 0 4380
-1
0 0 11651
0 0 11184
1 8977 8977
-1
1 12120 12120
0 0 15083
1 21506 21506
0 0 3733
1 13066 13066
0 0 7123
1 17206 17206
0 0 13103
1 17225 17225
0 0 3627
-1
-1
0 0 16275
1 5235 5235
1 26818 26818
-1
-1
0 0 1031
1 7841 7841
-1
0 0 16180
1 27965 27965
-1
0 0 15670
-1
0 0 14155
-1
-1
1 24095 24095
1 8634 8634
1 12995 12995
-1
0 0 2962
1 19908 19908
0 0 15765
1 23547 23547
-1
1 16860 16860
-1
1 11488 11488
1 10372 10372
-1
0 0 13539
-1
1 31580 31580
1 24027 24027
1 5372 5372
0 0 6585
-1
-1
0 0 2883
-1
-1
1 22059 22059
0 0 12447
-1
0 0 3531
1 30007 30007
1 29859 29859
-1
1 15939 15939
-1
-1
1 21608 21608
-1
-1
1 16795 16795
0 0 1835
0 0 3392
1 20177 20177
0 0 9199
0 0 713
-1
0 0 2163
0 0 10902
0 0 2892
0 0 14623
1 29010 29010
0 0 4827
1 2085 2085
0 0 1585
1 17510 17510
0 0 14505
0 0 3294
1 13963 13963
-1
-1
-1
0 0 5976
-1
-1
0 0 7923
1 18100 18100
-1
-1
0 0 1769
-1
-1
0 0 8010
-1
1 16453 16453
0 0 2530
-1
0 0 9436
1 16263 16263
0 0 11427
-1
-1
1 20237 20237
1 5142 5142
0 0 1305
-1
0 0 11477
-1
1 26184 26184
1 13759 13759
0 0 16011
1 15713 15713
-1
-1
0 0 3639
0 0 677
1 29166 29166
-1
-1
0 0 10541
-1
1 24480 24480
0 0 2720
-1
0 0 9387
-1
0 0 2867
1 1525 1525
1 5192 5192
1 4752 4752
1 30671 30671
1 4622 4622
0 0 11039
0 0 13827
1 15623 15623
0 0 9652
-1
0 0 16135
0 0 14082
-1
0 0 13907
0 0 9270
-1
0 0 4884
0 0 7602
-1
-1
1 2364 2364
-1
0 0 6143
1 15737 15737
-1
-1
1 4879 4879
1 27742 27742
0 0 11244
-1
0 0 9107
-1
-1
0 0 13763
-1
1 26523 26523
0 0 15422
-1
1 24198 24198
-1
1 23690 23690
1 19304 19304
0 0 6372
1 31924 31924
0 0 14015
0 0 7638
0 0 8577
0 0 945
0 0 12808
0 0 5449
-1
1 21718 21718
-1
1 21529 21529
1 3523 3523
-1
0 0 15094
0 0 7601
-1
-1
1 18228 18228
-1
0 0 14869
0 0 95
-1
-1
-1
-1
0 0 1256
0 0 5465
1 6111 6111
-1
1 19641 19641
1 18084 18084
0 0 5761
0 0 15483
-1
1 19098 19098
-1
1 419 419
0 0 1578
-1
-1
0 0 13056
1 23348 23348
0 0 4754
-1
0 0 3640
1 27546 27546
-1
0 0 490
-1
-1
-1
-1
-1
0 0 8255
-1
1 17861 17861
1 15039 15039
-1
0 0 1833
-1
-1
-1
1 21152 21152
1 22784 22784
0 0 2823
1 27956 27956
1 20657 20657
-1
0 0 463
1 29752 29752
1 7710 7710
-1
0 0 12135
-1
1 21798 21798
0 0 11389
1 5917 5917
0 0 8219
0 0 16277
0 0 2517
0 0 823
1 27568 27568
0 0 1943
1 31954 31954
-1
1 31785 31785
-1
1 7654 7654
0 0 4684
0 0 12565
1 3208 3208
0 0 4624
-1
-1
1 7836 7836
-1
0 0 9117
0 0 9792
1 17711 17711
0 0 10083
1 18584 18584
1 12537 12537
1 24828 24828
0 0 8574
-1
0 0 13347
1 27489 27489
0 0 1142
0 0 7883
0 0 3201
0 0 12399
-1
-1
-1
1 15258 15258
-1
-1
1 28497 28497
-1
1 14585 14585
1 21237 21237
-1
0 0 9803
-1
0 0 10018
-1
-1
-1
0 0 8157
1 26563 26563
-1
0 0 10947
1 19405 19405
0 0 3052
1 26859 26859
-1
1 21593 21593
1 1559 1559
1 12052 12052
-1
-1
-1
-1
1 20606 20606
0 0 14879
0 0 706
-1
0 0 15185
0 0 1121
-1
0 0 13830
-1
0 0 5259
1 1311 1311
0 0 6879
0 0 3428
-1
0 0 13954
1 29589 29589
-1
1 29391 29391
-1
0 0 2866
0 0 7481
-1
1 15895 15895
1 29994 29994
0 0 5099
-1
-1
-1
-1
0 0 15736
-1
1 28711 28711
-1
1 29652 29652
1 30608 30608
0 0 7108
1 283 283
1 11370 11370
-1
0 0 2837
1 23797 23797
0 0 9502
-1
-1
-1
-1
1 18235 18235
-1
-1
1 5047 5047
0 0 9109
1 8605 8605
-1
1 14828 14828
1 30963 30963
1 1273 1273
-1
0 0 10170
-1
1 7139 7139
-1
1 26702 26702
-1
-1
1 12762 12762
0 0 10607
-1
1 30092 30092
-1
-1
1 27200 27200
1 7034 7034
-1
1 6565 6565
0 0 11861
1 24661 24661
0 0 750
-1
-1
1 16271 16271
1 29715 29715
0 0 2778
0 0 13031
1 30781 30781
1 9157 9157
-1
-1
-1
0 0 6781
1 32568 32568
1 23475 23475
-1
1 5501 5501
-1
-1
-1
1 16220 16220
-1
0 0 9237
-1
-1
-1
-1
-1
1 31675 31675
-1
1 19787 19787
0 0 6178
-1
-1
1 31891 31891
1 20556 20556
1 26333 26333
-1
0 0 15029
1 20868 20868
1 19119 19119
1 10236 10236
-1
-1
1 25032 25032
1 27168 27168
0 0 398
1 21906 21906
1 4627 4627
1 22704 22704
0 0 5559
1 10631 10631
1 448 448
0 0 7720
0 0 8348
0 0 13046
1 26047 26047
0 0 325
0 0 7072
1 29865 29865
1 24649 24649
0 0 2083
0 0 10600
-1
1 28504 28504
1 9301 9301
1 8757 8757
0 0 15941
-1
1 18922 18922
0 0 414
1 9397 9397
0 0 2657
-1
1 14781 14781
-1
-1
1 4972 4972
0 0 2823
-1
0 0 9233
1 12852 12852
1 11151 11151
-1
0 0 8482
-1
0 0 2958
-1
-1
1 29474 29474
-1
-1
0 0 12197
0 0 7934
-1
-1
1 16029 16029
1 30134 30134
-1
1 13192 13192
1 27193 27193
0 0 4434
0 0 11842
-1
-1
-1
0 0 3529
-1
0 0 4876
1 15965 15965
0 0 14563
-1
0 0 7287
-1
1 13469 13469
-1
1 2606 2606
1 19092 19092
0 0 7052
0 0 9782
1 28427 28427
1 23319 23319
1 8252 8252
0 0 14540
-1
0 0 4987
-1
1 8614 8614
0 0 12446
1 24388 24388
-1
1 9350 9350
1 3403 3403
1 10610 10610
1 3714 3714
-1
1 5992 5992
1 8664 8664
0 0 15906
-1
0 0 14350
1 28210 28210
0 0 6594
0 0 12688
1 9650 9650
0 0 12303
0 0 13805
-1
-1
0 0 5074
0 0 10037
-1
0 0 15936
0 0 2772
-1
-1
0 0 10449
0 0 14139
-1
0 0 15035
0 0 7227
1 19518 19518
0 0 7927
0 0 8034
-1
-1
0 0 13115
-1
-1
0 0 13815
0 0 6283
1 1192 1192
1 2995 2995
1 26155 26155
-1
0 0 3018
1 4017 4017
0 0 1411
0 0 6978
0 0 8656
1 5413 5413
-1
1 19025 19025
1 25358 25358
0 0 2240
0 0 7946
0 0 10135
1 3146 3146
1 14201 14201
-1
-1
1 11360 11360
0 0 12997
-1
-1
-1
0 0 4666
1 20042 20042
-1
-1
1 13751 13751
-1
0 0 10147
1 6248 6248
1 12827 12827
1 10632 10632
1 7698 7698
-1
-1
0 0 2334
-1
1 2135 2135
1 10932 10932
0 0 5872
-1
0 0 4422
0 0 16292
1 12190 12190
1 24070 24070
-1
0 0 3681
-1
0 0 9174
-1
-1
1 7543 7543
-1
0 0 13825
-1
1 4821 4821
-1
1 14081 14081
1 21086 21086
0 0 15081
-1
0 0 5340
0 0 11851
1 31626 31626
0 0 8369
1 5095 5095
1 8286 8286
0 0 126
1 23334 23334
1 9326 9326
-1
0 0 7878
-1
1 25553 25553
1 22301 22301
-1
-1
0 0 8030
1 6846 6846
-1
-1
0 0 4157
1 1601 1601
0 0 3098
1 26664 26664
-1
-1
1 21107 21107
1 5785 5785
1 11747 11747
1 31151 31151
-1
0 0 11872
0 0 15341
1 17507 17507
-1
-1
0 0 5410
1 2444 2444
-1
-1
-1
1 9272 9272
0 0 11511
1 7693 7693
1 15903 15903
0 0 13598
0 0 3459
-1
1 14077 14077
-1
-1
-1
-1
1 31844 31844
-1
-1
0 0 6816
1 31875 31875
0 0 8243
1 2790 2790
-1
0 0 3701
1 26534 26534
-1
-1
0 0 12641
1 6266 6266
1 30294 30294
0 0 8845
1 29939 29939
-1
1 19585 19585
0 0 12254
0 0 11607
1 22083 22083
-1
1 2229 2229
-1
1 2916 2916
1 9984 9984
0 0 375
1 1484 1484
0 0 6072
0 0 4785
0 0 7163
0 0 9904
1 19000 19000
1 2880 2880
0 0 12608
0 0 11505
0 0 10231
0 0 13237
-1
1 27984 27984
-1
0 0 10074
-1
-1
-1
1 633 633
0 0 13780
1 9174 9174
0 0 13700
1 10003 10003
1 23924 23924
-1
-1
0 0 1330
-1
0 0 9131
0 0 6383
0 0 15656
1 465 465
0 0 12975
1 4681 4681
1 11073 11073
0 0 5517
0 0 11580
-1
0 0 5969
-1
0 0 15873
0 0 6692
1 31076 31076
0 0 3517
1 23584 23584
-1
-1
0 0 976
0 0 13339
0 0 11133
0 0 8369
0 0 12952
1 6002 6002
-1
1 13460 13460
0 0 14278
1 10560 10560
0 0 15845
-1
-1
1 29652 29652
-1
0 0 4591
0 0 10609
0 0 8530
0 0 9523
1 27269 27269
1 11476 11476
-1
1 22507 22507
0 0 10184
1 31360 31360
0 0 1555
0 0 12380
1 19988 19988
-1
1 6810 6810
-1
-1
-1
-1
0 0 4473
0 0 10281
-1
-1
-1
-1
1 25924 25924
1 5085 5085
-1
-1
0 0 6484
-1
0 0 10004
0 0 11381
0 0 10930
0 0 15213
-1
0 0 4152
0 0 12851
0 0 14075
-1
-1
0 0 480
-1
0 0 1086
-1
-1
-1
-1
0 0 4338
1 13428 13428
0 0 7034
-1
0 0 1604
-1
0 0 2285
0 0 1793
0 0 7856
0 0 9966
0 0 4397
1 18467 18467
1 1198 1198
-1
0 0 12150
1 14967 14967
1 3766 3766
-1
-1
-1
-1
1 14610 14610
0 0 15214
1 6991 6991
1 24348 24348
0 0 12224
-1
0 0 3946
-1
-1
1 2957 2957
-1
0 0 1027
1 8119 8119
0 0 8311
-1
-1
1 19477 19477
-1
1 3224 3224
0 0 8597
0 0 15435
0 0 3838
-1
-1
1 32671 32671
0 0 4
1 18915 18915
1 31359 31359
-1
1 2335 2335
-1
1 9528 9528
-1
0 0 8302
-1
1 6198 6198
1 32002 32002
-1
0 0 11137
0 0 4212
1 9846 9846
1 24710 24710
1 12487 12487
-1
1 650 650
0 0 3198
-1
1 16838 16838
-1
-1
1 19643 19643
0 0 2162
-1
-1
0 0 10918
1 24739 24739
-1
1 5422 5422
0 0 3029
-1
1 32269 32269
1 22957 22957
0 0 65
-1
0 0 2904
1 27959 27959
0 0 14130
1 25567 25567
1 2947 2947
-1
-1
0 0 633
-1
0 0 9492
1 19445 19445
1 9061 9061
0 0 3606
1 30811 30811
-1
0 0 6823
-1
0 0 1557
0 0 3284
-1
0 0 2228
-1
1 3151 3151
-1
1 31670 31670
0 0 14287
1 32527 32527
0 0 1157
-1
-1
0 0 14810
1 9113 9113
1 11813 11813
0 0 11925
0 0 6392
-1
-1
0 0 14684
1 14808 14808
1 11762 11762
0 0 13746
1 14774 14774
1 18015 18015
-1
0 0 13808
0 0 11302
-1
0 0 9615
0 0 4442
-1
1 32421 32421
-1
-1
1 15404 15404
1 15686 15686
-1
1 3470 3470
1 8345 8345
1 6991 6991
-1
0 0 9890
-1
1 20395 20395
0 0 193
-1
0 0 6397
1 11051 11051
1 2011 2011
-1
0 0 15508
1 2817 2817
0 0 5267
0 0 7052
1 24686 24686
1 23365 23365
-1
0 0 6258
0 0 14599
0 0 5306
0 0 4153
0 0 5634
-1
-1
-1
1 10683 10683
0 0 9323
0 0 15800
0 0 413
-1
0 0 15534
-1
1 11921 11921
-1
-1
0 0 7123
-1
0 0 6475
-1
-1
1 10927 10927
1 30088 30088
-1
0 0 9599
1 17363 17363
1 10230 10230
-1
-1
0 0 2170
-1
-1
-1
1 4750 4750
-1
-1
-1
-1
0 0 490
0 0 14449
1 6673 6673
-1
0 0 9867
-1
0 0 4018
1 1809 1809
0 0 2078
1 12250 12250
-1
0 0 5765
0 0 5897
-1
-1
1 29969 29969
0 0 4165
-1
-1
1 2869 2869
-1
1 22620 22620
-1
-1
-1
-1
-1
0 0 8024
1 27854 27854
1 19183 19183
0 0 14127
0 0 4637
-1
1 32145 32145
1 11365 11365
0 0 12967
0 0 13476
0 0 5027
0 0 16092
0 0 2696
0 0 416
1 10403 10403
-1
0 0 6803
-1
1 6661 6661
-1
-1
0 0 13414
-1
-1
0 0 9799
-1
1 19474 19474
1 18786 18786
-1
0 0 15400
1 5831 5831
-1
1 536 536
0 0 14691
-1
0 0 4614
0 0 14309
1 24618 24618
-1
-1
1 13466 13466
0 0 1632
0 0 12148
-1
0 0 9958
-1
1 23455 23455
1 22575 22575
1 6954 6954
-1
1 20157 20157
1 18890 18890
1 21887 21887
0 0 16071
-1
0 0 12856
0 0 2702
-1
1 15347 15347
-1
0 0 13355
1 2838 2838
-1
1 18592 18592
-1
-1
0 0 13911
1 27140 27140
0 0 9219
0 0 8306
0 0 5354
-1
0 0 13534
1 20162 20162
-1
0 0 15771
1 26248 26248
1 10394 10394
0 0 4358
1 20666 20666
-1
0 0 3660
0 0 10055
-1
0 0 6918
-1
0 0 14303
-1
0 0 6416
-1
1 6462 6462
1 27341 27341
-1
1 3947 3947
0 0 5369
1 16101 16101
0 0 477
0 0 14096
1 31366 31366
-1
1 4659 4659
-1
0 0 3573
0 0 3341
1 29172 29172
1 1676 1676
0 0 4839
-1
0 0 10816
0 0 11447
0 0 2710
0 0 8901
0 0 6897
1 17143 17143
1 15036 15036
1 24483 24483
1 21286 21286
0 0 1226
1 14717 14717
-1
-1
1 5984 5984
0 0 2713
1 31453 31453
-1
1 17552 17552
0 0 10353
-1
0 0 7738
1 12803 12803
1 7512 7512
1 5081 5081
0 0 14790
-1
-1
1 15295 15295
0 0 15681
1 19294 19294
1 6033 6033
0 0 3347
-1
0 0 6490
-1
-1
-1
0 0 15126
1 29827 29827
-1
0 0 14599
1 8025 8025
1 18814 18814
-1
0 0 12102
0 0 14263
-1
1 17449 17449
0 0 13219
1 10693 10693
0 0 8499
0 0 8238
0 0 187
-1
1 22116 22116
0 0 10011
0 0 10410
1 9303 9303
1 9787 9787
1 29016 29016
1 28838 28838
0 0 14908
1 27102 27102
0 0 6436
-1
1 21418 21418
-1
-1
-1
-1
-1
-1
1 6151 6151
1 16028 16028
0 0 9344
-1
1 18549 18549
-1
0 0 14094
1 497 497
1 12116 12116
1 32331 32331
-1
1 4624 4624
-1
0 0 5431
0 0 13173
-1
1 20684 20684
1 3602 3602
1 4343 4343
1 20005 20005
0 0 208
-1
-1
1 13448 13448
0 0 14641
0 0 3528
1 14137 14137
1 11794 11794
0 0 7355
1 24609 24609
-1
1 32181 32181
-1
0 0 11088
-1
1 26308 26308
0 0 7657
-1
0 0 14023
-1
-1
1 16737 16737
0 0 5393
0 0 6579
1 25930 25930
1 11642 11642
0 0 10261
-1
1 22320 22320
-1
1 24853 24853
1 9575 9575
1 6834 6834
1 4229 4229
-1
-1
1 18900 18900
1 10662 10662
-1
-1
1 6431 6431
0 0 4784
-1
1 23145 23145
0 0 10000
1 5797 5797
0 0 15814
-1
0 0 8947
1 1033 1033
1 20654 20654
-1
-1
1 12871 12871
-1
-1
-1
1 32444 32444
0 0 10674
-1
0 0 1249
1 18923 18923
-1
1 2653 2653
0 0 13452
1 29175 29175
0 0 2112
0 0 4652
1 197 197
1 23852 23852
-1
1 26456 26456
0 0 8631
0 0 2619
1 15524 15524
0 0 9284
-1
1 28137 28137
1 16663 16663
0 0 12992
1 13297 13297
1 18232 18232
0 0 1115
1 1715 1715
1 2608 2608
0 0 10271
0 0 5524
0 0 6400
1 6456 6456
0 0 12987
0 0 14573
-1
-1
0 0 15683
0 0 2876
0 0 10275
1 23063 23063
-1
1 4470 4470
-1
0 0 1593
1 21859 21859
1 30858 30858
1 27137 27137
0 0 6865
1 5286 5286
-1
0 0 14762
-1
0 0 1495
-1
-1
-1
-1
1 18152 18152
0 0 13174
0 0 14363
-1
0 0 13859
-1
-1
0 0 13429
-1
1 10880 10880
-1
1 24900 24900
0 0 10014
-1
-1
1 4086 4086
1 2358 2358
1 17308 17308
0 0 4368
1 29066 29066
-1
1 8111 8111
1 11518 11518
0 0 9878
-1
-1
0 0 15288
1 24370 24370
-1
-1
1 12521 12521
1 5007 5007
1 31877 31877
1 9186 9186
0 0 2413
-1
0 0 1980
1 22059 22059
-1
0 0 10283
1 17779 17779
0 0 16051
-1
0 0 1712
1 4196 4196
0 0 1532
1 6356 6356
-1
0 0 1152
1 28968 28968
1 14092 14092
0 0 10352
1 19771 19771
-1
-1
-1
0 0 14184
-1
1 13822 13822
-1
1 29121 29121
0 0 904
1 6742 6742
-1
0 0 11622
0 0 15466
-1
1 28930 28930
0 0 9981
0 0 6971
0 0 10901
1 8954 8954
-1
1 4377 4377
-1
-1
-1
0 0 13343
0 0 138
-1
-1
-1
-1
-1
-1
-1
0 0 12308
1 17477 17477
0 0 8501
1 20548 20548
0 0 4140
0 0 4670
0 0 105
0 0 11765
-1
0 0 14019
0 0 10623
-1
-1
0 0 7645
0 0 4232
-1
-1
-1
-1
-1
-1
1 12988 12988
0 0 3180
0 0 14653
-1
-1
0 0 4825
1 20564 20564
-1
1 5664 5664
1 8629 8629
0 0 2472
-1
0 0 2218
1 3805 3805
1 7745 7745
0 0 7649
1 13507 13507
1 18792 18792
0 0 4139
-1
-1
0 0 2860
1 6061 6061
0 0 15742
1 28610 28610
1 16887 16887
-1
0 0 14475
0 0 13173
-1
0 0 13298
1 32512 32512
-1
-1
0 0 7925
-1
-1
0 0 4749
1 30836 30836
0 0 8929
-1
1 766 766
0 0 15047
0 0 9077
1 13245 13245
-1
1 16682 16682
-1
1 14281 14281
0 0 6751
1 1945 1945
1 24930 24930
-1
1 5663 5663
1 6163 6163
-1
1 3162 3162
-1
1 30516 30516
0 0 7371
1 9911 9911
1 10847 10847
-1
1 31191 31191
1 25752 25752
1 31192 31192
-1
0 0 7725
-1
-1
-1
0 0 13843
1 7968 7968
-1
1 31506 31506
1 11972 11972
1 4798 4798
1 22354 22354
-1
-1
-1
1 27672 27672
-1
-1
0 0 7795
1 911 911
1 7542 7542
-1
-1
1 4669 4669
0 0 15304
1 4124 4124
0 0 14173
-1
0 0 1136
1 19164 19164
1 4182 4182
1 15018 15018
-1
1 4724 4724
1 19639 19639
0 0 11813
-1
-1
-1
0 0 6386
-1
1 19269 19269
-1
-1
1 29378 29378
-1
0 0 2442
0 0 11354
0 0 9676
1 26853 26853
1 12888 12888
0 0 10229
-1
1 430 430
-1
-1
-1
1 20968 20968
0 0 796
0 0 10201
1 2384 2384
-1
-1
1 32095 32095
1 10225 10225
-1
-1
0 0 15177
0 0 11519
1 19114 19114
0 0 13040
0 0 14594
-1
0 0 3286
0 0 12740
1 21040 21040
1 6128 6128
1 15606 15606
0 0 1262
-1
-1
0 0 5995
-1
1 11374 11374
1 25648 25648
0 0 4051
-1
0 0 1125
0 0 1531
1 7226 7226
0 0 14903
0 0 11705
-1
1 17520 17520
1 22963 22963
-1
0 0 7257
0 0 2260
0 0 8604
1 4516 4516
-1
1 11593 11593
-1
0 0 11467
1 32692 32692
-1
0 0 12776
-1
1 16139 16139
1 23654 23654
-1
-1
-1
1 7488 7488
1 4403 4403
0 0 1326
1 23560 23560
1 9276 9276
-1
-1
1 26241 26241
1 19538 19538
1 155 155
1 20207 20207
-1
-1
1 21970 21970
1 28015 28015
0 0 5491
0 0 10914
0 0 6339
-1
0 0 7231
-1
-1
-1
-1
-1
0 0 7897
-1
1 4946 4946
-1
0 0 6901
1 14996 14996
1 6160 6160
0 0 8367
1 10525 10525
-1
1 17884 17884
1 9392 9392
-1
1 28579 28579
1 15087 15087
0 0 16312
1 12801 12801
-1
-1
-1
-1
1 27978 27978
0 0 2279
0 0 13979
-1
-1
1 30088 30088
1 9090 9090
1 24236 24236
1 17424 17424
-1
1 21703 21703
0 0 3126
-1
-1
1 4658 4658
-1
0 0 3164
0 0 581
-1
1 26031 26031
-1
0 0 3702
1 30275 30275
0 0 4319
1 29770 29770
-1
1 4822 4822
-1
0 0 6410
-1
-1
1 2353 2353
-1
1 16557 16557
-1
-1
1 21527 21527
-1
-1
0 0 2642
0 0 7356
1 14012 14012
0 0 10147
0 0 11679
1 1830 1830
0 0 6194
-1
-1
0 0 15664
-1
-1
-1
-1
0 0 3644
0 0 5914
1 1352 1352
1 4291 4291
0 0 3899
-1
0 0 12474
0 0 12831
1 11512 11512
-1
0 0 3960
-1
1 19134 19134
1 3870 3870
1 8097 8097
1 7890 7890
0 0 2488
0 0 5210
0 0 12999
1 15187 15187
1 3612 3612
0 0 5878
-1
1 11141 11141
0 0 2007
1 29751 29751
0 0 3200
-1
1 11646 11646
-1
1 27083 27083
0 0 5279
1 16321 16321
0 0 4321
-1
0 0 7975
1 29714 29714
1 3954 3954
0 0 5890
1 803 803
1 28658 28658
-1
0 0 6280
-1
1 836 836
1 13203 13203
-1
-1
-1
-1
-1
0 0 12655
0 0 4448
-1
-1
-1
1 18727 18727
-1
1 29449 29449
-1
0 0 2107
-1
1 24534 24534
1 28929 28929
-1
1 26160 26160
1 13132 13132
0 0 6934
1 20625 20625
1 29482 29482
1 15562 15562
-1
-1
1 26500 26500
1 3793 3793
-1
-1
-1
1 31110 31110
1 2726 2726
1 22218 22218
1 26334 26334
0 0 2714
-1
-1
0 0 9814
0 0 11875
-1
0 0 9221
1 11381 11381
1 22609 22609
0 0 2161
0 0 11105
1 27496 27496
0 0 11204
0 0 4310
1 7814 7814
0 0 10334
1 15431 15431
0 0 14542
0 0 15258
1 11304 11304
-1
0 0 9741
1 22666 22666
-1
-1
-1
-1
0 0 736
0 0 1378
0 0 1823
0 0 14673
1 2161 2161
0 0 14647
0 0 9224
-1
1 18245 18245
0 0 9277
1 32193 32193
0 0 7117
0 0 5892
-1
-1
0 0 14801
-1
0 0 9234
-1
1 4228 4228
1 30374 30374
1 9618 9618
-1
-1
1 22444 22444
-1
1 14510 14510
-1
-1
-1
0 0 12383
1 17422 17422
-1
-1
1 7331 7331
-1
0 0 1025
1 26521 26521
-1
0 0 14436
1 6917 6917
-1
1 32521 32521
-1
0 0 12918
1 16803 16803
0 0 7553
1 6743 6743
1 30504 30504
0 0 13427
0 0 8546
0 0 2462
1 11566 11566
1 28269 28269
1 22580 22580
1 28647 28647
1 21239 21239
1 32496 32496
-1
0 0 15657
1 23422 23422
0 0 9001
1 13065 13065
-1
1 10054 10054
0 0 13582
1 18193 18193
0 0 13170
1 23249 23249
0 0 2554
0 0 6532
0 0 11647
-1
1 3113 3113
0 0 1366
1 21953 21953
0 0 11054
-1
-1
1 15904 15904
0 0 4860
1 12563 12563
1 21936 21936
0 0 12537
1 2452 2452
0 0 11020
0 0 6893
1 2167 2167
0 0 7587
-1
0 0 5153
0 0 2661
0 0 2071
-1
0 0 13947
1 14448 14448
1 16106 16106
0 0 4954
-1
-1
1 13855 13855
0 0 11103
-1
1 12984 12984
1 758 758
0 0 14674
1 488 488
-1
1 18331 18331
0 0 10106
1 4398 4398
1 4669 4669
0 0 8416
1 22503 22503
1 5765 5765
0 0 15346
1 24857 24857
0 0 11753
-1
-1
1 28126 28126
-1
-1
-1
0 0 8102
-1
1 6086 6086
1 23535 23535
1 548 548
-1
1 29964 29964
-1
-1
0 0 10141
0 0 14053
-1
-1
1 31545 31545
-1
-1
-1
1 12607 12607
1 23527 23527
0 0 1271
0 0 11231
0 0 10833
-1
-1
1 18684 18684
-1
-1
-1
-1
0 0 3336
1 10433 10433
0 0 2702
1 3609 3609
-1
-1
1 29858 29858
1 7733 7733
-1
0 0 11660
1 1405 1405
0 0 3482
-1
-1
0 0 15324
0 0 14144
-1
0 0 15384
1 26948 26948
-1
1 31305 31305
0 0 11953
1 22644 22644
-1
1 24200 24200
0 0 4983
-1
1 5757 5757
1 32379 32379
0 0 13214
-1
-1
0 0 8624
0 0 11579
0 0 10428
1 25043 25043
-1
1 9484 9484
-1
1 92 92
1 26413 26413
1 8751 8751
-1
1 20349 20349
0 0 3873
-1
0 0 13760
-1
0 0 10197
1 31164 31164
1 2334 2334
1 3758 3758
0 0 11433
0 0 8047
-1
0 0 13230
-1
-1
0 0 15058
0 0 12142
0 0 11507
0 0 8022
1 12960 12960
0 0 5092
-1
-1
1 12192 12192
1 24508 24508
-1
1 23043 23043
1 4774 4774
0 0 10988
-1
0 0 3528
-1
-1
1 29519 29519
0 0 14003
-1
0 0 9169
0 0 5379
1 27618 27618
-1
-1
-1
1 27039 27039
0 0 893
0 0 7614
-1
-1
0 0 15492
1 30554 30554
0 0 10290
-1
0 0 4019
0 0 5116
1 20970 20970
-1
-1
0 0 13961
0 0 15615
1 9436 9436
1 32374 32374
-1
1 30951 30951
-1
0 0 10538
1 17864 17864
1 31500 31500
1 31403 31403
-1
0 0 7991
-1
-1
-1
1 29356 29356
0 0 11060
0 0 880
1 3454 3454
1 16083 16083
-1
-1
1 27623 27623
0 0 15003
1 8496 8496
1 20355 20355
-1
-1
1 1443 1443
-1
0 0 7978
-1
1 21185 21185
1 20183 20183
-1
-1
1 32752 32752
-1
1 10026 10026
0 0 6437
1 5305 5305
0 0 8624
0 0 14710
1 30816 30816
1 17225 17225
-1
-1
1 4353 4353
0 0 2425
1 32741 32741
0 0 7146
0 0 8015
-1
1 9660 9660
0 0 9409
-1
-1
0 0 7605
0 0 14638
1 6955 6955
0 0 9642
1 7575 7575
-1
1 2829 2829
0 0 12146
0 0 12442
1 28659 28659
0 0 1899
0 0 12897
0 0 4345
0 0 15917
1 7180 7180
1 24470 24470
1 24776 24776
1 9285 9285
1 29367 29367
-1
-1
1 13120 13120
-1
0 0 4415
0 0 16117
1 31039 31039
-1
0 0 12684
1 2810 2810
0 0 9869
-1
0 0 1885
-1
-1
-1
0 0 5407
0 0 14808
0 0 3485
-1
-1
0 0 4761
1 23584 23584
-1
-1
0 0 2174
0 0 5780
1 14412 14412
1 15075 15075
1 11298 11298
-1
1 27317 27317
-1
0 0 14784
-1
-1
0 0 14885
-1
-1
-1
-1
0 0 5136
-1
-1
0 0 13564
1 30830 30830
-1
1 10870 10870
1 27041 27041
-1
-1
1 26047 26047
1 3659 3659
1 9237 9237
1 17473 17473
1 29465 29465
1 25789 25789
1 2192 2192
-1
-1
-1
1 16046 16046
-1
0 0 11980
-1
1 2921 2921
1 1498 1498
0 0 3626
1 14229 14229
0 0 14079
0 0 10024
-1
-1
0 0 5945
0 0 14751
1 19284 19284
1 7302 7302
0 0 15877
0 0 10127
-1
1 4283 4283
0 0 3561
-1
0 0 14206
1 4111 4111
-1
-1
-1
1 28264 28264
0 0 11511
-1
1 7493 7493
1 24527 24527
0 0 14550
0 0 6451
0 0 1105
-1
-1
0 0 9972
1 27746 27746
1 23457 23457
0 0 14662
1 2169 2169
-1
-1
-1
-1
-1
1 9636 9636
-1
-1
0 0 8173
0 0 13158
0 0 6189
1 9742 9742
-1
1 563 563
1 14207 14207
-1
0 0 4442
1 13018 13018
-1
-1
-1
0 0 5110
-1
1 21838 21838
-1
-1
-1
1 9253 9253
-1
-1
-1
1 9909 9909
-1
1 25571 25571
1 31636 31636
1 14421 14421
0 0 12172
-1
-1
-1
0 0 5883
-1
0 0 879
-1
-1
-1
1 7815 7815
-1
1 28644 28644
-1
0 0 1925
1 25980 25980
1 2872 2872
1 32123 32123
1 24064 24064
-1
-1
1 15703 15703
-1
0 0 14822
0 0 7987
-1
-1
0 0 11810
0 0 11408
1 20506 20506
1 25829 25829
-1
-1
1 30864 30864
1 2641 2641
1 8359 8359
1 17752 17752
-1
-1
-1
0 0 15527
1 13468 13468
0 0 12985
-1
1 1961 1961
1 2328 2328
-1
0 0 15499
-1
-1
1 2518 2518
0 0 7670
0 0 16276
-1
1 10387 10387
0 0 13328
1 2784 2784
0 0 4707
0 0 12448
-1
-1
0 0 5276
1 31839 31839
0 0 15149
1 6998 6998
1 223 223
1 31159 31159
0 0 4729
-1
-1
1 16082 16082
1 2832 2832
1 7621 7621
0 0 10672
-1
-1
-1
0 0 1201
1 14928 14928
0 0 9703
0 0 5650
0 0 1780
-1
0 0 785
1 28491 28491
1 3101 3101
0 0 12992
-1
1 24742 24742
0 0 4649
-1
0 0 3377
0 0 14803
-1
1 13124 13124
0 0 16236
0 0 4833
1 23742 23742
-1
0 0 14065
1 9455 9455
0 0 13029
-1
0 0 8639
-1
0 0 4035
1 30702 30702
0 0 2824
1 3063 3063
0 0 4283
1 20322 20322
-1
-1
1 18247 18247
0 0 1419
0 0 10062
0 0 1258
1 19269 19269
-1
1 11215 11215
1 17659 17659
1 28896 28896
0 0 15415
0 0 9399
1 10204 10204
0 0 8088
1 15059 15059
0 0 937
1 10764 10764
-1
1 12283 12283
1 32438 32438
1 26531 26531
1 4982 4982
-1
1 9402 9402
-1
-1
-1
1 31968 31968
1 4863 4863
-1
0 0 13023
-1
0 0 5380
-1
0 0 10625
1 14490 14490
1 3076 3076
1 14661 14661
-1
-1
-1
-1
-1
1 23759 23759
-1
1 10888 10888
-1
1 2824 2824
0 0 16058
1 19501 19501
1 10584 10584
-1
-1
1 23450 23450
0 0 106
0 0 7424
0 0 15328
1 15600 15600
1 14579 14579
1 31139 31139
1 6557 6557
0 0 6907
-1
1 3870 3870
0 0 5244
0 0 15435
0 0 5648
-1
1 29466 29466
0 0 7854
0 0 2993
1 18733 18733
0 0 1831
1 28155 28155
-1
0 0 9186
1 24681 24681
-1
1 16624 16624
1 17723 17723
0 0 6813
-1
-1
1 17675 17675
-1
-1
1 15733 15733
-1
-1
1 27830 27830
1 10761 10761
1 8091 8091
0 0 9865
0 0 4209
1 6998 6998
1 28358 28358
1 12006 12006
0 0 14211
1 28594 28594
-1
0 0 15915
0 0 16230
-1
1 15774 15774
0 0 7911
1 15625 15625
-1
1 15758 15758
1 16193 16193
-1
1 25086 25086
0 0 6292
0 0 4944
0 0 8302
-1
-1
0 0 3379
0 0 3109
1 1232 1232
1 28084 28084
1 30736 30736
1 1756 1756
1 29313 29313
0 0 8451
-1
-1
0 0 3720
-1
1 12562 12562
-1
-1
0 0 12310
0 0 4732
1 25814 25814
-1
-1
-1
1 5655 5655
1 21478 21478
1 12652 12652
-1
1 17665 17665
1 6326 6326
0 0 1290
0 0 13170
0 0 14758
1 32093 32093
1 4592 4592
1 1460 1460
0 0 11691
0 0 3090
-1
-1
-1
0 0 11726
1 29734 29734
0 0 6079
1 27733 27733
-1
-1
-1
1 13239 13239
0 0 11668
1 12476 12476
-1
1 5815 5815
0 0 11800
1 19014 19014
0 0 9820
0 0 13363
-1
-1
1 17491 17491
-1
1 22104 22104
0 0 9629
1 19270 19270
1 13517 13517
-1
1 31481 31481
1 1096 1096
1 21980 21980
1 30899 30899
0 0 7244
0 0 6284
-1
1 28313 28313
0 0 1181
1 30966 30966
1 15194 15194
-1
0 0 13172
1 16166 16166
1 119 119
0 0 15048
0 0 2439
0 0 1208
-1
0 0 5098
0 0 15486
-1
0 0 12698
1 11312 11312
0 0 4146
1 17678 17678
1 10459 10459
1 19493 19493
0 0 6127
0 0 13442
-1
1 10363 10363
0 0 16307
0 0 6577
-1
-1
1 15068 15068
-1
-1
-1
1 5251 5251
0 0 4641
-1
-1
0 0 961
0 0 15046
1 21288 21288
1 24426 24426
1 10855 10855
1 32710 32710
-1
-1
-1
1 21468 21468
1 30147 30147
1 19288 19288
0 0 8447
-1
1 3173 3173
-1
0 0 6559
-1
-1
0 0 16323
-1
-1
1 20047 20047
0 0 13120
-1
-1
1 2103 2103
0 0 15260
0 0 13472
1 7847 7847
-1
-1
-1
1 32050 32050
-1
-1
-1
-1
-1
1 30123 30123
1 16238 16238
-1
-1
-1
0 0 5975
1 17702 17702
1 17750 17750
-1
0 0 2125
-1
1 3120 3120
-1
0 0 5047
1 22569 22569
0 0 3422
-1
1 12618 12618
1 9439 9439
1 23294 23294
1 16220 16220
1 6833 6833
1 5474 5474
0 0 4685
1 23825 23825
1 16650 16650
1 2901 2901
1 18266 18266
-1
0 0 8849
-1
1 9644 9644
0 0 15663
-1
0 0 16027
0 0 12177
-1
0 0 3288
-1
0 0 1400
-1
0 0 8601
-1
-1
0 0 10089
0 0 2244
-1
1 15266 15266
0 0 11290
0 0 15865
1 30035 30035
-1
1 22114 22114
0 0 15883
-1
0 0 13472
1 1866 1866
0 0 10300
1 5431 5431
1 26460 26460
1 13860 13860
-1
-1
-1
1 10731 10731
0 0 9160
1 5083 5083
0 0 10808
-1
0 0 15140
0 0 6283
-1
0 0 14079
0 0 803
-1
-1
-1
0 0 4611
1 24074 24074
0 0 7200
1 3495 3495
-1
0 0 12731
1 24941 24941
0 0 709
1 8367 8367
1 27865 27865
-1
0 0 4006
0 0 13057
1 20503 20503
-1
1 23111 23111
-1
0 0 9420
-1
-1
1 14435 14435
-1
-1
-1
-1
-1
-1
-1
1 21783 21783
1 16906 16906
-1
1 23911 23911
1 8745 8745
1 30339 30339
0 0 11243
-1
-1
-1
1 29589 29589
1 22036 22036
1 23485 23485
0 0 13323
0 0 10290
0 0 6957
1 7402 7402
-1
1 20336 20336
1 19483 19483
0 0 1550
-1
1 8324 8324
0 0 10058
-1
0 0 4006
1 27794 27794
0 0 11169
0 0 2201
-1
-1
0 0 14388
1 27364 27364
1 30272 30272
-1
0 0 6598
1 3888 3888
-1
-1
0 0 15357
0 0 12380
1 28101 28101
-1
0 0 2208
1 16511 16511
-1
1 24932 24932
0 0 3800
1 20589 20589
1 28114 28114
1 5634 5634
0 0 12913
1 17869 17869
0 0 2292
-1
-1
0 0 9703
1 24218 24218
0 0 5873
1 14135 14135
-1
1 32023 32023
0 0 6261
-1
-1
0 0 15433
1 1306 1306
1 30021 30021
1 11867 11867
1 25800 25800
-1
0 0 14253
0 0 10761
1 5235 5235
1 16902 16902
1 16463 16463
-1
0 0 12265
1 4011 4011
-1
1 7116 7116
1 31533 31533
1 32069 32069
-1
0 0 5537
0 0 11941
-1
-1
1 1255 1255
0 0 6907
-1
1 26543 26543
-1
1 29827 29827
-1
-1
0 0 3129
-1
1 27756 27756
0 0 11751
1 746 746
0 0 6794
1 4332 4332
0 0 16283
-1
1 28110 28110
-1
0 0 5696
-1
1 30418 30418
1 29306 29306
-1
0 0 11555
-1
0 0 12860
0 0 6179
-1
1 10705 10705
-1
-1
-1
1 27297 27297
-1
1 20969 20969
-1
1 9830 9830
-1
1 19972 19972
0 0 13146
0 0 15946
-1
1 24684 24684
1 20510 20510
-1
1 1252 1252
1 10444 10444
0 0 11381
-1
0 0 3196
-1
1 27006 27006
1 18152 18152
-1
0 0 4346
-1
1 7453 7453
0 0 13677
1 21861 21861
0 0 9020
-1
0 0 12624
0 0 2192
-1
-1
-1
0 0 3987
-1
-1
0 0 15046
-1
-1
1 26820 26820
1 20738 20738
1 15451 15451
-1
-1
-1
-1
0 0 8309
-1
1 17857 17857
1 8521 8521
0 0 6856
-1
1 29362 29362
1 30452 30452
-1
1 23602 23602
0 0 14295
0 0 826
0 0 349
-1
1 6180 6180
0 0 2002
1 13498 13498
1 16609 16609
-1
-1
0 0 7633
1 11919 11919
0 0 12980
0 0 3626
0 0 3381
-1
-1
1 26844 26844
0 0 4281
0 0 5327
1 2491 2491
-1
0 0 2170
0 0 12091
1 29291 29291
1 31840 31840
0 0 9676
0 0 939
-1
1 29311 29311
1 6371 6371
1 16646 16646
1 4658 4658
-1
1 30657 30657
-1
1 22464 22464
1 17156 17156
-1
0 0 5755
-1
0 0 9170
0 0 11501
-1
1 4909 4909
1 13724 13724
0 0 6961
1 16315 16315
1 3546 3546
-1
-1
0 0 1090
1 26908 26908
0 0 1589
1 5196 5196
-1
-1
-1
1 16083 16083
0 0 2327
-1
0 0 13033
0 0 6695
1 216 216
1 12710 12710
1 12652 12652
1 18636 18636
-1
-1
0 0 1599
1 15929 15929
-1
-1
0 0 6836
1 14057 14057
0 0 16328
0 0 6924
1 18254 18254
0 0 7178
0 0 2690
1 21374 21374
-1
0 0 7723
0 0 10775
-1
-1
1 22064 22064
-1
0 0 9263
0 0 12571
-1
1 2846 2846
-1
1 25138 25138
0 0 9612
1 4328 4328
0 0 13989
1 7634 7634
1 22811 22811
1 6515 6515
0 0 10528
-1
0 0 3021
1 24907 24907
1 4892 4892
1 11053 11053
1 17931 17931
-1
0 0 8887
0 0 341
0 0 11617
1 3372 3372
-1
-1
-1
0 0 5360
-1
-1
1 8672 8672
1 21566 21566
-1
0 0 8122
-1
-1
-1
-1
1 14461 14461
1 9847 9847
0 0 4655
1 31531 31531
0 0 9719
1 29472 29472
-1
1 9919 9919
0 0 15412
0 0 14854
1 4974 4974
0 0 2330
0 0 7488
0 0 437
0 0 15413
0 0 11384
1 6574 6574
0 0 16056
-1
1 31127 31127
1 15053 15053
1 26329 26329
0 0 2311
1 1172 1172
1 668 668
0 0 4526
0 0 2665
0 0 11595
-1
-1
-1
0 0 15751
1 6078 6078
1 14019 14019
-1
-1
0 0 578
1 31411 31411
-1
0 0 15619
1 3043 3043
0 0 9325
1 12353 12353
1 5055 5055
1 1931 1931
0 0 8388
-1
0 0 15792
0 0 6155
0 0 15754
1 30795 30795
1 5043 5043
1 12158 12158
1 10327 10327
-1
-1
1 17316 17316
-1
-1
0 0 15980
-1
1 3825 3825
0 0 10511
0 0 15622
1 17436 17436
-1
-1
1 11700 11700
-1
0 0 14006
-1
-1
1 15689 15689
-1
1 22740 22740
1 6411 6411
1 24681 24681
-1
1 26205 26205
-1
0 0 3228
1 23383 23383
-1
-1
1 14036 14036
1 19355 19355
0 0 1220
0 0 5332
-1
1 15590 15590
1 20937 20937
-1
1 5836 5836
1 1209 1209
1 25591 25591
1 18197 18197
0 0 11370
-1
-1
0 0 15026
-1
0 0 9286
1 16230 16230
0 0 2451
0 0 7150
1 3489 3489
-1
1 19289 19289
1 14428 14428
1 14441 14441
0 0 10217
1 10688 10688
1 4185 4185
0 0 6588
0 0 3314
-1
0 0 10759
1 28134 28134
1 890 890
0 0 6533
-1
1 4560 4560
-1
-1
0 0 9920
0 0 9579
0 0 10604
-1
1 12587 12587
0 0 3663
0 0 521
1 4870 4870
0 0 14514
1 18769 18769
1 4268 4268
0 0 11710
0 0 13165
0 0 9229
0 0 9501
1 5098 5098
0 0 8529
-1
1 14833 14833
0 0 11288
-1
1 22710 22710
0 0 13717
1 30582 30582
0 0 9526
1 27767 27767
0 0 8946
1 8870 8870
0 0 15491
0 0 6548
1 31040 31040
0 0 5495
-1
1 20107 20107
-1
1 20547 20547
-1
0 0 5682
0 0 15499
1 8154 8154
1 8588 8588
0 0 13950
0 0 4869
1 25262 25262
0 0 15043
0 0 11472
1 12686 12686
-1
-1
-1
-1
0 0 3044
-1
0 0 12329
-1
0 0 1197
-1
0 0 12871
1 22535 22535
1 14780 14780
-1
1 17966 17966
0 0 2438
0 0 8989
1 31240 31240
-1
0 0 12890
-1
1 22956 22956
-1
1 25869 25869
0 0 14992
1 18361 18361
1 28880 28880
-1
0 0 1276
-1
-1
-1
1 19666 19666
-1
1 25616 25616
0 0 5779
-1
0 0 11537
-1
1 19174 19174
-1
1 3989 3989
0 0 6581
1 289 289
0 0 15558
-1
-1
1 1336 1336
1 5865 5865
-1
-1
1 30256 30256
0 0 4173
0 0 4139
0 0 10261
1 26419 26419
0 0 5644
0 0 9108
-1
0 0 15623
1 29342 29342
-1
0 0 11117
1 2486 2486
1 20393 20393
-1
0 0 8666
-1
-1
-1
1 11176 11176
-1
-1
-1
0 0 15143
1 18548 18548
-1
0 0 4876
1 5702 5702
1 7940 7940
1 26169 26169
-1
1 20398 20398
1 16819 16819
1 13974 13974
1 6046 6046
1 3756 3756
-1
1 7684 7684
1 17182 17182
-1
0 0 9115
0 0 16111
0 0 10248
1 3341 3341
1 6410 6410
0 0 1761
-1
-1
0 0 15613
1 27156 27156
0 0 10176
-1
-1
-1
0 0 4135
-1
0 0 15007
-1
0 0 8731
1 24023 24023
0 0 14296
-1
1 31577 31577
-1
1 7806 7806
1 16924 16924
-1
-1
-1
-1
1 7896 7896
0 0 12502
1 30069 30069
0 0 9852
0 0 1783
0 0 6054
0 0 8047
0 0 6191
1 27318 27318
0 0 5647
1 25634 25634
1 23254 23254
1 30409 30409
0 0 8122
1 26682 26682
1 20519 20519
0 0 657
1 3369 3369
1 3778 3778
1 31195 31195
1 7328 7328
-1
-1
0 0 13024
-1
1 27807 27807
0 0 4584
-1
1 17664 17664
0 0 6035
0 0 13731
0 0 11224
0 0 16074
1 19095 19095
-1
0 0 8342
-1
0 0 366
1 27252 27252
1 8380 8380
1 22327 22327
0 0 1970
-1
0 0 2433
0 0 9575
1 12713 12713
0 0 5392
-1
-1
0 0 11727
0 0 11807
-1
1 14999 14999
-1
0 0 6485
1 26744 26744
1 28971 28971
-1
0 0 5238
-1
0 0 14542
0 0 7633
-1
-1
1 17047 17047
-1
-1
0 0 15837
-1
0 0 1660
-1
0 0 1038
1 23755 23755
1 3683 3683
-1
1 17370 17370
1 1744 1744
-1
-1
1 23290 23290
-1
-1
-1
1 18248 18248
1 26970 26970
0 0 6352
0 0 444
0 0 1897
-1
1 32233 32233
1 17680 17680
1 4714 4714
-1
-1
1 1157 1157
-1
-1
-1
1 3908 3908
0 0 12018
0 0 518
1 4836 4836
-1
0 0 10207
1 11957 11957
-1
1 2185 2185
0 0 12110
0 0 4871
-1
0 0 3791
0 0 15696
1 3189 3189
0 0 2159
-1
1 5558 5558
1 13353 13353
0 0 14773
0 0 9234
0 0 12550
-1
-1
1 20349 20349
0 0 4172
1 16104 16104
1 22356 22356
0 0 3590
0 0 16326
1 19559 19559
-1
0 0 9522
1 2279 2279
1 9497 9497
1 6621 6621
-1
0 0 4210
1 16434 16434
0 0 10815
0 0 14185
-1
-1
1 26747 26747
0 0 1755
-1
1 14170 14170
1 29224 29224
-1
-1
-1
0 0 10353
0 0 10233
0 0 5557
0 0 10534
1 28045 28045
-1
0 0 7496
-1
1 4362 4362
1 9349 9349
-1
-1
0 0 9569
1 10973 10973
-1
1 27411 27411
-1
0 0 8613
1 25803 25803
-1
0 0 15119
-1
0 0 11118
0 0 7583
1 25000 25000
0 0 6959
1 3233 3233
-1
-1
-1
1 18497 18497
-1
1 12106 12106
-1
0 0 14869
0 0 7072
0 0 10480
-1
-1
1 7333 7333
1 28414 28414
-1
1 30448 30448
-1
-1
-1
0 0 16190
-1
1 32762 32762
0 0 10288
1 17588 17588
0 0 6004
0 0 13370
-1
-1
1 26546 26546
1 20915 20915
1 22231 22231
0 0 6334
-1
-1
0 0 5241
1 28381 28381
-1
1 13278 13278
0 0 4855
-1
-1
-1
0 0 5753
-1
0 0 14055
0 0 4920
1 17733 17733
1 19821 19821
-1
1 8766 8766
0 0 7275
1 19341 19341
-1
1 10654 10654
-1
0 0 5360
1 12963 12963
0 0 15457
-1
0 0 739
1 25697 25697
-1
-1
1 8171 8171
1 24288 24288
1 20393 20393
-1
1 2740 2740
1 6368 6368
0 0 8689
-1
-1
0 0 7618
1 21960 21960
1 22783 22783
0 0 7644
1 25811 25811
0 0 5712
-1
-1
1 31290 31290
1 4661 4661
0 0 14955
-1
1 2825 2825
1 26961 26961
-1
0 0 7879
-1
-1
0 0 1538
-1
1 27789 27789
1 11109 11109
0 0 7708
0 0 2197
1 982 982
1 25483 25483
0 0 1378
0 0 11906
0 0 11350
1 1171 1171
-1
-1
-1
-1
1 26517 26517
0 0 6317
0 0 11898
-1
0 0 12387
1 11838 11838
1 26138 26138
0 0 8361
-1
0 0 6208
1 5427 5427
1 1105 1105
0 0 7698
0 0 13439
0 0 2442
-1
-1
0 0 15021
0 0 15802
0 0 16325
-1
-1
-1
-1
1 32002 32002
0 0 13192
-1
1 23347 23347
0 0 7629
-1
-1
1 16650 16650
-1
-1
0 0 14521
0 0 7454
1 29360 29360
0 0 5513
1 21054 21054
-1
1 6946 6946
0 0 9584
1 7306 7306
0 0 16368
0 0 13533
1 21872 21872
-1
0 0 4342
0 0 328
-1
0 0 9772
-1
1 14298 14298
0 0 4241
0 0 4726
1 18914 18914
-1
0 0 13579
0 0 277
-1
-1
1 6766 6766
-1
1 5772 5772
-1
-1
-1
1 27689 27689
1 28937 28937
1 4568 4568
0 0 12531
0 0 2304
0 0 2550
-1
0 0 1574
-1
1 13714 13714
1 27685 27685
-1
0 0 5960
-1
0 0 6091
-1
0 0 12377
1 9252 9252
1 29274 29274
1 26511 26511
-1
1 2150 2150
0 0 13227
-1
-1
-1
0 0 4318
-1
1 32164 32164
0 0 1411
0 0 12734
0 0 3649
1 16851 16851
-1
0 0 15848
-1
0 0 14088
0 0 8807
1 13744 13744
0 0 2014
-1
-1
0 0 11053
1 17141 17141
0 0 3510
1 3004 3004
-1
1 24852 24852
1 22579 22579
1 17342 17342
1 11107 11107
-1
0 0 6313
-1
0 0 4104
-1
-1
1 9450 9450
0 0 13462
1 18336 18336
0 0 4553
0 0 1566
-1
0 0 5322
-1
1 28685 28685
1 16954 16954
0 0 7265
1 32326 32326
0 0 10884
-1
-1
0 0 5425
-1
1 32084 32084
0 0 2420
1 13759 13759
-1
0 0 7998
1 23405 23405
-1
1 5608 5608
1 17791 17791
0 0 12448
0 0 15177
-1
-1
-1
0 0 7424
0 0 7053
-1
1 1334 1334
1 30104 30104
1 9275 9275
1 21788 21788
1 16388 16388
0 0 14000
-1
-1
-1
0 0 8177
-1
-1
-1
0 0 11861
-1
1 2640 2640
1 25328 25328
0 0 1379
1 24969 24969
0 0 3175
0 0 609
1 32591 32591
-1
1 31212 31212
-1
1 987 987
1 26498 26498
-1
0 0 15324
0 0 5763
-1
-1
1 21632 21632
1 8435 8435
0 0 13601
-1
0 0 7559
0 0 14050
1 22481 22481
0 0 1203
1 1200 1200
-1
0 0 14403
1 4045 4045
-1
1 18880 18880
0 0 569
-1
0 0 13094
1 26565 26565
1 11084 11084
-1
1 22611 22611
0 0 3253
1 3820 3820
1 16877 16877
0 0 15169
-1
0 0 8936
1 31644 31644
-1
0 0 10942
0 0 7885
0 0 11876
0 0 1119
1 4837 4837
0 0 6856
-1
-1
1 26344 26344
1 18716 18716
-1
0 0 2902
-1
-1
0 0 9029
-1
0 0 15218
0 0 5669
0 0 7590
0 0 2078
1 23034 23034
-1
-1
0 0 2224
-1
-1
-1
0 0 5580
1 11133 11133
-1
1 11967 11967
1 30664 30664
0 0 11343
-1
0 0 161
0 0 6808
0 0 15446
0 0 3764
1 20697 20697
0 0 1532
0 0 1796
-1
-1
-1
0 0 10446
1 8293 8293
-1
0 0 6368
0 0 5291
-1
-1
0 0 2560
1 11941 11941
-1
1 579 579
1 11050 11050
0 0 8830
-1
-1
0 0 8362
0 0 8235
0 0 13803
1 9117 9117
1 26755 26755
0 0 3544
1 27805 27805
1 5149 5149
1 11543 11543
0 0 8133
-1
1 9687 9687
0 0 11308
-1
0 0 352
0 0 8288
0 0 8570
1 15699 15699
-1
-1
1 14201 14201
0 0 13099
0 0 3134
0 0 6570
1 25818 25818
0 0 14723
1 23302 23302
-1
1 24816 24816
-1
1 3309 3309
-1
1 15093 15093
1 4664 4664
-1
1 7029 7029
0 0 3845
1 17393 17393
1 8558 8558
1 24219 24219
1 946 946
0 0 2655
-1
-1
1 30293 30293
-1
1 18845 18845
0 0 524
0 0 12767
-1
0 0 3922
-1
0 0 16335
-1
-1
1 26906 26906
-1
1 29789 29789
-1
0 0 9617
-1
-1
1 32441 32441
0 0 12114
-1
0 0 16175
-1
1 6022 6022
0 0 4558
1 13983 13983
0 0 7951
1 27130 27130
-1
0 0 12996
1 10399 10399
0 0 3192
1 301 301
1 27617 27617
1 5672 5672
0 0 2641
-1
-1
0 0 2724
-1
1 13679 13679
1 21764 21764
1 9648 9648
-1
1 31432 31432
-1
0 0 14683
0 0 11993
1 19824 19824
0 0 6077
0 0 3818
1 25407 25407
0 0 4976
0 0 4358
-1
1 22803 22803
-1
0 0 3198
-1
-1
1 23045 23045
0 0 12181
1 27416 27416
-1
1 21538 21538
1 24443 24443
0 0 9170
1 19359 19359
-1
0 0 1452
1 9541 9541
1 2506 2506
1 17453 17453
-1
-1
1 5742 5742
0 0 13103
-1
0 0 5973
1 4268 4268
1 15018 15018
-1
-1
0 0 2422
-1
-1
-1
1 24921 24921
-1
-1
0 0 5649
-1
0 0 8222
1 28385 28385
1 32344 32344
0 0 9626
0 0 1337
-1
0 0 16040
-1
1 22454 22454
0 0 14995
0 0 6892
-1
-1
-1
0 0 9970
1 8315 8315
-1
1 10921 10921
1 16136 16136
-1
-1
1 13435 13435
1 8444 8444
0 0 4982
0 0 1199
0 0 8828
-1
-1
0 0 8848
0 0 223
1 23542 23542
0 0 5875
0 0 10516
-1
-1
1 32550 32550
0 0 16303
0 0 12885
0 0 2870
0 0 10487
1 20241 20241
0 0 7118
-1
0 0 9550
0 0 11446
1 28017 28017
1 27199 27199
-1
1 16134 16134
1 9305 9305
1 23308 23308
-1
-1
-1
1 17289 17289
-1
-1
-1
-1
1 2837 2837
-1
0 0 2387
1 12456 12456
1 6479 6479
0 0 12676
-1
-1
0 0 9041
-1
0 0 4191
-1
0 0 2529
-1
1 20471 20471
1 13771 13771
1 27948 27948
1 30319 30319
0 0 11267
0 0 1420
-1
1 21144 21144
1 7487 7487
0 0 15613
0 0 3147
0 0 12962
0 0 15610
-1
-1
0 0 15926
0 0 12927
-1
-1
-1
-1
1 31099 31099
0 0 6637
1 1565 1565
-1
1 17739 17739
-1
1 21006 21006
0 0 6761
0 0 6139
-1
1 27220 27220
-1
1 13224 13224
-1
1 6493 6493
0 0 14582
1 8116 8116
-1
0 0 11519
-1
1 21263 21263
-1
1 23023 23023
-1
1 1747 1747
-1
-1
-1
0 0 5214
1 7865 7865
0 0 9736
-1
1 17838 17838
1 1736 1736
-1
1 21403 21403
1 1069 1069
1 5432 5432
1 9808 9808
1 5667 5667
-1
1 21248 21248
-1
0 0 7088
1 20254 20254
-1
0 0 14012
1 16479 16479
-1
-1
1 18553 18553
-1
0 0 11974
0 0 14531
0 0 8779
1 10727 10727
0 0 13064
1 6946 6946
-1
-1
-1
-1
-1
1 13937 13937
0 0 12864
0 0 11691
-1
0 0 15424
-1
1 32466 32466
0 0 4887
1 31219 31219
0 0 1824
-1
1 5799 5799
0 0 8311
-1
-1
-1
0 0 1104
0 0 4245
-1
-1
0 0 9180
-1
0 0 6303
0 0 4157
1 18158 18158
0 0 5806
0 0 8127
0 0 13433
0 0 9147
-1
0 0 4899
-1
1 14737 14737
-1
0 0 7524
-1
-1
1 10313 10313
0 0 8315
1 27880 27880
1 21888 21888
1 27982 27982
-1
-1
1 5474 5474
0 0 7657
-1
1 5682 5682
-1
1 11398 11398
-1
1 26540 26540
-1
1 9153 9153
1 10784 10784
-1
-1
0 0 3581
1 24491 24491
0 0 15902
1 17494 17494
-1
0 0 8274
0 0 13336
-1
-1
1 28253 28253
1 2425 2425
-1
0 0 15873
1 11493 11493
1 21950 21950
1 24076 24076
0 0 5542
0 0 8394
0 0 14086
-1
0 0 3528
0 0 12483
-1
1 23436 23436
1 26786 26786
0 0 6155
0 0 8049
1 15790 15790
1 3575 3575
-1
0 0 11388
1 30038 30038
0 0 6292
1 29931 29931
1 5932 5932
1 16380 16380
1 31861 31861
-1
0 0 15487
-1
0 0 1182
-1
0 0 13353
1 15801 15801
1 23174 23174
0 0 10735
1 31729 31729
-1
-1
-1
1 18949 18949
1 21501 21501
-1
0 0 1209
1 19101 19101
1 12472 12472
0 0 607
-1
0 0 9495
-1
0 0 843
1 19554 19554
1 27665 27665
-1
-1
-1
1 15615 15615
-1
-1
0 0 5224
0 0 10956
0 0 6403
0 0 1416
1 14059 14059
-1
1 2169 2169
0 0 11656
1 1825 1825
0 0 7520
-1
-1
0 0 4996
0 0 1345
-1
0 0 6411
0 0 15869
1 23893 23893
0 0 2649
1 28699 28699
-1
0 0 7783
-1
0 0 8814
1 6211 6211
0 0 11955
-1
1 3126 3126
1 9121 9121
0 0 6267
-1
-1
-1
0 0 1183
0 0 15792
0 0 5602
-1
1 19043 19043
0 0 14055
-1
0 0 11255
1 11627 11627
0 0 11539
-1
0 0 950
1 4803 4803
-1
-1
1 23133 23133
0 0 12893
1 3259 3259
1 23032 23032
1 2172 2172
0 0 1281
0 0 16138
-1
0 0 12582
-1
0 0 11850
-1
-1
0 0 15144
1 4113 4113
-1
0 0 3826
1 24368 24368
1 29544 29544
1 15002 15002
1 32515 32515
1 13337 13337
0 0 3453
1 24383 24383
-1
-1
0 0 5525
0 0 1235
0 0 7842
-1
-1
1 11516 11516
1 1497 1497
0 0 9733
0 0 12040
-1
-1
1 25868 25868
1 1060 1060
-1
1 7106 7106
1 1989 1989
1 13968 13968
0 0 7233
1 5536 5536
0 0 10280
-1
1 13233 13233
0 0 11314
-1
1 32606 32606
1 18127 18127
-1
-1
1 32060 32060
1 20834 20834
0 0 11156
0 0 11691
0 0 14775
-1
1 25039 25039
1 18322 18322
0 0 3454
0 0 7450
1 8112 8112
0 0 8003
-1
-1
0 0 4197
0 0 8340
0 0 9972
1 2595 2595
-1
-1
1 23147 23147
1 17218 17218
0 0 10109
0 0 8474
-1
1 5997 5997
-1
0 0 12157
-1
0 0 4050
1 4259 4259
1 6435 6435
0 0 8426
0 0 8519
0 0 13322
0 0 1675
0 0 13335
0 0 8058
-1
-1
1 11965 11965
1 17988 17988
1 2337 2337
-1
1 25001 25001
1 9999 9999
-1
-1
-1
-1
1 25066 25066
1 12821 12821
-1
0 0 6153
0 0 2676
-1
-1
-1
-1
0 0 12200
-1
-1
-1
-1
1 22018 22018
1 2562 2562
0 0 11717
0 0 12249
1 32431 32431
-1
-1
-1
-1
1 14444 14444
-1
-1
-1
1 25453 25453
-1
0 0 1231
1 8598 8598
1 7899 7899
0 0 2191
1 29527 29527
-1
-1
0 0 4179
0 0 7508
0 0 3096
0 0 4806
-1
-1
0 0 10154
1 13360 13360
-1
0 0 11006
-1
1 16126 16126
-1
-1
-1
0 0 3458
1 9241 9241
0 0 292
0 0 6423
0 0 7158
1 4049 4049
1 18823 18823
1 18810 18810
0 0 9541
0 0 9512
0 0 3644
-1
0 0 938
0 0 14942
-1
0 0 2775
1 27874 27874
1 27513 27513
1 1978 1978
-1
1 7794 7794
0 0 14936
-1
-1
-1
0 0 16234
-1
1 25122 25122
1 14531 14531
-1
-1
1 9705 9705
1 11700 11700
1 32748 32748
1 23907 23907
-1
0 0 5634
0 0 6088
1 6453 6453
-1
-1
0 0 8001
-1
0 0 12686
0 0 7194
-1
1 13904 13904
-1
-1
0 0 5966
0 0 15575
1 15333 15333
0 0 11207
0 0 5963
0 0 5264
0 0 7920
0 0 14622
-1
0 0 596
-1
1 3728 3728
-1
1 27952 27952
0 0 12434
-1
1 2225 2225
1 14082 14082
0 0 6557
1 15350 15350
-1
-1
1 16260 16260
-1
1 24566 24566
1 24488 24488
1 1584 1584
-1
1 24118 24118
1 28295 28295
0 0 9402
-1
1 25427 25427
1 21447 21447
0 0 6660
1 6179 6179
-1
-1
0 0 2005
0 0 6009
-1
-1
-1
0 0 3026
1 7115 7115
1 21438 21438
0 0 2446
0 0 15442
0 0 11220
1 29286 29286
-1
0 0 10111
1 3614 3614
1 19989 19989
-1
-1
-1
-1
0 0 15933
1 4142 4142
1 1683 1683
1 6715 6715
1 26308 26308
-1
1 17115 17115
-1
1 11443 11443
0 0 13240
1 15182 15182
0 0 5054
0 0 7442
0 0 10724
1 25275 25275
-1
1 21624 21624
0 0 13729
1 16053 16053
1 9063 9063
0 0 14474
0 0 6066
-1
0 0 6502
0 0 3567
-1
0 0 10166
-1
1 28102 28102
0 0 450
0 0 2002
1 13609 13609
0 0 2461
0 0 13028
0 0 5165
1 13482 13482
0 0 12633
0 0 3874
-1
-1
-1
-1
-1
0 0 5678
1 8844 8844
1 28672 28672
-1
0 0 11385
1 15468 15468
0 0 12372
0 0 13780
1 30573 30573
-1
-1
0 0 13975
1 23417 23417
0 0 13333
1 23386 23386
1 2325 2325
1 10918 10918
1 20253 20253
-1
0 0 6191
0 0 10100
-1
-1
1 29899 29899
-1
-1
-1
-1
0 0 6582
-1
-1
-1
1 1034 1034
0 0 14097
0 0 10603
-1
1 8051 8051
0 0 14427
0 0 1931
0 0 14835
-1
0 0 8958
0 0 11740
-1
-1
0 0 11022
1 25388 25388
-1
0 0 11768
1 32322 32322
-1
-1
0 0 7037
0 0 2960
-1
0 0 11923
-1
-1
1 1751 1751
1 24289 24289
-1
0 0 16171
1 13866 13866
-1
-1
-1
0 0 1479
1 30230 30230
1 26088 26088
1 24215 24215
0 0 9958
1 26800 26800
-1
-1
0 0 10212
0 0 1342
-1
1 25332 25332
-1
1 10869 10869
-1
0 0 59
-1
0 0 2284
-1
0 0 12129
1 25606 25606
1 4780 4780
0 0 5745
0 0 4441
0 0 572
1 9779 9779
1 25125 25125
-1
0 0 1132
-1
-1
1 985 985
-1
0 0 10983
0 0 8136
1 13134 13134
1 13322 13322
1 6978 6978
0 0 12051
1 2526 2526
1 5835 5835
1 29486 29486
1 26517 26517
-1
1 31320 31320
-1
0 0 3686
-1
1 11395 11395
-1
-1
0 0 15854
0 0 3424
0 0 846
-1
0 0 14028
0 0 3669
0 0 15179
1 12631 12631
0 0 2002
-1
0 0 7707
0 0 5677
1 22649 22649
1 31647 31647
0 0 4980
1 32687 32687
1 23579 23579
0 0 3208
0 0 3695
-1
0 0 4422
1 20477 20477
0 0 15561
-1
1 3671 3671
0 0 3097
-1
1 17116 17116
0 0 10627
-1
0 0 9007
1 1454 1454
1 31661 31661
1 21475 21475
-1
-1
1 351 351
1 3756 3756
-1
1 16238 16238
1 29107 29107
-1
-1
0 0 8156
1 9544 9544
0 0 2235
0 0 6482
0 0 7360
1 1598 1598
0 0 2575
0 0 8035
-1
-1
1 23200 23200
1 30442 30442
-1
0 0 13233
1 3046 3046
0 0 8500
0 0 13100
-1
-1
1 7907 7907
0 0 5065
-1
1 18094 18094
-1
0 0 12124
0 0 6561
1 22975 22975
0 0 11210
0 0 10196
-1
-1
0 0 14446
0 0 12049
1 20357 20357
1 14896 14896
-1
0 0 8227
-1
0 0 15931
-1
0 0 8336
-1
0 0 11001
0 0 569
1 4888 4888
0 0 10793
1 15537 15537
1 2160 2160
1 12928 12928
1 28881 28881
0 0 9202
0 0 3061
1 22538 22538
0 0 3128
-1
0 0 692
-1
1 6276 6276
-1
-1
0 0 12964
0 0 7538
-1
0 0 9124
1 21209 21209
-1
-1
0 0 12162
1 10050 10050
-1
0 0 13483
0 0 13370
1 11948 11948
1 1676 1676
-1
0 0 15799
-1
-1
-1
0 0 6088
1 4756 4756
1 8460 8460
1 5509 5509
0 0 3418
1 19030 19030
1 4067 4067
-1
1 24449 24449
0 0 12368
-1
0 0 7178
0 0 9709
-1
-1
1 13259 13259
0 0 951
0 0 5261
0 0 2213
1 16705 16705
-1
1 16816 16816
1 4397 4397
1 12797 12797
1 21178 21178
0 0 15689
1 3252 3252
0 0 11732
0 0 14990
0 0 10296
0 0 3955
0 0 6472
0 0 11397
-1
-1
1 29734 29734
1 20609 20609
0 0 14555
0 0 3974
-1
-1
-1
0 0 2321
0 0 1260
1 9306 9306
0 0 14042
1 25392 25392
-1
1 29325 29325
-1
-1
1 32283 32283
0 0 4726
-1
-1
0 0 14038
0 0 4389
1 23 23
1 4953 4953
0 0 12869
1 19133 19133
-1
1 14091 14091
0 0 786
0 0 13071
1 31618 31618
1 24172 24172
0 0 10627
-1
0 0 182
0 0 2453
0 0 12726
-1
0 0 6460
-1
1 12715 12715
0 0 3765
0 0 4992
0 0 13839
-1
-1
-1
1 18377 18377
1 2772 2772
1 24724 24724
1 7658 7658
0 0 3677
-1
1 26724 26724
-1
1 4029 4029
-1
1 5519 5519
0 0 12780
1 22549 22549
0 0 6632
-1
1 6875 6875
1 13841 13841
-1
0 0 7440
0 0 13915
1 31105 31105
0 0 14752
1 11977 11977
-1
0 0 3101
0 0 14183
1 28751 28751
1 29361 29361
1 21652 21652
-1
1 3771 3771
1 9645 9645
1 29677 29677
0 0 6999
1 20062 20062
0 0 8987
1 1316 1316
1 23333 23333
0 0 15140
1 25844 25844
0 0 7055
1 7843 7843
-1
-1
0 0 8098
-1
1 28695 28695
0 0 15760
1 20485 20485
1 3723 3723
-1
0 0 13161
1 8013 8013
1 18493 18493
1 779 779
1 11841 11841
1 32019 32019
0 0 8257
-1
0 0 2562
0 0 15592
1 3227 3227
0 0 293
-1
0 0 3712
-1
1 30602 30602
1 28405 28405
1 11171 11171
0 0 15799
0 0 11932
0 0 7526
0 0 16223
1 20055 20055
-1
1 26449 26449
1 27100 27100
0 0 15672
-1
1 18323 18323
-1
1 2477 2477
1 7881 7881
0 0 12674
-1
-1
1 20727 20727
0 0 15359
1 21706 21706
-1
1 18572 18572
0 0 1823
1 30993 30993
-1
0 0 4841
-1
0 0 13344
-1
-1
0 0 5556
0 0 7868
0 0 13791
-1
1 14145 14145
1 7133 7133
1 18811 18811
1 29107 29107
1 25396 25396
-1
0 0 4339
0 0 11196
0 0 13752
1 8150 8150
0 0 8455
0 0 16176
1 5259 5259
0 0 3875
-1
-1
0 0 5885
0 0 14928
0 0 12110
0 0 51
-1
0 0 6092
0 0 6826
-1
-1
-1
1 19837 19837
-1
1 20178 20178
0 0 5106
1 856 856
0 0 7578
-1
-1
1 12112 12112
-1
0 0 14957
0 0 7966
1 16499 16499
0 0 9384
-1
0 0 4122
1 26354 26354
0 0 9277
-1
0 0 10491
-1
0 0 12135
0 0 1465
1 29140 29140
1 27008 27008
-1
1 23132 23132
0 0 7507
0 0 9491
1 16851 16851
-1
-1
-1
-1
1 27758 27758
0 0 3090
0 0 11452
1 5314 5314
0 0 10368
0 0 13770
-1
0 0 11950
0 0 8131
0 0 4418
-1
0 0 4897
1 9841 9841
-1
-1
0 0 13099
1 9364 9364
0 0 15629
0 0 12384
0 0 8348
0 0 1490
1 8614 8614
0 0 762
0 0 4840
0 0 14689
1 30588 30588
-1
-1
-1
-1
-1
-1
1 22399 22399
-1
-1
1 3162 3162
0 0 12901
0 0 9303
1 30730 30730
0 0 15566
-1
-1
-1
-1
-1
1 11292 11292
1 29496 29496
0 0 154
1 10646 10646
-1
-1
0 0 12583
-1
1 6486 6486
1 29498 29498
1 17890 17890
1 28940 28940
0 0 427
-1
-1
0 0 11181
-1
-1
1 1001 1001
-1
0 0 16278
-1
0 0 14750
-1
1 20550 20550
0 0 11447
-1
0 0 9845
1 20874 20874
1 12076 12076
0 0 13115
0 0 785
-1
1 31003 31003
-1
-1
0 0 3683
0 0 1082
1 13134 13134
1 8513 8513
0 0 5906
0 0 6216
0 0 10306
1 6266 6266
0 0 7611
-1
-1
1 26583 26583
0 0 15485
-1
0 0 10705
1 8957 8957
-1
1 31630 31630
0 0 11604
-1
0 0 15310
-1
-1
-1
1 22214 22214
0 0 6477
-1
-1
-1
-1
1 4856 4856
0 0 5868
0 0 14567
0 0 9797
1 25975 25975
1 27946 27946
1 30034 30034
0 0 16027
1 32507 32507
-1
0 0 7823
0 0 1231
-1
1 21921 21921
-1
0 0 3586
-1
0 0 13557
1 23691 23691
-1
0 0 2544
0 0 8552
0 0 14840
0 0 6469
0 0 11140
1 9567 9567
1 3112 3112
1 29024 29024
1 8723 8723
0 0 12867
-1
0 0 14417
-1
-1
0 0 14374
0 0 2020
0 0 13573
0 0 9319
0 0 8718
1 22636 22636
0 0 9537
-1
1 25996 25996
0 0 11364
0 0 9079
-1
1 27926 27926
1 3649 3649
-1
0 0 9638
0 0 10334
0 0 12269
0 0 6160
-1
1 14978 14978
-1
0 0 4424
1 24032 24032
0 0 14200
-1
-1
0 0 5037
-1
1 199 199
1 18373 18373
